[2021-07-28 09:31:14] - HikariPool-1 - Pool stats (total=10, active=0, idle=10, waiting=0)
[2021-07-28 09:31:14] - HikariPool-1 - Fill pool skipped, pool is at sufficient level.
[2021-07-28 09:31:15] - Starting CourseServiceImplTest using Java 16.0.1 on anuththara-VivoBook-ASUSLaptop-X509JB-X509JB with PID 11439 (started by anuththara in /home/anuththara/Documents/hSenid/Practice/springboot/spring-uni-jpa/UserJPA-Springboot)
[2021-07-28 09:31:15] - Running with Spring Boot v2.5.2, Spring v5.3.8
[2021-07-28 09:31:15] - No active profile set, falling back to default profiles: default
[2021-07-28 09:31:15] - Loading source class com.anu.springunijpa.SpringUniJpaApplication
[2021-07-28 09:31:15] - Refreshing org.springframework.context.annotation.AnnotationConfigApplicationContext@6d1310f6
[2021-07-28 09:31:15] - Creating shared instance of singleton bean 'org.springframework.context.annotation.internalConfigurationAnnotationProcessor'
[2021-07-28 09:31:15] - Creating shared instance of singleton bean 'org.springframework.boot.autoconfigure.internalCachingMetadataReaderFactory'
[2021-07-28 09:31:15] - Found key 'spring.boot.enableautoconfiguration' in PropertySource 'configurationProperties' with value of type String
[2021-07-28 09:31:15] - Found key 'spring.jmx.enabled' in PropertySource 'configurationProperties' with value of type String
[2021-07-28 09:31:15] - Found key 'spring.datasource.url' in PropertySource 'configurationProperties' with value of type String
[2021-07-28 09:31:15] - Found key 'spring.data.jpa.repositories.bootstrap-mode' in PropertySource 'Annotations' with value of type BootstrapMode
[2021-07-28 09:31:15] - Found key 'spring.data.jpa.repositories.bootstrap-mode' in PropertySource 'Annotations' with value of type BootstrapMode
[2021-07-28 09:31:15] - Found key 'spring.data.jpa.repositories.bootstrap-mode' in PropertySource 'Annotations' with value of type BootstrapMode
[2021-07-28 09:31:15] - Bootstrapping Spring Data JPA repositories in DEFAULT mode.
[2021-07-28 09:31:15] - Creating shared instance of singleton bean 'org.springframework.boot.autoconfigure.AutoConfigurationPackages'
[2021-07-28 09:31:15] - @EnableAutoConfiguration was declared on a class in the package 'com.anu.springunijpa'. Automatic @Repository and @Entity scanning is enabled.
[2021-07-28 09:31:15] - Scanning for JPA repositories in packages com.anu.springunijpa.
[2021-07-28 09:31:15] - Identified candidate component class: file [/home/anuththara/Documents/hSenid/Practice/springboot/spring-uni-jpa/UserJPA-Springboot/target/classes/com/anu/springunijpa/repository/CourseRepository.class]
[2021-07-28 09:31:15] - Identified candidate component class: file [/home/anuththara/Documents/hSenid/Practice/springboot/spring-uni-jpa/UserJPA-Springboot/target/classes/com/anu/springunijpa/repository/UserRepository.class]
[2021-07-28 09:31:15] - Identified candidate component class: file [/home/anuththara/Documents/hSenid/Practice/springboot/spring-uni-jpa/UserJPA-Springboot/target/classes/com/anu/springunijpa/service/impl/CourseServiceImpl.class]
[2021-07-28 09:31:15] - Identified candidate component class: file [/home/anuththara/Documents/hSenid/Practice/springboot/spring-uni-jpa/UserJPA-Springboot/target/classes/com/anu/springunijpa/service/impl/UserServiceImpl.class]
[2021-07-28 09:31:15] - Finished Spring Data repository scanning in 49 ms. Found 2 JPA repository interfaces.
[2021-07-28 09:31:15] - Creating shared instance of singleton bean 'org.springframework.boot.test.context.ImportsContextCustomizer$ImportsCleanupPostProcessor'
[2021-07-28 09:31:15] - Creating shared instance of singleton bean 'embeddedDataSourceBeanFactoryPostProcessor'
[2021-07-28 09:31:15] - Replacing 'dataSource' DataSource bean with embedded version
[2021-07-28 09:31:15] - Creating shared instance of singleton bean 'org.springframework.boot.test.mock.mockito.MockitoPostProcessor'
[2021-07-28 09:31:15] - Creating shared instance of singleton bean 'emBeanDefinitionRegistrarPostProcessor'
[2021-07-28 09:31:15] - Creating shared instance of singleton bean 'org.springframework.boot.sql.init.dependency.DatabaseInitializationDependencyConfigurer$DependsOnDatabaseInitializationPostProcessor'
[2021-07-28 09:31:15] - Creating shared instance of singleton bean 'org.springframework.context.event.internalEventListenerProcessor'
[2021-07-28 09:31:15] - Creating shared instance of singleton bean 'org.springframework.context.event.internalEventListenerFactory'
[2021-07-28 09:31:15] - Creating shared instance of singleton bean 'org.springframework.transaction.config.internalTransactionalEventListenerFactory'
[2021-07-28 09:31:15] - Creating shared instance of singleton bean 'org.springframework.context.annotation.internalAutowiredAnnotationProcessor'
[2021-07-28 09:31:15] - Creating shared instance of singleton bean 'org.springframework.context.annotation.internalCommonAnnotationProcessor'
[2021-07-28 09:31:15] - Creating shared instance of singleton bean 'org.springframework.context.annotation.internalPersistenceAnnotationProcessor'
[2021-07-28 09:31:15] - Creating shared instance of singleton bean 'org.springframework.boot.test.mock.mockito.MockitoPostProcessor$SpyPostProcessor'
[2021-07-28 09:31:15] - Creating shared instance of singleton bean 'org.springframework.boot.context.properties.ConfigurationPropertiesBindingPostProcessor'
[2021-07-28 09:31:15] - Creating shared instance of singleton bean 'org.springframework.boot.context.internalConfigurationPropertiesBinder'
[2021-07-28 09:31:15] - Creating shared instance of singleton bean 'org.springframework.boot.context.internalConfigurationPropertiesBinderFactory'
[2021-07-28 09:31:15] - Creating shared instance of singleton bean 'org.springframework.aop.config.internalAutoProxyCreator'
[2021-07-28 09:31:15] - Creating shared instance of singleton bean 'dataSourceScriptDatabaseInitializer'
[2021-07-28 09:31:15] - Creating shared instance of singleton bean 'org.springframework.boot.autoconfigure.sql.init.DataSourceInitializationConfiguration'
[2021-07-28 09:31:15] - Creating shared instance of singleton bean 'org.springframework.transaction.config.internalTransactionAdvisor'
[2021-07-28 09:31:15] - Creating shared instance of singleton bean 'org.springframework.transaction.annotation.ProxyTransactionManagementConfiguration'
[2021-07-28 09:31:15] - Creating shared instance of singleton bean 'transactionAttributeSource'
[2021-07-28 09:31:15] - Creating shared instance of singleton bean 'transactionInterceptor'
[2021-07-28 09:31:15] - Autowiring by type from bean name 'transactionInterceptor' via factory method to bean named 'transactionAttributeSource'
[2021-07-28 09:31:15] - Autowiring by type from bean name 'org.springframework.transaction.config.internalTransactionAdvisor' via factory method to bean named 'transactionAttributeSource'
[2021-07-28 09:31:15] - Autowiring by type from bean name 'org.springframework.transaction.config.internalTransactionAdvisor' via factory method to bean named 'transactionInterceptor'
[2021-07-28 09:31:15] - Creating shared instance of singleton bean 'dataSource'
[2021-07-28 09:31:15] - Found key 'spring.test.database.connection' in PropertySource 'Annotations' with value of type EmbeddedDatabaseConnection
[2021-07-28 09:31:15] - Starting embedded database: url='jdbc:h2:mem:fea44da1-147d-4e62-b57f-ac414721284c;DB_CLOSE_DELAY=-1;DB_CLOSE_ON_EXIT=false', username='sa'
[2021-07-28 09:31:15] - Fetching JDBC Connection from DataSource
[2021-07-28 09:31:15] - Creating new JDBC Driver Connection to [jdbc:h2:mem:fea44da1-147d-4e62-b57f-ac414721284c;DB_CLOSE_DELAY=-1;DB_CLOSE_ON_EXIT=false]
[2021-07-28 09:31:16] - Creating shared instance of singleton bean 'spring.sql.init-org.springframework.boot.autoconfigure.sql.init.SqlInitializationProperties'
[2021-07-28 09:31:16] - Creating shared instance of singleton bean 'org.springframework.boot.context.properties.BoundConfigurationProperties'
[2021-07-28 09:31:16] - Autowiring by type from bean name 'dataSourceScriptDatabaseInitializer' via factory method to bean named 'dataSource'
[2021-07-28 09:31:16] - Autowiring by type from bean name 'dataSourceScriptDatabaseInitializer' via factory method to bean named 'spring.sql.init-org.springframework.boot.autoconfigure.sql.init.SqlInitializationProperties'
[2021-07-28 09:31:16] - Creating shared instance of singleton bean 'entityManagerFactory'
[2021-07-28 09:31:16] - Creating shared instance of singleton bean 'org.springframework.boot.autoconfigure.orm.jpa.HibernateJpaConfiguration'
[2021-07-28 09:31:16] - Creating shared instance of singleton bean 'spring.jpa-org.springframework.boot.autoconfigure.orm.jpa.JpaProperties'
[2021-07-28 09:31:16] - Creating shared instance of singleton bean 'spring.jpa.hibernate-org.springframework.boot.autoconfigure.orm.jpa.HibernateProperties'
[2021-07-28 09:31:16] - Autowiring by type from bean name 'org.springframework.boot.autoconfigure.orm.jpa.HibernateJpaConfiguration' via constructor to bean named 'dataSource'
[2021-07-28 09:31:16] - Autowiring by type from bean name 'org.springframework.boot.autoconfigure.orm.jpa.HibernateJpaConfiguration' via constructor to bean named 'spring.jpa-org.springframework.boot.autoconfigure.orm.jpa.JpaProperties'
[2021-07-28 09:31:16] - Autowiring by type from bean name 'org.springframework.boot.autoconfigure.orm.jpa.HibernateJpaConfiguration' via constructor to bean named 'org.springframework.beans.factory.support.DefaultListableBeanFactory@1f14f20c'
[2021-07-28 09:31:16] - Autowiring by type from bean name 'org.springframework.boot.autoconfigure.orm.jpa.HibernateJpaConfiguration' via constructor to bean named 'spring.jpa.hibernate-org.springframework.boot.autoconfigure.orm.jpa.HibernateProperties'
[2021-07-28 09:31:16] - Creating shared instance of singleton bean 'hikariPoolDataSourceMetadataProvider'
[2021-07-28 09:31:16] - Creating shared instance of singleton bean 'org.springframework.boot.autoconfigure.jdbc.metadata.DataSourcePoolMetadataProvidersConfiguration$HikariPoolDataSourceMetadataProviderConfiguration'
[2021-07-28 09:31:16] - Creating shared instance of singleton bean 'entityManagerFactoryBuilder'
[2021-07-28 09:31:16] - Creating shared instance of singleton bean 'jpaVendorAdapter'
[2021-07-28 09:31:16] - Logging Provider: org.jboss.logging.Log4j2LoggerProvider
[2021-07-28 09:31:16] - Autowiring by type from bean name 'entityManagerFactoryBuilder' via factory method to bean named 'jpaVendorAdapter'
[2021-07-28 09:31:16] - Autowiring by type from bean name 'entityManagerFactory' via factory method to bean named 'entityManagerFactoryBuilder'
[2021-07-28 09:31:16] - Building JPA container EntityManagerFactory for persistence unit 'default'
[2021-07-28 09:31:16] - PersistenceUnitInfo [
	name: default
	persistence provider classname: null
	classloader: jdk.internal.loader.ClassLoaders$AppClassLoader@251a69d7
	excludeUnlistedClasses: true
	JTA datasource: null
	Non JTA datasource: org.springframework.jdbc.datasource.embedded.EmbeddedDatabaseFactory$EmbeddedDataSourceProxy@40f35e52
	Transaction type: RESOURCE_LOCAL
	PU root URL: file:/home/anuththara/Documents/hSenid/Practice/springboot/spring-uni-jpa/UserJPA-Springboot/target/test-classes/
	Shared Cache Mode: UNSPECIFIED
	Validation Mode: AUTO
	Jar files URLs []
	Managed classes names [
		com.anu.springunijpa.entity.Course
		com.anu.springunijpa.entity.User
		com.anu.springunijpa.entity.UserCourse
		com.anu.springunijpa.entity.UserCourseKey]
	Mapping files names []
	Properties []
[2021-07-28 09:31:16] - Adding Integrator [org.hibernate.cfg.beanvalidation.BeanValidationIntegrator].
[2021-07-28 09:31:16] - Adding Integrator [org.hibernate.secure.spi.JaccIntegrator].
[2021-07-28 09:31:16] - Adding Integrator [org.hibernate.cache.internal.CollectionCacheInvalidator].
[2021-07-28 09:31:16] - HHH000412: Hibernate ORM core version 5.4.32.Final
[2021-07-28 09:31:16] - HHH000206: hibernate.properties not found
[2021-07-28 09:31:16] - Overriding existing service binding [org.hibernate.secure.spi.JaccService]
[2021-07-28 09:31:16] - Cannot default RegionFactory based on registered strategies as `[]` RegionFactory strategies were registered
[2021-07-28 09:31:16] - Cache region factory : org.hibernate.cache.internal.NoCachingRegionFactory
[2021-07-28 09:31:16] - HCANN000001: Hibernate Commons Annotations {5.1.2.Final}
[2021-07-28 09:31:16] - Adding type registration boolean -> org.hibernate.type.BooleanType@3dc40ab9
[2021-07-28 09:31:16] - Adding type registration boolean -> org.hibernate.type.BooleanType@3dc40ab9
[2021-07-28 09:31:16] - Adding type registration java.lang.Boolean -> org.hibernate.type.BooleanType@3dc40ab9
[2021-07-28 09:31:16] - Adding type registration numeric_boolean -> org.hibernate.type.NumericBooleanType@cde8c6c
[2021-07-28 09:31:16] - Adding type registration true_false -> org.hibernate.type.TrueFalseType@4aeb0e2b
[2021-07-28 09:31:16] - Adding type registration yes_no -> org.hibernate.type.YesNoType@151ab2b9
[2021-07-28 09:31:16] - Adding type registration byte -> org.hibernate.type.ByteType@125d47c4
[2021-07-28 09:31:16] - Adding type registration byte -> org.hibernate.type.ByteType@125d47c4
[2021-07-28 09:31:16] - Adding type registration java.lang.Byte -> org.hibernate.type.ByteType@125d47c4
[2021-07-28 09:31:16] - Adding type registration character -> org.hibernate.type.CharacterType@58f2466c
[2021-07-28 09:31:16] - Adding type registration char -> org.hibernate.type.CharacterType@58f2466c
[2021-07-28 09:31:16] - Adding type registration java.lang.Character -> org.hibernate.type.CharacterType@58f2466c
[2021-07-28 09:31:44] - HikariPool-1 - Pool stats (total=10, active=0, idle=10, waiting=0)
[2021-07-28 09:31:44] - HikariPool-1 - Fill pool skipped, pool is at sufficient level.
