[2021-07-22 09:32:27] - HikariPool-1 - Added connection com.mysql.cj.jdbc.ConnectionImpl@660b1a9d
[2021-07-22 09:32:27] - HikariPool-1 - Start completed.
[2021-07-22 09:32:27] - Database ->
       name : MySQL
    version : 8.0.16
      major : 8
      minor : 0
[2021-07-22 09:32:27] - Driver ->
       name : MySQL Connector/J
    version : mysql-connector-java-8.0.25 (Revision: 08be9e9b4cba6aa115f9b27b215887af40b159e0)
      major : 8
      minor : 0
[2021-07-22 09:32:27] - JDBC version : 4.2
[2021-07-22 09:32:27] - HHH000400: Using dialect: org.hibernate.dialect.MySQL5Dialect
[2021-07-22 09:32:27] - JDBC driver metadata reported database stores quoted identifiers in more than one case
[2021-07-22 09:32:27] - IdentifierCaseStrategy for both quoted and unquoted identifiers was set to the same strategy [MIXED]; that will likely lead to problems in schema update and validation if using quoted identifiers
[2021-07-22 09:32:27] - Normalizing identifier quoting [institute]
[2021-07-22 09:32:27] - Normalizing identifier quoting [null]
[2021-07-22 09:32:27] - Initializing service [role=org.hibernate.engine.jdbc.spi.JdbcServices]
[2021-07-22 09:32:27] - Created database namespace [logicalName=Name{catalog=null, schema=null}, physicalName=Name{catalog=null, schema=null}]
[2021-07-22 09:32:27] - Scoping TypeConfiguration [org.hibernate.type.spi.TypeConfiguration@ba4f370] to MetadataBuildingContext [org.hibernate.boot.internal.MetadataBuildingContextRootImpl@2ba024cb]
[2021-07-22 09:32:27] - HikariPool-1 - Pool stats (total=1, active=0, idle=1, waiting=0)
[2021-07-22 09:32:27] - Binding entity from annotated class: com.anu.springunijpa.entity.Course
[2021-07-22 09:32:27] - Normalizing identifier quoting [DTYPE]
[2021-07-22 09:32:27] - Binding column: Ejb3DiscriminatorColumn{logicalColumnName'DTYPE', discriminatorTypeName='string'}
[2021-07-22 09:32:27] - Import with entity name Course
[2021-07-22 09:32:27] - Import: Course -> com.anu.springunijpa.entity.Course
[2021-07-22 09:32:27] - Import: com.anu.springunijpa.entity.Course -> com.anu.springunijpa.entity.Course
[2021-07-22 09:32:27] - Normalizing identifier quoting [course]
[2021-07-22 09:32:27] - Normalizing identifier quoting [course]
[2021-07-22 09:32:27] - Bind entity com.anu.springunijpa.entity.Course on table course
[2021-07-22 09:32:27] - Processing annotations of com.anu.springunijpa.entity.Course.courseId
[2021-07-22 09:32:27] - Normalizing identifier quoting [course_id]
[2021-07-22 09:32:27] - Normalizing identifier quoting [course_id]
[2021-07-22 09:32:27] - Binding column: Ejb3Column{table=org.hibernate.mapping.Table(course), mappingColumn=course_id, insertable=true, updatable=true, unique=false}
[2021-07-22 09:32:27] - Not known whether passed class name [com.anu.springunijpa.entity.Course] is safe
[2021-07-22 09:32:27] - No temp ClassLoader provided; using live ClassLoader for loading potentially unsafe class : com.anu.springunijpa.entity.Course
[2021-07-22 09:32:27] - MetadataSourceProcessor property courseId with lazy=false
[2021-07-22 09:32:27] - Attempting to locate auto-apply AttributeConverter for property [com.anu.springunijpa.entity.Course:courseId]
[2021-07-22 09:32:27] - building SimpleValue for courseId
[2021-07-22 09:32:27] - Normalizing identifier quoting [course_id]
[2021-07-22 09:32:27] - Building property courseId
[2021-07-22 09:32:27] - Cascading courseId with null
[2021-07-22 09:32:27] - #makeIdGenerator(org.hibernate.mapping.SimpleValue([org.hibernate.mapping.Column(course_id)]), courseId, assigned, , ...)
[2021-07-22 09:32:27] - Bind @Id on courseId
[2021-07-22 09:32:27] - Processing annotations of com.anu.springunijpa.entity.Course.courseLeader
[2021-07-22 09:32:27] - Normalizing identifier quoting [course_leader]
[2021-07-22 09:32:27] - Normalizing identifier quoting [course_leader]
[2021-07-22 09:32:27] - Binding column: Ejb3Column{table=org.hibernate.mapping.Table(course), mappingColumn=course_leader, insertable=true, updatable=true, unique=false}
[2021-07-22 09:32:27] - MetadataSourceProcessor property courseLeader with lazy=false
[2021-07-22 09:32:27] - Attempting to locate auto-apply AttributeConverter for property [com.anu.springunijpa.entity.Course:courseLeader]
[2021-07-22 09:32:27] - building SimpleValue for courseLeader
[2021-07-22 09:32:27] - Normalizing identifier quoting [course_leader]
[2021-07-22 09:32:27] - Building property courseLeader
[2021-07-22 09:32:27] - Cascading courseLeader with null
[2021-07-22 09:32:27] - Processing annotations of com.anu.springunijpa.entity.Course.courseName
[2021-07-22 09:32:27] - Normalizing identifier quoting [course_name]
[2021-07-22 09:32:27] - Normalizing identifier quoting [course_name]
[2021-07-22 09:32:27] - Binding column: Ejb3Column{table=org.hibernate.mapping.Table(course), mappingColumn=course_name, insertable=true, updatable=true, unique=false}
[2021-07-22 09:32:27] - MetadataSourceProcessor property courseName with lazy=false
[2021-07-22 09:32:27] - Attempting to locate auto-apply AttributeConverter for property [com.anu.springunijpa.entity.Course:courseName]
[2021-07-22 09:32:27] - building SimpleValue for courseName
[2021-07-22 09:32:27] - Normalizing identifier quoting [course_name]
[2021-07-22 09:32:27] - Building property courseName
[2021-07-22 09:32:27] - Cascading courseName with null
[2021-07-22 09:32:27] - Binding entity from annotated class: com.anu.springunijpa.entity.User
[2021-07-22 09:32:27] - Normalizing identifier quoting [DTYPE]
[2021-07-22 09:32:27] - Binding column: Ejb3DiscriminatorColumn{logicalColumnName'DTYPE', discriminatorTypeName='string'}
[2021-07-22 09:32:27] - Import with entity name User
[2021-07-22 09:32:27] - Import: User -> com.anu.springunijpa.entity.User
[2021-07-22 09:32:27] - Import: com.anu.springunijpa.entity.User -> com.anu.springunijpa.entity.User
[2021-07-22 09:32:27] - Normalizing identifier quoting [user]
[2021-07-22 09:32:27] - Normalizing identifier quoting [user]
[2021-07-22 09:32:27] - Bind entity com.anu.springunijpa.entity.User on table user
[2021-07-22 09:32:27] - Processing annotations of com.anu.springunijpa.entity.User.userId
[2021-07-22 09:32:27] - Normalizing identifier quoting [user_id]
[2021-07-22 09:32:27] - Normalizing identifier quoting [user_id]
[2021-07-22 09:32:27] - Binding column: Ejb3Column{table=org.hibernate.mapping.Table(user), mappingColumn=user_id, insertable=true, updatable=true, unique=false}
[2021-07-22 09:32:27] - Not known whether passed class name [com.anu.springunijpa.entity.User] is safe
[2021-07-22 09:32:27] - No temp ClassLoader provided; using live ClassLoader for loading potentially unsafe class : com.anu.springunijpa.entity.User
[2021-07-22 09:32:27] - MetadataSourceProcessor property userId with lazy=false
[2021-07-22 09:32:27] - Attempting to locate auto-apply AttributeConverter for property [com.anu.springunijpa.entity.User:userId]
[2021-07-22 09:32:27] - building SimpleValue for userId
[2021-07-22 09:32:27] - Normalizing identifier quoting [user_id]
[2021-07-22 09:32:27] - Building property userId
[2021-07-22 09:32:27] - Cascading userId with null
[2021-07-22 09:32:27] - #makeIdGenerator(org.hibernate.mapping.SimpleValue([org.hibernate.mapping.Column(user_id)]), userId, identity, , ...)
[2021-07-22 09:32:27] - Bind @Id on userId
[2021-07-22 09:32:27] - Processing annotations of com.anu.springunijpa.entity.User.dOB
[2021-07-22 09:32:27] - Normalizing identifier quoting [date_of_birth]
[2021-07-22 09:32:27] - Normalizing identifier quoting [date_of_birth]
[2021-07-22 09:32:27] - Binding column: Ejb3Column{table=org.hibernate.mapping.Table(user), mappingColumn=date_of_birth, insertable=true, updatable=true, unique=false}
[2021-07-22 09:32:27] - MetadataSourceProcessor property dOB with lazy=false
[2021-07-22 09:32:27] - Attempting to locate auto-apply AttributeConverter for property [com.anu.springunijpa.entity.User:dOB]
[2021-07-22 09:32:27] - building SimpleValue for dOB
[2021-07-22 09:32:27] - Normalizing identifier quoting [date_of_birth]
[2021-07-22 09:32:27] - Building property dOB
[2021-07-22 09:32:27] - Cascading dOB with null
[2021-07-22 09:32:27] - Processing annotations of com.anu.springunijpa.entity.User.userName
[2021-07-22 09:32:27] - Normalizing identifier quoting [user_name]
[2021-07-22 09:32:27] - Normalizing identifier quoting [user_name]
[2021-07-22 09:32:27] - Binding column: Ejb3Column{table=org.hibernate.mapping.Table(user), mappingColumn=user_name, insertable=true, updatable=true, unique=false}
[2021-07-22 09:32:27] - MetadataSourceProcessor property userName with lazy=false
[2021-07-22 09:32:27] - Attempting to locate auto-apply AttributeConverter for property [com.anu.springunijpa.entity.User:userName]
[2021-07-22 09:32:27] - building SimpleValue for userName
[2021-07-22 09:32:27] - Normalizing identifier quoting [user_name]
[2021-07-22 09:32:27] - Building property userName
[2021-07-22 09:32:27] - Cascading userName with null
[2021-07-22 09:32:27] - Processing annotations of com.anu.springunijpa.entity.User.userTel
[2021-07-22 09:32:27] - Normalizing identifier quoting [user_tel]
[2021-07-22 09:32:27] - Normalizing identifier quoting [user_tel]
[2021-07-22 09:32:27] - Binding column: Ejb3Column{table=org.hibernate.mapping.Table(user), mappingColumn=user_tel, insertable=true, updatable=true, unique=false}
[2021-07-22 09:32:27] - MetadataSourceProcessor property userTel with lazy=false
[2021-07-22 09:32:27] - Attempting to locate auto-apply AttributeConverter for property [com.anu.springunijpa.entity.User:userTel]
[2021-07-22 09:32:27] - building SimpleValue for userTel
[2021-07-22 09:32:27] - Normalizing identifier quoting [user_tel]
[2021-07-22 09:32:27] - Building property userTel
[2021-07-22 09:32:27] - Cascading userTel with null
[2021-07-22 09:32:27] - Starting fillSimpleValue for courseId
[2021-07-22 09:32:27] - Starting fillSimpleValue for courseLeader
[2021-07-22 09:32:27] - Starting fillSimpleValue for courseName
[2021-07-22 09:32:27] - Starting fillSimpleValue for userId
[2021-07-22 09:32:27] - Starting fillSimpleValue for dOB
[2021-07-22 09:32:27] - Starting fillSimpleValue for userName
[2021-07-22 09:32:27] - Starting fillSimpleValue for userTel
[2021-07-22 09:32:27] - Forcing column [course_id] to be non-null as it is part of the primary key for table [course]
[2021-07-22 09:32:27] - Forcing column [user_id] to be non-null as it is part of the primary key for table [user]
[2021-07-22 09:32:27] - Initializing service [role=org.hibernate.boot.spi.SessionFactoryBuilderService]
[2021-07-22 09:32:27] - Interpreting BatchFetchStyle from setting : null
[2021-07-22 09:32:27] - Initializing service [role=org.hibernate.bytecode.spi.BytecodeProvider]
[2021-07-22 09:32:27] - Building session factory
[2021-07-22 09:32:27] - SessionFactory name : null
[2021-07-22 09:32:27] - Automatic flush during beforeCompletion(): enabled
[2021-07-22 09:32:27] - Automatic session close at end of transaction: disabled
[2021-07-22 09:32:27] - Statistics: disabled
[2021-07-22 09:32:27] - Deleted entity synthetic identifier rollback: disabled
[2021-07-22 09:32:27] - Default entity-mode: pojo
[2021-07-22 09:32:27] - Check Nullability in Core (should be disabled when Bean Validation is on): enabled
[2021-07-22 09:32:27] - Allow initialization of lazy state outside session : disabled
[2021-07-22 09:32:27] -  TLSHandshake: localhost:3306, TLSv1.2, TLS_DHE_RSA_WITH_AES_256_GCM_SHA384, -1826445814
[2021-07-22 09:32:27] - Using BatchFetchStyle : LEGACY
[2021-07-22 09:32:27] - Default batch fetch size: -1
[2021-07-22 09:32:27] - Maximum outer join fetch depth: 2
[2021-07-22 09:32:27] - Default null ordering: NONE
[2021-07-22 09:32:27] - Order SQL updates by primary key: disabled
[2021-07-22 09:32:27] - Order SQL inserts for batching: disabled
[2021-07-22 09:32:27] - multi-tenancy strategy : NONE
[2021-07-22 09:32:27] - JTA Track by Thread: enabled
[2021-07-22 09:32:27] - Query language substitutions: {}
[2021-07-22 09:32:27] - Named query checking : enabled
[2021-07-22 09:32:27] - Second-level cache: disabled
[2021-07-22 09:32:27] - Second-level query cache: disabled
[2021-07-22 09:32:27] - Second-level query cache factory: null
[2021-07-22 09:32:27] - Second-level cache region prefix: null
[2021-07-22 09:32:27] - Optimize second-level cache for minimal puts: disabled
[2021-07-22 09:32:27] - Structured second-level cache entries: disabled
[2021-07-22 09:32:27] - Second-level cache direct-reference entries: disabled
[2021-07-22 09:32:27] - Automatic eviction of collection cache: disabled
[2021-07-22 09:32:27] - JDBC batch size: 15
[2021-07-22 09:32:27] - JDBC batch updates for versioned data: enabled
[2021-07-22 09:32:27] - Scrollable result sets: enabled
[2021-07-22 09:32:27] - Wrap result sets: disabled
[2021-07-22 09:32:27] - JDBC3 getGeneratedKeys(): enabled
[2021-07-22 09:32:27] - JDBC result set fetch size: null
[2021-07-22 09:32:27] - Connection release mode: ON_CLOSE
[2021-07-22 09:32:27] - Generate SQL with comments: disabled
[2021-07-22 09:32:27] - JPA compliance - query : disabled
[2021-07-22 09:32:27] - JPA compliance - closed-handling : disabled
[2021-07-22 09:32:27] - JPA compliance - lists : disabled
[2021-07-22 09:32:27] - JPA compliance - transactions : disabled
[2021-07-22 09:32:27] - Initializing service [role=org.hibernate.service.spi.SessionFactoryServiceRegistryFactory]
[2021-07-22 09:32:27] - HikariPool-1 - Added connection com.mysql.cj.jdbc.ConnectionImpl@bb9ba61
[2021-07-22 09:32:27] - Initializing service [role=org.hibernate.event.service.spi.EventListenerRegistry]
