[2021-07-28 09:11:11] - Adding type registration short -> org.hibernate.type.ShortType@3453acd2
[2021-07-28 09:11:11] - Adding type registration short -> org.hibernate.type.ShortType@3453acd2
[2021-07-28 09:11:11] - Adding type registration java.lang.Short -> org.hibernate.type.ShortType@3453acd2
[2021-07-28 09:11:11] - Adding type registration integer -> org.hibernate.type.IntegerType@733ec58b
[2021-07-28 09:11:11] - Adding type registration int -> org.hibernate.type.IntegerType@733ec58b
[2021-07-28 09:11:11] - Adding type registration java.lang.Integer -> org.hibernate.type.IntegerType@733ec58b
[2021-07-28 09:11:11] - Adding type registration long -> org.hibernate.type.LongType@66a53104
[2021-07-28 09:11:11] - Adding type registration long -> org.hibernate.type.LongType@66a53104
[2021-07-28 09:11:11] - Adding type registration java.lang.Long -> org.hibernate.type.LongType@66a53104
[2021-07-28 09:11:11] - Adding type registration float -> org.hibernate.type.FloatType@7161457
[2021-07-28 09:11:11] - Adding type registration float -> org.hibernate.type.FloatType@7161457
[2021-07-28 09:11:11] - Adding type registration java.lang.Float -> org.hibernate.type.FloatType@7161457
[2021-07-28 09:11:11] - Adding type registration double -> org.hibernate.type.DoubleType@20999517
[2021-07-28 09:11:11] - Adding type registration double -> org.hibernate.type.DoubleType@20999517
[2021-07-28 09:11:11] - Adding type registration java.lang.Double -> org.hibernate.type.DoubleType@20999517
[2021-07-28 09:11:11] - Adding type registration big_decimal -> org.hibernate.type.BigDecimalType@40bb4f87
[2021-07-28 09:11:11] - Adding type registration java.math.BigDecimal -> org.hibernate.type.BigDecimalType@40bb4f87
[2021-07-28 09:11:11] - Adding type registration big_integer -> org.hibernate.type.BigIntegerType@54b2fc58
[2021-07-28 09:11:11] - Adding type registration java.math.BigInteger -> org.hibernate.type.BigIntegerType@54b2fc58
[2021-07-28 09:11:11] - Adding type registration string -> org.hibernate.type.StringType@4b1ec694
[2021-07-28 09:11:11] - Adding type registration java.lang.String -> org.hibernate.type.StringType@4b1ec694
[2021-07-28 09:11:11] - Adding type registration nstring -> org.hibernate.type.StringNVarcharType@16da1abc
[2021-07-28 09:11:11] - Adding type registration ncharacter -> org.hibernate.type.CharacterNCharType@1b0e9707
[2021-07-28 09:11:11] - Adding type registration url -> org.hibernate.type.UrlType@3fcee3d9
[2021-07-28 09:11:11] - Adding type registration java.net.URL -> org.hibernate.type.UrlType@3fcee3d9
[2021-07-28 09:11:11] - Adding type registration Duration -> org.hibernate.type.DurationType@49fb0bbd
[2021-07-28 09:11:11] - Adding type registration java.time.Duration -> org.hibernate.type.DurationType@49fb0bbd
[2021-07-28 09:11:11] - Adding type registration Instant -> org.hibernate.type.InstantType@77d4ac52
[2021-07-28 09:11:11] - Adding type registration java.time.Instant -> org.hibernate.type.InstantType@77d4ac52
[2021-07-28 09:11:11] - Adding type registration LocalDateTime -> org.hibernate.type.LocalDateTimeType@1624775
[2021-07-28 09:11:11] - Adding type registration java.time.LocalDateTime -> org.hibernate.type.LocalDateTimeType@1624775
[2021-07-28 09:11:11] - Adding type registration LocalDate -> org.hibernate.type.LocalDateType@2fbe26da
[2021-07-28 09:11:11] - Adding type registration java.time.LocalDate -> org.hibernate.type.LocalDateType@2fbe26da
[2021-07-28 09:11:11] - Adding type registration LocalTime -> org.hibernate.type.LocalTimeType@7c369270
[2021-07-28 09:11:11] - Adding type registration java.time.LocalTime -> org.hibernate.type.LocalTimeType@7c369270
[2021-07-28 09:11:11] - Adding type registration OffsetDateTime -> org.hibernate.type.OffsetDateTimeType@3b98b809
[2021-07-28 09:11:11] - Adding type registration java.time.OffsetDateTime -> org.hibernate.type.OffsetDateTimeType@3b98b809
[2021-07-28 09:11:11] - Adding type registration OffsetTime -> org.hibernate.type.OffsetTimeType@3290b1a6
[2021-07-28 09:11:11] - Adding type registration java.time.OffsetTime -> org.hibernate.type.OffsetTimeType@3290b1a6
[2021-07-28 09:11:11] - Adding type registration ZonedDateTime -> org.hibernate.type.ZonedDateTimeType@2f80cb79
[2021-07-28 09:11:11] - Adding type registration java.time.ZonedDateTime -> org.hibernate.type.ZonedDateTimeType@2f80cb79
[2021-07-28 09:11:11] - Adding type registration date -> org.hibernate.type.DateType@11b32a14
[2021-07-28 09:11:11] - Adding type registration java.sql.Date -> org.hibernate.type.DateType@11b32a14
[2021-07-28 09:11:11] - Adding type registration time -> org.hibernate.type.TimeType@6707a4bf
[2021-07-28 09:11:11] - Adding type registration java.sql.Time -> org.hibernate.type.TimeType@6707a4bf
[2021-07-28 09:11:11] - Adding type registration timestamp -> org.hibernate.type.TimestampType@583fb274
[2021-07-28 09:11:11] - Adding type registration java.sql.Timestamp -> org.hibernate.type.TimestampType@583fb274
[2021-07-28 09:11:11] - Adding type registration java.util.Date -> org.hibernate.type.TimestampType@583fb274
[2021-07-28 09:11:11] - Adding type registration dbtimestamp -> org.hibernate.type.DbTimestampType@104dc1a2
[2021-07-28 09:11:11] - Adding type registration calendar -> org.hibernate.type.CalendarType@4dad0eed
[2021-07-28 09:11:11] - Adding type registration java.util.Calendar -> org.hibernate.type.CalendarType@4dad0eed
[2021-07-28 09:11:11] - Adding type registration java.util.GregorianCalendar -> org.hibernate.type.CalendarType@4dad0eed
[2021-07-28 09:11:11] - Adding type registration calendar_date -> org.hibernate.type.CalendarDateType@468173fa
[2021-07-28 09:11:11] - Adding type registration calendar_time -> org.hibernate.type.CalendarTimeType@2cd388f5
[2021-07-28 09:11:11] - Adding type registration locale -> org.hibernate.type.LocaleType@2c829dbc
[2021-07-28 09:11:11] - Adding type registration java.util.Locale -> org.hibernate.type.LocaleType@2c829dbc
[2021-07-28 09:11:11] - Adding type registration currency -> org.hibernate.type.CurrencyType@1ff15a50
[2021-07-28 09:11:11] - Adding type registration java.util.Currency -> org.hibernate.type.CurrencyType@1ff15a50
[2021-07-28 09:11:11] - Adding type registration timezone -> org.hibernate.type.TimeZoneType@3cc30dee
[2021-07-28 09:11:11] - Adding type registration java.util.TimeZone -> org.hibernate.type.TimeZoneType@3cc30dee
[2021-07-28 09:11:11] - Adding type registration class -> org.hibernate.type.ClassType@66fb45e5
[2021-07-28 09:11:11] - Adding type registration java.lang.Class -> org.hibernate.type.ClassType@66fb45e5
[2021-07-28 09:11:11] - Adding type registration uuid-binary -> org.hibernate.type.UUIDBinaryType@6cfbbff7
[2021-07-28 09:11:11] - Adding type registration java.util.UUID -> org.hibernate.type.UUIDBinaryType@6cfbbff7
[2021-07-28 09:11:11] - Adding type registration uuid-char -> org.hibernate.type.UUIDCharType@22d9ca63
[2021-07-28 09:11:11] - Adding type registration binary -> org.hibernate.type.BinaryType@fe09383
[2021-07-28 09:11:11] - Adding type registration byte[] -> org.hibernate.type.BinaryType@fe09383
[2021-07-28 09:11:11] - Adding type registration [B -> org.hibernate.type.BinaryType@fe09383
[2021-07-28 09:11:11] - Adding type registration wrapper-binary -> org.hibernate.type.WrapperBinaryType@3b7c80c6
[2021-07-28 09:11:11] - Adding type registration Byte[] -> org.hibernate.type.WrapperBinaryType@3b7c80c6
[2021-07-28 09:11:11] - Adding type registration [Ljava.lang.Byte; -> org.hibernate.type.WrapperBinaryType@3b7c80c6
[2021-07-28 09:11:11] - Adding type registration row_version -> org.hibernate.type.RowVersionType@6b4fc2d1
[2021-07-28 09:11:11] - Adding type registration image -> org.hibernate.type.ImageType@634ff56
[2021-07-28 09:11:11] - Adding type registration characters -> org.hibernate.type.CharArrayType@43ac0a68
[2021-07-28 09:11:11] - Adding type registration char[] -> org.hibernate.type.CharArrayType@43ac0a68
[2021-07-28 09:11:11] - Adding type registration [C -> org.hibernate.type.CharArrayType@43ac0a68
[2021-07-28 09:11:11] - Adding type registration wrapper-characters -> org.hibernate.type.CharacterArrayType@4215e133
[2021-07-28 09:11:11] - Adding type registration [Ljava.lang.Character; -> org.hibernate.type.CharacterArrayType@4215e133
[2021-07-28 09:11:11] - Adding type registration Character[] -> org.hibernate.type.CharacterArrayType@4215e133
[2021-07-28 09:11:11] - Adding type registration text -> org.hibernate.type.TextType@48eaf42f
[2021-07-28 09:11:11] - Adding type registration ntext -> org.hibernate.type.NTextType@6411504a
[2021-07-28 09:11:11] - Adding type registration blob -> org.hibernate.type.BlobType@467b0f6e
[2021-07-28 09:11:11] - Adding type registration java.sql.Blob -> org.hibernate.type.BlobType@467b0f6e
[2021-07-28 09:11:11] - Adding type registration materialized_blob -> org.hibernate.type.MaterializedBlobType@12e12ac9
[2021-07-28 09:11:11] - Adding type registration clob -> org.hibernate.type.ClobType@4214ae8f
[2021-07-28 09:11:11] - Adding type registration java.sql.Clob -> org.hibernate.type.ClobType@4214ae8f
[2021-07-28 09:11:11] - Adding type registration nclob -> org.hibernate.type.NClobType@32f5ecc4
[2021-07-28 09:11:11] - Adding type registration java.sql.NClob -> org.hibernate.type.NClobType@32f5ecc4
[2021-07-28 09:11:11] - Adding type registration materialized_clob -> org.hibernate.type.MaterializedClobType@7ef8eda7
[2021-07-28 09:11:11] - Adding type registration materialized_nclob -> org.hibernate.type.MaterializedNClobType@4684240f
[2021-07-28 09:11:11] - Adding type registration serializable -> org.hibernate.type.SerializableType@3513c84c
[2021-07-28 09:11:11] - Adding type registration object -> org.hibernate.type.ObjectType@706ddbc8
[2021-07-28 09:11:11] - Adding type registration java.lang.Object -> org.hibernate.type.ObjectType@706ddbc8
[2021-07-28 09:11:11] - Adding type registration imm_date -> org.hibernate.type.AdaptedImmutableType@609319c3
[2021-07-28 09:11:11] - Adding type registration imm_time -> org.hibernate.type.AdaptedImmutableType@6bbab114
[2021-07-28 09:11:11] - Adding type registration imm_timestamp -> org.hibernate.type.AdaptedImmutableType@2a7d9b41
[2021-07-28 09:11:11] - Adding type registration imm_dbtimestamp -> org.hibernate.type.AdaptedImmutableType@25be445f
[2021-07-28 09:11:11] - Adding type registration imm_calendar -> org.hibernate.type.AdaptedImmutableType@5d1b1c2a
[2021-07-28 09:11:11] - Adding type registration imm_calendar_date -> org.hibernate.type.AdaptedImmutableType@6397248c
[2021-07-28 09:11:11] - Adding type registration imm_binary -> org.hibernate.type.AdaptedImmutableType@25f61c2c
[2021-07-28 09:11:11] - Adding type registration imm_serializable -> org.hibernate.type.AdaptedImmutableType@72bd2871
[2021-07-28 09:11:11] - Injecting JPA temp ClassLoader [org.springframework.instrument.classloading.SimpleThrowawayClassLoader@51efb731] into BootstrapContext; was [null]
[2021-07-28 09:11:11] - ClassLoaderAccessImpl#injectTempClassLoader(org.springframework.instrument.classloading.SimpleThrowawayClassLoader@51efb731) [was null]
[2021-07-28 09:11:11] - Injecting ScanEnvironment [org.hibernate.jpa.boot.internal.StandardJpaScanEnvironmentImpl@3e377967] into BootstrapContext; was [null]
[2021-07-28 09:11:11] - Injecting ScanOptions [org.hibernate.boot.archive.scan.internal.StandardScanOptions@4dadd690] into BootstrapContext; was [org.hibernate.boot.archive.scan.internal.StandardScanOptions@707e4fe4]
[2021-07-28 09:11:11] - Injecting JPA temp ClassLoader [null] into BootstrapContext; was [org.springframework.instrument.classloading.SimpleThrowawayClassLoader@51efb731]
[2021-07-28 09:11:11] - ClassLoaderAccessImpl#injectTempClassLoader(null) [was org.springframework.instrument.classloading.SimpleThrowawayClassLoader@51efb731]
[2021-07-28 09:11:11] - Registering IdentifierGenerator strategy [uuid2] -> [org.hibernate.id.UUIDGenerator]
[2021-07-28 09:11:11] - Registering IdentifierGenerator strategy [guid] -> [org.hibernate.id.GUIDGenerator]
[2021-07-28 09:11:11] - Registering IdentifierGenerator strategy [uuid] -> [org.hibernate.id.UUIDHexGenerator]
[2021-07-28 09:11:11] - Registering IdentifierGenerator strategy [uuid.hex] -> [org.hibernate.id.UUIDHexGenerator]
[2021-07-28 09:11:11] - Registering IdentifierGenerator strategy [assigned] -> [org.hibernate.id.Assigned]
[2021-07-28 09:11:11] - Registering IdentifierGenerator strategy [identity] -> [org.hibernate.id.IdentityGenerator]
[2021-07-28 09:11:11] - Registering IdentifierGenerator strategy [select] -> [org.hibernate.id.SelectGenerator]
[2021-07-28 09:11:11] - Registering IdentifierGenerator strategy [sequence] -> [org.hibernate.id.enhanced.SequenceStyleGenerator]
[2021-07-28 09:11:11] - Registering IdentifierGenerator strategy [seqhilo] -> [org.hibernate.id.SequenceHiLoGenerator]
[2021-07-28 09:11:11] - Registering IdentifierGenerator strategy [increment] -> [org.hibernate.id.IncrementGenerator]
[2021-07-28 09:11:11] - Registering IdentifierGenerator strategy [foreign] -> [org.hibernate.id.ForeignGenerator]
[2021-07-28 09:11:11] - Registering IdentifierGenerator strategy [sequence-identity] -> [org.hibernate.id.SequenceIdentityGenerator]
[2021-07-28 09:11:11] - Registering IdentifierGenerator strategy [enhanced-sequence] -> [org.hibernate.id.enhanced.SequenceStyleGenerator]
[2021-07-28 09:11:11] - Registering IdentifierGenerator strategy [enhanced-table] -> [org.hibernate.id.enhanced.TableGenerator]
[2021-07-28 09:11:11] - HikariPool-1 - configuration:
[2021-07-28 09:11:11] - allowPoolSuspension................................false
[2021-07-28 09:11:11] - autoCommit................................true
[2021-07-28 09:11:11] - catalog................................none
[2021-07-28 09:11:11] - connectionInitSql................................none
[2021-07-28 09:11:11] - connectionTestQuery................................none
[2021-07-28 09:11:11] - connectionTimeout................................30000
[2021-07-28 09:11:11] - dataSource................................none
[2021-07-28 09:11:11] - dataSourceClassName................................none
[2021-07-28 09:11:11] - dataSourceJNDI................................none
[2021-07-28 09:11:11] - dataSourceProperties................................{password=<masked>}
[2021-07-28 09:11:11] - driverClassName................................"com.mysql.jdbc.Driver"
[2021-07-28 09:11:11] - exceptionOverrideClassName................................none
[2021-07-28 09:11:11] - healthCheckProperties................................{}
[2021-07-28 09:11:11] - healthCheckRegistry................................none
[2021-07-28 09:11:11] - idleTimeout................................600000
[2021-07-28 09:11:11] - initializationFailTimeout................................1
[2021-07-28 09:11:11] - isolateInternalQueries................................false
[2021-07-28 09:11:11] - jdbcUrl................................jdbc:mysql://localhost:3306/institute_test
[2021-07-28 09:11:11] - keepaliveTime................................0
[2021-07-28 09:11:11] - leakDetectionThreshold................................0
[2021-07-28 09:11:11] - maxLifetime................................1800000
[2021-07-28 09:11:11] - maximumPoolSize................................10
[2021-07-28 09:11:11] - metricRegistry................................none
[2021-07-28 09:11:11] - metricsTrackerFactory................................none
[2021-07-28 09:11:11] - minimumIdle................................10
[2021-07-28 09:11:11] - password................................<masked>
[2021-07-28 09:11:11] - poolName................................"HikariPool-1"
[2021-07-28 09:11:11] - readOnly................................false
[2021-07-28 09:11:11] - registerMbeans................................false
[2021-07-28 09:11:11] - scheduledExecutor................................none
[2021-07-28 09:11:11] - schema................................none
[2021-07-28 09:11:11] - threadFactory................................internal
[2021-07-28 09:11:11] - transactionIsolation................................default
[2021-07-28 09:11:11] - username................................"root"
[2021-07-28 09:11:11] - validationTimeout................................5000
[2021-07-28 09:11:11] - HikariPool-1 - Starting...
[2021-07-28 09:11:11] - Registered driver with driverClassName=com.mysql.jdbc.Driver was not found, trying direct instantiation.
[2021-07-28 09:11:11] - Driver class com.mysql.jdbc.Driver found in Thread context class loader jdk.internal.loader.ClassLoaders$AppClassLoader@251a69d7
