[2021-07-29 10:21:54] - HikariPool-1 - Pool stats (total=10, active=0, idle=10, waiting=0)
[2021-07-29 10:21:54] - HikariPool-1 - Fill pool skipped, pool is at sufficient level.
[2021-07-29 10:22:24] - HikariPool-1 - Pool stats (total=10, active=0, idle=10, waiting=0)
[2021-07-29 10:22:24] - HikariPool-1 - Fill pool skipped, pool is at sufficient level.
[2021-07-29 10:22:54] - HikariPool-1 - Pool stats (total=10, active=0, idle=10, waiting=0)
[2021-07-29 10:22:54] - HikariPool-1 - Fill pool skipped, pool is at sufficient level.
[2021-07-29 10:23:24] - HikariPool-1 - Pool stats (total=10, active=0, idle=10, waiting=0)
[2021-07-29 10:23:24] - HikariPool-1 - Fill pool skipped, pool is at sufficient level.
[2021-07-29 10:23:54] - HikariPool-1 - Pool stats (total=10, active=0, idle=10, waiting=0)
[2021-07-29 10:23:54] - HikariPool-1 - Fill pool skipped, pool is at sufficient level.
[2021-07-29 10:24:24] - HikariPool-1 - Pool stats (total=10, active=0, idle=10, waiting=0)
[2021-07-29 10:24:24] - HikariPool-1 - Fill pool skipped, pool is at sufficient level.
[2021-07-29 10:24:54] - HikariPool-1 - Pool stats (total=10, active=0, idle=10, waiting=0)
[2021-07-29 10:24:54] - HikariPool-1 - Fill pool skipped, pool is at sufficient level.
[2021-07-29 10:25:24] - HikariPool-1 - Pool stats (total=10, active=0, idle=10, waiting=0)
[2021-07-29 10:25:24] - HikariPool-1 - Fill pool skipped, pool is at sufficient level.
[2021-07-29 10:25:54] - HikariPool-1 - Pool stats (total=10, active=0, idle=10, waiting=0)
[2021-07-29 10:25:54] - HikariPool-1 - Fill pool skipped, pool is at sufficient level.
[2021-07-29 10:26:24] - HikariPool-1 - Pool stats (total=10, active=0, idle=10, waiting=0)
[2021-07-29 10:26:24] - HikariPool-1 - Fill pool skipped, pool is at sufficient level.
[2021-07-29 10:26:54] - HikariPool-1 - Pool stats (total=10, active=0, idle=10, waiting=0)
[2021-07-29 10:26:54] - HikariPool-1 - Fill pool skipped, pool is at sufficient level.
[2021-07-29 10:27:24] - HikariPool-1 - Pool stats (total=10, active=0, idle=10, waiting=0)
[2021-07-29 10:27:24] - HikariPool-1 - Fill pool skipped, pool is at sufficient level.
[2021-07-29 10:27:54] - HikariPool-1 - Pool stats (total=10, active=0, idle=10, waiting=0)
[2021-07-29 10:27:54] - HikariPool-1 - Fill pool skipped, pool is at sufficient level.
[2021-07-29 10:27:55] - Application availability state ReadinessState changed from ACCEPTING_TRAFFIC to REFUSING_TRAFFIC
[2021-07-29 10:27:55] - Closing org.springframework.boot.web.servlet.context.AnnotationConfigServletWebServerApplicationContext@1e8ce150, started on Thu Jul 29 10:21:22 IST 2021
[2021-07-29 10:27:55] - Found key 'spring.liveBeansView.mbeanDomain' in PropertySource 'systemProperties' with value of type String
[2021-07-29 10:27:55] - Stopping beans in phase 2147483647
[2021-07-29 10:27:55] - Bean 'webServerGracefulShutdown' completed its stop procedure
[2021-07-29 10:27:55] - Stopping beans in phase 2147483646
[2021-07-29 10:27:55] - Bean 'webServerStartStop' completed its stop procedure
[2021-07-29 10:27:55] - Stopping beans in phase 0
[2021-07-29 10:27:55] - Successfully stopped bean 'serverEndpointRegistration'
[2021-07-29 10:27:55] - Unregistering JMX-exposed beans on shutdown
[2021-07-29 10:27:55] - Unregistering JMX-exposed beans
[2021-07-29 10:27:55] - Shutting down ExecutorService 'applicationTaskExecutor'
[2021-07-29 10:27:55] - Closing JPA EntityManagerFactory for persistence unit 'default'
[2021-07-29 10:27:55] - HHH000031: Closing
[2021-07-29 10:27:55] - Un-scoping TypeConfiguration [org.hibernate.type.spi.TypeConfiguration$Scope@17ce8218] from SessionFactory [org.hibernate.internal.SessionFactoryImpl@250a946]
[2021-07-29 10:27:55] - Implicitly destroying ServiceRegistry on de-registration of all child ServiceRegistries
[2021-07-29 10:27:55] - Implicitly destroying Boot-strap registry on de-registration of all child ServiceRegistries
[2021-07-29 10:27:55] - HikariPool-1 - Shutdown initiated...
[2021-07-29 10:27:55] - HikariPool-1 - Before shutdown stats (total=10, active=0, idle=10, waiting=0)
[2021-07-29 10:27:55] - HikariPool-1 - Closing connection com.mysql.cj.jdbc.ConnectionImpl@5b44318: (connection evicted)
[2021-07-29 10:27:55] - HikariPool-1 - Closing connection com.mysql.cj.jdbc.ConnectionImpl@af0dadc: (connection evicted)
[2021-07-29 10:27:55] - HikariPool-1 - Closing connection com.mysql.cj.jdbc.ConnectionImpl@2be22fa8: (connection evicted)
[2021-07-29 10:27:55] - HikariPool-1 - Closing connection com.mysql.cj.jdbc.ConnectionImpl@15891295: (connection evicted)
[2021-07-29 10:27:55] - HikariPool-1 - Closing connection com.mysql.cj.jdbc.ConnectionImpl@2e7df468: (connection evicted)
[2021-07-29 10:27:55] - HikariPool-1 - Closing connection com.mysql.cj.jdbc.ConnectionImpl@2e148afb: (connection evicted)
[2021-07-29 10:27:55] - HikariPool-1 - Closing connection com.mysql.cj.jdbc.ConnectionImpl@23f0fe2e: (connection evicted)
[2021-07-29 10:27:55] - HikariPool-1 - Closing connection com.mysql.cj.jdbc.ConnectionImpl@1c0943ba: (connection evicted)
[2021-07-29 10:27:55] - HikariPool-1 - Closing connection com.mysql.cj.jdbc.ConnectionImpl@6a3bbfd1: (connection evicted)
[2021-07-29 10:27:55] - HikariPool-1 - Closing connection com.mysql.cj.jdbc.ConnectionImpl@447a638c: (connection evicted)
[2021-07-29 10:27:55] - HikariPool-1 - After shutdown stats (total=0, active=0, idle=0, waiting=0)
[2021-07-29 10:27:55] - HikariPool-1 - Shutdown completed.
[2021-07-29 10:28:01] - Starting SpringUniJpaApplication using Java 16.0.1 on anuththara-VivoBook-ASUSLaptop-X509JB-X509JB with PID 11862 (/home/anuththara/Documents/hSenid/Practice/springboot/spring-uni-jpa/UserJPA-Springboot/target/classes started by anuththara in /home/anuththara/Documents/hSenid/Practice/springboot/spring-uni-jpa/UserJPA-Springboot)
[2021-07-29 10:28:01] - Running with Spring Boot v2.5.2, Spring v5.3.8
[2021-07-29 10:28:01] - No active profile set, falling back to default profiles: default
[2021-07-29 10:28:01] - Loading source class com.anu.springunijpa.SpringUniJpaApplication
[2021-07-29 10:28:01] - Refreshing org.springframework.boot.web.servlet.context.AnnotationConfigServletWebServerApplicationContext@363042d7
[2021-07-29 10:28:01] - Creating shared instance of singleton bean 'org.springframework.context.annotation.internalConfigurationAnnotationProcessor'
[2021-07-29 10:28:01] - Creating shared instance of singleton bean 'org.springframework.boot.autoconfigure.internalCachingMetadataReaderFactory'
[2021-07-29 10:28:01] - Identified candidate component class: file [/home/anuththara/Documents/hSenid/Practice/springboot/spring-uni-jpa/UserJPA-Springboot/target/classes/com/anu/springunijpa/controller/CourseController.class]
[2021-07-29 10:28:01] - Identified candidate component class: file [/home/anuththara/Documents/hSenid/Practice/springboot/spring-uni-jpa/UserJPA-Springboot/target/classes/com/anu/springunijpa/controller/UserController.class]
[2021-07-29 10:28:01] - Identified candidate component class: file [/home/anuththara/Documents/hSenid/Practice/springboot/spring-uni-jpa/UserJPA-Springboot/target/classes/com/anu/springunijpa/exception/GlobalExceptionHandler.class]
[2021-07-29 10:28:01] - Identified candidate component class: file [/home/anuththara/Documents/hSenid/Practice/springboot/spring-uni-jpa/UserJPA-Springboot/target/classes/com/anu/springunijpa/resolver/CourseMutationResolver.class]
[2021-07-29 10:28:01] - Identified candidate component class: file [/home/anuththara/Documents/hSenid/Practice/springboot/spring-uni-jpa/UserJPA-Springboot/target/classes/com/anu/springunijpa/resolver/CourseResolver.class]
[2021-07-29 10:28:01] - Identified candidate component class: file [/home/anuththara/Documents/hSenid/Practice/springboot/spring-uni-jpa/UserJPA-Springboot/target/classes/com/anu/springunijpa/resolver/GraphQLLocalDate.class]
[2021-07-29 10:28:01] - Identified candidate component class: file [/home/anuththara/Documents/hSenid/Practice/springboot/spring-uni-jpa/UserJPA-Springboot/target/classes/com/anu/springunijpa/resolver/UserMutationResolver.class]
[2021-07-29 10:28:01] - Identified candidate component class: file [/home/anuththara/Documents/hSenid/Practice/springboot/spring-uni-jpa/UserJPA-Springboot/target/classes/com/anu/springunijpa/resolver/UserResolver.class]
[2021-07-29 10:28:01] - Identified candidate component class: file [/home/anuththara/Documents/hSenid/Practice/springboot/spring-uni-jpa/UserJPA-Springboot/target/classes/com/anu/springunijpa/service/impl/CourseServiceImpl.class]
[2021-07-29 10:28:01] - Identified candidate component class: file [/home/anuththara/Documents/hSenid/Practice/springboot/spring-uni-jpa/UserJPA-Springboot/target/classes/com/anu/springunijpa/service/impl/UserServiceImpl.class]
[2021-07-29 10:28:01] - Bootstrapping Spring Data JPA repositories in DEFAULT mode.
[2021-07-29 10:28:01] - Creating shared instance of singleton bean 'org.springframework.boot.autoconfigure.AutoConfigurationPackages'
[2021-07-29 10:28:01] - @EnableAutoConfiguration was declared on a class in the package 'com.anu.springunijpa'. Automatic @Repository and @Entity scanning is enabled.
[2021-07-29 10:28:01] - Scanning for JPA repositories in packages com.anu.springunijpa.
[2021-07-29 10:28:02] - Identified candidate component class: file [/home/anuththara/Documents/hSenid/Practice/springboot/spring-uni-jpa/UserJPA-Springboot/target/classes/com/anu/springunijpa/repository/CourseRepository.class]
[2021-07-29 10:28:02] - Identified candidate component class: file [/home/anuththara/Documents/hSenid/Practice/springboot/spring-uni-jpa/UserJPA-Springboot/target/classes/com/anu/springunijpa/repository/UserRepository.class]
[2021-07-29 10:28:02] - Identified candidate component class: file [/home/anuththara/Documents/hSenid/Practice/springboot/spring-uni-jpa/UserJPA-Springboot/target/classes/com/anu/springunijpa/service/impl/CourseServiceImpl.class]
[2021-07-29 10:28:02] - Identified candidate component class: file [/home/anuththara/Documents/hSenid/Practice/springboot/spring-uni-jpa/UserJPA-Springboot/target/classes/com/anu/springunijpa/service/impl/UserServiceImpl.class]
[2021-07-29 10:28:02] - Finished Spring Data repository scanning in 36 ms. Found 2 JPA repository interfaces.
[2021-07-29 10:28:02] - Creating shared instance of singleton bean 'propertySourcesPlaceholderConfigurer'
[2021-07-29 10:28:02] - Creating shared instance of singleton bean 'emBeanDefinitionRegistrarPostProcessor'
[2021-07-29 10:28:02] - Creating shared instance of singleton bean 'org.springframework.boot.sql.init.dependency.DatabaseInitializationDependencyConfigurer$DependsOnDatabaseInitializationPostProcessor'
[2021-07-29 10:28:02] - Creating shared instance of singleton bean 'org.springframework.context.event.internalEventListenerProcessor'
[2021-07-29 10:28:02] - Creating shared instance of singleton bean 'preserveErrorControllerTargetClassPostProcessor'
