[2021-07-27 16:31:22] - Adding type registration java.time.OffsetDateTime -> org.hibernate.type.OffsetDateTimeType@1bbddada
[2021-07-27 16:31:22] - Adding type registration OffsetTime -> org.hibernate.type.OffsetTimeType@4a070cf0
[2021-07-27 16:31:22] - Adding type registration java.time.OffsetTime -> org.hibernate.type.OffsetTimeType@4a070cf0
[2021-07-27 16:31:22] - Adding type registration ZonedDateTime -> org.hibernate.type.ZonedDateTimeType@519c6fcc
[2021-07-27 16:31:22] - Adding type registration java.time.ZonedDateTime -> org.hibernate.type.ZonedDateTimeType@519c6fcc
[2021-07-27 16:31:22] - Adding type registration date -> org.hibernate.type.DateType@319642db
[2021-07-27 16:31:22] - Adding type registration java.sql.Date -> org.hibernate.type.DateType@319642db
[2021-07-27 16:31:22] - Adding type registration time -> org.hibernate.type.TimeType@2eda4eeb
[2021-07-27 16:31:22] - Adding type registration java.sql.Time -> org.hibernate.type.TimeType@2eda4eeb
[2021-07-27 16:31:22] - Adding type registration timestamp -> org.hibernate.type.TimestampType@35d26ad2
[2021-07-27 16:31:22] - Adding type registration java.sql.Timestamp -> org.hibernate.type.TimestampType@35d26ad2
[2021-07-27 16:31:22] - Adding type registration java.util.Date -> org.hibernate.type.TimestampType@35d26ad2
[2021-07-27 16:31:22] - Adding type registration dbtimestamp -> org.hibernate.type.DbTimestampType@66e21568
[2021-07-27 16:31:22] - Adding type registration calendar -> org.hibernate.type.CalendarType@3a1f2a1
[2021-07-27 16:31:22] - Adding type registration java.util.Calendar -> org.hibernate.type.CalendarType@3a1f2a1
[2021-07-27 16:31:22] - Adding type registration java.util.GregorianCalendar -> org.hibernate.type.CalendarType@3a1f2a1
[2021-07-27 16:31:22] - Adding type registration calendar_date -> org.hibernate.type.CalendarDateType@5d05f453
[2021-07-27 16:31:22] - Adding type registration calendar_time -> org.hibernate.type.CalendarTimeType@4f281aaf
[2021-07-27 16:31:22] - Adding type registration locale -> org.hibernate.type.LocaleType@251c4280
[2021-07-27 16:31:22] - Adding type registration java.util.Locale -> org.hibernate.type.LocaleType@251c4280
[2021-07-27 16:31:22] - Adding type registration currency -> org.hibernate.type.CurrencyType@5921b93c
[2021-07-27 16:31:22] - Adding type registration java.util.Currency -> org.hibernate.type.CurrencyType@5921b93c
[2021-07-27 16:31:22] - Adding type registration timezone -> org.hibernate.type.TimeZoneType@45292ec1
[2021-07-27 16:31:22] - Adding type registration java.util.TimeZone -> org.hibernate.type.TimeZoneType@45292ec1
[2021-07-27 16:31:22] - Adding type registration class -> org.hibernate.type.ClassType@656a3d6b
[2021-07-27 16:31:22] - Adding type registration java.lang.Class -> org.hibernate.type.ClassType@656a3d6b
[2021-07-27 16:31:22] - Adding type registration uuid-binary -> org.hibernate.type.UUIDBinaryType@4d464510
[2021-07-27 16:31:22] - Adding type registration java.util.UUID -> org.hibernate.type.UUIDBinaryType@4d464510
[2021-07-27 16:31:22] - Adding type registration uuid-char -> org.hibernate.type.UUIDCharType@401c4250
[2021-07-27 16:31:22] - Adding type registration binary -> org.hibernate.type.BinaryType@16f0ec18
[2021-07-27 16:31:22] - Adding type registration byte[] -> org.hibernate.type.BinaryType@16f0ec18
[2021-07-27 16:31:22] - Adding type registration [B -> org.hibernate.type.BinaryType@16f0ec18
[2021-07-27 16:31:22] - Adding type registration wrapper-binary -> org.hibernate.type.WrapperBinaryType@364fd4ae
[2021-07-27 16:31:22] - Adding type registration Byte[] -> org.hibernate.type.WrapperBinaryType@364fd4ae
[2021-07-27 16:31:22] - Adding type registration [Ljava.lang.Byte; -> org.hibernate.type.WrapperBinaryType@364fd4ae
[2021-07-27 16:31:22] - Adding type registration row_version -> org.hibernate.type.RowVersionType@67fb5025
[2021-07-27 16:31:22] - Adding type registration image -> org.hibernate.type.ImageType@28cd2c2
[2021-07-27 16:31:22] - Adding type registration characters -> org.hibernate.type.CharArrayType@6e02721d
[2021-07-27 16:31:22] - Adding type registration char[] -> org.hibernate.type.CharArrayType@6e02721d
[2021-07-27 16:31:22] - Adding type registration [C -> org.hibernate.type.CharArrayType@6e02721d
[2021-07-27 16:31:22] - Adding type registration wrapper-characters -> org.hibernate.type.CharacterArrayType@5fdfe8cf
[2021-07-27 16:31:22] - Adding type registration [Ljava.lang.Character; -> org.hibernate.type.CharacterArrayType@5fdfe8cf
[2021-07-27 16:31:22] - Adding type registration Character[] -> org.hibernate.type.CharacterArrayType@5fdfe8cf
[2021-07-27 16:31:22] - Adding type registration text -> org.hibernate.type.TextType@ea7a4c3
[2021-07-27 16:31:22] - Adding type registration ntext -> org.hibernate.type.NTextType@2401856
[2021-07-27 16:31:22] - Adding type registration blob -> org.hibernate.type.BlobType@515b9d4a
[2021-07-27 16:31:22] - Adding type registration java.sql.Blob -> org.hibernate.type.BlobType@515b9d4a
[2021-07-27 16:31:22] - Adding type registration materialized_blob -> org.hibernate.type.MaterializedBlobType@23cd5d42
[2021-07-27 16:31:22] - Adding type registration clob -> org.hibernate.type.ClobType@160e99e0
[2021-07-27 16:31:22] - Adding type registration java.sql.Clob -> org.hibernate.type.ClobType@160e99e0
[2021-07-27 16:31:22] - Adding type registration nclob -> org.hibernate.type.NClobType@198536f6
[2021-07-27 16:31:22] - Adding type registration java.sql.NClob -> org.hibernate.type.NClobType@198536f6
[2021-07-27 16:31:22] - Adding type registration materialized_clob -> org.hibernate.type.MaterializedClobType@1c628f6a
[2021-07-27 16:31:22] - Adding type registration materialized_nclob -> org.hibernate.type.MaterializedNClobType@51d0ec6f
[2021-07-27 16:31:22] - Adding type registration serializable -> org.hibernate.type.SerializableType@53aa2fc9
[2021-07-27 16:31:22] - Adding type registration object -> org.hibernate.type.ObjectType@171dc7c3
[2021-07-27 16:31:22] - Adding type registration java.lang.Object -> org.hibernate.type.ObjectType@171dc7c3
[2021-07-27 16:31:22] - Adding type registration imm_date -> org.hibernate.type.AdaptedImmutableType@4ca5cb99
[2021-07-27 16:31:22] - Adding type registration imm_time -> org.hibernate.type.AdaptedImmutableType@7853363c
[2021-07-27 16:31:22] - Adding type registration imm_timestamp -> org.hibernate.type.AdaptedImmutableType@6282f1eb
[2021-07-27 16:31:22] - Adding type registration imm_dbtimestamp -> org.hibernate.type.AdaptedImmutableType@120d6cbf
[2021-07-27 16:31:22] - Adding type registration imm_calendar -> org.hibernate.type.AdaptedImmutableType@70169464
[2021-07-27 16:31:22] - Adding type registration imm_calendar_date -> org.hibernate.type.AdaptedImmutableType@1115be8c
[2021-07-27 16:31:22] - Adding type registration imm_binary -> org.hibernate.type.AdaptedImmutableType@64ed18ec
[2021-07-27 16:31:22] - Adding type registration imm_serializable -> org.hibernate.type.AdaptedImmutableType@1dfcf85a
[2021-07-27 16:31:22] - Injecting JPA temp ClassLoader [org.springframework.instrument.classloading.SimpleThrowawayClassLoader@6550ce46] into BootstrapContext; was [null]
[2021-07-27 16:31:22] - ClassLoaderAccessImpl#injectTempClassLoader(org.springframework.instrument.classloading.SimpleThrowawayClassLoader@6550ce46) [was null]
[2021-07-27 16:31:22] - Injecting ScanEnvironment [org.hibernate.jpa.boot.internal.StandardJpaScanEnvironmentImpl@69f69078] into BootstrapContext; was [null]
[2021-07-27 16:31:22] - Injecting ScanOptions [org.hibernate.boot.archive.scan.internal.StandardScanOptions@13b29b34] into BootstrapContext; was [org.hibernate.boot.archive.scan.internal.StandardScanOptions@25589735]
[2021-07-27 16:31:22] - Injecting JPA temp ClassLoader [null] into BootstrapContext; was [org.springframework.instrument.classloading.SimpleThrowawayClassLoader@6550ce46]
[2021-07-27 16:31:22] - ClassLoaderAccessImpl#injectTempClassLoader(null) [was org.springframework.instrument.classloading.SimpleThrowawayClassLoader@6550ce46]
[2021-07-27 16:31:22] - Registering IdentifierGenerator strategy [uuid2] -> [org.hibernate.id.UUIDGenerator]
[2021-07-27 16:31:22] - Registering IdentifierGenerator strategy [guid] -> [org.hibernate.id.GUIDGenerator]
[2021-07-27 16:31:22] - Registering IdentifierGenerator strategy [uuid] -> [org.hibernate.id.UUIDHexGenerator]
[2021-07-27 16:31:22] - Registering IdentifierGenerator strategy [uuid.hex] -> [org.hibernate.id.UUIDHexGenerator]
[2021-07-27 16:31:22] - Registering IdentifierGenerator strategy [assigned] -> [org.hibernate.id.Assigned]
[2021-07-27 16:31:22] - Registering IdentifierGenerator strategy [identity] -> [org.hibernate.id.IdentityGenerator]
[2021-07-27 16:31:22] - Registering IdentifierGenerator strategy [select] -> [org.hibernate.id.SelectGenerator]
[2021-07-27 16:31:22] - Registering IdentifierGenerator strategy [sequence] -> [org.hibernate.id.enhanced.SequenceStyleGenerator]
[2021-07-27 16:31:22] - Registering IdentifierGenerator strategy [seqhilo] -> [org.hibernate.id.SequenceHiLoGenerator]
[2021-07-27 16:31:22] - Registering IdentifierGenerator strategy [increment] -> [org.hibernate.id.IncrementGenerator]
[2021-07-27 16:31:22] - Registering IdentifierGenerator strategy [foreign] -> [org.hibernate.id.ForeignGenerator]
[2021-07-27 16:31:22] - Registering IdentifierGenerator strategy [sequence-identity] -> [org.hibernate.id.SequenceIdentityGenerator]
[2021-07-27 16:31:22] - Registering IdentifierGenerator strategy [enhanced-sequence] -> [org.hibernate.id.enhanced.SequenceStyleGenerator]
[2021-07-27 16:31:22] - Registering IdentifierGenerator strategy [enhanced-table] -> [org.hibernate.id.enhanced.TableGenerator]
[2021-07-27 16:31:22] - Creating new JDBC Driver Connection to [jdbc:h2:mem:3dc36ff3-1e8c-4a9b-9c5d-1552936b4da2;DB_CLOSE_DELAY=-1;DB_CLOSE_ON_EXIT=false]
[2021-07-27 16:31:22] - Database ->
       name : H2
    version : 1.4.200 (2019-10-14)
      major : 1
      minor : 4
[2021-07-27 16:31:22] - Driver ->
       name : H2 JDBC Driver
    version : 1.4.200 (2019-10-14)
      major : 1
      minor : 4
[2021-07-27 16:31:22] - JDBC version : 4.1
[2021-07-27 16:31:22] - HHH000400: Using dialect: org.hibernate.dialect.MySQL5Dialect
[2021-07-27 16:31:22] - JDBC driver metadata reported database stores quoted identifiers in neither upper, lower nor mixed case
[2021-07-27 16:31:22] - Created database namespace [logicalName=Name{catalog=null, schema=null}, physicalName=Name{catalog=null, schema=null}]
[2021-07-27 16:31:22] - Scoping TypeConfiguration [org.hibernate.type.spi.TypeConfiguration@1eb6037d] to MetadataBuildingContext [org.hibernate.boot.internal.MetadataBuildingContextRootImpl@335b3d6]
[2021-07-27 16:31:22] - Binding entity from annotated class: com.anu.springunijpa.entity.Course
[2021-07-27 16:31:22] - Binding column: Ejb3DiscriminatorColumn{logicalColumnName'DTYPE', discriminatorTypeName='string'}
[2021-07-27 16:31:22] - Import with entity name Course
[2021-07-27 16:31:22] - Bind entity com.anu.springunijpa.entity.Course on table course
[2021-07-27 16:31:22] - Binding column: Ejb3Column{table=org.hibernate.mapping.Table(course), mappingColumn=course_id, insertable=true, updatable=true, unique=false}
[2021-07-27 16:31:22] - Not known whether passed class name [com.anu.springunijpa.entity.Course] is safe
[2021-07-27 16:31:22] - No temp ClassLoader provided; using live ClassLoader for loading potentially unsafe class : com.anu.springunijpa.entity.Course
[2021-07-27 16:31:22] - MetadataSourceProcessor property courseId with lazy=false
[2021-07-27 16:31:22] - Attempting to locate auto-apply AttributeConverter for property [com.anu.springunijpa.entity.Course:courseId]
[2021-07-27 16:31:22] - building SimpleValue for courseId
[2021-07-27 16:31:22] - Building property courseId
[2021-07-27 16:31:22] - #makeIdGenerator(org.hibernate.mapping.SimpleValue([org.hibernate.mapping.Column(course_id)]), courseId, assigned, , ...)
[2021-07-27 16:31:22] - Binding column: Ejb3Column{table=org.hibernate.mapping.Table(course), mappingColumn=course_leader, insertable=true, updatable=true, unique=false}
[2021-07-27 16:31:22] - MetadataSourceProcessor property courseLeader with lazy=false
[2021-07-27 16:31:22] - Attempting to locate auto-apply AttributeConverter for property [com.anu.springunijpa.entity.Course:courseLeader]
[2021-07-27 16:31:22] - building SimpleValue for courseLeader
[2021-07-27 16:31:22] - Building property courseLeader
[2021-07-27 16:31:22] - Binding column: Ejb3Column{table=org.hibernate.mapping.Table(course), mappingColumn=course_name, insertable=true, updatable=true, unique=false}
[2021-07-27 16:31:22] - MetadataSourceProcessor property courseName with lazy=false
[2021-07-27 16:31:22] - Attempting to locate auto-apply AttributeConverter for property [com.anu.springunijpa.entity.Course:courseName]
[2021-07-27 16:31:22] - building SimpleValue for courseName
[2021-07-27 16:31:22] - Building property courseName
[2021-07-27 16:31:22] - Binding entity from annotated class: com.anu.springunijpa.entity.User
[2021-07-27 16:31:22] - Binding column: Ejb3DiscriminatorColumn{logicalColumnName'DTYPE', discriminatorTypeName='string'}
[2021-07-27 16:31:22] - Import with entity name User
[2021-07-27 16:31:22] - Bind entity com.anu.springunijpa.entity.User on table user
[2021-07-27 16:31:22] - Binding column: Ejb3Column{table=org.hibernate.mapping.Table(user), mappingColumn=user_id, insertable=true, updatable=true, unique=false}
[2021-07-27 16:31:22] - Not known whether passed class name [com.anu.springunijpa.entity.User] is safe
[2021-07-27 16:31:22] - No temp ClassLoader provided; using live ClassLoader for loading potentially unsafe class : com.anu.springunijpa.entity.User
[2021-07-27 16:31:22] - MetadataSourceProcessor property userId with lazy=false
[2021-07-27 16:31:22] - Attempting to locate auto-apply AttributeConverter for property [com.anu.springunijpa.entity.User:userId]
[2021-07-27 16:31:22] - building SimpleValue for userId
[2021-07-27 16:31:22] - Building property userId
[2021-07-27 16:31:22] - #makeIdGenerator(org.hibernate.mapping.SimpleValue([org.hibernate.mapping.Column(user_id)]), userId, identity, , ...)
[2021-07-27 16:31:22] - Binding column: Ejb3Column{table=org.hibernate.mapping.Table(user), mappingColumn=date_of_birth, insertable=true, updatable=true, unique=false}
