[2021-07-29 10:34:00] - HikariPool-1 - Pool stats (total=10, active=0, idle=10, waiting=0)
[2021-07-29 10:34:00] - HikariPool-1 - Fill pool skipped, pool is at sufficient level.
[2021-07-29 10:34:30] - HikariPool-1 - Pool stats (total=10, active=0, idle=10, waiting=0)
[2021-07-29 10:34:30] - HikariPool-1 - Fill pool skipped, pool is at sufficient level.
[2021-07-29 10:35:00] - HikariPool-1 - Pool stats (total=10, active=0, idle=10, waiting=0)
[2021-07-29 10:35:00] - HikariPool-1 - Fill pool skipped, pool is at sufficient level.
[2021-07-29 10:35:30] - HikariPool-1 - Pool stats (total=10, active=0, idle=10, waiting=0)
[2021-07-29 10:35:30] - HikariPool-1 - Fill pool skipped, pool is at sufficient level.
[2021-07-29 10:36:00] - HikariPool-1 - Pool stats (total=10, active=0, idle=10, waiting=0)
[2021-07-29 10:36:00] - HikariPool-1 - Fill pool skipped, pool is at sufficient level.
[2021-07-29 10:36:30] - HikariPool-1 - Pool stats (total=10, active=0, idle=10, waiting=0)
[2021-07-29 10:36:30] - HikariPool-1 - Fill pool skipped, pool is at sufficient level.
[2021-07-29 10:37:00] - HikariPool-1 - Pool stats (total=10, active=0, idle=10, waiting=0)
[2021-07-29 10:37:00] - HikariPool-1 - Fill pool skipped, pool is at sufficient level.
[2021-07-29 10:37:30] - HikariPool-1 - Pool stats (total=10, active=0, idle=10, waiting=0)
[2021-07-29 10:37:30] - HikariPool-1 - Fill pool skipped, pool is at sufficient level.
[2021-07-29 10:38:00] - HikariPool-1 - Pool stats (total=10, active=0, idle=10, waiting=0)
[2021-07-29 10:38:00] - HikariPool-1 - Fill pool skipped, pool is at sufficient level.
[2021-07-29 10:38:30] - HikariPool-1 - Pool stats (total=10, active=0, idle=10, waiting=0)
[2021-07-29 10:38:30] - HikariPool-1 - Fill pool skipped, pool is at sufficient level.
[2021-07-29 10:39:00] - HikariPool-1 - Pool stats (total=10, active=0, idle=10, waiting=0)
[2021-07-29 10:39:00] - HikariPool-1 - Fill pool skipped, pool is at sufficient level.
[2021-07-29 10:39:30] - HikariPool-1 - Pool stats (total=10, active=0, idle=10, waiting=0)
[2021-07-29 10:39:30] - HikariPool-1 - Fill pool skipped, pool is at sufficient level.
[2021-07-29 10:40:00] - HikariPool-1 - Pool stats (total=10, active=0, idle=10, waiting=0)
[2021-07-29 10:40:00] - HikariPool-1 - Fill pool skipped, pool is at sufficient level.
[2021-07-29 10:40:30] - HikariPool-1 - Pool stats (total=10, active=0, idle=10, waiting=0)
[2021-07-29 10:40:30] - HikariPool-1 - Fill pool skipped, pool is at sufficient level.
[2021-07-29 10:41:00] - HikariPool-1 - Pool stats (total=10, active=0, idle=10, waiting=0)
[2021-07-29 10:41:00] - HikariPool-1 - Fill pool skipped, pool is at sufficient level.
[2021-07-29 10:41:30] - HikariPool-1 - Pool stats (total=10, active=0, idle=10, waiting=0)
[2021-07-29 10:41:30] - HikariPool-1 - Fill pool skipped, pool is at sufficient level.
[2021-07-29 10:42:00] - HikariPool-1 - Pool stats (total=10, active=0, idle=10, waiting=0)
[2021-07-29 10:42:00] - HikariPool-1 - Fill pool skipped, pool is at sufficient level.
[2021-07-29 10:42:30] - HikariPool-1 - Pool stats (total=10, active=0, idle=10, waiting=0)
[2021-07-29 10:42:30] - HikariPool-1 - Fill pool skipped, pool is at sufficient level.
[2021-07-29 10:43:00] - HikariPool-1 - Pool stats (total=10, active=0, idle=10, waiting=0)
[2021-07-29 10:43:00] - HikariPool-1 - Fill pool skipped, pool is at sufficient level.
[2021-07-29 10:43:30] - HikariPool-1 - Pool stats (total=10, active=0, idle=10, waiting=0)
[2021-07-29 10:43:30] - HikariPool-1 - Fill pool skipped, pool is at sufficient level.
[2021-07-29 10:44:00] - HikariPool-1 - Pool stats (total=10, active=0, idle=10, waiting=0)
[2021-07-29 10:44:00] - HikariPool-1 - Fill pool skipped, pool is at sufficient level.
[2021-07-29 10:44:30] - HikariPool-1 - Pool stats (total=10, active=0, idle=10, waiting=0)
[2021-07-29 10:44:30] - HikariPool-1 - Fill pool skipped, pool is at sufficient level.
[2021-07-29 10:44:54] - Application availability state ReadinessState changed from ACCEPTING_TRAFFIC to REFUSING_TRAFFIC
[2021-07-29 10:44:54] - Closing org.springframework.boot.web.servlet.context.AnnotationConfigServletWebServerApplicationContext@363042d7, started on Thu Jul 29 10:33:27 IST 2021
[2021-07-29 10:44:54] - Found key 'spring.liveBeansView.mbeanDomain' in PropertySource 'systemProperties' with value of type String
[2021-07-29 10:44:54] - Stopping beans in phase 2147483647
[2021-07-29 10:44:54] - Bean 'webServerGracefulShutdown' completed its stop procedure
[2021-07-29 10:44:54] - Stopping beans in phase 2147483646
[2021-07-29 10:44:54] - Bean 'webServerStartStop' completed its stop procedure
[2021-07-29 10:44:54] - Stopping beans in phase 0
[2021-07-29 10:44:54] - Successfully stopped bean 'serverEndpointRegistration'
[2021-07-29 10:44:54] - Unregistering JMX-exposed beans on shutdown
[2021-07-29 10:44:54] - Unregistering JMX-exposed beans
[2021-07-29 10:44:54] - Shutting down ExecutorService 'applicationTaskExecutor'
[2021-07-29 10:44:54] - Closing JPA EntityManagerFactory for persistence unit 'default'
[2021-07-29 10:44:54] - HHH000031: Closing
[2021-07-29 10:44:54] - Un-scoping TypeConfiguration [org.hibernate.type.spi.TypeConfiguration$Scope@367143f2] from SessionFactory [org.hibernate.internal.SessionFactoryImpl@7ab1ad9]
[2021-07-29 10:44:54] - Implicitly destroying ServiceRegistry on de-registration of all child ServiceRegistries
[2021-07-29 10:44:54] - Implicitly destroying Boot-strap registry on de-registration of all child ServiceRegistries
[2021-07-29 10:44:54] - HikariPool-1 - Shutdown initiated...
[2021-07-29 10:44:54] - HikariPool-1 - Before shutdown stats (total=10, active=0, idle=10, waiting=0)
[2021-07-29 10:44:54] - HikariPool-1 - Closing connection com.mysql.cj.jdbc.ConnectionImpl@63dda940: (connection evicted)
[2021-07-29 10:44:54] - HikariPool-1 - Closing connection com.mysql.cj.jdbc.ConnectionImpl@35bcca31: (connection evicted)
[2021-07-29 10:44:54] - HikariPool-1 - Closing connection com.mysql.cj.jdbc.ConnectionImpl@14ae3f45: (connection evicted)
[2021-07-29 10:44:54] - HikariPool-1 - Closing connection com.mysql.cj.jdbc.ConnectionImpl@32db5aff: (connection evicted)
[2021-07-29 10:44:54] - HikariPool-1 - Closing connection com.mysql.cj.jdbc.ConnectionImpl@10e04752: (connection evicted)
[2021-07-29 10:44:54] - HikariPool-1 - Closing connection com.mysql.cj.jdbc.ConnectionImpl@1d0b8bda: (connection evicted)
[2021-07-29 10:44:54] - HikariPool-1 - Closing connection com.mysql.cj.jdbc.ConnectionImpl@3f9485c7: (connection evicted)
[2021-07-29 10:44:54] - HikariPool-1 - Closing connection com.mysql.cj.jdbc.ConnectionImpl@1e8aa694: (connection evicted)
[2021-07-29 10:44:54] - HikariPool-1 - Closing connection com.mysql.cj.jdbc.ConnectionImpl@1958e13e: (connection evicted)
[2021-07-29 10:44:54] - HikariPool-1 - Closing connection com.mysql.cj.jdbc.ConnectionImpl@256c6f52: (connection evicted)
[2021-07-29 10:44:54] - HikariPool-1 - After shutdown stats (total=0, active=0, idle=0, waiting=0)
[2021-07-29 10:44:54] - HikariPool-1 - Shutdown completed.
[2021-07-29 10:44:57] - Starting SpringUniJpaApplication using Java 16.0.1 on anuththara-VivoBook-ASUSLaptop-X509JB-X509JB with PID 13171 (/home/anuththara/Documents/hSenid/Practice/springboot/spring-uni-jpa/UserJPA-Springboot/target/classes started by anuththara in /home/anuththara/Documents/hSenid/Practice/springboot/spring-uni-jpa/UserJPA-Springboot)
[2021-07-29 10:44:57] - Running with Spring Boot v2.5.2, Spring v5.3.8
[2021-07-29 10:44:57] - No active profile set, falling back to default profiles: default
[2021-07-29 10:44:57] - Loading source class com.anu.springunijpa.SpringUniJpaApplication
[2021-07-29 10:44:57] - Refreshing org.springframework.boot.web.servlet.context.AnnotationConfigServletWebServerApplicationContext@363042d7
[2021-07-29 10:44:57] - Creating shared instance of singleton bean 'org.springframework.context.annotation.internalConfigurationAnnotationProcessor'
[2021-07-29 10:44:57] - Creating shared instance of singleton bean 'org.springframework.boot.autoconfigure.internalCachingMetadataReaderFactory'
[2021-07-29 10:44:57] - Identified candidate component class: file [/home/anuththara/Documents/hSenid/Practice/springboot/spring-uni-jpa/UserJPA-Springboot/target/classes/com/anu/springunijpa/controller/CourseController.class]
[2021-07-29 10:44:57] - Identified candidate component class: file [/home/anuththara/Documents/hSenid/Practice/springboot/spring-uni-jpa/UserJPA-Springboot/target/classes/com/anu/springunijpa/controller/UserController.class]
[2021-07-29 10:44:57] - Identified candidate component class: file [/home/anuththara/Documents/hSenid/Practice/springboot/spring-uni-jpa/UserJPA-Springboot/target/classes/com/anu/springunijpa/exception/GlobalExceptionHandler.class]
[2021-07-29 10:44:57] - Identified candidate component class: file [/home/anuththara/Documents/hSenid/Practice/springboot/spring-uni-jpa/UserJPA-Springboot/target/classes/com/anu/springunijpa/localDate/LocalDateDeserializer.class]
[2021-07-29 10:44:57] - Identified candidate component class: file [/home/anuththara/Documents/hSenid/Practice/springboot/spring-uni-jpa/UserJPA-Springboot/target/classes/com/anu/springunijpa/localDate/LocalDateSerializer.class]
[2021-07-29 10:44:57] - Identified candidate component class: file [/home/anuththara/Documents/hSenid/Practice/springboot/spring-uni-jpa/UserJPA-Springboot/target/classes/com/anu/springunijpa/resolver/CourseMutationResolver.class]
[2021-07-29 10:44:57] - Identified candidate component class: file [/home/anuththara/Documents/hSenid/Practice/springboot/spring-uni-jpa/UserJPA-Springboot/target/classes/com/anu/springunijpa/resolver/CourseResolver.class]
[2021-07-29 10:44:57] - Identified candidate component class: file [/home/anuththara/Documents/hSenid/Practice/springboot/spring-uni-jpa/UserJPA-Springboot/target/classes/com/anu/springunijpa/resolver/GraphQLLocalDate.class]
[2021-07-29 10:44:57] - Identified candidate component class: file [/home/anuththara/Documents/hSenid/Practice/springboot/spring-uni-jpa/UserJPA-Springboot/target/classes/com/anu/springunijpa/resolver/UserMutationResolver.class]
[2021-07-29 10:44:57] - Identified candidate component class: file [/home/anuththara/Documents/hSenid/Practice/springboot/spring-uni-jpa/UserJPA-Springboot/target/classes/com/anu/springunijpa/resolver/UserResolver.class]
[2021-07-29 10:44:57] - Identified candidate component class: file [/home/anuththara/Documents/hSenid/Practice/springboot/spring-uni-jpa/UserJPA-Springboot/target/classes/com/anu/springunijpa/service/impl/CourseServiceImpl.class]
[2021-07-29 10:44:57] - Identified candidate component class: file [/home/anuththara/Documents/hSenid/Practice/springboot/spring-uni-jpa/UserJPA-Springboot/target/classes/com/anu/springunijpa/service/impl/UserServiceImpl.class]
[2021-07-29 10:44:58] - Bootstrapping Spring Data JPA repositories in DEFAULT mode.
[2021-07-29 10:44:58] - Creating shared instance of singleton bean 'org.springframework.boot.autoconfigure.AutoConfigurationPackages'
[2021-07-29 10:44:58] - @EnableAutoConfiguration was declared on a class in the package 'com.anu.springunijpa'. Automatic @Repository and @Entity scanning is enabled.
[2021-07-29 10:44:58] - Scanning for JPA repositories in packages com.anu.springunijpa.
[2021-07-29 10:44:58] - Identified candidate component class: file [/home/anuththara/Documents/hSenid/Practice/springboot/spring-uni-jpa/UserJPA-Springboot/target/classes/com/anu/springunijpa/repository/CourseRepository.class]
[2021-07-29 10:44:58] - Identified candidate component class: file [/home/anuththara/Documents/hSenid/Practice/springboot/spring-uni-jpa/UserJPA-Springboot/target/classes/com/anu/springunijpa/repository/UserRepository.class]
[2021-07-29 10:44:58] - Identified candidate component class: file [/home/anuththara/Documents/hSenid/Practice/springboot/spring-uni-jpa/UserJPA-Springboot/target/classes/com/anu/springunijpa/service/impl/CourseServiceImpl.class]
[2021-07-29 10:44:58] - Identified candidate component class: file [/home/anuththara/Documents/hSenid/Practice/springboot/spring-uni-jpa/UserJPA-Springboot/target/classes/com/anu/springunijpa/service/impl/UserServiceImpl.class]
[2021-07-29 10:44:58] - Finished Spring Data repository scanning in 27 ms. Found 2 JPA repository interfaces.
[2021-07-29 10:44:58] - Creating shared instance of singleton bean 'propertySourcesPlaceholderConfigurer'
[2021-07-29 10:44:58] - Creating shared instance of singleton bean 'emBeanDefinitionRegistrarPostProcessor'
[2021-07-29 10:44:58] - Creating shared instance of singleton bean 'org.springframework.boot.sql.init.dependency.DatabaseInitializationDependencyConfigurer$DependsOnDatabaseInitializationPostProcessor'
