[2021-07-28 09:01:17] - Adding type registration short -> org.hibernate.type.ShortType@3b42121d
[2021-07-28 09:01:17] - Adding type registration short -> org.hibernate.type.ShortType@3b42121d
[2021-07-28 09:01:17] - Adding type registration java.lang.Short -> org.hibernate.type.ShortType@3b42121d
[2021-07-28 09:01:17] - Adding type registration integer -> org.hibernate.type.IntegerType@71b6172c
[2021-07-28 09:01:17] - Adding type registration int -> org.hibernate.type.IntegerType@71b6172c
[2021-07-28 09:01:17] - Adding type registration java.lang.Integer -> org.hibernate.type.IntegerType@71b6172c
[2021-07-28 09:01:17] - Adding type registration long -> org.hibernate.type.LongType@723877dd
[2021-07-28 09:01:17] - Adding type registration long -> org.hibernate.type.LongType@723877dd
[2021-07-28 09:01:17] - Adding type registration java.lang.Long -> org.hibernate.type.LongType@723877dd
[2021-07-28 09:01:17] - Adding type registration float -> org.hibernate.type.FloatType@6d229b1c
[2021-07-28 09:01:17] - Adding type registration float -> org.hibernate.type.FloatType@6d229b1c
[2021-07-28 09:01:17] - Adding type registration java.lang.Float -> org.hibernate.type.FloatType@6d229b1c
[2021-07-28 09:01:17] - Adding type registration double -> org.hibernate.type.DoubleType@38ee7a9d
[2021-07-28 09:01:17] - Adding type registration double -> org.hibernate.type.DoubleType@38ee7a9d
[2021-07-28 09:01:17] - Adding type registration java.lang.Double -> org.hibernate.type.DoubleType@38ee7a9d
[2021-07-28 09:01:17] - Adding type registration big_decimal -> org.hibernate.type.BigDecimalType@6ec63f8
[2021-07-28 09:01:17] - Adding type registration java.math.BigDecimal -> org.hibernate.type.BigDecimalType@6ec63f8
[2021-07-28 09:01:17] - Adding type registration big_integer -> org.hibernate.type.BigIntegerType@51a651c1
[2021-07-28 09:01:17] - Adding type registration java.math.BigInteger -> org.hibernate.type.BigIntegerType@51a651c1
[2021-07-28 09:01:17] - Adding type registration string -> org.hibernate.type.StringType@daf22f0
[2021-07-28 09:01:17] - Adding type registration java.lang.String -> org.hibernate.type.StringType@daf22f0
[2021-07-28 09:01:17] - Adding type registration nstring -> org.hibernate.type.StringNVarcharType@5426cb36
[2021-07-28 09:01:17] - Adding type registration ncharacter -> org.hibernate.type.CharacterNCharType@5f34907b
[2021-07-28 09:01:17] - Adding type registration url -> org.hibernate.type.UrlType@9b5f3c7
[2021-07-28 09:01:17] - Adding type registration java.net.URL -> org.hibernate.type.UrlType@9b5f3c7
[2021-07-28 09:01:17] - Adding type registration Duration -> org.hibernate.type.DurationType@9c93d16
[2021-07-28 09:01:17] - Adding type registration java.time.Duration -> org.hibernate.type.DurationType@9c93d16
[2021-07-28 09:01:17] - Adding type registration Instant -> org.hibernate.type.InstantType@5489b1f7
[2021-07-28 09:01:17] - Adding type registration java.time.Instant -> org.hibernate.type.InstantType@5489b1f7
[2021-07-28 09:01:17] - Adding type registration LocalDateTime -> org.hibernate.type.LocalDateTimeType@29f38091
[2021-07-28 09:01:17] - Adding type registration java.time.LocalDateTime -> org.hibernate.type.LocalDateTimeType@29f38091
[2021-07-28 09:01:17] - Adding type registration LocalDate -> org.hibernate.type.LocalDateType@1e7f19b4
[2021-07-28 09:01:17] - Adding type registration java.time.LocalDate -> org.hibernate.type.LocalDateType@1e7f19b4
[2021-07-28 09:01:17] - Adding type registration LocalTime -> org.hibernate.type.LocalTimeType@4ed15347
[2021-07-28 09:01:17] - Adding type registration java.time.LocalTime -> org.hibernate.type.LocalTimeType@4ed15347
[2021-07-28 09:01:17] - Adding type registration OffsetDateTime -> org.hibernate.type.OffsetDateTimeType@9f86dc3
[2021-07-28 09:01:17] - Adding type registration java.time.OffsetDateTime -> org.hibernate.type.OffsetDateTimeType@9f86dc3
[2021-07-28 09:01:17] - Adding type registration OffsetTime -> org.hibernate.type.OffsetTimeType@bf75b5c
[2021-07-28 09:01:17] - Adding type registration java.time.OffsetTime -> org.hibernate.type.OffsetTimeType@bf75b5c
[2021-07-28 09:01:17] - Adding type registration ZonedDateTime -> org.hibernate.type.ZonedDateTimeType@6fcd31c3
[2021-07-28 09:01:17] - Adding type registration java.time.ZonedDateTime -> org.hibernate.type.ZonedDateTimeType@6fcd31c3
[2021-07-28 09:01:17] - Adding type registration date -> org.hibernate.type.DateType@250b5e5b
[2021-07-28 09:01:17] - Adding type registration java.sql.Date -> org.hibernate.type.DateType@250b5e5b
[2021-07-28 09:01:17] - Adding type registration time -> org.hibernate.type.TimeType@5df63359
[2021-07-28 09:01:17] - Adding type registration java.sql.Time -> org.hibernate.type.TimeType@5df63359
[2021-07-28 09:01:17] - Adding type registration timestamp -> org.hibernate.type.TimestampType@f0a66bd
[2021-07-28 09:01:17] - Adding type registration java.sql.Timestamp -> org.hibernate.type.TimestampType@f0a66bd
[2021-07-28 09:01:17] - Adding type registration java.util.Date -> org.hibernate.type.TimestampType@f0a66bd
[2021-07-28 09:01:17] - Adding type registration dbtimestamp -> org.hibernate.type.DbTimestampType@41ef1ea2
[2021-07-28 09:01:17] - Adding type registration calendar -> org.hibernate.type.CalendarType@314a31b0
[2021-07-28 09:01:17] - Adding type registration java.util.Calendar -> org.hibernate.type.CalendarType@314a31b0
[2021-07-28 09:01:17] - Adding type registration java.util.GregorianCalendar -> org.hibernate.type.CalendarType@314a31b0
[2021-07-28 09:01:17] - Adding type registration calendar_date -> org.hibernate.type.CalendarDateType@79d3473e
[2021-07-28 09:01:17] - Adding type registration calendar_time -> org.hibernate.type.CalendarTimeType@62765aec
[2021-07-28 09:01:17] - Adding type registration locale -> org.hibernate.type.LocaleType@4640195a
[2021-07-28 09:01:17] - Adding type registration java.util.Locale -> org.hibernate.type.LocaleType@4640195a
[2021-07-28 09:01:17] - Adding type registration currency -> org.hibernate.type.CurrencyType@57efc6fd
[2021-07-28 09:01:17] - Adding type registration java.util.Currency -> org.hibernate.type.CurrencyType@57efc6fd
[2021-07-28 09:01:17] - Adding type registration timezone -> org.hibernate.type.TimeZoneType@217c23ce
[2021-07-28 09:01:17] - Adding type registration java.util.TimeZone -> org.hibernate.type.TimeZoneType@217c23ce
[2021-07-28 09:01:17] - Adding type registration class -> org.hibernate.type.ClassType@7d528cf7
[2021-07-28 09:01:17] - Adding type registration java.lang.Class -> org.hibernate.type.ClassType@7d528cf7
[2021-07-28 09:01:17] - Adding type registration uuid-binary -> org.hibernate.type.UUIDBinaryType@6cbe68e9
[2021-07-28 09:01:17] - Adding type registration java.util.UUID -> org.hibernate.type.UUIDBinaryType@6cbe68e9
[2021-07-28 09:01:17] - Adding type registration uuid-char -> org.hibernate.type.UUIDCharType@56846330
[2021-07-28 09:01:17] - Adding type registration binary -> org.hibernate.type.BinaryType@14c141c0
[2021-07-28 09:01:17] - Adding type registration byte[] -> org.hibernate.type.BinaryType@14c141c0
[2021-07-28 09:01:17] - Adding type registration [B -> org.hibernate.type.BinaryType@14c141c0
[2021-07-28 09:01:17] - Adding type registration wrapper-binary -> org.hibernate.type.WrapperBinaryType@28e0e464
[2021-07-28 09:01:17] - Adding type registration Byte[] -> org.hibernate.type.WrapperBinaryType@28e0e464
[2021-07-28 09:01:17] - Adding type registration [Ljava.lang.Byte; -> org.hibernate.type.WrapperBinaryType@28e0e464
[2021-07-28 09:01:17] - Adding type registration row_version -> org.hibernate.type.RowVersionType@3b2e5c0d
[2021-07-28 09:01:17] - Adding type registration image -> org.hibernate.type.ImageType@429aeac1
[2021-07-28 09:01:17] - Adding type registration characters -> org.hibernate.type.CharArrayType@66522ead
[2021-07-28 09:01:17] - Adding type registration char[] -> org.hibernate.type.CharArrayType@66522ead
[2021-07-28 09:01:17] - Adding type registration [C -> org.hibernate.type.CharArrayType@66522ead
[2021-07-28 09:01:17] - Adding type registration wrapper-characters -> org.hibernate.type.CharacterArrayType@1dad01fe
[2021-07-28 09:01:17] - Adding type registration [Ljava.lang.Character; -> org.hibernate.type.CharacterArrayType@1dad01fe
[2021-07-28 09:01:17] - Adding type registration Character[] -> org.hibernate.type.CharacterArrayType@1dad01fe
[2021-07-28 09:01:17] - Adding type registration text -> org.hibernate.type.TextType@68b734a8
[2021-07-28 09:01:17] - Adding type registration ntext -> org.hibernate.type.NTextType@d88f893
[2021-07-28 09:01:17] - Adding type registration blob -> org.hibernate.type.BlobType@2668c286
[2021-07-28 09:01:17] - Adding type registration java.sql.Blob -> org.hibernate.type.BlobType@2668c286
[2021-07-28 09:01:17] - Adding type registration materialized_blob -> org.hibernate.type.MaterializedBlobType@7c0f28f8
[2021-07-28 09:01:17] - Adding type registration clob -> org.hibernate.type.ClobType@17043b04
[2021-07-28 09:01:17] - Adding type registration java.sql.Clob -> org.hibernate.type.ClobType@17043b04
[2021-07-28 09:01:17] - Adding type registration nclob -> org.hibernate.type.NClobType@546394ed
[2021-07-28 09:01:17] - Adding type registration java.sql.NClob -> org.hibernate.type.NClobType@546394ed
[2021-07-28 09:01:17] - Adding type registration materialized_clob -> org.hibernate.type.MaterializedClobType@7ccfdaef
[2021-07-28 09:01:17] - Adding type registration materialized_nclob -> org.hibernate.type.MaterializedNClobType@1ba467c2
[2021-07-28 09:01:17] - Adding type registration serializable -> org.hibernate.type.SerializableType@327e5be5
[2021-07-28 09:01:17] - Adding type registration object -> org.hibernate.type.ObjectType@716185fe
[2021-07-28 09:01:17] - Adding type registration java.lang.Object -> org.hibernate.type.ObjectType@716185fe
[2021-07-28 09:01:17] - Adding type registration imm_date -> org.hibernate.type.AdaptedImmutableType@51f95f0d
[2021-07-28 09:01:17] - Adding type registration imm_time -> org.hibernate.type.AdaptedImmutableType@6fc0bbc6
[2021-07-28 09:01:17] - Adding type registration imm_timestamp -> org.hibernate.type.AdaptedImmutableType@706ddbc8
[2021-07-28 09:01:17] - Adding type registration imm_dbtimestamp -> org.hibernate.type.AdaptedImmutableType@fd09e43
[2021-07-28 09:01:17] - Adding type registration imm_calendar -> org.hibernate.type.AdaptedImmutableType@144ab983
[2021-07-28 09:01:17] - Adding type registration imm_calendar_date -> org.hibernate.type.AdaptedImmutableType@7ebe2e47
[2021-07-28 09:01:17] - Adding type registration imm_binary -> org.hibernate.type.AdaptedImmutableType@609319c3
[2021-07-28 09:01:17] - Adding type registration imm_serializable -> org.hibernate.type.AdaptedImmutableType@6bbab114
[2021-07-28 09:01:17] - Injecting JPA temp ClassLoader [org.springframework.instrument.classloading.SimpleThrowawayClassLoader@71aaf151] into BootstrapContext; was [null]
[2021-07-28 09:01:17] - ClassLoaderAccessImpl#injectTempClassLoader(org.springframework.instrument.classloading.SimpleThrowawayClassLoader@71aaf151) [was null]
[2021-07-28 09:01:17] - Injecting ScanEnvironment [org.hibernate.jpa.boot.internal.StandardJpaScanEnvironmentImpl@43ecfeb5] into BootstrapContext; was [null]
[2021-07-28 09:01:17] - Injecting ScanOptions [org.hibernate.boot.archive.scan.internal.StandardScanOptions@51efb731] into BootstrapContext; was [org.hibernate.boot.archive.scan.internal.StandardScanOptions@53940e2f]
[2021-07-28 09:01:17] - Injecting JPA temp ClassLoader [null] into BootstrapContext; was [org.springframework.instrument.classloading.SimpleThrowawayClassLoader@71aaf151]
[2021-07-28 09:01:17] - ClassLoaderAccessImpl#injectTempClassLoader(null) [was org.springframework.instrument.classloading.SimpleThrowawayClassLoader@71aaf151]
[2021-07-28 09:01:17] - Registering IdentifierGenerator strategy [uuid2] -> [org.hibernate.id.UUIDGenerator]
[2021-07-28 09:01:17] - Registering IdentifierGenerator strategy [guid] -> [org.hibernate.id.GUIDGenerator]
[2021-07-28 09:01:17] - Registering IdentifierGenerator strategy [uuid] -> [org.hibernate.id.UUIDHexGenerator]
[2021-07-28 09:01:17] - Registering IdentifierGenerator strategy [uuid.hex] -> [org.hibernate.id.UUIDHexGenerator]
[2021-07-28 09:01:17] - Registering IdentifierGenerator strategy [assigned] -> [org.hibernate.id.Assigned]
[2021-07-28 09:01:17] - Registering IdentifierGenerator strategy [identity] -> [org.hibernate.id.IdentityGenerator]
[2021-07-28 09:01:17] - Registering IdentifierGenerator strategy [select] -> [org.hibernate.id.SelectGenerator]
[2021-07-28 09:01:17] - Registering IdentifierGenerator strategy [sequence] -> [org.hibernate.id.enhanced.SequenceStyleGenerator]
[2021-07-28 09:01:17] - Registering IdentifierGenerator strategy [seqhilo] -> [org.hibernate.id.SequenceHiLoGenerator]
[2021-07-28 09:01:17] - Registering IdentifierGenerator strategy [increment] -> [org.hibernate.id.IncrementGenerator]
[2021-07-28 09:01:17] - Registering IdentifierGenerator strategy [foreign] -> [org.hibernate.id.ForeignGenerator]
[2021-07-28 09:01:17] - Registering IdentifierGenerator strategy [sequence-identity] -> [org.hibernate.id.SequenceIdentityGenerator]
[2021-07-28 09:01:17] - Registering IdentifierGenerator strategy [enhanced-sequence] -> [org.hibernate.id.enhanced.SequenceStyleGenerator]
[2021-07-28 09:01:17] - Registering IdentifierGenerator strategy [enhanced-table] -> [org.hibernate.id.enhanced.TableGenerator]
[2021-07-28 09:01:17] - HikariPool-1 - configuration:
[2021-07-28 09:01:17] - allowPoolSuspension................................false
[2021-07-28 09:01:17] - autoCommit................................true
[2021-07-28 09:01:17] - catalog................................none
[2021-07-28 09:01:17] - connectionInitSql................................none
[2021-07-28 09:01:17] - connectionTestQuery................................none
[2021-07-28 09:01:17] - connectionTimeout................................30000
[2021-07-28 09:01:17] - dataSource................................none
[2021-07-28 09:01:17] - dataSourceClassName................................none
[2021-07-28 09:01:17] - dataSourceJNDI................................none
[2021-07-28 09:01:17] - dataSourceProperties................................{password=<masked>}
[2021-07-28 09:01:17] - driverClassName................................"com.mysql.jdbc.Driver"
[2021-07-28 09:01:17] - exceptionOverrideClassName................................none
[2021-07-28 09:01:17] - healthCheckProperties................................{}
[2021-07-28 09:01:17] - healthCheckRegistry................................none
[2021-07-28 09:01:17] - idleTimeout................................600000
[2021-07-28 09:01:17] - initializationFailTimeout................................1
[2021-07-28 09:01:17] - isolateInternalQueries................................false
[2021-07-28 09:01:17] - jdbcUrl................................jdbc:mysql://localhost:3306/institute_test
[2021-07-28 09:01:17] - keepaliveTime................................0
[2021-07-28 09:01:17] - leakDetectionThreshold................................0
[2021-07-28 09:01:17] - maxLifetime................................1800000
[2021-07-28 09:01:17] - maximumPoolSize................................10
[2021-07-28 09:01:17] - metricRegistry................................none
[2021-07-28 09:01:17] - metricsTrackerFactory................................none
[2021-07-28 09:01:17] - minimumIdle................................10
[2021-07-28 09:01:17] - password................................<masked>
[2021-07-28 09:01:17] - poolName................................"HikariPool-1"
[2021-07-28 09:01:17] - readOnly................................false
[2021-07-28 09:01:17] - registerMbeans................................false
[2021-07-28 09:01:17] - scheduledExecutor................................none
[2021-07-28 09:01:17] - schema................................none
[2021-07-28 09:01:17] - threadFactory................................internal
[2021-07-28 09:01:17] - transactionIsolation................................default
[2021-07-28 09:01:17] - username................................"root"
[2021-07-28 09:01:17] - validationTimeout................................5000
[2021-07-28 09:01:17] - HikariPool-1 - Starting...
[2021-07-28 09:01:17] - Registered driver with driverClassName=com.mysql.jdbc.Driver was not found, trying direct instantiation.
[2021-07-28 09:01:17] - Driver class com.mysql.jdbc.Driver found in Thread context class loader jdk.internal.loader.ClassLoaders$AppClassLoader@251a69d7
