[2021-07-28 09:25:03] - Adding type registration imm_dbtimestamp -> org.hibernate.type.AdaptedImmutableType@38291795
[2021-07-28 09:25:03] - Adding type registration imm_calendar -> org.hibernate.type.AdaptedImmutableType@36790bec
[2021-07-28 09:25:03] - Adding type registration imm_calendar_date -> org.hibernate.type.AdaptedImmutableType@461c3709
[2021-07-28 09:25:03] - Adding type registration imm_binary -> org.hibernate.type.AdaptedImmutableType@7e3d7dd
[2021-07-28 09:25:03] - Adding type registration imm_serializable -> org.hibernate.type.AdaptedImmutableType@3f63a513
[2021-07-28 09:25:03] - Injecting JPA temp ClassLoader [org.springframework.instrument.classloading.SimpleThrowawayClassLoader@377874b4] into BootstrapContext; was [null]
[2021-07-28 09:25:03] - ClassLoaderAccessImpl#injectTempClassLoader(org.springframework.instrument.classloading.SimpleThrowawayClassLoader@377874b4) [was null]
[2021-07-28 09:25:03] - Injecting ScanEnvironment [org.hibernate.jpa.boot.internal.StandardJpaScanEnvironmentImpl@5b000fe6] into BootstrapContext; was [null]
[2021-07-28 09:25:03] - Injecting ScanOptions [org.hibernate.boot.archive.scan.internal.StandardScanOptions@4751e8b9] into BootstrapContext; was [org.hibernate.boot.archive.scan.internal.StandardScanOptions@7af443a3]
[2021-07-28 09:25:03] - Injecting JPA temp ClassLoader [null] into BootstrapContext; was [org.springframework.instrument.classloading.SimpleThrowawayClassLoader@377874b4]
[2021-07-28 09:25:03] - ClassLoaderAccessImpl#injectTempClassLoader(null) [was org.springframework.instrument.classloading.SimpleThrowawayClassLoader@377874b4]
[2021-07-28 09:25:03] - Registering IdentifierGenerator strategy [uuid2] -> [org.hibernate.id.UUIDGenerator]
[2021-07-28 09:25:03] - Registering IdentifierGenerator strategy [guid] -> [org.hibernate.id.GUIDGenerator]
[2021-07-28 09:25:03] - Registering IdentifierGenerator strategy [uuid] -> [org.hibernate.id.UUIDHexGenerator]
[2021-07-28 09:25:03] - Registering IdentifierGenerator strategy [uuid.hex] -> [org.hibernate.id.UUIDHexGenerator]
[2021-07-28 09:25:03] - Registering IdentifierGenerator strategy [assigned] -> [org.hibernate.id.Assigned]
[2021-07-28 09:25:03] - Registering IdentifierGenerator strategy [identity] -> [org.hibernate.id.IdentityGenerator]
[2021-07-28 09:25:03] - Registering IdentifierGenerator strategy [select] -> [org.hibernate.id.SelectGenerator]
[2021-07-28 09:25:03] - Registering IdentifierGenerator strategy [sequence] -> [org.hibernate.id.enhanced.SequenceStyleGenerator]
[2021-07-28 09:25:03] - Registering IdentifierGenerator strategy [seqhilo] -> [org.hibernate.id.SequenceHiLoGenerator]
[2021-07-28 09:25:03] - Registering IdentifierGenerator strategy [increment] -> [org.hibernate.id.IncrementGenerator]
[2021-07-28 09:25:03] - Registering IdentifierGenerator strategy [foreign] -> [org.hibernate.id.ForeignGenerator]
[2021-07-28 09:25:03] - Registering IdentifierGenerator strategy [sequence-identity] -> [org.hibernate.id.SequenceIdentityGenerator]
[2021-07-28 09:25:03] - Registering IdentifierGenerator strategy [enhanced-sequence] -> [org.hibernate.id.enhanced.SequenceStyleGenerator]
[2021-07-28 09:25:03] - Registering IdentifierGenerator strategy [enhanced-table] -> [org.hibernate.id.enhanced.TableGenerator]
[2021-07-28 09:25:03] - HikariPool-1 - configuration:
[2021-07-28 09:25:03] - allowPoolSuspension................................false
[2021-07-28 09:25:03] - autoCommit................................true
[2021-07-28 09:25:03] - catalog................................none
[2021-07-28 09:25:03] - connectionInitSql................................none
[2021-07-28 09:25:03] - connectionTestQuery................................none
[2021-07-28 09:25:03] - connectionTimeout................................30000
[2021-07-28 09:25:03] - dataSource................................none
[2021-07-28 09:25:03] - dataSourceClassName................................none
[2021-07-28 09:25:03] - dataSourceJNDI................................none
[2021-07-28 09:25:03] - dataSourceProperties................................{password=<masked>}
[2021-07-28 09:25:03] - driverClassName................................"com.mysql.jdbc.Driver"
[2021-07-28 09:25:03] - exceptionOverrideClassName................................none
[2021-07-28 09:25:03] - healthCheckProperties................................{}
[2021-07-28 09:25:03] - healthCheckRegistry................................none
[2021-07-28 09:25:03] - idleTimeout................................600000
[2021-07-28 09:25:03] - initializationFailTimeout................................1
[2021-07-28 09:25:03] - isolateInternalQueries................................false
[2021-07-28 09:25:03] - jdbcUrl................................jdbc:mysql://localhost:3306/institute_test
[2021-07-28 09:25:03] - keepaliveTime................................0
[2021-07-28 09:25:03] - leakDetectionThreshold................................0
[2021-07-28 09:25:03] - maxLifetime................................1800000
[2021-07-28 09:25:03] - maximumPoolSize................................10
[2021-07-28 09:25:03] - metricRegistry................................none
[2021-07-28 09:25:03] - metricsTrackerFactory................................none
[2021-07-28 09:25:03] - minimumIdle................................10
[2021-07-28 09:25:03] - password................................<masked>
[2021-07-28 09:25:03] - poolName................................"HikariPool-1"
[2021-07-28 09:25:03] - readOnly................................false
[2021-07-28 09:25:03] - registerMbeans................................false
[2021-07-28 09:25:03] - scheduledExecutor................................none
[2021-07-28 09:25:03] - schema................................none
[2021-07-28 09:25:03] - threadFactory................................internal
[2021-07-28 09:25:03] - transactionIsolation................................default
[2021-07-28 09:25:03] - username................................"root"
[2021-07-28 09:25:03] - validationTimeout................................5000
[2021-07-28 09:25:03] - HikariPool-1 - Starting...
[2021-07-28 09:25:03] - Registered driver with driverClassName=com.mysql.jdbc.Driver was not found, trying direct instantiation.
[2021-07-28 09:25:03] - Driver class com.mysql.jdbc.Driver found in Thread context class loader jdk.internal.loader.ClassLoaders$AppClassLoader@251a69d7
[2021-07-28 09:25:04] - HikariPool-1 - Added connection com.mysql.cj.jdbc.ConnectionImpl@5fb3111a
[2021-07-28 09:25:04] - HikariPool-1 - Start completed.
[2021-07-28 09:25:04] - Database ->
       name : MySQL
    version : 8.0.16
      major : 8
      minor : 0
[2021-07-28 09:25:04] - Driver ->
       name : MySQL Connector/J
    version : mysql-connector-java-8.0.25 (Revision: 08be9e9b4cba6aa115f9b27b215887af40b159e0)
      major : 8
      minor : 0
[2021-07-28 09:25:04] - JDBC version : 4.2
[2021-07-28 09:25:04] - HHH000400: Using dialect: org.hibernate.dialect.MySQL5Dialect
[2021-07-28 09:25:04] - JDBC driver metadata reported database stores quoted identifiers in more than one case
[2021-07-28 09:25:04] - HikariPool-1 - Pool stats (total=1, active=1, idle=0, waiting=0)
[2021-07-28 09:25:05] - HikariPool-1 - Added connection com.mysql.cj.jdbc.ConnectionImpl@14c8446f
[2021-07-28 09:25:05] - IdentifierCaseStrategy for both quoted and unquoted identifiers was set to the same strategy [MIXED]; that will likely lead to problems in schema update and validation if using quoted identifiers
[2021-07-28 09:25:05] - Created database namespace [logicalName=Name{catalog=null, schema=null}, physicalName=Name{catalog=null, schema=null}]
[2021-07-28 09:25:05] - Scoping TypeConfiguration [org.hibernate.type.spi.TypeConfiguration@66756662] to MetadataBuildingContext [org.hibernate.boot.internal.MetadataBuildingContextRootImpl@5d14e99e]
[2021-07-28 09:25:05] - HikariPool-1 - Added connection com.mysql.cj.jdbc.ConnectionImpl@35dab11b
[2021-07-28 09:25:05] - HikariPool-1 - Added connection com.mysql.cj.jdbc.ConnectionImpl@dd78c98
[2021-07-28 09:25:05] - Binding entity from annotated class: com.anu.springunijpa.entity.Course
[2021-07-28 09:25:05] - HikariPool-1 - Added connection com.mysql.cj.jdbc.ConnectionImpl@3194e868
[2021-07-28 09:25:05] - Binding column: Ejb3DiscriminatorColumn{logicalColumnName'DTYPE', discriminatorTypeName='string'}
[2021-07-28 09:25:05] - Import with entity name Course
[2021-07-28 09:25:05] - Bind entity com.anu.springunijpa.entity.Course on table course
[2021-07-28 09:25:05] - Binding column: Ejb3Column{table=org.hibernate.mapping.Table(course), mappingColumn=course_id, insertable=true, updatable=true, unique=false}
[2021-07-28 09:25:05] - HikariPool-1 - Added connection com.mysql.cj.jdbc.ConnectionImpl@9629490
[2021-07-28 09:25:05] - Not known whether passed class name [com.anu.springunijpa.entity.Course] is safe
[2021-07-28 09:25:05] - No temp ClassLoader provided; using live ClassLoader for loading potentially unsafe class : com.anu.springunijpa.entity.Course
[2021-07-28 09:25:05] - MetadataSourceProcessor property courseId with lazy=false
[2021-07-28 09:25:05] - Attempting to locate auto-apply AttributeConverter for property [com.anu.springunijpa.entity.Course:courseId]
[2021-07-28 09:25:05] - building SimpleValue for courseId
[2021-07-28 09:25:05] - Building property courseId
[2021-07-28 09:25:05] - #makeIdGenerator(org.hibernate.mapping.SimpleValue([org.hibernate.mapping.Column(course_id)]), courseId, assigned, , ...)
[2021-07-28 09:25:05] - Binding column: Ejb3Column{table=org.hibernate.mapping.Table(course), mappingColumn=course_leader, insertable=true, updatable=true, unique=false}
[2021-07-28 09:25:05] - MetadataSourceProcessor property courseLeader with lazy=false
[2021-07-28 09:25:05] - Attempting to locate auto-apply AttributeConverter for property [com.anu.springunijpa.entity.Course:courseLeader]
[2021-07-28 09:25:05] - building SimpleValue for courseLeader
[2021-07-28 09:25:05] - Building property courseLeader
[2021-07-28 09:25:05] - Binding column: Ejb3Column{table=org.hibernate.mapping.Table(course), mappingColumn=course_name, insertable=true, updatable=true, unique=false}
[2021-07-28 09:25:05] - MetadataSourceProcessor property courseName with lazy=false
[2021-07-28 09:25:05] - Attempting to locate auto-apply AttributeConverter for property [com.anu.springunijpa.entity.Course:courseName]
[2021-07-28 09:25:05] - building SimpleValue for courseName
[2021-07-28 09:25:05] - Building property courseName
[2021-07-28 09:25:05] - Binding column: Ejb3JoinColumn{logicalColumnName='null', referencedColumn='null', mappedBy='course'}
[2021-07-28 09:25:05] - Binding column: Ejb3Column{table=org.hibernate.mapping.Table(course), mappingColumn=user_course_set, insertable=true, updatable=true, unique=false}
[2021-07-28 09:25:05] - Binding column: Ejb3Column{table=org.hibernate.mapping.Table(course), mappingColumn=null, insertable=true, updatable=true, unique=false}
[2021-07-28 09:25:05] - Binding column: Ejb3Column{table=org.hibernate.mapping.Table(course), mappingColumn=element, insertable=true, updatable=true, unique=false}
[2021-07-28 09:25:05] - Binding column: Ejb3Column{table=org.hibernate.mapping.Table(course), mappingColumn=user_course_set_key, insertable=true, updatable=true, unique=false}
[2021-07-28 09:25:05] - Binding column: Ejb3JoinColumn{logicalColumnName='userCourseSet_KEY', referencedColumn='null', mappedBy='null'}
[2021-07-28 09:25:05] - Binding column: Ejb3JoinColumn{logicalColumnName='null', referencedColumn='null', mappedBy='course'}
[2021-07-28 09:25:05] - Binding column: Ejb3JoinColumn{logicalColumnName='null', referencedColumn='null', mappedBy='course'}
[2021-07-28 09:25:05] - Collection role: com.anu.springunijpa.entity.Course.userCourseSet
[2021-07-28 09:25:05] - Building property userCourseSet
[2021-07-28 09:25:05] - Binding entity from annotated class: com.anu.springunijpa.entity.User
[2021-07-28 09:25:05] - Binding column: Ejb3DiscriminatorColumn{logicalColumnName'DTYPE', discriminatorTypeName='string'}
[2021-07-28 09:25:05] - Import with entity name User
[2021-07-28 09:25:05] - Bind entity com.anu.springunijpa.entity.User on table user
[2021-07-28 09:25:05] - Binding column: Ejb3Column{table=org.hibernate.mapping.Table(user), mappingColumn=user_id, insertable=true, updatable=true, unique=false}
[2021-07-28 09:25:05] - Not known whether passed class name [com.anu.springunijpa.entity.User] is safe
[2021-07-28 09:25:05] - No temp ClassLoader provided; using live ClassLoader for loading potentially unsafe class : com.anu.springunijpa.entity.User
[2021-07-28 09:25:05] - MetadataSourceProcessor property userId with lazy=false
[2021-07-28 09:25:05] - Attempting to locate auto-apply AttributeConverter for property [com.anu.springunijpa.entity.User:userId]
[2021-07-28 09:25:05] - building SimpleValue for userId
[2021-07-28 09:25:05] - Building property userId
[2021-07-28 09:25:05] - #makeIdGenerator(org.hibernate.mapping.SimpleValue([org.hibernate.mapping.Column(user_id)]), userId, identity, , ...)
[2021-07-28 09:25:05] - Binding column: Ejb3Column{table=org.hibernate.mapping.Table(user), mappingColumn=date_of_birth, insertable=true, updatable=true, unique=false}
[2021-07-28 09:25:05] - MetadataSourceProcessor property dOB with lazy=false
[2021-07-28 09:25:05] - Attempting to locate auto-apply AttributeConverter for property [com.anu.springunijpa.entity.User:dOB]
[2021-07-28 09:25:05] - building SimpleValue for dOB
[2021-07-28 09:25:05] - Building property dOB
[2021-07-28 09:25:05] - Binding column: Ejb3JoinColumn{logicalColumnName='null', referencedColumn='null', mappedBy='user'}
[2021-07-28 09:25:05] - Binding column: Ejb3Column{table=org.hibernate.mapping.Table(user), mappingColumn=user_course_set, insertable=true, updatable=true, unique=false}
[2021-07-28 09:25:05] - Binding column: Ejb3Column{table=org.hibernate.mapping.Table(user), mappingColumn=null, insertable=true, updatable=true, unique=false}
[2021-07-28 09:25:05] - Binding column: Ejb3Column{table=org.hibernate.mapping.Table(user), mappingColumn=element, insertable=true, updatable=true, unique=false}
[2021-07-28 09:25:05] - Binding column: Ejb3Column{table=org.hibernate.mapping.Table(user), mappingColumn=user_course_set_key, insertable=true, updatable=true, unique=false}
[2021-07-28 09:25:05] - Binding column: Ejb3JoinColumn{logicalColumnName='userCourseSet_KEY', referencedColumn='null', mappedBy='null'}
[2021-07-28 09:25:05] - Binding column: Ejb3JoinColumn{logicalColumnName='null', referencedColumn='null', mappedBy='user'}
[2021-07-28 09:25:05] - Binding column: Ejb3JoinColumn{logicalColumnName='null', referencedColumn='null', mappedBy='user'}
[2021-07-28 09:25:05] - Collection role: com.anu.springunijpa.entity.User.userCourseSet
[2021-07-28 09:25:05] - Building property userCourseSet
[2021-07-28 09:25:05] - Binding column: Ejb3Column{table=org.hibernate.mapping.Table(user), mappingColumn=user_name, insertable=true, updatable=true, unique=false}
[2021-07-28 09:25:05] - MetadataSourceProcessor property userName with lazy=false
[2021-07-28 09:25:05] - Attempting to locate auto-apply AttributeConverter for property [com.anu.springunijpa.entity.User:userName]
[2021-07-28 09:25:05] - building SimpleValue for userName
[2021-07-28 09:25:05] - Building property userName
[2021-07-28 09:25:05] - Binding column: Ejb3Column{table=org.hibernate.mapping.Table(user), mappingColumn=user_tel, insertable=true, updatable=true, unique=false}
[2021-07-28 09:25:05] - MetadataSourceProcessor property userTel with lazy=false
[2021-07-28 09:25:05] - Attempting to locate auto-apply AttributeConverter for property [com.anu.springunijpa.entity.User:userTel]
[2021-07-28 09:25:05] - building SimpleValue for userTel
[2021-07-28 09:25:05] - Building property userTel
[2021-07-28 09:25:05] - Binding entity from annotated class: com.anu.springunijpa.entity.UserCourse
[2021-07-28 09:25:05] - Binding column: Ejb3DiscriminatorColumn{logicalColumnName'DTYPE', discriminatorTypeName='string'}
[2021-07-28 09:25:05] - Import with entity name UserCourse
[2021-07-28 09:25:05] - Bind entity com.anu.springunijpa.entity.UserCourse on table user_course
[2021-07-28 09:25:05] - Binding column: Ejb3Column{table=org.hibernate.mapping.Table(user_course), mappingColumn=id, insertable=true, updatable=true, unique=false}
[2021-07-28 09:25:05] - Not known whether passed class name [com.anu.springunijpa.entity.UserCourse] is safe
[2021-07-28 09:25:05] - No temp ClassLoader provided; using live ClassLoader for loading potentially unsafe class : com.anu.springunijpa.entity.UserCourse
[2021-07-28 09:25:05] - Binding column: Ejb3Column{table=org.hibernate.mapping.Table(user_course), mappingColumn=course_id, insertable=true, updatable=true, unique=false}
[2021-07-28 09:25:05] - Binding column: Ejb3JoinColumn{logicalColumnName='course_id', referencedColumn='', mappedBy=''}
[2021-07-28 09:25:05] - MetadataSourceProcessor property courseId with lazy=false
[2021-07-28 09:25:05] - Attempting to locate auto-apply AttributeConverter for property [com.anu.springunijpa.entity.UserCourse.id:courseId]
[2021-07-28 09:25:05] - building SimpleValue for courseId
[2021-07-28 09:25:05] - Building property courseId
[2021-07-28 09:25:05] - #makeIdGenerator(org.hibernate.mapping.SimpleValue([org.hibernate.mapping.Column(course_id)]), courseId, foreign, Hibernate-local--foreign generator, ...)
[2021-07-28 09:25:05] - Binding column: Ejb3Column{table=org.hibernate.mapping.Table(user_course), mappingColumn=user_id, insertable=true, updatable=true, unique=false}
[2021-07-28 09:25:05] - Binding column: Ejb3JoinColumn{logicalColumnName='user_id', referencedColumn='', mappedBy=''}
[2021-07-28 09:25:05] - MetadataSourceProcessor property userId with lazy=false
[2021-07-28 09:25:05] - Attempting to locate auto-apply AttributeConverter for property [com.anu.springunijpa.entity.UserCourse.id:userId]
[2021-07-28 09:25:05] - building SimpleValue for userId
[2021-07-28 09:25:05] - Building property userId
[2021-07-28 09:25:05] - #makeIdGenerator(org.hibernate.mapping.SimpleValue([org.hibernate.mapping.Column(user_id)]), userId, foreign, Hibernate-local--foreign generator, ...)
[2021-07-28 09:25:05] - Building property id
[2021-07-28 09:25:05] - #makeIdGenerator(org.hibernate.mapping.Component([org.hibernate.mapping.Property(courseId), org.hibernate.mapping.Property(userId)]), id, assigned, , ...)
[2021-07-28 09:25:05] - HikariPool-1 - Added connection com.mysql.cj.jdbc.ConnectionImpl@5ec95a21
[2021-07-28 09:25:05] - Binding column: Ejb3JoinColumn{logicalColumnName='course_id', referencedColumn='', mappedBy=''}
[2021-07-28 09:25:05] - Binding column: Ejb3Column{table=org.hibernate.mapping.Table(user_course), mappingColumn=course, insertable=true, updatable=true, unique=false}
[2021-07-28 09:25:05] - Building property course
[2021-07-28 09:25:05] - Binding column: Ejb3JoinColumn{logicalColumnName='user_id', referencedColumn='', mappedBy=''}
[2021-07-28 09:25:05] - Binding column: Ejb3Column{table=org.hibernate.mapping.Table(user_course), mappingColumn=user, insertable=true, updatable=true, unique=false}
[2021-07-28 09:25:05] - Building property user
[2021-07-28 09:25:05] - Binding column: Ejb3Column{table=org.hibernate.mapping.Table(user_course), mappingColumn=user_course_set, insertable=true, updatable=true, unique=false}
[2021-07-28 09:25:05] - MetadataSourceProcessor property userCourseSet with lazy=false
[2021-07-28 09:25:05] - Attempting to locate auto-apply AttributeConverter for property [com.anu.springunijpa.entity.UserCourse:userCourseSet]
[2021-07-28 09:25:05] - building SimpleValue for userCourseSet
[2021-07-28 09:25:05] - Building property userCourseSet
[2021-07-28 09:25:05] - Starting fillSimpleValue for courseId
[2021-07-28 09:25:05] - Starting fillSimpleValue for courseLeader
[2021-07-28 09:25:05] - Starting fillSimpleValue for courseName
[2021-07-28 09:25:05] - Starting fillSimpleValue for userId
[2021-07-28 09:25:05] - Starting fillSimpleValue for dOB
[2021-07-28 09:25:05] - Starting fillSimpleValue for userName
[2021-07-28 09:25:05] - Starting fillSimpleValue for userTel
[2021-07-28 09:25:05] - Starting fillSimpleValue for courseId
