[2021-07-26 11:29:04] - spring.jpa.open-in-view is enabled by default. Therefore, database queries may be performed during view rendering. Explicitly configure spring.jpa.open-in-view to disable this warning
[2021-07-26 11:29:04] - Starting ProtocolHandler ["http-nio-8080"]
[2021-07-26 11:29:04] - Tomcat started on port(s): 8080 (http) with context path ''
[2021-07-26 11:29:04] - Started SpringUniJpaApplication in 3.156 seconds (JVM running for 3.93)
[2021-07-26 11:29:08] - Initializing Spring DispatcherServlet 'dispatcherServlet'
[2021-07-26 11:29:08] - Initializing Servlet 'dispatcherServlet'
[2021-07-26 11:29:08] - Completed initialization in 0 ms
[2021-07-26 11:30:39] - Closing JPA EntityManagerFactory for persistence unit 'default'
[2021-07-26 11:30:39] - HikariPool-1 - Shutdown initiated...
[2021-07-26 11:30:39] - HikariPool-1 - Shutdown completed.
[2021-07-26 11:30:42] - Starting SpringUniJpaApplication using Java 16.0.1 on anuththara-VivoBook-ASUSLaptop-X509JB-X509JB with PID 8800 (/home/anuththara/Documents/hSenid/Practice/springboot/spring-uni-jpa/UserJPA-Springboot/target/classes started by anuththara in /home/anuththara/Documents/hSenid/Practice/springboot/spring-uni-jpa/UserJPA-Springboot)
[2021-07-26 11:30:42] - No active profile set, falling back to default profiles: default
[2021-07-26 11:30:43] - Bootstrapping Spring Data JPA repositories in DEFAULT mode.
[2021-07-26 11:30:43] - Finished Spring Data repository scanning in 31 ms. Found 2 JPA repository interfaces.
[2021-07-26 11:30:43] - Tomcat initialized with port(s): 8080 (http)
[2021-07-26 11:30:43] - Initializing ProtocolHandler ["http-nio-8080"]
[2021-07-26 11:30:43] - Starting service [Tomcat]
[2021-07-26 11:30:43] - Starting Servlet engine: [Apache Tomcat/9.0.48]
[2021-07-26 11:30:43] - Initializing Spring embedded WebApplicationContext
[2021-07-26 11:30:43] - Root WebApplicationContext: initialization completed in 874 ms
[2021-07-26 11:30:43] - HHH000204: Processing PersistenceUnitInfo [name: default]
[2021-07-26 11:30:43] - HHH000412: Hibernate ORM core version 5.4.32.Final
[2021-07-26 11:30:44] - HCANN000001: Hibernate Commons Annotations {5.1.2.Final}
[2021-07-26 11:30:44] - HikariPool-1 - Starting...
[2021-07-26 11:30:44] - Registered driver with driverClassName=com.mysql.jdbc.Driver was not found, trying direct instantiation.
[2021-07-26 11:30:44] - HikariPool-1 - Start completed.
[2021-07-26 11:30:44] - HHH000400: Using dialect: org.hibernate.dialect.MySQL5Dialect
[2021-07-26 11:30:44] - HHH000490: Using JtaPlatform implementation: [org.hibernate.engine.transaction.jta.platform.internal.NoJtaPlatform]
[2021-07-26 11:30:44] - Initialized JPA EntityManagerFactory for persistence unit 'default'
[2021-07-26 11:30:45] - spring.jpa.open-in-view is enabled by default. Therefore, database queries may be performed during view rendering. Explicitly configure spring.jpa.open-in-view to disable this warning
[2021-07-26 11:30:45] - Starting ProtocolHandler ["http-nio-8080"]
[2021-07-26 11:30:45] - Tomcat started on port(s): 8080 (http) with context path ''
[2021-07-26 11:30:45] - Started SpringUniJpaApplication in 2.746 seconds (JVM running for 3.603)
[2021-07-26 11:30:49] - Initializing Spring DispatcherServlet 'dispatcherServlet'
[2021-07-26 11:30:49] - Initializing Servlet 'dispatcherServlet'
[2021-07-26 11:30:49] - Completed initialization in 0 ms
[2021-07-26 11:31:06] - Closing JPA EntityManagerFactory for persistence unit 'default'
[2021-07-26 11:31:06] - HikariPool-1 - Shutdown initiated...
[2021-07-26 11:31:06] - HikariPool-1 - Shutdown completed.
[2021-07-26 11:31:10] - Starting SpringUniJpaApplication using Java 16.0.1 on anuththara-VivoBook-ASUSLaptop-X509JB-X509JB with PID 8943 (/home/anuththara/Documents/hSenid/Practice/springboot/spring-uni-jpa/UserJPA-Springboot/target/classes started by anuththara in /home/anuththara/Documents/hSenid/Practice/springboot/spring-uni-jpa/UserJPA-Springboot)
[2021-07-26 11:31:10] - No active profile set, falling back to default profiles: default
[2021-07-26 11:31:10] - Bootstrapping Spring Data JPA repositories in DEFAULT mode.
[2021-07-26 11:31:10] - Finished Spring Data repository scanning in 35 ms. Found 2 JPA repository interfaces.
[2021-07-26 11:31:10] - Tomcat initialized with port(s): 8080 (http)
[2021-07-26 11:31:10] - Initializing ProtocolHandler ["http-nio-8080"]
[2021-07-26 11:31:10] - Starting service [Tomcat]
[2021-07-26 11:31:10] - Starting Servlet engine: [Apache Tomcat/9.0.48]
[2021-07-26 11:31:10] - Initializing Spring embedded WebApplicationContext
[2021-07-26 11:31:10] - Root WebApplicationContext: initialization completed in 901 ms
[2021-07-26 11:31:11] - HHH000204: Processing PersistenceUnitInfo [name: default]
[2021-07-26 11:31:11] - HHH000412: Hibernate ORM core version 5.4.32.Final
[2021-07-26 11:31:11] - HCANN000001: Hibernate Commons Annotations {5.1.2.Final}
[2021-07-26 11:31:11] - HikariPool-1 - Starting...
[2021-07-26 11:31:11] - Registered driver with driverClassName=com.mysql.jdbc.Driver was not found, trying direct instantiation.
[2021-07-26 11:31:11] - HikariPool-1 - Start completed.
[2021-07-26 11:31:11] - HHH000400: Using dialect: org.hibernate.dialect.MySQL5Dialect
[2021-07-26 11:31:11] - HHH000490: Using JtaPlatform implementation: [org.hibernate.engine.transaction.jta.platform.internal.NoJtaPlatform]
[2021-07-26 11:31:11] - Initialized JPA EntityManagerFactory for persistence unit 'default'
[2021-07-26 11:31:12] - spring.jpa.open-in-view is enabled by default. Therefore, database queries may be performed during view rendering. Explicitly configure spring.jpa.open-in-view to disable this warning
[2021-07-26 11:31:12] - Starting ProtocolHandler ["http-nio-8080"]
[2021-07-26 11:31:12] - Tomcat started on port(s): 8080 (http) with context path ''
[2021-07-26 11:31:12] - Started SpringUniJpaApplication in 2.814 seconds (JVM running for 3.459)
[2021-07-26 11:31:16] - Initializing Spring DispatcherServlet 'dispatcherServlet'
[2021-07-26 11:31:16] - Initializing Servlet 'dispatcherServlet'
[2021-07-26 11:31:16] - Completed initialization in 1 ms
[2021-07-26 11:34:08] - Closing JPA EntityManagerFactory for persistence unit 'default'
[2021-07-26 11:34:08] - HikariPool-1 - Shutdown initiated...
[2021-07-26 11:34:08] - HikariPool-1 - Shutdown completed.
[2021-07-26 11:34:46] - Starting SpringUniJpaApplication using Java 16.0.1 on anuththara-VivoBook-ASUSLaptop-X509JB-X509JB with PID 9136 (/home/anuththara/Documents/hSenid/Practice/springboot/spring-uni-jpa/UserJPA-Springboot/target/classes started by anuththara in /home/anuththara/Documents/hSenid/Practice/springboot/spring-uni-jpa/UserJPA-Springboot)
[2021-07-26 11:34:46] - No active profile set, falling back to default profiles: default
[2021-07-26 11:34:47] - Bootstrapping Spring Data JPA repositories in DEFAULT mode.
[2021-07-26 11:34:47] - Finished Spring Data repository scanning in 34 ms. Found 2 JPA repository interfaces.
[2021-07-26 11:34:47] - Tomcat initialized with port(s): 8080 (http)
[2021-07-26 11:34:47] - Initializing ProtocolHandler ["http-nio-8080"]
[2021-07-26 11:34:47] - Starting service [Tomcat]
[2021-07-26 11:34:47] - Starting Servlet engine: [Apache Tomcat/9.0.48]
[2021-07-26 11:34:47] - Initializing Spring embedded WebApplicationContext
[2021-07-26 11:34:47] - Root WebApplicationContext: initialization completed in 965 ms
[2021-07-26 11:34:47] - HHH000204: Processing PersistenceUnitInfo [name: default]
[2021-07-26 11:34:47] - HHH000412: Hibernate ORM core version 5.4.32.Final
[2021-07-26 11:34:47] - HCANN000001: Hibernate Commons Annotations {5.1.2.Final}
[2021-07-26 11:34:47] - HikariPool-1 - Starting...
[2021-07-26 11:34:47] - Registered driver with driverClassName=com.mysql.jdbc.Driver was not found, trying direct instantiation.
[2021-07-26 11:34:48] - HikariPool-1 - Start completed.
[2021-07-26 11:34:48] - HHH000400: Using dialect: org.hibernate.dialect.MySQL5Dialect
[2021-07-26 11:34:48] - HHH000490: Using JtaPlatform implementation: [org.hibernate.engine.transaction.jta.platform.internal.NoJtaPlatform]
[2021-07-26 11:34:48] - Initialized JPA EntityManagerFactory for persistence unit 'default'
[2021-07-26 11:34:49] - spring.jpa.open-in-view is enabled by default. Therefore, database queries may be performed during view rendering. Explicitly configure spring.jpa.open-in-view to disable this warning
[2021-07-26 11:34:49] - Starting ProtocolHandler ["http-nio-8080"]
[2021-07-26 11:34:49] - Tomcat started on port(s): 8080 (http) with context path ''
[2021-07-26 11:34:49] - Started SpringUniJpaApplication in 3.068 seconds (JVM running for 3.844)
[2021-07-26 11:34:53] - Initializing Spring DispatcherServlet 'dispatcherServlet'
[2021-07-26 11:34:53] - Initializing Servlet 'dispatcherServlet'
[2021-07-26 11:34:53] - Completed initialization in 1 ms
[2021-07-26 11:35:28] - Closing JPA EntityManagerFactory for persistence unit 'default'
[2021-07-26 11:35:28] - HikariPool-1 - Shutdown initiated...
[2021-07-26 11:35:28] - HikariPool-1 - Shutdown completed.
[2021-07-26 11:35:34] - Starting SpringUniJpaApplication using Java 16.0.1 on anuththara-VivoBook-ASUSLaptop-X509JB-X509JB with PID 9282 (/home/anuththara/Documents/hSenid/Practice/springboot/spring-uni-jpa/UserJPA-Springboot/target/classes started by anuththara in /home/anuththara/Documents/hSenid/Practice/springboot/spring-uni-jpa/UserJPA-Springboot)
[2021-07-26 11:35:34] - No active profile set, falling back to default profiles: default
[2021-07-26 11:35:34] - Bootstrapping Spring Data JPA repositories in DEFAULT mode.
[2021-07-26 11:35:34] - Finished Spring Data repository scanning in 32 ms. Found 2 JPA repository interfaces.
[2021-07-26 11:35:36] - Tomcat initialized with port(s): 8080 (http)
[2021-07-26 11:35:36] - Initializing ProtocolHandler ["http-nio-8080"]
[2021-07-26 11:35:36] - Starting service [Tomcat]
[2021-07-26 11:35:36] - Starting Servlet engine: [Apache Tomcat/9.0.48]
[2021-07-26 11:35:36] - Initializing Spring embedded WebApplicationContext
[2021-07-26 11:35:36] - Root WebApplicationContext: initialization completed in 1936 ms
[2021-07-26 11:35:36] - HHH000204: Processing PersistenceUnitInfo [name: default]
[2021-07-26 11:35:36] - HHH000412: Hibernate ORM core version 5.4.32.Final
