[2021-07-27 17:54:37] - Processing attribute `dOB` : value = 2001-12-10
[2021-07-27 17:54:37] - Attribute (`dOB`)  - enhanced for lazy-loading? - false
[2021-07-27 17:54:37] - Processing attribute `userCourseSet` : value = NOT NULL COLLECTION
[2021-07-27 17:54:37] - Attribute (`userCourseSet`)  - enhanced for lazy-loading? - false
[2021-07-27 17:54:37] - Processing attribute `userName` : value = Kate
[2021-07-27 17:54:37] - Attribute (`userName`)  - enhanced for lazy-loading? - false
[2021-07-27 17:54:37] - Processing attribute `userTel` : value = 767097796
[2021-07-27 17:54:37] - Attribute (`userTel`)  - enhanced for lazy-loading? - false
[2021-07-27 17:54:37] - Done materializing entity [com.anu.springunijpa.entity.User#3]
[2021-07-27 17:54:37] - '8e2bebed-fa0d-417f-85d3-b5aecd0b1c7f' field '/findUserByName' fetch returned 'com.anu.springunijpa.entity.User'
[2021-07-27 17:54:37] - '8e2bebed-fa0d-417f-85d3-b5aecd0b1c7f' completing field '/findUserByName'...
[2021-07-27 17:54:37] - '8e2bebed-fa0d-417f-85d3-b5aecd0b1c7f' fetching field '/findUserByName/userId' using data fetcher 'com.coxautodev.graphql.tools.MethodFieldResolverDataFetcher'...
[2021-07-27 17:54:37] - '8e2bebed-fa0d-417f-85d3-b5aecd0b1c7f' field '/findUserByName/userId' fetch returned 'java.lang.Integer'
[2021-07-27 17:54:37] - '8e2bebed-fa0d-417f-85d3-b5aecd0b1c7f' completing field '/findUserByName/userId'...
[2021-07-27 17:54:37] - '8e2bebed-fa0d-417f-85d3-b5aecd0b1c7f' fetching field '/findUserByName/userName' using data fetcher 'com.coxautodev.graphql.tools.MethodFieldResolverDataFetcher'...
[2021-07-27 17:54:37] - '8e2bebed-fa0d-417f-85d3-b5aecd0b1c7f' field '/findUserByName/userName' fetch returned 'java.lang.String'
[2021-07-27 17:54:37] - '8e2bebed-fa0d-417f-85d3-b5aecd0b1c7f' completing field '/findUserByName/userName'...
[2021-07-27 17:54:37] - '8e2bebed-fa0d-417f-85d3-b5aecd0b1c7f' fetching field '/findUserByName/dOB' using data fetcher 'com.coxautodev.graphql.tools.PropertyFieldResolverDataFetcher'...
[2021-07-27 17:54:37] - '8e2bebed-fa0d-417f-85d3-b5aecd0b1c7f' field '/findUserByName/dOB' fetch returned 'java.time.LocalDate'
[2021-07-27 17:54:37] - '8e2bebed-fa0d-417f-85d3-b5aecd0b1c7f' completing field '/findUserByName/dOB'...
[2021-07-27 17:54:37] - '8e2bebed-fa0d-417f-85d3-b5aecd0b1c7f' fetching field '/findUserByName/userTel' using data fetcher 'com.coxautodev.graphql.tools.MethodFieldResolverDataFetcher'...
[2021-07-27 17:54:37] - '8e2bebed-fa0d-417f-85d3-b5aecd0b1c7f' field '/findUserByName/userTel' fetch returned 'java.lang.String'
[2021-07-27 17:54:37] - '8e2bebed-fa0d-417f-85d3-b5aecd0b1c7f' completing field '/findUserByName/userTel'...
[2021-07-27 17:54:37] - Execution '8e2bebed-fa0d-417f-85d3-b5aecd0b1c7f' completed with zero errors
[2021-07-27 17:55:05] - HikariPool-1 - Pool stats (total=10, active=0, idle=10, waiting=0)
[2021-07-27 17:55:05] - HikariPool-1 - Fill pool skipped, pool is at sufficient level.
[2021-07-27 17:55:17] - Executing request. operation name: 'null'. query: 'query {
    findCourseByName(userName:"Kate"){
        courseId
        courseName
        courseLeader
    }
}'. variables '{}'
[2021-07-27 17:55:17] - Parsing query: 'query {
    findCourseByName(userName:"Kate"){
        courseId
        courseName
        courseLeader
    }
}'...
[2021-07-27 17:55:17] - Validating query: 'query {
    findCourseByName(userName:"Kate"){
        courseId
        courseName
        courseLeader
    }
}'
[2021-07-27 17:55:17] - Query failed to validate : 'query {
    findCourseByName(userName:"Kate"){
        courseId
        courseName
        courseLeader
    }
}'
[2021-07-27 17:55:27] - Executing request. operation name: 'null'. query: 'query {
    findCourseByName(userName:"Mr.Java"){
        courseId
        courseName
        courseLeader
    }
}'. variables '{}'
[2021-07-27 17:55:27] - Parsing query: 'query {
    findCourseByName(userName:"Mr.Java"){
        courseId
        courseName
        courseLeader
    }
}'...
[2021-07-27 17:55:27] - Validating query: 'query {
    findCourseByName(userName:"Mr.Java"){
        courseId
        courseName
        courseLeader
    }
}'
[2021-07-27 17:55:27] - Query failed to validate : 'query {
    findCourseByName(userName:"Mr.Java"){
        courseId
        courseName
        courseLeader
    }
}'
[2021-07-27 17:55:28] - Executing request. operation name: 'null'. query: 'query {
    findCourseByName(userName:"Mr.Java"){
        courseId
        courseName
        courseLeader
    }
}'. variables '{}'
[2021-07-27 17:55:28] - Parsing query: 'query {
    findCourseByName(userName:"Mr.Java"){
        courseId
        courseName
        courseLeader
    }
}'...
[2021-07-27 17:55:28] - Validating query: 'query {
    findCourseByName(userName:"Mr.Java"){
        courseId
        courseName
        courseLeader
    }
}'
[2021-07-27 17:55:28] - Query failed to validate : 'query {
    findCourseByName(userName:"Mr.Java"){
        courseId
        courseName
        courseLeader
    }
}'
[2021-07-27 17:55:34] - Executing request. operation name: 'null'. query: 'query {
    findCourseByName(userName:"Java"){
        courseId
        courseName
        courseLeader
    }
}'. variables '{}'
[2021-07-27 17:55:34] - Parsing query: 'query {
    findCourseByName(userName:"Java"){
        courseId
        courseName
        courseLeader
    }
}'...
[2021-07-27 17:55:34] - Validating query: 'query {
    findCourseByName(userName:"Java"){
        courseId
        courseName
        courseLeader
    }
}'
[2021-07-27 17:55:34] - Query failed to validate : 'query {
    findCourseByName(userName:"Java"){
        courseId
        courseName
        courseLeader
    }
}'
[2021-07-27 17:55:35] - HikariPool-1 - Pool stats (total=10, active=0, idle=10, waiting=0)
[2021-07-27 17:55:35] - HikariPool-1 - Fill pool skipped, pool is at sufficient level.
[2021-07-27 17:55:45] - Executing request. operation name: 'null'. query: 'query {
    findCourseByName(courseName:"Java"){
        courseId
        courseName
        courseLeader
    }
}'. variables '{}'
[2021-07-27 17:55:45] - Parsing query: 'query {
    findCourseByName(courseName:"Java"){
        courseId
        courseName
        courseLeader
    }
}'...
[2021-07-27 17:55:45] - Validating query: 'query {
    findCourseByName(courseName:"Java"){
        courseId
        courseName
        courseLeader
    }
}'
[2021-07-27 17:55:45] - Executing 'a7c11ee7-9e4c-47a0-bf30-6a7cbd2993fe'. operation name: 'null'. query: 'query {
    findCourseByName(courseName:"Java"){
        courseId
        courseName
        courseLeader
    }
}'. variables '{}'
[2021-07-27 17:55:45] - Executing 'a7c11ee7-9e4c-47a0-bf30-6a7cbd2993fe' query operation: 'QUERY' using 'graphql.execution.AsyncExecutionStrategy' execution strategy
[2021-07-27 17:55:45] - 'a7c11ee7-9e4c-47a0-bf30-6a7cbd2993fe' fetching field '/findCourseByName' using data fetcher 'com.coxautodev.graphql.tools.MethodFieldResolverDataFetcher'...
[2021-07-27 17:55:45] - Creating new EntityManager for shared EntityManager invocation
[2021-07-27 17:55:45] - Rendered criteria query -> select generatedAlias0 from Course as generatedAlias0 where generatedAlias0.courseName=:param0
[2021-07-27 17:55:45] - parse() - HQL: select generatedAlias0 from com.anu.springunijpa.entity.Course as generatedAlias0 where generatedAlias0.courseName=:param0
[2021-07-27 17:55:45] - throwQueryException() : no errors
[2021-07-27 17:55:45] - --- HQL AST ---
 \-[QUERY] Node: 'query'
    +-[SELECT_FROM] Node: 'SELECT_FROM'
    |  +-[FROM] Node: 'from'
    |  |  \-[RANGE] Node: 'RANGE'
    |  |     +-[DOT] Node: '.'
    |  |     |  +-[DOT] Node: '.'
    |  |     |  |  +-[DOT] Node: '.'
    |  |     |  |  |  +-[DOT] Node: '.'
    |  |     |  |  |  |  +-[IDENT] Node: 'com'
    |  |     |  |  |  |  \-[IDENT] Node: 'anu'
    |  |     |  |  |  \-[IDENT] Node: 'springunijpa'
    |  |     |  |  \-[IDENT] Node: 'entity'
    |  |     |  \-[IDENT] Node: 'Course'
    |  |     \-[ALIAS] Node: 'generatedAlias0'
    |  \-[SELECT] Node: 'select'
    |     \-[IDENT] Node: 'generatedAlias0'
    \-[WHERE] Node: 'where'
       \-[EQ] Node: '='
          +-[DOT] Node: '.'
          |  +-[IDENT] Node: 'generatedAlias0'
          |  \-[IDENT] Node: 'courseName'
          \-[COLON] Node: ':'
             \-[IDENT] Node: 'param0'

[2021-07-27 17:55:45] - select << begin [level=1, statement=select]
[2021-07-27 17:55:45] - FromClause{level=1} : com.anu.springunijpa.entity.Course (generatedAlias0) -> course0_
[2021-07-27 17:55:45] - Resolved : generatedAlias0 -> course0_.course_id
[2021-07-27 17:55:45] - Resolved : generatedAlias0 -> course0_.course_id
[2021-07-27 17:55:45] - getDataType() : courseName -> org.hibernate.type.StringType@267f9765
[2021-07-27 17:55:45] - Resolved : generatedAlias0.courseName -> course0_.course_name
[2021-07-27 17:55:45] - select : finishing up [level=1, statement=select]
[2021-07-27 17:55:45] - processQuery() :  ( SELECT ( {select clause} course0_.course_id ) ( FromClause{level=1} course course0_ ) ( where ( = ( course0_.course_name course0_.course_id courseName ) ? ) ) )
[2021-07-27 17:55:45] - Tables referenced from query nodes:
 \-QueryNode
    +-SelectClause
    | referencedTables(entity Course): [course]
    |  +-IdentNode
    |  | persister: SingleTableEntityPersister(com.anu.springunijpa.entity.Course)
    |  | originalText: generatedAlias0
    |  \-SqlFragment
    +-FromClause
    |  \-FromElement
    \-SqlNode
       \-BinaryLogicOperatorNode
          +-DotNode
          | persister: SingleTableEntityPersister(com.anu.springunijpa.entity.Course)
          | path: generatedAlias0.courseName
          |  +-IdentNode
          |  | persister: SingleTableEntityPersister(com.anu.springunijpa.entity.Course)
          |  | originalText: generatedAlias0
          |  \-IdentNode
          |    persister: null
          |    originalText: courseName
          \-ParameterNode

[2021-07-27 17:55:45] - Using FROM fragment [course course0_]
[2021-07-27 17:55:45] - select >> end [level=1, statement=select]
[2021-07-27 17:55:45] - --- SQL AST ---
 \-[SELECT] QueryNode: 'SELECT'  querySpaces (course)
    +-[SELECT_CLAUSE] SelectClause: '{select clause}'
    |  +-[ALIAS_REF] IdentNode: 'course0_.course_id as course_i1_0_' {alias=generatedAlias0, className=com.anu.springunijpa.entity.Course, tableAlias=course0_}
    |  \-[SQL_TOKEN] SqlFragment: 'course0_.course_leader as course_l2_0_, course0_.course_name as course_n3_0_'
    +-[FROM] FromClause: 'from' FromClause{level=1, fromElementCounter=1, fromElements=1, fromElementByClassAlias=[generatedAlias0], fromElementByTableAlias=[course0_], fromElementsByPath=[], collectionJoinFromElementsByPath=[], impliedElements=[]}
    |  \-[FROM_FRAGMENT] FromElement: 'course course0_' FromElement{explicit,not a collection join,not a fetch join,fetch non-lazy properties,classAlias=generatedAlias0,role=null,tableName=course,tableAlias=course0_,origin=null,columns={,className=com.anu.springunijpa.entity.Course}}
    \-[WHERE] SqlNode: 'where'
       \-[EQ] BinaryLogicOperatorNode: '='
          +-[DOT] DotNode: 'course0_.course_name' {propertyName=courseName,dereferenceType=PRIMITIVE,getPropertyPath=courseName,path=generatedAlias0.courseName,tableAlias=course0_,className=com.anu.springunijpa.entity.Course,classAlias=generatedAlias0}
          |  +-[ALIAS_REF] IdentNode: 'course0_.course_id' {alias=generatedAlias0, className=com.anu.springunijpa.entity.Course, tableAlias=course0_}
          |  \-[IDENT] IdentNode: 'courseName' {originalText=courseName}
          \-[NAMED_PARAM] ParameterNode: '?' {name=param0, expectedType=org.hibernate.type.StringType@267f9765}

[2021-07-27 17:55:45] - throwQueryException() : no errors
[2021-07-27 17:55:45] - HQL: select generatedAlias0 from com.anu.springunijpa.entity.Course as generatedAlias0 where generatedAlias0.courseName=:param0
[2021-07-27 17:55:45] - SQL: select course0_.course_id as course_i1_0_, course0_.course_leader as course_l2_0_, course0_.course_name as course_n3_0_ from course course0_ where course0_.course_name=?
[2021-07-27 17:55:45] - throwQueryException() : no errors
[2021-07-27 17:55:45] - select course0_.course_id as course_i1_0_, course0_.course_leader as course_l2_0_, course0_.course_name as course_n3_0_ from course course0_ where course0_.course_name=?
[2021-07-27 17:55:45] - Result set row: 0
[2021-07-27 17:55:45] - Result row: EntityKey[com.anu.springunijpa.entity.Course#c1]
[2021-07-27 17:55:45] - Resolving attributes for [com.anu.springunijpa.entity.Course#c1]
[2021-07-27 17:55:45] - Processing attribute `courseLeader` : value = Mr.Java
[2021-07-27 17:55:45] - Attribute (`courseLeader`)  - enhanced for lazy-loading? - false
[2021-07-27 17:55:45] - Processing attribute `courseName` : value = java
[2021-07-27 17:55:45] - Attribute (`courseName`)  - enhanced for lazy-loading? - false
[2021-07-27 17:55:45] - Processing attribute `userCourseSet` : value = NOT NULL COLLECTION
[2021-07-27 17:55:45] - Attribute (`userCourseSet`)  - enhanced for lazy-loading? - false
[2021-07-27 17:55:45] - Done materializing entity [com.anu.springunijpa.entity.Course#c1]
[2021-07-27 17:55:45] - 'a7c11ee7-9e4c-47a0-bf30-6a7cbd2993fe' field '/findCourseByName' fetch returned 'com.anu.springunijpa.entity.Course'
[2021-07-27 17:55:45] - 'a7c11ee7-9e4c-47a0-bf30-6a7cbd2993fe' completing field '/findCourseByName'...
[2021-07-27 17:55:45] - 'a7c11ee7-9e4c-47a0-bf30-6a7cbd2993fe' fetching field '/findCourseByName/courseId' using data fetcher 'com.coxautodev.graphql.tools.MethodFieldResolverDataFetcher'...
[2021-07-27 17:55:45] - 'a7c11ee7-9e4c-47a0-bf30-6a7cbd2993fe' field '/findCourseByName/courseId' fetch returned 'java.lang.String'
[2021-07-27 17:55:45] - 'a7c11ee7-9e4c-47a0-bf30-6a7cbd2993fe' completing field '/findCourseByName/courseId'...
[2021-07-27 17:55:45] - 'a7c11ee7-9e4c-47a0-bf30-6a7cbd2993fe' fetching field '/findCourseByName/courseName' using data fetcher 'com.coxautodev.graphql.tools.MethodFieldResolverDataFetcher'...
[2021-07-27 17:55:45] - 'a7c11ee7-9e4c-47a0-bf30-6a7cbd2993fe' field '/findCourseByName/courseName' fetch returned 'java.lang.String'
[2021-07-27 17:55:45] - 'a7c11ee7-9e4c-47a0-bf30-6a7cbd2993fe' completing field '/findCourseByName/courseName'...
[2021-07-27 17:55:45] - 'a7c11ee7-9e4c-47a0-bf30-6a7cbd2993fe' fetching field '/findCourseByName/courseLeader' using data fetcher 'com.coxautodev.graphql.tools.MethodFieldResolverDataFetcher'...
[2021-07-27 17:55:45] - 'a7c11ee7-9e4c-47a0-bf30-6a7cbd2993fe' field '/findCourseByName/courseLeader' fetch returned 'java.lang.String'
[2021-07-27 17:55:45] - 'a7c11ee7-9e4c-47a0-bf30-6a7cbd2993fe' completing field '/findCourseByName/courseLeader'...
[2021-07-27 17:55:45] - Execution 'a7c11ee7-9e4c-47a0-bf30-6a7cbd2993fe' completed with zero errors
