[2021-07-22 09:32:29] - Autowiring by type from bean name 'resourceHandlerMapping' via factory method to bean named 'mvcResourceUrlProvider'
[2021-07-22 09:32:29] - Eagerly caching bean 'resourceHandlerMapping' to allow for resolving potential circular references
[2021-07-22 09:32:29] - Mapped [/webjars/**] onto ResourceHttpRequestHandler [Classpath [META-INF/resources/webjars/]]
[2021-07-22 09:32:29] - Mapped [/**] onto ResourceHttpRequestHandler [Classpath [META-INF/resources/], Classpath [resources/], Classpath [static/], Classpath [public/], ServletContext [/]]
[2021-07-22 09:32:29] - 'resourceHandlerMapping' {/webjars/**=ResourceHttpRequestHandler [Classpath [META-INF/resources/webjars/]], /**=ResourceHttpRequestHandler [Classpath [META-INF/resources/], Classpath [resources/], Classpath [static/], Classpath [public/], ServletContext [/]]}
[2021-07-22 09:32:29] - Returning cached instance of singleton bean 'org.springframework.transaction.config.internalTransactionAdvisor'
[2021-07-22 09:32:29] - Returning cached instance of singleton bean 'org.springframework.transaction.config.internalTransactionAdvisor'
[2021-07-22 09:32:29] - Finished creating instance of bean 'resourceHandlerMapping'
[2021-07-22 09:32:29] - Returning cached instance of singleton bean 'mvcResourceUrlProvider'
[2021-07-22 09:32:29] - Creating shared instance of singleton bean 'defaultServletHandlerMapping'
[2021-07-22 09:32:29] - Creating instance of bean 'defaultServletHandlerMapping'
[2021-07-22 09:32:29] - Returning cached instance of singleton bean 'org.springframework.transaction.config.internalTransactionAdvisor'
[2021-07-22 09:32:29] - Returning cached instance of singleton bean 'org.springframework.boot.autoconfigure.web.servlet.WebMvcAutoConfiguration$EnableWebMvcConfiguration'
[2021-07-22 09:32:29] - Eagerly caching bean 'defaultServletHandlerMapping' to allow for resolving potential circular references
[2021-07-22 09:32:29] - Returning cached instance of singleton bean 'org.springframework.transaction.config.internalTransactionAdvisor'
[2021-07-22 09:32:29] - Returning cached instance of singleton bean 'org.springframework.transaction.config.internalTransactionAdvisor'
[2021-07-22 09:32:29] - Finished creating instance of bean 'defaultServletHandlerMapping'
[2021-07-22 09:32:29] - Creating shared instance of singleton bean 'handlerFunctionAdapter'
[2021-07-22 09:32:29] - Creating instance of bean 'handlerFunctionAdapter'
[2021-07-22 09:32:29] - Returning cached instance of singleton bean 'org.springframework.transaction.config.internalTransactionAdvisor'
[2021-07-22 09:32:29] - Returning cached instance of singleton bean 'org.springframework.boot.autoconfigure.web.servlet.WebMvcAutoConfiguration$EnableWebMvcConfiguration'
[2021-07-22 09:32:29] - Eagerly caching bean 'handlerFunctionAdapter' to allow for resolving potential circular references
[2021-07-22 09:32:29] - Returning cached instance of singleton bean 'org.springframework.transaction.config.internalTransactionAdvisor'
[2021-07-22 09:32:29] - Returning cached instance of singleton bean 'org.springframework.transaction.config.internalTransactionAdvisor'
[2021-07-22 09:32:29] - Finished creating instance of bean 'handlerFunctionAdapter'
[2021-07-22 09:32:29] - Creating shared instance of singleton bean 'mvcUriComponentsContributor'
[2021-07-22 09:32:29] - Creating instance of bean 'mvcUriComponentsContributor'
[2021-07-22 09:32:29] - Returning cached instance of singleton bean 'org.springframework.transaction.config.internalTransactionAdvisor'
[2021-07-22 09:32:29] - Returning cached instance of singleton bean 'org.springframework.boot.autoconfigure.web.servlet.WebMvcAutoConfiguration$EnableWebMvcConfiguration'
[2021-07-22 09:32:29] - Returning cached instance of singleton bean 'mvcConversionService'
[2021-07-22 09:32:29] - Returning cached instance of singleton bean 'requestMappingHandlerAdapter'
[2021-07-22 09:32:29] - Autowiring by type from bean name 'mvcUriComponentsContributor' via factory method to bean named 'mvcConversionService'
[2021-07-22 09:32:29] - Autowiring by type from bean name 'mvcUriComponentsContributor' via factory method to bean named 'requestMappingHandlerAdapter'
[2021-07-22 09:32:29] - Eagerly caching bean 'mvcUriComponentsContributor' to allow for resolving potential circular references
[2021-07-22 09:32:29] - Returning cached instance of singleton bean 'org.springframework.transaction.config.internalTransactionAdvisor'
[2021-07-22 09:32:29] - Returning cached instance of singleton bean 'org.springframework.transaction.config.internalTransactionAdvisor'
[2021-07-22 09:32:29] - Finished creating instance of bean 'mvcUriComponentsContributor'
[2021-07-22 09:32:29] - Creating shared instance of singleton bean 'httpRequestHandlerAdapter'
[2021-07-22 09:32:29] - Creating instance of bean 'httpRequestHandlerAdapter'
[2021-07-22 09:32:29] - Returning cached instance of singleton bean 'org.springframework.transaction.config.internalTransactionAdvisor'
[2021-07-22 09:32:29] - Returning cached instance of singleton bean 'org.springframework.boot.autoconfigure.web.servlet.WebMvcAutoConfiguration$EnableWebMvcConfiguration'
[2021-07-22 09:32:29] - Eagerly caching bean 'httpRequestHandlerAdapter' to allow for resolving potential circular references
[2021-07-22 09:32:29] - Returning cached instance of singleton bean 'org.springframework.transaction.config.internalTransactionAdvisor'
[2021-07-22 09:32:29] - Returning cached instance of singleton bean 'org.springframework.transaction.config.internalTransactionAdvisor'
[2021-07-22 09:32:29] - Finished creating instance of bean 'httpRequestHandlerAdapter'
[2021-07-22 09:32:29] - Creating shared instance of singleton bean 'simpleControllerHandlerAdapter'
[2021-07-22 09:32:29] - Creating instance of bean 'simpleControllerHandlerAdapter'
[2021-07-22 09:32:29] - Returning cached instance of singleton bean 'org.springframework.transaction.config.internalTransactionAdvisor'
[2021-07-22 09:32:29] - Returning cached instance of singleton bean 'org.springframework.boot.autoconfigure.web.servlet.WebMvcAutoConfiguration$EnableWebMvcConfiguration'
[2021-07-22 09:32:29] - Eagerly caching bean 'simpleControllerHandlerAdapter' to allow for resolving potential circular references
[2021-07-22 09:32:29] - Returning cached instance of singleton bean 'org.springframework.transaction.config.internalTransactionAdvisor'
[2021-07-22 09:32:29] - Returning cached instance of singleton bean 'org.springframework.transaction.config.internalTransactionAdvisor'
[2021-07-22 09:32:29] - Finished creating instance of bean 'simpleControllerHandlerAdapter'
[2021-07-22 09:32:29] - Creating shared instance of singleton bean 'handlerExceptionResolver'
[2021-07-22 09:32:29] - Creating instance of bean 'handlerExceptionResolver'
[2021-07-22 09:32:29] - Returning cached instance of singleton bean 'org.springframework.transaction.config.internalTransactionAdvisor'
[2021-07-22 09:32:29] - Returning cached instance of singleton bean 'org.springframework.boot.autoconfigure.web.servlet.WebMvcAutoConfiguration$EnableWebMvcConfiguration'
[2021-07-22 09:32:29] - Returning cached instance of singleton bean 'mvcContentNegotiationManager'
[2021-07-22 09:32:29] - Autowiring by type from bean name 'handlerExceptionResolver' via factory method to bean named 'mvcContentNegotiationManager'
[2021-07-22 09:32:29] - ControllerAdvice beans: 0 @ExceptionHandler, 1 ResponseBodyAdvice
[2021-07-22 09:32:29] - Eagerly caching bean 'handlerExceptionResolver' to allow for resolving potential circular references
[2021-07-22 09:32:29] - Returning cached instance of singleton bean 'org.springframework.transaction.config.internalTransactionAdvisor'
[2021-07-22 09:32:29] - Returning cached instance of singleton bean 'org.springframework.transaction.config.internalTransactionAdvisor'
[2021-07-22 09:32:29] - Finished creating instance of bean 'handlerExceptionResolver'
[2021-07-22 09:32:29] - Creating shared instance of singleton bean 'mvcViewResolver'
[2021-07-22 09:32:29] - Creating instance of bean 'mvcViewResolver'
[2021-07-22 09:32:29] - Returning cached instance of singleton bean 'org.springframework.transaction.config.internalTransactionAdvisor'
[2021-07-22 09:32:29] - Returning cached instance of singleton bean 'org.springframework.boot.autoconfigure.web.servlet.WebMvcAutoConfiguration$EnableWebMvcConfiguration'
[2021-07-22 09:32:29] - Returning cached instance of singleton bean 'mvcContentNegotiationManager'
[2021-07-22 09:32:29] - Autowiring by type from bean name 'mvcViewResolver' via factory method to bean named 'mvcContentNegotiationManager'
[2021-07-22 09:32:29] - Eagerly caching bean 'mvcViewResolver' to allow for resolving potential circular references
[2021-07-22 09:32:29] - Invoking afterPropertiesSet() on bean with name 'mvcViewResolver'
[2021-07-22 09:32:29] - Returning cached instance of singleton bean 'org.springframework.transaction.config.internalTransactionAdvisor'
[2021-07-22 09:32:29] - Returning cached instance of singleton bean 'org.springframework.transaction.config.internalTransactionAdvisor'
[2021-07-22 09:32:29] - Finished creating instance of bean 'mvcViewResolver'
[2021-07-22 09:32:29] - Creating shared instance of singleton bean 'viewNameTranslator'
[2021-07-22 09:32:29] - Creating instance of bean 'viewNameTranslator'
[2021-07-22 09:32:29] - Returning cached instance of singleton bean 'org.springframework.transaction.config.internalTransactionAdvisor'
[2021-07-22 09:32:29] - Returning cached instance of singleton bean 'org.springframework.boot.autoconfigure.web.servlet.WebMvcAutoConfiguration$EnableWebMvcConfiguration'
[2021-07-22 09:32:29] - Eagerly caching bean 'viewNameTranslator' to allow for resolving potential circular references
[2021-07-22 09:32:29] - Returning cached instance of singleton bean 'org.springframework.transaction.config.internalTransactionAdvisor'
[2021-07-22 09:32:29] - Returning cached instance of singleton bean 'org.springframework.transaction.config.internalTransactionAdvisor'
[2021-07-22 09:32:29] - Finished creating instance of bean 'viewNameTranslator'
[2021-07-22 09:32:29] - Returning cached instance of singleton bean 'org.springframework.boot.autoconfigure.web.servlet.WebMvcAutoConfiguration$WebMvcAutoConfigurationAdapter'
[2021-07-22 09:32:29] - Creating shared instance of singleton bean 'defaultViewResolver'
[2021-07-22 09:32:29] - Creating instance of bean 'defaultViewResolver'
[2021-07-22 09:32:29] - Returning cached instance of singleton bean 'org.springframework.transaction.config.internalTransactionAdvisor'
[2021-07-22 09:32:29] - Returning cached instance of singleton bean 'org.springframework.boot.autoconfigure.web.servlet.WebMvcAutoConfiguration$WebMvcAutoConfigurationAdapter'
[2021-07-22 09:32:29] - Eagerly caching bean 'defaultViewResolver' to allow for resolving potential circular references
[2021-07-22 09:32:29] - Returning cached instance of singleton bean 'org.springframework.transaction.config.internalTransactionAdvisor'
[2021-07-22 09:32:29] - Returning cached instance of singleton bean 'org.springframework.transaction.config.internalTransactionAdvisor'
[2021-07-22 09:32:29] - Finished creating instance of bean 'defaultViewResolver'
[2021-07-22 09:32:29] - Creating shared instance of singleton bean 'viewResolver'
[2021-07-22 09:32:29] - Creating instance of bean 'viewResolver'
[2021-07-22 09:32:29] - Returning cached instance of singleton bean 'org.springframework.transaction.config.internalTransactionAdvisor'
[2021-07-22 09:32:29] - Returning cached instance of singleton bean 'org.springframework.boot.autoconfigure.web.servlet.WebMvcAutoConfiguration$WebMvcAutoConfigurationAdapter'
[2021-07-22 09:32:29] - Autowiring by type from bean name 'viewResolver' via factory method to bean named 'org.springframework.beans.factory.support.DefaultListableBeanFactory@3e34ace1'
[2021-07-22 09:32:29] - Returning cached instance of singleton bean 'mvcContentNegotiationManager'
[2021-07-22 09:32:29] - Eagerly caching bean 'viewResolver' to allow for resolving potential circular references
[2021-07-22 09:32:29] - Returning cached instance of singleton bean 'beanNameViewResolver'
[2021-07-22 09:32:29] - Returning cached instance of singleton bean 'mvcViewResolver'
[2021-07-22 09:32:29] - Returning cached instance of singleton bean 'defaultViewResolver'
[2021-07-22 09:32:29] - Returning cached instance of singleton bean 'org.springframework.transaction.config.internalTransactionAdvisor'
[2021-07-22 09:32:29] - Returning cached instance of singleton bean 'org.springframework.transaction.config.internalTransactionAdvisor'
[2021-07-22 09:32:29] - Returning eagerly cached instance of singleton bean 'viewResolver' that is not fully initialized yet - a consequence of a circular reference
[2021-07-22 09:32:29] - Invoking afterPropertiesSet() on bean with name 'viewResolver'
[2021-07-22 09:32:29] - Finished creating instance of bean 'viewResolver'
[2021-07-22 09:32:29] - Returning cached instance of singleton bean 'requestContextFilter'
[2021-07-22 09:32:29] - Returning cached instance of singleton bean 'org.springframework.boot.autoconfigure.web.servlet.WebMvcAutoConfiguration'
[2021-07-22 09:32:29] - Returning cached instance of singleton bean 'formContentFilter'
[2021-07-22 09:32:29] - Returning cached instance of singleton bean 'com.oembedler.moon.graphql.boot.GraphQLJavaToolsAutoConfiguration'
[2021-07-22 09:32:29] - Returning cached instance of singleton bean 'schemaStringProvider'
[2021-07-22 09:32:29] - Returning cached instance of singleton bean 'schemaParser'
[2021-07-22 09:32:29] - Returning cached instance of singleton bean 'graphQLSchema'
[2021-07-22 09:32:29] - Returning cached instance of singleton bean 'com.oembedler.moon.graphql.boot.GraphQLWebAutoConfiguration'
[2021-07-22 09:32:29] - Returning cached instance of singleton bean 'corsConfigurer'
[2021-07-22 09:32:29] - Returning cached instance of singleton bean 'graphQLSchemaProvider'
[2021-07-22 09:32:29] - Returning cached instance of singleton bean 'executionStrategyProvider'
[2021-07-22 09:32:29] - Returning cached instance of singleton bean 'invocationInputFactory'
[2021-07-22 09:32:29] - Returning cached instance of singleton bean 'queryInvoker'
[2021-07-22 09:32:29] - Returning cached instance of singleton bean 'graphQLObjectMapper'
[2021-07-22 09:32:29] - Returning cached instance of singleton bean 'graphQLHttpServlet'
[2021-07-22 09:32:29] - Returning cached instance of singleton bean 'graphQLServletRegistrationBean'
[2021-07-22 09:32:29] - Creating shared instance of singleton bean 'graphQLWebsocketServlet'
[2021-07-22 09:32:29] - Creating instance of bean 'graphQLWebsocketServlet'
[2021-07-22 09:32:29] - Returning cached instance of singleton bean 'org.springframework.transaction.config.internalTransactionAdvisor'
[2021-07-22 09:32:29] - Returning cached instance of singleton bean 'com.oembedler.moon.graphql.boot.GraphQLWebAutoConfiguration'
[2021-07-22 09:32:29] - Returning cached instance of singleton bean 'invocationInputFactory'
[2021-07-22 09:32:29] - Returning cached instance of singleton bean 'queryInvoker'
[2021-07-22 09:32:29] - Returning cached instance of singleton bean 'graphQLObjectMapper'
[2021-07-22 09:32:29] - Autowiring by type from bean name 'graphQLWebsocketServlet' via factory method to bean named 'invocationInputFactory'
[2021-07-22 09:32:29] - Autowiring by type from bean name 'graphQLWebsocketServlet' via factory method to bean named 'queryInvoker'
[2021-07-22 09:32:29] - Autowiring by type from bean name 'graphQLWebsocketServlet' via factory method to bean named 'graphQLObjectMapper'
[2021-07-22 09:32:29] - Eagerly caching bean 'graphQLWebsocketServlet' to allow for resolving potential circular references
[2021-07-22 09:32:29] - Returning cached instance of singleton bean 'org.springframework.transaction.config.internalTransactionAdvisor'
[2021-07-22 09:32:29] - Returning cached instance of singleton bean 'org.springframework.transaction.config.internalTransactionAdvisor'
[2021-07-22 09:32:29] - Finished creating instance of bean 'graphQLWebsocketServlet'
[2021-07-22 09:32:29] - Creating shared instance of singleton bean 'serverEndpointRegistration'
[2021-07-22 09:32:29] - Creating instance of bean 'serverEndpointRegistration'
[2021-07-22 09:32:29] - Returning cached instance of singleton bean 'org.springframework.transaction.config.internalTransactionAdvisor'
[2021-07-22 09:32:29] - Returning cached instance of singleton bean 'com.oembedler.moon.graphql.boot.GraphQLWebAutoConfiguration'
[2021-07-22 09:32:29] - Returning cached instance of singleton bean 'graphQLWebsocketServlet'
[2021-07-22 09:32:29] - Autowiring by type from bean name 'serverEndpointRegistration' via factory method to bean named 'graphQLWebsocketServlet'
[2021-07-22 09:32:29] - Eagerly caching bean 'serverEndpointRegistration' to allow for resolving potential circular references
[2021-07-22 09:32:29] - Returning cached instance of singleton bean 'org.springframework.transaction.config.internalTransactionAdvisor'
[2021-07-22 09:32:29] - Returning cached instance of singleton bean 'org.springframework.transaction.config.internalTransactionAdvisor'
[2021-07-22 09:32:29] - Finished creating instance of bean 'serverEndpointRegistration'
[2021-07-22 09:32:29] - Creating shared instance of singleton bean 'serverEndpointExporter'
[2021-07-22 09:32:29] - Creating instance of bean 'serverEndpointExporter'
[2021-07-22 09:32:29] - Returning cached instance of singleton bean 'org.springframework.transaction.config.internalTransactionAdvisor'
[2021-07-22 09:32:29] - Returning cached instance of singleton bean 'com.oembedler.moon.graphql.boot.GraphQLWebAutoConfiguration'
[2021-07-22 09:32:29] - Eagerly caching bean 'serverEndpointExporter' to allow for resolving potential circular references
[2021-07-22 09:32:29] - Invoking afterPropertiesSet() on bean with name 'serverEndpointExporter'
[2021-07-22 09:32:29] - Returning cached instance of singleton bean 'org.springframework.transaction.config.internalTransactionAdvisor'
[2021-07-22 09:32:29] - Returning cached instance of singleton bean 'org.springframework.transaction.config.internalTransactionAdvisor'
[2021-07-22 09:32:29] - Finished creating instance of bean 'serverEndpointExporter'
[2021-07-22 09:32:29] - Returning cached instance of singleton bean 'graphql.servlet-com.oembedler.moon.graphql.boot.GraphQLServletProperties'
[2021-07-22 09:32:29] - Creating shared instance of singleton bean 'org.springframework.boot.autoconfigure.jmx.JmxAutoConfiguration'
[2021-07-22 09:32:29] - Creating instance of bean 'org.springframework.boot.autoconfigure.jmx.JmxAutoConfiguration'
[2021-07-22 09:32:29] - Returning cached instance of singleton bean 'org.springframework.transaction.config.internalTransactionAdvisor'
[2021-07-22 09:32:29] - Returning cached instance of singleton bean 'environment'
[2021-07-22 09:32:29] - Autowiring by type from bean name 'org.springframework.boot.autoconfigure.jmx.JmxAutoConfiguration' via constructor to bean named 'environment'
[2021-07-22 09:32:29] - Eagerly caching bean 'org.springframework.boot.autoconfigure.jmx.JmxAutoConfiguration' to allow for resolving potential circular references
[2021-07-22 09:32:29] - Returning cached instance of singleton bean 'org.springframework.transaction.config.internalTransactionAdvisor'
[2021-07-22 09:32:29] - Returning cached instance of singleton bean 'org.springframework.transaction.config.internalTransactionAdvisor'
[2021-07-22 09:32:29] - Finished creating instance of bean 'org.springframework.boot.autoconfigure.jmx.JmxAutoConfiguration'
[2021-07-22 09:32:29] - Creating shared instance of singleton bean 'mbeanExporter'
[2021-07-22 09:32:29] - Creating instance of bean 'mbeanExporter'
[2021-07-22 09:32:29] - Returning cached instance of singleton bean 'org.springframework.transaction.config.internalTransactionAdvisor'
[2021-07-22 09:32:29] - Returning cached instance of singleton bean 'org.springframework.boot.autoconfigure.jmx.JmxAutoConfiguration'
[2021-07-22 09:32:29] - Creating shared instance of singleton bean 'objectNamingStrategy'
[2021-07-22 09:32:29] - Creating instance of bean 'objectNamingStrategy'
[2021-07-22 09:32:29] - Returning cached instance of singleton bean 'org.springframework.transaction.config.internalTransactionAdvisor'
[2021-07-22 09:32:29] - Returning cached instance of singleton bean 'org.springframework.boot.autoconfigure.jmx.JmxAutoConfiguration'
[2021-07-22 09:32:29] - Eagerly caching bean 'objectNamingStrategy' to allow for resolving potential circular references
[2021-07-22 09:32:29] - Invoking afterPropertiesSet() on bean with name 'objectNamingStrategy'
[2021-07-22 09:32:29] - Returning cached instance of singleton bean 'org.springframework.transaction.config.internalTransactionAdvisor'
[2021-07-22 09:32:29] - Returning cached instance of singleton bean 'org.springframework.transaction.config.internalTransactionAdvisor'
[2021-07-22 09:32:29] - Finished creating instance of bean 'objectNamingStrategy'
[2021-07-22 09:32:29] - Autowiring by type from bean name 'mbeanExporter' via factory method to bean named 'objectNamingStrategy'
[2021-07-22 09:32:29] - Autowiring by type from bean name 'mbeanExporter' via factory method to bean named 'org.springframework.beans.factory.support.DefaultListableBeanFactory@3e34ace1'
[2021-07-22 09:32:29] - Creating shared instance of singleton bean 'mbeanServer'
[2021-07-22 09:32:29] - Creating instance of bean 'mbeanServer'
[2021-07-22 09:32:29] - Returning cached instance of singleton bean 'org.springframework.transaction.config.internalTransactionAdvisor'
[2021-07-22 09:32:29] - Returning cached instance of singleton bean 'org.springframework.boot.autoconfigure.jmx.JmxAutoConfiguration'
[2021-07-22 09:32:29] - Found MBeanServer: com.sun.jmx.mbeanserver.JmxMBeanServer@1c6b6478
[2021-07-22 09:32:29] - Eagerly caching bean 'mbeanServer' to allow for resolving potential circular references
[2021-07-22 09:32:29] - Returning cached instance of singleton bean 'org.springframework.transaction.config.internalTransactionAdvisor'
[2021-07-22 09:32:29] - Returning cached instance of singleton bean 'org.springframework.transaction.config.internalTransactionAdvisor'
[2021-07-22 09:32:29] - Finished creating instance of bean 'mbeanServer'
[2021-07-22 09:32:29] - Eagerly caching bean 'mbeanExporter' to allow for resolving potential circular references
[2021-07-22 09:32:29] - Invoking afterPropertiesSet() on bean with name 'mbeanExporter'
[2021-07-22 09:32:29] - Returning cached instance of singleton bean 'org.springframework.transaction.config.internalTransactionAdvisor'
[2021-07-22 09:32:29] - Returning cached instance of singleton bean 'org.springframework.transaction.config.internalTransactionAdvisor'
[2021-07-22 09:32:29] - Finished creating instance of bean 'mbeanExporter'
[2021-07-22 09:32:29] - Returning cached instance of singleton bean 'objectNamingStrategy'
[2021-07-22 09:32:29] - Returning cached instance of singleton bean 'mbeanServer'
[2021-07-22 09:32:29] - Creating shared instance of singleton bean 'org.springframework.boot.autoconfigure.admin.SpringApplicationAdminJmxAutoConfiguration'
[2021-07-22 09:32:29] - Creating instance of bean 'org.springframework.boot.autoconfigure.admin.SpringApplicationAdminJmxAutoConfiguration'
[2021-07-22 09:32:29] - Returning cached instance of singleton bean 'org.springframework.transaction.config.internalTransactionAdvisor'
[2021-07-22 09:32:29] - Eagerly caching bean 'org.springframework.boot.autoconfigure.admin.SpringApplicationAdminJmxAutoConfiguration' to allow for resolving potential circular references
[2021-07-22 09:32:29] - Returning cached instance of singleton bean 'org.springframework.transaction.config.internalTransactionAdvisor'
[2021-07-22 09:32:29] - Returning cached instance of singleton bean 'org.springframework.transaction.config.internalTransactionAdvisor'
[2021-07-22 09:32:29] - Finished creating instance of bean 'org.springframework.boot.autoconfigure.admin.SpringApplicationAdminJmxAutoConfiguration'
[2021-07-22 09:32:29] - Creating shared instance of singleton bean 'springApplicationAdminRegistrar'
[2021-07-22 09:32:29] - Creating instance of bean 'springApplicationAdminRegistrar'
[2021-07-22 09:32:29] - Returning cached instance of singleton bean 'org.springframework.transaction.config.internalTransactionAdvisor'
[2021-07-22 09:32:29] - Returning cached instance of singleton bean 'org.springframework.boot.autoconfigure.admin.SpringApplicationAdminJmxAutoConfiguration'
[2021-07-22 09:32:29] - Returning cached instance of singleton bean 'environment'
[2021-07-22 09:32:29] - Autowiring by type from bean name 'springApplicationAdminRegistrar' via factory method to bean named 'environment'
[2021-07-22 09:32:29] - Returning cached instance of singleton bean 'mbeanExporter'
[2021-07-22 09:32:29] - Returning cached instance of singleton bean 'mbeanExporter'
[2021-07-22 09:32:29] - Eagerly caching bean 'springApplicationAdminRegistrar' to allow for resolving potential circular references
[2021-07-22 09:32:29] - Invoking afterPropertiesSet() on bean with name 'springApplicationAdminRegistrar'
[2021-07-22 09:32:29] - ObjectName = org.springframework.boot:type=Admin,name=SpringApplication
[2021-07-22 09:32:29] - name = org.springframework.boot:type=Admin,name=SpringApplication
[2021-07-22 09:32:29] - Send create notification of object org.springframework.boot:name=SpringApplication,type=Admin
[2021-07-22 09:32:29] - JMX.mbean.registered org.springframework.boot:type=Admin,name=SpringApplication
[2021-07-22 09:32:29] - Application Admin MBean registered with name 'org.springframework.boot:type=Admin,name=SpringApplication'
[2021-07-22 09:32:29] - Returning cached instance of singleton bean 'org.springframework.transaction.config.internalTransactionAdvisor'
[2021-07-22 09:32:29] - Returning cached instance of singleton bean 'org.springframework.transaction.config.internalTransactionAdvisor'
[2021-07-22 09:32:29] - Finished creating instance of bean 'springApplicationAdminRegistrar'
[2021-07-22 09:32:29] - Creating shared instance of singleton bean 'org.springframework.boot.autoconfigure.aop.AopAutoConfiguration$AspectJAutoProxyingConfiguration$CglibAutoProxyConfiguration'
[2021-07-22 09:32:29] - Creating instance of bean 'org.springframework.boot.autoconfigure.aop.AopAutoConfiguration$AspectJAutoProxyingConfiguration$CglibAutoProxyConfiguration'
[2021-07-22 09:32:29] - Returning cached instance of singleton bean 'org.springframework.transaction.config.internalTransactionAdvisor'
[2021-07-22 09:32:29] - Eagerly caching bean 'org.springframework.boot.autoconfigure.aop.AopAutoConfiguration$AspectJAutoProxyingConfiguration$CglibAutoProxyConfiguration' to allow for resolving potential circular references
[2021-07-22 09:32:29] - Returning cached instance of singleton bean 'org.springframework.transaction.config.internalTransactionAdvisor'
[2021-07-22 09:32:29] - Returning cached instance of singleton bean 'org.springframework.transaction.config.internalTransactionAdvisor'
[2021-07-22 09:32:29] - Finished creating instance of bean 'org.springframework.boot.autoconfigure.aop.AopAutoConfiguration$AspectJAutoProxyingConfiguration$CglibAutoProxyConfiguration'
[2021-07-22 09:32:29] - Returning cached instance of singleton bean 'org.springframework.aop.config.internalAutoProxyCreator'
[2021-07-22 09:32:29] - Creating shared instance of singleton bean 'org.springframework.boot.autoconfigure.aop.AopAutoConfiguration$AspectJAutoProxyingConfiguration'
[2021-07-22 09:32:29] - Creating instance of bean 'org.springframework.boot.autoconfigure.aop.AopAutoConfiguration$AspectJAutoProxyingConfiguration'
[2021-07-22 09:32:29] - Returning cached instance of singleton bean 'org.springframework.transaction.config.internalTransactionAdvisor'
[2021-07-22 09:32:29] - Eagerly caching bean 'org.springframework.boot.autoconfigure.aop.AopAutoConfiguration$AspectJAutoProxyingConfiguration' to allow for resolving potential circular references
[2021-07-22 09:32:29] - Returning cached instance of singleton bean 'org.springframework.transaction.config.internalTransactionAdvisor'
[2021-07-22 09:32:29] - Returning cached instance of singleton bean 'org.springframework.transaction.config.internalTransactionAdvisor'
[2021-07-22 09:32:29] - Finished creating instance of bean 'org.springframework.boot.autoconfigure.aop.AopAutoConfiguration$AspectJAutoProxyingConfiguration'
[2021-07-22 09:32:29] - Creating shared instance of singleton bean 'org.springframework.boot.autoconfigure.aop.AopAutoConfiguration'
[2021-07-22 09:32:29] - Creating instance of bean 'org.springframework.boot.autoconfigure.aop.AopAutoConfiguration'
[2021-07-22 09:32:29] - Returning cached instance of singleton bean 'org.springframework.transaction.config.internalTransactionAdvisor'
[2021-07-22 09:32:29] - Eagerly caching bean 'org.springframework.boot.autoconfigure.aop.AopAutoConfiguration' to allow for resolving potential circular references
[2021-07-22 09:32:29] - Returning cached instance of singleton bean 'org.springframework.transaction.config.internalTransactionAdvisor'
[2021-07-22 09:32:29] - Returning cached instance of singleton bean 'org.springframework.transaction.config.internalTransactionAdvisor'
[2021-07-22 09:32:29] - Finished creating instance of bean 'org.springframework.boot.autoconfigure.aop.AopAutoConfiguration'
[2021-07-22 09:32:29] - Creating shared instance of singleton bean 'org.springframework.boot.autoconfigure.availability.ApplicationAvailabilityAutoConfiguration'
[2021-07-22 09:32:29] - Creating instance of bean 'org.springframework.boot.autoconfigure.availability.ApplicationAvailabilityAutoConfiguration'
[2021-07-22 09:32:29] - Returning cached instance of singleton bean 'org.springframework.transaction.config.internalTransactionAdvisor'
[2021-07-22 09:32:29] - Eagerly caching bean 'org.springframework.boot.autoconfigure.availability.ApplicationAvailabilityAutoConfiguration' to allow for resolving potential circular references
[2021-07-22 09:32:29] - Returning cached instance of singleton bean 'org.springframework.transaction.config.internalTransactionAdvisor'
[2021-07-22 09:32:29] - Returning cached instance of singleton bean 'org.springframework.transaction.config.internalTransactionAdvisor'
[2021-07-22 09:32:29] - Finished creating instance of bean 'org.springframework.boot.autoconfigure.availability.ApplicationAvailabilityAutoConfiguration'
[2021-07-22 09:32:29] - Creating shared instance of singleton bean 'applicationAvailability'
[2021-07-22 09:32:29] - Creating instance of bean 'applicationAvailability'
[2021-07-22 09:32:29] - Returning cached instance of singleton bean 'org.springframework.transaction.config.internalTransactionAdvisor'
[2021-07-22 09:32:29] - Returning cached instance of singleton bean 'org.springframework.boot.autoconfigure.availability.ApplicationAvailabilityAutoConfiguration'
[2021-07-22 09:32:29] - Eagerly caching bean 'applicationAvailability' to allow for resolving potential circular references
[2021-07-22 09:32:29] - Returning cached instance of singleton bean 'org.springframework.transaction.config.internalTransactionAdvisor'
[2021-07-22 09:32:29] - Returning cached instance of singleton bean 'org.springframework.transaction.config.internalTransactionAdvisor'
[2021-07-22 09:32:29] - Finished creating instance of bean 'applicationAvailability'
[2021-07-22 09:32:29] - Returning cached instance of singleton bean 'org.springframework.boot.autoconfigure.jackson.JacksonAutoConfiguration$Jackson2ObjectMapperBuilderCustomizerConfiguration'
[2021-07-22 09:32:29] - Returning cached instance of singleton bean 'standardJacksonObjectMapperBuilderCustomizer'
[2021-07-22 09:32:29] - Returning cached instance of singleton bean 'spring.jackson-org.springframework.boot.autoconfigure.jackson.JacksonProperties'
[2021-07-22 09:32:29] - Returning cached instance of singleton bean 'org.springframework.boot.autoconfigure.jackson.JacksonAutoConfiguration$JacksonObjectMapperBuilderConfiguration'
[2021-07-22 09:32:29] - Returning cached instance of singleton bean 'org.springframework.boot.autoconfigure.jackson.JacksonAutoConfiguration$ParameterNamesModuleConfiguration'
[2021-07-22 09:32:29] - Returning cached instance of singleton bean 'parameterNamesModule'
[2021-07-22 09:32:29] - Returning cached instance of singleton bean 'org.springframework.boot.autoconfigure.jackson.JacksonAutoConfiguration$JacksonObjectMapperConfiguration'
[2021-07-22 09:32:29] - Returning cached instance of singleton bean 'jacksonObjectMapper'
[2021-07-22 09:32:29] - Returning cached instance of singleton bean 'org.springframework.boot.autoconfigure.jackson.JacksonAutoConfiguration'
[2021-07-22 09:32:29] - Returning cached instance of singleton bean 'jsonComponentModule'
[2021-07-22 09:32:29] - Creating shared instance of singleton bean 'org.springframework.boot.autoconfigure.transaction.jta.JtaAutoConfiguration'
[2021-07-22 09:32:29] - Creating instance of bean 'org.springframework.boot.autoconfigure.transaction.jta.JtaAutoConfiguration'
[2021-07-22 09:32:29] - Returning cached instance of singleton bean 'org.springframework.transaction.config.internalTransactionAdvisor'
[2021-07-22 09:32:29] - Eagerly caching bean 'org.springframework.boot.autoconfigure.transaction.jta.JtaAutoConfiguration' to allow for resolving potential circular references
[2021-07-22 09:32:29] - Returning cached instance of singleton bean 'org.springframework.transaction.config.internalTransactionAdvisor'
[2021-07-22 09:32:29] - Returning cached instance of singleton bean 'org.springframework.transaction.config.internalTransactionAdvisor'
[2021-07-22 09:32:29] - Finished creating instance of bean 'org.springframework.boot.autoconfigure.transaction.jta.JtaAutoConfiguration'
[2021-07-22 09:32:29] - Returning cached instance of singleton bean 'org.springframework.boot.autoconfigure.jdbc.DataSourceConfiguration$Hikari'
[2021-07-22 09:32:29] - Returning cached instance of singleton bean 'dataSource'
[2021-07-22 09:32:29] - Creating shared instance of singleton bean 'org.springframework.boot.autoconfigure.jdbc.DataSourceJmxConfiguration$Hikari'
[2021-07-22 09:32:29] - Creating instance of bean 'org.springframework.boot.autoconfigure.jdbc.DataSourceJmxConfiguration$Hikari'
[2021-07-22 09:32:29] - Returning cached instance of singleton bean 'org.springframework.transaction.config.internalTransactionAdvisor'
[2021-07-22 09:32:29] - Returning cached instance of singleton bean 'dataSource'
[2021-07-22 09:32:29] - Autowiring by type from bean name 'org.springframework.boot.autoconfigure.jdbc.DataSourceJmxConfiguration$Hikari' via constructor to bean named 'dataSource'
[2021-07-22 09:32:29] - Eagerly caching bean 'org.springframework.boot.autoconfigure.jdbc.DataSourceJmxConfiguration$Hikari' to allow for resolving potential circular references
[2021-07-22 09:32:29] - Returning cached instance of singleton bean 'org.springframework.transaction.config.internalTransactionAdvisor'
[2021-07-22 09:32:29] - Returning cached instance of singleton bean 'org.springframework.transaction.config.internalTransactionAdvisor'
[2021-07-22 09:32:29] - Finished creating instance of bean 'org.springframework.boot.autoconfigure.jdbc.DataSourceJmxConfiguration$Hikari'
[2021-07-22 09:32:29] - Creating shared instance of singleton bean 'org.springframework.boot.autoconfigure.jdbc.DataSourceJmxConfiguration'
[2021-07-22 09:32:29] - Creating instance of bean 'org.springframework.boot.autoconfigure.jdbc.DataSourceJmxConfiguration'
[2021-07-22 09:32:29] - Returning cached instance of singleton bean 'org.springframework.transaction.config.internalTransactionAdvisor'
[2021-07-22 09:32:29] - Eagerly caching bean 'org.springframework.boot.autoconfigure.jdbc.DataSourceJmxConfiguration' to allow for resolving potential circular references
[2021-07-22 09:32:29] - Returning cached instance of singleton bean 'org.springframework.transaction.config.internalTransactionAdvisor'
[2021-07-22 09:32:29] - Returning cached instance of singleton bean 'org.springframework.transaction.config.internalTransactionAdvisor'
[2021-07-22 09:32:29] - Finished creating instance of bean 'org.springframework.boot.autoconfigure.jdbc.DataSourceJmxConfiguration'
[2021-07-22 09:32:29] - Creating shared instance of singleton bean 'org.springframework.boot.autoconfigure.jdbc.DataSourceAutoConfiguration$PooledDataSourceConfiguration'
[2021-07-22 09:32:29] - Creating instance of bean 'org.springframework.boot.autoconfigure.jdbc.DataSourceAutoConfiguration$PooledDataSourceConfiguration'
[2021-07-22 09:32:29] - Returning cached instance of singleton bean 'org.springframework.transaction.config.internalTransactionAdvisor'
[2021-07-22 09:32:29] - Eagerly caching bean 'org.springframework.boot.autoconfigure.jdbc.DataSourceAutoConfiguration$PooledDataSourceConfiguration' to allow for resolving potential circular references
[2021-07-22 09:32:29] - Returning cached instance of singleton bean 'org.springframework.transaction.config.internalTransactionAdvisor'
[2021-07-22 09:32:29] - Returning cached instance of singleton bean 'org.springframework.transaction.config.internalTransactionAdvisor'
[2021-07-22 09:32:29] - Finished creating instance of bean 'org.springframework.boot.autoconfigure.jdbc.DataSourceAutoConfiguration$PooledDataSourceConfiguration'
[2021-07-22 09:32:29] - Returning cached instance of singleton bean 'org.springframework.boot.autoconfigure.jdbc.metadata.DataSourcePoolMetadataProvidersConfiguration$HikariPoolDataSourceMetadataProviderConfiguration'
[2021-07-22 09:32:29] - Returning cached instance of singleton bean 'hikariPoolDataSourceMetadataProvider'
[2021-07-22 09:32:29] - Creating shared instance of singleton bean 'org.springframework.boot.autoconfigure.jdbc.metadata.DataSourcePoolMetadataProvidersConfiguration'
[2021-07-22 09:32:29] - Creating instance of bean 'org.springframework.boot.autoconfigure.jdbc.metadata.DataSourcePoolMetadataProvidersConfiguration'
[2021-07-22 09:32:29] - Returning cached instance of singleton bean 'org.springframework.transaction.config.internalTransactionAdvisor'
[2021-07-22 09:32:29] - Eagerly caching bean 'org.springframework.boot.autoconfigure.jdbc.metadata.DataSourcePoolMetadataProvidersConfiguration' to allow for resolving potential circular references
[2021-07-22 09:32:29] - Returning cached instance of singleton bean 'org.springframework.transaction.config.internalTransactionAdvisor'
[2021-07-22 09:32:29] - Returning cached instance of singleton bean 'org.springframework.transaction.config.internalTransactionAdvisor'
[2021-07-22 09:32:29] - Finished creating instance of bean 'org.springframework.boot.autoconfigure.jdbc.metadata.DataSourcePoolMetadataProvidersConfiguration'
[2021-07-22 09:32:29] - Creating shared instance of singleton bean 'org.springframework.boot.autoconfigure.jdbc.DataSourceAutoConfiguration'
[2021-07-22 09:32:29] - Creating instance of bean 'org.springframework.boot.autoconfigure.jdbc.DataSourceAutoConfiguration'
[2021-07-22 09:32:29] - Returning cached instance of singleton bean 'org.springframework.transaction.config.internalTransactionAdvisor'
[2021-07-22 09:32:29] - Eagerly caching bean 'org.springframework.boot.autoconfigure.jdbc.DataSourceAutoConfiguration' to allow for resolving potential circular references
[2021-07-22 09:32:29] - Returning cached instance of singleton bean 'org.springframework.transaction.config.internalTransactionAdvisor'
[2021-07-22 09:32:29] - Returning cached instance of singleton bean 'org.springframework.transaction.config.internalTransactionAdvisor'
[2021-07-22 09:32:29] - Finished creating instance of bean 'org.springframework.boot.autoconfigure.jdbc.DataSourceAutoConfiguration'
[2021-07-22 09:32:29] - Returning cached instance of singleton bean 'spring.datasource-org.springframework.boot.autoconfigure.jdbc.DataSourceProperties'
[2021-07-22 09:32:29] - Returning cached instance of singleton bean 'org.springframework.boot.autoconfigure.orm.jpa.JpaBaseConfiguration$JpaWebConfiguration'
[2021-07-22 09:32:29] - Returning cached instance of singleton bean 'openEntityManagerInViewInterceptor'
[2021-07-22 09:32:29] - Returning cached instance of singleton bean 'openEntityManagerInViewInterceptorConfigurer'
[2021-07-22 09:32:29] - Returning cached instance of singleton bean 'org.springframework.boot.autoconfigure.orm.jpa.HibernateJpaConfiguration'
[2021-07-22 09:32:29] - Creating shared instance of singleton bean 'transactionManager'
[2021-07-22 09:32:29] - Creating instance of bean 'transactionManager'
[2021-07-22 09:32:29] - Returning cached instance of singleton bean 'org.springframework.transaction.config.internalTransactionAdvisor'
[2021-07-22 09:32:29] - Returning cached instance of singleton bean 'org.springframework.boot.autoconfigure.orm.jpa.HibernateJpaConfiguration'
[2021-07-22 09:32:29] - Creating shared instance of singleton bean 'platformTransactionManagerCustomizers'
[2021-07-22 09:32:29] - Creating instance of bean 'platformTransactionManagerCustomizers'
[2021-07-22 09:32:29] - Returning cached instance of singleton bean 'org.springframework.transaction.config.internalTransactionAdvisor'
[2021-07-22 09:32:29] - Creating shared instance of singleton bean 'org.springframework.boot.autoconfigure.transaction.TransactionAutoConfiguration'
[2021-07-22 09:32:29] - Creating instance of bean 'org.springframework.boot.autoconfigure.transaction.TransactionAutoConfiguration'
[2021-07-22 09:32:29] - Returning cached instance of singleton bean 'org.springframework.transaction.config.internalTransactionAdvisor'
[2021-07-22 09:32:29] - Eagerly caching bean 'org.springframework.boot.autoconfigure.transaction.TransactionAutoConfiguration' to allow for resolving potential circular references
[2021-07-22 09:32:29] - Returning cached instance of singleton bean 'org.springframework.transaction.config.internalTransactionAdvisor'
[2021-07-22 09:32:29] - Returning cached instance of singleton bean 'org.springframework.transaction.config.internalTransactionAdvisor'
[2021-07-22 09:32:29] - Finished creating instance of bean 'org.springframework.boot.autoconfigure.transaction.TransactionAutoConfiguration'
[2021-07-22 09:32:29] - Creating shared instance of singleton bean 'spring.transaction-org.springframework.boot.autoconfigure.transaction.TransactionProperties'
[2021-07-22 09:32:29] - Creating instance of bean 'spring.transaction-org.springframework.boot.autoconfigure.transaction.TransactionProperties'
[2021-07-22 09:32:29] - Returning cached instance of singleton bean 'org.springframework.transaction.config.internalTransactionAdvisor'
[2021-07-22 09:32:29] - Eagerly caching bean 'spring.transaction-org.springframework.boot.autoconfigure.transaction.TransactionProperties' to allow for resolving potential circular references
[2021-07-22 09:32:29] - Returning cached instance of singleton bean 'org.springframework.boot.context.properties.BoundConfigurationProperties'
[2021-07-22 09:32:29] - Returning cached instance of singleton bean 'org.springframework.transaction.config.internalTransactionAdvisor'
[2021-07-22 09:32:29] - Returning cached instance of singleton bean 'org.springframework.transaction.config.internalTransactionAdvisor'
[2021-07-22 09:32:29] - Finished creating instance of bean 'spring.transaction-org.springframework.boot.autoconfigure.transaction.TransactionProperties'
[2021-07-22 09:32:29] - Returning cached instance of singleton bean 'spring.transaction-org.springframework.boot.autoconfigure.transaction.TransactionProperties'
[2021-07-22 09:32:29] - Eagerly caching bean 'platformTransactionManagerCustomizers' to allow for resolving potential circular references
[2021-07-22 09:32:29] - Returning cached instance of singleton bean 'org.springframework.transaction.config.internalTransactionAdvisor'
[2021-07-22 09:32:29] - Returning cached instance of singleton bean 'org.springframework.transaction.config.internalTransactionAdvisor'
[2021-07-22 09:32:29] - Finished creating instance of bean 'platformTransactionManagerCustomizers'
[2021-07-22 09:32:29] - Eagerly caching bean 'transactionManager' to allow for resolving potential circular references
[2021-07-22 09:32:29] - Returning cached instance of singleton bean 'entityManagerFactory'
[2021-07-22 09:32:29] - Invoking afterPropertiesSet() on bean with name 'transactionManager'
[2021-07-22 09:32:29] - Returning cached instance of singleton bean 'org.springframework.transaction.config.internalTransactionAdvisor'
[2021-07-22 09:32:29] - Returning cached instance of singleton bean 'org.springframework.transaction.config.internalTransactionAdvisor'
[2021-07-22 09:32:29] - Finished creating instance of bean 'transactionManager'
[2021-07-22 09:32:29] - Returning cached instance of singleton bean 'jpaVendorAdapter'
[2021-07-22 09:32:29] - Returning cached instance of singleton bean 'entityManagerFactoryBuilder'
[2021-07-22 09:32:29] - Returning cached instance of singleton bean 'entityManagerFactory'
[2021-07-22 09:32:29] - Returning cached instance of singleton bean 'spring.jpa.hibernate-org.springframework.boot.autoconfigure.orm.jpa.HibernateProperties'
[2021-07-22 09:32:29] - Returning cached instance of singleton bean 'spring.jpa-org.springframework.boot.autoconfigure.orm.jpa.JpaProperties'
[2021-07-22 09:32:29] - Creating shared instance of singleton bean 'org.springframework.boot.autoconfigure.orm.jpa.HibernateJpaAutoConfiguration'
[2021-07-22 09:32:29] - Creating instance of bean 'org.springframework.boot.autoconfigure.orm.jpa.HibernateJpaAutoConfiguration'
[2021-07-22 09:32:29] - Returning cached instance of singleton bean 'org.springframework.transaction.config.internalTransactionAdvisor'
[2021-07-22 09:32:29] - Eagerly caching bean 'org.springframework.boot.autoconfigure.orm.jpa.HibernateJpaAutoConfiguration' to allow for resolving potential circular references
[2021-07-22 09:32:29] - Returning cached instance of singleton bean 'org.springframework.transaction.config.internalTransactionAdvisor'
[2021-07-22 09:32:29] - Returning cached instance of singleton bean 'org.springframework.transaction.config.internalTransactionAdvisor'
[2021-07-22 09:32:29] - Finished creating instance of bean 'org.springframework.boot.autoconfigure.orm.jpa.HibernateJpaAutoConfiguration'
[2021-07-22 09:32:29] - Creating shared instance of singleton bean 'org.springframework.boot.autoconfigure.context.ConfigurationPropertiesAutoConfiguration'
[2021-07-22 09:32:29] - Creating instance of bean 'org.springframework.boot.autoconfigure.context.ConfigurationPropertiesAutoConfiguration'
[2021-07-22 09:32:29] - Returning cached instance of singleton bean 'org.springframework.transaction.config.internalTransactionAdvisor'
[2021-07-22 09:32:29] - Eagerly caching bean 'org.springframework.boot.autoconfigure.context.ConfigurationPropertiesAutoConfiguration' to allow for resolving potential circular references
[2021-07-22 09:32:29] - Returning cached instance of singleton bean 'org.springframework.transaction.config.internalTransactionAdvisor'
[2021-07-22 09:32:29] - Returning cached instance of singleton bean 'org.springframework.transaction.config.internalTransactionAdvisor'
[2021-07-22 09:32:29] - Finished creating instance of bean 'org.springframework.boot.autoconfigure.context.ConfigurationPropertiesAutoConfiguration'
[2021-07-22 09:32:29] - Creating shared instance of singleton bean 'org.springframework.boot.autoconfigure.context.LifecycleAutoConfiguration'
[2021-07-22 09:32:29] - Creating instance of bean 'org.springframework.boot.autoconfigure.context.LifecycleAutoConfiguration'
[2021-07-22 09:32:29] - Returning cached instance of singleton bean 'org.springframework.transaction.config.internalTransactionAdvisor'
[2021-07-22 09:32:29] - Eagerly caching bean 'org.springframework.boot.autoconfigure.context.LifecycleAutoConfiguration' to allow for resolving potential circular references
[2021-07-22 09:32:29] - Returning cached instance of singleton bean 'org.springframework.transaction.config.internalTransactionAdvisor'
[2021-07-22 09:32:29] - Returning cached instance of singleton bean 'org.springframework.transaction.config.internalTransactionAdvisor'
[2021-07-22 09:32:29] - Finished creating instance of bean 'org.springframework.boot.autoconfigure.context.LifecycleAutoConfiguration'
[2021-07-22 09:32:29] - Creating shared instance of singleton bean 'lifecycleProcessor'
[2021-07-22 09:32:29] - Creating instance of bean 'lifecycleProcessor'
[2021-07-22 09:32:29] - Returning cached instance of singleton bean 'org.springframework.transaction.config.internalTransactionAdvisor'
[2021-07-22 09:32:29] - Returning cached instance of singleton bean 'org.springframework.boot.autoconfigure.context.LifecycleAutoConfiguration'
[2021-07-22 09:32:29] - Creating shared instance of singleton bean 'spring.lifecycle-org.springframework.boot.autoconfigure.context.LifecycleProperties'
[2021-07-22 09:32:29] - Creating instance of bean 'spring.lifecycle-org.springframework.boot.autoconfigure.context.LifecycleProperties'
[2021-07-22 09:32:29] - Returning cached instance of singleton bean 'org.springframework.transaction.config.internalTransactionAdvisor'
[2021-07-22 09:32:29] - Eagerly caching bean 'spring.lifecycle-org.springframework.boot.autoconfigure.context.LifecycleProperties' to allow for resolving potential circular references
[2021-07-22 09:32:29] - Returning cached instance of singleton bean 'org.springframework.boot.context.properties.BoundConfigurationProperties'
[2021-07-22 09:32:29] - Returning cached instance of singleton bean 'org.springframework.transaction.config.internalTransactionAdvisor'
[2021-07-22 09:32:29] - Returning cached instance of singleton bean 'org.springframework.transaction.config.internalTransactionAdvisor'
[2021-07-22 09:32:29] - Finished creating instance of bean 'spring.lifecycle-org.springframework.boot.autoconfigure.context.LifecycleProperties'
[2021-07-22 09:32:29] - Autowiring by type from bean name 'lifecycleProcessor' via factory method to bean named 'spring.lifecycle-org.springframework.boot.autoconfigure.context.LifecycleProperties'
[2021-07-22 09:32:29] - Eagerly caching bean 'lifecycleProcessor' to allow for resolving potential circular references
[2021-07-22 09:32:29] - Returning cached instance of singleton bean 'org.springframework.transaction.config.internalTransactionAdvisor'
[2021-07-22 09:32:29] - Returning cached instance of singleton bean 'org.springframework.transaction.config.internalTransactionAdvisor'
[2021-07-22 09:32:29] - Finished creating instance of bean 'lifecycleProcessor'
[2021-07-22 09:32:29] - Returning cached instance of singleton bean 'spring.lifecycle-org.springframework.boot.autoconfigure.context.LifecycleProperties'
[2021-07-22 09:32:29] - Creating shared instance of singleton bean 'org.springframework.boot.autoconfigure.dao.PersistenceExceptionTranslationAutoConfiguration'
[2021-07-22 09:32:29] - Creating instance of bean 'org.springframework.boot.autoconfigure.dao.PersistenceExceptionTranslationAutoConfiguration'
[2021-07-22 09:32:29] - Returning cached instance of singleton bean 'org.springframework.transaction.config.internalTransactionAdvisor'
[2021-07-22 09:32:29] - Eagerly caching bean 'org.springframework.boot.autoconfigure.dao.PersistenceExceptionTranslationAutoConfiguration' to allow for resolving potential circular references
[2021-07-22 09:32:29] - Returning cached instance of singleton bean 'org.springframework.transaction.config.internalTransactionAdvisor'
[2021-07-22 09:32:29] - Returning cached instance of singleton bean 'org.springframework.transaction.config.internalTransactionAdvisor'
[2021-07-22 09:32:29] - Finished creating instance of bean 'org.springframework.boot.autoconfigure.dao.PersistenceExceptionTranslationAutoConfiguration'
[2021-07-22 09:32:29] - Returning cached instance of singleton bean 'persistenceExceptionTranslationPostProcessor'
[2021-07-22 09:32:29] - Creating shared instance of singleton bean 'org.springframework.boot.autoconfigure.data.jpa.JpaRepositoriesAutoConfiguration'
[2021-07-22 09:32:29] - Creating instance of bean 'org.springframework.boot.autoconfigure.data.jpa.JpaRepositoriesAutoConfiguration'
[2021-07-22 09:32:29] - Returning cached instance of singleton bean 'org.springframework.transaction.config.internalTransactionAdvisor'
[2021-07-22 09:32:29] - Eagerly caching bean 'org.springframework.boot.autoconfigure.data.jpa.JpaRepositoriesAutoConfiguration' to allow for resolving potential circular references
[2021-07-22 09:32:29] - Returning cached instance of singleton bean 'org.springframework.transaction.config.internalTransactionAdvisor'
[2021-07-22 09:32:29] - Returning cached instance of singleton bean 'org.springframework.transaction.config.internalTransactionAdvisor'
[2021-07-22 09:32:29] - Finished creating instance of bean 'org.springframework.boot.autoconfigure.data.jpa.JpaRepositoriesAutoConfiguration'
[2021-07-22 09:32:29] - Creating shared instance of singleton bean 'org.springframework.data.jpa.util.JpaMetamodelCacheCleanup'
[2021-07-22 09:32:29] - Creating instance of bean 'org.springframework.data.jpa.util.JpaMetamodelCacheCleanup'
[2021-07-22 09:32:29] - Returning cached instance of singleton bean 'org.springframework.transaction.config.internalTransactionAdvisor'
[2021-07-22 09:32:29] - Eagerly caching bean 'org.springframework.data.jpa.util.JpaMetamodelCacheCleanup' to allow for resolving potential circular references
[2021-07-22 09:32:29] - Returning cached instance of singleton bean 'org.springframework.transaction.config.internalTransactionAdvisor'
[2021-07-22 09:32:29] - Returning cached instance of singleton bean 'org.springframework.transaction.config.internalTransactionAdvisor'
[2021-07-22 09:32:29] - Finished creating instance of bean 'org.springframework.data.jpa.util.JpaMetamodelCacheCleanup'
[2021-07-22 09:32:29] - Creating shared instance of singleton bean 'org.springframework.data.jpa.repository.support.JpaEvaluationContextExtension'
[2021-07-22 09:32:29] - Creating instance of bean 'org.springframework.data.jpa.repository.support.JpaEvaluationContextExtension'
[2021-07-22 09:32:29] - Returning cached instance of singleton bean 'org.springframework.transaction.config.internalTransactionAdvisor'
[2021-07-22 09:32:29] - Eagerly caching bean 'org.springframework.data.jpa.repository.support.JpaEvaluationContextExtension' to allow for resolving potential circular references
[2021-07-22 09:32:29] - Returning cached instance of singleton bean 'org.springframework.transaction.config.internalTransactionAdvisor'
[2021-07-22 09:32:29] - Returning cached instance of singleton bean 'org.springframework.transaction.config.internalTransactionAdvisor'
[2021-07-22 09:32:29] - Finished creating instance of bean 'org.springframework.data.jpa.repository.support.JpaEvaluationContextExtension'
[2021-07-22 09:32:29] - Returning cached instance of singleton bean 'courseRepository'
[2021-07-22 09:32:29] - Returning cached instance of singleton bean 'userRepository'
[2021-07-22 09:32:29] - Returning cached instance of singleton bean 'org.springframework.boot.autoconfigure.http.HttpMessageConvertersAutoConfiguration$StringHttpMessageConverterConfiguration'
[2021-07-22 09:32:29] - Returning cached instance of singleton bean 'stringHttpMessageConverter'
[2021-07-22 09:32:29] - Returning cached instance of singleton bean 'org.springframework.boot.autoconfigure.http.JacksonHttpMessageConvertersConfiguration$MappingJackson2HttpMessageConverterConfiguration'
[2021-07-22 09:32:29] - Returning cached instance of singleton bean 'mappingJackson2HttpMessageConverter'
[2021-07-22 09:32:29] - Creating shared instance of singleton bean 'org.springframework.boot.autoconfigure.http.JacksonHttpMessageConvertersConfiguration'
[2021-07-22 09:32:29] - Creating instance of bean 'org.springframework.boot.autoconfigure.http.JacksonHttpMessageConvertersConfiguration'
[2021-07-22 09:32:29] - Returning cached instance of singleton bean 'org.springframework.transaction.config.internalTransactionAdvisor'
[2021-07-22 09:32:29] - Eagerly caching bean 'org.springframework.boot.autoconfigure.http.JacksonHttpMessageConvertersConfiguration' to allow for resolving potential circular references
[2021-07-22 09:32:29] - Returning cached instance of singleton bean 'org.springframework.transaction.config.internalTransactionAdvisor'
[2021-07-22 09:32:29] - Returning cached instance of singleton bean 'org.springframework.transaction.config.internalTransactionAdvisor'
[2021-07-22 09:32:29] - Finished creating instance of bean 'org.springframework.boot.autoconfigure.http.JacksonHttpMessageConvertersConfiguration'
[2021-07-22 09:32:29] - Returning cached instance of singleton bean 'org.springframework.boot.autoconfigure.http.HttpMessageConvertersAutoConfiguration'
[2021-07-22 09:32:29] - Returning cached instance of singleton bean 'messageConverters'
[2021-07-22 09:32:29] - Creating shared instance of singleton bean 'org.springframework.data.web.config.ProjectingArgumentResolverRegistrar'
[2021-07-22 09:32:29] - Creating instance of bean 'org.springframework.data.web.config.ProjectingArgumentResolverRegistrar'
[2021-07-22 09:32:29] - Returning cached instance of singleton bean 'org.springframework.transaction.config.internalTransactionAdvisor'
[2021-07-22 09:32:29] - Eagerly caching bean 'org.springframework.data.web.config.ProjectingArgumentResolverRegistrar' to allow for resolving potential circular references
[2021-07-22 09:32:29] - Returning cached instance of singleton bean 'org.springframework.transaction.config.internalTransactionAdvisor'
[2021-07-22 09:32:29] - Returning cached instance of singleton bean 'org.springframework.transaction.config.internalTransactionAdvisor'
[2021-07-22 09:32:29] - Finished creating instance of bean 'org.springframework.data.web.config.ProjectingArgumentResolverRegistrar'
[2021-07-22 09:32:29] - Returning cached instance of singleton bean 'projectingArgumentResolverBeanPostProcessor'
[2021-07-22 09:32:29] - Returning cached instance of singleton bean 'org.springframework.data.web.config.SpringDataWebConfiguration'
[2021-07-22 09:32:29] - Returning cached instance of singleton bean 'pageableResolver'
[2021-07-22 09:32:29] - Returning cached instance of singleton bean 'sortResolver'
[2021-07-22 09:32:29] - Returning cached instance of singleton bean 'org.springframework.data.web.config.SpringDataJacksonConfiguration'
[2021-07-22 09:32:29] - Returning cached instance of singleton bean 'jacksonGeoModule'
[2021-07-22 09:32:29] - Returning cached instance of singleton bean 'org.springframework.boot.autoconfigure.data.web.SpringDataWebAutoConfiguration'
[2021-07-22 09:32:29] - Returning cached instance of singleton bean 'pageableCustomizer'
[2021-07-22 09:32:29] - Returning cached instance of singleton bean 'sortCustomizer'
[2021-07-22 09:32:29] - Returning cached instance of singleton bean 'spring.data.web-org.springframework.boot.autoconfigure.data.web.SpringDataWebProperties'
[2021-07-22 09:32:29] - Creating shared instance of singleton bean 'org.springframework.boot.autoconfigure.info.ProjectInfoAutoConfiguration'
[2021-07-22 09:32:29] - Creating instance of bean 'org.springframework.boot.autoconfigure.info.ProjectInfoAutoConfiguration'
[2021-07-22 09:32:29] - Returning cached instance of singleton bean 'org.springframework.transaction.config.internalTransactionAdvisor'
[2021-07-22 09:32:29] - Creating shared instance of singleton bean 'spring.info-org.springframework.boot.autoconfigure.info.ProjectInfoProperties'
[2021-07-22 09:32:29] - Creating instance of bean 'spring.info-org.springframework.boot.autoconfigure.info.ProjectInfoProperties'
[2021-07-22 09:32:29] - Returning cached instance of singleton bean 'org.springframework.transaction.config.internalTransactionAdvisor'
[2021-07-22 09:32:29] - Eagerly caching bean 'spring.info-org.springframework.boot.autoconfigure.info.ProjectInfoProperties' to allow for resolving potential circular references
[2021-07-22 09:32:29] - Returning cached instance of singleton bean 'org.springframework.boot.context.properties.BoundConfigurationProperties'
[2021-07-22 09:32:29] - Returning cached instance of singleton bean 'org.springframework.transaction.config.internalTransactionAdvisor'
[2021-07-22 09:32:29] - Returning cached instance of singleton bean 'org.springframework.transaction.config.internalTransactionAdvisor'
[2021-07-22 09:32:29] - Finished creating instance of bean 'spring.info-org.springframework.boot.autoconfigure.info.ProjectInfoProperties'
[2021-07-22 09:32:29] - Autowiring by type from bean name 'org.springframework.boot.autoconfigure.info.ProjectInfoAutoConfiguration' via constructor to bean named 'spring.info-org.springframework.boot.autoconfigure.info.ProjectInfoProperties'
[2021-07-22 09:32:29] - Eagerly caching bean 'org.springframework.boot.autoconfigure.info.ProjectInfoAutoConfiguration' to allow for resolving potential circular references
[2021-07-22 09:32:29] - Returning cached instance of singleton bean 'org.springframework.transaction.config.internalTransactionAdvisor'
[2021-07-22 09:32:29] - Returning cached instance of singleton bean 'org.springframework.transaction.config.internalTransactionAdvisor'
[2021-07-22 09:32:29] - Finished creating instance of bean 'org.springframework.boot.autoconfigure.info.ProjectInfoAutoConfiguration'
[2021-07-22 09:32:29] - Returning cached instance of singleton bean 'spring.info-org.springframework.boot.autoconfigure.info.ProjectInfoProperties'
[2021-07-22 09:32:29] - Creating shared instance of singleton bean 'org.springframework.boot.autoconfigure.jdbc.JdbcTemplateConfiguration'
[2021-07-22 09:32:29] - Creating instance of bean 'org.springframework.boot.autoconfigure.jdbc.JdbcTemplateConfiguration'
[2021-07-22 09:32:29] - Returning cached instance of singleton bean 'org.springframework.transaction.config.internalTransactionAdvisor'
[2021-07-22 09:32:29] - Eagerly caching bean 'org.springframework.boot.autoconfigure.jdbc.JdbcTemplateConfiguration' to allow for resolving potential circular references
[2021-07-22 09:32:29] - Returning cached instance of singleton bean 'org.springframework.transaction.config.internalTransactionAdvisor'
[2021-07-22 09:32:29] - Returning cached instance of singleton bean 'org.springframework.transaction.config.internalTransactionAdvisor'
[2021-07-22 09:32:29] - Finished creating instance of bean 'org.springframework.boot.autoconfigure.jdbc.JdbcTemplateConfiguration'
[2021-07-22 09:32:29] - Returning cached instance of singleton bean 'dataSourceScriptDatabaseInitializer'
[2021-07-22 09:32:29] - Creating shared instance of singleton bean 'jdbcTemplate'
[2021-07-22 09:32:29] - Creating instance of bean 'jdbcTemplate'
[2021-07-22 09:32:29] - Returning cached instance of singleton bean 'org.springframework.transaction.config.internalTransactionAdvisor'
[2021-07-22 09:32:29] - Returning cached instance of singleton bean 'org.springframework.boot.autoconfigure.jdbc.JdbcTemplateConfiguration'
[2021-07-22 09:32:29] - Returning cached instance of singleton bean 'dataSource'
[2021-07-22 09:32:29] - Creating shared instance of singleton bean 'spring.jdbc-org.springframework.boot.autoconfigure.jdbc.JdbcProperties'
[2021-07-22 09:32:29] - Creating instance of bean 'spring.jdbc-org.springframework.boot.autoconfigure.jdbc.JdbcProperties'
[2021-07-22 09:32:29] - Returning cached instance of singleton bean 'org.springframework.transaction.config.internalTransactionAdvisor'
[2021-07-22 09:32:29] - Eagerly caching bean 'spring.jdbc-org.springframework.boot.autoconfigure.jdbc.JdbcProperties' to allow for resolving potential circular references
[2021-07-22 09:32:29] - Returning cached instance of singleton bean 'org.springframework.boot.context.properties.BoundConfigurationProperties'
[2021-07-22 09:32:29] - Returning cached instance of singleton bean 'org.springframework.transaction.config.internalTransactionAdvisor'
[2021-07-22 09:32:29] - Returning cached instance of singleton bean 'org.springframework.transaction.config.internalTransactionAdvisor'
[2021-07-22 09:32:29] - Finished creating instance of bean 'spring.jdbc-org.springframework.boot.autoconfigure.jdbc.JdbcProperties'
[2021-07-22 09:32:29] - Autowiring by type from bean name 'jdbcTemplate' via factory method to bean named 'dataSource'
[2021-07-22 09:32:29] - Autowiring by type from bean name 'jdbcTemplate' via factory method to bean named 'spring.jdbc-org.springframework.boot.autoconfigure.jdbc.JdbcProperties'
[2021-07-22 09:32:29] - Eagerly caching bean 'jdbcTemplate' to allow for resolving potential circular references
[2021-07-22 09:32:29] - Invoking afterPropertiesSet() on bean with name 'jdbcTemplate'
[2021-07-22 09:32:29] - Returning cached instance of singleton bean 'org.springframework.transaction.config.internalTransactionAdvisor'
[2021-07-22 09:32:29] - Returning cached instance of singleton bean 'org.springframework.transaction.config.internalTransactionAdvisor'
[2021-07-22 09:32:29] - Finished creating instance of bean 'jdbcTemplate'
[2021-07-22 09:32:29] - Creating shared instance of singleton bean 'org.springframework.boot.autoconfigure.jdbc.NamedParameterJdbcTemplateConfiguration'
[2021-07-22 09:32:29] - Creating instance of bean 'org.springframework.boot.autoconfigure.jdbc.NamedParameterJdbcTemplateConfiguration'
[2021-07-22 09:32:29] - Returning cached instance of singleton bean 'org.springframework.transaction.config.internalTransactionAdvisor'
[2021-07-22 09:32:29] - Eagerly caching bean 'org.springframework.boot.autoconfigure.jdbc.NamedParameterJdbcTemplateConfiguration' to allow for resolving potential circular references
[2021-07-22 09:32:29] - Returning cached instance of singleton bean 'org.springframework.transaction.config.internalTransactionAdvisor'
[2021-07-22 09:32:29] - Returning cached instance of singleton bean 'org.springframework.transaction.config.internalTransactionAdvisor'
[2021-07-22 09:32:29] - Finished creating instance of bean 'org.springframework.boot.autoconfigure.jdbc.NamedParameterJdbcTemplateConfiguration'
