[2021-07-28 16:09:18] - Adding type registration OffsetTime -> org.hibernate.type.OffsetTimeType@5927f904
[2021-07-28 16:09:18] - Adding type registration java.time.OffsetTime -> org.hibernate.type.OffsetTimeType@5927f904
[2021-07-28 16:09:18] - Adding type registration ZonedDateTime -> org.hibernate.type.ZonedDateTimeType@1f4f0fcc
[2021-07-28 16:09:18] - Adding type registration java.time.ZonedDateTime -> org.hibernate.type.ZonedDateTimeType@1f4f0fcc
[2021-07-28 16:09:18] - Adding type registration date -> org.hibernate.type.DateType@64518270
[2021-07-28 16:09:18] - Adding type registration java.sql.Date -> org.hibernate.type.DateType@64518270
[2021-07-28 16:09:18] - Adding type registration time -> org.hibernate.type.TimeType@668cc9a2
[2021-07-28 16:09:18] - Adding type registration java.sql.Time -> org.hibernate.type.TimeType@668cc9a2
[2021-07-28 16:09:18] - Adding type registration timestamp -> org.hibernate.type.TimestampType@5c18d6d4
[2021-07-28 16:09:18] - Adding type registration java.sql.Timestamp -> org.hibernate.type.TimestampType@5c18d6d4
[2021-07-28 16:09:18] - Adding type registration java.util.Date -> org.hibernate.type.TimestampType@5c18d6d4
[2021-07-28 16:09:18] - Adding type registration dbtimestamp -> org.hibernate.type.DbTimestampType@608cd501
[2021-07-28 16:09:18] - Adding type registration calendar -> org.hibernate.type.CalendarType@738a5848
[2021-07-28 16:09:18] - Adding type registration java.util.Calendar -> org.hibernate.type.CalendarType@738a5848
[2021-07-28 16:09:18] - Adding type registration java.util.GregorianCalendar -> org.hibernate.type.CalendarType@738a5848
[2021-07-28 16:09:18] - Adding type registration calendar_date -> org.hibernate.type.CalendarDateType@ccd341d
[2021-07-28 16:09:18] - Adding type registration calendar_time -> org.hibernate.type.CalendarTimeType@1ab14636
[2021-07-28 16:09:18] - Adding type registration locale -> org.hibernate.type.LocaleType@61608e1a
[2021-07-28 16:09:18] - Adding type registration java.util.Locale -> org.hibernate.type.LocaleType@61608e1a
[2021-07-28 16:09:18] - Adding type registration currency -> org.hibernate.type.CurrencyType@6401188a
[2021-07-28 16:09:18] - Adding type registration java.util.Currency -> org.hibernate.type.CurrencyType@6401188a
[2021-07-28 16:09:18] - Adding type registration timezone -> org.hibernate.type.TimeZoneType@373afd6c
[2021-07-28 16:09:18] - Adding type registration java.util.TimeZone -> org.hibernate.type.TimeZoneType@373afd6c
[2021-07-28 16:09:18] - Adding type registration class -> org.hibernate.type.ClassType@4017fe2c
[2021-07-28 16:09:18] - Adding type registration java.lang.Class -> org.hibernate.type.ClassType@4017fe2c
[2021-07-28 16:09:18] - Adding type registration uuid-binary -> org.hibernate.type.UUIDBinaryType@7b351446
[2021-07-28 16:09:18] - Adding type registration java.util.UUID -> org.hibernate.type.UUIDBinaryType@7b351446
[2021-07-28 16:09:18] - Adding type registration uuid-char -> org.hibernate.type.UUIDCharType@2f995afc
[2021-07-28 16:09:18] - Adding type registration binary -> org.hibernate.type.BinaryType@4a70d302
[2021-07-28 16:09:18] - Adding type registration byte[] -> org.hibernate.type.BinaryType@4a70d302
[2021-07-28 16:09:18] - Adding type registration [B -> org.hibernate.type.BinaryType@4a70d302
[2021-07-28 16:09:18] - Adding type registration wrapper-binary -> org.hibernate.type.WrapperBinaryType@1213ffbc
[2021-07-28 16:09:18] - Adding type registration Byte[] -> org.hibernate.type.WrapperBinaryType@1213ffbc
[2021-07-28 16:09:18] - Adding type registration [Ljava.lang.Byte; -> org.hibernate.type.WrapperBinaryType@1213ffbc
[2021-07-28 16:09:18] - Adding type registration row_version -> org.hibernate.type.RowVersionType@2199e845
[2021-07-28 16:09:18] - Adding type registration image -> org.hibernate.type.ImageType@2fe2965c
[2021-07-28 16:09:18] - Adding type registration characters -> org.hibernate.type.CharArrayType@c2cf597
[2021-07-28 16:09:18] - Adding type registration char[] -> org.hibernate.type.CharArrayType@c2cf597
[2021-07-28 16:09:18] - Adding type registration [C -> org.hibernate.type.CharArrayType@c2cf597
[2021-07-28 16:09:18] - Adding type registration wrapper-characters -> org.hibernate.type.CharacterArrayType@5dbbb292
[2021-07-28 16:09:18] - Adding type registration [Ljava.lang.Character; -> org.hibernate.type.CharacterArrayType@5dbbb292
[2021-07-28 16:09:18] - Adding type registration Character[] -> org.hibernate.type.CharacterArrayType@5dbbb292
[2021-07-28 16:09:18] - Adding type registration text -> org.hibernate.type.TextType@528c8c1
[2021-07-28 16:09:18] - Adding type registration ntext -> org.hibernate.type.NTextType@643ba1ed
[2021-07-28 16:09:18] - Adding type registration blob -> org.hibernate.type.BlobType@7a83ccd2
[2021-07-28 16:09:18] - Adding type registration java.sql.Blob -> org.hibernate.type.BlobType@7a83ccd2
[2021-07-28 16:09:18] - Adding type registration materialized_blob -> org.hibernate.type.MaterializedBlobType@5e1a986c
[2021-07-28 16:09:18] - Adding type registration clob -> org.hibernate.type.ClobType@43d65a81
[2021-07-28 16:09:18] - Adding type registration java.sql.Clob -> org.hibernate.type.ClobType@43d65a81
[2021-07-28 16:09:18] - Adding type registration nclob -> org.hibernate.type.NClobType@15e1f8fe
[2021-07-28 16:09:18] - Adding type registration java.sql.NClob -> org.hibernate.type.NClobType@15e1f8fe
[2021-07-28 16:09:18] - Adding type registration materialized_clob -> org.hibernate.type.MaterializedClobType@626e0c86
[2021-07-28 16:09:18] - Adding type registration materialized_nclob -> org.hibernate.type.MaterializedNClobType@79957f11
[2021-07-28 16:09:18] - Adding type registration serializable -> org.hibernate.type.SerializableType@22a260ff
[2021-07-28 16:09:18] - Adding type registration object -> org.hibernate.type.ObjectType@cbd40c1
[2021-07-28 16:09:18] - Adding type registration java.lang.Object -> org.hibernate.type.ObjectType@cbd40c1
[2021-07-28 16:09:18] - Adding type registration imm_date -> org.hibernate.type.AdaptedImmutableType@1e545821
[2021-07-28 16:09:18] - Adding type registration imm_time -> org.hibernate.type.AdaptedImmutableType@12952aff
[2021-07-28 16:09:18] - Adding type registration imm_timestamp -> org.hibernate.type.AdaptedImmutableType@76a7fcbd
[2021-07-28 16:09:18] - Adding type registration imm_dbtimestamp -> org.hibernate.type.AdaptedImmutableType@433ea2ac
[2021-07-28 16:09:18] - Adding type registration imm_calendar -> org.hibernate.type.AdaptedImmutableType@7f977fba
[2021-07-28 16:09:18] - Adding type registration imm_calendar_date -> org.hibernate.type.AdaptedImmutableType@446e7065
[2021-07-28 16:09:18] - Adding type registration imm_binary -> org.hibernate.type.AdaptedImmutableType@d653e41
[2021-07-28 16:09:18] - Adding type registration imm_serializable -> org.hibernate.type.AdaptedImmutableType@3b78c683
[2021-07-28 16:09:18] - Injecting JPA temp ClassLoader [org.springframework.instrument.classloading.SimpleThrowawayClassLoader@11c78080] into BootstrapContext; was [null]
[2021-07-28 16:09:18] - ClassLoaderAccessImpl#injectTempClassLoader(org.springframework.instrument.classloading.SimpleThrowawayClassLoader@11c78080) [was null]
[2021-07-28 16:09:18] - Injecting ScanEnvironment [org.hibernate.jpa.boot.internal.StandardJpaScanEnvironmentImpl@2f9dda71] into BootstrapContext; was [null]
[2021-07-28 16:09:18] - Injecting ScanOptions [org.hibernate.boot.archive.scan.internal.StandardScanOptions@58278366] into BootstrapContext; was [org.hibernate.boot.archive.scan.internal.StandardScanOptions@7f5fcfe9]
[2021-07-28 16:09:18] - Injecting JPA temp ClassLoader [null] into BootstrapContext; was [org.springframework.instrument.classloading.SimpleThrowawayClassLoader@11c78080]
[2021-07-28 16:09:18] - ClassLoaderAccessImpl#injectTempClassLoader(null) [was org.springframework.instrument.classloading.SimpleThrowawayClassLoader@11c78080]
[2021-07-28 16:09:18] - Registering IdentifierGenerator strategy [uuid2] -> [org.hibernate.id.UUIDGenerator]
[2021-07-28 16:09:18] - Registering IdentifierGenerator strategy [guid] -> [org.hibernate.id.GUIDGenerator]
[2021-07-28 16:09:18] - Registering IdentifierGenerator strategy [uuid] -> [org.hibernate.id.UUIDHexGenerator]
[2021-07-28 16:09:18] - Registering IdentifierGenerator strategy [uuid.hex] -> [org.hibernate.id.UUIDHexGenerator]
[2021-07-28 16:09:18] - Registering IdentifierGenerator strategy [assigned] -> [org.hibernate.id.Assigned]
[2021-07-28 16:09:18] - Registering IdentifierGenerator strategy [identity] -> [org.hibernate.id.IdentityGenerator]
[2021-07-28 16:09:18] - Registering IdentifierGenerator strategy [select] -> [org.hibernate.id.SelectGenerator]
[2021-07-28 16:09:18] - Registering IdentifierGenerator strategy [sequence] -> [org.hibernate.id.enhanced.SequenceStyleGenerator]
[2021-07-28 16:09:18] - Registering IdentifierGenerator strategy [seqhilo] -> [org.hibernate.id.SequenceHiLoGenerator]
[2021-07-28 16:09:18] - Registering IdentifierGenerator strategy [increment] -> [org.hibernate.id.IncrementGenerator]
[2021-07-28 16:09:18] - Registering IdentifierGenerator strategy [foreign] -> [org.hibernate.id.ForeignGenerator]
[2021-07-28 16:09:18] - Registering IdentifierGenerator strategy [sequence-identity] -> [org.hibernate.id.SequenceIdentityGenerator]
[2021-07-28 16:09:18] - Registering IdentifierGenerator strategy [enhanced-sequence] -> [org.hibernate.id.enhanced.SequenceStyleGenerator]
[2021-07-28 16:09:18] - Registering IdentifierGenerator strategy [enhanced-table] -> [org.hibernate.id.enhanced.TableGenerator]
[2021-07-28 16:09:18] - HikariPool-1 - configuration:
[2021-07-28 16:09:18] - allowPoolSuspension................................false
[2021-07-28 16:09:18] - autoCommit................................true
[2021-07-28 16:09:18] - catalog................................none
[2021-07-28 16:09:18] - connectionInitSql................................none
[2021-07-28 16:09:18] - connectionTestQuery................................none
[2021-07-28 16:09:18] - connectionTimeout................................30000
[2021-07-28 16:09:18] - dataSource................................none
[2021-07-28 16:09:18] - dataSourceClassName................................none
[2021-07-28 16:09:18] - dataSourceJNDI................................none
[2021-07-28 16:09:18] - dataSourceProperties................................{password=<masked>}
[2021-07-28 16:09:18] - driverClassName................................"com.mysql.jdbc.Driver"
[2021-07-28 16:09:18] - exceptionOverrideClassName................................none
[2021-07-28 16:09:18] - healthCheckProperties................................{}
[2021-07-28 16:09:18] - healthCheckRegistry................................none
[2021-07-28 16:09:18] - idleTimeout................................600000
[2021-07-28 16:09:18] - initializationFailTimeout................................1
[2021-07-28 16:09:18] - isolateInternalQueries................................false
[2021-07-28 16:09:18] - jdbcUrl................................jdbc:mysql://localhost:3306/institute_db
[2021-07-28 16:09:18] - keepaliveTime................................0
[2021-07-28 16:09:18] - leakDetectionThreshold................................0
[2021-07-28 16:09:18] - maxLifetime................................1800000
[2021-07-28 16:09:18] - maximumPoolSize................................10
[2021-07-28 16:09:18] - metricRegistry................................none
[2021-07-28 16:09:18] - metricsTrackerFactory................................none
[2021-07-28 16:09:18] - minimumIdle................................10
[2021-07-28 16:09:18] - password................................<masked>
[2021-07-28 16:09:18] - poolName................................"HikariPool-1"
[2021-07-28 16:09:18] - readOnly................................false
[2021-07-28 16:09:18] - registerMbeans................................false
[2021-07-28 16:09:18] - scheduledExecutor................................none
[2021-07-28 16:09:18] - schema................................none
[2021-07-28 16:09:18] - threadFactory................................internal
[2021-07-28 16:09:18] - transactionIsolation................................default
[2021-07-28 16:09:18] - username................................"root"
[2021-07-28 16:09:18] - validationTimeout................................5000
[2021-07-28 16:09:18] - HikariPool-1 - Starting...
[2021-07-28 16:09:18] - Registered driver with driverClassName=com.mysql.jdbc.Driver was not found, trying direct instantiation.
[2021-07-28 16:09:18] - Driver class com.mysql.jdbc.Driver found in Thread context class loader TomcatEmbeddedWebappClassLoader
  context: ROOT
  delegate: true
----------> Parent Classloader:
jdk.internal.loader.ClassLoaders$AppClassLoader@251a69d7

