[2021-07-28 18:40:06] - GET "/users?pageNumber=0&pageSize=6&sort=userId", parameters={masked}
[2021-07-28 18:40:06] - Mapped to com.anu.springunijpa.controller.UserController#viewAllUser(Pageable)
[2021-07-28 18:40:06] - Opening JPA EntityManager in OpenEntityManagerInViewInterceptor
[2021-07-28 18:40:06] - Found thread-bound EntityManager [SessionImpl(1279770363<open>)] for JPA transaction
[2021-07-28 18:40:06] - Creating new transaction with name [org.springframework.data.jpa.repository.support.SimpleJpaRepository.findAll]: PROPAGATION_REQUIRED,ISOLATION_DEFAULT,readOnly
[2021-07-28 18:40:06] - Setting JDBC Connection [HikariProxyConnection@1410665314 wrapping com.mysql.cj.jdbc.ConnectionImpl@3c16528d] read-only
[2021-07-28 18:40:06] - On TransactionImpl creation, JpaCompliance#isJpaTransactionComplianceEnabled == false
[2021-07-28 18:40:06] - begin
[2021-07-28 18:40:06] - Exposing JPA transaction as JDBC [org.springframework.orm.jpa.vendor.HibernateJpaDialect$HibernateConnectionHandle@7c6c5de5]
[2021-07-28 18:40:06] - Rendered criteria query -> select generatedAlias0 from User as generatedAlias0 order by generatedAlias0.userId asc
[2021-07-28 18:40:06] - parse() - HQL: select generatedAlias0 from com.anu.springunijpa.entity.User as generatedAlias0 order by generatedAlias0.userId asc
[2021-07-28 18:40:06] - throwQueryException() : no errors
[2021-07-28 18:40:06] - --- HQL AST ---
 \-[QUERY] Node: 'query'
    +-[SELECT_FROM] Node: 'SELECT_FROM'
    |  +-[FROM] Node: 'from'
    |  |  \-[RANGE] Node: 'RANGE'
    |  |     +-[DOT] Node: '.'
    |  |     |  +-[DOT] Node: '.'
    |  |     |  |  +-[DOT] Node: '.'
    |  |     |  |  |  +-[DOT] Node: '.'
    |  |     |  |  |  |  +-[IDENT] Node: 'com'
    |  |     |  |  |  |  \-[IDENT] Node: 'anu'
    |  |     |  |  |  \-[IDENT] Node: 'springunijpa'
    |  |     |  |  \-[IDENT] Node: 'entity'
    |  |     |  \-[IDENT] Node: 'User'
    |  |     \-[ALIAS] Node: 'generatedAlias0'
    |  \-[SELECT] Node: 'select'
    |     \-[IDENT] Node: 'generatedAlias0'
    \-[ORDER] Node: 'order'
       +-[DOT] Node: '.'
       |  +-[IDENT] Node: 'generatedAlias0'
       |  \-[IDENT] Node: 'userId'
       \-[ASCENDING] Node: 'asc'

[2021-07-28 18:40:06] - select << begin [level=1, statement=select]
[2021-07-28 18:40:06] - FromClause{level=1} : com.anu.springunijpa.entity.User (generatedAlias0) -> user0_
[2021-07-28 18:40:06] - Resolved : generatedAlias0 -> user0_.user_id
[2021-07-28 18:40:06] - Resolved : generatedAlias0 -> user0_.user_id
[2021-07-28 18:40:06] - getDataType() : userId -> org.hibernate.type.IntegerType@617449dd
[2021-07-28 18:40:06] - Resolved : generatedAlias0.userId -> user0_.user_id
[2021-07-28 18:40:06] - select : finishing up [level=1, statement=select]
[2021-07-28 18:40:06] - processQuery() :  ( SELECT ( {select clause} user0_.user_id ) ( FromClause{level=1} user user0_ ) ( order ( user0_.user_id user0_.user_id userId ) asc ) )
[2021-07-28 18:40:06] - Tables referenced from query nodes:
 \-QueryNode
    +-SelectClause
    | referencedTables(entity User): [user]
    |  +-IdentNode
    |  | persister: SingleTableEntityPersister(com.anu.springunijpa.entity.User)
    |  | originalText: generatedAlias0
    |  \-SqlFragment
    +-FromClause
    |  \-FromElement
    \-OrderByClause
       +-DotNode
       | persister: SingleTableEntityPersister(com.anu.springunijpa.entity.User)
       | path: generatedAlias0.userId
       |  +-IdentNode
       |  | persister: SingleTableEntityPersister(com.anu.springunijpa.entity.User)
       |  | originalText: generatedAlias0
       |  \-IdentNode
       |    persister: null
       |    originalText: userId
       \-SqlNode

[2021-07-28 18:40:06] - Using FROM fragment [user user0_]
[2021-07-28 18:40:06] - select >> end [level=1, statement=select]
[2021-07-28 18:40:06] - --- SQL AST ---
 \-[SELECT] QueryNode: 'SELECT'  querySpaces (user)
    +-[SELECT_CLAUSE] SelectClause: '{select clause}'
    |  +-[ALIAS_REF] IdentNode: 'user0_.user_id as user_id1_1_' {alias=generatedAlias0, className=com.anu.springunijpa.entity.User, tableAlias=user0_}
    |  \-[SQL_TOKEN] SqlFragment: 'user0_.date_of_birth as date_of_2_1_, user0_.user_name as user_nam3_1_, user0_.user_tel as user_tel4_1_'
    +-[FROM] FromClause: 'from' FromClause{level=1, fromElementCounter=1, fromElements=1, fromElementByClassAlias=[generatedAlias0], fromElementByTableAlias=[user0_], fromElementsByPath=[], collectionJoinFromElementsByPath=[], impliedElements=[]}
    |  \-[FROM_FRAGMENT] FromElement: 'user user0_' FromElement{explicit,not a collection join,not a fetch join,fetch non-lazy properties,classAlias=generatedAlias0,role=null,tableName=user,tableAlias=user0_,origin=null,columns={,className=com.anu.springunijpa.entity.User}}
    \-[ORDER] OrderByClause: 'order'
       +-[DOT] DotNode: 'user0_.user_id' {propertyName=userId,dereferenceType=PRIMITIVE,getPropertyPath=userId,path=generatedAlias0.userId,tableAlias=user0_,className=com.anu.springunijpa.entity.User,classAlias=generatedAlias0}
       |  +-[ALIAS_REF] IdentNode: 'user0_.user_id' {alias=generatedAlias0, className=com.anu.springunijpa.entity.User, tableAlias=user0_}
       |  \-[IDENT] IdentNode: 'userId' {originalText=userId}
       \-[ASCENDING] SqlNode: 'asc'

[2021-07-28 18:40:06] - throwQueryException() : no errors
[2021-07-28 18:40:06] - HQL: select generatedAlias0 from com.anu.springunijpa.entity.User as generatedAlias0 order by generatedAlias0.userId asc
[2021-07-28 18:40:06] - SQL: select user0_.user_id as user_id1_1_, user0_.date_of_birth as date_of_2_1_, user0_.user_name as user_nam3_1_, user0_.user_tel as user_tel4_1_ from user user0_ order by user0_.user_id asc
[2021-07-28 18:40:06] - throwQueryException() : no errors
[2021-07-28 18:40:06] - select user0_.user_id as user_id1_1_, user0_.date_of_birth as date_of_2_1_, user0_.user_name as user_nam3_1_, user0_.user_tel as user_tel4_1_ from user user0_ order by user0_.user_id asc limit ?
[2021-07-28 18:40:06] - Result set row: 0
[2021-07-28 18:40:06] - Result row: EntityKey[com.anu.springunijpa.entity.User#1]
[2021-07-28 18:40:06] - Result set row: 1
[2021-07-28 18:40:06] - Result row: EntityKey[com.anu.springunijpa.entity.User#2]
[2021-07-28 18:40:06] - Result set row: 2
[2021-07-28 18:40:06] - Result row: EntityKey[com.anu.springunijpa.entity.User#3]
[2021-07-28 18:40:06] - Result set row: 3
[2021-07-28 18:40:06] - Result row: EntityKey[com.anu.springunijpa.entity.User#4]
[2021-07-28 18:40:06] - Result set row: 4
[2021-07-28 18:40:06] - Result row: EntityKey[com.anu.springunijpa.entity.User#5]
[2021-07-28 18:40:06] - Result set row: 5
[2021-07-28 18:40:06] - Result row: EntityKey[com.anu.springunijpa.entity.User#6]
[2021-07-28 18:40:06] - Resolving attributes for [com.anu.springunijpa.entity.User#1]
[2021-07-28 18:40:06] - Processing attribute `dOB` : value = 1999-05-02
[2021-07-28 18:40:06] - Attribute (`dOB`)  - enhanced for lazy-loading? - false
[2021-07-28 18:40:06] - Processing attribute `userCourseSet` : value = NOT NULL COLLECTION
[2021-07-28 18:40:06] - Attribute (`userCourseSet`)  - enhanced for lazy-loading? - false
[2021-07-28 18:40:06] - Processing attribute `userName` : value = John
[2021-07-28 18:40:06] - Attribute (`userName`)  - enhanced for lazy-loading? - false
[2021-07-28 18:40:06] - Processing attribute `userTel` : value = 709709234
[2021-07-28 18:40:06] - Attribute (`userTel`)  - enhanced for lazy-loading? - false
[2021-07-28 18:40:06] - Done materializing entity [com.anu.springunijpa.entity.User#1]
[2021-07-28 18:40:06] - Resolving attributes for [com.anu.springunijpa.entity.User#2]
[2021-07-28 18:40:06] - Processing attribute `dOB` : value = 2002-03-10
[2021-07-28 18:40:06] - Attribute (`dOB`)  - enhanced for lazy-loading? - false
[2021-07-28 18:40:06] - Processing attribute `userCourseSet` : value = NOT NULL COLLECTION
[2021-07-28 18:40:06] - Attribute (`userCourseSet`)  - enhanced for lazy-loading? - false
[2021-07-28 18:40:06] - Processing attribute `userName` : value = Liza
[2021-07-28 18:40:06] - Attribute (`userName`)  - enhanced for lazy-loading? - false
[2021-07-28 18:40:06] - Processing attribute `userTel` : value = 726098756
[2021-07-28 18:40:06] - Attribute (`userTel`)  - enhanced for lazy-loading? - false
[2021-07-28 18:40:06] - Done materializing entity [com.anu.springunijpa.entity.User#2]
[2021-07-28 18:40:06] - Resolving attributes for [com.anu.springunijpa.entity.User#3]
[2021-07-28 18:40:06] - Processing attribute `dOB` : value = 2001-12-10
[2021-07-28 18:40:06] - Attribute (`dOB`)  - enhanced for lazy-loading? - false
[2021-07-28 18:40:06] - Processing attribute `userCourseSet` : value = NOT NULL COLLECTION
[2021-07-28 18:40:06] - Attribute (`userCourseSet`)  - enhanced for lazy-loading? - false
[2021-07-28 18:40:06] - Processing attribute `userName` : value = Kate
[2021-07-28 18:40:06] - Attribute (`userName`)  - enhanced for lazy-loading? - false
[2021-07-28 18:40:06] - Processing attribute `userTel` : value = 767097796
[2021-07-28 18:40:06] - Attribute (`userTel`)  - enhanced for lazy-loading? - false
[2021-07-28 18:40:06] - Done materializing entity [com.anu.springunijpa.entity.User#3]
[2021-07-28 18:40:06] - Resolving attributes for [com.anu.springunijpa.entity.User#4]
[2021-07-28 18:40:06] - Processing attribute `dOB` : value = 2000-11-23
[2021-07-28 18:40:06] - Attribute (`dOB`)  - enhanced for lazy-loading? - false
[2021-07-28 18:40:06] - Processing attribute `userCourseSet` : value = NOT NULL COLLECTION
[2021-07-28 18:40:06] - Attribute (`userCourseSet`)  - enhanced for lazy-loading? - false
[2021-07-28 18:40:06] - Processing attribute `userName` : value = Roy
[2021-07-28 18:40:06] - Attribute (`userName`)  - enhanced for lazy-loading? - false
[2021-07-28 18:40:06] - Processing attribute `userTel` : value = 707096111
[2021-07-28 18:40:06] - Attribute (`userTel`)  - enhanced for lazy-loading? - false
[2021-07-28 18:40:06] - Done materializing entity [com.anu.springunijpa.entity.User#4]
[2021-07-28 18:40:06] - Resolving attributes for [com.anu.springunijpa.entity.User#5]
[2021-07-28 18:40:06] - Processing attribute `dOB` : value = 1999-08-22
[2021-07-28 18:40:06] - Attribute (`dOB`)  - enhanced for lazy-loading? - false
[2021-07-28 18:40:06] - Processing attribute `userCourseSet` : value = NOT NULL COLLECTION
[2021-07-28 18:40:06] - Attribute (`userCourseSet`)  - enhanced for lazy-loading? - false
[2021-07-28 18:40:06] - Processing attribute `userName` : value = Jane
[2021-07-28 18:40:06] - Attribute (`userName`)  - enhanced for lazy-loading? - false
[2021-07-28 18:40:06] - Processing attribute `userTel` : value = 704749234
