[2021-07-29 09:33:27] - Published root WebApplicationContext as ServletContext attribute with name [org.springframework.web.context.WebApplicationContext.ROOT]
[2021-07-29 09:33:27] - Root WebApplicationContext: initialization completed in 2003 ms
[2021-07-29 09:33:27] - Creating shared instance of singleton bean 'graphQLServletRegistrationBean'
[2021-07-29 09:33:27] - Creating shared instance of singleton bean 'com.oembedler.moon.graphql.boot.GraphQLWebAutoConfiguration'
[2021-07-29 09:33:27] - Creating shared instance of singleton bean 'graphql.servlet-com.oembedler.moon.graphql.boot.GraphQLServletProperties'
[2021-07-29 09:33:27] - Creating shared instance of singleton bean 'graphQLHttpServlet'
[2021-07-29 09:33:27] - Creating shared instance of singleton bean 'invocationInputFactory'
[2021-07-29 09:33:27] - Creating shared instance of singleton bean 'graphQLSchemaProvider'
[2021-07-29 09:33:27] - Creating shared instance of singleton bean 'graphQLSchema'
[2021-07-29 09:33:27] - Creating shared instance of singleton bean 'com.oembedler.moon.graphql.boot.GraphQLJavaToolsAutoConfiguration'
[2021-07-29 09:33:27] - Creating shared instance of singleton bean 'graphQLLocalDate'
[2021-07-29 09:33:27] - Creating shared instance of singleton bean 'schemaParser'
[2021-07-29 09:33:27] - Creating shared instance of singleton bean 'courseMutationResolver'
[2021-07-29 09:33:27] - Creating shared instance of singleton bean 'courseRepository'
[2021-07-29 09:33:27] - Creating shared instance of singleton bean 'dataSourceScriptDatabaseInitializer'
[2021-07-29 09:33:27] - Creating shared instance of singleton bean 'org.springframework.boot.autoconfigure.sql.init.DataSourceInitializationConfiguration'
[2021-07-29 09:33:27] - Creating shared instance of singleton bean 'dataSource'
[2021-07-29 09:33:27] - Creating shared instance of singleton bean 'org.springframework.boot.autoconfigure.jdbc.DataSourceConfiguration$Hikari'
[2021-07-29 09:33:27] - Creating shared instance of singleton bean 'spring.datasource-org.springframework.boot.autoconfigure.jdbc.DataSourceProperties'
[2021-07-29 09:33:27] - Autowiring by type from bean name 'dataSource' via factory method to bean named 'spring.datasource-org.springframework.boot.autoconfigure.jdbc.DataSourceProperties'
[2021-07-29 09:33:27] - Driver class com.mysql.jdbc.Driver found in Thread context class loader TomcatEmbeddedWebappClassLoader
  context: ROOT
  delegate: true
----------> Parent Classloader:
jdk.internal.loader.ClassLoaders$AppClassLoader@251a69d7

[2021-07-29 09:33:27] - Creating shared instance of singleton bean 'spring.sql.init-org.springframework.boot.autoconfigure.sql.init.SqlInitializationProperties'
[2021-07-29 09:33:27] - Autowiring by type from bean name 'dataSourceScriptDatabaseInitializer' via factory method to bean named 'dataSource'
[2021-07-29 09:33:27] - Autowiring by type from bean name 'dataSourceScriptDatabaseInitializer' via factory method to bean named 'spring.sql.init-org.springframework.boot.autoconfigure.sql.init.SqlInitializationProperties'
[2021-07-29 09:33:27] - Creating shared instance of singleton bean 'entityManagerFactory'
[2021-07-29 09:33:27] - Creating shared instance of singleton bean 'org.springframework.boot.autoconfigure.orm.jpa.HibernateJpaConfiguration'
[2021-07-29 09:33:27] - Creating shared instance of singleton bean 'spring.jpa-org.springframework.boot.autoconfigure.orm.jpa.JpaProperties'
[2021-07-29 09:33:27] - Creating shared instance of singleton bean 'spring.jpa.hibernate-org.springframework.boot.autoconfigure.orm.jpa.HibernateProperties'
[2021-07-29 09:33:27] - Autowiring by type from bean name 'org.springframework.boot.autoconfigure.orm.jpa.HibernateJpaConfiguration' via constructor to bean named 'dataSource'
[2021-07-29 09:33:27] - Autowiring by type from bean name 'org.springframework.boot.autoconfigure.orm.jpa.HibernateJpaConfiguration' via constructor to bean named 'spring.jpa-org.springframework.boot.autoconfigure.orm.jpa.JpaProperties'
[2021-07-29 09:33:27] - Autowiring by type from bean name 'org.springframework.boot.autoconfigure.orm.jpa.HibernateJpaConfiguration' via constructor to bean named 'org.springframework.beans.factory.support.DefaultListableBeanFactory@2bef51f2'
[2021-07-29 09:33:27] - Autowiring by type from bean name 'org.springframework.boot.autoconfigure.orm.jpa.HibernateJpaConfiguration' via constructor to bean named 'spring.jpa.hibernate-org.springframework.boot.autoconfigure.orm.jpa.HibernateProperties'
[2021-07-29 09:33:27] - Creating shared instance of singleton bean 'hikariPoolDataSourceMetadataProvider'
[2021-07-29 09:33:27] - Creating shared instance of singleton bean 'org.springframework.boot.autoconfigure.jdbc.metadata.DataSourcePoolMetadataProvidersConfiguration$HikariPoolDataSourceMetadataProviderConfiguration'
[2021-07-29 09:33:27] - Creating shared instance of singleton bean 'entityManagerFactoryBuilder'
[2021-07-29 09:33:27] - Creating shared instance of singleton bean 'jpaVendorAdapter'
[2021-07-29 09:33:27] - Logging Provider: org.jboss.logging.Log4j2LoggerProvider
[2021-07-29 09:33:27] - Autowiring by type from bean name 'entityManagerFactoryBuilder' via factory method to bean named 'jpaVendorAdapter'
[2021-07-29 09:33:27] - Autowiring by type from bean name 'entityManagerFactory' via factory method to bean named 'entityManagerFactoryBuilder'
[2021-07-29 09:33:27] - Building JPA container EntityManagerFactory for persistence unit 'default'
[2021-07-29 09:33:27] - PersistenceUnitInfo [
	name: default
	persistence provider classname: null
	classloader: TomcatEmbeddedWebappClassLoader
  context: ROOT
  delegate: true
----------> Parent Classloader:
jdk.internal.loader.ClassLoaders$AppClassLoader@251a69d7

	excludeUnlistedClasses: true
	JTA datasource: null
	Non JTA datasource: HikariDataSource (null)
	Transaction type: RESOURCE_LOCAL
	PU root URL: file:/home/anuththara/Documents/hSenid/Practice/springboot/spring-uni-jpa/UserJPA-Springboot/target/classes/
	Shared Cache Mode: UNSPECIFIED
	Validation Mode: AUTO
	Jar files URLs []
	Managed classes names [
		com.anu.springunijpa.entity.Course
		com.anu.springunijpa.entity.User
		com.anu.springunijpa.entity.UserCourse
		com.anu.springunijpa.entity.UserCourseKey]
	Mapping files names []
	Properties []
[2021-07-29 09:33:27] - Adding Integrator [org.hibernate.cfg.beanvalidation.BeanValidationIntegrator].
[2021-07-29 09:33:27] - Adding Integrator [org.hibernate.secure.spi.JaccIntegrator].
[2021-07-29 09:33:27] - Adding Integrator [org.hibernate.cache.internal.CollectionCacheInvalidator].
[2021-07-29 09:33:27] - HHH000412: Hibernate ORM core version 5.4.32.Final
[2021-07-29 09:33:27] - HHH000206: hibernate.properties not found
[2021-07-29 09:33:28] - Overriding existing service binding [org.hibernate.secure.spi.JaccService]
[2021-07-29 09:33:28] - Cannot default RegionFactory based on registered strategies as `[]` RegionFactory strategies were registered
[2021-07-29 09:33:28] - Cache region factory : org.hibernate.cache.internal.NoCachingRegionFactory
[2021-07-29 09:33:28] - HCANN000001: Hibernate Commons Annotations {5.1.2.Final}
[2021-07-29 09:33:28] - Adding type registration boolean -> org.hibernate.type.BooleanType@71560f51
[2021-07-29 09:33:28] - Adding type registration boolean -> org.hibernate.type.BooleanType@71560f51
[2021-07-29 09:33:28] - Adding type registration java.lang.Boolean -> org.hibernate.type.BooleanType@71560f51
[2021-07-29 09:33:28] - Adding type registration numeric_boolean -> org.hibernate.type.NumericBooleanType@1d7eb170
[2021-07-29 09:33:28] - Adding type registration true_false -> org.hibernate.type.TrueFalseType@4b97b3d2
[2021-07-29 09:33:28] - Adding type registration yes_no -> org.hibernate.type.YesNoType@7f97bc14
[2021-07-29 09:33:28] - Adding type registration byte -> org.hibernate.type.ByteType@261de205
[2021-07-29 09:33:28] - Adding type registration byte -> org.hibernate.type.ByteType@261de205
[2021-07-29 09:33:28] - Adding type registration java.lang.Byte -> org.hibernate.type.ByteType@261de205
[2021-07-29 09:33:28] - Adding type registration character -> org.hibernate.type.CharacterType@69aabcb0
[2021-07-29 09:33:28] - Adding type registration char -> org.hibernate.type.CharacterType@69aabcb0
[2021-07-29 09:33:28] - Adding type registration java.lang.Character -> org.hibernate.type.CharacterType@69aabcb0
[2021-07-29 09:33:28] - Adding type registration short -> org.hibernate.type.ShortType@6e243175
[2021-07-29 09:33:28] - Adding type registration short -> org.hibernate.type.ShortType@6e243175
[2021-07-29 09:33:28] - Adding type registration java.lang.Short -> org.hibernate.type.ShortType@6e243175
[2021-07-29 09:33:28] - Adding type registration integer -> org.hibernate.type.IntegerType@4e424582
[2021-07-29 09:33:28] - Adding type registration int -> org.hibernate.type.IntegerType@4e424582
[2021-07-29 09:33:28] - Adding type registration java.lang.Integer -> org.hibernate.type.IntegerType@4e424582
[2021-07-29 09:33:28] - Adding type registration long -> org.hibernate.type.LongType@6d963d70
[2021-07-29 09:33:28] - Adding type registration long -> org.hibernate.type.LongType@6d963d70
[2021-07-29 09:33:28] - Adding type registration java.lang.Long -> org.hibernate.type.LongType@6d963d70
[2021-07-29 09:33:28] - Adding type registration float -> org.hibernate.type.FloatType@65c17e38
[2021-07-29 09:33:28] - Adding type registration float -> org.hibernate.type.FloatType@65c17e38
[2021-07-29 09:33:28] - Adding type registration java.lang.Float -> org.hibernate.type.FloatType@65c17e38
[2021-07-29 09:33:28] - Adding type registration double -> org.hibernate.type.DoubleType@66749eea
[2021-07-29 09:33:28] - Adding type registration double -> org.hibernate.type.DoubleType@66749eea
[2021-07-29 09:33:28] - Adding type registration java.lang.Double -> org.hibernate.type.DoubleType@66749eea
[2021-07-29 09:33:28] - Adding type registration big_decimal -> org.hibernate.type.BigDecimalType@2c18a3ea
[2021-07-29 09:33:28] - Adding type registration java.math.BigDecimal -> org.hibernate.type.BigDecimalType@2c18a3ea
[2021-07-29 09:33:28] - Adding type registration big_integer -> org.hibernate.type.BigIntegerType@7243145f
[2021-07-29 09:33:28] - Adding type registration java.math.BigInteger -> org.hibernate.type.BigIntegerType@7243145f
[2021-07-29 09:33:28] - Adding type registration string -> org.hibernate.type.StringType@184823ed
[2021-07-29 09:33:28] - Adding type registration java.lang.String -> org.hibernate.type.StringType@184823ed
[2021-07-29 09:33:28] - Adding type registration nstring -> org.hibernate.type.StringNVarcharType@46c10083
[2021-07-29 09:33:28] - Adding type registration ncharacter -> org.hibernate.type.CharacterNCharType@37c5284a
[2021-07-29 09:33:28] - Adding type registration url -> org.hibernate.type.UrlType@5729b410
[2021-07-29 09:33:28] - Adding type registration java.net.URL -> org.hibernate.type.UrlType@5729b410
[2021-07-29 09:33:28] - Adding type registration Duration -> org.hibernate.type.DurationType@38588dea
[2021-07-29 09:33:28] - Adding type registration java.time.Duration -> org.hibernate.type.DurationType@38588dea
[2021-07-29 09:33:28] - Adding type registration Instant -> org.hibernate.type.InstantType@3c9ef6e9
[2021-07-29 09:33:28] - Adding type registration java.time.Instant -> org.hibernate.type.InstantType@3c9ef6e9
[2021-07-29 09:33:28] - Adding type registration LocalDateTime -> org.hibernate.type.LocalDateTimeType@5c18d6d4
[2021-07-29 09:33:28] - Adding type registration java.time.LocalDateTime -> org.hibernate.type.LocalDateTimeType@5c18d6d4
[2021-07-29 09:33:28] - Adding type registration LocalDate -> org.hibernate.type.LocalDateType@631c6d11
[2021-07-29 09:33:28] - Adding type registration java.time.LocalDate -> org.hibernate.type.LocalDateType@631c6d11
[2021-07-29 09:33:28] - Adding type registration LocalTime -> org.hibernate.type.LocalTimeType@738a5848
