[2021-07-27 17:13:46] - GET "/users/1", parameters={}
[2021-07-27 17:13:46] - Mapped to com.anu.springunijpa.controller.UserController#searchUserById(int)
[2021-07-27 17:13:46] - Opening JPA EntityManager in OpenEntityManagerInViewInterceptor
[2021-07-27 17:13:46] - user id -1
[2021-07-27 17:13:46] - Found thread-bound EntityManager [SessionImpl(122427195<open>)] for JPA transaction
[2021-07-27 17:13:46] - Creating new transaction with name [org.springframework.data.jpa.repository.support.SimpleJpaRepository.findById]: PROPAGATION_REQUIRED,ISOLATION_DEFAULT,readOnly
[2021-07-27 17:13:46] - Setting JDBC Connection [HikariProxyConnection@2018916462 wrapping com.mysql.cj.jdbc.ConnectionImpl@7f426ddd] read-only
[2021-07-27 17:13:46] - On TransactionImpl creation, JpaCompliance#isJpaTransactionComplianceEnabled == false
[2021-07-27 17:13:46] - begin
[2021-07-27 17:13:46] - Exposing JPA transaction as JDBC [org.springframework.orm.jpa.vendor.HibernateJpaDialect$HibernateConnectionHandle@3681b379]
[2021-07-27 17:13:46] - select user0_.user_id as user_id1_1_0_, user0_.date_of_birth as date_of_2_1_0_, user0_.user_name as user_nam3_1_0_, user0_.user_tel as user_tel4_1_0_ from user user0_ where user0_.user_id=?
[2021-07-27 17:13:46] - On call to EntityIdentifierReaderImpl#resolve, EntityKey was already known; should only happen on root returns with an optional identifier specified
[2021-07-27 17:13:46] - Resolving attributes for [com.anu.springunijpa.entity.User#1]
[2021-07-27 17:13:46] - Processing attribute `dOB` : value = 1999-05-02
[2021-07-27 17:13:46] - Attribute (`dOB`)  - enhanced for lazy-loading? - false
[2021-07-27 17:13:46] - Processing attribute `userCourseSet` : value = NOT NULL COLLECTION
[2021-07-27 17:13:46] - Attribute (`userCourseSet`)  - enhanced for lazy-loading? - false
[2021-07-27 17:13:46] - Processing attribute `userName` : value = John
[2021-07-27 17:13:46] - Attribute (`userName`)  - enhanced for lazy-loading? - false
[2021-07-27 17:13:46] - Processing attribute `userTel` : value = 709709234
[2021-07-27 17:13:46] - Attribute (`userTel`)  - enhanced for lazy-loading? - false
[2021-07-27 17:13:46] - Done materializing entity [com.anu.springunijpa.entity.User#1]
[2021-07-27 17:13:46] - Done entity load : com.anu.springunijpa.entity.User#1
[2021-07-27 17:13:46] - Initiating transaction commit
[2021-07-27 17:13:46] - Committing JPA transaction on EntityManager [SessionImpl(122427195<open>)]
[2021-07-27 17:13:46] - committing
[2021-07-27 17:13:46] - Resetting read-only flag of JDBC Connection [HikariProxyConnection@2018916462 wrapping com.mysql.cj.jdbc.ConnectionImpl@7f426ddd]
[2021-07-27 17:13:46] - Not closing pre-bound JPA EntityManager after transaction
[2021-07-27 17:13:46] - Using 'application/json', given [*/*] and supported [application/json, application/*+json, application/json, application/*+json]
[2021-07-27 17:13:46] - Writing [User{userId=1, userName='John', dOB=1999-05-02, userTel='709709234'}]
[2021-07-27 17:13:46] - Loading collection: [com.anu.springunijpa.entity.User.userCourseSet#1]
[2021-07-27 17:13:46] - select usercourse0_.user_id as user_id2_2_0_, usercourse0_.course_id as course_i1_2_0_, usercourse0_.course_id as course_i1_2_1_, usercourse0_.user_id as user_id2_2_1_, usercourse0_.user_course_set as user_cou3_2_1_, course1_.course_id as course_i1_0_2_, course1_.course_leader as course_l2_0_2_, course1_.course_name as course_n3_0_2_ from user_course usercourse0_ inner join course course1_ on usercourse0_.course_id=course1_.course_id where usercourse0_.user_id=?
[2021-07-27 17:13:46] - Preparing collection initializer : [com.anu.springunijpa.entity.User.userCourseSet#1]
[2021-07-27 17:13:46] - Found row of collection: [com.anu.springunijpa.entity.User.userCourseSet#1]
[2021-07-27 17:13:46] - Found row of collection: [com.anu.springunijpa.entity.User.userCourseSet#1]
[2021-07-27 17:13:46] - Resolving attributes for [com.anu.springunijpa.entity.UserCourse#component[courseId,userId]{courseId=c1, userId=1}]
[2021-07-27 17:13:46] - Processing attribute `course` : value = c1
[2021-07-27 17:13:46] - Attribute (`course`)  - enhanced for lazy-loading? - false
[2021-07-27 17:13:46] - Processing attribute `user` : value = 1
[2021-07-27 17:13:46] - Attribute (`user`)  - enhanced for lazy-loading? - false
[2021-07-27 17:13:46] - Processing attribute `userCourseSet` : value = null
[2021-07-27 17:13:46] - Attribute (`userCourseSet`)  - enhanced for lazy-loading? - false
[2021-07-27 17:13:46] - Done materializing entity [com.anu.springunijpa.entity.UserCourse#component[courseId,userId]{courseId=c1, userId=1}]
[2021-07-27 17:13:46] - Resolving attributes for [com.anu.springunijpa.entity.Course#c1]
[2021-07-27 17:13:46] - Processing attribute `courseLeader` : value = Mr.Java
[2021-07-27 17:13:46] - Attribute (`courseLeader`)  - enhanced for lazy-loading? - false
[2021-07-27 17:13:46] - Processing attribute `courseName` : value = java
[2021-07-27 17:13:46] - Attribute (`courseName`)  - enhanced for lazy-loading? - false
[2021-07-27 17:13:46] - Processing attribute `userCourseSet` : value = NOT NULL COLLECTION
[2021-07-27 17:13:46] - Attribute (`userCourseSet`)  - enhanced for lazy-loading? - false
[2021-07-27 17:13:46] - Done materializing entity [com.anu.springunijpa.entity.Course#c1]
[2021-07-27 17:13:46] - Resolving attributes for [com.anu.springunijpa.entity.UserCourse#component[courseId,userId]{courseId=c5, userId=1}]
[2021-07-27 17:13:46] - Processing attribute `course` : value = c5
[2021-07-27 17:13:46] - Attribute (`course`)  - enhanced for lazy-loading? - false
[2021-07-27 17:13:46] - Processing attribute `user` : value = 1
[2021-07-27 17:13:46] - Attribute (`user`)  - enhanced for lazy-loading? - false
[2021-07-27 17:13:46] - Processing attribute `userCourseSet` : value = null
[2021-07-27 17:13:46] - Attribute (`userCourseSet`)  - enhanced for lazy-loading? - false
[2021-07-27 17:13:46] - Done materializing entity [com.anu.springunijpa.entity.UserCourse#component[courseId,userId]{courseId=c5, userId=1}]
[2021-07-27 17:13:46] - Resolving attributes for [com.anu.springunijpa.entity.Course#c5]
[2021-07-27 17:13:46] - Processing attribute `courseLeader` : value = Mr.Flutter
[2021-07-27 17:13:46] - Attribute (`courseLeader`)  - enhanced for lazy-loading? - false
[2021-07-27 17:13:46] - Processing attribute `courseName` : value = flutter
[2021-07-27 17:13:46] - Attribute (`courseName`)  - enhanced for lazy-loading? - false
[2021-07-27 17:13:46] - Processing attribute `userCourseSet` : value = NOT NULL COLLECTION
[2021-07-27 17:13:46] - Attribute (`userCourseSet`)  - enhanced for lazy-loading? - false
[2021-07-27 17:13:46] - Done materializing entity [com.anu.springunijpa.entity.Course#c5]
[2021-07-27 17:13:46] - 1 collections were found in result set for role: com.anu.springunijpa.entity.User.userCourseSet
[2021-07-27 17:13:46] - Collection fully initialized: [com.anu.springunijpa.entity.User.userCourseSet#1]
[2021-07-27 17:13:46] - 1 collections initialized for role: com.anu.springunijpa.entity.User.userCourseSet
[2021-07-27 17:13:46] - Done loading collection
[2021-07-27 17:13:46] - Closing JPA EntityManager in OpenEntityManagerInViewInterceptor
[2021-07-27 17:13:46] - Completed 200 OK
[2021-07-27 17:13:51] - GET "/users", parameters={}
[2021-07-27 17:13:51] - Mapped to com.anu.springunijpa.controller.UserController#viewAllUser(Pageable)
[2021-07-27 17:13:51] - Opening JPA EntityManager in OpenEntityManagerInViewInterceptor
[2021-07-27 17:13:51] - Found thread-bound EntityManager [SessionImpl(679054101<open>)] for JPA transaction
[2021-07-27 17:13:51] - Creating new transaction with name [org.springframework.data.jpa.repository.support.SimpleJpaRepository.findAll]: PROPAGATION_REQUIRED,ISOLATION_DEFAULT,readOnly
[2021-07-27 17:13:51] - Setting JDBC Connection [HikariProxyConnection@347790724 wrapping com.mysql.cj.jdbc.ConnectionImpl@7f426ddd] read-only
[2021-07-27 17:13:51] - On TransactionImpl creation, JpaCompliance#isJpaTransactionComplianceEnabled == false
[2021-07-27 17:13:51] - begin
[2021-07-27 17:13:51] - Exposing JPA transaction as JDBC [org.springframework.orm.jpa.vendor.HibernateJpaDialect$HibernateConnectionHandle@569d78b5]
[2021-07-27 17:13:51] - Rendered criteria query -> select generatedAlias0 from User as generatedAlias0
[2021-07-27 17:13:51] - parse() - HQL: select generatedAlias0 from com.anu.springunijpa.entity.User as generatedAlias0
[2021-07-27 17:13:51] - throwQueryException() : no errors
[2021-07-27 17:13:51] - --- HQL AST ---
 \-[QUERY] Node: 'query'
    \-[SELECT_FROM] Node: 'SELECT_FROM'
       +-[FROM] Node: 'from'
       |  \-[RANGE] Node: 'RANGE'
       |     +-[DOT] Node: '.'
       |     |  +-[DOT] Node: '.'
       |     |  |  +-[DOT] Node: '.'
       |     |  |  |  +-[DOT] Node: '.'
       |     |  |  |  |  +-[IDENT] Node: 'com'
       |     |  |  |  |  \-[IDENT] Node: 'anu'
       |     |  |  |  \-[IDENT] Node: 'springunijpa'
       |     |  |  \-[IDENT] Node: 'entity'
       |     |  \-[IDENT] Node: 'User'
       |     \-[ALIAS] Node: 'generatedAlias0'
       \-[SELECT] Node: 'select'
          \-[IDENT] Node: 'generatedAlias0'

[2021-07-27 17:13:51] - select << begin [level=1, statement=select]
[2021-07-27 17:13:51] - FromClause{level=1} : com.anu.springunijpa.entity.User (generatedAlias0) -> user0_
[2021-07-27 17:13:51] - Resolved : generatedAlias0 -> user0_.user_id
[2021-07-27 17:13:51] - select : finishing up [level=1, statement=select]
[2021-07-27 17:13:51] - processQuery() :  ( SELECT ( {select clause} user0_.user_id ) ( FromClause{level=1} user user0_ ) )
[2021-07-27 17:13:51] - Tables referenced from query nodes:
 \-QueryNode
    +-SelectClause
    | referencedTables(entity User): [user]
    |  +-IdentNode
    |  | persister: SingleTableEntityPersister(com.anu.springunijpa.entity.User)
    |  | originalText: generatedAlias0
    |  \-SqlFragment
    \-FromClause
       \-FromElement

[2021-07-27 17:13:51] - Using FROM fragment [user user0_]
[2021-07-27 17:13:51] - select >> end [level=1, statement=select]
[2021-07-27 17:13:51] - --- SQL AST ---
 \-[SELECT] QueryNode: 'SELECT'  querySpaces (user)
    +-[SELECT_CLAUSE] SelectClause: '{select clause}'
    |  +-[ALIAS_REF] IdentNode: 'user0_.user_id as user_id1_1_' {alias=generatedAlias0, className=com.anu.springunijpa.entity.User, tableAlias=user0_}
    |  \-[SQL_TOKEN] SqlFragment: 'user0_.date_of_birth as date_of_2_1_, user0_.user_name as user_nam3_1_, user0_.user_tel as user_tel4_1_'
    \-[FROM] FromClause: 'from' FromClause{level=1, fromElementCounter=1, fromElements=1, fromElementByClassAlias=[generatedAlias0], fromElementByTableAlias=[user0_], fromElementsByPath=[], collectionJoinFromElementsByPath=[], impliedElements=[]}
       \-[FROM_FRAGMENT] FromElement: 'user user0_' FromElement{explicit,not a collection join,not a fetch join,fetch non-lazy properties,classAlias=generatedAlias0,role=null,tableName=user,tableAlias=user0_,origin=null,columns={,className=com.anu.springunijpa.entity.User}}

[2021-07-27 17:13:51] - throwQueryException() : no errors
[2021-07-27 17:13:51] - HQL: select generatedAlias0 from com.anu.springunijpa.entity.User as generatedAlias0
[2021-07-27 17:13:51] - SQL: select user0_.user_id as user_id1_1_, user0_.date_of_birth as date_of_2_1_, user0_.user_name as user_nam3_1_, user0_.user_tel as user_tel4_1_ from user user0_
[2021-07-27 17:13:51] - throwQueryException() : no errors
[2021-07-27 17:13:51] - select user0_.user_id as user_id1_1_, user0_.date_of_birth as date_of_2_1_, user0_.user_name as user_nam3_1_, user0_.user_tel as user_tel4_1_ from user user0_ limit ?
[2021-07-27 17:13:51] - Result set row: 0
[2021-07-27 17:13:51] - Result row: EntityKey[com.anu.springunijpa.entity.User#1]
[2021-07-27 17:13:51] - Result set row: 1
[2021-07-27 17:13:51] - Result row: EntityKey[com.anu.springunijpa.entity.User#2]
[2021-07-27 17:13:51] - Result set row: 2
[2021-07-27 17:13:51] - Result row: EntityKey[com.anu.springunijpa.entity.User#3]
[2021-07-27 17:13:51] - Result set row: 3
[2021-07-27 17:13:51] - Result row: EntityKey[com.anu.springunijpa.entity.User#4]
[2021-07-27 17:13:51] - Result set row: 4
[2021-07-27 17:13:51] - Result row: EntityKey[com.anu.springunijpa.entity.User#5]
[2021-07-27 17:13:51] - Result set row: 5
[2021-07-27 17:13:51] - Result row: EntityKey[com.anu.springunijpa.entity.User#6]
[2021-07-27 17:13:51] - Result set row: 6
[2021-07-27 17:13:51] - Result row: EntityKey[com.anu.springunijpa.entity.User#7]
[2021-07-27 17:13:51] - Result set row: 7
[2021-07-27 17:13:51] - Result row: EntityKey[com.anu.springunijpa.entity.User#8]
[2021-07-27 17:13:51] - Result set row: 8
[2021-07-27 17:13:51] - Result row: EntityKey[com.anu.springunijpa.entity.User#9]
[2021-07-27 17:13:51] - Resolving attributes for [com.anu.springunijpa.entity.User#1]
[2021-07-27 17:13:51] - Processing attribute `dOB` : value = 1999-05-02
[2021-07-27 17:13:51] - Attribute (`dOB`)  - enhanced for lazy-loading? - false
[2021-07-27 17:13:51] - Processing attribute `userCourseSet` : value = NOT NULL COLLECTION
[2021-07-27 17:13:51] - Attribute (`userCourseSet`)  - enhanced for lazy-loading? - false
[2021-07-27 17:13:51] - Processing attribute `userName` : value = John
[2021-07-27 17:13:51] - Attribute (`userName`)  - enhanced for lazy-loading? - false
[2021-07-27 17:13:51] - Processing attribute `userTel` : value = 709709234
[2021-07-27 17:13:51] - Attribute (`userTel`)  - enhanced for lazy-loading? - false
[2021-07-27 17:13:51] - Done materializing entity [com.anu.springunijpa.entity.User#1]
[2021-07-27 17:13:51] - Resolving attributes for [com.anu.springunijpa.entity.User#2]
[2021-07-27 17:13:51] - Processing attribute `dOB` : value = 2002-03-10
[2021-07-27 17:13:51] - Attribute (`dOB`)  - enhanced for lazy-loading? - false
[2021-07-27 17:13:51] - Processing attribute `userCourseSet` : value = NOT NULL COLLECTION
[2021-07-27 17:13:51] - Attribute (`userCourseSet`)  - enhanced for lazy-loading? - false
[2021-07-27 17:13:51] - Processing attribute `userName` : value = Liza
[2021-07-27 17:13:51] - Attribute (`userName`)  - enhanced for lazy-loading? - false
[2021-07-27 17:13:51] - Processing attribute `userTel` : value = 726098756
[2021-07-27 17:13:51] - Attribute (`userTel`)  - enhanced for lazy-loading? - false
[2021-07-27 17:13:51] - Done materializing entity [com.anu.springunijpa.entity.User#2]
[2021-07-27 17:13:51] - Resolving attributes for [com.anu.springunijpa.entity.User#3]
[2021-07-27 17:13:51] - Processing attribute `dOB` : value = 2001-12-10
[2021-07-27 17:13:51] - Attribute (`dOB`)  - enhanced for lazy-loading? - false
[2021-07-27 17:13:51] - Processing attribute `userCourseSet` : value = NOT NULL COLLECTION
[2021-07-27 17:13:51] - Attribute (`userCourseSet`)  - enhanced for lazy-loading? - false
