[2021-07-28 09:38:07] - Did not find named query Course.findByCourseName
[2021-07-28 09:38:07] - Creating new EntityManager for shared EntityManager invocation
[2021-07-28 09:38:07] - Finished creation of repository instance for {}.
[2021-07-28 09:38:07] - Creating shared instance of singleton bean 'org.springframework.boot.autoconfigure.jdbc.JdbcTemplateConfiguration'
[2021-07-28 09:38:07] - Creating shared instance of singleton bean 'jdbcTemplate'
[2021-07-28 09:38:07] - Creating shared instance of singleton bean 'spring.jdbc-org.springframework.boot.autoconfigure.jdbc.JdbcProperties'
[2021-07-28 09:38:07] - Autowiring by type from bean name 'jdbcTemplate' via factory method to bean named 'dataSource'
[2021-07-28 09:38:07] - Autowiring by type from bean name 'jdbcTemplate' via factory method to bean named 'spring.jdbc-org.springframework.boot.autoconfigure.jdbc.JdbcProperties'
[2021-07-28 09:38:07] - Creating shared instance of singleton bean 'org.springframework.boot.autoconfigure.jdbc.NamedParameterJdbcTemplateConfiguration'
[2021-07-28 09:38:07] - Creating shared instance of singleton bean 'namedParameterJdbcTemplate'
[2021-07-28 09:38:07] - Autowiring by type from bean name 'namedParameterJdbcTemplate' via factory method to bean named 'jdbcTemplate'
[2021-07-28 09:38:07] - Creating shared instance of singleton bean 'org.springframework.boot.autoconfigure.jdbc.JdbcTemplateAutoConfiguration'
[2021-07-28 09:38:07] - Creating shared instance of singleton bean 'org.springframework.boot.autoconfigure.sql.init.SqlInitializationAutoConfiguration'
[2021-07-28 09:38:07] - Creating shared instance of singleton bean 'org.springframework.boot.autoconfigure.jdbc.DataSourceTransactionManagerAutoConfiguration$JdbcTransactionManagerConfiguration'
[2021-07-28 09:38:07] - Creating shared instance of singleton bean 'org.springframework.boot.autoconfigure.jdbc.DataSourceTransactionManagerAutoConfiguration'
[2021-07-28 09:38:07] - Creating shared instance of singleton bean 'org.springframework.boot.autoconfigure.transaction.TransactionAutoConfiguration$EnableTransactionManagementConfiguration$CglibAutoProxyConfiguration'
[2021-07-28 09:38:07] - Creating shared instance of singleton bean 'org.springframework.boot.autoconfigure.transaction.TransactionAutoConfiguration$EnableTransactionManagementConfiguration'
[2021-07-28 09:38:07] - Creating shared instance of singleton bean 'org.springframework.boot.autoconfigure.transaction.TransactionAutoConfiguration$TransactionTemplateConfiguration'
[2021-07-28 09:38:07] - Creating shared instance of singleton bean 'transactionTemplate'
[2021-07-28 09:38:07] - Autowiring by type from bean name 'transactionTemplate' via factory method to bean named 'transactionManager'
[2021-07-28 09:38:07] - Creating shared instance of singleton bean 'org.springframework.boot.test.autoconfigure.orm.jpa.TestEntityManagerAutoConfiguration'
[2021-07-28 09:38:07] - Creating shared instance of singleton bean 'testEntityManager'
[2021-07-28 09:38:07] - Autowiring by type from bean name 'testEntityManager' via factory method to bean named 'entityManagerFactory'
[2021-07-28 09:38:07] - 


============================
CONDITIONS EVALUATION REPORT
============================


Positive matches:
-----------------

   DataSourceAutoConfiguration matched:
      - @ConditionalOnClass found required classes 'javax.sql.DataSource', 'org.springframework.jdbc.datasource.embedded.EmbeddedDatabaseType' (OnClassCondition)
      - @ConditionalOnMissingBean (types: io.r2dbc.spi.ConnectionFactory; SearchStrategy: all) did not find any beans (OnBeanCondition)

   DataSourceAutoConfiguration.PooledDataSourceConfiguration matched:
      - AnyNestedCondition 1 matched 1 did not; NestedCondition on DataSourceAutoConfiguration.PooledDataSourceCondition.PooledDataSourceAvailable PooledDataSource found supported DataSource; NestedCondition on DataSourceAutoConfiguration.PooledDataSourceCondition.ExplicitType @ConditionalOnProperty (spring.datasource.type) did not find property 'type' (DataSourceAutoConfiguration.PooledDataSourceCondition)
      - @ConditionalOnMissingBean (types: javax.sql.DataSource,javax.sql.XADataSource; SearchStrategy: all) did not find any beans (OnBeanCondition)

   DataSourceConfiguration.Hikari matched:
      - @ConditionalOnClass found required class 'com.zaxxer.hikari.HikariDataSource' (OnClassCondition)
      - @ConditionalOnProperty (spring.datasource.type=com.zaxxer.hikari.HikariDataSource) matched (OnPropertyCondition)
      - @ConditionalOnMissingBean (types: javax.sql.DataSource; SearchStrategy: all) did not find any beans (OnBeanCondition)

   DataSourceInitializationConfiguration matched:
      - @ConditionalOnClass found required class 'org.springframework.jdbc.datasource.init.DatabasePopulator' (OnClassCondition)
      - @ConditionalOnSingleCandidate (types: javax.sql.DataSource; SearchStrategy: all) found a primary bean from beans 'dataSource'; @ConditionalOnMissingBean (types: org.springframework.boot.sql.init.AbstractScriptDatabaseInitializer; SearchStrategy: all) did not find any beans (OnBeanCondition)

   DataSourcePoolMetadataProvidersConfiguration.HikariPoolDataSourceMetadataProviderConfiguration matched:
      - @ConditionalOnClass found required class 'com.zaxxer.hikari.HikariDataSource' (OnClassCondition)

   DataSourceTransactionManagerAutoConfiguration matched:
      - @ConditionalOnClass found required classes 'org.springframework.jdbc.core.JdbcTemplate', 'org.springframework.transaction.TransactionManager' (OnClassCondition)

   DataSourceTransactionManagerAutoConfiguration.JdbcTransactionManagerConfiguration matched:
      - @ConditionalOnSingleCandidate (types: javax.sql.DataSource; SearchStrategy: all) found a primary bean from beans 'dataSource' (OnBeanCondition)

   HibernateJpaAutoConfiguration matched:
      - @ConditionalOnClass found required classes 'org.springframework.orm.jpa.LocalContainerEntityManagerFactoryBean', 'javax.persistence.EntityManager', 'org.hibernate.engine.spi.SessionImplementor' (OnClassCondition)

   HibernateJpaConfiguration matched:
      - @ConditionalOnSingleCandidate (types: javax.sql.DataSource; SearchStrategy: all) found a primary bean from beans 'dataSource' (OnBeanCondition)

   JdbcTemplateAutoConfiguration matched:
      - @ConditionalOnClass found required classes 'javax.sql.DataSource', 'org.springframework.jdbc.core.JdbcTemplate' (OnClassCondition)
      - @ConditionalOnSingleCandidate (types: javax.sql.DataSource; SearchStrategy: all) found a primary bean from beans 'dataSource' (OnBeanCondition)

   JdbcTemplateConfiguration matched:
      - @ConditionalOnMissingBean (types: org.springframework.jdbc.core.JdbcOperations; SearchStrategy: all) did not find any beans (OnBeanCondition)

   JpaBaseConfiguration#entityManagerFactory matched:
      - @ConditionalOnMissingBean (types: org.springframework.orm.jpa.LocalContainerEntityManagerFactoryBean,javax.persistence.EntityManagerFactory; SearchStrategy: all) did not find any beans (OnBeanCondition)

   JpaBaseConfiguration#entityManagerFactoryBuilder matched:
      - @ConditionalOnMissingBean (types: org.springframework.boot.orm.jpa.EntityManagerFactoryBuilder; SearchStrategy: all) did not find any beans (OnBeanCondition)

   JpaBaseConfiguration#jpaVendorAdapter matched:
      - @ConditionalOnMissingBean (types: org.springframework.orm.jpa.JpaVendorAdapter; SearchStrategy: all) did not find any beans (OnBeanCondition)

   JpaBaseConfiguration#transactionManager matched:
      - @ConditionalOnMissingBean (types: org.springframework.transaction.TransactionManager; SearchStrategy: all) did not find any beans (OnBeanCondition)

   JpaRepositoriesAutoConfiguration matched:
      - @ConditionalOnClass found required class 'org.springframework.data.jpa.repository.JpaRepository' (OnClassCondition)
      - @ConditionalOnProperty (spring.data.jpa.repositories.enabled=true) matched (OnPropertyCondition)
      - @ConditionalOnBean (types: javax.sql.DataSource; SearchStrategy: all) found bean 'dataSource'; @ConditionalOnMissingBean (types: org.springframework.data.jpa.repository.support.JpaRepositoryFactoryBean,org.springframework.data.jpa.repository.config.JpaRepositoryConfigExtension; SearchStrategy: all) did not find any beans (OnBeanCondition)

   NamedParameterJdbcTemplateConfiguration matched:
      - @ConditionalOnSingleCandidate (types: org.springframework.jdbc.core.JdbcTemplate; SearchStrategy: all) found a primary bean from beans 'jdbcTemplate'; @ConditionalOnMissingBean (types: org.springframework.jdbc.core.namedparam.NamedParameterJdbcOperations; SearchStrategy: all) did not find any beans (OnBeanCondition)

   NoOpCacheConfiguration matched:
      - Cache org.springframework.boot.autoconfigure.cache.NoOpCacheConfiguration NONE cache type (CacheCondition)

   SqlInitializationAutoConfiguration matched:
      - @ConditionalOnProperty (spring.sql.init.enabled) matched (OnPropertyCondition)
      - NoneNestedConditions 0 matched 1 did not; NestedCondition on SqlInitializationAutoConfiguration.SqlInitializationModeCondition.ModeIsNever @ConditionalOnProperty (spring.sql.init.mode=never) did not find property 'mode' (SqlInitializationAutoConfiguration.SqlInitializationModeCondition)
      - @ConditionalOnMissingBean (types: org.springframework.boot.sql.init.AbstractScriptDatabaseInitializer; SearchStrategy: all) did not find any beans (OnBeanCondition)

   TestEntityManagerAutoConfiguration matched:
      - @ConditionalOnClass found required class 'javax.persistence.EntityManagerFactory' (OnClassCondition)

   TestEntityManagerAutoConfiguration#testEntityManager matched:
      - @ConditionalOnMissingBean (types: org.springframework.boot.test.autoconfigure.orm.jpa.TestEntityManager; SearchStrategy: all) did not find any beans (OnBeanCondition)

   TransactionAutoConfiguration matched:
      - @ConditionalOnClass found required class 'org.springframework.transaction.PlatformTransactionManager' (OnClassCondition)

   TransactionAutoConfiguration#platformTransactionManagerCustomizers matched:
      - @ConditionalOnMissingBean (types: org.springframework.boot.autoconfigure.transaction.TransactionManagerCustomizers; SearchStrategy: all) did not find any beans (OnBeanCondition)

   TransactionAutoConfiguration.EnableTransactionManagementConfiguration matched:
      - @ConditionalOnBean (types: org.springframework.transaction.TransactionManager; SearchStrategy: all) found bean 'transactionManager'; @ConditionalOnMissingBean (types: org.springframework.transaction.annotation.AbstractTransactionManagementConfiguration; SearchStrategy: all) did not find any beans (OnBeanCondition)

   TransactionAutoConfiguration.EnableTransactionManagementConfiguration.CglibAutoProxyConfiguration matched:
      - @ConditionalOnProperty (spring.aop.proxy-target-class=true) matched (OnPropertyCondition)

   TransactionAutoConfiguration.TransactionTemplateConfiguration matched:
      - @ConditionalOnSingleCandidate (types: org.springframework.transaction.PlatformTransactionManager; SearchStrategy: all) found a primary bean from beans 'transactionManager' (OnBeanCondition)

   TransactionAutoConfiguration.TransactionTemplateConfiguration#transactionTemplate matched:
      - @ConditionalOnMissingBean (types: org.springframework.transaction.support.TransactionOperations; SearchStrategy: all) did not find any beans (OnBeanCondition)


Negative matches:
-----------------

   CacheAutoConfiguration:
      Did not match:
         - @ConditionalOnBean (types: org.springframework.cache.interceptor.CacheAspectSupport; SearchStrategy: all) did not find any beans of type org.springframework.cache.interceptor.CacheAspectSupport (OnBeanCondition)
      Matched:
         - @ConditionalOnClass found required class 'org.springframework.cache.CacheManager' (OnClassCondition)

   CacheAutoConfiguration.CacheManagerEntityManagerFactoryDependsOnPostProcessor:
      Did not match:
         - Ancestor org.springframework.boot.autoconfigure.cache.CacheAutoConfiguration did not match (ConditionEvaluationReport.AncestorsMatchedCondition)
      Matched:
         - @ConditionalOnClass found required class 'org.springframework.orm.jpa.LocalContainerEntityManagerFactoryBean' (OnClassCondition)

   CaffeineCacheConfiguration:
      Did not match:
         - @ConditionalOnClass did not find required class 'com.github.benmanes.caffeine.cache.Caffeine' (OnClassCondition)

   CouchbaseCacheConfiguration:
      Did not match:
         - @ConditionalOnClass did not find required class 'com.couchbase.client.java.Cluster' (OnClassCondition)

   DataSourceAutoConfiguration.EmbeddedDatabaseConfiguration:
      Did not match:
         - EmbeddedDataSource spring.datasource.url is set (DataSourceAutoConfiguration.EmbeddedDatabaseCondition)

   DataSourceConfiguration.Dbcp2:
      Did not match:
         - @ConditionalOnClass did not find required class 'org.apache.commons.dbcp2.BasicDataSource' (OnClassCondition)

   DataSourceConfiguration.Generic:
      Did not match:
         - @ConditionalOnProperty (spring.datasource.type) did not find property 'spring.datasource.type' (OnPropertyCondition)

   DataSourceConfiguration.OracleUcp:
      Did not match:
         - @ConditionalOnClass did not find required classes 'oracle.ucp.jdbc.PoolDataSourceImpl', 'oracle.jdbc.OracleConnection' (OnClassCondition)

   DataSourceConfiguration.Tomcat:
      Did not match:
         - @ConditionalOnClass did not find required class 'org.apache.tomcat.jdbc.pool.DataSource' (OnClassCondition)

   DataSourceInitializationConfiguration.InitializationSpecificCredentialsDataSourceInitializationConfiguration:
      Did not match:
         - AnyNestedCondition 0 matched 2 did not; NestedCondition on DataSourceInitializationConfiguration.InitializationSpecificCredentialsDataSourceInitializationConfiguration.DifferentCredentialsCondition.DataCredentials @ConditionalOnProperty (spring.datasource.data-username) did not find property 'data-username'; NestedCondition on DataSourceInitializationConfiguration.InitializationSpecificCredentialsDataSourceInitializationConfiguration.DifferentCredentialsCondition.SchemaCredentials @ConditionalOnProperty (spring.datasource.schema-username) did not find property 'schema-username' (DataSourceInitializationConfiguration.InitializationSpecificCredentialsDataSourceInitializationConfiguration.DifferentCredentialsCondition)

   DataSourceInitializationConfiguration.SharedCredentialsDataSourceInitializationConfiguration:
      Did not match:
         - DataSource Initialization did not find configured properties spring.datasource.data-username, spring.datasource.schema-password, spring.datasource.schema[0], spring.datasource.data[0], spring.datasource.data, spring.datasource.schema-username, spring.datasource.data-password, spring.datasource.initialization-mode, spring.datasource.schema, spring.datasource.sql-script-encoding, spring.datasource.separator, spring.datasource.platform, spring.datasource.continue-on-error (DataSourceInitializationConfiguration.SharedCredentialsDataSourceInitializationConfiguration.DataSourceInitializationCondition)

   DataSourceJmxConfiguration:
      Did not match:
         - @ConditionalOnProperty (spring.jmx.enabled=true) found different value in property 'enabled' (OnPropertyCondition)

   DataSourcePoolMetadataProvidersConfiguration.CommonsDbcp2PoolDataSourceMetadataProviderConfiguration:
      Did not match:
         - @ConditionalOnClass did not find required class 'org.apache.commons.dbcp2.BasicDataSource' (OnClassCondition)

   DataSourcePoolMetadataProvidersConfiguration.OracleUcpPoolDataSourceMetadataProviderConfiguration:
      Did not match:
         - @ConditionalOnClass did not find required classes 'oracle.ucp.jdbc.PoolDataSource', 'oracle.jdbc.OracleConnection' (OnClassCondition)

   DataSourcePoolMetadataProvidersConfiguration.TomcatDataSourcePoolMetadataProviderConfiguration:
      Did not match:
         - @ConditionalOnClass did not find required class 'org.apache.tomcat.jdbc.pool.DataSource' (OnClassCondition)

   DataSourceTransactionManagerAutoConfiguration.JdbcTransactionManagerConfiguration#transactionManager:
      Did not match:
         - @ConditionalOnMissingBean (types: org.springframework.transaction.TransactionManager; SearchStrategy: all) found beans of type 'org.springframework.transaction.TransactionManager' transactionManager (OnBeanCondition)

   EhCacheCacheConfiguration:
      Did not match:
         - @ConditionalOnClass did not find required class 'net.sf.ehcache.Cache' (OnClassCondition)

   FlywayAutoConfiguration:
      Did not match:
         - @ConditionalOnClass did not find required class 'org.flywaydb.core.Flyway' (OnClassCondition)

   GenericCacheConfiguration:
      Did not match:
         - Cache org.springframework.boot.autoconfigure.cache.GenericCacheConfiguration unknown cache type (CacheCondition)

   HazelcastCacheConfiguration:
      Did not match:
         - @ConditionalOnClass did not find required class 'com.hazelcast.core.HazelcastInstance' (OnClassCondition)

   InfinispanCacheConfiguration:
      Did not match:
         - @ConditionalOnClass did not find required class 'org.infinispan.spring.embedded.provider.SpringEmbeddedCacheManager' (OnClassCondition)

   JCacheCacheConfiguration:
      Did not match:
         - @ConditionalOnClass did not find required class 'javax.cache.Caching' (OnClassCondition)

   JpaBaseConfiguration.JpaWebConfiguration:
      Did not match:
         - not a servlet web application (OnWebApplicationCondition)
      Matched:
         - @ConditionalOnClass found required class 'org.springframework.web.servlet.config.annotation.WebMvcConfigurer' (OnClassCondition)

   JpaRepositoriesAutoConfiguration#entityManagerFactoryBootstrapExecutorCustomizer:
      Did not match:
         - AnyNestedCondition 0 matched 2 did not; NestedCondition on JpaRepositoriesAutoConfiguration.BootstrapExecutorCondition.LazyBootstrapMode @ConditionalOnProperty (spring.data.jpa.repositories.bootstrap-mode=lazy) found different value in property 'bootstrap-mode'; NestedCondition on JpaRepositoriesAutoConfiguration.BootstrapExecutorCondition.DeferredBootstrapMode @ConditionalOnProperty (spring.data.jpa.repositories.bootstrap-mode=deferred) found different value in property 'bootstrap-mode' (JpaRepositoriesAutoConfiguration.BootstrapExecutorCondition)

   LiquibaseAutoConfiguration:
      Did not match:
         - @ConditionalOnClass did not find required class 'liquibase.change.DatabaseChange' (OnClassCondition)

   R2dbcInitializationConfiguration:
      Did not match:
         - @ConditionalOnClass did not find required classes 'io.r2dbc.spi.ConnectionFactory', 'org.springframework.r2dbc.connection.init.DatabasePopulator' (OnClassCondition)

   RedisCacheConfiguration:
      Did not match:
         - @ConditionalOnClass did not find required class 'org.springframework.data.redis.connection.RedisConnectionFactory' (OnClassCondition)

   SimpleCacheConfiguration:
      Did not match:
         - Cache org.springframework.boot.autoconfigure.cache.SimpleCacheConfiguration unknown cache type (CacheCondition)

   TestDatabaseAutoConfiguration#dataSource:
      Did not match:
         - @ConditionalOnProperty (spring.test.database.replace=AUTO_CONFIGURED) found different value in property 'replace' (OnPropertyCondition)

   TestDatabaseAutoConfiguration#embeddedDataSourceBeanFactoryPostProcessor:
      Did not match:
         - @ConditionalOnProperty (spring.test.database.replace=ANY) found different value in property 'replace' (OnPropertyCondition)

   TransactionAutoConfiguration#transactionalOperator:
      Did not match:
         - @ConditionalOnSingleCandidate (types: org.springframework.transaction.ReactiveTransactionManager; SearchStrategy: all) did not find any beans (OnBeanCondition)

   TransactionAutoConfiguration.EnableTransactionManagementConfiguration.JdkDynamicAutoProxyConfiguration:
      Did not match:
         - @ConditionalOnProperty (spring.aop.proxy-target-class=false) did not find property 'proxy-target-class' (OnPropertyCondition)


Exclusions:
-----------

    None


Unconditional classes:
----------------------

    org.springframework.boot.test.autoconfigure.jdbc.TestDatabaseAutoConfiguration



[2021-07-28 09:38:07] - Started CourseServiceImplTest in 3.019 seconds (JVM running for 4.315)
[2021-07-28 09:38:07] - Storing ApplicationContext [1354280589] in cache under key [[MergedContextConfiguration@4ce1d6d0 testClass = CourseServiceImplTest, locations = '{}', classes = '{class com.anu.springunijpa.SpringUniJpaApplication}', contextInitializerClasses = '[]', activeProfiles = '{}', propertySourceLocations = '{}', propertySourceProperties = '{org.springframework.boot.test.autoconfigure.orm.jpa.DataJpaTestContextBootstrapper=true}', contextCustomizers = set[[ImportsContextCustomizer@24111ef1 key = [org.springframework.boot.autoconfigure.cache.CacheAutoConfiguration, org.springframework.boot.autoconfigure.data.jpa.JpaRepositoriesAutoConfiguration, org.springframework.boot.autoconfigure.flyway.FlywayAutoConfiguration, org.springframework.boot.autoconfigure.jdbc.DataSourceAutoConfiguration, org.springframework.boot.autoconfigure.jdbc.DataSourceTransactionManagerAutoConfiguration, org.springframework.boot.autoconfigure.jdbc.JdbcTemplateAutoConfiguration, org.springframework.boot.autoconfigure.liquibase.LiquibaseAutoConfiguration, org.springframework.boot.autoconfigure.orm.jpa.HibernateJpaAutoConfiguration, org.springframework.boot.autoconfigure.sql.init.SqlInitializationAutoConfiguration, org.springframework.boot.autoconfigure.transaction.TransactionAutoConfiguration, org.springframework.boot.test.autoconfigure.jdbc.TestDatabaseAutoConfiguration, org.springframework.boot.test.autoconfigure.orm.jpa.TestEntityManagerAutoConfiguration]], org.springframework.boot.test.context.filter.ExcludeFilterContextCustomizer@1f81aa00, org.springframework.boot.test.json.DuplicateJsonObjectContextCustomizerFactory$DuplicateJsonObjectContextCustomizer@1787bc24, org.springframework.boot.test.mock.mockito.MockitoContextCustomizer@0, org.springframework.boot.test.autoconfigure.OverrideAutoConfigurationContextCustomizerFactory$DisableAutoConfigurationContextCustomizer@a307a8c, org.springframework.boot.test.autoconfigure.actuate.metrics.MetricsExportContextCustomizerFactory$DisableMetricExportContextCustomizer@421e361, org.springframework.boot.test.autoconfigure.filter.TypeExcludeFiltersContextCustomizer@351584c0, org.springframework.boot.test.autoconfigure.properties.PropertyMappingContextCustomizer@69f5108b, org.springframework.boot.test.autoconfigure.web.servlet.WebDriverContextCustomizerFactory$Customizer@2b175c00, org.springframework.boot.test.context.SpringBootTestArgs@1, org.springframework.boot.test.context.SpringBootTestWebEnvironment@0], contextLoader = 'org.springframework.boot.test.context.SpringBootContextLoader', parent = [null]]]
[2021-07-28 09:38:07] - Spring test ApplicationContext cache statistics: [DefaultContextCache@37665305 size = 1, maxSize = 32, parentContextCount = 0, hitCount = 0, missCount = 1]
[2021-07-28 09:38:07] - Retrieved ApplicationContext [1354280589] from cache with key [[MergedContextConfiguration@4ce1d6d0 testClass = CourseServiceImplTest, locations = '{}', classes = '{class com.anu.springunijpa.SpringUniJpaApplication}', contextInitializerClasses = '[]', activeProfiles = '{}', propertySourceLocations = '{}', propertySourceProperties = '{org.springframework.boot.test.autoconfigure.orm.jpa.DataJpaTestContextBootstrapper=true}', contextCustomizers = set[[ImportsContextCustomizer@24111ef1 key = [org.springframework.boot.autoconfigure.cache.CacheAutoConfiguration, org.springframework.boot.autoconfigure.data.jpa.JpaRepositoriesAutoConfiguration, org.springframework.boot.autoconfigure.flyway.FlywayAutoConfiguration, org.springframework.boot.autoconfigure.jdbc.DataSourceAutoConfiguration, org.springframework.boot.autoconfigure.jdbc.DataSourceTransactionManagerAutoConfiguration, org.springframework.boot.autoconfigure.jdbc.JdbcTemplateAutoConfiguration, org.springframework.boot.autoconfigure.liquibase.LiquibaseAutoConfiguration, org.springframework.boot.autoconfigure.orm.jpa.HibernateJpaAutoConfiguration, org.springframework.boot.autoconfigure.sql.init.SqlInitializationAutoConfiguration, org.springframework.boot.autoconfigure.transaction.TransactionAutoConfiguration, org.springframework.boot.test.autoconfigure.jdbc.TestDatabaseAutoConfiguration, org.springframework.boot.test.autoconfigure.orm.jpa.TestEntityManagerAutoConfiguration]], org.springframework.boot.test.context.filter.ExcludeFilterContextCustomizer@1f81aa00, org.springframework.boot.test.json.DuplicateJsonObjectContextCustomizerFactory$DuplicateJsonObjectContextCustomizer@1787bc24, org.springframework.boot.test.mock.mockito.MockitoContextCustomizer@0, org.springframework.boot.test.autoconfigure.OverrideAutoConfigurationContextCustomizerFactory$DisableAutoConfigurationContextCustomizer@a307a8c, org.springframework.boot.test.autoconfigure.actuate.metrics.MetricsExportContextCustomizerFactory$DisableMetricExportContextCustomizer@421e361, org.springframework.boot.test.autoconfigure.filter.TypeExcludeFiltersContextCustomizer@351584c0, org.springframework.boot.test.autoconfigure.properties.PropertyMappingContextCustomizer@69f5108b, org.springframework.boot.test.autoconfigure.web.servlet.WebDriverContextCustomizerFactory$Customizer@2b175c00, org.springframework.boot.test.context.SpringBootTestArgs@1, org.springframework.boot.test.context.SpringBootTestWebEnvironment@0], contextLoader = 'org.springframework.boot.test.context.SpringBootContextLoader', parent = [null]]]
[2021-07-28 09:38:07] - Spring test ApplicationContext cache statistics: [DefaultContextCache@37665305 size = 1, maxSize = 32, parentContextCount = 0, hitCount = 1, missCount = 1]
[2021-07-28 09:38:07] - Before test method: context [DefaultTestContext@6c0d9d86 testClass = CourseServiceImplTest, testInstance = com.anu.springunijpa.service.impl.CourseServiceImplTest@1a6c1270, testMethod = testGetCourse@CourseServiceImplTest, testException = [null], mergedContextConfiguration = [MergedContextConfiguration@4ce1d6d0 testClass = CourseServiceImplTest, locations = '{}', classes = '{class com.anu.springunijpa.SpringUniJpaApplication}', contextInitializerClasses = '[]', activeProfiles = '{}', propertySourceLocations = '{}', propertySourceProperties = '{org.springframework.boot.test.autoconfigure.orm.jpa.DataJpaTestContextBootstrapper=true}', contextCustomizers = set[[ImportsContextCustomizer@24111ef1 key = [org.springframework.boot.autoconfigure.cache.CacheAutoConfiguration, org.springframework.boot.autoconfigure.data.jpa.JpaRepositoriesAutoConfiguration, org.springframework.boot.autoconfigure.flyway.FlywayAutoConfiguration, org.springframework.boot.autoconfigure.jdbc.DataSourceAutoConfiguration, org.springframework.boot.autoconfigure.jdbc.DataSourceTransactionManagerAutoConfiguration, org.springframework.boot.autoconfigure.jdbc.JdbcTemplateAutoConfiguration, org.springframework.boot.autoconfigure.liquibase.LiquibaseAutoConfiguration, org.springframework.boot.autoconfigure.orm.jpa.HibernateJpaAutoConfiguration, org.springframework.boot.autoconfigure.sql.init.SqlInitializationAutoConfiguration, org.springframework.boot.autoconfigure.transaction.TransactionAutoConfiguration, org.springframework.boot.test.autoconfigure.jdbc.TestDatabaseAutoConfiguration, org.springframework.boot.test.autoconfigure.orm.jpa.TestEntityManagerAutoConfiguration]], org.springframework.boot.test.context.filter.ExcludeFilterContextCustomizer@1f81aa00, org.springframework.boot.test.json.DuplicateJsonObjectContextCustomizerFactory$DuplicateJsonObjectContextCustomizer@1787bc24, org.springframework.boot.test.mock.mockito.MockitoContextCustomizer@0, org.springframework.boot.test.autoconfigure.OverrideAutoConfigurationContextCustomizerFactory$DisableAutoConfigurationContextCustomizer@a307a8c, org.springframework.boot.test.autoconfigure.actuate.metrics.MetricsExportContextCustomizerFactory$DisableMetricExportContextCustomizer@421e361, org.springframework.boot.test.autoconfigure.filter.TypeExcludeFiltersContextCustomizer@351584c0, org.springframework.boot.test.autoconfigure.properties.PropertyMappingContextCustomizer@69f5108b, org.springframework.boot.test.autoconfigure.web.servlet.WebDriverContextCustomizerFactory$Customizer@2b175c00, org.springframework.boot.test.context.SpringBootTestArgs@1, org.springframework.boot.test.context.SpringBootTestWebEnvironment@0], contextLoader = 'org.springframework.boot.test.context.SpringBootContextLoader', parent = [null]], attributes = map['org.springframework.test.context.event.ApplicationEventsTestExecutionListener.recordApplicationEvents' -> false]], class annotated with @DirtiesContext [false] with mode [null], method annotated with @DirtiesContext [false] with mode [null].
[2021-07-28 09:38:07] - Explicit transaction definition [PROPAGATION_REQUIRED,ISOLATION_DEFAULT] found for test context [DefaultTestContext@6c0d9d86 testClass = CourseServiceImplTest, testInstance = com.anu.springunijpa.service.impl.CourseServiceImplTest@1a6c1270, testMethod = testGetCourse@CourseServiceImplTest, testException = [null], mergedContextConfiguration = [MergedContextConfiguration@4ce1d6d0 testClass = CourseServiceImplTest, locations = '{}', classes = '{class com.anu.springunijpa.SpringUniJpaApplication}', contextInitializerClasses = '[]', activeProfiles = '{}', propertySourceLocations = '{}', propertySourceProperties = '{org.springframework.boot.test.autoconfigure.orm.jpa.DataJpaTestContextBootstrapper=true}', contextCustomizers = set[[ImportsContextCustomizer@24111ef1 key = [org.springframework.boot.autoconfigure.cache.CacheAutoConfiguration, org.springframework.boot.autoconfigure.data.jpa.JpaRepositoriesAutoConfiguration, org.springframework.boot.autoconfigure.flyway.FlywayAutoConfiguration, org.springframework.boot.autoconfigure.jdbc.DataSourceAutoConfiguration, org.springframework.boot.autoconfigure.jdbc.DataSourceTransactionManagerAutoConfiguration, org.springframework.boot.autoconfigure.jdbc.JdbcTemplateAutoConfiguration, org.springframework.boot.autoconfigure.liquibase.LiquibaseAutoConfiguration, org.springframework.boot.autoconfigure.orm.jpa.HibernateJpaAutoConfiguration, org.springframework.boot.autoconfigure.sql.init.SqlInitializationAutoConfiguration, org.springframework.boot.autoconfigure.transaction.TransactionAutoConfiguration, org.springframework.boot.test.autoconfigure.jdbc.TestDatabaseAutoConfiguration, org.springframework.boot.test.autoconfigure.orm.jpa.TestEntityManagerAutoConfiguration]], org.springframework.boot.test.context.filter.ExcludeFilterContextCustomizer@1f81aa00, org.springframework.boot.test.json.DuplicateJsonObjectContextCustomizerFactory$DuplicateJsonObjectContextCustomizer@1787bc24, org.springframework.boot.test.mock.mockito.MockitoContextCustomizer@0, org.springframework.boot.test.autoconfigure.OverrideAutoConfigurationContextCustomizerFactory$DisableAutoConfigurationContextCustomizer@a307a8c, org.springframework.boot.test.autoconfigure.actuate.metrics.MetricsExportContextCustomizerFactory$DisableMetricExportContextCustomizer@421e361, org.springframework.boot.test.autoconfigure.filter.TypeExcludeFiltersContextCustomizer@351584c0, org.springframework.boot.test.autoconfigure.properties.PropertyMappingContextCustomizer@69f5108b, org.springframework.boot.test.autoconfigure.web.servlet.WebDriverContextCustomizerFactory$Customizer@2b175c00, org.springframework.boot.test.context.SpringBootTestArgs@1, org.springframework.boot.test.context.SpringBootTestWebEnvironment@0], contextLoader = 'org.springframework.boot.test.context.SpringBootContextLoader', parent = [null]], attributes = map['org.springframework.test.context.event.ApplicationEventsTestExecutionListener.recordApplicationEvents' -> false]]
[2021-07-28 09:38:07] - Retrieved ApplicationContext [1354280589] from cache with key [[MergedContextConfiguration@4ce1d6d0 testClass = CourseServiceImplTest, locations = '{}', classes = '{class com.anu.springunijpa.SpringUniJpaApplication}', contextInitializerClasses = '[]', activeProfiles = '{}', propertySourceLocations = '{}', propertySourceProperties = '{org.springframework.boot.test.autoconfigure.orm.jpa.DataJpaTestContextBootstrapper=true}', contextCustomizers = set[[ImportsContextCustomizer@24111ef1 key = [org.springframework.boot.autoconfigure.cache.CacheAutoConfiguration, org.springframework.boot.autoconfigure.data.jpa.JpaRepositoriesAutoConfiguration, org.springframework.boot.autoconfigure.flyway.FlywayAutoConfiguration, org.springframework.boot.autoconfigure.jdbc.DataSourceAutoConfiguration, org.springframework.boot.autoconfigure.jdbc.DataSourceTransactionManagerAutoConfiguration, org.springframework.boot.autoconfigure.jdbc.JdbcTemplateAutoConfiguration, org.springframework.boot.autoconfigure.liquibase.LiquibaseAutoConfiguration, org.springframework.boot.autoconfigure.orm.jpa.HibernateJpaAutoConfiguration, org.springframework.boot.autoconfigure.sql.init.SqlInitializationAutoConfiguration, org.springframework.boot.autoconfigure.transaction.TransactionAutoConfiguration, org.springframework.boot.test.autoconfigure.jdbc.TestDatabaseAutoConfiguration, org.springframework.boot.test.autoconfigure.orm.jpa.TestEntityManagerAutoConfiguration]], org.springframework.boot.test.context.filter.ExcludeFilterContextCustomizer@1f81aa00, org.springframework.boot.test.json.DuplicateJsonObjectContextCustomizerFactory$DuplicateJsonObjectContextCustomizer@1787bc24, org.springframework.boot.test.mock.mockito.MockitoContextCustomizer@0, org.springframework.boot.test.autoconfigure.OverrideAutoConfigurationContextCustomizerFactory$DisableAutoConfigurationContextCustomizer@a307a8c, org.springframework.boot.test.autoconfigure.actuate.metrics.MetricsExportContextCustomizerFactory$DisableMetricExportContextCustomizer@421e361, org.springframework.boot.test.autoconfigure.filter.TypeExcludeFiltersContextCustomizer@351584c0, org.springframework.boot.test.autoconfigure.properties.PropertyMappingContextCustomizer@69f5108b, org.springframework.boot.test.autoconfigure.web.servlet.WebDriverContextCustomizerFactory$Customizer@2b175c00, org.springframework.boot.test.context.SpringBootTestArgs@1, org.springframework.boot.test.context.SpringBootTestWebEnvironment@0], contextLoader = 'org.springframework.boot.test.context.SpringBootContextLoader', parent = [null]]]
[2021-07-28 09:38:07] - Spring test ApplicationContext cache statistics: [DefaultContextCache@37665305 size = 1, maxSize = 32, parentContextCount = 0, hitCount = 2, missCount = 1]
[2021-07-28 09:38:07] - No method-level @Rollback override: using default rollback [true] for test context [DefaultTestContext@6c0d9d86 testClass = CourseServiceImplTest, testInstance = com.anu.springunijpa.service.impl.CourseServiceImplTest@1a6c1270, testMethod = testGetCourse@CourseServiceImplTest, testException = [null], mergedContextConfiguration = [MergedContextConfiguration@4ce1d6d0 testClass = CourseServiceImplTest, locations = '{}', classes = '{class com.anu.springunijpa.SpringUniJpaApplication}', contextInitializerClasses = '[]', activeProfiles = '{}', propertySourceLocations = '{}', propertySourceProperties = '{org.springframework.boot.test.autoconfigure.orm.jpa.DataJpaTestContextBootstrapper=true}', contextCustomizers = set[[ImportsContextCustomizer@24111ef1 key = [org.springframework.boot.autoconfigure.cache.CacheAutoConfiguration, org.springframework.boot.autoconfigure.data.jpa.JpaRepositoriesAutoConfiguration, org.springframework.boot.autoconfigure.flyway.FlywayAutoConfiguration, org.springframework.boot.autoconfigure.jdbc.DataSourceAutoConfiguration, org.springframework.boot.autoconfigure.jdbc.DataSourceTransactionManagerAutoConfiguration, org.springframework.boot.autoconfigure.jdbc.JdbcTemplateAutoConfiguration, org.springframework.boot.autoconfigure.liquibase.LiquibaseAutoConfiguration, org.springframework.boot.autoconfigure.orm.jpa.HibernateJpaAutoConfiguration, org.springframework.boot.autoconfigure.sql.init.SqlInitializationAutoConfiguration, org.springframework.boot.autoconfigure.transaction.TransactionAutoConfiguration, org.springframework.boot.test.autoconfigure.jdbc.TestDatabaseAutoConfiguration, org.springframework.boot.test.autoconfigure.orm.jpa.TestEntityManagerAutoConfiguration]], org.springframework.boot.test.context.filter.ExcludeFilterContextCustomizer@1f81aa00, org.springframework.boot.test.json.DuplicateJsonObjectContextCustomizerFactory$DuplicateJsonObjectContextCustomizer@1787bc24, org.springframework.boot.test.mock.mockito.MockitoContextCustomizer@0, org.springframework.boot.test.autoconfigure.OverrideAutoConfigurationContextCustomizerFactory$DisableAutoConfigurationContextCustomizer@a307a8c, org.springframework.boot.test.autoconfigure.actuate.metrics.MetricsExportContextCustomizerFactory$DisableMetricExportContextCustomizer@421e361, org.springframework.boot.test.autoconfigure.filter.TypeExcludeFiltersContextCustomizer@351584c0, org.springframework.boot.test.autoconfigure.properties.PropertyMappingContextCustomizer@69f5108b, org.springframework.boot.test.autoconfigure.web.servlet.WebDriverContextCustomizerFactory$Customizer@2b175c00, org.springframework.boot.test.context.SpringBootTestArgs@1, org.springframework.boot.test.context.SpringBootTestWebEnvironment@0], contextLoader = 'org.springframework.boot.test.context.SpringBootContextLoader', parent = [null]], attributes = map['org.springframework.test.context.event.ApplicationEventsTestExecutionListener.recordApplicationEvents' -> false]].
[2021-07-28 09:38:07] - Creating new transaction with name [com.anu.springunijpa.service.impl.CourseServiceImplTest.testGetCourse]: PROPAGATION_REQUIRED,ISOLATION_DEFAULT
[2021-07-28 09:38:07] - Opened new EntityManager [SessionImpl(2101886654<open>)] for JPA transaction
[2021-07-28 09:38:07] - On TransactionImpl creation, JpaCompliance#isJpaTransactionComplianceEnabled == false
[2021-07-28 09:38:07] - begin
[2021-07-28 09:38:07] - Exposing JPA transaction as JDBC [org.springframework.orm.jpa.vendor.HibernateJpaDialect$HibernateConnectionHandle@438c0aaf]
[2021-07-28 09:38:07] - Began transaction (1) for test context [DefaultTestContext@6c0d9d86 testClass = CourseServiceImplTest, testInstance = com.anu.springunijpa.service.impl.CourseServiceImplTest@1a6c1270, testMethod = testGetCourse@CourseServiceImplTest, testException = [null], mergedContextConfiguration = [MergedContextConfiguration@4ce1d6d0 testClass = CourseServiceImplTest, locations = '{}', classes = '{class com.anu.springunijpa.SpringUniJpaApplication}', contextInitializerClasses = '[]', activeProfiles = '{}', propertySourceLocations = '{}', propertySourceProperties = '{org.springframework.boot.test.autoconfigure.orm.jpa.DataJpaTestContextBootstrapper=true}', contextCustomizers = set[[ImportsContextCustomizer@24111ef1 key = [org.springframework.boot.autoconfigure.cache.CacheAutoConfiguration, org.springframework.boot.autoconfigure.data.jpa.JpaRepositoriesAutoConfiguration, org.springframework.boot.autoconfigure.flyway.FlywayAutoConfiguration, org.springframework.boot.autoconfigure.jdbc.DataSourceAutoConfiguration, org.springframework.boot.autoconfigure.jdbc.DataSourceTransactionManagerAutoConfiguration, org.springframework.boot.autoconfigure.jdbc.JdbcTemplateAutoConfiguration, org.springframework.boot.autoconfigure.liquibase.LiquibaseAutoConfiguration, org.springframework.boot.autoconfigure.orm.jpa.HibernateJpaAutoConfiguration, org.springframework.boot.autoconfigure.sql.init.SqlInitializationAutoConfiguration, org.springframework.boot.autoconfigure.transaction.TransactionAutoConfiguration, org.springframework.boot.test.autoconfigure.jdbc.TestDatabaseAutoConfiguration, org.springframework.boot.test.autoconfigure.orm.jpa.TestEntityManagerAutoConfiguration]], org.springframework.boot.test.context.filter.ExcludeFilterContextCustomizer@1f81aa00, org.springframework.boot.test.json.DuplicateJsonObjectContextCustomizerFactory$DuplicateJsonObjectContextCustomizer@1787bc24, org.springframework.boot.test.mock.mockito.MockitoContextCustomizer@0, org.springframework.boot.test.autoconfigure.OverrideAutoConfigurationContextCustomizerFactory$DisableAutoConfigurationContextCustomizer@a307a8c, org.springframework.boot.test.autoconfigure.actuate.metrics.MetricsExportContextCustomizerFactory$DisableMetricExportContextCustomizer@421e361, org.springframework.boot.test.autoconfigure.filter.TypeExcludeFiltersContextCustomizer@351584c0, org.springframework.boot.test.autoconfigure.properties.PropertyMappingContextCustomizer@69f5108b, org.springframework.boot.test.autoconfigure.web.servlet.WebDriverContextCustomizerFactory$Customizer@2b175c00, org.springframework.boot.test.context.SpringBootTestArgs@1, org.springframework.boot.test.context.SpringBootTestWebEnvironment@0], contextLoader = 'org.springframework.boot.test.context.SpringBootContextLoader', parent = [null]], attributes = map['org.springframework.test.context.event.ApplicationEventsTestExecutionListener.recordApplicationEvents' -> false]]; transaction manager [org.springframework.orm.jpa.JpaTransactionManager@115ef673]; rollback [true]
[2021-07-28 09:38:07] - Retrieved ApplicationContext [1354280589] from cache with key [[MergedContextConfiguration@4ce1d6d0 testClass = CourseServiceImplTest, locations = '{}', classes = '{class com.anu.springunijpa.SpringUniJpaApplication}', contextInitializerClasses = '[]', activeProfiles = '{}', propertySourceLocations = '{}', propertySourceProperties = '{org.springframework.boot.test.autoconfigure.orm.jpa.DataJpaTestContextBootstrapper=true}', contextCustomizers = set[[ImportsContextCustomizer@24111ef1 key = [org.springframework.boot.autoconfigure.cache.CacheAutoConfiguration, org.springframework.boot.autoconfigure.data.jpa.JpaRepositoriesAutoConfiguration, org.springframework.boot.autoconfigure.flyway.FlywayAutoConfiguration, org.springframework.boot.autoconfigure.jdbc.DataSourceAutoConfiguration, org.springframework.boot.autoconfigure.jdbc.DataSourceTransactionManagerAutoConfiguration, org.springframework.boot.autoconfigure.jdbc.JdbcTemplateAutoConfiguration, org.springframework.boot.autoconfigure.liquibase.LiquibaseAutoConfiguration, org.springframework.boot.autoconfigure.orm.jpa.HibernateJpaAutoConfiguration, org.springframework.boot.autoconfigure.sql.init.SqlInitializationAutoConfiguration, org.springframework.boot.autoconfigure.transaction.TransactionAutoConfiguration, org.springframework.boot.test.autoconfigure.jdbc.TestDatabaseAutoConfiguration, org.springframework.boot.test.autoconfigure.orm.jpa.TestEntityManagerAutoConfiguration]], org.springframework.boot.test.context.filter.ExcludeFilterContextCustomizer@1f81aa00, org.springframework.boot.test.json.DuplicateJsonObjectContextCustomizerFactory$DuplicateJsonObjectContextCustomizer@1787bc24, org.springframework.boot.test.mock.mockito.MockitoContextCustomizer@0, org.springframework.boot.test.autoconfigure.OverrideAutoConfigurationContextCustomizerFactory$DisableAutoConfigurationContextCustomizer@a307a8c, org.springframework.boot.test.autoconfigure.actuate.metrics.MetricsExportContextCustomizerFactory$DisableMetricExportContextCustomizer@421e361, org.springframework.boot.test.autoconfigure.filter.TypeExcludeFiltersContextCustomizer@351584c0, org.springframework.boot.test.autoconfigure.properties.PropertyMappingContextCustomizer@69f5108b, org.springframework.boot.test.autoconfigure.web.servlet.WebDriverContextCustomizerFactory$Customizer@2b175c00, org.springframework.boot.test.context.SpringBootTestArgs@1, org.springframework.boot.test.context.SpringBootTestWebEnvironment@0], contextLoader = 'org.springframework.boot.test.context.SpringBootContextLoader', parent = [null]]]
[2021-07-28 09:38:07] - Spring test ApplicationContext cache statistics: [DefaultContextCache@37665305 size = 1, maxSize = 32, parentContextCount = 0, hitCount = 3, missCount = 1]
[2021-07-28 09:38:07] - Retrieved ApplicationContext [1354280589] from cache with key [[MergedContextConfiguration@4ce1d6d0 testClass = CourseServiceImplTest, locations = '{}', classes = '{class com.anu.springunijpa.SpringUniJpaApplication}', contextInitializerClasses = '[]', activeProfiles = '{}', propertySourceLocations = '{}', propertySourceProperties = '{org.springframework.boot.test.autoconfigure.orm.jpa.DataJpaTestContextBootstrapper=true}', contextCustomizers = set[[ImportsContextCustomizer@24111ef1 key = [org.springframework.boot.autoconfigure.cache.CacheAutoConfiguration, org.springframework.boot.autoconfigure.data.jpa.JpaRepositoriesAutoConfiguration, org.springframework.boot.autoconfigure.flyway.FlywayAutoConfiguration, org.springframework.boot.autoconfigure.jdbc.DataSourceAutoConfiguration, org.springframework.boot.autoconfigure.jdbc.DataSourceTransactionManagerAutoConfiguration, org.springframework.boot.autoconfigure.jdbc.JdbcTemplateAutoConfiguration, org.springframework.boot.autoconfigure.liquibase.LiquibaseAutoConfiguration, org.springframework.boot.autoconfigure.orm.jpa.HibernateJpaAutoConfiguration, org.springframework.boot.autoconfigure.sql.init.SqlInitializationAutoConfiguration, org.springframework.boot.autoconfigure.transaction.TransactionAutoConfiguration, org.springframework.boot.test.autoconfigure.jdbc.TestDatabaseAutoConfiguration, org.springframework.boot.test.autoconfigure.orm.jpa.TestEntityManagerAutoConfiguration]], org.springframework.boot.test.context.filter.ExcludeFilterContextCustomizer@1f81aa00, org.springframework.boot.test.json.DuplicateJsonObjectContextCustomizerFactory$DuplicateJsonObjectContextCustomizer@1787bc24, org.springframework.boot.test.mock.mockito.MockitoContextCustomizer@0, org.springframework.boot.test.autoconfigure.OverrideAutoConfigurationContextCustomizerFactory$DisableAutoConfigurationContextCustomizer@a307a8c, org.springframework.boot.test.autoconfigure.actuate.metrics.MetricsExportContextCustomizerFactory$DisableMetricExportContextCustomizer@421e361, org.springframework.boot.test.autoconfigure.filter.TypeExcludeFiltersContextCustomizer@351584c0, org.springframework.boot.test.autoconfigure.properties.PropertyMappingContextCustomizer@69f5108b, org.springframework.boot.test.autoconfigure.web.servlet.WebDriverContextCustomizerFactory$Customizer@2b175c00, org.springframework.boot.test.context.SpringBootTestArgs@1, org.springframework.boot.test.context.SpringBootTestWebEnvironment@0], contextLoader = 'org.springframework.boot.test.context.SpringBootContextLoader', parent = [null]]]
[2021-07-28 09:38:07] - Spring test ApplicationContext cache statistics: [DefaultContextCache@37665305 size = 1, maxSize = 32, parentContextCount = 0, hitCount = 4, missCount = 1]
[2021-07-28 09:38:07] - Retrieved ApplicationContext [1354280589] from cache with key [[MergedContextConfiguration@4ce1d6d0 testClass = CourseServiceImplTest, locations = '{}', classes = '{class com.anu.springunijpa.SpringUniJpaApplication}', contextInitializerClasses = '[]', activeProfiles = '{}', propertySourceLocations = '{}', propertySourceProperties = '{org.springframework.boot.test.autoconfigure.orm.jpa.DataJpaTestContextBootstrapper=true}', contextCustomizers = set[[ImportsContextCustomizer@24111ef1 key = [org.springframework.boot.autoconfigure.cache.CacheAutoConfiguration, org.springframework.boot.autoconfigure.data.jpa.JpaRepositoriesAutoConfiguration, org.springframework.boot.autoconfigure.flyway.FlywayAutoConfiguration, org.springframework.boot.autoconfigure.jdbc.DataSourceAutoConfiguration, org.springframework.boot.autoconfigure.jdbc.DataSourceTransactionManagerAutoConfiguration, org.springframework.boot.autoconfigure.jdbc.JdbcTemplateAutoConfiguration, org.springframework.boot.autoconfigure.liquibase.LiquibaseAutoConfiguration, org.springframework.boot.autoconfigure.orm.jpa.HibernateJpaAutoConfiguration, org.springframework.boot.autoconfigure.sql.init.SqlInitializationAutoConfiguration, org.springframework.boot.autoconfigure.transaction.TransactionAutoConfiguration, org.springframework.boot.test.autoconfigure.jdbc.TestDatabaseAutoConfiguration, org.springframework.boot.test.autoconfigure.orm.jpa.TestEntityManagerAutoConfiguration]], org.springframework.boot.test.context.filter.ExcludeFilterContextCustomizer@1f81aa00, org.springframework.boot.test.json.DuplicateJsonObjectContextCustomizerFactory$DuplicateJsonObjectContextCustomizer@1787bc24, org.springframework.boot.test.mock.mockito.MockitoContextCustomizer@0, org.springframework.boot.test.autoconfigure.OverrideAutoConfigurationContextCustomizerFactory$DisableAutoConfigurationContextCustomizer@a307a8c, org.springframework.boot.test.autoconfigure.actuate.metrics.MetricsExportContextCustomizerFactory$DisableMetricExportContextCustomizer@421e361, org.springframework.boot.test.autoconfigure.filter.TypeExcludeFiltersContextCustomizer@351584c0, org.springframework.boot.test.autoconfigure.properties.PropertyMappingContextCustomizer@69f5108b, org.springframework.boot.test.autoconfigure.web.servlet.WebDriverContextCustomizerFactory$Customizer@2b175c00, org.springframework.boot.test.context.SpringBootTestArgs@1, org.springframework.boot.test.context.SpringBootTestWebEnvironment@0], contextLoader = 'org.springframework.boot.test.context.SpringBootContextLoader', parent = [null]]]
[2021-07-28 09:38:07] - Spring test ApplicationContext cache statistics: [DefaultContextCache@37665305 size = 1, maxSize = 32, parentContextCount = 0, hitCount = 5, missCount = 1]
[2021-07-28 09:38:07] - Found thread-bound EntityManager [SessionImpl(2101886654<open>)] for JPA transaction
[2021-07-28 09:38:07] - Participating in existing transaction
[2021-07-28 09:38:07] - Rendered criteria query -> select generatedAlias0 from Course as generatedAlias0
[2021-07-28 09:38:07] - QueryTranslatorFactory: org.hibernate.hql.internal.ast.ASTQueryTranslatorFactory@640a6d4b
[2021-07-28 09:38:07] - parse() - HQL: select generatedAlias0 from com.anu.springunijpa.entity.Course as generatedAlias0
[2021-07-28 09:38:07] - throwQueryException() : no errors
[2021-07-28 09:38:07] - --- HQL AST ---
 \-[QUERY] Node: 'query'
    \-[SELECT_FROM] Node: 'SELECT_FROM'
       +-[FROM] Node: 'from'
       |  \-[RANGE] Node: 'RANGE'
       |     +-[DOT] Node: '.'
       |     |  +-[DOT] Node: '.'
       |     |  |  +-[DOT] Node: '.'
       |     |  |  |  +-[DOT] Node: '.'
       |     |  |  |  |  +-[IDENT] Node: 'com'
       |     |  |  |  |  \-[IDENT] Node: 'anu'
       |     |  |  |  \-[IDENT] Node: 'springunijpa'
       |     |  |  \-[IDENT] Node: 'entity'
       |     |  \-[IDENT] Node: 'Course'
       |     \-[ALIAS] Node: 'generatedAlias0'
       \-[SELECT] Node: 'select'
          \-[IDENT] Node: 'generatedAlias0'

[2021-07-28 09:38:07] - select << begin [level=1, statement=select]
[2021-07-28 09:38:07] - FromClause{level=1} : com.anu.springunijpa.entity.Course (generatedAlias0) -> course0_
[2021-07-28 09:38:07] - Resolved : generatedAlias0 -> course0_.course_id
[2021-07-28 09:38:07] - select : finishing up [level=1, statement=select]
[2021-07-28 09:38:07] - processQuery() :  ( SELECT ( {select clause} course0_.course_id ) ( FromClause{level=1} course course0_ ) )
[2021-07-28 09:38:07] - Tables referenced from query nodes:
 \-QueryNode
    +-SelectClause
    | referencedTables(entity Course): [course]
    |  +-IdentNode
    |  | persister: SingleTableEntityPersister(com.anu.springunijpa.entity.Course)
    |  | originalText: generatedAlias0
    |  \-SqlFragment
    \-FromClause
       \-FromElement

[2021-07-28 09:38:07] - Using FROM fragment [course course0_]
[2021-07-28 09:38:07] - select >> end [level=1, statement=select]
[2021-07-28 09:38:07] - --- SQL AST ---
 \-[SELECT] QueryNode: 'SELECT'  querySpaces (course)
    +-[SELECT_CLAUSE] SelectClause: '{select clause}'
    |  +-[ALIAS_REF] IdentNode: 'course0_.course_id as course_i1_0_' {alias=generatedAlias0, className=com.anu.springunijpa.entity.Course, tableAlias=course0_}
    |  \-[SQL_TOKEN] SqlFragment: 'course0_.course_leader as course_l2_0_, course0_.course_name as course_n3_0_'
    \-[FROM] FromClause: 'from' FromClause{level=1, fromElementCounter=1, fromElements=1, fromElementByClassAlias=[generatedAlias0], fromElementByTableAlias=[course0_], fromElementsByPath=[], collectionJoinFromElementsByPath=[], impliedElements=[]}
       \-[FROM_FRAGMENT] FromElement: 'course course0_' FromElement{explicit,not a collection join,not a fetch join,fetch non-lazy properties,classAlias=generatedAlias0,role=null,tableName=course,tableAlias=course0_,origin=null,columns={,className=com.anu.springunijpa.entity.Course}}

[2021-07-28 09:38:07] - throwQueryException() : no errors
[2021-07-28 09:38:07] - HQL: select generatedAlias0 from com.anu.springunijpa.entity.Course as generatedAlias0
[2021-07-28 09:38:07] - SQL: select course0_.course_id as course_i1_0_, course0_.course_leader as course_l2_0_, course0_.course_name as course_n3_0_ from course course0_
[2021-07-28 09:38:07] - throwQueryException() : no errors
[2021-07-28 09:38:07] - select course0_.course_id as course_i1_0_, course0_.course_leader as course_l2_0_, course0_.course_name as course_n3_0_ from course course0_
[2021-07-28 09:38:07] - Retrieved ApplicationContext [1354280589] from cache with key [[MergedContextConfiguration@4ce1d6d0 testClass = CourseServiceImplTest, locations = '{}', classes = '{class com.anu.springunijpa.SpringUniJpaApplication}', contextInitializerClasses = '[]', activeProfiles = '{}', propertySourceLocations = '{}', propertySourceProperties = '{org.springframework.boot.test.autoconfigure.orm.jpa.DataJpaTestContextBootstrapper=true}', contextCustomizers = set[[ImportsContextCustomizer@24111ef1 key = [org.springframework.boot.autoconfigure.cache.CacheAutoConfiguration, org.springframework.boot.autoconfigure.data.jpa.JpaRepositoriesAutoConfiguration, org.springframework.boot.autoconfigure.flyway.FlywayAutoConfiguration, org.springframework.boot.autoconfigure.jdbc.DataSourceAutoConfiguration, org.springframework.boot.autoconfigure.jdbc.DataSourceTransactionManagerAutoConfiguration, org.springframework.boot.autoconfigure.jdbc.JdbcTemplateAutoConfiguration, org.springframework.boot.autoconfigure.liquibase.LiquibaseAutoConfiguration, org.springframework.boot.autoconfigure.orm.jpa.HibernateJpaAutoConfiguration, org.springframework.boot.autoconfigure.sql.init.SqlInitializationAutoConfiguration, org.springframework.boot.autoconfigure.transaction.TransactionAutoConfiguration, org.springframework.boot.test.autoconfigure.jdbc.TestDatabaseAutoConfiguration, org.springframework.boot.test.autoconfigure.orm.jpa.TestEntityManagerAutoConfiguration]], org.springframework.boot.test.context.filter.ExcludeFilterContextCustomizer@1f81aa00, org.springframework.boot.test.json.DuplicateJsonObjectContextCustomizerFactory$DuplicateJsonObjectContextCustomizer@1787bc24, org.springframework.boot.test.mock.mockito.MockitoContextCustomizer@0, org.springframework.boot.test.autoconfigure.OverrideAutoConfigurationContextCustomizerFactory$DisableAutoConfigurationContextCustomizer@a307a8c, org.springframework.boot.test.autoconfigure.actuate.metrics.MetricsExportContextCustomizerFactory$DisableMetricExportContextCustomizer@421e361, org.springframework.boot.test.autoconfigure.filter.TypeExcludeFiltersContextCustomizer@351584c0, org.springframework.boot.test.autoconfigure.properties.PropertyMappingContextCustomizer@69f5108b, org.springframework.boot.test.autoconfigure.web.servlet.WebDriverContextCustomizerFactory$Customizer@2b175c00, org.springframework.boot.test.context.SpringBootTestArgs@1, org.springframework.boot.test.context.SpringBootTestWebEnvironment@0], contextLoader = 'org.springframework.boot.test.context.SpringBootContextLoader', parent = [null]]]
[2021-07-28 09:38:07] - Spring test ApplicationContext cache statistics: [DefaultContextCache@37665305 size = 1, maxSize = 32, parentContextCount = 0, hitCount = 6, missCount = 1]
[2021-07-28 09:38:07] - Retrieved ApplicationContext [1354280589] from cache with key [[MergedContextConfiguration@4ce1d6d0 testClass = CourseServiceImplTest, locations = '{}', classes = '{class com.anu.springunijpa.SpringUniJpaApplication}', contextInitializerClasses = '[]', activeProfiles = '{}', propertySourceLocations = '{}', propertySourceProperties = '{org.springframework.boot.test.autoconfigure.orm.jpa.DataJpaTestContextBootstrapper=true}', contextCustomizers = set[[ImportsContextCustomizer@24111ef1 key = [org.springframework.boot.autoconfigure.cache.CacheAutoConfiguration, org.springframework.boot.autoconfigure.data.jpa.JpaRepositoriesAutoConfiguration, org.springframework.boot.autoconfigure.flyway.FlywayAutoConfiguration, org.springframework.boot.autoconfigure.jdbc.DataSourceAutoConfiguration, org.springframework.boot.autoconfigure.jdbc.DataSourceTransactionManagerAutoConfiguration, org.springframework.boot.autoconfigure.jdbc.JdbcTemplateAutoConfiguration, org.springframework.boot.autoconfigure.liquibase.LiquibaseAutoConfiguration, org.springframework.boot.autoconfigure.orm.jpa.HibernateJpaAutoConfiguration, org.springframework.boot.autoconfigure.sql.init.SqlInitializationAutoConfiguration, org.springframework.boot.autoconfigure.transaction.TransactionAutoConfiguration, org.springframework.boot.test.autoconfigure.jdbc.TestDatabaseAutoConfiguration, org.springframework.boot.test.autoconfigure.orm.jpa.TestEntityManagerAutoConfiguration]], org.springframework.boot.test.context.filter.ExcludeFilterContextCustomizer@1f81aa00, org.springframework.boot.test.json.DuplicateJsonObjectContextCustomizerFactory$DuplicateJsonObjectContextCustomizer@1787bc24, org.springframework.boot.test.mock.mockito.MockitoContextCustomizer@0, org.springframework.boot.test.autoconfigure.OverrideAutoConfigurationContextCustomizerFactory$DisableAutoConfigurationContextCustomizer@a307a8c, org.springframework.boot.test.autoconfigure.actuate.metrics.MetricsExportContextCustomizerFactory$DisableMetricExportContextCustomizer@421e361, org.springframework.boot.test.autoconfigure.filter.TypeExcludeFiltersContextCustomizer@351584c0, org.springframework.boot.test.autoconfigure.properties.PropertyMappingContextCustomizer@69f5108b, org.springframework.boot.test.autoconfigure.web.servlet.WebDriverContextCustomizerFactory$Customizer@2b175c00, org.springframework.boot.test.context.SpringBootTestArgs@1, org.springframework.boot.test.context.SpringBootTestWebEnvironment@0], contextLoader = 'org.springframework.boot.test.context.SpringBootContextLoader', parent = [null]]]
[2021-07-28 09:38:07] - Spring test ApplicationContext cache statistics: [DefaultContextCache@37665305 size = 1, maxSize = 32, parentContextCount = 0, hitCount = 7, missCount = 1]
[2021-07-28 09:38:07] - Retrieved ApplicationContext [1354280589] from cache with key [[MergedContextConfiguration@4ce1d6d0 testClass = CourseServiceImplTest, locations = '{}', classes = '{class com.anu.springunijpa.SpringUniJpaApplication}', contextInitializerClasses = '[]', activeProfiles = '{}', propertySourceLocations = '{}', propertySourceProperties = '{org.springframework.boot.test.autoconfigure.orm.jpa.DataJpaTestContextBootstrapper=true}', contextCustomizers = set[[ImportsContextCustomizer@24111ef1 key = [org.springframework.boot.autoconfigure.cache.CacheAutoConfiguration, org.springframework.boot.autoconfigure.data.jpa.JpaRepositoriesAutoConfiguration, org.springframework.boot.autoconfigure.flyway.FlywayAutoConfiguration, org.springframework.boot.autoconfigure.jdbc.DataSourceAutoConfiguration, org.springframework.boot.autoconfigure.jdbc.DataSourceTransactionManagerAutoConfiguration, org.springframework.boot.autoconfigure.jdbc.JdbcTemplateAutoConfiguration, org.springframework.boot.autoconfigure.liquibase.LiquibaseAutoConfiguration, org.springframework.boot.autoconfigure.orm.jpa.HibernateJpaAutoConfiguration, org.springframework.boot.autoconfigure.sql.init.SqlInitializationAutoConfiguration, org.springframework.boot.autoconfigure.transaction.TransactionAutoConfiguration, org.springframework.boot.test.autoconfigure.jdbc.TestDatabaseAutoConfiguration, org.springframework.boot.test.autoconfigure.orm.jpa.TestEntityManagerAutoConfiguration]], org.springframework.boot.test.context.filter.ExcludeFilterContextCustomizer@1f81aa00, org.springframework.boot.test.json.DuplicateJsonObjectContextCustomizerFactory$DuplicateJsonObjectContextCustomizer@1787bc24, org.springframework.boot.test.mock.mockito.MockitoContextCustomizer@0, org.springframework.boot.test.autoconfigure.OverrideAutoConfigurationContextCustomizerFactory$DisableAutoConfigurationContextCustomizer@a307a8c, org.springframework.boot.test.autoconfigure.actuate.metrics.MetricsExportContextCustomizerFactory$DisableMetricExportContextCustomizer@421e361, org.springframework.boot.test.autoconfigure.filter.TypeExcludeFiltersContextCustomizer@351584c0, org.springframework.boot.test.autoconfigure.properties.PropertyMappingContextCustomizer@69f5108b, org.springframework.boot.test.autoconfigure.web.servlet.WebDriverContextCustomizerFactory$Customizer@2b175c00, org.springframework.boot.test.context.SpringBootTestArgs@1, org.springframework.boot.test.context.SpringBootTestWebEnvironment@0], contextLoader = 'org.springframework.boot.test.context.SpringBootContextLoader', parent = [null]]]
[2021-07-28 09:38:07] - Spring test ApplicationContext cache statistics: [DefaultContextCache@37665305 size = 1, maxSize = 32, parentContextCount = 0, hitCount = 8, missCount = 1]
[2021-07-28 09:38:07] - Retrieved ApplicationContext [1354280589] from cache with key [[MergedContextConfiguration@4ce1d6d0 testClass = CourseServiceImplTest, locations = '{}', classes = '{class com.anu.springunijpa.SpringUniJpaApplication}', contextInitializerClasses = '[]', activeProfiles = '{}', propertySourceLocations = '{}', propertySourceProperties = '{org.springframework.boot.test.autoconfigure.orm.jpa.DataJpaTestContextBootstrapper=true}', contextCustomizers = set[[ImportsContextCustomizer@24111ef1 key = [org.springframework.boot.autoconfigure.cache.CacheAutoConfiguration, org.springframework.boot.autoconfigure.data.jpa.JpaRepositoriesAutoConfiguration, org.springframework.boot.autoconfigure.flyway.FlywayAutoConfiguration, org.springframework.boot.autoconfigure.jdbc.DataSourceAutoConfiguration, org.springframework.boot.autoconfigure.jdbc.DataSourceTransactionManagerAutoConfiguration, org.springframework.boot.autoconfigure.jdbc.JdbcTemplateAutoConfiguration, org.springframework.boot.autoconfigure.liquibase.LiquibaseAutoConfiguration, org.springframework.boot.autoconfigure.orm.jpa.HibernateJpaAutoConfiguration, org.springframework.boot.autoconfigure.sql.init.SqlInitializationAutoConfiguration, org.springframework.boot.autoconfigure.transaction.TransactionAutoConfiguration, org.springframework.boot.test.autoconfigure.jdbc.TestDatabaseAutoConfiguration, org.springframework.boot.test.autoconfigure.orm.jpa.TestEntityManagerAutoConfiguration]], org.springframework.boot.test.context.filter.ExcludeFilterContextCustomizer@1f81aa00, org.springframework.boot.test.json.DuplicateJsonObjectContextCustomizerFactory$DuplicateJsonObjectContextCustomizer@1787bc24, org.springframework.boot.test.mock.mockito.MockitoContextCustomizer@0, org.springframework.boot.test.autoconfigure.OverrideAutoConfigurationContextCustomizerFactory$DisableAutoConfigurationContextCustomizer@a307a8c, org.springframework.boot.test.autoconfigure.actuate.metrics.MetricsExportContextCustomizerFactory$DisableMetricExportContextCustomizer@421e361, org.springframework.boot.test.autoconfigure.filter.TypeExcludeFiltersContextCustomizer@351584c0, org.springframework.boot.test.autoconfigure.properties.PropertyMappingContextCustomizer@69f5108b, org.springframework.boot.test.autoconfigure.web.servlet.WebDriverContextCustomizerFactory$Customizer@2b175c00, org.springframework.boot.test.context.SpringBootTestArgs@1, org.springframework.boot.test.context.SpringBootTestWebEnvironment@0], contextLoader = 'org.springframework.boot.test.context.SpringBootContextLoader', parent = [null]]]
[2021-07-28 09:38:07] - Spring test ApplicationContext cache statistics: [DefaultContextCache@37665305 size = 1, maxSize = 32, parentContextCount = 0, hitCount = 9, missCount = 1]
[2021-07-28 09:38:07] - Retrieved ApplicationContext [1354280589] from cache with key [[MergedContextConfiguration@4ce1d6d0 testClass = CourseServiceImplTest, locations = '{}', classes = '{class com.anu.springunijpa.SpringUniJpaApplication}', contextInitializerClasses = '[]', activeProfiles = '{}', propertySourceLocations = '{}', propertySourceProperties = '{org.springframework.boot.test.autoconfigure.orm.jpa.DataJpaTestContextBootstrapper=true}', contextCustomizers = set[[ImportsContextCustomizer@24111ef1 key = [org.springframework.boot.autoconfigure.cache.CacheAutoConfiguration, org.springframework.boot.autoconfigure.data.jpa.JpaRepositoriesAutoConfiguration, org.springframework.boot.autoconfigure.flyway.FlywayAutoConfiguration, org.springframework.boot.autoconfigure.jdbc.DataSourceAutoConfiguration, org.springframework.boot.autoconfigure.jdbc.DataSourceTransactionManagerAutoConfiguration, org.springframework.boot.autoconfigure.jdbc.JdbcTemplateAutoConfiguration, org.springframework.boot.autoconfigure.liquibase.LiquibaseAutoConfiguration, org.springframework.boot.autoconfigure.orm.jpa.HibernateJpaAutoConfiguration, org.springframework.boot.autoconfigure.sql.init.SqlInitializationAutoConfiguration, org.springframework.boot.autoconfigure.transaction.TransactionAutoConfiguration, org.springframework.boot.test.autoconfigure.jdbc.TestDatabaseAutoConfiguration, org.springframework.boot.test.autoconfigure.orm.jpa.TestEntityManagerAutoConfiguration]], org.springframework.boot.test.context.filter.ExcludeFilterContextCustomizer@1f81aa00, org.springframework.boot.test.json.DuplicateJsonObjectContextCustomizerFactory$DuplicateJsonObjectContextCustomizer@1787bc24, org.springframework.boot.test.mock.mockito.MockitoContextCustomizer@0, org.springframework.boot.test.autoconfigure.OverrideAutoConfigurationContextCustomizerFactory$DisableAutoConfigurationContextCustomizer@a307a8c, org.springframework.boot.test.autoconfigure.actuate.metrics.MetricsExportContextCustomizerFactory$DisableMetricExportContextCustomizer@421e361, org.springframework.boot.test.autoconfigure.filter.TypeExcludeFiltersContextCustomizer@351584c0, org.springframework.boot.test.autoconfigure.properties.PropertyMappingContextCustomizer@69f5108b, org.springframework.boot.test.autoconfigure.web.servlet.WebDriverContextCustomizerFactory$Customizer@2b175c00, org.springframework.boot.test.context.SpringBootTestArgs@1, org.springframework.boot.test.context.SpringBootTestWebEnvironment@0], contextLoader = 'org.springframework.boot.test.context.SpringBootContextLoader', parent = [null]]]
[2021-07-28 09:38:07] - Spring test ApplicationContext cache statistics: [DefaultContextCache@37665305 size = 1, maxSize = 32, parentContextCount = 0, hitCount = 10, missCount = 1]
[2021-07-28 09:38:07] - Retrieved ApplicationContext [1354280589] from cache with key [[MergedContextConfiguration@4ce1d6d0 testClass = CourseServiceImplTest, locations = '{}', classes = '{class com.anu.springunijpa.SpringUniJpaApplication}', contextInitializerClasses = '[]', activeProfiles = '{}', propertySourceLocations = '{}', propertySourceProperties = '{org.springframework.boot.test.autoconfigure.orm.jpa.DataJpaTestContextBootstrapper=true}', contextCustomizers = set[[ImportsContextCustomizer@24111ef1 key = [org.springframework.boot.autoconfigure.cache.CacheAutoConfiguration, org.springframework.boot.autoconfigure.data.jpa.JpaRepositoriesAutoConfiguration, org.springframework.boot.autoconfigure.flyway.FlywayAutoConfiguration, org.springframework.boot.autoconfigure.jdbc.DataSourceAutoConfiguration, org.springframework.boot.autoconfigure.jdbc.DataSourceTransactionManagerAutoConfiguration, org.springframework.boot.autoconfigure.jdbc.JdbcTemplateAutoConfiguration, org.springframework.boot.autoconfigure.liquibase.LiquibaseAutoConfiguration, org.springframework.boot.autoconfigure.orm.jpa.HibernateJpaAutoConfiguration, org.springframework.boot.autoconfigure.sql.init.SqlInitializationAutoConfiguration, org.springframework.boot.autoconfigure.transaction.TransactionAutoConfiguration, org.springframework.boot.test.autoconfigure.jdbc.TestDatabaseAutoConfiguration, org.springframework.boot.test.autoconfigure.orm.jpa.TestEntityManagerAutoConfiguration]], org.springframework.boot.test.context.filter.ExcludeFilterContextCustomizer@1f81aa00, org.springframework.boot.test.json.DuplicateJsonObjectContextCustomizerFactory$DuplicateJsonObjectContextCustomizer@1787bc24, org.springframework.boot.test.mock.mockito.MockitoContextCustomizer@0, org.springframework.boot.test.autoconfigure.OverrideAutoConfigurationContextCustomizerFactory$DisableAutoConfigurationContextCustomizer@a307a8c, org.springframework.boot.test.autoconfigure.actuate.metrics.MetricsExportContextCustomizerFactory$DisableMetricExportContextCustomizer@421e361, org.springframework.boot.test.autoconfigure.filter.TypeExcludeFiltersContextCustomizer@351584c0, org.springframework.boot.test.autoconfigure.properties.PropertyMappingContextCustomizer@69f5108b, org.springframework.boot.test.autoconfigure.web.servlet.WebDriverContextCustomizerFactory$Customizer@2b175c00, org.springframework.boot.test.context.SpringBootTestArgs@1, org.springframework.boot.test.context.SpringBootTestWebEnvironment@0], contextLoader = 'org.springframework.boot.test.context.SpringBootContextLoader', parent = [null]]]
[2021-07-28 09:38:07] - Spring test ApplicationContext cache statistics: [DefaultContextCache@37665305 size = 1, maxSize = 32, parentContextCount = 0, hitCount = 11, missCount = 1]
[2021-07-28 09:38:07] - Initiating transaction rollback
[2021-07-28 09:38:07] - Rolling back JPA transaction on EntityManager [SessionImpl(2101886654<open>)]
[2021-07-28 09:38:07] - rolling back
[2021-07-28 09:38:07] - Closing JPA EntityManager [SessionImpl(2101886654<open>)] after transaction
[2021-07-28 09:38:07] - Rolled back transaction for test: [DefaultTestContext@6c0d9d86 testClass = CourseServiceImplTest, testInstance = com.anu.springunijpa.service.impl.CourseServiceImplTest@1a6c1270, testMethod = testGetCourse@CourseServiceImplTest, testException = [null], mergedContextConfiguration = [MergedContextConfiguration@4ce1d6d0 testClass = CourseServiceImplTest, locations = '{}', classes = '{class com.anu.springunijpa.SpringUniJpaApplication}', contextInitializerClasses = '[]', activeProfiles = '{}', propertySourceLocations = '{}', propertySourceProperties = '{org.springframework.boot.test.autoconfigure.orm.jpa.DataJpaTestContextBootstrapper=true}', contextCustomizers = set[[ImportsContextCustomizer@24111ef1 key = [org.springframework.boot.autoconfigure.cache.CacheAutoConfiguration, org.springframework.boot.autoconfigure.data.jpa.JpaRepositoriesAutoConfiguration, org.springframework.boot.autoconfigure.flyway.FlywayAutoConfiguration, org.springframework.boot.autoconfigure.jdbc.DataSourceAutoConfiguration, org.springframework.boot.autoconfigure.jdbc.DataSourceTransactionManagerAutoConfiguration, org.springframework.boot.autoconfigure.jdbc.JdbcTemplateAutoConfiguration, org.springframework.boot.autoconfigure.liquibase.LiquibaseAutoConfiguration, org.springframework.boot.autoconfigure.orm.jpa.HibernateJpaAutoConfiguration, org.springframework.boot.autoconfigure.sql.init.SqlInitializationAutoConfiguration, org.springframework.boot.autoconfigure.transaction.TransactionAutoConfiguration, org.springframework.boot.test.autoconfigure.jdbc.TestDatabaseAutoConfiguration, org.springframework.boot.test.autoconfigure.orm.jpa.TestEntityManagerAutoConfiguration]], org.springframework.boot.test.context.filter.ExcludeFilterContextCustomizer@1f81aa00, org.springframework.boot.test.json.DuplicateJsonObjectContextCustomizerFactory$DuplicateJsonObjectContextCustomizer@1787bc24, org.springframework.boot.test.mock.mockito.MockitoContextCustomizer@0, org.springframework.boot.test.autoconfigure.OverrideAutoConfigurationContextCustomizerFactory$DisableAutoConfigurationContextCustomizer@a307a8c, org.springframework.boot.test.autoconfigure.actuate.metrics.MetricsExportContextCustomizerFactory$DisableMetricExportContextCustomizer@421e361, org.springframework.boot.test.autoconfigure.filter.TypeExcludeFiltersContextCustomizer@351584c0, org.springframework.boot.test.autoconfigure.properties.PropertyMappingContextCustomizer@69f5108b, org.springframework.boot.test.autoconfigure.web.servlet.WebDriverContextCustomizerFactory$Customizer@2b175c00, org.springframework.boot.test.context.SpringBootTestArgs@1, org.springframework.boot.test.context.SpringBootTestWebEnvironment@0], contextLoader = 'org.springframework.boot.test.context.SpringBootContextLoader', parent = [null]], attributes = map['org.springframework.test.context.event.ApplicationEventsTestExecutionListener.recordApplicationEvents' -> false]]
[2021-07-28 09:38:07] - After test method: context [DefaultTestContext@6c0d9d86 testClass = CourseServiceImplTest, testInstance = com.anu.springunijpa.service.impl.CourseServiceImplTest@1a6c1270, testMethod = testGetCourse@CourseServiceImplTest, testException = [null], mergedContextConfiguration = [MergedContextConfiguration@4ce1d6d0 testClass = CourseServiceImplTest, locations = '{}', classes = '{class com.anu.springunijpa.SpringUniJpaApplication}', contextInitializerClasses = '[]', activeProfiles = '{}', propertySourceLocations = '{}', propertySourceProperties = '{org.springframework.boot.test.autoconfigure.orm.jpa.DataJpaTestContextBootstrapper=true}', contextCustomizers = set[[ImportsContextCustomizer@24111ef1 key = [org.springframework.boot.autoconfigure.cache.CacheAutoConfiguration, org.springframework.boot.autoconfigure.data.jpa.JpaRepositoriesAutoConfiguration, org.springframework.boot.autoconfigure.flyway.FlywayAutoConfiguration, org.springframework.boot.autoconfigure.jdbc.DataSourceAutoConfiguration, org.springframework.boot.autoconfigure.jdbc.DataSourceTransactionManagerAutoConfiguration, org.springframework.boot.autoconfigure.jdbc.JdbcTemplateAutoConfiguration, org.springframework.boot.autoconfigure.liquibase.LiquibaseAutoConfiguration, org.springframework.boot.autoconfigure.orm.jpa.HibernateJpaAutoConfiguration, org.springframework.boot.autoconfigure.sql.init.SqlInitializationAutoConfiguration, org.springframework.boot.autoconfigure.transaction.TransactionAutoConfiguration, org.springframework.boot.test.autoconfigure.jdbc.TestDatabaseAutoConfiguration, org.springframework.boot.test.autoconfigure.orm.jpa.TestEntityManagerAutoConfiguration]], org.springframework.boot.test.context.filter.ExcludeFilterContextCustomizer@1f81aa00, org.springframework.boot.test.json.DuplicateJsonObjectContextCustomizerFactory$DuplicateJsonObjectContextCustomizer@1787bc24, org.springframework.boot.test.mock.mockito.MockitoContextCustomizer@0, org.springframework.boot.test.autoconfigure.OverrideAutoConfigurationContextCustomizerFactory$DisableAutoConfigurationContextCustomizer@a307a8c, org.springframework.boot.test.autoconfigure.actuate.metrics.MetricsExportContextCustomizerFactory$DisableMetricExportContextCustomizer@421e361, org.springframework.boot.test.autoconfigure.filter.TypeExcludeFiltersContextCustomizer@351584c0, org.springframework.boot.test.autoconfigure.properties.PropertyMappingContextCustomizer@69f5108b, org.springframework.boot.test.autoconfigure.web.servlet.WebDriverContextCustomizerFactory$Customizer@2b175c00, org.springframework.boot.test.context.SpringBootTestArgs@1, org.springframework.boot.test.context.SpringBootTestWebEnvironment@0], contextLoader = 'org.springframework.boot.test.context.SpringBootContextLoader', parent = [null]], attributes = map['org.springframework.test.context.event.ApplicationEventsTestExecutionListener.recordApplicationEvents' -> false]], class annotated with @DirtiesContext [false] with mode [null], method annotated with @DirtiesContext [false] with mode [null].
[2021-07-28 09:38:07] - Retrieved ApplicationContext [1354280589] from cache with key [[MergedContextConfiguration@4ce1d6d0 testClass = CourseServiceImplTest, locations = '{}', classes = '{class com.anu.springunijpa.SpringUniJpaApplication}', contextInitializerClasses = '[]', activeProfiles = '{}', propertySourceLocations = '{}', propertySourceProperties = '{org.springframework.boot.test.autoconfigure.orm.jpa.DataJpaTestContextBootstrapper=true}', contextCustomizers = set[[ImportsContextCustomizer@24111ef1 key = [org.springframework.boot.autoconfigure.cache.CacheAutoConfiguration, org.springframework.boot.autoconfigure.data.jpa.JpaRepositoriesAutoConfiguration, org.springframework.boot.autoconfigure.flyway.FlywayAutoConfiguration, org.springframework.boot.autoconfigure.jdbc.DataSourceAutoConfiguration, org.springframework.boot.autoconfigure.jdbc.DataSourceTransactionManagerAutoConfiguration, org.springframework.boot.autoconfigure.jdbc.JdbcTemplateAutoConfiguration, org.springframework.boot.autoconfigure.liquibase.LiquibaseAutoConfiguration, org.springframework.boot.autoconfigure.orm.jpa.HibernateJpaAutoConfiguration, org.springframework.boot.autoconfigure.sql.init.SqlInitializationAutoConfiguration, org.springframework.boot.autoconfigure.transaction.TransactionAutoConfiguration, org.springframework.boot.test.autoconfigure.jdbc.TestDatabaseAutoConfiguration, org.springframework.boot.test.autoconfigure.orm.jpa.TestEntityManagerAutoConfiguration]], org.springframework.boot.test.context.filter.ExcludeFilterContextCustomizer@1f81aa00, org.springframework.boot.test.json.DuplicateJsonObjectContextCustomizerFactory$DuplicateJsonObjectContextCustomizer@1787bc24, org.springframework.boot.test.mock.mockito.MockitoContextCustomizer@0, org.springframework.boot.test.autoconfigure.OverrideAutoConfigurationContextCustomizerFactory$DisableAutoConfigurationContextCustomizer@a307a8c, org.springframework.boot.test.autoconfigure.actuate.metrics.MetricsExportContextCustomizerFactory$DisableMetricExportContextCustomizer@421e361, org.springframework.boot.test.autoconfigure.filter.TypeExcludeFiltersContextCustomizer@351584c0, org.springframework.boot.test.autoconfigure.properties.PropertyMappingContextCustomizer@69f5108b, org.springframework.boot.test.autoconfigure.web.servlet.WebDriverContextCustomizerFactory$Customizer@2b175c00, org.springframework.boot.test.context.SpringBootTestArgs@1, org.springframework.boot.test.context.SpringBootTestWebEnvironment@0], contextLoader = 'org.springframework.boot.test.context.SpringBootContextLoader', parent = [null]]]
[2021-07-28 09:38:07] - Spring test ApplicationContext cache statistics: [DefaultContextCache@37665305 size = 1, maxSize = 32, parentContextCount = 0, hitCount = 12, missCount = 1]
[2021-07-28 09:38:07] - After test class: context [DefaultTestContext@6c0d9d86 testClass = CourseServiceImplTest, testInstance = [null], testMethod = [null], testException = [null], mergedContextConfiguration = [MergedContextConfiguration@4ce1d6d0 testClass = CourseServiceImplTest, locations = '{}', classes = '{class com.anu.springunijpa.SpringUniJpaApplication}', contextInitializerClasses = '[]', activeProfiles = '{}', propertySourceLocations = '{}', propertySourceProperties = '{org.springframework.boot.test.autoconfigure.orm.jpa.DataJpaTestContextBootstrapper=true}', contextCustomizers = set[[ImportsContextCustomizer@24111ef1 key = [org.springframework.boot.autoconfigure.cache.CacheAutoConfiguration, org.springframework.boot.autoconfigure.data.jpa.JpaRepositoriesAutoConfiguration, org.springframework.boot.autoconfigure.flyway.FlywayAutoConfiguration, org.springframework.boot.autoconfigure.jdbc.DataSourceAutoConfiguration, org.springframework.boot.autoconfigure.jdbc.DataSourceTransactionManagerAutoConfiguration, org.springframework.boot.autoconfigure.jdbc.JdbcTemplateAutoConfiguration, org.springframework.boot.autoconfigure.liquibase.LiquibaseAutoConfiguration, org.springframework.boot.autoconfigure.orm.jpa.HibernateJpaAutoConfiguration, org.springframework.boot.autoconfigure.sql.init.SqlInitializationAutoConfiguration, org.springframework.boot.autoconfigure.transaction.TransactionAutoConfiguration, org.springframework.boot.test.autoconfigure.jdbc.TestDatabaseAutoConfiguration, org.springframework.boot.test.autoconfigure.orm.jpa.TestEntityManagerAutoConfiguration]], org.springframework.boot.test.context.filter.ExcludeFilterContextCustomizer@1f81aa00, org.springframework.boot.test.json.DuplicateJsonObjectContextCustomizerFactory$DuplicateJsonObjectContextCustomizer@1787bc24, org.springframework.boot.test.mock.mockito.MockitoContextCustomizer@0, org.springframework.boot.test.autoconfigure.OverrideAutoConfigurationContextCustomizerFactory$DisableAutoConfigurationContextCustomizer@a307a8c, org.springframework.boot.test.autoconfigure.actuate.metrics.MetricsExportContextCustomizerFactory$DisableMetricExportContextCustomizer@421e361, org.springframework.boot.test.autoconfigure.filter.TypeExcludeFiltersContextCustomizer@351584c0, org.springframework.boot.test.autoconfigure.properties.PropertyMappingContextCustomizer@69f5108b, org.springframework.boot.test.autoconfigure.web.servlet.WebDriverContextCustomizerFactory$Customizer@2b175c00, org.springframework.boot.test.context.SpringBootTestArgs@1, org.springframework.boot.test.context.SpringBootTestWebEnvironment@0], contextLoader = 'org.springframework.boot.test.context.SpringBootContextLoader', parent = [null]], attributes = map['org.springframework.test.context.event.ApplicationEventsTestExecutionListener.recordApplicationEvents' -> false]], class annotated with @DirtiesContext [false] with mode [null].
[2021-07-28 09:38:07] - Closing org.springframework.context.annotation.AnnotationConfigApplicationContext@50b8ae8d, started on Wed Jul 28 09:38:04 IST 2021
[2021-07-28 09:38:07] - Closing JPA EntityManagerFactory for persistence unit 'default'
[2021-07-28 09:38:07] - HHH000031: Closing
[2021-07-28 09:38:07] - Un-scoping TypeConfiguration [org.hibernate.type.spi.TypeConfiguration$Scope@42882ffb] from SessionFactory [org.hibernate.internal.SessionFactoryImpl@46702c26]
[2021-07-28 09:38:07] - Implicitly destroying ServiceRegistry on de-registration of all child ServiceRegistries
[2021-07-28 09:38:07] - Implicitly destroying Boot-strap registry on de-registration of all child ServiceRegistries
[2021-07-28 09:38:07] - HikariPool-1 - Shutdown initiated...
[2021-07-28 09:38:07] - HikariPool-1 - Before shutdown stats (total=10, active=0, idle=10, waiting=0)
[2021-07-28 09:38:07] - HikariPool-1 - Closing connection com.mysql.cj.jdbc.ConnectionImpl@10d18696: (connection evicted)
[2021-07-28 09:38:07] - HikariPool-1 - Closing connection com.mysql.cj.jdbc.ConnectionImpl@b9744a: (connection evicted)
[2021-07-28 09:38:07] - HikariPool-1 - Closing connection com.mysql.cj.jdbc.ConnectionImpl@21ab813e: (connection evicted)
[2021-07-28 09:38:07] - HikariPool-1 - Closing connection com.mysql.cj.jdbc.ConnectionImpl@6bf199bc: (connection evicted)
[2021-07-28 09:38:07] - HikariPool-1 - Closing connection com.mysql.cj.jdbc.ConnectionImpl@25e55c3c: (connection evicted)
[2021-07-28 09:38:07] - HikariPool-1 - Closing connection com.mysql.cj.jdbc.ConnectionImpl@6fc3593: (connection evicted)
[2021-07-28 09:38:07] - HikariPool-1 - Closing connection com.mysql.cj.jdbc.ConnectionImpl@38cb7f22: (connection evicted)
[2021-07-28 09:38:07] - HikariPool-1 - Closing connection com.mysql.cj.jdbc.ConnectionImpl@407ea3d9: (connection evicted)
[2021-07-28 09:38:07] - HikariPool-1 - Closing connection com.mysql.cj.jdbc.ConnectionImpl@29fd3829: (connection evicted)
[2021-07-28 09:38:07] - HikariPool-1 - Closing connection com.mysql.cj.jdbc.ConnectionImpl@51e6876b: (connection evicted)
[2021-07-28 09:38:07] - HikariPool-1 - After shutdown stats (total=0, active=0, idle=0, waiting=0)
[2021-07-28 09:38:07] - HikariPool-1 - Shutdown completed.
