[2021-07-28 17:19:41] - HikariPool-1 - Pool stats (total=10, active=0, idle=10, waiting=0)
[2021-07-28 17:19:41] - HikariPool-1 - Fill pool skipped, pool is at sufficient level.
[2021-07-28 17:20:11] - HikariPool-1 - Pool stats (total=10, active=0, idle=10, waiting=0)
[2021-07-28 17:20:11] - HikariPool-1 - Fill pool skipped, pool is at sufficient level.
[2021-07-28 17:20:41] - HikariPool-1 - Pool stats (total=10, active=0, idle=10, waiting=0)
[2021-07-28 17:20:41] - HikariPool-1 - Fill pool skipped, pool is at sufficient level.
[2021-07-28 17:21:11] - HikariPool-1 - Pool stats (total=10, active=0, idle=10, waiting=0)
[2021-07-28 17:21:11] - HikariPool-1 - Fill pool skipped, pool is at sufficient level.
[2021-07-28 17:21:41] - HikariPool-1 - Pool stats (total=10, active=0, idle=10, waiting=0)
[2021-07-28 17:21:41] - HikariPool-1 - Fill pool skipped, pool is at sufficient level.
[2021-07-28 17:22:11] - HikariPool-1 - Pool stats (total=10, active=0, idle=10, waiting=0)
[2021-07-28 17:22:11] - HikariPool-1 - Fill pool skipped, pool is at sufficient level.
[2021-07-28 17:22:41] - HikariPool-1 - Pool stats (total=10, active=0, idle=10, waiting=0)
[2021-07-28 17:22:41] - HikariPool-1 - Fill pool skipped, pool is at sufficient level.
[2021-07-28 17:23:11] - HikariPool-1 - Pool stats (total=10, active=0, idle=10, waiting=0)
[2021-07-28 17:23:11] - HikariPool-1 - Fill pool skipped, pool is at sufficient level.
[2021-07-28 17:23:41] - HikariPool-1 - Pool stats (total=10, active=0, idle=10, waiting=0)
[2021-07-28 17:23:41] - HikariPool-1 - Fill pool skipped, pool is at sufficient level.
[2021-07-28 17:23:42] - Executing request. operation name: 'null'. query: 'mutation createUser($userInput:UserInput){
    createUser(userInput:userInput)
}'. variables '{userInput={userId=13, userName=Rahul, dOB=2001-11-11, userTel=0718989890}}'
[2021-07-28 17:23:42] - Parsing query: 'mutation createUser($userInput:UserInput){
    createUser(userInput:userInput)
}'...
[2021-07-28 17:23:42] - Validating query: 'mutation createUser($userInput:UserInput){
    createUser(userInput:userInput)
}'
[2021-07-28 17:23:42] - Query failed to validate : 'mutation createUser($userInput:UserInput){
    createUser(userInput:userInput)
}'
[2021-07-28 17:24:11] - HikariPool-1 - Pool stats (total=10, active=0, idle=10, waiting=0)
[2021-07-28 17:24:11] - HikariPool-1 - Fill pool skipped, pool is at sufficient level.
[2021-07-28 17:24:32] - Application availability state ReadinessState changed from ACCEPTING_TRAFFIC to REFUSING_TRAFFIC
[2021-07-28 17:24:32] - Closing org.springframework.boot.web.servlet.context.AnnotationConfigServletWebServerApplicationContext@66fdec9, started on Wed Jul 28 17:19:04 IST 2021
[2021-07-28 17:24:32] - Found key 'spring.liveBeansView.mbeanDomain' in PropertySource 'systemProperties' with value of type String
[2021-07-28 17:24:32] - Stopping beans in phase 2147483647
[2021-07-28 17:24:32] - Bean 'webServerGracefulShutdown' completed its stop procedure
[2021-07-28 17:24:32] - Stopping beans in phase 2147483646
[2021-07-28 17:24:32] - Bean 'webServerStartStop' completed its stop procedure
[2021-07-28 17:24:32] - Stopping beans in phase 0
[2021-07-28 17:24:32] - Successfully stopped bean 'serverEndpointRegistration'
[2021-07-28 17:24:32] - Unregistering JMX-exposed beans on shutdown
[2021-07-28 17:24:32] - Unregistering JMX-exposed beans
[2021-07-28 17:24:32] - Shutting down ExecutorService 'applicationTaskExecutor'
[2021-07-28 17:24:32] - Closing JPA EntityManagerFactory for persistence unit 'default'
[2021-07-28 17:24:32] - HHH000031: Closing
[2021-07-28 17:24:32] - Un-scoping TypeConfiguration [org.hibernate.type.spi.TypeConfiguration$Scope@46414997] from SessionFactory [org.hibernate.internal.SessionFactoryImpl@7f2ca6f8]
[2021-07-28 17:24:32] - Implicitly destroying ServiceRegistry on de-registration of all child ServiceRegistries
[2021-07-28 17:24:32] - Implicitly destroying Boot-strap registry on de-registration of all child ServiceRegistries
[2021-07-28 17:24:32] - HikariPool-1 - Shutdown initiated...
[2021-07-28 17:24:32] - HikariPool-1 - Before shutdown stats (total=10, active=0, idle=10, waiting=0)
[2021-07-28 17:24:32] - HikariPool-1 - Closing connection com.mysql.cj.jdbc.ConnectionImpl@5a3cf878: (connection evicted)
[2021-07-28 17:24:32] - HikariPool-1 - Closing connection com.mysql.cj.jdbc.ConnectionImpl@58a806f: (connection evicted)
[2021-07-28 17:24:32] - HikariPool-1 - Closing connection com.mysql.cj.jdbc.ConnectionImpl@2498751b: (connection evicted)
[2021-07-28 17:24:32] - HikariPool-1 - Closing connection com.mysql.cj.jdbc.ConnectionImpl@36fa2d4f: (connection evicted)
[2021-07-28 17:24:32] - HikariPool-1 - Closing connection com.mysql.cj.jdbc.ConnectionImpl@20d6ad3a: (connection evicted)
[2021-07-28 17:24:32] - HikariPool-1 - Closing connection com.mysql.cj.jdbc.ConnectionImpl@278ac71d: (connection evicted)
[2021-07-28 17:24:32] - HikariPool-1 - Closing connection com.mysql.cj.jdbc.ConnectionImpl@25ea79df: (connection evicted)
[2021-07-28 17:24:32] - HikariPool-1 - Closing connection com.mysql.cj.jdbc.ConnectionImpl@3839793a: (connection evicted)
[2021-07-28 17:24:32] - HikariPool-1 - Closing connection com.mysql.cj.jdbc.ConnectionImpl@5bdf08bc: (connection evicted)
[2021-07-28 17:24:32] - HikariPool-1 - Closing connection com.mysql.cj.jdbc.ConnectionImpl@3644b978: (connection evicted)
[2021-07-28 17:24:32] - HikariPool-1 - After shutdown stats (total=0, active=0, idle=0, waiting=0)
[2021-07-28 17:24:32] - HikariPool-1 - Shutdown completed.
[2021-07-28 17:24:46] - Starting SpringUniJpaApplication using Java 16.0.1 on anuththara-VivoBook-ASUSLaptop-X509JB-X509JB with PID 12295 (/home/anuththara/Documents/hSenid/Practice/springboot/spring-uni-jpa/UserJPA-Springboot/target/classes started by anuththara in /home/anuththara/Documents/hSenid/Practice/springboot/spring-uni-jpa/UserJPA-Springboot)
[2021-07-28 17:24:46] - Running with Spring Boot v2.5.2, Spring v5.3.8
[2021-07-28 17:24:46] - No active profile set, falling back to default profiles: default
[2021-07-28 17:24:46] - Loading source class com.anu.springunijpa.SpringUniJpaApplication
[2021-07-28 17:24:46] - Refreshing org.springframework.boot.web.servlet.context.AnnotationConfigServletWebServerApplicationContext@66fdec9
[2021-07-28 17:24:46] - Creating shared instance of singleton bean 'org.springframework.context.annotation.internalConfigurationAnnotationProcessor'
[2021-07-28 17:24:46] - Creating shared instance of singleton bean 'org.springframework.boot.autoconfigure.internalCachingMetadataReaderFactory'
[2021-07-28 17:24:46] - Identified candidate component class: file [/home/anuththara/Documents/hSenid/Practice/springboot/spring-uni-jpa/UserJPA-Springboot/target/classes/com/anu/springunijpa/controller/CourseController.class]
[2021-07-28 17:24:46] - Identified candidate component class: file [/home/anuththara/Documents/hSenid/Practice/springboot/spring-uni-jpa/UserJPA-Springboot/target/classes/com/anu/springunijpa/controller/UserController.class]
[2021-07-28 17:24:46] - Identified candidate component class: file [/home/anuththara/Documents/hSenid/Practice/springboot/spring-uni-jpa/UserJPA-Springboot/target/classes/com/anu/springunijpa/exception/GlobalExceptionHandler.class]
[2021-07-28 17:24:46] - Identified candidate component class: file [/home/anuththara/Documents/hSenid/Practice/springboot/spring-uni-jpa/UserJPA-Springboot/target/classes/com/anu/springunijpa/resolver/CourseResolver.class]
[2021-07-28 17:24:46] - Identified candidate component class: file [/home/anuththara/Documents/hSenid/Practice/springboot/spring-uni-jpa/UserJPA-Springboot/target/classes/com/anu/springunijpa/resolver/GraphQLLocalDate.class]
[2021-07-28 17:24:46] - Identified candidate component class: file [/home/anuththara/Documents/hSenid/Practice/springboot/spring-uni-jpa/UserJPA-Springboot/target/classes/com/anu/springunijpa/resolver/UserResolver.class]
[2021-07-28 17:24:46] - Identified candidate component class: file [/home/anuththara/Documents/hSenid/Practice/springboot/spring-uni-jpa/UserJPA-Springboot/target/classes/com/anu/springunijpa/service/impl/CourseServiceImpl.class]
[2021-07-28 17:24:46] - Identified candidate component class: file [/home/anuththara/Documents/hSenid/Practice/springboot/spring-uni-jpa/UserJPA-Springboot/target/classes/com/anu/springunijpa/service/impl/UserServiceImpl.class]
[2021-07-28 17:24:47] - Bootstrapping Spring Data JPA repositories in DEFAULT mode.
[2021-07-28 17:24:47] - Creating shared instance of singleton bean 'org.springframework.boot.autoconfigure.AutoConfigurationPackages'
[2021-07-28 17:24:47] - @EnableAutoConfiguration was declared on a class in the package 'com.anu.springunijpa'. Automatic @Repository and @Entity scanning is enabled.
[2021-07-28 17:24:47] - Scanning for JPA repositories in packages com.anu.springunijpa.
[2021-07-28 17:24:47] - Identified candidate component class: file [/home/anuththara/Documents/hSenid/Practice/springboot/spring-uni-jpa/UserJPA-Springboot/target/classes/com/anu/springunijpa/repository/CourseRepository.class]
[2021-07-28 17:24:47] - Identified candidate component class: file [/home/anuththara/Documents/hSenid/Practice/springboot/spring-uni-jpa/UserJPA-Springboot/target/classes/com/anu/springunijpa/repository/UserRepository.class]
[2021-07-28 17:24:47] - Identified candidate component class: file [/home/anuththara/Documents/hSenid/Practice/springboot/spring-uni-jpa/UserJPA-Springboot/target/classes/com/anu/springunijpa/service/impl/CourseServiceImpl.class]
[2021-07-28 17:24:47] - Identified candidate component class: file [/home/anuththara/Documents/hSenid/Practice/springboot/spring-uni-jpa/UserJPA-Springboot/target/classes/com/anu/springunijpa/service/impl/UserServiceImpl.class]
[2021-07-28 17:24:47] - Finished Spring Data repository scanning in 93 ms. Found 2 JPA repository interfaces.
[2021-07-28 17:24:48] - Creating shared instance of singleton bean 'propertySourcesPlaceholderConfigurer'
[2021-07-28 17:24:48] - Creating shared instance of singleton bean 'emBeanDefinitionRegistrarPostProcessor'
[2021-07-28 17:24:48] - Creating shared instance of singleton bean 'org.springframework.boot.sql.init.dependency.DatabaseInitializationDependencyConfigurer$DependsOnDatabaseInitializationPostProcessor'
[2021-07-28 17:24:48] - Creating shared instance of singleton bean 'org.springframework.context.event.internalEventListenerProcessor'
[2021-07-28 17:24:48] - Creating shared instance of singleton bean 'preserveErrorControllerTargetClassPostProcessor'
[2021-07-28 17:24:48] - Creating shared instance of singleton bean 'org.springframework.context.event.internalEventListenerFactory'
[2021-07-28 17:24:48] - Creating shared instance of singleton bean 'org.springframework.transaction.config.internalTransactionalEventListenerFactory'
