[2021-07-28 11:18:00] - Executing request. operation name: 'null'. query: 'mutation {
    createUser(userName:"Poli",dOB:"2001-12-30",userTel:"0779898567")
}'. variables '{}'
[2021-07-28 11:18:00] - Parsing query: 'mutation {
    createUser(userName:"Poli",dOB:"2001-12-30",userTel:"0779898567")
}'...
[2021-07-28 11:18:00] - Validating query: 'mutation {
    createUser(userName:"Poli",dOB:"2001-12-30",userTel:"0779898567")
}'
[2021-07-28 11:18:00] - Query failed to validate : 'mutation {
    createUser(userName:"Poli",dOB:"2001-12-30",userTel:"0779898567")
}'
[2021-07-28 11:18:20] - HikariPool-1 - Pool stats (total=10, active=0, idle=10, waiting=0)
[2021-07-28 11:18:20] - HikariPool-1 - Fill pool skipped, pool is at sufficient level.
[2021-07-28 11:18:34] - Executing request. operation name: 'null'. query: 'query {
    allUsers{
        userId
        userName
        dOB
        userTel
    }
}'. variables '{}'
[2021-07-28 11:18:34] - Parsing query: 'query {
    allUsers{
        userId
        userName
        dOB
        userTel
    }
}'...
[2021-07-28 11:18:34] - Validating query: 'query {
    allUsers{
        userId
        userName
        dOB
        userTel
    }
}'
[2021-07-28 11:18:34] - Executing 'e88bb93e-9b35-4b50-90e2-cb2f34717d82'. operation name: 'null'. query: 'query {
    allUsers{
        userId
        userName
        dOB
        userTel
    }
}'. variables '{}'
[2021-07-28 11:18:34] - Executing 'e88bb93e-9b35-4b50-90e2-cb2f34717d82' query operation: 'QUERY' using 'graphql.execution.AsyncExecutionStrategy' execution strategy
[2021-07-28 11:18:34] - 'e88bb93e-9b35-4b50-90e2-cb2f34717d82' fetching field '/allUsers' using data fetcher 'com.coxautodev.graphql.tools.MethodFieldResolverDataFetcher'...
[2021-07-28 11:18:34] - Creating new transaction with name [org.springframework.data.jpa.repository.support.SimpleJpaRepository.findAll]: PROPAGATION_REQUIRED,ISOLATION_DEFAULT,readOnly
[2021-07-28 11:18:34] - Opened new EntityManager [SessionImpl(331530124<open>)] for JPA transaction
[2021-07-28 11:18:34] - Setting JDBC Connection [HikariProxyConnection@896395105 wrapping com.mysql.cj.jdbc.ConnectionImpl@45eab322] read-only
[2021-07-28 11:18:34] - On TransactionImpl creation, JpaCompliance#isJpaTransactionComplianceEnabled == false
[2021-07-28 11:18:34] - begin
[2021-07-28 11:18:34] - Exposing JPA transaction as JDBC [org.springframework.orm.jpa.vendor.HibernateJpaDialect$HibernateConnectionHandle@62c78f16]
[2021-07-28 11:18:34] - Rendered criteria query -> select generatedAlias0 from User as generatedAlias0
[2021-07-28 11:18:34] - QueryTranslatorFactory: org.hibernate.hql.internal.ast.ASTQueryTranslatorFactory@21dde631
[2021-07-28 11:18:34] - parse() - HQL: select generatedAlias0 from com.anu.springunijpa.entity.User as generatedAlias0
[2021-07-28 11:18:34] - throwQueryException() : no errors
[2021-07-28 11:18:34] - --- HQL AST ---
 \-[QUERY] Node: 'query'
    \-[SELECT_FROM] Node: 'SELECT_FROM'
       +-[FROM] Node: 'from'
       |  \-[RANGE] Node: 'RANGE'
       |     +-[DOT] Node: '.'
       |     |  +-[DOT] Node: '.'
       |     |  |  +-[DOT] Node: '.'
       |     |  |  |  +-[DOT] Node: '.'
       |     |  |  |  |  +-[IDENT] Node: 'com'
       |     |  |  |  |  \-[IDENT] Node: 'anu'
       |     |  |  |  \-[IDENT] Node: 'springunijpa'
       |     |  |  \-[IDENT] Node: 'entity'
       |     |  \-[IDENT] Node: 'User'
       |     \-[ALIAS] Node: 'generatedAlias0'
       \-[SELECT] Node: 'select'
          \-[IDENT] Node: 'generatedAlias0'

[2021-07-28 11:18:34] - select << begin [level=1, statement=select]
[2021-07-28 11:18:34] - FromClause{level=1} : com.anu.springunijpa.entity.User (generatedAlias0) -> user0_
[2021-07-28 11:18:34] - Resolved : generatedAlias0 -> user0_.user_id
[2021-07-28 11:18:34] - select : finishing up [level=1, statement=select]
[2021-07-28 11:18:34] - processQuery() :  ( SELECT ( {select clause} user0_.user_id ) ( FromClause{level=1} user user0_ ) )
[2021-07-28 11:18:34] - Tables referenced from query nodes:
 \-QueryNode
    +-SelectClause
    | referencedTables(entity User): [user]
    |  +-IdentNode
    |  | persister: SingleTableEntityPersister(com.anu.springunijpa.entity.User)
    |  | originalText: generatedAlias0
    |  \-SqlFragment
    \-FromClause
       \-FromElement

[2021-07-28 11:18:34] - Using FROM fragment [user user0_]
[2021-07-28 11:18:34] - select >> end [level=1, statement=select]
[2021-07-28 11:18:34] - --- SQL AST ---
 \-[SELECT] QueryNode: 'SELECT'  querySpaces (user)
    +-[SELECT_CLAUSE] SelectClause: '{select clause}'
    |  +-[ALIAS_REF] IdentNode: 'user0_.user_id as user_id1_1_' {alias=generatedAlias0, className=com.anu.springunijpa.entity.User, tableAlias=user0_}
    |  \-[SQL_TOKEN] SqlFragment: 'user0_.date_of_birth as date_of_2_1_, user0_.user_name as user_nam3_1_, user0_.user_tel as user_tel4_1_'
    \-[FROM] FromClause: 'from' FromClause{level=1, fromElementCounter=1, fromElements=1, fromElementByClassAlias=[generatedAlias0], fromElementByTableAlias=[user0_], fromElementsByPath=[], collectionJoinFromElementsByPath=[], impliedElements=[]}
       \-[FROM_FRAGMENT] FromElement: 'user user0_' FromElement{explicit,not a collection join,not a fetch join,fetch non-lazy properties,classAlias=generatedAlias0,role=null,tableName=user,tableAlias=user0_,origin=null,columns={,className=com.anu.springunijpa.entity.User}}

[2021-07-28 11:18:34] - throwQueryException() : no errors
[2021-07-28 11:18:34] - HQL: select generatedAlias0 from com.anu.springunijpa.entity.User as generatedAlias0
[2021-07-28 11:18:34] - SQL: select user0_.user_id as user_id1_1_, user0_.date_of_birth as date_of_2_1_, user0_.user_name as user_nam3_1_, user0_.user_tel as user_tel4_1_ from user user0_
[2021-07-28 11:18:34] - throwQueryException() : no errors
[2021-07-28 11:18:34] - select user0_.user_id as user_id1_1_, user0_.date_of_birth as date_of_2_1_, user0_.user_name as user_nam3_1_, user0_.user_tel as user_tel4_1_ from user user0_
[2021-07-28 11:18:34] - Result set row: 0
[2021-07-28 11:18:34] - Result row: EntityKey[com.anu.springunijpa.entity.User#1]
[2021-07-28 11:18:34] - Result set row: 1
[2021-07-28 11:18:34] - Result row: EntityKey[com.anu.springunijpa.entity.User#2]
[2021-07-28 11:18:34] - Result set row: 2
[2021-07-28 11:18:34] - Result row: EntityKey[com.anu.springunijpa.entity.User#3]
[2021-07-28 11:18:34] - Result set row: 3
[2021-07-28 11:18:34] - Result row: EntityKey[com.anu.springunijpa.entity.User#4]
[2021-07-28 11:18:34] - Result set row: 4
[2021-07-28 11:18:34] - Result row: EntityKey[com.anu.springunijpa.entity.User#5]
[2021-07-28 11:18:34] - Result set row: 5
[2021-07-28 11:18:34] - Result row: EntityKey[com.anu.springunijpa.entity.User#6]
[2021-07-28 11:18:34] - Result set row: 6
[2021-07-28 11:18:34] - Result row: EntityKey[com.anu.springunijpa.entity.User#7]
[2021-07-28 11:18:34] - Result set row: 7
[2021-07-28 11:18:34] - Result row: EntityKey[com.anu.springunijpa.entity.User#8]
[2021-07-28 11:18:34] - Result set row: 8
[2021-07-28 11:18:34] - Result row: EntityKey[com.anu.springunijpa.entity.User#9]
[2021-07-28 11:18:34] - Resolving attributes for [com.anu.springunijpa.entity.User#1]
[2021-07-28 11:18:34] - Processing attribute `dOB` : value = 1999-05-02
[2021-07-28 11:18:34] - Attribute (`dOB`)  - enhanced for lazy-loading? - false
[2021-07-28 11:18:34] - Processing attribute `userCourseSet` : value = NOT NULL COLLECTION
[2021-07-28 11:18:34] - Attribute (`userCourseSet`)  - enhanced for lazy-loading? - false
[2021-07-28 11:18:34] - Processing attribute `userName` : value = John
[2021-07-28 11:18:34] - Attribute (`userName`)  - enhanced for lazy-loading? - false
[2021-07-28 11:18:34] - Processing attribute `userTel` : value = 709709234
[2021-07-28 11:18:34] - Attribute (`userTel`)  - enhanced for lazy-loading? - false
[2021-07-28 11:18:34] - Done materializing entity [com.anu.springunijpa.entity.User#1]
[2021-07-28 11:18:34] - Resolving attributes for [com.anu.springunijpa.entity.User#2]
[2021-07-28 11:18:34] - Processing attribute `dOB` : value = 2002-03-10
[2021-07-28 11:18:34] - Attribute (`dOB`)  - enhanced for lazy-loading? - false
[2021-07-28 11:18:34] - Processing attribute `userCourseSet` : value = NOT NULL COLLECTION
[2021-07-28 11:18:34] - Attribute (`userCourseSet`)  - enhanced for lazy-loading? - false
[2021-07-28 11:18:34] - Processing attribute `userName` : value = Liza
[2021-07-28 11:18:34] - Attribute (`userName`)  - enhanced for lazy-loading? - false
[2021-07-28 11:18:34] - Processing attribute `userTel` : value = 726098756
[2021-07-28 11:18:34] - Attribute (`userTel`)  - enhanced for lazy-loading? - false
[2021-07-28 11:18:34] - Done materializing entity [com.anu.springunijpa.entity.User#2]
[2021-07-28 11:18:34] - Resolving attributes for [com.anu.springunijpa.entity.User#3]
[2021-07-28 11:18:34] - Processing attribute `dOB` : value = 2001-12-10
[2021-07-28 11:18:34] - Attribute (`dOB`)  - enhanced for lazy-loading? - false
[2021-07-28 11:18:34] - Processing attribute `userCourseSet` : value = NOT NULL COLLECTION
[2021-07-28 11:18:34] - Attribute (`userCourseSet`)  - enhanced for lazy-loading? - false
[2021-07-28 11:18:34] - Processing attribute `userName` : value = Kate
[2021-07-28 11:18:34] - Attribute (`userName`)  - enhanced for lazy-loading? - false
[2021-07-28 11:18:34] - Processing attribute `userTel` : value = 767097796
[2021-07-28 11:18:34] - Attribute (`userTel`)  - enhanced for lazy-loading? - false
[2021-07-28 11:18:34] - Done materializing entity [com.anu.springunijpa.entity.User#3]
[2021-07-28 11:18:34] - Resolving attributes for [com.anu.springunijpa.entity.User#4]
[2021-07-28 11:18:34] - Processing attribute `dOB` : value = 2000-11-23
[2021-07-28 11:18:34] - Attribute (`dOB`)  - enhanced for lazy-loading? - false
[2021-07-28 11:18:34] - Processing attribute `userCourseSet` : value = NOT NULL COLLECTION
[2021-07-28 11:18:34] - Attribute (`userCourseSet`)  - enhanced for lazy-loading? - false
[2021-07-28 11:18:34] - Processing attribute `userName` : value = Roy
[2021-07-28 11:18:34] - Attribute (`userName`)  - enhanced for lazy-loading? - false
[2021-07-28 11:18:34] - Processing attribute `userTel` : value = 707096111
[2021-07-28 11:18:34] - Attribute (`userTel`)  - enhanced for lazy-loading? - false
[2021-07-28 11:18:34] - Done materializing entity [com.anu.springunijpa.entity.User#4]
[2021-07-28 11:18:34] - Resolving attributes for [com.anu.springunijpa.entity.User#5]
[2021-07-28 11:18:34] - Processing attribute `dOB` : value = 1999-08-22
[2021-07-28 11:18:34] - Attribute (`dOB`)  - enhanced for lazy-loading? - false
[2021-07-28 11:18:34] - Processing attribute `userCourseSet` : value = NOT NULL COLLECTION
[2021-07-28 11:18:34] - Attribute (`userCourseSet`)  - enhanced for lazy-loading? - false
[2021-07-28 11:18:34] - Processing attribute `userName` : value = Jane
[2021-07-28 11:18:34] - Attribute (`userName`)  - enhanced for lazy-loading? - false
[2021-07-28 11:18:34] - Processing attribute `userTel` : value = 704749234
[2021-07-28 11:18:34] - Attribute (`userTel`)  - enhanced for lazy-loading? - false
[2021-07-28 11:18:34] - Done materializing entity [com.anu.springunijpa.entity.User#5]
[2021-07-28 11:18:34] - Resolving attributes for [com.anu.springunijpa.entity.User#6]
[2021-07-28 11:18:34] - Processing attribute `dOB` : value = 2002-02-10
[2021-07-28 11:18:34] - Attribute (`dOB`)  - enhanced for lazy-loading? - false
[2021-07-28 11:18:34] - Processing attribute `userCourseSet` : value = NOT NULL COLLECTION
[2021-07-28 11:18:34] - Attribute (`userCourseSet`)  - enhanced for lazy-loading? - false
[2021-07-28 11:18:34] - Processing attribute `userName` : value = Sara
[2021-07-28 11:18:34] - Attribute (`userName`)  - enhanced for lazy-loading? - false
[2021-07-28 11:18:34] - Processing attribute `userTel` : value = 726098756
[2021-07-28 11:18:34] - Attribute (`userTel`)  - enhanced for lazy-loading? - false
[2021-07-28 11:18:34] - Done materializing entity [com.anu.springunijpa.entity.User#6]
[2021-07-28 11:18:34] - Resolving attributes for [com.anu.springunijpa.entity.User#7]
[2021-07-28 11:18:34] - Processing attribute `dOB` : value = 2000-12-15
[2021-07-28 11:18:34] - Attribute (`dOB`)  - enhanced for lazy-loading? - false
[2021-07-28 11:18:34] - Processing attribute `userCourseSet` : value = NOT NULL COLLECTION
[2021-07-28 11:18:34] - Attribute (`userCourseSet`)  - enhanced for lazy-loading? - false
[2021-07-28 11:18:34] - Processing attribute `userName` : value = Tom
[2021-07-28 11:18:34] - Attribute (`userName`)  - enhanced for lazy-loading? - false
[2021-07-28 11:18:34] - Processing attribute `userTel` : value = 0717879325
[2021-07-28 11:18:34] - Attribute (`userTel`)  - enhanced for lazy-loading? - false
[2021-07-28 11:18:34] - Done materializing entity [com.anu.springunijpa.entity.User#7]
[2021-07-28 11:18:34] - Resolving attributes for [com.anu.springunijpa.entity.User#8]
[2021-07-28 11:18:34] - Processing attribute `dOB` : value = 2001-01-26
[2021-07-28 11:18:34] - Attribute (`dOB`)  - enhanced for lazy-loading? - false
[2021-07-28 11:18:34] - Processing attribute `userCourseSet` : value = NOT NULL COLLECTION
[2021-07-28 11:18:34] - Attribute (`userCourseSet`)  - enhanced for lazy-loading? - false
[2021-07-28 11:18:34] - Processing attribute `userName` : value = Loid
[2021-07-28 11:18:34] - Attribute (`userName`)  - enhanced for lazy-loading? - false
[2021-07-28 11:18:34] - Processing attribute `userTel` : value = 777893143
[2021-07-28 11:18:34] - Attribute (`userTel`)  - enhanced for lazy-loading? - false
[2021-07-28 11:18:34] - Done materializing entity [com.anu.springunijpa.entity.User#8]
[2021-07-28 11:18:34] - Resolving attributes for [com.anu.springunijpa.entity.User#9]
[2021-07-28 11:18:34] - Processing attribute `dOB` : value = 1999-05-23
[2021-07-28 11:18:34] - Attribute (`dOB`)  - enhanced for lazy-loading? - false
[2021-07-28 11:18:34] - Processing attribute `userCourseSet` : value = NOT NULL COLLECTION
[2021-07-28 11:18:34] - Attribute (`userCourseSet`)  - enhanced for lazy-loading? - false
