[2021-07-27 17:12:40] - Application availability state ReadinessState changed from ACCEPTING_TRAFFIC to REFUSING_TRAFFIC
[2021-07-27 17:12:40] - Closing org.springframework.boot.web.servlet.context.AnnotationConfigServletWebServerApplicationContext@363042d7, started on Tue Jul 27 16:41:00 IST 2021
[2021-07-27 17:12:40] - Found key 'spring.liveBeansView.mbeanDomain' in PropertySource 'systemProperties' with value of type String
[2021-07-27 17:12:40] - Stopping beans in phase 2147483647
[2021-07-27 17:12:40] - Bean 'webServerGracefulShutdown' completed its stop procedure
[2021-07-27 17:12:40] - Stopping beans in phase 2147483646
[2021-07-27 17:12:40] - Bean 'webServerStartStop' completed its stop procedure
[2021-07-27 17:12:40] - Stopping beans in phase 0
[2021-07-27 17:12:40] - Successfully stopped bean 'serverEndpointRegistration'
[2021-07-27 17:12:40] - Unregistering JMX-exposed beans on shutdown
[2021-07-27 17:12:40] - Unregistering JMX-exposed beans
[2021-07-27 17:12:40] - Shutting down ExecutorService 'applicationTaskExecutor'
[2021-07-27 17:12:40] - Closing JPA EntityManagerFactory for persistence unit 'default'
[2021-07-27 17:12:40] - HHH000031: Closing
[2021-07-27 17:12:40] - HHH000477: Starting delayed evictData of schema as part of SessionFactory shut-down'
[2021-07-27 17:12:40] - drop table if exists course
[2021-07-27 17:12:41] - drop table if exists user
[2021-07-27 17:12:42] - drop table if exists user_course
[2021-07-27 17:12:42] - Un-scoping TypeConfiguration [org.hibernate.type.spi.TypeConfiguration$Scope@6711b4f5] from SessionFactory [org.hibernate.internal.SessionFactoryImpl@46524ebe]
[2021-07-27 17:12:42] - Implicitly destroying ServiceRegistry on de-registration of all child ServiceRegistries
[2021-07-27 17:12:42] - Implicitly destroying Boot-strap registry on de-registration of all child ServiceRegistries
[2021-07-27 17:12:42] - HikariPool-1 - Shutdown initiated...
[2021-07-27 17:12:42] - HikariPool-1 - Before shutdown stats (total=10, active=0, idle=10, waiting=0)
[2021-07-27 17:12:42] - HikariPool-1 - Closing connection com.mysql.cj.jdbc.ConnectionImpl@51c7b1c2: (connection evicted)
[2021-07-27 17:12:42] - HikariPool-1 - Closing connection com.mysql.cj.jdbc.ConnectionImpl@10fabbf9: (connection evicted)
[2021-07-27 17:12:42] - HikariPool-1 - Closing connection com.mysql.cj.jdbc.ConnectionImpl@21a02ea3: (connection evicted)
[2021-07-27 17:12:42] - HikariPool-1 - Closing connection com.mysql.cj.jdbc.ConnectionImpl@70d544b6: (connection evicted)
[2021-07-27 17:12:42] - HikariPool-1 - Closing connection com.mysql.cj.jdbc.ConnectionImpl@455fba8a: (connection evicted)
[2021-07-27 17:12:42] - HikariPool-1 - Closing connection com.mysql.cj.jdbc.ConnectionImpl@46eaedaf: (connection evicted)
[2021-07-27 17:12:42] - HikariPool-1 - Closing connection com.mysql.cj.jdbc.ConnectionImpl@5cd26219: (connection evicted)
[2021-07-27 17:12:42] - HikariPool-1 - Closing connection com.mysql.cj.jdbc.ConnectionImpl@3ee415c7: (connection evicted)
[2021-07-27 17:12:42] - HikariPool-1 - Closing connection com.mysql.cj.jdbc.ConnectionImpl@7fd91ffc: (connection evicted)
[2021-07-27 17:12:42] - HikariPool-1 - Closing connection com.mysql.cj.jdbc.ConnectionImpl@4eecc62c: (connection evicted)
[2021-07-27 17:12:42] - HikariPool-1 - After shutdown stats (total=0, active=0, idle=0, waiting=0)
[2021-07-27 17:12:42] - HikariPool-1 - Shutdown completed.
[2021-07-27 17:12:44] - Starting SpringUniJpaApplication using Java 16.0.1 on anuththara-VivoBook-ASUSLaptop-X509JB-X509JB with PID 5197 (/home/anuththara/Documents/hSenid/Practice/springboot/spring-uni-jpa/UserJPA-Springboot/target/classes started by anuththara in /home/anuththara/Documents/hSenid/Practice/springboot/spring-uni-jpa/UserJPA-Springboot)
[2021-07-27 17:12:44] - Running with Spring Boot v2.5.2, Spring v5.3.8
[2021-07-27 17:12:44] - No active profile set, falling back to default profiles: default
[2021-07-27 17:12:44] - Loading source class com.anu.springunijpa.SpringUniJpaApplication
[2021-07-27 17:12:44] - Refreshing org.springframework.boot.web.servlet.context.AnnotationConfigServletWebServerApplicationContext@363042d7
[2021-07-27 17:12:44] - Creating shared instance of singleton bean 'org.springframework.context.annotation.internalConfigurationAnnotationProcessor'
[2021-07-27 17:12:44] - Creating shared instance of singleton bean 'org.springframework.boot.autoconfigure.internalCachingMetadataReaderFactory'
[2021-07-27 17:12:44] - Identified candidate component class: file [/home/anuththara/Documents/hSenid/Practice/springboot/spring-uni-jpa/UserJPA-Springboot/target/classes/com/anu/springunijpa/controller/CourseController.class]
[2021-07-27 17:12:44] - Identified candidate component class: file [/home/anuththara/Documents/hSenid/Practice/springboot/spring-uni-jpa/UserJPA-Springboot/target/classes/com/anu/springunijpa/controller/UserController.class]
[2021-07-27 17:12:44] - Identified candidate component class: file [/home/anuththara/Documents/hSenid/Practice/springboot/spring-uni-jpa/UserJPA-Springboot/target/classes/com/anu/springunijpa/exception/GlobalExceptionHandler.class]
[2021-07-27 17:12:44] - Identified candidate component class: file [/home/anuththara/Documents/hSenid/Practice/springboot/spring-uni-jpa/UserJPA-Springboot/target/classes/com/anu/springunijpa/resolver/CourseResolver.class]
[2021-07-27 17:12:44] - Identified candidate component class: file [/home/anuththara/Documents/hSenid/Practice/springboot/spring-uni-jpa/UserJPA-Springboot/target/classes/com/anu/springunijpa/resolver/UserResolver.class]
[2021-07-27 17:12:44] - Identified candidate component class: file [/home/anuththara/Documents/hSenid/Practice/springboot/spring-uni-jpa/UserJPA-Springboot/target/classes/com/anu/springunijpa/service/impl/CourseServiceImpl.class]
[2021-07-27 17:12:44] - Identified candidate component class: file [/home/anuththara/Documents/hSenid/Practice/springboot/spring-uni-jpa/UserJPA-Springboot/target/classes/com/anu/springunijpa/service/impl/UserServiceImpl.class]
[2021-07-27 17:12:45] - Bootstrapping Spring Data JPA repositories in DEFAULT mode.
[2021-07-27 17:12:45] - Creating shared instance of singleton bean 'org.springframework.boot.autoconfigure.AutoConfigurationPackages'
[2021-07-27 17:12:45] - @EnableAutoConfiguration was declared on a class in the package 'com.anu.springunijpa'. Automatic @Repository and @Entity scanning is enabled.
[2021-07-27 17:12:45] - Scanning for JPA repositories in packages com.anu.springunijpa.
[2021-07-27 17:12:45] - Identified candidate component class: file [/home/anuththara/Documents/hSenid/Practice/springboot/spring-uni-jpa/UserJPA-Springboot/target/classes/com/anu/springunijpa/repository/CourseRepository.class]
[2021-07-27 17:12:45] - Identified candidate component class: file [/home/anuththara/Documents/hSenid/Practice/springboot/spring-uni-jpa/UserJPA-Springboot/target/classes/com/anu/springunijpa/repository/UserRepository.class]
[2021-07-27 17:12:45] - Identified candidate component class: file [/home/anuththara/Documents/hSenid/Practice/springboot/spring-uni-jpa/UserJPA-Springboot/target/classes/com/anu/springunijpa/service/impl/CourseServiceImpl.class]
[2021-07-27 17:12:45] - Identified candidate component class: file [/home/anuththara/Documents/hSenid/Practice/springboot/spring-uni-jpa/UserJPA-Springboot/target/classes/com/anu/springunijpa/service/impl/UserServiceImpl.class]
[2021-07-27 17:12:45] - Finished Spring Data repository scanning in 24 ms. Found 2 JPA repository interfaces.
[2021-07-27 17:12:45] - Creating shared instance of singleton bean 'propertySourcesPlaceholderConfigurer'
[2021-07-27 17:12:45] - Creating shared instance of singleton bean 'emBeanDefinitionRegistrarPostProcessor'
[2021-07-27 17:12:45] - Creating shared instance of singleton bean 'org.springframework.boot.sql.init.dependency.DatabaseInitializationDependencyConfigurer$DependsOnDatabaseInitializationPostProcessor'
[2021-07-27 17:12:45] - Creating shared instance of singleton bean 'org.springframework.context.event.internalEventListenerProcessor'
[2021-07-27 17:12:45] - Creating shared instance of singleton bean 'preserveErrorControllerTargetClassPostProcessor'
[2021-07-27 17:12:45] - Creating shared instance of singleton bean 'org.springframework.context.event.internalEventListenerFactory'
[2021-07-27 17:12:45] - Creating shared instance of singleton bean 'org.springframework.transaction.config.internalTransactionalEventListenerFactory'
[2021-07-27 17:12:45] - Creating shared instance of singleton bean 'org.springframework.context.annotation.internalAutowiredAnnotationProcessor'
[2021-07-27 17:12:45] - Creating shared instance of singleton bean 'org.springframework.context.annotation.internalCommonAnnotationProcessor'
[2021-07-27 17:12:45] - Creating shared instance of singleton bean 'org.springframework.context.annotation.internalPersistenceAnnotationProcessor'
[2021-07-27 17:12:45] - Creating shared instance of singleton bean 'org.springframework.boot.context.properties.ConfigurationPropertiesBindingPostProcessor'
[2021-07-27 17:12:45] - Creating shared instance of singleton bean 'org.springframework.boot.context.internalConfigurationPropertiesBinder'
[2021-07-27 17:12:45] - Creating shared instance of singleton bean 'org.springframework.boot.context.internalConfigurationPropertiesBinderFactory'
[2021-07-27 17:12:45] - Creating shared instance of singleton bean 'org.springframework.aop.config.internalAutoProxyCreator'
[2021-07-27 17:12:45] - Creating shared instance of singleton bean 'persistenceExceptionTranslationPostProcessor'
[2021-07-27 17:12:45] - Autowiring by type from bean name 'persistenceExceptionTranslationPostProcessor' via factory method to bean named 'environment'
[2021-07-27 17:12:45] - Creating shared instance of singleton bean 'webServerFactoryCustomizerBeanPostProcessor'
[2021-07-27 17:12:45] - Creating shared instance of singleton bean 'errorPageRegistrarBeanPostProcessor'
[2021-07-27 17:12:45] - Creating shared instance of singleton bean 'projectingArgumentResolverBeanPostProcessor'
[2021-07-27 17:12:45] - Creating shared instance of singleton bean 'org.springframework.transaction.config.internalTransactionAdvisor'
[2021-07-27 17:12:45] - Creating shared instance of singleton bean 'org.springframework.transaction.annotation.ProxyTransactionManagementConfiguration'
[2021-07-27 17:12:45] - Creating shared instance of singleton bean 'transactionAttributeSource'
[2021-07-27 17:12:45] - Creating shared instance of singleton bean 'transactionInterceptor'
[2021-07-27 17:12:45] - Autowiring by type from bean name 'transactionInterceptor' via factory method to bean named 'transactionAttributeSource'
