[2021-07-29 09:33:28] - Adding type registration java.time.LocalTime -> org.hibernate.type.LocalTimeType@738a5848
[2021-07-29 09:33:28] - Adding type registration OffsetDateTime -> org.hibernate.type.OffsetDateTimeType@4f1fb828
[2021-07-29 09:33:28] - Adding type registration java.time.OffsetDateTime -> org.hibernate.type.OffsetDateTimeType@4f1fb828
[2021-07-29 09:33:28] - Adding type registration OffsetTime -> org.hibernate.type.OffsetTimeType@16b3c905
[2021-07-29 09:33:28] - Adding type registration java.time.OffsetTime -> org.hibernate.type.OffsetTimeType@16b3c905
[2021-07-29 09:33:28] - Adding type registration ZonedDateTime -> org.hibernate.type.ZonedDateTimeType@7c46c9c3
[2021-07-29 09:33:28] - Adding type registration java.time.ZonedDateTime -> org.hibernate.type.ZonedDateTimeType@7c46c9c3
[2021-07-29 09:33:28] - Adding type registration date -> org.hibernate.type.DateType@373afd6c
[2021-07-29 09:33:28] - Adding type registration java.sql.Date -> org.hibernate.type.DateType@373afd6c
[2021-07-29 09:33:28] - Adding type registration time -> org.hibernate.type.TimeType@3e26482
[2021-07-29 09:33:28] - Adding type registration java.sql.Time -> org.hibernate.type.TimeType@3e26482
[2021-07-29 09:33:28] - Adding type registration timestamp -> org.hibernate.type.TimestampType@9df564f
[2021-07-29 09:33:28] - Adding type registration java.sql.Timestamp -> org.hibernate.type.TimestampType@9df564f
[2021-07-29 09:33:28] - Adding type registration java.util.Date -> org.hibernate.type.TimestampType@9df564f
[2021-07-29 09:33:28] - Adding type registration dbtimestamp -> org.hibernate.type.DbTimestampType@715fa8c5
[2021-07-29 09:33:28] - Adding type registration calendar -> org.hibernate.type.CalendarType@55e1192
[2021-07-29 09:33:28] - Adding type registration java.util.Calendar -> org.hibernate.type.CalendarType@55e1192
[2021-07-29 09:33:28] - Adding type registration java.util.GregorianCalendar -> org.hibernate.type.CalendarType@55e1192
[2021-07-29 09:33:28] - Adding type registration calendar_date -> org.hibernate.type.CalendarDateType@35787726
[2021-07-29 09:33:28] - Adding type registration calendar_time -> org.hibernate.type.CalendarTimeType@40943a6
[2021-07-29 09:33:28] - Adding type registration locale -> org.hibernate.type.LocaleType@2abafa97
[2021-07-29 09:33:28] - Adding type registration java.util.Locale -> org.hibernate.type.LocaleType@2abafa97
[2021-07-29 09:33:28] - Adding type registration currency -> org.hibernate.type.CurrencyType@565aa4ac
[2021-07-29 09:33:28] - Adding type registration java.util.Currency -> org.hibernate.type.CurrencyType@565aa4ac
[2021-07-29 09:33:28] - Adding type registration timezone -> org.hibernate.type.TimeZoneType@3d3a1903
[2021-07-29 09:33:28] - Adding type registration java.util.TimeZone -> org.hibernate.type.TimeZoneType@3d3a1903
[2021-07-29 09:33:28] - Adding type registration class -> org.hibernate.type.ClassType@39549f33
[2021-07-29 09:33:28] - Adding type registration java.lang.Class -> org.hibernate.type.ClassType@39549f33
[2021-07-29 09:33:28] - Adding type registration uuid-binary -> org.hibernate.type.UUIDBinaryType@4b55ff0a
[2021-07-29 09:33:28] - Adding type registration java.util.UUID -> org.hibernate.type.UUIDBinaryType@4b55ff0a
[2021-07-29 09:33:28] - Adding type registration uuid-char -> org.hibernate.type.UUIDCharType@4bf03fee
[2021-07-29 09:33:28] - Adding type registration binary -> org.hibernate.type.BinaryType@7675c171
[2021-07-29 09:33:28] - Adding type registration byte[] -> org.hibernate.type.BinaryType@7675c171
[2021-07-29 09:33:28] - Adding type registration [B -> org.hibernate.type.BinaryType@7675c171
[2021-07-29 09:33:28] - Adding type registration wrapper-binary -> org.hibernate.type.WrapperBinaryType@6ee88e21
[2021-07-29 09:33:28] - Adding type registration Byte[] -> org.hibernate.type.WrapperBinaryType@6ee88e21
[2021-07-29 09:33:28] - Adding type registration [Ljava.lang.Byte; -> org.hibernate.type.WrapperBinaryType@6ee88e21
[2021-07-29 09:33:28] - Adding type registration row_version -> org.hibernate.type.RowVersionType@217235f5
[2021-07-29 09:33:28] - Adding type registration image -> org.hibernate.type.ImageType@28393e82
[2021-07-29 09:33:28] - Adding type registration characters -> org.hibernate.type.CharArrayType@22a260ff
[2021-07-29 09:33:28] - Adding type registration char[] -> org.hibernate.type.CharArrayType@22a260ff
[2021-07-29 09:33:28] - Adding type registration [C -> org.hibernate.type.CharArrayType@22a260ff
[2021-07-29 09:33:28] - Adding type registration wrapper-characters -> org.hibernate.type.CharacterArrayType@b14b60a
[2021-07-29 09:33:28] - Adding type registration [Ljava.lang.Character; -> org.hibernate.type.CharacterArrayType@b14b60a
[2021-07-29 09:33:28] - Adding type registration Character[] -> org.hibernate.type.CharacterArrayType@b14b60a
[2021-07-29 09:33:28] - Adding type registration text -> org.hibernate.type.TextType@1d6a8386
[2021-07-29 09:33:28] - Adding type registration ntext -> org.hibernate.type.NTextType@491cafec
[2021-07-29 09:33:28] - Adding type registration blob -> org.hibernate.type.BlobType@446e7065
[2021-07-29 09:33:28] - Adding type registration java.sql.Blob -> org.hibernate.type.BlobType@446e7065
[2021-07-29 09:33:28] - Adding type registration materialized_blob -> org.hibernate.type.MaterializedBlobType@480cbe2e
[2021-07-29 09:33:28] - Adding type registration clob -> org.hibernate.type.ClobType@71a4f441
[2021-07-29 09:33:28] - Adding type registration java.sql.Clob -> org.hibernate.type.ClobType@71a4f441
[2021-07-29 09:33:28] - Adding type registration nclob -> org.hibernate.type.NClobType@20cdb152
[2021-07-29 09:33:28] - Adding type registration java.sql.NClob -> org.hibernate.type.NClobType@20cdb152
[2021-07-29 09:33:28] - Adding type registration materialized_clob -> org.hibernate.type.MaterializedClobType@5c48b72c
[2021-07-29 09:33:28] - Adding type registration materialized_nclob -> org.hibernate.type.MaterializedNClobType@7ce29a2d
[2021-07-29 09:33:28] - Adding type registration serializable -> org.hibernate.type.SerializableType@11c78080
[2021-07-29 09:33:28] - Adding type registration object -> org.hibernate.type.ObjectType@475f5672
[2021-07-29 09:33:28] - Adding type registration java.lang.Object -> org.hibernate.type.ObjectType@475f5672
[2021-07-29 09:33:28] - Adding type registration imm_date -> org.hibernate.type.AdaptedImmutableType@5bb911c1
[2021-07-29 09:33:28] - Adding type registration imm_time -> org.hibernate.type.AdaptedImmutableType@6a55594b
[2021-07-29 09:33:28] - Adding type registration imm_timestamp -> org.hibernate.type.AdaptedImmutableType@632b305d
[2021-07-29 09:33:28] - Adding type registration imm_dbtimestamp -> org.hibernate.type.AdaptedImmutableType@44598ef7
[2021-07-29 09:33:28] - Adding type registration imm_calendar -> org.hibernate.type.AdaptedImmutableType@57fdb8a4
[2021-07-29 09:33:28] - Adding type registration imm_calendar_date -> org.hibernate.type.AdaptedImmutableType@17222c11
[2021-07-29 09:33:28] - Adding type registration imm_binary -> org.hibernate.type.AdaptedImmutableType@2db15f70
[2021-07-29 09:33:28] - Adding type registration imm_serializable -> org.hibernate.type.AdaptedImmutableType@25974207
[2021-07-29 09:33:28] - Injecting JPA temp ClassLoader [org.springframework.instrument.classloading.SimpleThrowawayClassLoader@62c3f556] into BootstrapContext; was [null]
[2021-07-29 09:33:28] - ClassLoaderAccessImpl#injectTempClassLoader(org.springframework.instrument.classloading.SimpleThrowawayClassLoader@62c3f556) [was null]
[2021-07-29 09:33:28] - Injecting ScanEnvironment [org.hibernate.jpa.boot.internal.StandardJpaScanEnvironmentImpl@31efacad] into BootstrapContext; was [null]
[2021-07-29 09:33:28] - Injecting ScanOptions [org.hibernate.boot.archive.scan.internal.StandardScanOptions@380ce5a3] into BootstrapContext; was [org.hibernate.boot.archive.scan.internal.StandardScanOptions@38029686]
[2021-07-29 09:33:28] - Injecting JPA temp ClassLoader [null] into BootstrapContext; was [org.springframework.instrument.classloading.SimpleThrowawayClassLoader@62c3f556]
[2021-07-29 09:33:28] - ClassLoaderAccessImpl#injectTempClassLoader(null) [was org.springframework.instrument.classloading.SimpleThrowawayClassLoader@62c3f556]
[2021-07-29 09:33:28] - Registering IdentifierGenerator strategy [uuid2] -> [org.hibernate.id.UUIDGenerator]
[2021-07-29 09:33:28] - Registering IdentifierGenerator strategy [guid] -> [org.hibernate.id.GUIDGenerator]
[2021-07-29 09:33:28] - Registering IdentifierGenerator strategy [uuid] -> [org.hibernate.id.UUIDHexGenerator]
[2021-07-29 09:33:28] - Registering IdentifierGenerator strategy [uuid.hex] -> [org.hibernate.id.UUIDHexGenerator]
[2021-07-29 09:33:28] - Registering IdentifierGenerator strategy [assigned] -> [org.hibernate.id.Assigned]
[2021-07-29 09:33:28] - Registering IdentifierGenerator strategy [identity] -> [org.hibernate.id.IdentityGenerator]
[2021-07-29 09:33:28] - Registering IdentifierGenerator strategy [select] -> [org.hibernate.id.SelectGenerator]
[2021-07-29 09:33:28] - Registering IdentifierGenerator strategy [sequence] -> [org.hibernate.id.enhanced.SequenceStyleGenerator]
[2021-07-29 09:33:28] - Registering IdentifierGenerator strategy [seqhilo] -> [org.hibernate.id.SequenceHiLoGenerator]
[2021-07-29 09:33:28] - Registering IdentifierGenerator strategy [increment] -> [org.hibernate.id.IncrementGenerator]
[2021-07-29 09:33:28] - Registering IdentifierGenerator strategy [foreign] -> [org.hibernate.id.ForeignGenerator]
[2021-07-29 09:33:28] - Registering IdentifierGenerator strategy [sequence-identity] -> [org.hibernate.id.SequenceIdentityGenerator]
[2021-07-29 09:33:28] - Registering IdentifierGenerator strategy [enhanced-sequence] -> [org.hibernate.id.enhanced.SequenceStyleGenerator]
[2021-07-29 09:33:28] - Registering IdentifierGenerator strategy [enhanced-table] -> [org.hibernate.id.enhanced.TableGenerator]
[2021-07-29 09:33:28] - HikariPool-1 - configuration:
[2021-07-29 09:33:28] - allowPoolSuspension................................false
[2021-07-29 09:33:28] - autoCommit................................true
[2021-07-29 09:33:28] - catalog................................none
[2021-07-29 09:33:28] - connectionInitSql................................none
[2021-07-29 09:33:28] - connectionTestQuery................................none
[2021-07-29 09:33:28] - connectionTimeout................................30000
[2021-07-29 09:33:28] - dataSource................................none
[2021-07-29 09:33:28] - dataSourceClassName................................none
[2021-07-29 09:33:28] - dataSourceJNDI................................none
[2021-07-29 09:33:28] - dataSourceProperties................................{password=<masked>}
[2021-07-29 09:33:28] - driverClassName................................"com.mysql.jdbc.Driver"
[2021-07-29 09:33:28] - exceptionOverrideClassName................................none
[2021-07-29 09:33:28] - healthCheckProperties................................{}
[2021-07-29 09:33:28] - healthCheckRegistry................................none
[2021-07-29 09:33:28] - idleTimeout................................600000
[2021-07-29 09:33:28] - initializationFailTimeout................................1
[2021-07-29 09:33:28] - isolateInternalQueries................................false
[2021-07-29 09:33:28] - jdbcUrl................................jdbc:mysql://localhost:3306/institute_db
[2021-07-29 09:33:28] - keepaliveTime................................0
[2021-07-29 09:33:28] - leakDetectionThreshold................................0
[2021-07-29 09:33:28] - maxLifetime................................1800000
[2021-07-29 09:33:28] - maximumPoolSize................................10
[2021-07-29 09:33:28] - metricRegistry................................none
[2021-07-29 09:33:28] - metricsTrackerFactory................................none
[2021-07-29 09:33:28] - minimumIdle................................10
[2021-07-29 09:33:28] - password................................<masked>
[2021-07-29 09:33:28] - poolName................................"HikariPool-1"
[2021-07-29 09:33:28] - readOnly................................false
[2021-07-29 09:33:28] - registerMbeans................................false
[2021-07-29 09:33:28] - scheduledExecutor................................none
[2021-07-29 09:33:28] - schema................................none
[2021-07-29 09:33:28] - threadFactory................................internal
[2021-07-29 09:33:28] - transactionIsolation................................default
[2021-07-29 09:33:28] - username................................"root"
[2021-07-29 09:33:28] - validationTimeout................................5000
[2021-07-29 09:33:28] - HikariPool-1 - Starting...
[2021-07-29 09:33:28] - Registered driver with driverClassName=com.mysql.jdbc.Driver was not found, trying direct instantiation.
[2021-07-29 09:33:28] - Driver class com.mysql.jdbc.Driver found in Thread context class loader TomcatEmbeddedWebappClassLoader
  context: ROOT
  delegate: true
----------> Parent Classloader:
jdk.internal.loader.ClassLoaders$AppClassLoader@251a69d7

