[2021-07-29 11:53:39] - HikariPool-1 - Pool stats (total=10, active=0, idle=10, waiting=0)
[2021-07-29 11:53:39] - HikariPool-1 - Fill pool skipped, pool is at sufficient level.
[2021-07-29 11:54:09] - HikariPool-1 - Pool stats (total=10, active=0, idle=10, waiting=0)
[2021-07-29 11:54:09] - HikariPool-1 - Fill pool skipped, pool is at sufficient level.
[2021-07-29 11:54:39] - HikariPool-1 - Pool stats (total=10, active=0, idle=10, waiting=0)
[2021-07-29 11:54:39] - HikariPool-1 - Fill pool skipped, pool is at sufficient level.
[2021-07-29 11:55:09] - HikariPool-1 - Pool stats (total=10, active=0, idle=10, waiting=0)
[2021-07-29 11:55:09] - HikariPool-1 - Fill pool skipped, pool is at sufficient level.
[2021-07-29 11:55:39] - HikariPool-1 - Pool stats (total=10, active=0, idle=10, waiting=0)
[2021-07-29 11:55:39] - HikariPool-1 - Fill pool skipped, pool is at sufficient level.
[2021-07-29 11:56:09] - HikariPool-1 - Pool stats (total=10, active=0, idle=10, waiting=0)
[2021-07-29 11:56:09] - HikariPool-1 - Fill pool skipped, pool is at sufficient level.
[2021-07-29 11:56:22] - Application availability state ReadinessState changed from ACCEPTING_TRAFFIC to REFUSING_TRAFFIC
[2021-07-29 11:56:22] - Closing org.springframework.boot.web.servlet.context.AnnotationConfigServletWebServerApplicationContext@5ef6ae06, started on Thu Jul 29 11:53:05 IST 2021
[2021-07-29 11:56:22] - Found key 'spring.liveBeansView.mbeanDomain' in PropertySource 'systemProperties' with value of type String
[2021-07-29 11:56:22] - Stopping beans in phase 2147483647
[2021-07-29 11:56:22] - Bean 'webServerGracefulShutdown' completed its stop procedure
[2021-07-29 11:56:22] - Stopping beans in phase 2147483646
[2021-07-29 11:56:22] - Bean 'webServerStartStop' completed its stop procedure
[2021-07-29 11:56:22] - Stopping beans in phase 0
[2021-07-29 11:56:22] - Successfully stopped bean 'serverEndpointRegistration'
[2021-07-29 11:56:22] - Unregistering JMX-exposed beans on shutdown
[2021-07-29 11:56:22] - Unregistering JMX-exposed beans
[2021-07-29 11:56:22] - Shutting down ExecutorService 'applicationTaskExecutor'
[2021-07-29 11:56:22] - Closing JPA EntityManagerFactory for persistence unit 'default'
[2021-07-29 11:56:22] - HHH000031: Closing
[2021-07-29 11:56:22] - Un-scoping TypeConfiguration [org.hibernate.type.spi.TypeConfiguration$Scope@47c912b3] from SessionFactory [org.hibernate.internal.SessionFactoryImpl@5be7b749]
[2021-07-29 11:56:22] - Implicitly destroying ServiceRegistry on de-registration of all child ServiceRegistries
[2021-07-29 11:56:22] - Implicitly destroying Boot-strap registry on de-registration of all child ServiceRegistries
[2021-07-29 11:56:22] - HikariPool-1 - Shutdown initiated...
[2021-07-29 11:56:22] - HikariPool-1 - Before shutdown stats (total=10, active=0, idle=10, waiting=0)
[2021-07-29 11:56:22] - HikariPool-1 - Closing connection com.mysql.cj.jdbc.ConnectionImpl@795f6681: (connection evicted)
[2021-07-29 11:56:22] - HikariPool-1 - Closing connection com.mysql.cj.jdbc.ConnectionImpl@2a8dfdb6: (connection evicted)
[2021-07-29 11:56:22] - HikariPool-1 - Closing connection com.mysql.cj.jdbc.ConnectionImpl@b9f08c2: (connection evicted)
[2021-07-29 11:56:22] - HikariPool-1 - Closing connection com.mysql.cj.jdbc.ConnectionImpl@67268c0d: (connection evicted)
[2021-07-29 11:56:22] - HikariPool-1 - Closing connection com.mysql.cj.jdbc.ConnectionImpl@fd1f7ec: (connection evicted)
[2021-07-29 11:56:22] - HikariPool-1 - Closing connection com.mysql.cj.jdbc.ConnectionImpl@22f51382: (connection evicted)
[2021-07-29 11:56:22] - HikariPool-1 - Closing connection com.mysql.cj.jdbc.ConnectionImpl@7985c0cf: (connection evicted)
[2021-07-29 11:56:22] - HikariPool-1 - Closing connection com.mysql.cj.jdbc.ConnectionImpl@4a97915e: (connection evicted)
[2021-07-29 11:56:22] - HikariPool-1 - Closing connection com.mysql.cj.jdbc.ConnectionImpl@3ca6942c: (connection evicted)
[2021-07-29 11:56:22] - HikariPool-1 - Closing connection com.mysql.cj.jdbc.ConnectionImpl@5f2063c3: (connection evicted)
[2021-07-29 11:56:22] - HikariPool-1 - After shutdown stats (total=0, active=0, idle=0, waiting=0)
[2021-07-29 11:56:22] - HikariPool-1 - Shutdown completed.
[2021-07-29 11:56:33] - Starting SpringUniJpaApplication using Java 16.0.1 on anuththara-VivoBook-ASUSLaptop-X509JB-X509JB with PID 19498 (/home/anuththara/Documents/hSenid/Practice/springboot/spring-uni-jpa/UserJPA-Springboot/target/classes started by anuththara in /home/anuththara/Documents/hSenid/Practice/springboot/spring-uni-jpa/UserJPA-Springboot)
[2021-07-29 11:56:33] - Running with Spring Boot v2.5.2, Spring v5.3.8
[2021-07-29 11:56:33] - No active profile set, falling back to default profiles: default
[2021-07-29 11:56:33] - Loading source class com.anu.springunijpa.SpringUniJpaApplication
[2021-07-29 11:56:33] - Refreshing org.springframework.boot.web.servlet.context.AnnotationConfigServletWebServerApplicationContext@1d3ac898
[2021-07-29 11:56:33] - Creating shared instance of singleton bean 'org.springframework.context.annotation.internalConfigurationAnnotationProcessor'
[2021-07-29 11:56:33] - Creating shared instance of singleton bean 'org.springframework.boot.autoconfigure.internalCachingMetadataReaderFactory'
[2021-07-29 11:56:33] - Identified candidate component class: file [/home/anuththara/Documents/hSenid/Practice/springboot/spring-uni-jpa/UserJPA-Springboot/target/classes/com/anu/springunijpa/controller/CourseController.class]
[2021-07-29 11:56:33] - Identified candidate component class: file [/home/anuththara/Documents/hSenid/Practice/springboot/spring-uni-jpa/UserJPA-Springboot/target/classes/com/anu/springunijpa/controller/UserController.class]
[2021-07-29 11:56:33] - Identified candidate component class: file [/home/anuththara/Documents/hSenid/Practice/springboot/spring-uni-jpa/UserJPA-Springboot/target/classes/com/anu/springunijpa/exception/GlobalExceptionHandler.class]
[2021-07-29 11:56:33] - Identified candidate component class: file [/home/anuththara/Documents/hSenid/Practice/springboot/spring-uni-jpa/UserJPA-Springboot/target/classes/com/anu/springunijpa/resolver/AppConfig.class]
[2021-07-29 11:56:33] - Identified candidate component class: file [/home/anuththara/Documents/hSenid/Practice/springboot/spring-uni-jpa/UserJPA-Springboot/target/classes/com/anu/springunijpa/resolver/CourseMutationResolver.class]
[2021-07-29 11:56:33] - Identified candidate component class: file [/home/anuththara/Documents/hSenid/Practice/springboot/spring-uni-jpa/UserJPA-Springboot/target/classes/com/anu/springunijpa/resolver/CourseResolver.class]
[2021-07-29 11:56:33] - Identified candidate component class: file [/home/anuththara/Documents/hSenid/Practice/springboot/spring-uni-jpa/UserJPA-Springboot/target/classes/com/anu/springunijpa/resolver/GraphQLLocalDate.class]
[2021-07-29 11:56:33] - Identified candidate component class: file [/home/anuththara/Documents/hSenid/Practice/springboot/spring-uni-jpa/UserJPA-Springboot/target/classes/com/anu/springunijpa/resolver/UserMutationResolver.class]
[2021-07-29 11:56:33] - Identified candidate component class: file [/home/anuththara/Documents/hSenid/Practice/springboot/spring-uni-jpa/UserJPA-Springboot/target/classes/com/anu/springunijpa/resolver/UserResolver.class]
[2021-07-29 11:56:33] - Identified candidate component class: file [/home/anuththara/Documents/hSenid/Practice/springboot/spring-uni-jpa/UserJPA-Springboot/target/classes/com/anu/springunijpa/service/impl/CourseServiceImpl.class]
[2021-07-29 11:56:33] - Identified candidate component class: file [/home/anuththara/Documents/hSenid/Practice/springboot/spring-uni-jpa/UserJPA-Springboot/target/classes/com/anu/springunijpa/service/impl/UserServiceImpl.class]
[2021-07-29 11:56:34] - Bootstrapping Spring Data JPA repositories in DEFAULT mode.
[2021-07-29 11:56:34] - Creating shared instance of singleton bean 'org.springframework.boot.autoconfigure.AutoConfigurationPackages'
[2021-07-29 11:56:34] - @EnableAutoConfiguration was declared on a class in the package 'com.anu.springunijpa'. Automatic @Repository and @Entity scanning is enabled.
[2021-07-29 11:56:34] - Scanning for JPA repositories in packages com.anu.springunijpa.
[2021-07-29 11:56:34] - Identified candidate component class: file [/home/anuththara/Documents/hSenid/Practice/springboot/spring-uni-jpa/UserJPA-Springboot/target/classes/com/anu/springunijpa/repository/CourseRepository.class]
[2021-07-29 11:56:34] - Identified candidate component class: file [/home/anuththara/Documents/hSenid/Practice/springboot/spring-uni-jpa/UserJPA-Springboot/target/classes/com/anu/springunijpa/repository/UserRepository.class]
[2021-07-29 11:56:34] - Identified candidate component class: file [/home/anuththara/Documents/hSenid/Practice/springboot/spring-uni-jpa/UserJPA-Springboot/target/classes/com/anu/springunijpa/service/impl/CourseServiceImpl.class]
[2021-07-29 11:56:34] - Identified candidate component class: file [/home/anuththara/Documents/hSenid/Practice/springboot/spring-uni-jpa/UserJPA-Springboot/target/classes/com/anu/springunijpa/service/impl/UserServiceImpl.class]
[2021-07-29 11:56:34] - Finished Spring Data repository scanning in 31 ms. Found 2 JPA repository interfaces.
[2021-07-29 11:56:34] - Creating shared instance of singleton bean 'propertySourcesPlaceholderConfigurer'
[2021-07-29 11:56:34] - Creating shared instance of singleton bean 'emBeanDefinitionRegistrarPostProcessor'
[2021-07-29 11:56:34] - Creating shared instance of singleton bean 'org.springframework.boot.sql.init.dependency.DatabaseInitializationDependencyConfigurer$DependsOnDatabaseInitializationPostProcessor'
[2021-07-29 11:56:34] - Creating shared instance of singleton bean 'org.springframework.context.event.internalEventListenerProcessor'
[2021-07-29 11:56:34] - Creating shared instance of singleton bean 'preserveErrorControllerTargetClassPostProcessor'
[2021-07-29 11:56:34] - Creating shared instance of singleton bean 'org.springframework.context.event.internalEventListenerFactory'
[2021-07-29 11:56:34] - Creating shared instance of singleton bean 'org.springframework.transaction.config.internalTransactionalEventListenerFactory'
[2021-07-29 11:56:34] - Creating shared instance of singleton bean 'org.springframework.context.annotation.internalAutowiredAnnotationProcessor'
[2021-07-29 11:56:34] - Creating shared instance of singleton bean 'org.springframework.context.annotation.internalCommonAnnotationProcessor'
[2021-07-29 11:56:34] - Creating shared instance of singleton bean 'org.springframework.context.annotation.internalPersistenceAnnotationProcessor'
[2021-07-29 11:56:34] - Creating shared instance of singleton bean 'org.springframework.boot.context.properties.ConfigurationPropertiesBindingPostProcessor'
[2021-07-29 11:56:34] - Creating shared instance of singleton bean 'org.springframework.boot.context.internalConfigurationPropertiesBinder'
[2021-07-29 11:56:34] - Creating shared instance of singleton bean 'org.springframework.boot.context.internalConfigurationPropertiesBinderFactory'
[2021-07-29 11:56:34] - Creating shared instance of singleton bean 'org.springframework.aop.config.internalAutoProxyCreator'
[2021-07-29 11:56:34] - Creating shared instance of singleton bean 'persistenceExceptionTranslationPostProcessor'
[2021-07-29 11:56:34] - Autowiring by type from bean name 'persistenceExceptionTranslationPostProcessor' via factory method to bean named 'environment'
[2021-07-29 11:56:34] - Creating shared instance of singleton bean 'webServerFactoryCustomizerBeanPostProcessor'
[2021-07-29 11:56:34] - Creating shared instance of singleton bean 'errorPageRegistrarBeanPostProcessor'
[2021-07-29 11:56:34] - Creating shared instance of singleton bean 'projectingArgumentResolverBeanPostProcessor'
[2021-07-29 11:56:34] - Creating shared instance of singleton bean 'org.springframework.transaction.config.internalTransactionAdvisor'
