[2021-07-28 18:39:25] - HikariPool-1 - Pool stats (total=10, active=0, idle=10, waiting=0)
[2021-07-28 18:39:25] - HikariPool-1 - Fill pool skipped, pool is at sufficient level.
[2021-07-28 18:39:28] - GET "/courses", parameters={}
[2021-07-28 18:39:28] - Mapped to com.anu.springunijpa.controller.CourseController#viewAllCourse()
[2021-07-28 18:39:28] - Opening JPA EntityManager in OpenEntityManagerInViewInterceptor
[2021-07-28 18:39:28] - Found thread-bound EntityManager [SessionImpl(1327463051<open>)] for JPA transaction
[2021-07-28 18:39:28] - Creating new transaction with name [org.springframework.data.jpa.repository.support.SimpleJpaRepository.findAll]: PROPAGATION_REQUIRED,ISOLATION_DEFAULT,readOnly
[2021-07-28 18:39:28] - Setting JDBC Connection [HikariProxyConnection@1104715032 wrapping com.mysql.cj.jdbc.ConnectionImpl@3c16528d] read-only
[2021-07-28 18:39:28] - On TransactionImpl creation, JpaCompliance#isJpaTransactionComplianceEnabled == false
[2021-07-28 18:39:28] - begin
[2021-07-28 18:39:28] - Exposing JPA transaction as JDBC [org.springframework.orm.jpa.vendor.HibernateJpaDialect$HibernateConnectionHandle@45e711fb]
[2021-07-28 18:39:28] - Rendered criteria query -> select generatedAlias0 from Course as generatedAlias0
[2021-07-28 18:39:28] - parse() - HQL: select generatedAlias0 from com.anu.springunijpa.entity.Course as generatedAlias0
[2021-07-28 18:39:28] - throwQueryException() : no errors
[2021-07-28 18:39:28] - --- HQL AST ---
 \-[QUERY] Node: 'query'
    \-[SELECT_FROM] Node: 'SELECT_FROM'
       +-[FROM] Node: 'from'
       |  \-[RANGE] Node: 'RANGE'
       |     +-[DOT] Node: '.'
       |     |  +-[DOT] Node: '.'
       |     |  |  +-[DOT] Node: '.'
       |     |  |  |  +-[DOT] Node: '.'
       |     |  |  |  |  +-[IDENT] Node: 'com'
       |     |  |  |  |  \-[IDENT] Node: 'anu'
       |     |  |  |  \-[IDENT] Node: 'springunijpa'
       |     |  |  \-[IDENT] Node: 'entity'
       |     |  \-[IDENT] Node: 'Course'
       |     \-[ALIAS] Node: 'generatedAlias0'
       \-[SELECT] Node: 'select'
          \-[IDENT] Node: 'generatedAlias0'

[2021-07-28 18:39:28] - select << begin [level=1, statement=select]
[2021-07-28 18:39:28] - FromClause{level=1} : com.anu.springunijpa.entity.Course (generatedAlias0) -> course0_
[2021-07-28 18:39:28] - Resolved : generatedAlias0 -> course0_.course_id
[2021-07-28 18:39:28] - select : finishing up [level=1, statement=select]
[2021-07-28 18:39:28] - processQuery() :  ( SELECT ( {select clause} course0_.course_id ) ( FromClause{level=1} course course0_ ) )
[2021-07-28 18:39:28] - Tables referenced from query nodes:
 \-QueryNode
    +-SelectClause
    | referencedTables(entity Course): [course]
    |  +-IdentNode
    |  | persister: SingleTableEntityPersister(com.anu.springunijpa.entity.Course)
    |  | originalText: generatedAlias0
    |  \-SqlFragment
    \-FromClause
       \-FromElement

[2021-07-28 18:39:28] - Using FROM fragment [course course0_]
[2021-07-28 18:39:28] - select >> end [level=1, statement=select]
[2021-07-28 18:39:28] - --- SQL AST ---
 \-[SELECT] QueryNode: 'SELECT'  querySpaces (course)
    +-[SELECT_CLAUSE] SelectClause: '{select clause}'
    |  +-[ALIAS_REF] IdentNode: 'course0_.course_id as course_i1_0_' {alias=generatedAlias0, className=com.anu.springunijpa.entity.Course, tableAlias=course0_}
    |  \-[SQL_TOKEN] SqlFragment: 'course0_.course_leader as course_l2_0_, course0_.course_name as course_n3_0_'
    \-[FROM] FromClause: 'from' FromClause{level=1, fromElementCounter=1, fromElements=1, fromElementByClassAlias=[generatedAlias0], fromElementByTableAlias=[course0_], fromElementsByPath=[], collectionJoinFromElementsByPath=[], impliedElements=[]}
       \-[FROM_FRAGMENT] FromElement: 'course course0_' FromElement{explicit,not a collection join,not a fetch join,fetch non-lazy properties,classAlias=generatedAlias0,role=null,tableName=course,tableAlias=course0_,origin=null,columns={,className=com.anu.springunijpa.entity.Course}}

[2021-07-28 18:39:28] - throwQueryException() : no errors
[2021-07-28 18:39:28] - HQL: select generatedAlias0 from com.anu.springunijpa.entity.Course as generatedAlias0
[2021-07-28 18:39:28] - SQL: select course0_.course_id as course_i1_0_, course0_.course_leader as course_l2_0_, course0_.course_name as course_n3_0_ from course course0_
[2021-07-28 18:39:28] - throwQueryException() : no errors
[2021-07-28 18:39:28] - select course0_.course_id as course_i1_0_, course0_.course_leader as course_l2_0_, course0_.course_name as course_n3_0_ from course course0_
[2021-07-28 18:39:28] - Result set row: 0
[2021-07-28 18:39:28] - Result row: EntityKey[com.anu.springunijpa.entity.Course#c1]
[2021-07-28 18:39:28] - Result set row: 1
[2021-07-28 18:39:28] - Result row: EntityKey[com.anu.springunijpa.entity.Course#c2]
[2021-07-28 18:39:28] - Result set row: 2
[2021-07-28 18:39:28] - Result row: EntityKey[com.anu.springunijpa.entity.Course#c3]
[2021-07-28 18:39:28] - Result set row: 3
[2021-07-28 18:39:28] - Result row: EntityKey[com.anu.springunijpa.entity.Course#c4]
[2021-07-28 18:39:28] - Result set row: 4
[2021-07-28 18:39:28] - Result row: EntityKey[com.anu.springunijpa.entity.Course#c5]
[2021-07-28 18:39:28] - Resolving attributes for [com.anu.springunijpa.entity.Course#c1]
[2021-07-28 18:39:28] - Processing attribute `courseLeader` : value = Mr.Java
[2021-07-28 18:39:28] - Attribute (`courseLeader`)  - enhanced for lazy-loading? - false
[2021-07-28 18:39:28] - Processing attribute `courseName` : value = java
[2021-07-28 18:39:28] - Attribute (`courseName`)  - enhanced for lazy-loading? - false
[2021-07-28 18:39:28] - Processing attribute `userCourseSet` : value = NOT NULL COLLECTION
[2021-07-28 18:39:28] - Attribute (`userCourseSet`)  - enhanced for lazy-loading? - false
[2021-07-28 18:39:28] - Done materializing entity [com.anu.springunijpa.entity.Course#c1]
[2021-07-28 18:39:28] - Resolving attributes for [com.anu.springunijpa.entity.Course#c2]
[2021-07-28 18:39:28] - Processing attribute `courseLeader` : value = Mr.Python
[2021-07-28 18:39:28] - Attribute (`courseLeader`)  - enhanced for lazy-loading? - false
[2021-07-28 18:39:28] - Processing attribute `courseName` : value = python
[2021-07-28 18:39:28] - Attribute (`courseName`)  - enhanced for lazy-loading? - false
[2021-07-28 18:39:28] - Processing attribute `userCourseSet` : value = NOT NULL COLLECTION
[2021-07-28 18:39:28] - Attribute (`userCourseSet`)  - enhanced for lazy-loading? - false
[2021-07-28 18:39:28] - Done materializing entity [com.anu.springunijpa.entity.Course#c2]
[2021-07-28 18:39:28] - Resolving attributes for [com.anu.springunijpa.entity.Course#c3]
[2021-07-28 18:39:28] - Processing attribute `courseLeader` : value = Mr.React
[2021-07-28 18:39:28] - Attribute (`courseLeader`)  - enhanced for lazy-loading? - false
[2021-07-28 18:39:28] - Processing attribute `courseName` : value = react
[2021-07-28 18:39:28] - Attribute (`courseName`)  - enhanced for lazy-loading? - false
[2021-07-28 18:39:28] - Processing attribute `userCourseSet` : value = NOT NULL COLLECTION
[2021-07-28 18:39:28] - Attribute (`userCourseSet`)  - enhanced for lazy-loading? - false
[2021-07-28 18:39:28] - Done materializing entity [com.anu.springunijpa.entity.Course#c3]
[2021-07-28 18:39:28] - Resolving attributes for [com.anu.springunijpa.entity.Course#c4]
[2021-07-28 18:39:28] - Processing attribute `courseLeader` : value = Mr.Android
[2021-07-28 18:39:28] - Attribute (`courseLeader`)  - enhanced for lazy-loading? - false
[2021-07-28 18:39:28] - Processing attribute `courseName` : value = android
[2021-07-28 18:39:28] - Attribute (`courseName`)  - enhanced for lazy-loading? - false
[2021-07-28 18:39:28] - Processing attribute `userCourseSet` : value = NOT NULL COLLECTION
[2021-07-28 18:39:28] - Attribute (`userCourseSet`)  - enhanced for lazy-loading? - false
[2021-07-28 18:39:28] - Done materializing entity [com.anu.springunijpa.entity.Course#c4]
[2021-07-28 18:39:28] - Resolving attributes for [com.anu.springunijpa.entity.Course#c5]
[2021-07-28 18:39:28] - Processing attribute `courseLeader` : value = Mr.Flutter
[2021-07-28 18:39:28] - Attribute (`courseLeader`)  - enhanced for lazy-loading? - false
[2021-07-28 18:39:28] - Processing attribute `courseName` : value = flutter
[2021-07-28 18:39:28] - Attribute (`courseName`)  - enhanced for lazy-loading? - false
[2021-07-28 18:39:28] - Processing attribute `userCourseSet` : value = NOT NULL COLLECTION
[2021-07-28 18:39:28] - Attribute (`userCourseSet`)  - enhanced for lazy-loading? - false
[2021-07-28 18:39:28] - Done materializing entity [com.anu.springunijpa.entity.Course#c5]
[2021-07-28 18:39:28] - Initiating transaction commit
[2021-07-28 18:39:28] - Committing JPA transaction on EntityManager [SessionImpl(1327463051<open>)]
[2021-07-28 18:39:28] - committing
[2021-07-28 18:39:28] - Resetting read-only flag of JDBC Connection [HikariProxyConnection@1104715032 wrapping com.mysql.cj.jdbc.ConnectionImpl@3c16528d]
[2021-07-28 18:39:28] - Not closing pre-bound JPA EntityManager after transaction
[2021-07-28 18:39:28] - Using 'application/json', given [*/*] and supported [application/json, application/*+json, application/json, application/*+json]
[2021-07-28 18:39:28] - Loading collection: [com.anu.springunijpa.entity.Course.userCourseSet#c1]
[2021-07-28 18:39:28] - select usercourse0_.course_id as course_i1_2_0_, usercourse0_.user_id as user_id2_2_0_, usercourse0_.course_id as course_i1_2_1_, usercourse0_.user_id as user_id2_2_1_, usercourse0_.user_course_set as user_cou3_2_1_, user1_.user_id as user_id1_1_2_, user1_.date_of_birth as date_of_2_1_2_, user1_.user_name as user_nam3_1_2_, user1_.user_tel as user_tel4_1_2_ from user_course usercourse0_ inner join user user1_ on usercourse0_.user_id=user1_.user_id where usercourse0_.course_id=?
[2021-07-28 18:39:28] - Preparing collection initializer : [com.anu.springunijpa.entity.Course.userCourseSet#c1]
[2021-07-28 18:39:28] - Found row of collection: [com.anu.springunijpa.entity.Course.userCourseSet#c1]
[2021-07-28 18:39:28] - Found row of collection: [com.anu.springunijpa.entity.Course.userCourseSet#c1]
[2021-07-28 18:39:28] - Found row of collection: [com.anu.springunijpa.entity.Course.userCourseSet#c1]
[2021-07-28 18:39:28] - Found row of collection: [com.anu.springunijpa.entity.Course.userCourseSet#c1]
[2021-07-28 18:39:28] - Resolving attributes for [com.anu.springunijpa.entity.UserCourse#component[courseId,userId]{courseId=c1, userId=1}]
[2021-07-28 18:39:28] - Processing attribute `course` : value = c1
[2021-07-28 18:39:28] - Attribute (`course`)  - enhanced for lazy-loading? - false
[2021-07-28 18:39:28] - Processing attribute `user` : value = 1
[2021-07-28 18:39:28] - Attribute (`user`)  - enhanced for lazy-loading? - false
[2021-07-28 18:39:28] - Processing attribute `userCourseSet` : value = null
[2021-07-28 18:39:28] - Attribute (`userCourseSet`)  - enhanced for lazy-loading? - false
[2021-07-28 18:39:28] - Done materializing entity [com.anu.springunijpa.entity.UserCourse#component[courseId,userId]{courseId=c1, userId=1}]
[2021-07-28 18:39:28] - Resolving attributes for [com.anu.springunijpa.entity.User#1]
[2021-07-28 18:39:28] - Processing attribute `dOB` : value = 1999-05-02
[2021-07-28 18:39:28] - Attribute (`dOB`)  - enhanced for lazy-loading? - false
[2021-07-28 18:39:28] - Processing attribute `userCourseSet` : value = NOT NULL COLLECTION
[2021-07-28 18:39:28] - Attribute (`userCourseSet`)  - enhanced for lazy-loading? - false
[2021-07-28 18:39:28] - Processing attribute `userName` : value = John
[2021-07-28 18:39:28] - Attribute (`userName`)  - enhanced for lazy-loading? - false
[2021-07-28 18:39:28] - Processing attribute `userTel` : value = 709709234
[2021-07-28 18:39:28] - Attribute (`userTel`)  - enhanced for lazy-loading? - false
[2021-07-28 18:39:28] - Done materializing entity [com.anu.springunijpa.entity.User#1]
[2021-07-28 18:39:28] - Resolving attributes for [com.anu.springunijpa.entity.UserCourse#component[courseId,userId]{courseId=c1, userId=3}]
[2021-07-28 18:39:28] - Processing attribute `course` : value = c1
[2021-07-28 18:39:28] - Attribute (`course`)  - enhanced for lazy-loading? - false
[2021-07-28 18:39:28] - Processing attribute `user` : value = 3
[2021-07-28 18:39:28] - Attribute (`user`)  - enhanced for lazy-loading? - false
[2021-07-28 18:39:28] - Processing attribute `userCourseSet` : value = null
[2021-07-28 18:39:28] - Attribute (`userCourseSet`)  - enhanced for lazy-loading? - false
[2021-07-28 18:39:28] - Done materializing entity [com.anu.springunijpa.entity.UserCourse#component[courseId,userId]{courseId=c1, userId=3}]
[2021-07-28 18:39:28] - Resolving attributes for [com.anu.springunijpa.entity.User#3]
[2021-07-28 18:39:28] - Processing attribute `dOB` : value = 2001-12-10
[2021-07-28 18:39:28] - Attribute (`dOB`)  - enhanced for lazy-loading? - false
[2021-07-28 18:39:28] - Processing attribute `userCourseSet` : value = NOT NULL COLLECTION
[2021-07-28 18:39:28] - Attribute (`userCourseSet`)  - enhanced for lazy-loading? - false
[2021-07-28 18:39:28] - Processing attribute `userName` : value = Kate
[2021-07-28 18:39:28] - Attribute (`userName`)  - enhanced for lazy-loading? - false
[2021-07-28 18:39:28] - Processing attribute `userTel` : value = 767097796
[2021-07-28 18:39:28] - Attribute (`userTel`)  - enhanced for lazy-loading? - false
[2021-07-28 18:39:28] - Done materializing entity [com.anu.springunijpa.entity.User#3]
[2021-07-28 18:39:28] - Resolving attributes for [com.anu.springunijpa.entity.UserCourse#component[courseId,userId]{courseId=c1, userId=5}]
[2021-07-28 18:39:28] - Processing attribute `course` : value = c1
[2021-07-28 18:39:28] - Attribute (`course`)  - enhanced for lazy-loading? - false
[2021-07-28 18:39:28] - Processing attribute `user` : value = 5
[2021-07-28 18:39:28] - Attribute (`user`)  - enhanced for lazy-loading? - false
[2021-07-28 18:39:28] - Processing attribute `userCourseSet` : value = null
[2021-07-28 18:39:28] - Attribute (`userCourseSet`)  - enhanced for lazy-loading? - false
[2021-07-28 18:39:28] - Done materializing entity [com.anu.springunijpa.entity.UserCourse#component[courseId,userId]{courseId=c1, userId=5}]
