[2021-07-28 18:04:39] - HikariPool-1 - Pool stats (total=10, active=0, idle=10, waiting=0)
[2021-07-28 18:04:39] - HikariPool-1 - Fill pool skipped, pool is at sufficient level.
[2021-07-28 18:04:45] - Executing request. operation name: 'null'. query: 'mutation createUser($userInput:UserIput){
    createUser(userInput:$userInput){
        userId
        userName
        dOB
        userTel
    }

}'. variables '{userInput={userId=13, userName=Roni, dOB=2001-10-30, userTel=0712323451}}'
[2021-07-28 18:04:45] - Parsing query: 'mutation createUser($userInput:UserIput){
    createUser(userInput:$userInput){
        userId
        userName
        dOB
        userTel
    }

}'...
[2021-07-28 18:04:45] - Validating query: 'mutation createUser($userInput:UserIput){
    createUser(userInput:$userInput){
        userId
        userName
        dOB
        userTel
    }

}'
[2021-07-28 18:04:45] - Query failed to validate : 'mutation createUser($userInput:UserIput){
    createUser(userInput:$userInput){
        userId
        userName
        dOB
        userTel
    }

}'
[2021-07-28 18:04:51] - Executing request. operation name: 'null'. query: 'mutation createUser($userInput:UserIput){
    createUser(userInput:$userInput){
        userId
        userName
        dOB
        userTel
    }

}'. variables '{userInput={userId=13, userName=Roni, dOB=2001-10-30, userTel=0712323451}}'
[2021-07-28 18:04:51] - Parsing query: 'mutation createUser($userInput:UserIput){
    createUser(userInput:$userInput){
        userId
        userName
        dOB
        userTel
    }

}'...
[2021-07-28 18:04:51] - Validating query: 'mutation createUser($userInput:UserIput){
    createUser(userInput:$userInput){
        userId
        userName
        dOB
        userTel
    }

}'
[2021-07-28 18:04:51] - Query failed to validate : 'mutation createUser($userInput:UserIput){
    createUser(userInput:$userInput){
        userId
        userName
        dOB
        userTel
    }

}'
[2021-07-28 18:05:09] - HikariPool-1 - Pool stats (total=10, active=0, idle=10, waiting=0)
[2021-07-28 18:05:09] - HikariPool-1 - Fill pool skipped, pool is at sufficient level.
[2021-07-28 18:05:39] - HikariPool-1 - Pool stats (total=10, active=0, idle=10, waiting=0)
[2021-07-28 18:05:39] - HikariPool-1 - Fill pool skipped, pool is at sufficient level.
[2021-07-28 18:06:09] - HikariPool-1 - Pool stats (total=10, active=0, idle=10, waiting=0)
[2021-07-28 18:06:09] - HikariPool-1 - Fill pool skipped, pool is at sufficient level.
[2021-07-28 18:06:39] - HikariPool-1 - Pool stats (total=10, active=0, idle=10, waiting=0)
[2021-07-28 18:06:39] - HikariPool-1 - Fill pool skipped, pool is at sufficient level.
[2021-07-28 18:07:09] - HikariPool-1 - Pool stats (total=10, active=0, idle=10, waiting=0)
[2021-07-28 18:07:09] - HikariPool-1 - Fill pool skipped, pool is at sufficient level.
[2021-07-28 18:07:39] - HikariPool-1 - Pool stats (total=10, active=0, idle=10, waiting=0)
[2021-07-28 18:07:39] - HikariPool-1 - Fill pool skipped, pool is at sufficient level.
[2021-07-28 18:08:09] - HikariPool-1 - Pool stats (total=10, active=0, idle=10, waiting=0)
[2021-07-28 18:08:09] - HikariPool-1 - Fill pool skipped, pool is at sufficient level.
[2021-07-28 18:08:39] - HikariPool-1 - Pool stats (total=10, active=0, idle=10, waiting=0)
[2021-07-28 18:08:39] - HikariPool-1 - Fill pool skipped, pool is at sufficient level.
[2021-07-28 18:09:09] - HikariPool-1 - Pool stats (total=10, active=0, idle=10, waiting=0)
[2021-07-28 18:09:09] - HikariPool-1 - Fill pool skipped, pool is at sufficient level.
[2021-07-28 18:09:39] - HikariPool-1 - Pool stats (total=10, active=0, idle=10, waiting=0)
[2021-07-28 18:09:39] - HikariPool-1 - Fill pool skipped, pool is at sufficient level.
[2021-07-28 18:10:09] - HikariPool-1 - Pool stats (total=10, active=0, idle=10, waiting=0)
[2021-07-28 18:10:09] - HikariPool-1 - Fill pool skipped, pool is at sufficient level.
[2021-07-28 18:10:39] - HikariPool-1 - Pool stats (total=10, active=0, idle=10, waiting=0)
[2021-07-28 18:10:39] - HikariPool-1 - Fill pool skipped, pool is at sufficient level.
[2021-07-28 18:11:09] - HikariPool-1 - Pool stats (total=10, active=0, idle=10, waiting=0)
[2021-07-28 18:11:09] - HikariPool-1 - Fill pool skipped, pool is at sufficient level.
[2021-07-28 18:11:39] - HikariPool-1 - Pool stats (total=10, active=0, idle=10, waiting=0)
[2021-07-28 18:11:39] - HikariPool-1 - Fill pool skipped, pool is at sufficient level.
[2021-07-28 18:12:09] - HikariPool-1 - Pool stats (total=10, active=0, idle=10, waiting=0)
[2021-07-28 18:12:09] - HikariPool-1 - Fill pool skipped, pool is at sufficient level.
[2021-07-28 18:12:39] - HikariPool-1 - Pool stats (total=10, active=0, idle=10, waiting=0)
[2021-07-28 18:12:39] - HikariPool-1 - Fill pool skipped, pool is at sufficient level.
[2021-07-28 18:12:56] - Executing request. operation name: 'null'. query: 'mutation createUser($userInput:UserIput){
    createUser(userInput:$userInput)

}'. variables '{userInput={userId=13, userName=Roni, dOB=2001-10-30, userTel=0712323451}}'
[2021-07-28 18:12:56] - Parsing query: 'mutation createUser($userInput:UserIput){
    createUser(userInput:$userInput)

}'...
[2021-07-28 18:12:56] - Validating query: 'mutation createUser($userInput:UserIput){
    createUser(userInput:$userInput)

}'
[2021-07-28 18:12:56] - Query failed to validate : 'mutation createUser($userInput:UserIput){
    createUser(userInput:$userInput)

}'
[2021-07-28 18:13:09] - HikariPool-1 - Pool stats (total=10, active=0, idle=10, waiting=0)
[2021-07-28 18:13:09] - HikariPool-1 - Fill pool skipped, pool is at sufficient level.
[2021-07-28 18:13:39] - HikariPool-1 - Pool stats (total=10, active=0, idle=10, waiting=0)
[2021-07-28 18:13:39] - HikariPool-1 - Fill pool skipped, pool is at sufficient level.
[2021-07-28 18:14:09] - HikariPool-1 - Pool stats (total=10, active=0, idle=10, waiting=0)
[2021-07-28 18:14:09] - HikariPool-1 - Fill pool skipped, pool is at sufficient level.
[2021-07-28 18:14:10] - Executing request. operation name: 'null'. query: 'mutation createUser($userInput: UserIput){
    createUser(userInput: $userInput){
        userId
        userName
        dOB
        userTel
    }

}'. variables '{userInput={userId=13, userName=Roni, dOB=2001-10-30, userTel=0712323451}}'
[2021-07-28 18:14:10] - Parsing query: 'mutation createUser($userInput: UserIput){
    createUser(userInput: $userInput){
        userId
        userName
        dOB
        userTel
    }

}'...
[2021-07-28 18:14:10] - Validating query: 'mutation createUser($userInput: UserIput){
    createUser(userInput: $userInput){
        userId
        userName
        dOB
        userTel
    }

}'
[2021-07-28 18:14:10] - Query failed to validate : 'mutation createUser($userInput: UserIput){
    createUser(userInput: $userInput){
        userId
        userName
        dOB
        userTel
    }

}'
[2021-07-28 18:14:39] - HikariPool-1 - Pool stats (total=10, active=0, idle=10, waiting=0)
[2021-07-28 18:14:39] - HikariPool-1 - Fill pool skipped, pool is at sufficient level.
[2021-07-28 18:15:09] - HikariPool-1 - Pool stats (total=10, active=0, idle=10, waiting=0)
[2021-07-28 18:15:09] - HikariPool-1 - Fill pool skipped, pool is at sufficient level.
[2021-07-28 18:15:39] - HikariPool-1 - Pool stats (total=10, active=0, idle=10, waiting=0)
[2021-07-28 18:15:39] - HikariPool-1 - Fill pool skipped, pool is at sufficient level.
[2021-07-28 18:16:09] - HikariPool-1 - Pool stats (total=10, active=0, idle=10, waiting=0)
[2021-07-28 18:16:09] - HikariPool-1 - Fill pool skipped, pool is at sufficient level.
[2021-07-28 18:16:40] - HikariPool-1 - Pool stats (total=10, active=0, idle=10, waiting=0)
[2021-07-28 18:16:40] - HikariPool-1 - Fill pool skipped, pool is at sufficient level.
[2021-07-28 18:17:10] - HikariPool-1 - Pool stats (total=10, active=0, idle=10, waiting=0)
[2021-07-28 18:17:10] - HikariPool-1 - Fill pool skipped, pool is at sufficient level.
[2021-07-28 18:17:26] - Application availability state ReadinessState changed from ACCEPTING_TRAFFIC to REFUSING_TRAFFIC
[2021-07-28 18:17:26] - Closing org.springframework.boot.web.servlet.context.AnnotationConfigServletWebServerApplicationContext@363042d7, started on Wed Jul 28 18:04:08 IST 2021
[2021-07-28 18:17:26] - Found key 'spring.liveBeansView.mbeanDomain' in PropertySource 'systemProperties' with value of type String
[2021-07-28 18:17:26] - Stopping beans in phase 2147483647
[2021-07-28 18:17:26] - Bean 'webServerGracefulShutdown' completed its stop procedure
[2021-07-28 18:17:26] - Stopping beans in phase 2147483646
[2021-07-28 18:17:26] - Bean 'webServerStartStop' completed its stop procedure
[2021-07-28 18:17:26] - Stopping beans in phase 0
[2021-07-28 18:17:26] - Successfully stopped bean 'serverEndpointRegistration'
[2021-07-28 18:17:26] - Unregistering JMX-exposed beans on shutdown
[2021-07-28 18:17:26] - Unregistering JMX-exposed beans
[2021-07-28 18:17:26] - Shutting down ExecutorService 'applicationTaskExecutor'
[2021-07-28 18:17:26] - Closing JPA EntityManagerFactory for persistence unit 'default'
[2021-07-28 18:17:26] - HHH000031: Closing
[2021-07-28 18:17:26] - Un-scoping TypeConfiguration [org.hibernate.type.spi.TypeConfiguration$Scope@46e15a45] from SessionFactory [org.hibernate.internal.SessionFactoryImpl@26f75d9c]
[2021-07-28 18:17:26] - Implicitly destroying ServiceRegistry on de-registration of all child ServiceRegistries
[2021-07-28 18:17:26] - Implicitly destroying Boot-strap registry on de-registration of all child ServiceRegistries
[2021-07-28 18:17:26] - HikariPool-1 - Shutdown initiated...
[2021-07-28 18:17:26] - HikariPool-1 - Before shutdown stats (total=10, active=0, idle=10, waiting=0)
[2021-07-28 18:17:26] - HikariPool-1 - Closing connection com.mysql.cj.jdbc.ConnectionImpl@53cb0bcb: (connection evicted)
[2021-07-28 18:17:26] - HikariPool-1 - Closing connection com.mysql.cj.jdbc.ConnectionImpl@4bbcccda: (connection evicted)
[2021-07-28 18:17:26] - HikariPool-1 - Closing connection com.mysql.cj.jdbc.ConnectionImpl@6aae39ae: (connection evicted)
[2021-07-28 18:17:26] - HikariPool-1 - Closing connection com.mysql.cj.jdbc.ConnectionImpl@79eabe56: (connection evicted)
[2021-07-28 18:17:26] - HikariPool-1 - Closing connection com.mysql.cj.jdbc.ConnectionImpl@6ee027a1: (connection evicted)
[2021-07-28 18:17:26] - HikariPool-1 - Closing connection com.mysql.cj.jdbc.ConnectionImpl@485e110a: (connection evicted)
[2021-07-28 18:17:26] - HikariPool-1 - Closing connection com.mysql.cj.jdbc.ConnectionImpl@1e300f0b: (connection evicted)
[2021-07-28 18:17:26] - HikariPool-1 - Closing connection com.mysql.cj.jdbc.ConnectionImpl@d665b94: (connection evicted)
[2021-07-28 18:17:26] - HikariPool-1 - Closing connection com.mysql.cj.jdbc.ConnectionImpl@79518b9e: (connection evicted)
[2021-07-28 18:17:26] - HikariPool-1 - Closing connection com.mysql.cj.jdbc.ConnectionImpl@779a2377: (connection evicted)
[2021-07-28 18:17:26] - HikariPool-1 - After shutdown stats (total=0, active=0, idle=0, waiting=0)
[2021-07-28 18:17:26] - HikariPool-1 - Shutdown completed.
[2021-07-28 18:17:30] - Starting SpringUniJpaApplication using Java 16.0.1 on anuththara-VivoBook-ASUSLaptop-X509JB-X509JB with PID 16112 (/home/anuththara/Documents/hSenid/Practice/springboot/spring-uni-jpa/UserJPA-Springboot/target/classes started by anuththara in /home/anuththara/Documents/hSenid/Practice/springboot/spring-uni-jpa/UserJPA-Springboot)
[2021-07-28 18:17:30] - Running with Spring Boot v2.5.2, Spring v5.3.8
[2021-07-28 18:17:30] - No active profile set, falling back to default profiles: default
[2021-07-28 18:17:30] - Loading source class com.anu.springunijpa.SpringUniJpaApplication
[2021-07-28 18:17:30] - Refreshing org.springframework.boot.web.servlet.context.AnnotationConfigServletWebServerApplicationContext@363042d7
[2021-07-28 18:17:30] - Creating shared instance of singleton bean 'org.springframework.context.annotation.internalConfigurationAnnotationProcessor'
[2021-07-28 18:17:30] - Creating shared instance of singleton bean 'org.springframework.boot.autoconfigure.internalCachingMetadataReaderFactory'
[2021-07-28 18:17:30] - Identified candidate component class: file [/home/anuththara/Documents/hSenid/Practice/springboot/spring-uni-jpa/UserJPA-Springboot/target/classes/com/anu/springunijpa/controller/CourseController.class]
[2021-07-28 18:17:30] - Identified candidate component class: file [/home/anuththara/Documents/hSenid/Practice/springboot/spring-uni-jpa/UserJPA-Springboot/target/classes/com/anu/springunijpa/controller/UserController.class]
[2021-07-28 18:17:30] - Identified candidate component class: file [/home/anuththara/Documents/hSenid/Practice/springboot/spring-uni-jpa/UserJPA-Springboot/target/classes/com/anu/springunijpa/exception/GlobalExceptionHandler.class]
[2021-07-28 18:17:30] - Identified candidate component class: file [/home/anuththara/Documents/hSenid/Practice/springboot/spring-uni-jpa/UserJPA-Springboot/target/classes/com/anu/springunijpa/resolver/CourseResolver.class]
[2021-07-28 18:17:30] - Identified candidate component class: file [/home/anuththara/Documents/hSenid/Practice/springboot/spring-uni-jpa/UserJPA-Springboot/target/classes/com/anu/springunijpa/resolver/GraphQLLocalDate.class]
[2021-07-28 18:17:30] - Identified candidate component class: file [/home/anuththara/Documents/hSenid/Practice/springboot/spring-uni-jpa/UserJPA-Springboot/target/classes/com/anu/springunijpa/resolver/UserMutationResolver.class]
[2021-07-28 18:17:30] - Identified candidate component class: file [/home/anuththara/Documents/hSenid/Practice/springboot/spring-uni-jpa/UserJPA-Springboot/target/classes/com/anu/springunijpa/resolver/UserResolver.class]
[2021-07-28 18:17:30] - Identified candidate component class: file [/home/anuththara/Documents/hSenid/Practice/springboot/spring-uni-jpa/UserJPA-Springboot/target/classes/com/anu/springunijpa/service/impl/CourseServiceImpl.class]
