[2021-07-26 11:44:00] - Tomcat initialized with port(s): 8080 (http)
[2021-07-26 11:44:00] - Initializing ProtocolHandler ["http-nio-8080"]
[2021-07-26 11:44:00] - Starting service [Tomcat]
[2021-07-26 11:44:00] - Starting Servlet engine: [Apache Tomcat/9.0.48]
[2021-07-26 11:44:00] - Initializing Spring embedded WebApplicationContext
[2021-07-26 11:44:00] - Root WebApplicationContext: initialization completed in 948 ms
[2021-07-26 11:44:00] - HHH000204: Processing PersistenceUnitInfo [name: default]
[2021-07-26 11:44:00] - HHH000412: Hibernate ORM core version 5.4.32.Final
[2021-07-26 11:44:00] - HCANN000001: Hibernate Commons Annotations {5.1.2.Final}
[2021-07-26 11:44:00] - HikariPool-1 - Starting...
[2021-07-26 11:44:00] - Registered driver with driverClassName=com.mysql.jdbc.Driver was not found, trying direct instantiation.
[2021-07-26 11:44:01] - HikariPool-1 - Start completed.
[2021-07-26 11:44:01] - HHH000400: Using dialect: org.hibernate.dialect.MySQL5Dialect
[2021-07-26 11:44:01] - HHH000490: Using JtaPlatform implementation: [org.hibernate.engine.transaction.jta.platform.internal.NoJtaPlatform]
[2021-07-26 11:44:01] - Initialized JPA EntityManagerFactory for persistence unit 'default'
[2021-07-26 11:44:01] - spring.jpa.open-in-view is enabled by default. Therefore, database queries may be performed during view rendering. Explicitly configure spring.jpa.open-in-view to disable this warning
[2021-07-26 11:44:02] - Starting ProtocolHandler ["http-nio-8080"]
[2021-07-26 11:44:02] - Tomcat started on port(s): 8080 (http) with context path ''
[2021-07-26 11:44:02] - Started SpringUniJpaApplication in 2.827 seconds (JVM running for 3.546)
[2021-07-26 11:44:05] - Initializing Spring DispatcherServlet 'dispatcherServlet'
[2021-07-26 11:44:05] - Initializing Servlet 'dispatcherServlet'
[2021-07-26 11:44:05] - Completed initialization in 1 ms
[2021-07-26 11:45:25] - Closing JPA EntityManagerFactory for persistence unit 'default'
[2021-07-26 11:45:25] - HikariPool-1 - Shutdown initiated...
[2021-07-26 11:45:25] - HikariPool-1 - Shutdown completed.
[2021-07-26 11:45:29] - Starting SpringUniJpaApplication using Java 16.0.1 on anuththara-VivoBook-ASUSLaptop-X509JB-X509JB with PID 11133 (/home/anuththara/Documents/hSenid/Practice/springboot/spring-uni-jpa/UserJPA-Springboot/target/classes started by anuththara in /home/anuththara/Documents/hSenid/Practice/springboot/spring-uni-jpa/UserJPA-Springboot)
[2021-07-26 11:45:29] - No active profile set, falling back to default profiles: default
[2021-07-26 11:45:29] - Bootstrapping Spring Data JPA repositories in DEFAULT mode.
[2021-07-26 11:45:29] - Finished Spring Data repository scanning in 28 ms. Found 2 JPA repository interfaces.
[2021-07-26 11:45:29] - Tomcat initialized with port(s): 8080 (http)
[2021-07-26 11:45:29] - Initializing ProtocolHandler ["http-nio-8080"]
[2021-07-26 11:45:29] - Starting service [Tomcat]
[2021-07-26 11:45:29] - Starting Servlet engine: [Apache Tomcat/9.0.48]
[2021-07-26 11:45:29] - Initializing Spring embedded WebApplicationContext
[2021-07-26 11:45:29] - Root WebApplicationContext: initialization completed in 901 ms
[2021-07-26 11:45:30] - HHH000204: Processing PersistenceUnitInfo [name: default]
[2021-07-26 11:45:30] - HHH000412: Hibernate ORM core version 5.4.32.Final
[2021-07-26 11:45:30] - HCANN000001: Hibernate Commons Annotations {5.1.2.Final}
[2021-07-26 11:45:30] - HikariPool-1 - Starting...
[2021-07-26 11:45:30] - Registered driver with driverClassName=com.mysql.jdbc.Driver was not found, trying direct instantiation.
[2021-07-26 11:45:30] - HikariPool-1 - Start completed.
[2021-07-26 11:45:30] - HHH000400: Using dialect: org.hibernate.dialect.MySQL5Dialect
[2021-07-26 11:45:30] - HHH000490: Using JtaPlatform implementation: [org.hibernate.engine.transaction.jta.platform.internal.NoJtaPlatform]
[2021-07-26 11:45:30] - Initialized JPA EntityManagerFactory for persistence unit 'default'
[2021-07-26 11:45:31] - spring.jpa.open-in-view is enabled by default. Therefore, database queries may be performed during view rendering. Explicitly configure spring.jpa.open-in-view to disable this warning
[2021-07-26 11:45:31] - Starting ProtocolHandler ["http-nio-8080"]
[2021-07-26 11:45:31] - Tomcat started on port(s): 8080 (http) with context path ''
[2021-07-26 11:45:31] - Started SpringUniJpaApplication in 2.798 seconds (JVM running for 3.433)
[2021-07-26 11:45:34] - Initializing Spring DispatcherServlet 'dispatcherServlet'
[2021-07-26 11:45:34] - Initializing Servlet 'dispatcherServlet'
[2021-07-26 11:45:34] - Completed initialization in 1 ms
[2021-07-26 11:46:16] - Closing JPA EntityManagerFactory for persistence unit 'default'
[2021-07-26 11:46:16] - HikariPool-1 - Shutdown initiated...
[2021-07-26 11:46:16] - HikariPool-1 - Shutdown completed.
[2021-07-26 11:46:19] - Starting SpringUniJpaApplication using Java 16.0.1 on anuththara-VivoBook-ASUSLaptop-X509JB-X509JB with PID 11274 (/home/anuththara/Documents/hSenid/Practice/springboot/spring-uni-jpa/UserJPA-Springboot/target/classes started by anuththara in /home/anuththara/Documents/hSenid/Practice/springboot/spring-uni-jpa/UserJPA-Springboot)
[2021-07-26 11:46:19] - No active profile set, falling back to default profiles: default
[2021-07-26 11:46:20] - Bootstrapping Spring Data JPA repositories in DEFAULT mode.
[2021-07-26 11:46:20] - Finished Spring Data repository scanning in 31 ms. Found 2 JPA repository interfaces.
[2021-07-26 11:46:20] - Tomcat initialized with port(s): 8080 (http)
[2021-07-26 11:46:20] - Initializing ProtocolHandler ["http-nio-8080"]
[2021-07-26 11:46:20] - Starting service [Tomcat]
[2021-07-26 11:46:20] - Starting Servlet engine: [Apache Tomcat/9.0.48]
[2021-07-26 11:46:20] - Initializing Spring embedded WebApplicationContext
[2021-07-26 11:46:20] - Root WebApplicationContext: initialization completed in 934 ms
[2021-07-26 11:46:20] - HHH000204: Processing PersistenceUnitInfo [name: default]
[2021-07-26 11:46:20] - HHH000412: Hibernate ORM core version 5.4.32.Final
[2021-07-26 11:46:20] - HCANN000001: Hibernate Commons Annotations {5.1.2.Final}
[2021-07-26 11:46:21] - HikariPool-1 - Starting...
[2021-07-26 11:46:21] - Registered driver with driverClassName=com.mysql.jdbc.Driver was not found, trying direct instantiation.
[2021-07-26 11:46:21] - HikariPool-1 - Start completed.
[2021-07-26 11:46:21] - HHH000400: Using dialect: org.hibernate.dialect.MySQL5Dialect
[2021-07-26 11:46:21] - HHH000490: Using JtaPlatform implementation: [org.hibernate.engine.transaction.jta.platform.internal.NoJtaPlatform]
[2021-07-26 11:46:21] - Initialized JPA EntityManagerFactory for persistence unit 'default'
[2021-07-26 11:46:22] - spring.jpa.open-in-view is enabled by default. Therefore, database queries may be performed during view rendering. Explicitly configure spring.jpa.open-in-view to disable this warning
[2021-07-26 11:46:22] - Starting ProtocolHandler ["http-nio-8080"]
[2021-07-26 11:46:22] - Tomcat started on port(s): 8080 (http) with context path ''
[2021-07-26 11:46:22] - Started SpringUniJpaApplication in 2.834 seconds (JVM running for 3.724)
[2021-07-26 11:46:25] - Initializing Spring DispatcherServlet 'dispatcherServlet'
[2021-07-26 11:46:25] - Initializing Servlet 'dispatcherServlet'
[2021-07-26 11:46:25] - Completed initialization in 1 ms
[2021-07-26 11:48:09] - Closing JPA EntityManagerFactory for persistence unit 'default'
[2021-07-26 11:48:09] - HikariPool-1 - Shutdown initiated...
[2021-07-26 11:48:09] - HikariPool-1 - Shutdown completed.
[2021-07-26 11:48:13] - Starting SpringUniJpaApplication using Java 16.0.1 on anuththara-VivoBook-ASUSLaptop-X509JB-X509JB with PID 11428 (/home/anuththara/Documents/hSenid/Practice/springboot/spring-uni-jpa/UserJPA-Springboot/target/classes started by anuththara in /home/anuththara/Documents/hSenid/Practice/springboot/spring-uni-jpa/UserJPA-Springboot)
[2021-07-26 11:48:13] - No active profile set, falling back to default profiles: default
[2021-07-26 11:48:13] - Bootstrapping Spring Data JPA repositories in DEFAULT mode.
[2021-07-26 11:48:13] - Finished Spring Data repository scanning in 26 ms. Found 2 JPA repository interfaces.
[2021-07-26 11:48:14] - Tomcat initialized with port(s): 8080 (http)
[2021-07-26 11:48:14] - Initializing ProtocolHandler ["http-nio-8080"]
[2021-07-26 11:48:14] - Starting service [Tomcat]
[2021-07-26 11:48:14] - Starting Servlet engine: [Apache Tomcat/9.0.48]
[2021-07-26 11:48:14] - Initializing Spring embedded WebApplicationContext
[2021-07-26 11:48:14] - Root WebApplicationContext: initialization completed in 860 ms
[2021-07-26 11:48:14] - HHH000204: Processing PersistenceUnitInfo [name: default]
[2021-07-26 11:48:14] - HHH000412: Hibernate ORM core version 5.4.32.Final
[2021-07-26 11:48:14] - HCANN000001: Hibernate Commons Annotations {5.1.2.Final}
[2021-07-26 11:48:14] - HikariPool-1 - Starting...
[2021-07-26 11:48:14] - Registered driver with driverClassName=com.mysql.jdbc.Driver was not found, trying direct instantiation.
[2021-07-26 11:48:14] - HikariPool-1 - Start completed.
[2021-07-26 11:48:14] - HHH000400: Using dialect: org.hibernate.dialect.MySQL5Dialect
[2021-07-26 11:48:15] - HHH000490: Using JtaPlatform implementation: [org.hibernate.engine.transaction.jta.platform.internal.NoJtaPlatform]
[2021-07-26 11:48:15] - Initialized JPA EntityManagerFactory for persistence unit 'default'
[2021-07-26 11:48:15] - spring.jpa.open-in-view is enabled by default. Therefore, database queries may be performed during view rendering. Explicitly configure spring.jpa.open-in-view to disable this warning
[2021-07-26 11:48:15] - Starting ProtocolHandler ["http-nio-8080"]
[2021-07-26 11:48:15] - Tomcat started on port(s): 8080 (http) with context path ''
[2021-07-26 11:48:15] - Started SpringUniJpaApplication in 2.844 seconds (JVM running for 3.494)
[2021-07-26 11:48:17] - Initializing Spring DispatcherServlet 'dispatcherServlet'
[2021-07-26 11:48:17] - Initializing Servlet 'dispatcherServlet'
[2021-07-26 11:48:17] - Completed initialization in 1 ms
[2021-07-26 11:48:41] - Closing JPA EntityManagerFactory for persistence unit 'default'
[2021-07-26 11:48:41] - HikariPool-1 - Shutdown initiated...
[2021-07-26 11:48:41] - HikariPool-1 - Shutdown completed.
[2021-07-26 11:48:44] - Starting SpringUniJpaApplication using Java 16.0.1 on anuththara-VivoBook-ASUSLaptop-X509JB-X509JB with PID 11566 (/home/anuththara/Documents/hSenid/Practice/springboot/spring-uni-jpa/UserJPA-Springboot/target/classes started by anuththara in /home/anuththara/Documents/hSenid/Practice/springboot/spring-uni-jpa/UserJPA-Springboot)
[2021-07-26 11:48:44] - No active profile set, falling back to default profiles: default
[2021-07-26 11:48:45] - Bootstrapping Spring Data JPA repositories in DEFAULT mode.
[2021-07-26 11:48:45] - Finished Spring Data repository scanning in 25 ms. Found 2 JPA repository interfaces.
