[2021-07-28 09:38:48] - Adding type registration short -> org.hibernate.type.ShortType@629984eb
[2021-07-28 09:38:48] - Adding type registration short -> org.hibernate.type.ShortType@629984eb
[2021-07-28 09:38:48] - Adding type registration java.lang.Short -> org.hibernate.type.ShortType@629984eb
[2021-07-28 09:38:48] - Adding type registration integer -> org.hibernate.type.IntegerType@479ac2cb
[2021-07-28 09:38:48] - Adding type registration int -> org.hibernate.type.IntegerType@479ac2cb
[2021-07-28 09:38:48] - Adding type registration java.lang.Integer -> org.hibernate.type.IntegerType@479ac2cb
[2021-07-28 09:38:48] - Adding type registration long -> org.hibernate.type.LongType@7645f03e
[2021-07-28 09:38:48] - Adding type registration long -> org.hibernate.type.LongType@7645f03e
[2021-07-28 09:38:48] - Adding type registration java.lang.Long -> org.hibernate.type.LongType@7645f03e
[2021-07-28 09:38:48] - Adding type registration float -> org.hibernate.type.FloatType@20ead579
[2021-07-28 09:38:48] - Adding type registration float -> org.hibernate.type.FloatType@20ead579
[2021-07-28 09:38:48] - Adding type registration java.lang.Float -> org.hibernate.type.FloatType@20ead579
[2021-07-28 09:38:48] - Adding type registration double -> org.hibernate.type.DoubleType@16da1abc
[2021-07-28 09:38:48] - Adding type registration double -> org.hibernate.type.DoubleType@16da1abc
[2021-07-28 09:38:48] - Adding type registration java.lang.Double -> org.hibernate.type.DoubleType@16da1abc
[2021-07-28 09:38:48] - Adding type registration big_decimal -> org.hibernate.type.BigDecimalType@61ae0d43
[2021-07-28 09:38:48] - Adding type registration java.math.BigDecimal -> org.hibernate.type.BigDecimalType@61ae0d43
[2021-07-28 09:38:48] - Adding type registration big_integer -> org.hibernate.type.BigIntegerType@1526f71
[2021-07-28 09:38:48] - Adding type registration java.math.BigInteger -> org.hibernate.type.BigIntegerType@1526f71
[2021-07-28 09:38:48] - Adding type registration string -> org.hibernate.type.StringType@5995851e
[2021-07-28 09:38:48] - Adding type registration java.lang.String -> org.hibernate.type.StringType@5995851e
[2021-07-28 09:38:48] - Adding type registration nstring -> org.hibernate.type.StringNVarcharType@77d4ac52
[2021-07-28 09:38:48] - Adding type registration ncharacter -> org.hibernate.type.CharacterNCharType@252744a1
[2021-07-28 09:38:48] - Adding type registration url -> org.hibernate.type.UrlType@17fede14
[2021-07-28 09:38:48] - Adding type registration java.net.URL -> org.hibernate.type.UrlType@17fede14
[2021-07-28 09:38:48] - Adding type registration Duration -> org.hibernate.type.DurationType@54e43bfe
[2021-07-28 09:38:48] - Adding type registration java.time.Duration -> org.hibernate.type.DurationType@54e43bfe
[2021-07-28 09:38:48] - Adding type registration Instant -> org.hibernate.type.InstantType@2e43c38d
[2021-07-28 09:38:48] - Adding type registration java.time.Instant -> org.hibernate.type.InstantType@2e43c38d
[2021-07-28 09:38:48] - Adding type registration LocalDateTime -> org.hibernate.type.LocalDateTimeType@51f18e31
[2021-07-28 09:38:48] - Adding type registration java.time.LocalDateTime -> org.hibernate.type.LocalDateTimeType@51f18e31
[2021-07-28 09:38:48] - Adding type registration LocalDate -> org.hibernate.type.LocalDateType@32faa16c
[2021-07-28 09:38:48] - Adding type registration java.time.LocalDate -> org.hibernate.type.LocalDateType@32faa16c
[2021-07-28 09:38:48] - Adding type registration LocalTime -> org.hibernate.type.LocalTimeType@5a13fcf3
[2021-07-28 09:38:48] - Adding type registration java.time.LocalTime -> org.hibernate.type.LocalTimeType@5a13fcf3
[2021-07-28 09:38:48] - Adding type registration OffsetDateTime -> org.hibernate.type.OffsetDateTimeType@11b32a14
[2021-07-28 09:38:48] - Adding type registration java.time.OffsetDateTime -> org.hibernate.type.OffsetDateTimeType@11b32a14
[2021-07-28 09:38:48] - Adding type registration OffsetTime -> org.hibernate.type.OffsetTimeType@71370fec
[2021-07-28 09:38:48] - Adding type registration java.time.OffsetTime -> org.hibernate.type.OffsetTimeType@71370fec
[2021-07-28 09:38:48] - Adding type registration ZonedDateTime -> org.hibernate.type.ZonedDateTimeType@41ef1ea2
[2021-07-28 09:38:48] - Adding type registration java.time.ZonedDateTime -> org.hibernate.type.ZonedDateTimeType@41ef1ea2
[2021-07-28 09:38:48] - Adding type registration date -> org.hibernate.type.DateType@2792b416
[2021-07-28 09:38:48] - Adding type registration java.sql.Date -> org.hibernate.type.DateType@2792b416
[2021-07-28 09:38:48] - Adding type registration time -> org.hibernate.type.TimeType@468173fa
[2021-07-28 09:38:48] - Adding type registration java.sql.Time -> org.hibernate.type.TimeType@468173fa
[2021-07-28 09:38:48] - Adding type registration timestamp -> org.hibernate.type.TimestampType@4640195a
[2021-07-28 09:38:48] - Adding type registration java.sql.Timestamp -> org.hibernate.type.TimestampType@4640195a
[2021-07-28 09:38:48] - Adding type registration java.util.Date -> org.hibernate.type.TimestampType@4640195a
[2021-07-28 09:38:48] - Adding type registration dbtimestamp -> org.hibernate.type.DbTimestampType@9dada78
[2021-07-28 09:38:48] - Adding type registration calendar -> org.hibernate.type.CalendarType@214beff9
[2021-07-28 09:38:48] - Adding type registration java.util.Calendar -> org.hibernate.type.CalendarType@214beff9
[2021-07-28 09:38:48] - Adding type registration java.util.GregorianCalendar -> org.hibernate.type.CalendarType@214beff9
[2021-07-28 09:38:48] - Adding type registration calendar_date -> org.hibernate.type.CalendarDateType@52226e57
[2021-07-28 09:38:48] - Adding type registration calendar_time -> org.hibernate.type.CalendarTimeType@7e7e962d
[2021-07-28 09:38:48] - Adding type registration locale -> org.hibernate.type.LocaleType@49e2b3c5
[2021-07-28 09:38:48] - Adding type registration java.util.Locale -> org.hibernate.type.LocaleType@49e2b3c5
[2021-07-28 09:38:48] - Adding type registration currency -> org.hibernate.type.CurrencyType@22d9ca63
[2021-07-28 09:38:48] - Adding type registration java.util.Currency -> org.hibernate.type.CurrencyType@22d9ca63
[2021-07-28 09:38:48] - Adding type registration timezone -> org.hibernate.type.TimeZoneType@a7cf42f
[2021-07-28 09:38:48] - Adding type registration java.util.TimeZone -> org.hibernate.type.TimeZoneType@a7cf42f
[2021-07-28 09:38:48] - Adding type registration class -> org.hibernate.type.ClassType@f25f48a
[2021-07-28 09:38:48] - Adding type registration java.lang.Class -> org.hibernate.type.ClassType@f25f48a
[2021-07-28 09:38:48] - Adding type registration uuid-binary -> org.hibernate.type.UUIDBinaryType@79eeff87
[2021-07-28 09:38:48] - Adding type registration java.util.UUID -> org.hibernate.type.UUIDBinaryType@79eeff87
[2021-07-28 09:38:48] - Adding type registration uuid-char -> org.hibernate.type.UUIDCharType@1378eea2
[2021-07-28 09:38:48] - Adding type registration binary -> org.hibernate.type.BinaryType@43ac0a68
[2021-07-28 09:38:48] - Adding type registration byte[] -> org.hibernate.type.BinaryType@43ac0a68
[2021-07-28 09:38:48] - Adding type registration [B -> org.hibernate.type.BinaryType@43ac0a68
[2021-07-28 09:38:48] - Adding type registration wrapper-binary -> org.hibernate.type.WrapperBinaryType@4215e133
[2021-07-28 09:38:49] - Adding type registration Byte[] -> org.hibernate.type.WrapperBinaryType@4215e133
[2021-07-28 09:38:49] - Adding type registration [Ljava.lang.Byte; -> org.hibernate.type.WrapperBinaryType@4215e133
[2021-07-28 09:38:49] - Adding type registration row_version -> org.hibernate.type.RowVersionType@7bc58891
[2021-07-28 09:38:49] - Adding type registration image -> org.hibernate.type.ImageType@481558ce
[2021-07-28 09:38:49] - Adding type registration characters -> org.hibernate.type.CharArrayType@467b0f6e
[2021-07-28 09:38:49] - Adding type registration char[] -> org.hibernate.type.CharArrayType@467b0f6e
[2021-07-28 09:38:49] - Adding type registration [C -> org.hibernate.type.CharArrayType@467b0f6e
[2021-07-28 09:38:49] - Adding type registration wrapper-characters -> org.hibernate.type.CharacterArrayType@ca8ef3a
[2021-07-28 09:38:49] - Adding type registration [Ljava.lang.Character; -> org.hibernate.type.CharacterArrayType@ca8ef3a
[2021-07-28 09:38:49] - Adding type registration Character[] -> org.hibernate.type.CharacterArrayType@ca8ef3a
[2021-07-28 09:38:49] - Adding type registration text -> org.hibernate.type.TextType@7a687d8d
[2021-07-28 09:38:49] - Adding type registration ntext -> org.hibernate.type.NTextType@7ba93755
[2021-07-28 09:38:49] - Adding type registration blob -> org.hibernate.type.BlobType@19bedeb8
[2021-07-28 09:38:49] - Adding type registration java.sql.Blob -> org.hibernate.type.BlobType@19bedeb8
[2021-07-28 09:38:49] - Adding type registration materialized_blob -> org.hibernate.type.MaterializedBlobType@115ca7de
[2021-07-28 09:38:49] - Adding type registration clob -> org.hibernate.type.ClobType@6ea246af
[2021-07-28 09:38:49] - Adding type registration java.sql.Clob -> org.hibernate.type.ClobType@6ea246af
[2021-07-28 09:38:49] - Adding type registration nclob -> org.hibernate.type.NClobType@7066363
[2021-07-28 09:38:49] - Adding type registration java.sql.NClob -> org.hibernate.type.NClobType@7066363
[2021-07-28 09:38:49] - Adding type registration materialized_clob -> org.hibernate.type.MaterializedClobType@17e0933c
[2021-07-28 09:38:49] - Adding type registration materialized_nclob -> org.hibernate.type.MaterializedNClobType@628b819d
[2021-07-28 09:38:49] - Adding type registration serializable -> org.hibernate.type.SerializableType@6bbab114
[2021-07-28 09:38:49] - Adding type registration object -> org.hibernate.type.ObjectType@43cb5f38
[2021-07-28 09:38:49] - Adding type registration java.lang.Object -> org.hibernate.type.ObjectType@43cb5f38
[2021-07-28 09:38:49] - Adding type registration imm_date -> org.hibernate.type.AdaptedImmutableType@1450131a
[2021-07-28 09:38:49] - Adding type registration imm_time -> org.hibernate.type.AdaptedImmutableType@5f7eee96
[2021-07-28 09:38:49] - Adding type registration imm_timestamp -> org.hibernate.type.AdaptedImmutableType@3a36cd5
[2021-07-28 09:38:49] - Adding type registration imm_dbtimestamp -> org.hibernate.type.AdaptedImmutableType@53f0d09c
[2021-07-28 09:38:49] - Adding type registration imm_calendar -> org.hibernate.type.AdaptedImmutableType@47acd13b
[2021-07-28 09:38:49] - Adding type registration imm_calendar_date -> org.hibernate.type.AdaptedImmutableType@6f8e9d06
[2021-07-28 09:38:49] - Adding type registration imm_binary -> org.hibernate.type.AdaptedImmutableType@77d381e6
[2021-07-28 09:38:49] - Adding type registration imm_serializable -> org.hibernate.type.AdaptedImmutableType@2272cbb0
[2021-07-28 09:38:49] - Injecting JPA temp ClassLoader [org.springframework.instrument.classloading.SimpleThrowawayClassLoader@4b515eab] into BootstrapContext; was [null]
[2021-07-28 09:38:49] - ClassLoaderAccessImpl#injectTempClassLoader(org.springframework.instrument.classloading.SimpleThrowawayClassLoader@4b515eab) [was null]
[2021-07-28 09:38:49] - Injecting ScanEnvironment [org.hibernate.jpa.boot.internal.StandardJpaScanEnvironmentImpl@5cd96b41] into BootstrapContext; was [null]
[2021-07-28 09:38:49] - Injecting ScanOptions [org.hibernate.boot.archive.scan.internal.StandardScanOptions@7e1ffe70] into BootstrapContext; was [org.hibernate.boot.archive.scan.internal.StandardScanOptions@73041b7d]
[2021-07-28 09:38:49] - Injecting JPA temp ClassLoader [null] into BootstrapContext; was [org.springframework.instrument.classloading.SimpleThrowawayClassLoader@4b515eab]
[2021-07-28 09:38:49] - ClassLoaderAccessImpl#injectTempClassLoader(null) [was org.springframework.instrument.classloading.SimpleThrowawayClassLoader@4b515eab]
[2021-07-28 09:38:49] - Registering IdentifierGenerator strategy [uuid2] -> [org.hibernate.id.UUIDGenerator]
[2021-07-28 09:38:49] - Registering IdentifierGenerator strategy [guid] -> [org.hibernate.id.GUIDGenerator]
[2021-07-28 09:38:49] - Registering IdentifierGenerator strategy [uuid] -> [org.hibernate.id.UUIDHexGenerator]
[2021-07-28 09:38:49] - Registering IdentifierGenerator strategy [uuid.hex] -> [org.hibernate.id.UUIDHexGenerator]
[2021-07-28 09:38:49] - Registering IdentifierGenerator strategy [assigned] -> [org.hibernate.id.Assigned]
[2021-07-28 09:38:49] - Registering IdentifierGenerator strategy [identity] -> [org.hibernate.id.IdentityGenerator]
[2021-07-28 09:38:49] - Registering IdentifierGenerator strategy [select] -> [org.hibernate.id.SelectGenerator]
[2021-07-28 09:38:49] - Registering IdentifierGenerator strategy [sequence] -> [org.hibernate.id.enhanced.SequenceStyleGenerator]
[2021-07-28 09:38:49] - Registering IdentifierGenerator strategy [seqhilo] -> [org.hibernate.id.SequenceHiLoGenerator]
[2021-07-28 09:38:49] - Registering IdentifierGenerator strategy [increment] -> [org.hibernate.id.IncrementGenerator]
[2021-07-28 09:38:49] - Registering IdentifierGenerator strategy [foreign] -> [org.hibernate.id.ForeignGenerator]
[2021-07-28 09:38:49] - Registering IdentifierGenerator strategy [sequence-identity] -> [org.hibernate.id.SequenceIdentityGenerator]
[2021-07-28 09:38:49] - Registering IdentifierGenerator strategy [enhanced-sequence] -> [org.hibernate.id.enhanced.SequenceStyleGenerator]
[2021-07-28 09:38:49] - Registering IdentifierGenerator strategy [enhanced-table] -> [org.hibernate.id.enhanced.TableGenerator]
[2021-07-28 09:38:49] - HikariPool-1 - configuration:
[2021-07-28 09:38:49] - allowPoolSuspension................................false
[2021-07-28 09:38:49] - autoCommit................................true
[2021-07-28 09:38:49] - catalog................................none
[2021-07-28 09:38:49] - connectionInitSql................................none
[2021-07-28 09:38:49] - connectionTestQuery................................none
[2021-07-28 09:38:49] - connectionTimeout................................30000
[2021-07-28 09:38:49] - dataSource................................none
[2021-07-28 09:38:49] - dataSourceClassName................................none
[2021-07-28 09:38:49] - dataSourceJNDI................................none
[2021-07-28 09:38:49] - dataSourceProperties................................{password=<masked>}
[2021-07-28 09:38:49] - driverClassName................................"com.mysql.jdbc.Driver"
[2021-07-28 09:38:49] - exceptionOverrideClassName................................none
[2021-07-28 09:38:49] - healthCheckProperties................................{}
[2021-07-28 09:38:49] - healthCheckRegistry................................none
[2021-07-28 09:38:49] - idleTimeout................................600000
[2021-07-28 09:38:49] - initializationFailTimeout................................1
[2021-07-28 09:38:49] - isolateInternalQueries................................false
[2021-07-28 09:38:49] - jdbcUrl................................jdbc:mysql://localhost:3306/institute_test
[2021-07-28 09:38:49] - keepaliveTime................................0
[2021-07-28 09:38:49] - leakDetectionThreshold................................0
[2021-07-28 09:38:49] - maxLifetime................................1800000
[2021-07-28 09:38:49] - maximumPoolSize................................10
[2021-07-28 09:38:49] - metricRegistry................................none
[2021-07-28 09:38:49] - metricsTrackerFactory................................none
[2021-07-28 09:38:49] - minimumIdle................................10
[2021-07-28 09:38:49] - password................................<masked>
[2021-07-28 09:38:49] - poolName................................"HikariPool-1"
[2021-07-28 09:38:49] - readOnly................................false
[2021-07-28 09:38:49] - registerMbeans................................false
[2021-07-28 09:38:49] - scheduledExecutor................................none
[2021-07-28 09:38:49] - schema................................none
[2021-07-28 09:38:49] - threadFactory................................internal
[2021-07-28 09:38:49] - transactionIsolation................................default
[2021-07-28 09:38:49] - username................................"root"
[2021-07-28 09:38:49] - validationTimeout................................5000
[2021-07-28 09:38:49] - HikariPool-1 - Starting...
[2021-07-28 09:38:49] - Registered driver with driverClassName=com.mysql.jdbc.Driver was not found, trying direct instantiation.
[2021-07-28 09:38:49] - Driver class com.mysql.jdbc.Driver found in Thread context class loader jdk.internal.loader.ClassLoaders$AppClassLoader@251a69d7
