[2021-07-29 11:51:55] - Creating shared instance of singleton bean 'hikariPoolDataSourceMetadataProvider'
[2021-07-29 11:51:55] - Creating shared instance of singleton bean 'org.springframework.boot.autoconfigure.jdbc.metadata.DataSourcePoolMetadataProvidersConfiguration$HikariPoolDataSourceMetadataProviderConfiguration'
[2021-07-29 11:51:55] - Creating shared instance of singleton bean 'entityManagerFactoryBuilder'
[2021-07-29 11:51:55] - Creating shared instance of singleton bean 'jpaVendorAdapter'
[2021-07-29 11:51:55] - Logging Provider: org.jboss.logging.Log4j2LoggerProvider
[2021-07-29 11:51:55] - Autowiring by type from bean name 'entityManagerFactoryBuilder' via factory method to bean named 'jpaVendorAdapter'
[2021-07-29 11:51:55] - Autowiring by type from bean name 'entityManagerFactory' via factory method to bean named 'entityManagerFactoryBuilder'
[2021-07-29 11:51:55] - Building JPA container EntityManagerFactory for persistence unit 'default'
[2021-07-29 11:51:55] - PersistenceUnitInfo [
	name: default
	persistence provider classname: null
	classloader: TomcatEmbeddedWebappClassLoader
  context: ROOT
  delegate: true
----------> Parent Classloader:
jdk.internal.loader.ClassLoaders$AppClassLoader@251a69d7

	excludeUnlistedClasses: true
	JTA datasource: null
	Non JTA datasource: HikariDataSource (null)
	Transaction type: RESOURCE_LOCAL
	PU root URL: file:/home/anuththara/Documents/hSenid/Practice/springboot/spring-uni-jpa/UserJPA-Springboot/target/classes/
	Shared Cache Mode: UNSPECIFIED
	Validation Mode: AUTO
	Jar files URLs []
	Managed classes names [
		com.anu.springunijpa.entity.Course
		com.anu.springunijpa.entity.User
		com.anu.springunijpa.entity.UserCourse
		com.anu.springunijpa.entity.UserCourseKey]
	Mapping files names []
	Properties []
[2021-07-29 11:51:55] - Adding Integrator [org.hibernate.cfg.beanvalidation.BeanValidationIntegrator].
[2021-07-29 11:51:55] - Adding Integrator [org.hibernate.secure.spi.JaccIntegrator].
[2021-07-29 11:51:56] - Adding Integrator [org.hibernate.cache.internal.CollectionCacheInvalidator].
[2021-07-29 11:51:56] - HHH000412: Hibernate ORM core version 5.4.32.Final
[2021-07-29 11:51:56] - HHH000206: hibernate.properties not found
[2021-07-29 11:51:57] - Overriding existing service binding [org.hibernate.secure.spi.JaccService]
[2021-07-29 11:51:57] - Cannot default RegionFactory based on registered strategies as `[]` RegionFactory strategies were registered
[2021-07-29 11:51:57] - Cache region factory : org.hibernate.cache.internal.NoCachingRegionFactory
[2021-07-29 11:51:57] - HCANN000001: Hibernate Commons Annotations {5.1.2.Final}
[2021-07-29 11:51:57] - Adding type registration boolean -> org.hibernate.type.BooleanType@498c535d
[2021-07-29 11:51:57] - Adding type registration boolean -> org.hibernate.type.BooleanType@498c535d
[2021-07-29 11:51:57] - Adding type registration java.lang.Boolean -> org.hibernate.type.BooleanType@498c535d
[2021-07-29 11:51:57] - Adding type registration numeric_boolean -> org.hibernate.type.NumericBooleanType@73e776b7
[2021-07-29 11:51:57] - Adding type registration true_false -> org.hibernate.type.TrueFalseType@bc09d57
[2021-07-29 11:51:57] - Adding type registration yes_no -> org.hibernate.type.YesNoType@5a566922
[2021-07-29 11:51:57] - Adding type registration byte -> org.hibernate.type.ByteType@6b415f5f
[2021-07-29 11:51:57] - Adding type registration byte -> org.hibernate.type.ByteType@6b415f5f
[2021-07-29 11:51:57] - Adding type registration java.lang.Byte -> org.hibernate.type.ByteType@6b415f5f
[2021-07-29 11:51:57] - Adding type registration character -> org.hibernate.type.CharacterType@5e0c4f21
[2021-07-29 11:51:57] - Adding type registration char -> org.hibernate.type.CharacterType@5e0c4f21
[2021-07-29 11:51:57] - Adding type registration java.lang.Character -> org.hibernate.type.CharacterType@5e0c4f21
[2021-07-29 11:51:57] - Adding type registration short -> org.hibernate.type.ShortType@b0f2d91
[2021-07-29 11:51:57] - Adding type registration short -> org.hibernate.type.ShortType@b0f2d91
[2021-07-29 11:51:57] - Adding type registration java.lang.Short -> org.hibernate.type.ShortType@b0f2d91
[2021-07-29 11:51:57] - Adding type registration integer -> org.hibernate.type.IntegerType@2443135
[2021-07-29 11:51:57] - Adding type registration int -> org.hibernate.type.IntegerType@2443135
[2021-07-29 11:51:57] - Adding type registration java.lang.Integer -> org.hibernate.type.IntegerType@2443135
[2021-07-29 11:51:57] - Adding type registration long -> org.hibernate.type.LongType@1e98b788
[2021-07-29 11:51:57] - Adding type registration long -> org.hibernate.type.LongType@1e98b788
[2021-07-29 11:51:57] - Adding type registration java.lang.Long -> org.hibernate.type.LongType@1e98b788
[2021-07-29 11:51:57] - Adding type registration float -> org.hibernate.type.FloatType@6097fca9
[2021-07-29 11:51:57] - Adding type registration float -> org.hibernate.type.FloatType@6097fca9
[2021-07-29 11:51:57] - Adding type registration java.lang.Float -> org.hibernate.type.FloatType@6097fca9
[2021-07-29 11:51:57] - Adding type registration double -> org.hibernate.type.DoubleType@b5b9333
[2021-07-29 11:51:57] - Adding type registration double -> org.hibernate.type.DoubleType@b5b9333
[2021-07-29 11:51:57] - Adding type registration java.lang.Double -> org.hibernate.type.DoubleType@b5b9333
[2021-07-29 11:51:57] - Adding type registration big_decimal -> org.hibernate.type.BigDecimalType@5aa62ee7
[2021-07-29 11:51:57] - Adding type registration java.math.BigDecimal -> org.hibernate.type.BigDecimalType@5aa62ee7
[2021-07-29 11:51:57] - Adding type registration big_integer -> org.hibernate.type.BigIntegerType@27b337bb
[2021-07-29 11:51:57] - Adding type registration java.math.BigInteger -> org.hibernate.type.BigIntegerType@27b337bb
[2021-07-29 11:51:57] - Adding type registration string -> org.hibernate.type.StringType@3b97907c
[2021-07-29 11:51:57] - Adding type registration java.lang.String -> org.hibernate.type.StringType@3b97907c
[2021-07-29 11:51:57] - Adding type registration nstring -> org.hibernate.type.StringNVarcharType@62ade015
[2021-07-29 11:51:57] - Adding type registration ncharacter -> org.hibernate.type.CharacterNCharType@6c538eb2
[2021-07-29 11:51:57] - Adding type registration url -> org.hibernate.type.UrlType@24dd44f9
[2021-07-29 11:51:57] - Adding type registration java.net.URL -> org.hibernate.type.UrlType@24dd44f9
[2021-07-29 11:51:57] - Adding type registration Duration -> org.hibernate.type.DurationType@36359723
[2021-07-29 11:51:57] - Adding type registration java.time.Duration -> org.hibernate.type.DurationType@36359723
[2021-07-29 11:51:57] - Adding type registration Instant -> org.hibernate.type.InstantType@6fa02932
[2021-07-29 11:51:57] - Adding type registration java.time.Instant -> org.hibernate.type.InstantType@6fa02932
[2021-07-29 11:51:57] - Adding type registration LocalDateTime -> org.hibernate.type.LocalDateTimeType@7cff3f1d
[2021-07-29 11:51:57] - Adding type registration java.time.LocalDateTime -> org.hibernate.type.LocalDateTimeType@7cff3f1d
[2021-07-29 11:51:57] - Adding type registration LocalDate -> org.hibernate.type.LocalDateType@72ce812e
[2021-07-29 11:51:57] - Adding type registration java.time.LocalDate -> org.hibernate.type.LocalDateType@72ce812e
[2021-07-29 11:51:57] - Adding type registration LocalTime -> org.hibernate.type.LocalTimeType@7302ff13
[2021-07-29 11:51:57] - Adding type registration java.time.LocalTime -> org.hibernate.type.LocalTimeType@7302ff13
[2021-07-29 11:51:57] - Adding type registration OffsetDateTime -> org.hibernate.type.OffsetDateTimeType@6b63abdc
[2021-07-29 11:51:57] - Adding type registration java.time.OffsetDateTime -> org.hibernate.type.OffsetDateTimeType@6b63abdc
[2021-07-29 11:51:57] - Adding type registration OffsetTime -> org.hibernate.type.OffsetTimeType@9df564f
[2021-07-29 11:51:57] - Adding type registration java.time.OffsetTime -> org.hibernate.type.OffsetTimeType@9df564f
[2021-07-29 11:51:57] - Adding type registration ZonedDateTime -> org.hibernate.type.ZonedDateTimeType@4665428b
[2021-07-29 11:51:57] - Adding type registration java.time.ZonedDateTime -> org.hibernate.type.ZonedDateTimeType@4665428b
[2021-07-29 11:51:57] - Adding type registration date -> org.hibernate.type.DateType@6e8fdd19
[2021-07-29 11:51:57] - Adding type registration java.sql.Date -> org.hibernate.type.DateType@6e8fdd19
[2021-07-29 11:51:57] - Adding type registration time -> org.hibernate.type.TimeType@42679fc2
[2021-07-29 11:51:57] - Adding type registration java.sql.Time -> org.hibernate.type.TimeType@42679fc2
[2021-07-29 11:51:57] - Adding type registration timestamp -> org.hibernate.type.TimestampType@5dbbb292
[2021-07-29 11:51:57] - Adding type registration java.sql.Timestamp -> org.hibernate.type.TimestampType@5dbbb292
[2021-07-29 11:51:57] - Adding type registration java.util.Date -> org.hibernate.type.TimestampType@5dbbb292
[2021-07-29 11:51:57] - Adding type registration dbtimestamp -> org.hibernate.type.DbTimestampType@528c8c1
[2021-07-29 11:51:57] - Adding type registration calendar -> org.hibernate.type.CalendarType@6f731759
[2021-07-29 11:51:57] - Adding type registration java.util.Calendar -> org.hibernate.type.CalendarType@6f731759
[2021-07-29 11:51:57] - Adding type registration java.util.GregorianCalendar -> org.hibernate.type.CalendarType@6f731759
[2021-07-29 11:51:57] - Adding type registration calendar_date -> org.hibernate.type.CalendarDateType@3a1b36a1
[2021-07-29 11:51:57] - Adding type registration calendar_time -> org.hibernate.type.CalendarTimeType@31834a2b
[2021-07-29 11:51:57] - Adding type registration locale -> org.hibernate.type.LocaleType@601eb4af
[2021-07-29 11:51:57] - Adding type registration java.util.Locale -> org.hibernate.type.LocaleType@601eb4af
[2021-07-29 11:51:57] - Adding type registration currency -> org.hibernate.type.CurrencyType@15e1f8fe
[2021-07-29 11:51:57] - Adding type registration java.util.Currency -> org.hibernate.type.CurrencyType@15e1f8fe
[2021-07-29 11:51:57] - Adding type registration timezone -> org.hibernate.type.TimeZoneType@6b8d54da
[2021-07-29 11:51:57] - Adding type registration java.util.TimeZone -> org.hibernate.type.TimeZoneType@6b8d54da
[2021-07-29 11:51:57] - Adding type registration class -> org.hibernate.type.ClassType@697a0948
[2021-07-29 11:51:57] - Adding type registration java.lang.Class -> org.hibernate.type.ClassType@697a0948
[2021-07-29 11:51:57] - Adding type registration uuid-binary -> org.hibernate.type.UUIDBinaryType@54c425b1
[2021-07-29 11:51:57] - Adding type registration java.util.UUID -> org.hibernate.type.UUIDBinaryType@54c425b1
[2021-07-29 11:51:57] - Adding type registration uuid-char -> org.hibernate.type.UUIDCharType@634ca3e7
[2021-07-29 11:51:57] - Adding type registration binary -> org.hibernate.type.BinaryType@491cafec
[2021-07-29 11:51:57] - Adding type registration byte[] -> org.hibernate.type.BinaryType@491cafec
[2021-07-29 11:51:57] - Adding type registration [B -> org.hibernate.type.BinaryType@491cafec
[2021-07-29 11:51:57] - Adding type registration wrapper-binary -> org.hibernate.type.WrapperBinaryType@76a7fcbd
[2021-07-29 11:51:57] - Adding type registration Byte[] -> org.hibernate.type.WrapperBinaryType@76a7fcbd
[2021-07-29 11:51:57] - Adding type registration [Ljava.lang.Byte; -> org.hibernate.type.WrapperBinaryType@76a7fcbd
[2021-07-29 11:51:57] - Adding type registration row_version -> org.hibernate.type.RowVersionType@480cbe2e
[2021-07-29 11:51:57] - Adding type registration image -> org.hibernate.type.ImageType@73608eb0
[2021-07-29 11:51:57] - Adding type registration characters -> org.hibernate.type.CharArrayType@24876a7e
[2021-07-29 11:51:57] - Adding type registration char[] -> org.hibernate.type.CharArrayType@24876a7e
[2021-07-29 11:51:57] - Adding type registration [C -> org.hibernate.type.CharArrayType@24876a7e
[2021-07-29 11:51:57] - Adding type registration wrapper-characters -> org.hibernate.type.CharacterArrayType@7fd4e815
[2021-07-29 11:51:57] - Adding type registration [Ljava.lang.Character; -> org.hibernate.type.CharacterArrayType@7fd4e815
[2021-07-29 11:51:57] - Adding type registration Character[] -> org.hibernate.type.CharacterArrayType@7fd4e815
[2021-07-29 11:51:57] - Adding type registration text -> org.hibernate.type.TextType@14b31e37
[2021-07-29 11:51:57] - Adding type registration ntext -> org.hibernate.type.NTextType@62d40e31
[2021-07-29 11:51:57] - Adding type registration blob -> org.hibernate.type.BlobType@126f8f24
[2021-07-29 11:51:57] - Adding type registration java.sql.Blob -> org.hibernate.type.BlobType@126f8f24
[2021-07-29 11:51:57] - Adding type registration materialized_blob -> org.hibernate.type.MaterializedBlobType@11c78080
[2021-07-29 11:51:57] - Adding type registration clob -> org.hibernate.type.ClobType@707865bd
[2021-07-29 11:51:57] - Adding type registration java.sql.Clob -> org.hibernate.type.ClobType@707865bd
[2021-07-29 11:51:57] - Adding type registration nclob -> org.hibernate.type.NClobType@5bb911c1
[2021-07-29 11:51:57] - Adding type registration java.sql.NClob -> org.hibernate.type.NClobType@5bb911c1
[2021-07-29 11:51:57] - Adding type registration materialized_clob -> org.hibernate.type.MaterializedClobType@57fdb8a4
[2021-07-29 11:51:57] - Adding type registration materialized_nclob -> org.hibernate.type.MaterializedNClobType@1f15e689
[2021-07-29 11:51:57] - Adding type registration serializable -> org.hibernate.type.SerializableType@7e3236d
[2021-07-29 11:51:57] - Adding type registration object -> org.hibernate.type.ObjectType@6ffd4c0d
[2021-07-29 11:51:57] - Adding type registration java.lang.Object -> org.hibernate.type.ObjectType@6ffd4c0d
[2021-07-29 11:51:57] - Adding type registration imm_date -> org.hibernate.type.AdaptedImmutableType@118acf70
[2021-07-29 11:51:57] - Adding type registration imm_time -> org.hibernate.type.AdaptedImmutableType@72557746
[2021-07-29 11:51:57] - Adding type registration imm_timestamp -> org.hibernate.type.AdaptedImmutableType@8c12524
[2021-07-29 11:51:57] - Adding type registration imm_dbtimestamp -> org.hibernate.type.AdaptedImmutableType@f723cdb
[2021-07-29 11:51:57] - Adding type registration imm_calendar -> org.hibernate.type.AdaptedImmutableType@4844930a
