[2021-07-28 09:05:57] - Adding type registration java.time.LocalDate -> org.hibernate.type.LocalDateType@ab24484
[2021-07-28 09:05:57] - Adding type registration LocalTime -> org.hibernate.type.LocalTimeType@649f25f3
[2021-07-28 09:05:57] - Adding type registration java.time.LocalTime -> org.hibernate.type.LocalTimeType@649f25f3
[2021-07-28 09:05:57] - Adding type registration OffsetDateTime -> org.hibernate.type.OffsetDateTimeType@60ed12e8
[2021-07-28 09:05:57] - Adding type registration java.time.OffsetDateTime -> org.hibernate.type.OffsetDateTimeType@60ed12e8
[2021-07-28 09:05:57] - Adding type registration OffsetTime -> org.hibernate.type.OffsetTimeType@343fddd9
[2021-07-28 09:05:57] - Adding type registration java.time.OffsetTime -> org.hibernate.type.OffsetTimeType@343fddd9
[2021-07-28 09:05:57] - Adding type registration ZonedDateTime -> org.hibernate.type.ZonedDateTimeType@250b5e5b
[2021-07-28 09:05:57] - Adding type registration java.time.ZonedDateTime -> org.hibernate.type.ZonedDateTimeType@250b5e5b
[2021-07-28 09:05:57] - Adding type registration date -> org.hibernate.type.DateType@5820070c
[2021-07-28 09:05:57] - Adding type registration java.sql.Date -> org.hibernate.type.DateType@5820070c
[2021-07-28 09:05:57] - Adding type registration time -> org.hibernate.type.TimeType@1d0cac30
[2021-07-28 09:05:57] - Adding type registration java.sql.Time -> org.hibernate.type.TimeType@1d0cac30
[2021-07-28 09:05:57] - Adding type registration timestamp -> org.hibernate.type.TimestampType@67d32a54
[2021-07-28 09:05:57] - Adding type registration java.sql.Timestamp -> org.hibernate.type.TimestampType@67d32a54
[2021-07-28 09:05:57] - Adding type registration java.util.Date -> org.hibernate.type.TimestampType@67d32a54
[2021-07-28 09:05:57] - Adding type registration dbtimestamp -> org.hibernate.type.DbTimestampType@2792b416
[2021-07-28 09:05:57] - Adding type registration calendar -> org.hibernate.type.CalendarType@468173fa
[2021-07-28 09:05:57] - Adding type registration java.util.Calendar -> org.hibernate.type.CalendarType@468173fa
[2021-07-28 09:05:57] - Adding type registration java.util.GregorianCalendar -> org.hibernate.type.CalendarType@468173fa
[2021-07-28 09:05:57] - Adding type registration calendar_date -> org.hibernate.type.CalendarDateType@27e2287c
[2021-07-28 09:05:57] - Adding type registration calendar_time -> org.hibernate.type.CalendarTimeType@9dada78
[2021-07-28 09:05:57] - Adding type registration locale -> org.hibernate.type.LocaleType@67cffead
[2021-07-28 09:05:57] - Adding type registration java.util.Locale -> org.hibernate.type.LocaleType@67cffead
[2021-07-28 09:05:57] - Adding type registration currency -> org.hibernate.type.CurrencyType@1200458e
[2021-07-28 09:05:57] - Adding type registration java.util.Currency -> org.hibernate.type.CurrencyType@1200458e
[2021-07-28 09:05:57] - Adding type registration timezone -> org.hibernate.type.TimeZoneType@17229821
[2021-07-28 09:05:57] - Adding type registration java.util.TimeZone -> org.hibernate.type.TimeZoneType@17229821
[2021-07-28 09:05:57] - Adding type registration class -> org.hibernate.type.ClassType@56846330
[2021-07-28 09:05:57] - Adding type registration java.lang.Class -> org.hibernate.type.ClassType@56846330
[2021-07-28 09:05:57] - Adding type registration uuid-binary -> org.hibernate.type.UUIDBinaryType@484149eb
[2021-07-28 09:05:57] - Adding type registration java.util.UUID -> org.hibernate.type.UUIDBinaryType@484149eb
[2021-07-28 09:05:57] - Adding type registration uuid-char -> org.hibernate.type.UUIDCharType@4f2d014a
[2021-07-28 09:05:57] - Adding type registration binary -> org.hibernate.type.BinaryType@54336976
[2021-07-28 09:05:57] - Adding type registration byte[] -> org.hibernate.type.BinaryType@54336976
[2021-07-28 09:05:57] - Adding type registration [B -> org.hibernate.type.BinaryType@54336976
[2021-07-28 09:05:57] - Adding type registration wrapper-binary -> org.hibernate.type.WrapperBinaryType@429aeac1
[2021-07-28 09:05:57] - Adding type registration Byte[] -> org.hibernate.type.WrapperBinaryType@429aeac1
[2021-07-28 09:05:57] - Adding type registration [Ljava.lang.Byte; -> org.hibernate.type.WrapperBinaryType@429aeac1
[2021-07-28 09:05:57] - Adding type registration row_version -> org.hibernate.type.RowVersionType@66522ead
[2021-07-28 09:05:57] - Adding type registration image -> org.hibernate.type.ImageType@58ae402b
[2021-07-28 09:05:57] - Adding type registration characters -> org.hibernate.type.CharArrayType@68b734a8
[2021-07-28 09:05:57] - Adding type registration char[] -> org.hibernate.type.CharArrayType@68b734a8
[2021-07-28 09:05:57] - Adding type registration [C -> org.hibernate.type.CharArrayType@68b734a8
[2021-07-28 09:05:57] - Adding type registration wrapper-characters -> org.hibernate.type.CharacterArrayType@488f3dd1
[2021-07-28 09:05:57] - Adding type registration [Ljava.lang.Character; -> org.hibernate.type.CharacterArrayType@488f3dd1
[2021-07-28 09:05:57] - Adding type registration Character[] -> org.hibernate.type.CharacterArrayType@488f3dd1
[2021-07-28 09:05:57] - Adding type registration text -> org.hibernate.type.TextType@554188ac
[2021-07-28 09:05:57] - Adding type registration ntext -> org.hibernate.type.NTextType@7f353a0f
[2021-07-28 09:05:57] - Adding type registration blob -> org.hibernate.type.BlobType@5e230fc6
[2021-07-28 09:05:57] - Adding type registration java.sql.Blob -> org.hibernate.type.BlobType@5e230fc6
[2021-07-28 09:05:57] - Adding type registration materialized_blob -> org.hibernate.type.MaterializedBlobType@511f5b1d
[2021-07-28 09:05:57] - Adding type registration clob -> org.hibernate.type.ClobType@664212ab
[2021-07-28 09:05:57] - Adding type registration java.sql.Clob -> org.hibernate.type.ClobType@664212ab
[2021-07-28 09:05:57] - Adding type registration nclob -> org.hibernate.type.NClobType@115ca7de
[2021-07-28 09:05:57] - Adding type registration java.sql.NClob -> org.hibernate.type.NClobType@115ca7de
[2021-07-28 09:05:57] - Adding type registration materialized_clob -> org.hibernate.type.MaterializedClobType@32120956
[2021-07-28 09:05:57] - Adding type registration materialized_nclob -> org.hibernate.type.MaterializedNClobType@1084ac45
[2021-07-28 09:05:57] - Adding type registration serializable -> org.hibernate.type.SerializableType@468e8565
[2021-07-28 09:05:57] - Adding type registration object -> org.hibernate.type.ObjectType@6bbab114
[2021-07-28 09:05:57] - Adding type registration java.lang.Object -> org.hibernate.type.ObjectType@6bbab114
[2021-07-28 09:05:57] - Adding type registration imm_date -> org.hibernate.type.AdaptedImmutableType@6397248c
[2021-07-28 09:05:57] - Adding type registration imm_time -> org.hibernate.type.AdaptedImmutableType@25f61c2c
[2021-07-28 09:05:57] - Adding type registration imm_timestamp -> org.hibernate.type.AdaptedImmutableType@72bd2871
[2021-07-28 09:05:57] - Adding type registration imm_dbtimestamp -> org.hibernate.type.AdaptedImmutableType@77429040
[2021-07-28 09:05:57] - Adding type registration imm_calendar -> org.hibernate.type.AdaptedImmutableType@2d2b6960
[2021-07-28 09:05:57] - Adding type registration imm_calendar_date -> org.hibernate.type.AdaptedImmutableType@38291795
[2021-07-28 09:05:57] - Adding type registration imm_binary -> org.hibernate.type.AdaptedImmutableType@234c5e41
[2021-07-28 09:05:57] - Adding type registration imm_serializable -> org.hibernate.type.AdaptedImmutableType@40ef0af8
[2021-07-28 09:05:57] - Injecting JPA temp ClassLoader [org.springframework.instrument.classloading.SimpleThrowawayClassLoader@3e377967] into BootstrapContext; was [null]
[2021-07-28 09:05:57] - ClassLoaderAccessImpl#injectTempClassLoader(org.springframework.instrument.classloading.SimpleThrowawayClassLoader@3e377967) [was null]
[2021-07-28 09:05:57] - Injecting ScanEnvironment [org.hibernate.jpa.boot.internal.StandardJpaScanEnvironmentImpl@14422d9d] into BootstrapContext; was [null]
[2021-07-28 09:05:57] - Injecting ScanOptions [org.hibernate.boot.archive.scan.internal.StandardScanOptions@16c1519e] into BootstrapContext; was [org.hibernate.boot.archive.scan.internal.StandardScanOptions@2a02e34b]
[2021-07-28 09:05:57] - Injecting JPA temp ClassLoader [null] into BootstrapContext; was [org.springframework.instrument.classloading.SimpleThrowawayClassLoader@3e377967]
[2021-07-28 09:05:57] - ClassLoaderAccessImpl#injectTempClassLoader(null) [was org.springframework.instrument.classloading.SimpleThrowawayClassLoader@3e377967]
[2021-07-28 09:05:57] - Registering IdentifierGenerator strategy [uuid2] -> [org.hibernate.id.UUIDGenerator]
[2021-07-28 09:05:57] - Registering IdentifierGenerator strategy [guid] -> [org.hibernate.id.GUIDGenerator]
[2021-07-28 09:05:57] - Registering IdentifierGenerator strategy [uuid] -> [org.hibernate.id.UUIDHexGenerator]
[2021-07-28 09:05:57] - Registering IdentifierGenerator strategy [uuid.hex] -> [org.hibernate.id.UUIDHexGenerator]
[2021-07-28 09:05:57] - Registering IdentifierGenerator strategy [assigned] -> [org.hibernate.id.Assigned]
[2021-07-28 09:05:57] - Registering IdentifierGenerator strategy [identity] -> [org.hibernate.id.IdentityGenerator]
[2021-07-28 09:05:57] - Registering IdentifierGenerator strategy [select] -> [org.hibernate.id.SelectGenerator]
[2021-07-28 09:05:57] - Registering IdentifierGenerator strategy [sequence] -> [org.hibernate.id.enhanced.SequenceStyleGenerator]
[2021-07-28 09:05:57] - Registering IdentifierGenerator strategy [seqhilo] -> [org.hibernate.id.SequenceHiLoGenerator]
[2021-07-28 09:05:57] - Registering IdentifierGenerator strategy [increment] -> [org.hibernate.id.IncrementGenerator]
[2021-07-28 09:05:57] - Registering IdentifierGenerator strategy [foreign] -> [org.hibernate.id.ForeignGenerator]
[2021-07-28 09:05:57] - Registering IdentifierGenerator strategy [sequence-identity] -> [org.hibernate.id.SequenceIdentityGenerator]
[2021-07-28 09:05:57] - Registering IdentifierGenerator strategy [enhanced-sequence] -> [org.hibernate.id.enhanced.SequenceStyleGenerator]
[2021-07-28 09:05:57] - Registering IdentifierGenerator strategy [enhanced-table] -> [org.hibernate.id.enhanced.TableGenerator]
[2021-07-28 09:05:57] - HikariPool-1 - configuration:
[2021-07-28 09:05:57] - allowPoolSuspension................................false
[2021-07-28 09:05:57] - autoCommit................................true
[2021-07-28 09:05:57] - catalog................................none
[2021-07-28 09:05:57] - connectionInitSql................................none
[2021-07-28 09:05:57] - connectionTestQuery................................none
[2021-07-28 09:05:57] - connectionTimeout................................30000
[2021-07-28 09:05:57] - dataSource................................none
[2021-07-28 09:05:57] - dataSourceClassName................................none
[2021-07-28 09:05:57] - dataSourceJNDI................................none
[2021-07-28 09:05:57] - dataSourceProperties................................{password=<masked>}
[2021-07-28 09:05:57] - driverClassName................................"com.mysql.jdbc.Driver"
[2021-07-28 09:05:57] - exceptionOverrideClassName................................none
[2021-07-28 09:05:57] - healthCheckProperties................................{}
[2021-07-28 09:05:57] - healthCheckRegistry................................none
[2021-07-28 09:05:57] - idleTimeout................................600000
[2021-07-28 09:05:57] - initializationFailTimeout................................1
[2021-07-28 09:05:57] - isolateInternalQueries................................false
[2021-07-28 09:05:57] - jdbcUrl................................jdbc:mysql://localhost:3306/institute_test
[2021-07-28 09:05:57] - keepaliveTime................................0
[2021-07-28 09:05:57] - leakDetectionThreshold................................0
[2021-07-28 09:05:57] - maxLifetime................................1800000
[2021-07-28 09:05:57] - maximumPoolSize................................10
[2021-07-28 09:05:57] - metricRegistry................................none
[2021-07-28 09:05:57] - metricsTrackerFactory................................none
[2021-07-28 09:05:57] - minimumIdle................................10
[2021-07-28 09:05:57] - password................................<masked>
[2021-07-28 09:05:57] - poolName................................"HikariPool-1"
[2021-07-28 09:05:57] - readOnly................................false
[2021-07-28 09:05:57] - registerMbeans................................false
[2021-07-28 09:05:57] - scheduledExecutor................................none
[2021-07-28 09:05:57] - schema................................none
[2021-07-28 09:05:57] - threadFactory................................internal
[2021-07-28 09:05:57] - transactionIsolation................................default
[2021-07-28 09:05:57] - username................................"root"
[2021-07-28 09:05:57] - validationTimeout................................5000
[2021-07-28 09:05:57] - HikariPool-1 - Starting...
[2021-07-28 09:05:57] - Registered driver with driverClassName=com.mysql.jdbc.Driver was not found, trying direct instantiation.
[2021-07-28 09:05:57] - Driver class com.mysql.jdbc.Driver found in Thread context class loader jdk.internal.loader.ClassLoaders$AppClassLoader@251a69d7
