[2021-07-28 09:01:34] - Forcing column [course_id] to be non-null as it is part of the primary key for table [user_course]
[2021-07-28 09:01:34] - Forcing column [user_id] to be non-null as it is part of the primary key for table [user_course]
[2021-07-28 09:01:34] - Second pass for collection: com.anu.springunijpa.entity.Course.userCourseSet
[2021-07-28 09:01:34] - Binding a OneToMany: com.anu.springunijpa.entity.Course.userCourseSet through a foreign key
[2021-07-28 09:01:34] - Mapping collection: com.anu.springunijpa.entity.Course.userCourseSet -> user_course
[2021-07-28 09:01:34] - Retrieving property com.anu.springunijpa.entity.UserCourse.course
[2021-07-28 09:01:34] - Mapped collection key: course_id, one-to-many: com.anu.springunijpa.entity.UserCourse
[2021-07-28 09:01:34] - Second pass for collection: com.anu.springunijpa.entity.User.userCourseSet
[2021-07-28 09:01:34] - Binding a OneToMany: com.anu.springunijpa.entity.User.userCourseSet through a foreign key
[2021-07-28 09:01:34] - Mapping collection: com.anu.springunijpa.entity.User.userCourseSet -> user_course
[2021-07-28 09:01:34] - Retrieving property com.anu.springunijpa.entity.UserCourse.user
[2021-07-28 09:01:34] - Mapped collection key: user_id, one-to-many: com.anu.springunijpa.entity.UserCourse
[2021-07-28 09:01:34] - Resolving reference to class: com.anu.springunijpa.entity.Course
[2021-07-28 09:01:34] - Resolving reference to class: com.anu.springunijpa.entity.User
[2021-07-28 09:01:34] - Resolving reference to class: com.anu.springunijpa.entity.Course
[2021-07-28 09:01:34] - Resolving reference to class: com.anu.springunijpa.entity.User
[2021-07-28 09:01:34] - HikariPool-1 - Added connection com.mysql.cj.jdbc.ConnectionImpl@9800120
[2021-07-28 09:01:34] - Building session factory
[2021-07-28 09:01:34] - SessionFactory name : null
[2021-07-28 09:01:34] - Automatic flush during beforeCompletion(): enabled
[2021-07-28 09:01:34] - Automatic session close at end of transaction: disabled
[2021-07-28 09:01:34] - Statistics: disabled
[2021-07-28 09:01:34] - Deleted entity synthetic identifier rollback: disabled
[2021-07-28 09:01:34] - Default entity-mode: pojo
[2021-07-28 09:01:34] - Check Nullability in Core (should be disabled when Bean Validation is on): enabled
[2021-07-28 09:01:34] - Allow initialization of lazy state outside session : disabled
[2021-07-28 09:01:34] - Using BatchFetchStyle : LEGACY
[2021-07-28 09:01:34] - Default batch fetch size: -1
[2021-07-28 09:01:34] - Maximum outer join fetch depth: 2
[2021-07-28 09:01:34] - Default null ordering: NONE
[2021-07-28 09:01:34] - Order SQL updates by primary key: disabled
[2021-07-28 09:01:34] - Order SQL inserts for batching: disabled
[2021-07-28 09:01:34] - multi-tenancy strategy : NONE
[2021-07-28 09:01:34] - JTA Track by Thread: enabled
[2021-07-28 09:01:34] - Query language substitutions: {}
[2021-07-28 09:01:34] - Named query checking : enabled
[2021-07-28 09:01:34] - Second-level cache: disabled
[2021-07-28 09:01:34] - Second-level query cache: disabled
[2021-07-28 09:01:34] - Second-level query cache factory: null
[2021-07-28 09:01:34] - Second-level cache region prefix: null
[2021-07-28 09:01:34] - Optimize second-level cache for minimal puts: disabled
[2021-07-28 09:01:34] - Structured second-level cache entries: disabled
[2021-07-28 09:01:34] - Second-level cache direct-reference entries: disabled
[2021-07-28 09:01:34] - Automatic eviction of collection cache: disabled
[2021-07-28 09:01:34] - JDBC batch size: 15
[2021-07-28 09:01:34] - JDBC batch updates for versioned data: enabled
[2021-07-28 09:01:34] - Scrollable result sets: enabled
[2021-07-28 09:01:34] - Wrap result sets: disabled
[2021-07-28 09:01:34] - JDBC3 getGeneratedKeys(): enabled
[2021-07-28 09:01:34] - JDBC result set fetch size: null
[2021-07-28 09:01:34] - Connection release mode: ON_CLOSE
[2021-07-28 09:01:34] - Generate SQL with comments: disabled
[2021-07-28 09:01:34] - JPA compliance - query : disabled
[2021-07-28 09:01:34] - JPA compliance - closed-handling : disabled
[2021-07-28 09:01:34] - JPA compliance - lists : disabled
[2021-07-28 09:01:34] - JPA compliance - transactions : disabled
[2021-07-28 09:01:34] - Session factory constructed with filter configurations : {}
[2021-07-28 09:01:34] - Instantiating session factory with properties: {hibernate.id.new_generator_mappings=true, java.specification.version=16, hibernate.resource.beans.container=org.springframework.orm.hibernate5.SpringBeanContainer@8383a14, hibernate.connection.handling_mode=DELAYED_ACQUISITION_AND_HOLD, sun.jnu.encoding=UTF-8, hibernate.dialect=org.hibernate.dialect.MySQL5Dialect, hibernate.implicit_naming_strategy=org.springframework.boot.orm.jpa.hibernate.SpringImplicitNamingStrategy, java.class.path=/home/anuththara/Documents/hSenid/Install/ideaIU-2021.1.3/idea-IU-211.7628.21/lib/idea_rt.jar:/home/anuththara/.m2/repository/org/junit/platform/junit-platform-launcher/1.7.2/junit-platform-launcher-1.7.2.jar:/home/anuththara/.m2/repository/org/junit/vintage/junit-vintage-engine/5.7.2/junit-vintage-engine-5.7.2.jar:/home/anuththara/Documents/hSenid/Install/ideaIU-2021.1.3/idea-IU-211.7628.21/plugins/junit/lib/junit5-rt.jar:/home/anuththara/Documents/hSenid/Install/ideaIU-2021.1.3/idea-IU-211.7628.21/plugins/junit/lib/junit-rt.jar:/home/anuththara/Documents/hSenid/Practice/springboot/spring-uni-jpa/UserJPA-Springboot/target/test-classes:/home/anuththara/Documents/hSenid/Practice/springboot/spring-uni-jpa/UserJPA-Springboot/target/classes:/home/anuththara/.m2/repository/org/springframework/boot/spring-boot-starter-data-jpa/2.5.2/spring-boot-starter-data-jpa-2.5.2.jar:/home/anuththara/.m2/repository/org/springframework/boot/spring-boot-starter-aop/2.5.2/spring-boot-starter-aop-2.5.2.jar:/home/anuththara/.m2/repository/org/springframework/spring-aop/5.3.8/spring-aop-5.3.8.jar:/home/anuththara/.m2/repository/org/aspectj/aspectjweaver/1.9.6/aspectjweaver-1.9.6.jar:/home/anuththara/.m2/repository/org/springframework/boot/spring-boot-starter-jdbc/2.5.2/spring-boot-starter-jdbc-2.5.2.jar:/home/anuththara/.m2/repository/com/zaxxer/HikariCP/4.0.3/HikariCP-4.0.3.jar:/home/anuththara/.m2/repository/org/springframework/spring-jdbc/5.3.8/spring-jdbc-5.3.8.jar:/home/anuththara/.m2/repository/jakarta/transaction/jakarta.transaction-api/1.3.3/jakarta.transaction-api-1.3.3.jar:/home/anuththara/.m2/repository/jakarta/persistence/jakarta.persistence-api/2.2.3/jakarta.persistence-api-2.2.3.jar:/home/anuththara/.m2/repository/org/hibernate/hibernate-core/5.4.32.Final/hibernate-core-5.4.32.Final.jar:/home/anuththara/.m2/repository/org/jboss/logging/jboss-logging/3.4.2.Final/jboss-logging-3.4.2.Final.jar:/home/anuththara/.m2/repository/org/javassist/javassist/3.27.0-GA/javassist-3.27.0-GA.jar:/home/anuththara/.m2/repository/net/bytebuddy/byte-buddy/1.10.22/byte-buddy-1.10.22.jar:/home/anuththara/.m2/repository/antlr/antlr/2.7.7/antlr-2.7.7.jar:/home/anuththara/.m2/repository/org/jboss/jandex/2.2.3.Final/jandex-2.2.3.Final.jar:/home/anuththara/.m2/repository/com/fasterxml/classmate/1.5.1/classmate-1.5.1.jar:/home/anuththara/.m2/repository/org/dom4j/dom4j/2.1.3/dom4j-2.1.3.jar:/home/anuththara/.m2/repository/org/hibernate/common/hibernate-commons-annotations/5.1.2.Final/hibernate-commons-annotations-5.1.2.Final.jar:/home/anuththara/.m2/repository/org/glassfish/jaxb/jaxb-runtime/2.3.4/jaxb-runtime-2.3.4.jar:/home/anuththara/.m2/repository/org/glassfish/jaxb/txw2/2.3.4/txw2-2.3.4.jar:/home/anuththara/.m2/repository/com/sun/istack/istack-commons-runtime/3.0.12/istack-commons-runtime-3.0.12.jar:/home/anuththara/.m2/repository/com/sun/activation/jakarta.activation/1.2.2/jakarta.activation-1.2.2.jar:/home/anuththara/.m2/repository/org/springframework/data/spring-data-jpa/2.5.2/spring-data-jpa-2.5.2.jar:/home/anuththara/.m2/repository/org/springframework/data/spring-data-commons/2.5.2/spring-data-commons-2.5.2.jar:/home/anuththara/.m2/repository/org/springframework/spring-orm/5.3.8/spring-orm-5.3.8.jar:/home/anuththara/.m2/repository/org/springframework/spring-context/5.3.8/spring-context-5.3.8.jar:/home/anuththara/.m2/repository/org/springframework/spring-tx/5.3.8/spring-tx-5.3.8.jar:/home/anuththara/.m2/repository/org/springframework/spring-beans/5.3.8/spring-beans-5.3.8.jar:/home/anuththara/.m2/repository/org/springframework/spring-aspects/5.3.8/spring-aspects-5.3.8.jar:/home/anuththara/.m2/repository/org/springframework/boot/spring-boot-starter-web/2.5.2/spring-boot-starter-web-2.5.2.jar:/home/anuththara/.m2/repository/org/springframework/boot/spring-boot-starter/2.5.2/spring-boot-starter-2.5.2.jar:/home/anuththara/.m2/repository/org/springframework/boot/spring-boot/2.5.2/spring-boot-2.5.2.jar:/home/anuththara/.m2/repository/org/springframework/boot/spring-boot-autoconfigure/2.5.2/spring-boot-autoconfigure-2.5.2.jar:/home/anuththara/.m2/repository/org/springframework/boot/spring-boot-starter-logging/2.5.2/spring-boot-starter-logging-2.5.2.jar:/home/anuththara/.m2/repository/ch/qos/logback/logback-classic/1.2.3/logback-classic-1.2.3.jar:/home/anuththara/.m2/repository/ch/qos/logback/logback-core/1.2.3/logback-core-1.2.3.jar:/home/anuththara/.m2/repository/org/apache/logging/log4j/log4j-to-slf4j/2.14.1/log4j-to-slf4j-2.14.1.jar:/home/anuththara/.m2/repository/org/apache/logging/log4j/log4j-api/2.14.1/log4j-api-2.14.1.jar:/home/anuththara/.m2/repository/org/slf4j/jul-to-slf4j/1.7.31/jul-to-slf4j-1.7.31.jar:/home/anuththara/.m2/repository/jakarta/annotation/jakarta.annotation-api/1.3.5/jakarta.annotation-api-1.3.5.jar:/home/anuththara/.m2/repository/org/yaml/snakeyaml/1.28/snakeyaml-1.28.jar:/home/anuththara/.m2/repository/org/springframework/boot/spring-boot-starter-json/2.5.2/spring-boot-starter-json-2.5.2.jar:/home/anuththara/.m2/repository/com/fasterxml/jackson/datatype/jackson-datatype-jsr310/2.12.3/jackson-datatype-jsr310-2.12.3.jar:/home/anuththara/.m2/repository/com/fasterxml/jackson/module/jackson-module-parameter-names/2.12.3/jackson-module-parameter-names-2.12.3.jar:/home/anuththara/.m2/repository/org/springframework/boot/spring-boot-starter-tomcat/2.5.2/spring-boot-starter-tomcat-2.5.2.jar:/home/anuththara/.m2/repository/org/apache/tomcat/embed/tomcat-embed-core/9.0.48/tomcat-embed-core-9.0.48.jar:/home/anuththara/.m2/repository/org/apache/tomcat/embed/tomcat-embed-el/9.0.48/tomcat-embed-el-9.0.48.jar:/home/anuththara/.m2/repository/org/apache/tomcat/embed/tomcat-embed-websocket/9.0.48/tomcat-embed-websocket-9.0.48.jar:/home/anuththara/.m2/repository/org/springframework/spring-web/5.3.8/spring-web-5.3.8.jar:/home/anuththara/.m2/repository/org/springframework/spring-webmvc/5.3.8/spring-webmvc-5.3.8.jar:/home/anuththara/.m2/repository/org/springframework/spring-expression/5.3.8/spring-expression-5.3.8.jar:/home/anuththara/.m2/repository/mysql/mysql-connector-java/8.0.25/mysql-connector-java-8.0.25.jar:/home/anuththara/.m2/repository/org/projectlombok/lombok/1.18.20/lombok-1.18.20.jar:/home/anuththara/.m2/repository/org/springframework/boot/spring-boot-starter-test/2.5.0/spring-boot-starter-test-2.5.0.jar:/home/anuththara/.m2/repository/org/springframework/boot/spring-boot-test/2.5.2/spring-boot-test-2.5.2.jar:/home/anuththara/.m2/repository/org/springframework/boot/spring-boot-test-autoconfigure/2.5.2/spring-boot-test-autoconfigure-2.5.2.jar:/home/anuththara/.m2/repository/com/jayway/jsonpath/json-path/2.5.0/json-path-2.5.0.jar:/home/anuththara/.m2/repository/net/minidev/json-smart/2.4.7/json-smart-2.4.7.jar:/home/anuththara/.m2/repository/net/minidev/accessors-smart/2.4.7/accessors-smart-2.4.7.jar:/home/anuththara/.m2/repository/org/ow2/asm/asm/9.1/asm-9.1.jar:/home/anuththara/.m2/repository/jakarta/xml/bind/jakarta.xml.bind-api/2.3.3/jakarta.xml.bind-api-2.3.3.jar:/home/anuththara/.m2/repository/jakarta/activation/jakarta.activation-api/1.2.2/jakarta.activation-api-1.2.2.jar:/home/anuththara/.m2/repository/org/hamcrest/hamcrest/2.2/hamcrest-2.2.jar:/home/anuththara/.m2/repository/org/junit/jupiter/junit-jupiter/5.7.2/junit-jupiter-5.7.2.jar:/home/anuththara/.m2/repository/org/junit/jupiter/junit-jupiter-api/5.7.2/junit-jupiter-api-5.7.2.jar:/home/anuththara/.m2/repository/org/apiguardian/apiguardian-api/1.1.0/apiguardian-api-1.1.0.jar:/home/anuththara/.m2/repository/org/opentest4j/opentest4j/1.2.0/opentest4j-1.2.0.jar:/home/anuththara/.m2/repository/org/junit/platform/junit-platform-commons/1.7.2/junit-platform-commons-1.7.2.jar:/home/anuththara/.m2/repository/org/junit/jupiter/junit-jupiter-params/5.7.2/junit-jupiter-params-5.7.2.jar:/home/anuththara/.m2/repository/org/junit/jupiter/junit-jupiter-engine/5.7.2/junit-jupiter-engine-5.7.2.jar:/home/anuththara/.m2/repository/org/junit/platform/junit-platform-engine/1.7.2/junit-platform-engine-1.7.2.jar:/home/anuththara/.m2/repository/org/mockito/mockito-core/3.9.0/mockito-core-3.9.0.jar:/home/anuththara/.m2/repository/net/bytebuddy/byte-buddy-agent/1.10.22/byte-buddy-agent-1.10.22.jar:/home/anuththara/.m2/repository/org/objenesis/objenesis/3.2/objenesis-3.2.jar:/home/anuththara/.m2/repository/org/mockito/mockito-junit-jupiter/3.9.0/mockito-junit-jupiter-3.9.0.jar:/home/anuththara/.m2/repository/org/skyscreamer/jsonassert/1.5.0/jsonassert-1.5.0.jar:/home/anuththara/.m2/repository/com/vaadin/external/google/android-json/0.0.20131108.vaadin1/android-json-0.0.20131108.vaadin1.jar:/home/anuththara/.m2/repository/org/springframework/spring-core/5.3.8/spring-core-5.3.8.jar:/home/anuththara/.m2/repository/org/springframework/spring-jcl/5.3.8/spring-jcl-5.3.8.jar:/home/anuththara/.m2/repository/org/springframework/spring-test/5.3.8/spring-test-5.3.8.jar:/home/anuththara/.m2/repository/org/xmlunit/xmlunit-core/2.8.2/xmlunit-core-2.8.2.jar:/home/anuththara/.m2/repository/junit/junit/4.13.2/junit-4.13.2.jar:/home/anuththara/.m2/repository/org/hamcrest/hamcrest-core/2.2/hamcrest-core-2.2.jar:/home/anuththara/.m2/repository/com/graphql-java/graphql-spring-boot-starter/5.0.2/graphql-spring-boot-starter-5.0.2.jar:/home/anuththara/.m2/repository/com/graphql-java/graphql-spring-boot-autoconfigure/5.0.2/graphql-spring-boot-autoconfigure-5.0.2.jar:/home/anuththara/.m2/repository/org/springframework/boot/spring-boot-configuration-processor/2.5.2/spring-boot-configuration-processor-2.5.2.jar:/home/anuththara/.m2/repository/org/springframework/boot/spring-boot-starter-websocket/2.5.2/spring-boot-starter-websocket-2.5.2.jar:/home/anuththara/.m2/repository/org/springframework/spring-messaging/5.3.8/spring-messaging-5.3.8.jar:/home/anuththara/.m2/repository/org/springframework/spring-websocket/5.3.8/spring-websocket-5.3.8.jar:/home/anuththara/.m2/repository/com/graphql-java/graphql-java-servlet/6.1.2/graphql-java-servlet-6.1.2.jar:/home/anuththara/.m2/repository/javax/servlet/javax.servlet-api/4.0.1/javax.servlet-api-4.0.1.jar:/home/anuththara/.m2/repository/javax/websocket/javax.websocket-api/1.1/javax.websocket-api-1.1.jar:/home/anuththara/.m2/repository/commons-io/commons-io/2.6/commons-io-2.6.jar:/home/anuththara/.m2/repository/com/graphql-java/graphql-java-tools/5.2.4/graphql-java-tools-5.2.4.jar:/home/anuththara/.m2/repository/org/jetbrains/kotlin/kotlin-stdlib/1.5.20/kotlin-stdlib-1.5.20.jar:/home/anuththara/.m2/repository/org/jetbrains/annotations/13.0/annotations-13.0.jar:/home/anuththara/.m2/repository/org/jetbrains/kotlin/kotlin-stdlib-common/1.5.20/kotlin-stdlib-common-1.5.20.jar:/home/anuththara/.m2/repository/com/graphql-java/graphql-java/9.2/graphql-java-9.2.jar:/home/anuththara/.m2/repository/org/antlr/antlr4-runtime/4.7.1/antlr4-runtime-4.7.1.jar:/home/anuththara/.m2/repository/com/graphql-java/java-dataloader/2.0.2/java-dataloader-2.0.2.jar:/home/anuththara/.m2/repository/org/reactivestreams/reactive-streams/1.0.3/reactive-streams-1.0.3.jar:/home/anuththara/.m2/repository/com/fasterxml/jackson/core/jackson-core/2.12.3/jackson-core-2.12.3.jar:/home/anuththara/.m2/repository/com/fasterxml/jackson/module/jackson-module-kotlin/2.12.3/jackson-module-kotlin-2.12.3.jar:/home/anuththara/.m2/repository/com/fasterxml/jackson/core/jackson-annotations/2.12.3/jackson-annotations-2.12.3.jar:/home/anuththara/.m2/repository/org/jetbrains/kotlin/kotlin-reflect/1.5.20/kotlin-reflect-1.5.20.jar:/home/anuththara/.m2/repository/com/fasterxml/jackson/datatype/jackson-datatype-jdk8/2.12.3/jackson-datatype-jdk8-2.12.3.jar:/home/anuththara/.m2/repository/com/esotericsoftware/reflectasm/1.11.7/reflectasm-1.11.7.jar:/home/anuththara/.m2/repository/org/apache/commons/commons-lang3/3.12.0/commons-lang3-3.12.0.jar:/home/anuththara/.m2/repository/com/google/guava/guava/26.0-jre/guava-26.0-jre.jar:/home/anuththara/.m2/repository/com/google/code/findbugs/jsr305/3.0.2/jsr305-3.0.2.jar:/home/anuththara/.m2/repository/org/checkerframework/checker-qual/2.5.2/checker-qual-2.5.2.jar:/home/anuththara/.m2/repository/com/google/errorprone/error_prone_annotations/2.1.3/error_prone_annotations-2.1.3.jar:/home/anuththara/.m2/repository/com/google/j2objc/j2objc-annotations/1.1/j2objc-annotations-1.1.jar:/home/anuththara/.m2/repository/org/codehaus/mojo/animal-sniffer-annotations/1.14/animal-sniffer-annotations-1.14.jar:/home/anuththara/.m2/repository/org/slf4j/slf4j-api/1.7.31/slf4j-api-1.7.31.jar:/home/anuththara/.m2/repository/com/fasterxml/jackson/datatype/jackson-datatype-hibernate4/2.4.0/jackson-datatype-hibernate4-2.4.0.jar:/home/anuththara/.m2/repository/com/fasterxml/jackson/core/jackson-databind/2.12.3/jackson-databind-2.12.3.jar:/home/anuththara/.m2/repository/org/assertj/assertj-core/3.4.1/assertj-core-3.4.1.jar:/home/anuththara/.m2/repository/org/assertj/assertj-db/2.0.2/assertj-db-2.0.2.jar:/home/anuththara/.m2/repository/com/h2database/h2/1.4.200/h2-1.4.200.jar, java.vm.vendor=Oracle Corporation, sun.arch.data.model=64, idea.test.cyclic.buffer.size=1048576, java.vendor.url=https://java.oracle.com/, user.timezone=Asia/Colombo, java.vm.specification.version=16, os.name=Linux, javax.persistence.validation.mode=AUTO, sun.java.launcher=SUN_STANDARD, user.country=US, sun.boot.library.path=/usr/lib/jvm/openjdk-16/lib, sun.java.command=com.intellij.rt.junit.JUnitStarter -ideVersion5 -junit5 com.anu.springunijpa.service.impl.UserServiceImplTest,searchByIdOrName, javax.persistence.nonJtaDataSource=HikariDataSource (HikariPool-1), hibernate.transaction.jta.platform=org.hibernate.engine.transaction.jta.platform.internal.NoJtaPlatform@4b691611, javax.persistence.sharedCache.mode=UNSPECIFIED, jdk.debug=release, sun.cpu.endian=little, user.home=/home/anuththara, user.language=en, java.specification.vendor=Oracle Corporation, java.version.date=2021-04-20, java.home=/usr/lib/jvm/openjdk-16, file.separator=/, java.vm.compressedOopsMode=32-bit, line.separator=
, java.specification.name=Java Platform API Specification, java.vm.specification.vendor=Oracle Corporation, FILE_LOG_CHARSET=UTF-8, hibernate.transaction.coordinator_class=class org.hibernate.resource.transaction.backend.jdbc.internal.JdbcResourceLocalTransactionCoordinatorBuilderImpl, java.awt.headless=true, hibernate.hbm2ddl.auto=update, sun.management.compiler=HotSpot 64-Bit Tiered Compilers, java.runtime.version=16.0.1+9-24, user.name=anuththara, path.separator=:, os.version=5.4.0-77-generic, java.runtime.name=OpenJDK Runtime Environment, file.encoding=UTF-8, hibernate.ejb.persistenceUnitName=default, spring.beaninfo.ignore=true, java.vm.name=OpenJDK 64-Bit Server VM, hibernate.show_sql=true, java.vendor.url.bug=https://bugreport.java.com/bugreport/, java.io.tmpdir=/tmp, java.version=16.0.1, hibernate.physical_naming_strategy=org.springframework.boot.orm.jpa.hibernate.SpringPhysicalNamingStrategy, user.dir=/home/anuththara/Documents/hSenid/Practice/springboot/spring-uni-jpa/UserJPA-Springboot, os.arch=amd64, java.vm.specification.name=Java Virtual Machine Specification, PID=8021, CONSOLE_LOG_CHARSET=UTF-8, hibernate.boot.CfgXmlAccessService.key=org.hibernate.boot.registry.StandardServiceRegistryBuilder$1@395a573c, java.library.path=/usr/java/packages/lib:/usr/lib64:/lib64:/lib:/usr/lib, java.vendor=Oracle Corporation, java.vm.info=mixed mode, sharing, java.vm.version=16.0.1+9-24, hibernate.bytecode.use_reflection_optimizer=false, sun.io.unicode.encoding=UnicodeLittle, hibernate.archive.scanner=org.hibernate.boot.archive.scan.internal.DisabledScanner, hibernate.connection.datasource=HikariDataSource (HikariPool-1), java.class.version=60.0}
[2021-07-28 09:01:34] - HikariPool-1 - Added connection com.mysql.cj.jdbc.ConnectionImpl@b28d109
[2021-07-28 09:01:35] - Skipping JACC integration as it was not enabled
[2021-07-28 09:01:35] - Instantiated session factory
[2021-07-28 09:01:35] - Scoping TypeConfiguration [org.hibernate.type.spi.TypeConfiguration@718989fa] to SessionFactoryImpl [org.hibernate.internal.SessionFactoryImpl@7956f93a]
[2021-07-28 09:01:35] - HikariPool-1 - Added connection com.mysql.cj.jdbc.ConnectionImpl@5638295
[2021-07-28 09:01:35] - Not known whether passed class name [com.anu.springunijpa.entity.UserCourse] is safe
[2021-07-28 09:01:35] - No temp ClassLoader provided; using live ClassLoader for loading potentially unsafe class : com.anu.springunijpa.entity.UserCourse
[2021-07-28 09:01:35] - HikariPool-1 - Added connection com.mysql.cj.jdbc.ConnectionImpl@47012d81
[2021-07-28 09:01:35] - HikariPool-1 - Added connection com.mysql.cj.jdbc.ConnectionImpl@66793f3
[2021-07-28 09:01:35] - HikariPool-1 - Added connection com.mysql.cj.jdbc.ConnectionImpl@52135df0
[2021-07-28 09:01:35] - HikariPool-1 - Added connection com.mysql.cj.jdbc.ConnectionImpl@61b4fbca
[2021-07-28 09:01:35] - HikariPool-1 - After adding stats (total=10, active=0, idle=10, waiting=0)
[2021-07-28 09:01:35] - Not known whether passed class name [com.anu.springunijpa.entity.Course] is safe
[2021-07-28 09:01:35] - No temp ClassLoader provided; using live ClassLoader for loading potentially unsafe class : com.anu.springunijpa.entity.Course
[2021-07-28 09:01:35] - Not known whether passed class name [com.anu.springunijpa.entity.User] is safe
[2021-07-28 09:01:35] - No temp ClassLoader provided; using live ClassLoader for loading potentially unsafe class : com.anu.springunijpa.entity.User
[2021-07-28 09:01:35] - Static SQL for collection: com.anu.springunijpa.entity.Course.userCourseSet
[2021-07-28 09:01:35] -  Row insert: update user_course set course_id=? where course_id=? and user_id=?
[2021-07-28 09:01:35] -  Row update: update user_course set  where course_id=? and user_id=?
[2021-07-28 09:01:35] -  Row delete: update user_course set course_id=null where course_id=? and user_id=?
[2021-07-28 09:01:35] -  One-shot delete: update user_course set course_id=null where course_id=?
[2021-07-28 09:01:35] - Static SQL for collection: com.anu.springunijpa.entity.User.userCourseSet
[2021-07-28 09:01:35] -  Row insert: update user_course set user_id=? where course_id=? and user_id=?
[2021-07-28 09:01:35] -  Row update: update user_course set  where course_id=? and user_id=?
[2021-07-28 09:01:35] -  Row delete: update user_course set user_id=null where user_id=? and course_id=?
[2021-07-28 09:01:35] -  One-shot delete: update user_course set user_id=null where user_id=?
[2021-07-28 09:01:35] - Static SQL for entity: com.anu.springunijpa.entity.UserCourse
[2021-07-28 09:01:35] -  Version select: select course_id, user_id from user_course where course_id =? and user_id =?
[2021-07-28 09:01:35] -  Snapshot select: select usercourse_.course_id, usercourse_.user_id, usercourse_.user_course_set as user_cou3_2_ from user_course usercourse_ where usercourse_.course_id=? and usercourse_.user_id=?
[2021-07-28 09:01:35] -  Insert 0: insert into user_course (user_course_set, course_id, user_id) values (?, ?, ?)
[2021-07-28 09:01:35] -  Update 0: update user_course set user_course_set=? where course_id=? and user_id=?
[2021-07-28 09:01:35] -  Delete 0: delete from user_course where course_id=? and user_id=?
[2021-07-28 09:01:35] - Adding QuerySpace : uid = <gen:0> -> org.hibernate.loader.plan.build.internal.spaces.EntityQuerySpaceImpl@5855b0ed]
[2021-07-28 09:01:35] - Adding QuerySpace : uid = <gen:0>-id -> org.hibernate.loader.plan.build.internal.spaces.CompositeQuerySpaceImpl@416c8bb5]
[2021-07-28 09:01:35] - Visiting attribute path : courseId
[2021-07-28 09:01:35] - Visiting attribute path : userId
[2021-07-28 09:01:35] - Visiting attribute path : course
[2021-07-28 09:01:35] - Adding QuerySpace : uid = <gen:1> -> org.hibernate.loader.plan.build.internal.spaces.EntityQuerySpaceImpl@2336cd91]
[2021-07-28 09:01:35] - Visiting attribute path : course.courseLeader
[2021-07-28 09:01:35] - Visiting attribute path : course.courseName
[2021-07-28 09:01:35] - Visiting attribute path : course.userCourseSet
[2021-07-28 09:01:35] - Property path deemed to be circular : course.userCourseSet
[2021-07-28 09:01:35] - Visiting attribute path : user
[2021-07-28 09:01:35] - Adding QuerySpace : uid = <gen:2> -> org.hibernate.loader.plan.build.internal.spaces.EntityQuerySpaceImpl@3fe98084]
[2021-07-28 09:01:35] - Visiting attribute path : user.dOB
[2021-07-28 09:01:35] - Visiting attribute path : user.userCourseSet
[2021-07-28 09:01:35] - Property path deemed to be circular : user.userCourseSet
[2021-07-28 09:01:35] - Visiting attribute path : user.userName
[2021-07-28 09:01:35] - Visiting attribute path : user.userTel
[2021-07-28 09:01:35] - Visiting attribute path : userCourseSet
[2021-07-28 09:01:35] - Building LoadPlan...
[2021-07-28 09:01:35] - processing queryspace <gen:0>
[2021-07-28 09:01:35] - LoadPlan(entity=com.anu.springunijpa.entity.UserCourse)
    - Returns
       - EntityReturnImpl(entity=com.anu.springunijpa.entity.UserCourse, querySpaceUid=<gen:0>, path=com.anu.springunijpa.entity.UserCourse)
          - EntityAttributeFetchImpl(entity=com.anu.springunijpa.entity.Course, querySpaceUid=<gen:1>, path=com.anu.springunijpa.entity.UserCourse.course)
          - EntityAttributeFetchImpl(entity=com.anu.springunijpa.entity.User, querySpaceUid=<gen:2>, path=com.anu.springunijpa.entity.UserCourse.user)
    - QuerySpaces
       - EntityQuerySpaceImpl(uid=<gen:0>, entity=com.anu.springunijpa.entity.UserCourse)
          - SQL table alias mapping - usercourse0_
          - alias suffix - 0_
          - suffixed key columns - {course_i1_2_0_, user_id2_2_0_}
          - JOIN (JoinDefinedByMetadata(id)) : <gen:0> -> <gen:0>-id
             - CompositeQuerySpaceImpl(uid=<gen:0>-id)
                - SQL table alias mapping - usercourse0_
          - JOIN (JoinDefinedByMetadata(course)) : <gen:0> -> <gen:1>
             - EntityQuerySpaceImpl(uid=<gen:1>, entity=com.anu.springunijpa.entity.Course)
                - SQL table alias mapping - course1_
                - alias suffix - 1_
                - suffixed key columns - {course_i1_0_1_}
          - JOIN (JoinDefinedByMetadata(user)) : <gen:0> -> <gen:2>
             - EntityQuerySpaceImpl(uid=<gen:2>, entity=com.anu.springunijpa.entity.User)
                - SQL table alias mapping - user2_
                - alias suffix - 2_
                - suffixed key columns - {user_id1_1_2_}

[2021-07-28 09:01:35] - Static select for entity com.anu.springunijpa.entity.UserCourse [NONE]: select usercourse0_.course_id as course_i1_2_0_, usercourse0_.user_id as user_id2_2_0_, usercourse0_.user_course_set as user_cou3_2_0_, course1_.course_id as course_i1_0_1_, course1_.course_leader as course_l2_0_1_, course1_.course_name as course_n3_0_1_, user2_.user_id as user_id1_1_2_, user2_.date_of_birth as date_of_2_1_2_, user2_.user_name as user_nam3_1_2_, user2_.user_tel as user_tel4_1_2_ from user_course usercourse0_ inner join course course1_ on usercourse0_.course_id=course1_.course_id inner join user user2_ on usercourse0_.user_id=user2_.user_id where usercourse0_.course_id=? and usercourse0_.user_id=?
[2021-07-28 09:01:35] - Static SQL for entity: com.anu.springunijpa.entity.Course
[2021-07-28 09:01:35] -  Version select: select course_id from course where course_id =?
[2021-07-28 09:01:35] -  Snapshot select: select course_.course_id, course_.course_leader as course_l2_0_, course_.course_name as course_n3_0_ from course course_ where course_.course_id=?
[2021-07-28 09:01:35] -  Insert 0: insert into course (course_leader, course_name, course_id) values (?, ?, ?)
[2021-07-28 09:01:35] -  Update 0: update course set course_leader=?, course_name=? where course_id=?
[2021-07-28 09:01:35] -  Delete 0: delete from course where course_id=?
[2021-07-28 09:01:35] - Adding QuerySpace : uid = <gen:0> -> org.hibernate.loader.plan.build.internal.spaces.EntityQuerySpaceImpl@7ec508e6]
[2021-07-28 09:01:35] - Visiting attribute path : courseLeader
[2021-07-28 09:01:35] - Visiting attribute path : courseName
[2021-07-28 09:01:35] - Visiting attribute path : userCourseSet
[2021-07-28 09:01:35] - Adding QuerySpace : uid = <gen:1> -> org.hibernate.loader.plan.build.internal.spaces.CollectionQuerySpaceImpl@d0fabc8]
[2021-07-28 09:01:35] - Adding QuerySpace : uid = <gen:2> -> org.hibernate.loader.plan.build.internal.spaces.EntityQuerySpaceImpl@7bbd76b8]
[2021-07-28 09:01:35] - Adding QuerySpace : uid = <gen:2>-id -> org.hibernate.loader.plan.build.internal.spaces.CompositeQuerySpaceImpl@68479e8b]
[2021-07-28 09:01:35] - Building LoadPlan...
[2021-07-28 09:01:35] - processing queryspace <gen:0>
[2021-07-28 09:01:35] - LoadPlan(entity=com.anu.springunijpa.entity.Course)
    - Returns
       - EntityReturnImpl(entity=com.anu.springunijpa.entity.Course, querySpaceUid=<gen:0>, path=com.anu.springunijpa.entity.Course)
          - CollectionAttributeFetchImpl(collection=com.anu.springunijpa.entity.Course.userCourseSet, querySpaceUid=<gen:1>, path=com.anu.springunijpa.entity.Course.userCourseSet)
             - (collection element) CollectionFetchableElementEntityGraph(entity=com.anu.springunijpa.entity.UserCourse, querySpaceUid=<gen:2>, path=com.anu.springunijpa.entity.Course.userCourseSet.<elements>)
    - QuerySpaces
       - EntityQuerySpaceImpl(uid=<gen:0>, entity=com.anu.springunijpa.entity.Course)
          - SQL table alias mapping - course0_
          - alias suffix - 0_
          - suffixed key columns - {course_i1_0_0_}

