[2021-07-26 11:55:09] - Tomcat initialized with port(s): 8080 (http)
[2021-07-26 11:55:09] - Initializing ProtocolHandler ["http-nio-8080"]
[2021-07-26 11:55:09] - Starting service [Tomcat]
[2021-07-26 11:55:09] - Starting Servlet engine: [Apache Tomcat/9.0.48]
[2021-07-26 11:55:09] - Initializing Spring embedded WebApplicationContext
[2021-07-26 11:55:09] - Root WebApplicationContext: initialization completed in 910 ms
[2021-07-26 11:55:09] - HHH000204: Processing PersistenceUnitInfo [name: default]
[2021-07-26 11:55:09] - HHH000412: Hibernate ORM core version 5.4.32.Final
[2021-07-26 11:55:09] - HCANN000001: Hibernate Commons Annotations {5.1.2.Final}
[2021-07-26 11:55:09] - HikariPool-1 - Starting...
[2021-07-26 11:55:09] - Registered driver with driverClassName=com.mysql.jdbc.Driver was not found, trying direct instantiation.
[2021-07-26 11:55:09] - HikariPool-1 - Start completed.
[2021-07-26 11:55:09] - HHH000400: Using dialect: org.hibernate.dialect.MySQL5Dialect
[2021-07-26 11:55:10] - HHH000490: Using JtaPlatform implementation: [org.hibernate.engine.transaction.jta.platform.internal.NoJtaPlatform]
[2021-07-26 11:55:10] - Initialized JPA EntityManagerFactory for persistence unit 'default'
[2021-07-26 11:55:10] - spring.jpa.open-in-view is enabled by default. Therefore, database queries may be performed during view rendering. Explicitly configure spring.jpa.open-in-view to disable this warning
[2021-07-26 11:55:10] - Starting ProtocolHandler ["http-nio-8080"]
[2021-07-26 11:55:10] - Tomcat started on port(s): 8080 (http) with context path ''
[2021-07-26 11:55:10] - Started SpringUniJpaApplication in 2.937 seconds (JVM running for 3.63)
[2021-07-26 11:55:16] - Initializing Spring DispatcherServlet 'dispatcherServlet'
[2021-07-26 11:55:16] - Initializing Servlet 'dispatcherServlet'
[2021-07-26 11:55:16] - Completed initialization in 1 ms
[2021-07-26 11:56:58] - Closing JPA EntityManagerFactory for persistence unit 'default'
[2021-07-26 11:56:58] - HikariPool-1 - Shutdown initiated...
[2021-07-26 11:56:58] - HikariPool-1 - Shutdown completed.
[2021-07-26 11:57:02] - Starting SpringUniJpaApplication using Java 16.0.1 on anuththara-VivoBook-ASUSLaptop-X509JB-X509JB with PID 12604 (/home/anuththara/Documents/hSenid/Practice/springboot/spring-uni-jpa/UserJPA-Springboot/target/classes started by anuththara in /home/anuththara/Documents/hSenid/Practice/springboot/spring-uni-jpa/UserJPA-Springboot)
[2021-07-26 11:57:02] - No active profile set, falling back to default profiles: default
[2021-07-26 11:57:02] - Bootstrapping Spring Data JPA repositories in DEFAULT mode.
[2021-07-26 11:57:02] - Finished Spring Data repository scanning in 31 ms. Found 2 JPA repository interfaces.
[2021-07-26 11:57:03] - Tomcat initialized with port(s): 8080 (http)
[2021-07-26 11:57:03] - Initializing ProtocolHandler ["http-nio-8080"]
[2021-07-26 11:57:03] - Starting service [Tomcat]
[2021-07-26 11:57:03] - Starting Servlet engine: [Apache Tomcat/9.0.48]
[2021-07-26 11:57:03] - Initializing Spring embedded WebApplicationContext
[2021-07-26 11:57:03] - Root WebApplicationContext: initialization completed in 956 ms
[2021-07-26 11:57:03] - HHH000204: Processing PersistenceUnitInfo [name: default]
[2021-07-26 11:57:03] - HHH000412: Hibernate ORM core version 5.4.32.Final
[2021-07-26 11:57:03] - HCANN000001: Hibernate Commons Annotations {5.1.2.Final}
[2021-07-26 11:57:03] - HikariPool-1 - Starting...
[2021-07-26 11:57:03] - Registered driver with driverClassName=com.mysql.jdbc.Driver was not found, trying direct instantiation.
[2021-07-26 11:57:03] - HikariPool-1 - Start completed.
[2021-07-26 11:57:03] - HHH000400: Using dialect: org.hibernate.dialect.MySQL5Dialect
[2021-07-26 11:57:03] - Failed to initialize JPA EntityManagerFactory: Unable to find properties (courseId, userId) in entity annotated with @IdClass:com.anu.springunijpa.entity.UserCourse
[2021-07-26 11:57:03] - Error starting Tomcat context. Exception: org.springframework.beans.factory.UnsatisfiedDependencyException. Message: Error creating bean with name 'graphQLServletRegistrationBean' defined in class path resource [com/oembedler/moon/graphql/boot/GraphQLWebAutoConfiguration.class]: Unsatisfied dependency expressed through method 'graphQLServletRegistrationBean' parameter 0; nested exception is org.springframework.beans.factory.UnsatisfiedDependencyException: Error creating bean with name 'graphQLHttpServlet' defined in class path resource [com/oembedler/moon/graphql/boot/GraphQLWebAutoConfiguration.class]: Unsatisfied dependency expressed through method 'graphQLHttpServlet' parameter 0; nested exception is org.springframework.beans.factory.UnsatisfiedDependencyException: Error creating bean with name 'invocationInputFactory' defined in class path resource [com/oembedler/moon/graphql/boot/GraphQLWebAutoConfiguration.class]: Unsatisfied dependency expressed through method 'invocationInputFactory' parameter 0; nested exception is org.springframework.beans.factory.UnsatisfiedDependencyException: Error creating bean with name 'graphQLSchemaProvider' defined in class path resource [com/oembedler/moon/graphql/boot/GraphQLWebAutoConfiguration.class]: Unsatisfied dependency expressed through method 'graphQLSchemaProvider' parameter 0; nested exception is org.springframework.beans.factory.UnsatisfiedDependencyException: Error creating bean with name 'graphQLSchema' defined in class path resource [com/oembedler/moon/graphql/boot/GraphQLJavaToolsAutoConfiguration.class]: Unsatisfied dependency expressed through method 'graphQLSchema' parameter 0; nested exception is org.springframework.beans.factory.UnsatisfiedDependencyException: Error creating bean with name 'schemaParser' defined in class path resource [com/oembedler/moon/graphql/boot/GraphQLJavaToolsAutoConfiguration.class]: Unsatisfied dependency expressed through method 'schemaParser' parameter 0; nested exception is org.springframework.beans.factory.UnsatisfiedDependencyException: Error creating bean with name 'courseResolver': Unsatisfied dependency expressed through field 'courseRepository'; nested exception is org.springframework.beans.factory.BeanCreationException: Error creating bean with name 'courseRepository' defined in com.anu.springunijpa.repository.CourseRepository defined in @EnableJpaRepositories declared on JpaRepositoriesRegistrar.EnableJpaRepositoriesConfiguration: Cannot create inner bean '(inner bean)#4fe533ff' of type [org.springframework.orm.jpa.SharedEntityManagerCreator] while setting bean property 'entityManager'; nested exception is org.springframework.beans.factory.BeanCreationException: Error creating bean with name '(inner bean)#4fe533ff': Cannot resolve reference to bean 'entityManagerFactory' while setting constructor argument; nested exception is org.springframework.beans.factory.BeanCreationException: Error creating bean with name 'entityManagerFactory' defined in class path resource [org/springframework/boot/autoconfigure/orm/jpa/HibernateJpaConfiguration.class]: Invocation of init method failed; nested exception is org.hibernate.AnnotationException: Unable to find properties (courseId, userId) in entity annotated with @IdClass:com.anu.springunijpa.entity.UserCourse
[2021-07-26 11:57:03] - Stopping service [Tomcat]
[2021-07-26 11:57:03] - The web application [ROOT] appears to have started a thread named [HikariPool-1 housekeeper] but has failed to stop it. This is very likely to create a memory leak. Stack trace of thread:
 java.base@16.0.1/jdk.internal.misc.Unsafe.park(Native Method)
 java.base@16.0.1/java.util.concurrent.locks.LockSupport.parkNanos(LockSupport.java:252)
 java.base@16.0.1/java.util.concurrent.locks.AbstractQueuedSynchronizer$ConditionObject.awaitNanos(AbstractQueuedSynchronizer.java:1661)
 java.base@16.0.1/java.util.concurrent.ScheduledThreadPoolExecutor$DelayedWorkQueue.take(ScheduledThreadPoolExecutor.java:1182)
 java.base@16.0.1/java.util.concurrent.ScheduledThreadPoolExecutor$DelayedWorkQueue.take(ScheduledThreadPoolExecutor.java:899)
 java.base@16.0.1/java.util.concurrent.ThreadPoolExecutor.getTask(ThreadPoolExecutor.java:1056)
 java.base@16.0.1/java.util.concurrent.ThreadPoolExecutor.runWorker(ThreadPoolExecutor.java:1116)
 java.base@16.0.1/java.util.concurrent.ThreadPoolExecutor$Worker.run(ThreadPoolExecutor.java:630)
 java.base@16.0.1/java.lang.Thread.run(Thread.java:831)
[2021-07-26 11:57:03] - The web application [ROOT] appears to have started a thread named [HikariPool-1 connection adder] but has failed to stop it. This is very likely to create a memory leak. Stack trace of thread:
 java.base@16.0.1/sun.security.util.math.intpoly.IntegerPolynomial$MutableElement.setDifference(IntegerPolynomial.java:726)
 java.base@16.0.1/sun.security.util.math.intpoly.IntegerPolynomial$MutableElement.setDifference(IntegerPolynomial.java:624)
 platform/jdk.crypto.ec@16.0.1/sun.security.ec.ECOperations.setSum(ECOperations.java:477)
 platform/jdk.crypto.ec@16.0.1/sun.security.ec.ECOperations.multiply(ECOperations.java:273)
 platform/jdk.crypto.ec@16.0.1/sun.security.ec.ECKeyPairGenerator.generateKeyPairImpl(ECKeyPairGenerator.java:199)
 platform/jdk.crypto.ec@16.0.1/sun.security.ec.ECKeyPairGenerator.generateKeyPair(ECKeyPairGenerator.java:148)
 java.base@16.0.1/java.security.KeyPairGenerator$Delegate.generateKeyPair(KeyPairGenerator.java:728)
 java.base@16.0.1/sun.security.ssl.ECDHKeyExchange$ECDHEPossession.<init>(ECDHKeyExchange.java:119)
 java.base@16.0.1/sun.security.ssl.NamedGroup$ECDHEScheme.createPossession(NamedGroup.java:625)
 java.base@16.0.1/sun.security.ssl.NamedGroup$NamedGroupSpec.createPossession(NamedGroup.java:543)
 java.base@16.0.1/sun.security.ssl.NamedGroup.createPossession(NamedGroup.java:431)
 java.base@16.0.1/sun.security.ssl.SSLKeyExchange$T13KeyAgreement.createPossession(SSLKeyExchange.java:588)
 java.base@16.0.1/sun.security.ssl.SSLKeyExchange.createPossessions(SSLKeyExchange.java:97)
 java.base@16.0.1/sun.security.ssl.KeyShareExtension$CHKeyShareProducer.getShare(KeyShareExtension.java:300)
 java.base@16.0.1/sun.security.ssl.KeyShareExtension$CHKeyShareProducer.produce(KeyShareExtension.java:261)
 java.base@16.0.1/sun.security.ssl.SSLExtension.produce(SSLExtension.java:603)
 java.base@16.0.1/sun.security.ssl.SSLExtensions.produce(SSLExtensions.java:253)
 java.base@16.0.1/sun.security.ssl.ClientHello$ClientHelloKickstartProducer.produce(ClientHello.java:649)
 java.base@16.0.1/sun.security.ssl.SSLHandshake.kickstart(SSLHandshake.java:529)
 java.base@16.0.1/sun.security.ssl.ClientHandshakeContext.kickstart(ClientHandshakeContext.java:107)
 java.base@16.0.1/sun.security.ssl.TransportContext.kickstart(TransportContext.java:249)
 java.base@16.0.1/sun.security.ssl.SSLSocketImpl.startHandshake(SSLSocketImpl.java:434)
 java.base@16.0.1/sun.security.ssl.SSLSocketImpl.startHandshake(SSLSocketImpl.java:412)
 app//com.mysql.cj.protocol.ExportControlled.performTlsHandshake(ExportControlled.java:317)
 app//com.mysql.cj.protocol.StandardSocketFactory.performTlsHandshake(StandardSocketFactory.java:188)
 app//com.mysql.cj.protocol.a.NativeSocketConnection.performTlsHandshake(NativeSocketConnection.java:97)
 app//com.mysql.cj.protocol.a.NativeProtocol.negotiateSSLConnection(NativeProtocol.java:333)
 app//com.mysql.cj.protocol.a.NativeAuthenticationProvider.connect(NativeAuthenticationProvider.java:203)
 app//com.mysql.cj.protocol.a.NativeProtocol.connect(NativeProtocol.java:1353)
 app//com.mysql.cj.NativeSession.connect(NativeSession.java:157)
 app//com.mysql.cj.jdbc.ConnectionImpl.connectOneTryOnly(ConnectionImpl.java:953)
 app//com.mysql.cj.jdbc.ConnectionImpl.createNewIO(ConnectionImpl.java:823)
 app//com.mysql.cj.jdbc.ConnectionImpl.<init>(ConnectionImpl.java:453)
 app//com.mysql.cj.jdbc.ConnectionImpl.getInstance(ConnectionImpl.java:246)
 app//com.mysql.cj.jdbc.NonRegisteringDriver.connect(NonRegisteringDriver.java:198)
 app//com.zaxxer.hikari.util.DriverDataSource.getConnection(DriverDataSource.java:138)
 app//com.zaxxer.hikari.pool.PoolBase.newConnection(PoolBase.java:364)
 app//com.zaxxer.hikari.pool.PoolBase.newPoolEntry(PoolBase.java:206)
 app//com.zaxxer.hikari.pool.HikariPool.createPoolEntry(HikariPool.java:476)
 app//com.zaxxer.hikari.pool.HikariPool.access$100(HikariPool.java:71)
 app//com.zaxxer.hikari.pool.HikariPool$PoolEntryCreator.call(HikariPool.java:726)
 app//com.zaxxer.hikari.pool.HikariPool$PoolEntryCreator.call(HikariPool.java:712)
 java.base@16.0.1/java.util.concurrent.FutureTask.run(FutureTask.java:264)
 java.base@16.0.1/java.util.concurrent.ThreadPoolExecutor.runWorker(ThreadPoolExecutor.java:1130)
 java.base@16.0.1/java.util.concurrent.ThreadPoolExecutor$Worker.run(ThreadPoolExecutor.java:630)
 java.base@16.0.1/java.lang.Thread.run(Thread.java:831)
[2021-07-26 11:57:03] - Exception encountered during context initialization - cancelling refresh attempt: org.springframework.context.ApplicationContextException: Unable to start web server; nested exception is org.springframework.boot.web.server.WebServerException: Unable to start embedded Tomcat
