[2021-07-27 17:49:08] - HikariPool-1 - Added connection com.mysql.cj.jdbc.ConnectionImpl@3c00159b
[2021-07-27 17:49:09] - HikariPool-1 - Closing connection com.mysql.cj.jdbc.ConnectionImpl@5e99c20c: (connection has passed maxLifetime)
[2021-07-27 17:49:09] - HikariPool-1 - Add connection elided, waiting 0, queue 1
[2021-07-27 17:49:09] - HikariPool-1 - Closing connection com.mysql.cj.jdbc.ConnectionImpl@168bd71b: (connection has passed maxLifetime)
[2021-07-27 17:49:09] - HikariPool-1 - Added connection com.mysql.cj.jdbc.ConnectionImpl@7d3d1fa0
[2021-07-27 17:49:09] - HikariPool-1 - Add connection elided, waiting 0, queue 1
[2021-07-27 17:49:09] - HikariPool-1 - Closing connection com.mysql.cj.jdbc.ConnectionImpl@c27da83: (connection has passed maxLifetime)
[2021-07-27 17:49:09] - HikariPool-1 - Added connection com.mysql.cj.jdbc.ConnectionImpl@4c8aa084
[2021-07-27 17:49:09] - HikariPool-1 - After adding stats (total=9, active=0, idle=9, waiting=0)
[2021-07-27 17:49:09] - HikariPool-1 - Added connection com.mysql.cj.jdbc.ConnectionImpl@1d12e0ef
[2021-07-27 17:49:09] - HikariPool-1 - After adding stats (total=10, active=0, idle=10, waiting=0)
[2021-07-27 17:49:10] - HikariPool-1 - Closing connection com.mysql.cj.jdbc.ConnectionImpl@213b33d3: (connection has passed maxLifetime)
[2021-07-27 17:49:10] - HikariPool-1 - Added connection com.mysql.cj.jdbc.ConnectionImpl@195c9954
[2021-07-27 17:49:10] - HikariPool-1 - Closing connection com.mysql.cj.jdbc.ConnectionImpl@2d352ff7: (connection has passed maxLifetime)
[2021-07-27 17:49:10] - HikariPool-1 - Added connection com.mysql.cj.jdbc.ConnectionImpl@6239aa75
[2021-07-27 17:49:12] - HikariPool-1 - Closing connection com.mysql.cj.jdbc.ConnectionImpl@297b767b: (connection has passed maxLifetime)
[2021-07-27 17:49:12] - HikariPool-1 - Added connection com.mysql.cj.jdbc.ConnectionImpl@4c9dc97d
[2021-07-27 17:49:15] - HikariPool-1 - Closing connection com.mysql.cj.jdbc.ConnectionImpl@6fb0261e: (connection has passed maxLifetime)
[2021-07-27 17:49:15] - HikariPool-1 - Added connection com.mysql.cj.jdbc.ConnectionImpl@63564971
[2021-07-27 17:49:18] - HikariPool-1 - Closing connection com.mysql.cj.jdbc.ConnectionImpl@a247899: (connection has passed maxLifetime)
[2021-07-27 17:49:18] - HikariPool-1 - Added connection com.mysql.cj.jdbc.ConnectionImpl@5f6453e1
[2021-07-27 17:49:22] - HikariPool-1 - Pool stats (total=10, active=0, idle=10, waiting=0)
[2021-07-27 17:49:22] - HikariPool-1 - Fill pool skipped, pool is at sufficient level.
[2021-07-27 17:49:51] - HikariPool-1 - Closing connection com.mysql.cj.jdbc.ConnectionImpl@11323c3e: (connection has passed maxLifetime)
[2021-07-27 17:49:51] - HikariPool-1 - Added connection com.mysql.cj.jdbc.ConnectionImpl@3fea1526
[2021-07-27 17:49:52] - HikariPool-1 - Pool stats (total=10, active=0, idle=10, waiting=0)
[2021-07-27 17:49:52] - HikariPool-1 - Fill pool skipped, pool is at sufficient level.
[2021-07-27 17:50:22] - HikariPool-1 - Pool stats (total=10, active=0, idle=10, waiting=0)
[2021-07-27 17:50:22] - HikariPool-1 - Fill pool skipped, pool is at sufficient level.
[2021-07-27 17:50:40] - Instantiating CacheAwareContextLoaderDelegate from class [org.springframework.test.context.cache.DefaultCacheAwareContextLoaderDelegate]
[2021-07-27 17:50:40] - Instantiating BootstrapContext using constructor [public org.springframework.test.context.support.DefaultBootstrapContext(java.lang.Class,org.springframework.test.context.CacheAwareContextLoaderDelegate)]
[2021-07-27 17:50:40] - Instantiating TestContextBootstrapper for test class [com.anu.springunijpa.service.impl.UserServiceImplTest] from class [org.springframework.boot.test.autoconfigure.orm.jpa.DataJpaTestContextBootstrapper]
[2021-07-27 17:50:40] - Neither @ContextConfiguration nor @ContextHierarchy found for test class [com.anu.springunijpa.service.impl.UserServiceImplTest], using SpringBootContextLoader
[2021-07-27 17:50:40] - Did not detect default resource location for test class [com.anu.springunijpa.service.impl.UserServiceImplTest]: class path resource [com/anu/springunijpa/service/impl/UserServiceImplTest-context.xml] does not exist
[2021-07-27 17:50:40] - Did not detect default resource location for test class [com.anu.springunijpa.service.impl.UserServiceImplTest]: class path resource [com/anu/springunijpa/service/impl/UserServiceImplTestContext.groovy] does not exist
[2021-07-27 17:50:40] - Could not detect default resource locations for test class [com.anu.springunijpa.service.impl.UserServiceImplTest]: no resource found for suffixes {-context.xml, Context.groovy}.
[2021-07-27 17:50:40] - Could not detect default configuration classes for test class [com.anu.springunijpa.service.impl.UserServiceImplTest]: UserServiceImplTest does not declare any static, non-private, non-final, nested classes annotated with @Configuration.
[2021-07-27 17:50:40] - Could not find an 'annotation declaring class' for annotation type [org.springframework.test.context.ActiveProfiles] and class [com.anu.springunijpa.service.impl.UserServiceImplTest]
[2021-07-27 17:50:40] - Identified candidate component class: file [/home/anuththara/Documents/hSenid/Practice/springboot/spring-uni-jpa/UserJPA-Springboot/target/classes/com/anu/springunijpa/SpringUniJpaApplication.class]
[2021-07-27 17:50:40] - Found @SpringBootConfiguration com.anu.springunijpa.SpringUniJpaApplication for test class com.anu.springunijpa.service.impl.UserServiceImplTest
[2021-07-27 17:50:40] - @TestExecutionListeners is not present for class [com.anu.springunijpa.service.impl.UserServiceImplTest]: using defaults.
[2021-07-27 17:50:40] - Loaded default TestExecutionListener class names from location [META-INF/spring.factories]: [org.springframework.boot.test.mock.mockito.MockitoTestExecutionListener, org.springframework.boot.test.mock.mockito.ResetMocksTestExecutionListener, org.springframework.boot.test.autoconfigure.restdocs.RestDocsTestExecutionListener, org.springframework.boot.test.autoconfigure.web.client.MockRestServiceServerResetTestExecutionListener, org.springframework.boot.test.autoconfigure.web.servlet.MockMvcPrintOnlyOnFailureTestExecutionListener, org.springframework.boot.test.autoconfigure.web.servlet.WebDriverTestExecutionListener, org.springframework.boot.test.autoconfigure.webservices.client.MockWebServiceServerTestExecutionListener, org.springframework.test.context.web.ServletTestExecutionListener, org.springframework.test.context.support.DirtiesContextBeforeModesTestExecutionListener, org.springframework.test.context.event.ApplicationEventsTestExecutionListener, org.springframework.test.context.support.DependencyInjectionTestExecutionListener, org.springframework.test.context.support.DirtiesContextTestExecutionListener, org.springframework.test.context.transaction.TransactionalTestExecutionListener, org.springframework.test.context.jdbc.SqlScriptsTestExecutionListener, org.springframework.test.context.event.EventPublishingTestExecutionListener]
[2021-07-27 17:50:40] - Using TestExecutionListeners: [org.springframework.test.context.web.ServletTestExecutionListener@1921ad94, org.springframework.test.context.support.DirtiesContextBeforeModesTestExecutionListener@ee86bcb, org.springframework.test.context.event.ApplicationEventsTestExecutionListener@177bea38, org.springframework.boot.test.mock.mockito.MockitoTestExecutionListener@7f132176, org.springframework.boot.test.autoconfigure.SpringBootDependencyInjectionTestExecutionListener@6bca7e0d, org.springframework.test.context.support.DirtiesContextTestExecutionListener@2631f68c, org.springframework.test.context.transaction.TransactionalTestExecutionListener@6ed3f258, org.springframework.test.context.jdbc.SqlScriptsTestExecutionListener@8ad6665, org.springframework.test.context.event.EventPublishingTestExecutionListener@30af5b6b, org.springframework.boot.test.mock.mockito.ResetMocksTestExecutionListener@19835e64, org.springframework.boot.test.autoconfigure.restdocs.RestDocsTestExecutionListener@68b32e3e, org.springframework.boot.test.autoconfigure.web.client.MockRestServiceServerResetTestExecutionListener@bcef303, org.springframework.boot.test.autoconfigure.web.servlet.MockMvcPrintOnlyOnFailureTestExecutionListener@41709512, org.springframework.boot.test.autoconfigure.web.servlet.WebDriverTestExecutionListener@42039326, org.springframework.boot.test.autoconfigure.webservices.client.MockWebServiceServerTestExecutionListener@33308786]
[2021-07-27 17:50:40] - Before test class: context [DefaultTestContext@24111ef1 testClass = UserServiceImplTest, testInstance = [null], testMethod = [null], testException = [null], mergedContextConfiguration = [MergedContextConfiguration@1f3f02ee testClass = UserServiceImplTest, locations = '{}', classes = '{class com.anu.springunijpa.SpringUniJpaApplication}', contextInitializerClasses = '[]', activeProfiles = '{}', propertySourceLocations = '{}', propertySourceProperties = '{org.springframework.boot.test.autoconfigure.orm.jpa.DataJpaTestContextBootstrapper=true}', contextCustomizers = set[[ImportsContextCustomizer@1fde5d22 key = [org.springframework.boot.autoconfigure.cache.CacheAutoConfiguration, org.springframework.boot.autoconfigure.data.jpa.JpaRepositoriesAutoConfiguration, org.springframework.boot.autoconfigure.flyway.FlywayAutoConfiguration, org.springframework.boot.autoconfigure.jdbc.DataSourceAutoConfiguration, org.springframework.boot.autoconfigure.jdbc.DataSourceTransactionManagerAutoConfiguration, org.springframework.boot.autoconfigure.jdbc.JdbcTemplateAutoConfiguration, org.springframework.boot.autoconfigure.liquibase.LiquibaseAutoConfiguration, org.springframework.boot.autoconfigure.orm.jpa.HibernateJpaAutoConfiguration, org.springframework.boot.autoconfigure.sql.init.SqlInitializationAutoConfiguration, org.springframework.boot.autoconfigure.transaction.TransactionAutoConfiguration, org.springframework.boot.test.autoconfigure.jdbc.TestDatabaseAutoConfiguration, org.springframework.boot.test.autoconfigure.orm.jpa.TestEntityManagerAutoConfiguration]], org.springframework.boot.test.context.filter.ExcludeFilterContextCustomizer@1787bc24, org.springframework.boot.test.json.DuplicateJsonObjectContextCustomizerFactory$DuplicateJsonObjectContextCustomizer@53b7f657, org.springframework.boot.test.mock.mockito.MockitoContextCustomizer@0, org.springframework.boot.test.autoconfigure.OverrideAutoConfigurationContextCustomizerFactory$DisableAutoConfigurationContextCustomizer@6c61a903, org.springframework.boot.test.autoconfigure.actuate.metrics.MetricsExportContextCustomizerFactory$DisableMetricExportContextCustomizer@3fc79729, org.springframework.boot.test.autoconfigure.filter.TypeExcludeFiltersContextCustomizer@351584c0, org.springframework.boot.test.autoconfigure.properties.PropertyMappingContextCustomizer@f60c15b, org.springframework.boot.test.autoconfigure.web.servlet.WebDriverContextCustomizerFactory$Customizer@6cdba6dc, org.springframework.boot.test.context.SpringBootTestArgs@1, org.springframework.boot.test.context.SpringBootTestWebEnvironment@0], contextLoader = 'org.springframework.boot.test.context.SpringBootContextLoader', parent = [null]], attributes = map[[empty]]], class annotated with @DirtiesContext [false] with mode [null].
