[2021-07-26 11:57:20] - Tomcat initialized with port(s): 8080 (http)
[2021-07-26 11:57:20] - Initializing ProtocolHandler ["http-nio-8080"]
[2021-07-26 11:57:20] - Starting service [Tomcat]
[2021-07-26 11:57:20] - Starting Servlet engine: [Apache Tomcat/9.0.48]
[2021-07-26 11:57:20] - Initializing Spring embedded WebApplicationContext
[2021-07-26 11:57:20] - Root WebApplicationContext: initialization completed in 943 ms
[2021-07-26 11:57:20] - HHH000204: Processing PersistenceUnitInfo [name: default]
[2021-07-26 11:57:20] - HHH000412: Hibernate ORM core version 5.4.32.Final
[2021-07-26 11:57:20] - HCANN000001: Hibernate Commons Annotations {5.1.2.Final}
[2021-07-26 11:57:21] - HikariPool-1 - Starting...
[2021-07-26 11:57:21] - Registered driver with driverClassName=com.mysql.jdbc.Driver was not found, trying direct instantiation.
[2021-07-26 11:57:21] - HikariPool-1 - Start completed.
[2021-07-26 11:57:21] - HHH000400: Using dialect: org.hibernate.dialect.MySQL5Dialect
[2021-07-26 11:57:21] - Failed to initialize JPA EntityManagerFactory: Unable to find properties (courseId, userId) in entity annotated with @IdClass:com.anu.springunijpa.entity.UserCourse
[2021-07-26 11:57:21] - Error starting Tomcat context. Exception: org.springframework.beans.factory.UnsatisfiedDependencyException. Message: Error creating bean with name 'graphQLServletRegistrationBean' defined in class path resource [com/oembedler/moon/graphql/boot/GraphQLWebAutoConfiguration.class]: Unsatisfied dependency expressed through method 'graphQLServletRegistrationBean' parameter 0; nested exception is org.springframework.beans.factory.UnsatisfiedDependencyException: Error creating bean with name 'graphQLHttpServlet' defined in class path resource [com/oembedler/moon/graphql/boot/GraphQLWebAutoConfiguration.class]: Unsatisfied dependency expressed through method 'graphQLHttpServlet' parameter 0; nested exception is org.springframework.beans.factory.UnsatisfiedDependencyException: Error creating bean with name 'invocationInputFactory' defined in class path resource [com/oembedler/moon/graphql/boot/GraphQLWebAutoConfiguration.class]: Unsatisfied dependency expressed through method 'invocationInputFactory' parameter 0; nested exception is org.springframework.beans.factory.UnsatisfiedDependencyException: Error creating bean with name 'graphQLSchemaProvider' defined in class path resource [com/oembedler/moon/graphql/boot/GraphQLWebAutoConfiguration.class]: Unsatisfied dependency expressed through method 'graphQLSchemaProvider' parameter 0; nested exception is org.springframework.beans.factory.UnsatisfiedDependencyException: Error creating bean with name 'graphQLSchema' defined in class path resource [com/oembedler/moon/graphql/boot/GraphQLJavaToolsAutoConfiguration.class]: Unsatisfied dependency expressed through method 'graphQLSchema' parameter 0; nested exception is org.springframework.beans.factory.UnsatisfiedDependencyException: Error creating bean with name 'schemaParser' defined in class path resource [com/oembedler/moon/graphql/boot/GraphQLJavaToolsAutoConfiguration.class]: Unsatisfied dependency expressed through method 'schemaParser' parameter 0; nested exception is org.springframework.beans.factory.UnsatisfiedDependencyException: Error creating bean with name 'courseResolver': Unsatisfied dependency expressed through field 'courseRepository'; nested exception is org.springframework.beans.factory.BeanCreationException: Error creating bean with name 'courseRepository' defined in com.anu.springunijpa.repository.CourseRepository defined in @EnableJpaRepositories declared on JpaRepositoriesRegistrar.EnableJpaRepositoriesConfiguration: Cannot create inner bean '(inner bean)#5e5aafc6' of type [org.springframework.orm.jpa.SharedEntityManagerCreator] while setting bean property 'entityManager'; nested exception is org.springframework.beans.factory.BeanCreationException: Error creating bean with name '(inner bean)#5e5aafc6': Cannot resolve reference to bean 'entityManagerFactory' while setting constructor argument; nested exception is org.springframework.beans.factory.BeanCreationException: Error creating bean with name 'entityManagerFactory' defined in class path resource [org/springframework/boot/autoconfigure/orm/jpa/HibernateJpaConfiguration.class]: Invocation of init method failed; nested exception is org.hibernate.AnnotationException: Unable to find properties (courseId, userId) in entity annotated with @IdClass:com.anu.springunijpa.entity.UserCourse
[2021-07-26 11:57:21] - Stopping service [Tomcat]
[2021-07-26 11:57:21] - The web application [ROOT] appears to have started a thread named [HikariPool-1 housekeeper] but has failed to stop it. This is very likely to create a memory leak. Stack trace of thread:
 java.base@16.0.1/jdk.internal.misc.Unsafe.park(Native Method)
 java.base@16.0.1/java.util.concurrent.locks.LockSupport.parkNanos(LockSupport.java:252)
 java.base@16.0.1/java.util.concurrent.locks.AbstractQueuedSynchronizer$ConditionObject.awaitNanos(AbstractQueuedSynchronizer.java:1661)
 java.base@16.0.1/java.util.concurrent.ScheduledThreadPoolExecutor$DelayedWorkQueue.take(ScheduledThreadPoolExecutor.java:1182)
 java.base@16.0.1/java.util.concurrent.ScheduledThreadPoolExecutor$DelayedWorkQueue.take(ScheduledThreadPoolExecutor.java:899)
 java.base@16.0.1/java.util.concurrent.ThreadPoolExecutor.getTask(ThreadPoolExecutor.java:1056)
 java.base@16.0.1/java.util.concurrent.ThreadPoolExecutor.runWorker(ThreadPoolExecutor.java:1116)
 java.base@16.0.1/java.util.concurrent.ThreadPoolExecutor$Worker.run(ThreadPoolExecutor.java:630)
 java.base@16.0.1/java.lang.Thread.run(Thread.java:831)
[2021-07-26 11:57:21] - The web application [ROOT] appears to have started a thread named [HikariPool-1 connection adder] but has failed to stop it. This is very likely to create a memory leak. Stack trace of thread:
 java.base@16.0.1/java.math.BigInteger.implMulAdd(BigInteger.java:3183)
 java.base@16.0.1/java.math.BigInteger.mulAdd(BigInteger.java:3153)
 java.base@16.0.1/java.math.BigInteger.implSquareToLen(BigInteger.java:2186)
 java.base@16.0.1/java.math.BigInteger.squareToLen(BigInteger.java:2106)
 java.base@16.0.1/java.math.BigInteger.implMontgomerySquare(BigInteger.java:2848)
 java.base@16.0.1/java.math.BigInteger.montgomerySquare(BigInteger.java:2805)
 java.base@16.0.1/java.math.BigInteger.oddModPow(BigInteger.java:3075)
 java.base@16.0.1/java.math.BigInteger.modPow(BigInteger.java:2736)
 java.base@16.0.1/com.sun.crypto.provider.DHKeyPairGenerator.generateKeyPair(DHKeyPairGenerator.java:198)
 java.base@16.0.1/java.security.KeyPairGenerator$Delegate.generateKeyPair(KeyPairGenerator.java:722)
 java.base@16.0.1/sun.security.ssl.DHKeyExchange$DHEPossession.generateDHKeyPair(DHKeyExchange.java:178)
 java.base@16.0.1/sun.security.ssl.DHKeyExchange$DHEPossession.<init>(DHKeyExchange.java:157)
 java.base@16.0.1/sun.security.ssl.DHClientKeyExchange$DHClientKeyExchangeProducer.produce(DHClientKeyExchange.java:185)
 java.base@16.0.1/sun.security.ssl.ClientKeyExchange$ClientKeyExchangeProducer.produce(ClientKeyExchange.java:65)
 java.base@16.0.1/sun.security.ssl.SSLHandshake.produce(SSLHandshake.java:440)
 java.base@16.0.1/sun.security.ssl.ServerHelloDone$ServerHelloDoneConsumer.consume(ServerHelloDone.java:182)
 java.base@16.0.1/sun.security.ssl.SSLHandshake.consume(SSLHandshake.java:396)
 java.base@16.0.1/sun.security.ssl.HandshakeContext.dispatch(HandshakeContext.java:480)
 java.base@16.0.1/sun.security.ssl.HandshakeContext.dispatch(HandshakeContext.java:458)
 java.base@16.0.1/sun.security.ssl.TransportContext.dispatch(TransportContext.java:199)
 java.base@16.0.1/sun.security.ssl.SSLTransport.decode(SSLTransport.java:171)
 java.base@16.0.1/sun.security.ssl.SSLSocketImpl.decode(SSLSocketImpl.java:1498)
 java.base@16.0.1/sun.security.ssl.SSLSocketImpl.readHandshakeRecord(SSLSocketImpl.java:1404)
 java.base@16.0.1/sun.security.ssl.SSLSocketImpl.startHandshake(SSLSocketImpl.java:441)
 java.base@16.0.1/sun.security.ssl.SSLSocketImpl.startHandshake(SSLSocketImpl.java:412)
 app//com.mysql.cj.protocol.ExportControlled.performTlsHandshake(ExportControlled.java:317)
 app//com.mysql.cj.protocol.StandardSocketFactory.performTlsHandshake(StandardSocketFactory.java:188)
 app//com.mysql.cj.protocol.a.NativeSocketConnection.performTlsHandshake(NativeSocketConnection.java:97)
 app//com.mysql.cj.protocol.a.NativeProtocol.negotiateSSLConnection(NativeProtocol.java:333)
 app//com.mysql.cj.protocol.a.NativeAuthenticationProvider.connect(NativeAuthenticationProvider.java:203)
 app//com.mysql.cj.protocol.a.NativeProtocol.connect(NativeProtocol.java:1353)
 app//com.mysql.cj.NativeSession.connect(NativeSession.java:157)
 app//com.mysql.cj.jdbc.ConnectionImpl.connectOneTryOnly(ConnectionImpl.java:953)
 app//com.mysql.cj.jdbc.ConnectionImpl.createNewIO(ConnectionImpl.java:823)
 app//com.mysql.cj.jdbc.ConnectionImpl.<init>(ConnectionImpl.java:453)
 app//com.mysql.cj.jdbc.ConnectionImpl.getInstance(ConnectionImpl.java:246)
 app//com.mysql.cj.jdbc.NonRegisteringDriver.connect(NonRegisteringDriver.java:198)
 app//com.zaxxer.hikari.util.DriverDataSource.getConnection(DriverDataSource.java:138)
 app//com.zaxxer.hikari.pool.PoolBase.newConnection(PoolBase.java:364)
 app//com.zaxxer.hikari.pool.PoolBase.newPoolEntry(PoolBase.java:206)
 app//com.zaxxer.hikari.pool.HikariPool.createPoolEntry(HikariPool.java:476)
 app//com.zaxxer.hikari.pool.HikariPool.access$100(HikariPool.java:71)
 app//com.zaxxer.hikari.pool.HikariPool$PoolEntryCreator.call(HikariPool.java:726)
 app//com.zaxxer.hikari.pool.HikariPool$PoolEntryCreator.call(HikariPool.java:712)
 java.base@16.0.1/java.util.concurrent.FutureTask.run(FutureTask.java:264)
 java.base@16.0.1/java.util.concurrent.ThreadPoolExecutor.runWorker(ThreadPoolExecutor.java:1130)
 java.base@16.0.1/java.util.concurrent.ThreadPoolExecutor$Worker.run(ThreadPoolExecutor.java:630)
 java.base@16.0.1/java.lang.Thread.run(Thread.java:831)
[2021-07-26 11:57:21] - Exception encountered during context initialization - cancelling refresh attempt: org.springframework.context.ApplicationContextException: Unable to start web server; nested exception is org.springframework.boot.web.server.WebServerException: Unable to start embedded Tomcat
