[2021-07-28 16:09:17] - Initializing Spring embedded WebApplicationContext
[2021-07-28 16:09:17] - Published root WebApplicationContext as ServletContext attribute with name [org.springframework.web.context.WebApplicationContext.ROOT]
[2021-07-28 16:09:17] - Root WebApplicationContext: initialization completed in 3896 ms
[2021-07-28 16:09:17] - Creating shared instance of singleton bean 'graphQLServletRegistrationBean'
[2021-07-28 16:09:17] - Creating shared instance of singleton bean 'com.oembedler.moon.graphql.boot.GraphQLWebAutoConfiguration'
[2021-07-28 16:09:17] - Creating shared instance of singleton bean 'graphql.servlet-com.oembedler.moon.graphql.boot.GraphQLServletProperties'
[2021-07-28 16:09:17] - Creating shared instance of singleton bean 'graphQLHttpServlet'
[2021-07-28 16:09:17] - Creating shared instance of singleton bean 'invocationInputFactory'
[2021-07-28 16:09:17] - Creating shared instance of singleton bean 'graphQLSchemaProvider'
[2021-07-28 16:09:17] - Creating shared instance of singleton bean 'graphQLSchema'
[2021-07-28 16:09:17] - Creating shared instance of singleton bean 'com.oembedler.moon.graphql.boot.GraphQLJavaToolsAutoConfiguration'
[2021-07-28 16:09:17] - Creating shared instance of singleton bean 'schemaParser'
[2021-07-28 16:09:17] - Creating shared instance of singleton bean 'courseResolver'
[2021-07-28 16:09:17] - Creating shared instance of singleton bean 'courseRepository'
[2021-07-28 16:09:17] - Creating shared instance of singleton bean 'dataSourceScriptDatabaseInitializer'
[2021-07-28 16:09:17] - Creating shared instance of singleton bean 'org.springframework.boot.autoconfigure.sql.init.DataSourceInitializationConfiguration'
[2021-07-28 16:09:17] - Creating shared instance of singleton bean 'dataSource'
[2021-07-28 16:09:17] - Creating shared instance of singleton bean 'org.springframework.boot.autoconfigure.jdbc.DataSourceConfiguration$Hikari'
[2021-07-28 16:09:17] - Creating shared instance of singleton bean 'spring.datasource-org.springframework.boot.autoconfigure.jdbc.DataSourceProperties'
[2021-07-28 16:09:17] - Autowiring by type from bean name 'dataSource' via factory method to bean named 'spring.datasource-org.springframework.boot.autoconfigure.jdbc.DataSourceProperties'
[2021-07-28 16:09:17] - Driver class com.mysql.jdbc.Driver found in Thread context class loader TomcatEmbeddedWebappClassLoader
  context: ROOT
  delegate: true
----------> Parent Classloader:
jdk.internal.loader.ClassLoaders$AppClassLoader@251a69d7

[2021-07-28 16:09:17] - Creating shared instance of singleton bean 'spring.sql.init-org.springframework.boot.autoconfigure.sql.init.SqlInitializationProperties'
[2021-07-28 16:09:17] - Autowiring by type from bean name 'dataSourceScriptDatabaseInitializer' via factory method to bean named 'dataSource'
[2021-07-28 16:09:17] - Autowiring by type from bean name 'dataSourceScriptDatabaseInitializer' via factory method to bean named 'spring.sql.init-org.springframework.boot.autoconfigure.sql.init.SqlInitializationProperties'
[2021-07-28 16:09:17] - Creating shared instance of singleton bean 'entityManagerFactory'
[2021-07-28 16:09:17] - Creating shared instance of singleton bean 'org.springframework.boot.autoconfigure.orm.jpa.HibernateJpaConfiguration'
[2021-07-28 16:09:17] - Creating shared instance of singleton bean 'spring.jpa-org.springframework.boot.autoconfigure.orm.jpa.JpaProperties'
[2021-07-28 16:09:17] - Creating shared instance of singleton bean 'spring.jpa.hibernate-org.springframework.boot.autoconfigure.orm.jpa.HibernateProperties'
[2021-07-28 16:09:17] - Autowiring by type from bean name 'org.springframework.boot.autoconfigure.orm.jpa.HibernateJpaConfiguration' via constructor to bean named 'dataSource'
[2021-07-28 16:09:17] - Autowiring by type from bean name 'org.springframework.boot.autoconfigure.orm.jpa.HibernateJpaConfiguration' via constructor to bean named 'spring.jpa-org.springframework.boot.autoconfigure.orm.jpa.JpaProperties'
[2021-07-28 16:09:17] - Autowiring by type from bean name 'org.springframework.boot.autoconfigure.orm.jpa.HibernateJpaConfiguration' via constructor to bean named 'org.springframework.beans.factory.support.DefaultListableBeanFactory@4c37b5b'
[2021-07-28 16:09:17] - Autowiring by type from bean name 'org.springframework.boot.autoconfigure.orm.jpa.HibernateJpaConfiguration' via constructor to bean named 'spring.jpa.hibernate-org.springframework.boot.autoconfigure.orm.jpa.HibernateProperties'
[2021-07-28 16:09:17] - Creating shared instance of singleton bean 'hikariPoolDataSourceMetadataProvider'
[2021-07-28 16:09:17] - Creating shared instance of singleton bean 'org.springframework.boot.autoconfigure.jdbc.metadata.DataSourcePoolMetadataProvidersConfiguration$HikariPoolDataSourceMetadataProviderConfiguration'
[2021-07-28 16:09:17] - Creating shared instance of singleton bean 'entityManagerFactoryBuilder'
[2021-07-28 16:09:17] - Creating shared instance of singleton bean 'jpaVendorAdapter'
[2021-07-28 16:09:17] - Logging Provider: org.jboss.logging.Log4j2LoggerProvider
[2021-07-28 16:09:17] - Autowiring by type from bean name 'entityManagerFactoryBuilder' via factory method to bean named 'jpaVendorAdapter'
[2021-07-28 16:09:17] - Autowiring by type from bean name 'entityManagerFactory' via factory method to bean named 'entityManagerFactoryBuilder'
[2021-07-28 16:09:17] - Building JPA container EntityManagerFactory for persistence unit 'default'
[2021-07-28 16:09:17] - PersistenceUnitInfo [
	name: default
	persistence provider classname: null
	classloader: TomcatEmbeddedWebappClassLoader
  context: ROOT
  delegate: true
----------> Parent Classloader:
jdk.internal.loader.ClassLoaders$AppClassLoader@251a69d7

	excludeUnlistedClasses: true
	JTA datasource: null
	Non JTA datasource: HikariDataSource (null)
	Transaction type: RESOURCE_LOCAL
	PU root URL: file:/home/anuththara/Documents/hSenid/Practice/springboot/spring-uni-jpa/UserJPA-Springboot/target/classes/
	Shared Cache Mode: UNSPECIFIED
	Validation Mode: AUTO
	Jar files URLs []
	Managed classes names [
		com.anu.springunijpa.entity.Course
		com.anu.springunijpa.entity.User
		com.anu.springunijpa.entity.UserCourse
		com.anu.springunijpa.entity.UserCourseKey]
	Mapping files names []
	Properties []
[2021-07-28 16:09:17] - Adding Integrator [org.hibernate.cfg.beanvalidation.BeanValidationIntegrator].
[2021-07-28 16:09:17] - Adding Integrator [org.hibernate.secure.spi.JaccIntegrator].
[2021-07-28 16:09:17] - Adding Integrator [org.hibernate.cache.internal.CollectionCacheInvalidator].
[2021-07-28 16:09:17] - HHH000412: Hibernate ORM core version 5.4.32.Final
[2021-07-28 16:09:17] - HHH000206: hibernate.properties not found
[2021-07-28 16:09:18] - Overriding existing service binding [org.hibernate.secure.spi.JaccService]
[2021-07-28 16:09:18] - Cannot default RegionFactory based on registered strategies as `[]` RegionFactory strategies were registered
[2021-07-28 16:09:18] - Cache region factory : org.hibernate.cache.internal.NoCachingRegionFactory
[2021-07-28 16:09:18] - HCANN000001: Hibernate Commons Annotations {5.1.2.Final}
[2021-07-28 16:09:18] - Adding type registration boolean -> org.hibernate.type.BooleanType@7a083b96
[2021-07-28 16:09:18] - Adding type registration boolean -> org.hibernate.type.BooleanType@7a083b96
[2021-07-28 16:09:18] - Adding type registration java.lang.Boolean -> org.hibernate.type.BooleanType@7a083b96
[2021-07-28 16:09:18] - Adding type registration numeric_boolean -> org.hibernate.type.NumericBooleanType@6c17c0f8
[2021-07-28 16:09:18] - Adding type registration true_false -> org.hibernate.type.TrueFalseType@498a612d
[2021-07-28 16:09:18] - Adding type registration yes_no -> org.hibernate.type.YesNoType@f613067
[2021-07-28 16:09:18] - Adding type registration byte -> org.hibernate.type.ByteType@13d019a4
[2021-07-28 16:09:18] - Adding type registration byte -> org.hibernate.type.ByteType@13d019a4
[2021-07-28 16:09:18] - Adding type registration java.lang.Byte -> org.hibernate.type.ByteType@13d019a4
[2021-07-28 16:09:18] - Adding type registration character -> org.hibernate.type.CharacterType@c2df90e
[2021-07-28 16:09:18] - Adding type registration char -> org.hibernate.type.CharacterType@c2df90e
[2021-07-28 16:09:18] - Adding type registration java.lang.Character -> org.hibernate.type.CharacterType@c2df90e
[2021-07-28 16:09:18] - Adding type registration short -> org.hibernate.type.ShortType@87d9a01
[2021-07-28 16:09:18] - Adding type registration short -> org.hibernate.type.ShortType@87d9a01
[2021-07-28 16:09:18] - Adding type registration java.lang.Short -> org.hibernate.type.ShortType@87d9a01
[2021-07-28 16:09:18] - Adding type registration integer -> org.hibernate.type.IntegerType@b6bccb4
[2021-07-28 16:09:18] - Adding type registration int -> org.hibernate.type.IntegerType@b6bccb4
[2021-07-28 16:09:18] - Adding type registration java.lang.Integer -> org.hibernate.type.IntegerType@b6bccb4
[2021-07-28 16:09:18] - Adding type registration long -> org.hibernate.type.LongType@69c532af
[2021-07-28 16:09:18] - Adding type registration long -> org.hibernate.type.LongType@69c532af
[2021-07-28 16:09:18] - Adding type registration java.lang.Long -> org.hibernate.type.LongType@69c532af
[2021-07-28 16:09:18] - Adding type registration float -> org.hibernate.type.FloatType@7fb8bad0
[2021-07-28 16:09:18] - Adding type registration float -> org.hibernate.type.FloatType@7fb8bad0
[2021-07-28 16:09:18] - Adding type registration java.lang.Float -> org.hibernate.type.FloatType@7fb8bad0
[2021-07-28 16:09:18] - Adding type registration double -> org.hibernate.type.DoubleType@32256e68
[2021-07-28 16:09:18] - Adding type registration double -> org.hibernate.type.DoubleType@32256e68
[2021-07-28 16:09:18] - Adding type registration java.lang.Double -> org.hibernate.type.DoubleType@32256e68
[2021-07-28 16:09:18] - Adding type registration big_decimal -> org.hibernate.type.BigDecimalType@23e3f5cd
[2021-07-28 16:09:18] - Adding type registration java.math.BigDecimal -> org.hibernate.type.BigDecimalType@23e3f5cd
[2021-07-28 16:09:18] - Adding type registration big_integer -> org.hibernate.type.BigIntegerType@383cb5ce
[2021-07-28 16:09:18] - Adding type registration java.math.BigInteger -> org.hibernate.type.BigIntegerType@383cb5ce
[2021-07-28 16:09:18] - Adding type registration string -> org.hibernate.type.StringType@3b9ac754
[2021-07-28 16:09:18] - Adding type registration java.lang.String -> org.hibernate.type.StringType@3b9ac754
[2021-07-28 16:09:18] - Adding type registration nstring -> org.hibernate.type.StringNVarcharType@267f9765
[2021-07-28 16:09:18] - Adding type registration ncharacter -> org.hibernate.type.CharacterNCharType@25a1a012
[2021-07-28 16:09:18] - Adding type registration url -> org.hibernate.type.UrlType@15986dd5
[2021-07-28 16:09:18] - Adding type registration java.net.URL -> org.hibernate.type.UrlType@15986dd5
[2021-07-28 16:09:18] - Adding type registration Duration -> org.hibernate.type.DurationType@59d0cdb6
[2021-07-28 16:09:18] - Adding type registration java.time.Duration -> org.hibernate.type.DurationType@59d0cdb6
[2021-07-28 16:09:18] - Adding type registration Instant -> org.hibernate.type.InstantType@73e776b7
[2021-07-28 16:09:18] - Adding type registration java.time.Instant -> org.hibernate.type.InstantType@73e776b7
[2021-07-28 16:09:18] - Adding type registration LocalDateTime -> org.hibernate.type.LocalDateTimeType@55736cfe
[2021-07-28 16:09:18] - Adding type registration java.time.LocalDateTime -> org.hibernate.type.LocalDateTimeType@55736cfe
[2021-07-28 16:09:18] - Adding type registration LocalDate -> org.hibernate.type.LocalDateType@7015ebef
[2021-07-28 16:09:18] - Adding type registration java.time.LocalDate -> org.hibernate.type.LocalDateType@7015ebef
[2021-07-28 16:09:18] - Adding type registration LocalTime -> org.hibernate.type.LocalTimeType@617449dd
[2021-07-28 16:09:18] - Adding type registration java.time.LocalTime -> org.hibernate.type.LocalTimeType@617449dd
[2021-07-28 16:09:18] - Adding type registration OffsetDateTime -> org.hibernate.type.OffsetDateTimeType@25953be6
[2021-07-28 16:09:18] - Adding type registration java.time.OffsetDateTime -> org.hibernate.type.OffsetDateTimeType@25953be6
