[2021-07-29 10:29:02] - Binding column: Ejb3JoinColumn{logicalColumnName='null', referencedColumn='null', mappedBy='user'}
[2021-07-29 10:29:02] - Binding column: Ejb3JoinColumn{logicalColumnName='null', referencedColumn='null', mappedBy='user'}
[2021-07-29 10:29:02] - Collection role: com.anu.springunijpa.entity.User.userCourseSet
[2021-07-29 10:29:02] - Building property userCourseSet
[2021-07-29 10:29:02] - Binding column: Ejb3Column{table=org.hibernate.mapping.Table(user), mappingColumn=user_name, insertable=true, updatable=true, unique=false}
[2021-07-29 10:29:02] - MetadataSourceProcessor property userName with lazy=false
[2021-07-29 10:29:02] - Attempting to locate auto-apply AttributeConverter for property [com.anu.springunijpa.entity.User:userName]
[2021-07-29 10:29:02] - building SimpleValue for userName
[2021-07-29 10:29:02] - Building property userName
[2021-07-29 10:29:02] - Binding column: Ejb3Column{table=org.hibernate.mapping.Table(user), mappingColumn=user_tel, insertable=true, updatable=true, unique=false}
[2021-07-29 10:29:02] - MetadataSourceProcessor property userTel with lazy=false
[2021-07-29 10:29:02] - Attempting to locate auto-apply AttributeConverter for property [com.anu.springunijpa.entity.User:userTel]
[2021-07-29 10:29:02] - building SimpleValue for userTel
[2021-07-29 10:29:02] - Building property userTel
[2021-07-29 10:29:02] - Binding entity from annotated class: com.anu.springunijpa.entity.UserCourse
[2021-07-29 10:29:02] - Binding column: Ejb3DiscriminatorColumn{logicalColumnName'DTYPE', discriminatorTypeName='string'}
[2021-07-29 10:29:02] - Import with entity name UserCourse
[2021-07-29 10:29:02] - Bind entity com.anu.springunijpa.entity.UserCourse on table user_course
[2021-07-29 10:29:02] - Binding column: Ejb3Column{table=org.hibernate.mapping.Table(user_course), mappingColumn=id, insertable=true, updatable=true, unique=false}
[2021-07-29 10:29:02] - Not known whether passed class name [com.anu.springunijpa.entity.UserCourse] is safe
[2021-07-29 10:29:02] - No temp ClassLoader provided; using live ClassLoader for loading potentially unsafe class : com.anu.springunijpa.entity.UserCourse
[2021-07-29 10:29:02] - Binding column: Ejb3Column{table=org.hibernate.mapping.Table(user_course), mappingColumn=course_id, insertable=true, updatable=true, unique=false}
[2021-07-29 10:29:02] - Binding column: Ejb3JoinColumn{logicalColumnName='course_id', referencedColumn='', mappedBy=''}
[2021-07-29 10:29:02] - MetadataSourceProcessor property courseId with lazy=false
[2021-07-29 10:29:02] - Attempting to locate auto-apply AttributeConverter for property [com.anu.springunijpa.entity.UserCourse.id:courseId]
[2021-07-29 10:29:02] - building SimpleValue for courseId
[2021-07-29 10:29:02] - Building property courseId
[2021-07-29 10:29:02] - #makeIdGenerator(org.hibernate.mapping.SimpleValue([org.hibernate.mapping.Column(course_id)]), courseId, foreign, Hibernate-local--foreign generator, ...)
[2021-07-29 10:29:02] - Binding column: Ejb3Column{table=org.hibernate.mapping.Table(user_course), mappingColumn=user_id, insertable=true, updatable=true, unique=false}
[2021-07-29 10:29:02] - Binding column: Ejb3JoinColumn{logicalColumnName='user_id', referencedColumn='', mappedBy=''}
[2021-07-29 10:29:02] - MetadataSourceProcessor property userId with lazy=false
[2021-07-29 10:29:02] - Attempting to locate auto-apply AttributeConverter for property [com.anu.springunijpa.entity.UserCourse.id:userId]
[2021-07-29 10:29:02] - building SimpleValue for userId
[2021-07-29 10:29:02] - Building property userId
[2021-07-29 10:29:02] - #makeIdGenerator(org.hibernate.mapping.SimpleValue([org.hibernate.mapping.Column(user_id)]), userId, foreign, Hibernate-local--foreign generator, ...)
[2021-07-29 10:29:02] - Building property id
[2021-07-29 10:29:02] - #makeIdGenerator(org.hibernate.mapping.Component([org.hibernate.mapping.Property(courseId), org.hibernate.mapping.Property(userId)]), id, assigned, , ...)
[2021-07-29 10:29:02] - Binding column: Ejb3JoinColumn{logicalColumnName='course_id', referencedColumn='', mappedBy=''}
[2021-07-29 10:29:02] - Binding column: Ejb3Column{table=org.hibernate.mapping.Table(user_course), mappingColumn=course, insertable=true, updatable=true, unique=false}
[2021-07-29 10:29:02] - Building property course
[2021-07-29 10:29:02] - Binding column: Ejb3JoinColumn{logicalColumnName='user_id', referencedColumn='', mappedBy=''}
[2021-07-29 10:29:02] - Binding column: Ejb3Column{table=org.hibernate.mapping.Table(user_course), mappingColumn=user, insertable=true, updatable=true, unique=false}
[2021-07-29 10:29:02] - Building property user
[2021-07-29 10:29:02] - Binding column: Ejb3Column{table=org.hibernate.mapping.Table(user_course), mappingColumn=user_course_set, insertable=true, updatable=true, unique=false}
[2021-07-29 10:29:02] - MetadataSourceProcessor property userCourseSet with lazy=false
[2021-07-29 10:29:02] - Attempting to locate auto-apply AttributeConverter for property [com.anu.springunijpa.entity.UserCourse:userCourseSet]
[2021-07-29 10:29:02] - building SimpleValue for userCourseSet
[2021-07-29 10:29:02] - Building property userCourseSet
[2021-07-29 10:29:02] - Starting fillSimpleValue for courseId
[2021-07-29 10:29:02] - Starting fillSimpleValue for courseLeader
[2021-07-29 10:29:02] - Starting fillSimpleValue for courseName
[2021-07-29 10:29:02] - Starting fillSimpleValue for userId
[2021-07-29 10:29:02] - Starting fillSimpleValue for dOB
[2021-07-29 10:29:02] - Starting fillSimpleValue for userName
[2021-07-29 10:29:02] - Starting fillSimpleValue for userTel
[2021-07-29 10:29:02] - Starting fillSimpleValue for courseId
[2021-07-29 10:29:02] - Starting fillSimpleValue for userId
[2021-07-29 10:29:02] - Starting fillSimpleValue for userCourseSet
[2021-07-29 10:29:02] - Forcing column [course_id] to be non-null as it is part of the primary key for table [course]
[2021-07-29 10:29:02] - Forcing column [user_id] to be non-null as it is part of the primary key for table [user]
[2021-07-29 10:29:02] - Forcing column [course_id] to be non-null as it is part of the primary key for table [user_course]
[2021-07-29 10:29:02] - Forcing column [user_id] to be non-null as it is part of the primary key for table [user_course]
[2021-07-29 10:29:02] - Second pass for collection: com.anu.springunijpa.entity.Course.userCourseSet
[2021-07-29 10:29:02] - Binding a OneToMany: com.anu.springunijpa.entity.Course.userCourseSet through a foreign key
[2021-07-29 10:29:02] - Mapping collection: com.anu.springunijpa.entity.Course.userCourseSet -> user_course
[2021-07-29 10:29:02] - Retrieving property com.anu.springunijpa.entity.UserCourse.course
[2021-07-29 10:29:02] - Mapped collection key: course_id, one-to-many: com.anu.springunijpa.entity.UserCourse
[2021-07-29 10:29:02] - Second pass for collection: com.anu.springunijpa.entity.User.userCourseSet
[2021-07-29 10:29:02] - Binding a OneToMany: com.anu.springunijpa.entity.User.userCourseSet through a foreign key
[2021-07-29 10:29:02] - Mapping collection: com.anu.springunijpa.entity.User.userCourseSet -> user_course
[2021-07-29 10:29:02] - Retrieving property com.anu.springunijpa.entity.UserCourse.user
[2021-07-29 10:29:02] - Mapped collection key: user_id, one-to-many: com.anu.springunijpa.entity.UserCourse
[2021-07-29 10:29:02] - Resolving reference to class: com.anu.springunijpa.entity.Course
[2021-07-29 10:29:02] - Resolving reference to class: com.anu.springunijpa.entity.User
[2021-07-29 10:29:02] - Resolving reference to class: com.anu.springunijpa.entity.Course
[2021-07-29 10:29:02] - Resolving reference to class: com.anu.springunijpa.entity.User
[2021-07-29 10:29:02] - Building session factory
[2021-07-29 10:29:02] - SessionFactory name : null
[2021-07-29 10:29:02] - Automatic flush during beforeCompletion(): enabled
[2021-07-29 10:29:02] - Automatic session close at end of transaction: disabled
[2021-07-29 10:29:02] - Statistics: disabled
[2021-07-29 10:29:02] - Deleted entity synthetic identifier rollback: disabled
[2021-07-29 10:29:02] - Default entity-mode: pojo
[2021-07-29 10:29:02] - Check Nullability in Core (should be disabled when Bean Validation is on): enabled
[2021-07-29 10:29:02] - Allow initialization of lazy state outside session : disabled
[2021-07-29 10:29:02] - Using BatchFetchStyle : LEGACY
[2021-07-29 10:29:02] - Default batch fetch size: -1
[2021-07-29 10:29:02] - Maximum outer join fetch depth: 2
[2021-07-29 10:29:02] - Default null ordering: NONE
[2021-07-29 10:29:02] - Order SQL updates by primary key: disabled
[2021-07-29 10:29:02] - Order SQL inserts for batching: disabled
[2021-07-29 10:29:02] - multi-tenancy strategy : NONE
[2021-07-29 10:29:02] - JTA Track by Thread: enabled
[2021-07-29 10:29:02] - Query language substitutions: {}
[2021-07-29 10:29:02] - Named query checking : enabled
[2021-07-29 10:29:02] - Second-level cache: disabled
[2021-07-29 10:29:02] - Second-level query cache: disabled
[2021-07-29 10:29:02] - Second-level query cache factory: null
[2021-07-29 10:29:02] - Second-level cache region prefix: null
[2021-07-29 10:29:02] - Optimize second-level cache for minimal puts: disabled
[2021-07-29 10:29:02] - Structured second-level cache entries: disabled
[2021-07-29 10:29:02] - Second-level cache direct-reference entries: disabled
[2021-07-29 10:29:02] - Automatic eviction of collection cache: disabled
[2021-07-29 10:29:02] - JDBC batch size: 15
[2021-07-29 10:29:02] - JDBC batch updates for versioned data: enabled
[2021-07-29 10:29:02] - Scrollable result sets: enabled
[2021-07-29 10:29:02] - Wrap result sets: disabled
[2021-07-29 10:29:02] - JDBC3 getGeneratedKeys(): enabled
[2021-07-29 10:29:02] - JDBC result set fetch size: null
[2021-07-29 10:29:02] - Connection release mode: ON_CLOSE
[2021-07-29 10:29:02] - Generate SQL with comments: disabled
[2021-07-29 10:29:02] - JPA compliance - query : disabled
[2021-07-29 10:29:02] - JPA compliance - closed-handling : disabled
[2021-07-29 10:29:02] - JPA compliance - lists : disabled
[2021-07-29 10:29:02] - JPA compliance - transactions : disabled
[2021-07-29 10:29:02] - HikariPool-1 - Added connection com.mysql.cj.jdbc.ConnectionImpl@125a3835
[2021-07-29 10:29:02] - Session factory constructed with filter configurations : {}
[2021-07-29 10:29:02] - Instantiating session factory with properties: {hibernate.id.new_generator_mappings=true, java.specification.version=16, hibernate.resource.beans.container=org.springframework.orm.hibernate5.SpringBeanContainer@6253e59a, hibernate.connection.handling_mode=DELAYED_ACQUISITION_AND_HOLD, sun.jnu.encoding=UTF-8, hibernate.dialect=org.hibernate.dialect.MySQL5Dialect, hibernate.implicit_naming_strategy=org.springframework.boot.orm.jpa.hibernate.SpringImplicitNamingStrategy, java.class.path=/home/anuththara/Documents/hSenid/Practice/springboot/spring-uni-jpa/UserJPA-Springboot/target/classes:/home/anuththara/.m2/repository/org/springframework/boot/spring-boot-starter-data-jpa/2.5.2/spring-boot-starter-data-jpa-2.5.2.jar:/home/anuththara/.m2/repository/org/springframework/boot/spring-boot-starter-aop/2.5.2/spring-boot-starter-aop-2.5.2.jar:/home/anuththara/.m2/repository/org/springframework/spring-aop/5.3.8/spring-aop-5.3.8.jar:/home/anuththara/.m2/repository/org/aspectj/aspectjweaver/1.9.6/aspectjweaver-1.9.6.jar:/home/anuththara/.m2/repository/org/springframework/boot/spring-boot-starter-jdbc/2.5.2/spring-boot-starter-jdbc-2.5.2.jar:/home/anuththara/.m2/repository/com/zaxxer/HikariCP/4.0.3/HikariCP-4.0.3.jar:/home/anuththara/.m2/repository/org/springframework/spring-jdbc/5.3.8/spring-jdbc-5.3.8.jar:/home/anuththara/.m2/repository/jakarta/transaction/jakarta.transaction-api/1.3.3/jakarta.transaction-api-1.3.3.jar:/home/anuththara/.m2/repository/jakarta/persistence/jakarta.persistence-api/2.2.3/jakarta.persistence-api-2.2.3.jar:/home/anuththara/.m2/repository/org/hibernate/hibernate-core/5.4.32.Final/hibernate-core-5.4.32.Final.jar:/home/anuththara/.m2/repository/org/jboss/logging/jboss-logging/3.4.2.Final/jboss-logging-3.4.2.Final.jar:/home/anuththara/.m2/repository/org/javassist/javassist/3.27.0-GA/javassist-3.27.0-GA.jar:/home/anuththara/.m2/repository/net/bytebuddy/byte-buddy/1.10.22/byte-buddy-1.10.22.jar:/home/anuththara/.m2/repository/antlr/antlr/2.7.7/antlr-2.7.7.jar:/home/anuththara/.m2/repository/org/jboss/jandex/2.2.3.Final/jandex-2.2.3.Final.jar:/home/anuththara/.m2/repository/com/fasterxml/classmate/1.5.1/classmate-1.5.1.jar:/home/anuththara/.m2/repository/org/dom4j/dom4j/2.1.3/dom4j-2.1.3.jar:/home/anuththara/.m2/repository/org/hibernate/common/hibernate-commons-annotations/5.1.2.Final/hibernate-commons-annotations-5.1.2.Final.jar:/home/anuththara/.m2/repository/org/glassfish/jaxb/jaxb-runtime/2.3.4/jaxb-runtime-2.3.4.jar:/home/anuththara/.m2/repository/org/glassfish/jaxb/txw2/2.3.4/txw2-2.3.4.jar:/home/anuththara/.m2/repository/com/sun/istack/istack-commons-runtime/3.0.12/istack-commons-runtime-3.0.12.jar:/home/anuththara/.m2/repository/com/sun/activation/jakarta.activation/1.2.2/jakarta.activation-1.2.2.jar:/home/anuththara/.m2/repository/org/springframework/data/spring-data-jpa/2.5.2/spring-data-jpa-2.5.2.jar:/home/anuththara/.m2/repository/org/springframework/data/spring-data-commons/2.5.2/spring-data-commons-2.5.2.jar:/home/anuththara/.m2/repository/org/springframework/spring-orm/5.3.8/spring-orm-5.3.8.jar:/home/anuththara/.m2/repository/org/springframework/spring-context/5.3.8/spring-context-5.3.8.jar:/home/anuththara/.m2/repository/org/springframework/spring-tx/5.3.8/spring-tx-5.3.8.jar:/home/anuththara/.m2/repository/org/springframework/spring-beans/5.3.8/spring-beans-5.3.8.jar:/home/anuththara/.m2/repository/org/springframework/spring-aspects/5.3.8/spring-aspects-5.3.8.jar:/home/anuththara/.m2/repository/org/springframework/boot/spring-boot-starter-web/2.5.2/spring-boot-starter-web-2.5.2.jar:/home/anuththara/.m2/repository/org/springframework/boot/spring-boot-starter/2.5.2/spring-boot-starter-2.5.2.jar:/home/anuththara/.m2/repository/org/springframework/boot/spring-boot/2.5.2/spring-boot-2.5.2.jar:/home/anuththara/.m2/repository/org/springframework/boot/spring-boot-autoconfigure/2.5.2/spring-boot-autoconfigure-2.5.2.jar:/home/anuththara/.m2/repository/org/springframework/boot/spring-boot-starter-logging/2.5.2/spring-boot-starter-logging-2.5.2.jar:/home/anuththara/.m2/repository/ch/qos/logback/logback-classic/1.2.3/logback-classic-1.2.3.jar:/home/anuththara/.m2/repository/ch/qos/logback/logback-core/1.2.3/logback-core-1.2.3.jar:/home/anuththara/.m2/repository/org/apache/logging/log4j/log4j-to-slf4j/2.14.1/log4j-to-slf4j-2.14.1.jar:/home/anuththara/.m2/repository/org/apache/logging/log4j/log4j-api/2.14.1/log4j-api-2.14.1.jar:/home/anuththara/.m2/repository/org/slf4j/jul-to-slf4j/1.7.31/jul-to-slf4j-1.7.31.jar:/home/anuththara/.m2/repository/jakarta/annotation/jakarta.annotation-api/1.3.5/jakarta.annotation-api-1.3.5.jar:/home/anuththara/.m2/repository/org/yaml/snakeyaml/1.28/snakeyaml-1.28.jar:/home/anuththara/.m2/repository/org/springframework/boot/spring-boot-starter-json/2.5.2/spring-boot-starter-json-2.5.2.jar:/home/anuththara/.m2/repository/com/fasterxml/jackson/module/jackson-module-parameter-names/2.12.3/jackson-module-parameter-names-2.12.3.jar:/home/anuththara/.m2/repository/org/springframework/boot/spring-boot-starter-tomcat/2.5.2/spring-boot-starter-tomcat-2.5.2.jar:/home/anuththara/.m2/repository/org/apache/tomcat/embed/tomcat-embed-core/9.0.48/tomcat-embed-core-9.0.48.jar:/home/anuththara/.m2/repository/org/apache/tomcat/embed/tomcat-embed-el/9.0.48/tomcat-embed-el-9.0.48.jar:/home/anuththara/.m2/repository/org/apache/tomcat/embed/tomcat-embed-websocket/9.0.48/tomcat-embed-websocket-9.0.48.jar:/home/anuththara/.m2/repository/org/springframework/spring-web/5.3.8/spring-web-5.3.8.jar:/home/anuththara/.m2/repository/org/springframework/spring-webmvc/5.3.8/spring-webmvc-5.3.8.jar:/home/anuththara/.m2/repository/org/springframework/spring-expression/5.3.8/spring-expression-5.3.8.jar:/home/anuththara/.m2/repository/mysql/mysql-connector-java/8.0.25/mysql-connector-java-8.0.25.jar:/home/anuththara/.m2/repository/org/projectlombok/lombok/1.18.20/lombok-1.18.20.jar:/home/anuththara/.m2/repository/jakarta/xml/bind/jakarta.xml.bind-api/2.3.3/jakarta.xml.bind-api-2.3.3.jar:/home/anuththara/.m2/repository/jakarta/activation/jakarta.activation-api/1.2.2/jakarta.activation-api-1.2.2.jar:/home/anuththara/.m2/repository/org/springframework/spring-core/5.3.8/spring-core-5.3.8.jar:/home/anuththara/.m2/repository/org/springframework/spring-jcl/5.3.8/spring-jcl-5.3.8.jar:/home/anuththara/.m2/repository/com/graphql-java/graphql-spring-boot-starter/5.0.2/graphql-spring-boot-starter-5.0.2.jar:/home/anuththara/.m2/repository/com/graphql-java/graphql-spring-boot-autoconfigure/5.0.2/graphql-spring-boot-autoconfigure-5.0.2.jar:/home/anuththara/.m2/repository/org/springframework/boot/spring-boot-configuration-processor/2.5.2/spring-boot-configuration-processor-2.5.2.jar:/home/anuththara/.m2/repository/org/springframework/boot/spring-boot-starter-websocket/2.5.2/spring-boot-starter-websocket-2.5.2.jar:/home/anuththara/.m2/repository/org/springframework/spring-messaging/5.3.8/spring-messaging-5.3.8.jar:/home/anuththara/.m2/repository/org/springframework/spring-websocket/5.3.8/spring-websocket-5.3.8.jar:/home/anuththara/.m2/repository/com/graphql-java/graphql-java-servlet/6.1.2/graphql-java-servlet-6.1.2.jar:/home/anuththara/.m2/repository/javax/servlet/javax.servlet-api/4.0.1/javax.servlet-api-4.0.1.jar:/home/anuththara/.m2/repository/javax/websocket/javax.websocket-api/1.1/javax.websocket-api-1.1.jar:/home/anuththara/.m2/repository/commons-io/commons-io/2.6/commons-io-2.6.jar:/home/anuththara/.m2/repository/com/graphql-java/graphql-java-tools/5.2.4/graphql-java-tools-5.2.4.jar:/home/anuththara/.m2/repository/org/jetbrains/kotlin/kotlin-stdlib/1.5.20/kotlin-stdlib-1.5.20.jar:/home/anuththara/.m2/repository/org/jetbrains/annotations/13.0/annotations-13.0.jar:/home/anuththara/.m2/repository/org/jetbrains/kotlin/kotlin-stdlib-common/1.5.20/kotlin-stdlib-common-1.5.20.jar:/home/anuththara/.m2/repository/com/graphql-java/graphql-java/9.2/graphql-java-9.2.jar:/home/anuththara/.m2/repository/org/antlr/antlr4-runtime/4.7.1/antlr4-runtime-4.7.1.jar:/home/anuththara/.m2/repository/com/graphql-java/java-dataloader/2.0.2/java-dataloader-2.0.2.jar:/home/anuththara/.m2/repository/org/reactivestreams/reactive-streams/1.0.3/reactive-streams-1.0.3.jar:/home/anuththara/.m2/repository/com/fasterxml/jackson/core/jackson-core/2.12.3/jackson-core-2.12.3.jar:/home/anuththara/.m2/repository/com/fasterxml/jackson/module/jackson-module-kotlin/2.12.3/jackson-module-kotlin-2.12.3.jar:/home/anuththara/.m2/repository/org/jetbrains/kotlin/kotlin-reflect/1.5.20/kotlin-reflect-1.5.20.jar:/home/anuththara/.m2/repository/com/fasterxml/jackson/datatype/jackson-datatype-jdk8/2.12.3/jackson-datatype-jdk8-2.12.3.jar:/home/anuththara/.m2/repository/com/esotericsoftware/reflectasm/1.11.7/reflectasm-1.11.7.jar:/home/anuththara/.m2/repository/org/apache/commons/commons-lang3/3.12.0/commons-lang3-3.12.0.jar:/home/anuththara/.m2/repository/com/google/guava/guava/26.0-jre/guava-26.0-jre.jar:/home/anuththara/.m2/repository/com/google/code/findbugs/jsr305/3.0.2/jsr305-3.0.2.jar:/home/anuththara/.m2/repository/org/checkerframework/checker-qual/2.5.2/checker-qual-2.5.2.jar:/home/anuththara/.m2/repository/com/google/errorprone/error_prone_annotations/2.1.3/error_prone_annotations-2.1.3.jar:/home/anuththara/.m2/repository/com/google/j2objc/j2objc-annotations/1.1/j2objc-annotations-1.1.jar:/home/anuththara/.m2/repository/org/codehaus/mojo/animal-sniffer-annotations/1.14/animal-sniffer-annotations-1.14.jar:/home/anuththara/.m2/repository/org/slf4j/slf4j-api/1.7.31/slf4j-api-1.7.31.jar:/home/anuththara/.m2/repository/com/fasterxml/jackson/datatype/jackson-datatype-hibernate4/2.4.0/jackson-datatype-hibernate4-2.4.0.jar:/home/anuththara/.m2/repository/com/fasterxml/jackson/core/jackson-databind/2.12.3/jackson-databind-2.12.3.jar:/home/anuththara/.m2/repository/org/assertj/assertj-db/2.0.2/assertj-db-2.0.2.jar:/home/anuththara/.m2/repository/com/h2database/h2/1.4.200/h2-1.4.200.jar:/home/anuththara/.m2/repository/com/fasterxml/jackson/datatype/jackson-datatype-jsr310/2.12.3/jackson-datatype-jsr310-2.12.3.jar:/home/anuththara/.m2/repository/com/fasterxml/jackson/core/jackson-annotations/2.12.3/jackson-annotations-2.12.3.jar, java.vm.vendor=Oracle Corporation, sun.arch.data.model=64, java.vendor.url=https://java.oracle.com/, catalina.useNaming=false, user.timezone=Asia/Colombo, java.vm.specification.version=16, os.name=Linux, javax.persistence.validation.mode=AUTO, sun.java.launcher=SUN_STANDARD, user.country=US, sun.boot.library.path=/usr/lib/jvm/openjdk-16/lib, sun.java.command=com.anu.springunijpa.SpringUniJpaApplication, spring.application.admin.enabled=true, javax.persistence.nonJtaDataSource=HikariDataSource (HikariPool-1), hibernate.transaction.jta.platform=org.hibernate.engine.transaction.jta.platform.internal.NoJtaPlatform@7d1cb59f, com.sun.management.jmxremote=, javax.persistence.sharedCache.mode=UNSPECIFIED, jdk.debug=release, spring.liveBeansView.mbeanDomain=, sun.cpu.endian=little, user.home=/home/anuththara, user.language=en, java.specification.vendor=Oracle Corporation, java.version.date=2021-04-20, java.home=/usr/lib/jvm/openjdk-16, file.separator=/, spring.output.ansi.enabled=always, java.vm.compressedOopsMode=32-bit, line.separator=
, java.vm.specification.vendor=Oracle Corporation, java.specification.name=Java Platform API Specification, FILE_LOG_CHARSET=UTF-8, hibernate.transaction.coordinator_class=class org.hibernate.resource.transaction.backend.jdbc.internal.JdbcResourceLocalTransactionCoordinatorBuilderImpl, java.awt.headless=true, hibernate.hbm2ddl.auto=update, sun.management.compiler=HotSpot 64-Bit Tiered Compilers, java.runtime.version=16.0.1+9-24, user.name=anuththara, spring.jmx.enabled=true, path.separator=:, os.version=5.4.0-77-generic, java.runtime.name=OpenJDK Runtime Environment, file.encoding=UTF-8, hibernate.ejb.persistenceUnitName=default, spring.beaninfo.ignore=true, java.vm.name=OpenJDK 64-Bit Server VM, hibernate.show_sql=true, java.vendor.url.bug=https://bugreport.java.com/bugreport/, java.io.tmpdir=/tmp, catalina.home=/tmp/tomcat.8080.1401186222481086445, java.version=16.0.1, hibernate.physical_naming_strategy=org.springframework.boot.orm.jpa.hibernate.SpringPhysicalNamingStrategy, user.dir=/home/anuththara/Documents/hSenid/Practice/springboot/spring-uni-jpa/UserJPA-Springboot, os.arch=amd64, java.vm.specification.name=Java Virtual Machine Specification, PID=12032, CONSOLE_LOG_CHARSET=UTF-8, catalina.base=/tmp/tomcat.8080.1401186222481086445, hibernate.boot.CfgXmlAccessService.key=org.hibernate.boot.registry.StandardServiceRegistryBuilder$1@16ccd2bc, java.library.path=/usr/java/packages/lib:/usr/lib64:/lib64:/lib:/usr/lib, java.vendor=Oracle Corporation, java.vm.info=mixed mode, sharing, java.vm.version=16.0.1+9-24, hibernate.bytecode.use_reflection_optimizer=false, java.rmi.server.randomIDs=true, sun.io.unicode.encoding=UnicodeLittle, hibernate.archive.scanner=org.hibernate.boot.archive.scan.internal.DisabledScanner, hibernate.connection.datasource=HikariDataSource (HikariPool-1), java.class.version=60.0}
[2021-07-29 10:29:02] - Skipping JACC integration as it was not enabled
[2021-07-29 10:29:02] - Instantiated session factory
[2021-07-29 10:29:02] - Scoping TypeConfiguration [org.hibernate.type.spi.TypeConfiguration@5c9e8a67] to SessionFactoryImpl [org.hibernate.internal.SessionFactoryImpl@51a719e7]
[2021-07-29 10:29:02] - Not known whether passed class name [com.anu.springunijpa.entity.UserCourse] is safe
[2021-07-29 10:29:02] - No temp ClassLoader provided; using live ClassLoader for loading potentially unsafe class : com.anu.springunijpa.entity.UserCourse
[2021-07-29 10:29:02] - HikariPool-1 - Added connection com.mysql.cj.jdbc.ConnectionImpl@3348cd41
[2021-07-29 10:29:02] - HikariPool-1 - Added connection com.mysql.cj.jdbc.ConnectionImpl@306fec8f
[2021-07-29 10:29:02] - Not known whether passed class name [com.anu.springunijpa.entity.Course] is safe
[2021-07-29 10:29:02] - No temp ClassLoader provided; using live ClassLoader for loading potentially unsafe class : com.anu.springunijpa.entity.Course
[2021-07-29 10:29:02] - Not known whether passed class name [com.anu.springunijpa.entity.User] is safe
