[2021-07-28 18:39:55] - getDataType() : userName -> org.hibernate.type.StringType@553d2579
[2021-07-28 18:39:55] - Resolved : generatedAlias0.userName -> user0_.user_name
[2021-07-28 18:39:55] - select : finishing up [level=1, statement=select]
[2021-07-28 18:39:55] - processQuery() :  ( SELECT ( {select clause} user0_.user_id ) ( FromClause{level=1} user user0_ ) ( where ( or ( = ( user0_.user_id user0_.user_id userId ) ? ) ( = ( user0_.user_name user0_.user_id userName ) ? ) ) ) )
[2021-07-28 18:39:55] - Tables referenced from query nodes:
 \-QueryNode
    +-SelectClause
    | referencedTables(entity User): [user]
    |  +-IdentNode
    |  | persister: SingleTableEntityPersister(com.anu.springunijpa.entity.User)
    |  | originalText: generatedAlias0
    |  \-SqlFragment
    +-FromClause
    |  \-FromElement
    \-SqlNode
       \-SqlNode
          +-BinaryLogicOperatorNode
          |  +-DotNode
          |  | persister: SingleTableEntityPersister(com.anu.springunijpa.entity.User)
          |  | path: generatedAlias0.userId
          |  |  +-IdentNode
          |  |  | persister: SingleTableEntityPersister(com.anu.springunijpa.entity.User)
          |  |  | originalText: generatedAlias0
          |  |  \-IdentNode
          |  |    persister: null
          |  |    originalText: userId
          |  \-ParameterNode
          \-BinaryLogicOperatorNode
             +-DotNode
             | persister: SingleTableEntityPersister(com.anu.springunijpa.entity.User)
             | path: generatedAlias0.userName
             |  +-IdentNode
             |  | persister: SingleTableEntityPersister(com.anu.springunijpa.entity.User)
             |  | originalText: generatedAlias0
             |  \-IdentNode
             |    persister: null
             |    originalText: userName
             \-ParameterNode

[2021-07-28 18:39:55] - Using FROM fragment [user user0_]
[2021-07-28 18:39:55] - select >> end [level=1, statement=select]
[2021-07-28 18:39:55] - --- SQL AST ---
 \-[SELECT] QueryNode: 'SELECT'  querySpaces (user)
    +-[SELECT_CLAUSE] SelectClause: '{select clause}'
    |  +-[ALIAS_REF] IdentNode: 'user0_.user_id as user_id1_1_' {alias=generatedAlias0, className=com.anu.springunijpa.entity.User, tableAlias=user0_}
    |  \-[SQL_TOKEN] SqlFragment: 'user0_.date_of_birth as date_of_2_1_, user0_.user_name as user_nam3_1_, user0_.user_tel as user_tel4_1_'
    +-[FROM] FromClause: 'from' FromClause{level=1, fromElementCounter=1, fromElements=1, fromElementByClassAlias=[generatedAlias0], fromElementByTableAlias=[user0_], fromElementsByPath=[], collectionJoinFromElementsByPath=[], impliedElements=[]}
    |  \-[FROM_FRAGMENT] FromElement: 'user user0_' FromElement{explicit,not a collection join,not a fetch join,fetch non-lazy properties,classAlias=generatedAlias0,role=null,tableName=user,tableAlias=user0_,origin=null,columns={,className=com.anu.springunijpa.entity.User}}
    \-[WHERE] SqlNode: 'where'
       \-[OR] SqlNode: 'or'
          +-[EQ] BinaryLogicOperatorNode: '='
          |  +-[DOT] DotNode: 'user0_.user_id' {propertyName=userId,dereferenceType=PRIMITIVE,getPropertyPath=userId,path=generatedAlias0.userId,tableAlias=user0_,className=com.anu.springunijpa.entity.User,classAlias=generatedAlias0}
          |  |  +-[ALIAS_REF] IdentNode: 'user0_.user_id' {alias=generatedAlias0, className=com.anu.springunijpa.entity.User, tableAlias=user0_}
          |  |  \-[IDENT] IdentNode: 'userId' {originalText=userId}
          |  \-[NAMED_PARAM] ParameterNode: '?' {name=param0, expectedType=org.hibernate.type.IntegerType@617449dd}
          \-[EQ] BinaryLogicOperatorNode: '='
             +-[DOT] DotNode: 'user0_.user_name' {propertyName=userName,dereferenceType=PRIMITIVE,getPropertyPath=userName,path=generatedAlias0.userName,tableAlias=user0_,className=com.anu.springunijpa.entity.User,classAlias=generatedAlias0}
             |  +-[ALIAS_REF] IdentNode: 'user0_.user_id' {alias=generatedAlias0, className=com.anu.springunijpa.entity.User, tableAlias=user0_}
             |  \-[IDENT] IdentNode: 'userName' {originalText=userName}
             \-[NAMED_PARAM] ParameterNode: '?' {name=param1, expectedType=org.hibernate.type.StringType@553d2579}

[2021-07-28 18:39:55] - throwQueryException() : no errors
[2021-07-28 18:39:55] - HQL: select generatedAlias0 from com.anu.springunijpa.entity.User as generatedAlias0 where ( generatedAlias0.userId=:param0 ) or ( generatedAlias0.userName=:param1 )
[2021-07-28 18:39:55] - SQL: select user0_.user_id as user_id1_1_, user0_.date_of_birth as date_of_2_1_, user0_.user_name as user_nam3_1_, user0_.user_tel as user_tel4_1_ from user user0_ where user0_.user_id=? or user0_.user_name=?
[2021-07-28 18:39:55] - throwQueryException() : no errors
[2021-07-28 18:39:55] - select user0_.user_id as user_id1_1_, user0_.date_of_birth as date_of_2_1_, user0_.user_name as user_nam3_1_, user0_.user_tel as user_tel4_1_ from user user0_ where user0_.user_id=? or user0_.user_name=?
[2021-07-28 18:39:55] - Result set row: 0
[2021-07-28 18:39:55] - Result row: EntityKey[com.anu.springunijpa.entity.User#1]
[2021-07-28 18:39:55] - Resolving attributes for [com.anu.springunijpa.entity.User#1]
[2021-07-28 18:39:55] - Processing attribute `dOB` : value = 1999-05-02
[2021-07-28 18:39:55] - Attribute (`dOB`)  - enhanced for lazy-loading? - false
[2021-07-28 18:39:55] - Processing attribute `userCourseSet` : value = NOT NULL COLLECTION
[2021-07-28 18:39:55] - Attribute (`userCourseSet`)  - enhanced for lazy-loading? - false
[2021-07-28 18:39:55] - Processing attribute `userName` : value = John
[2021-07-28 18:39:55] - Attribute (`userName`)  - enhanced for lazy-loading? - false
[2021-07-28 18:39:55] - Processing attribute `userTel` : value = 709709234
[2021-07-28 18:39:55] - Attribute (`userTel`)  - enhanced for lazy-loading? - false
[2021-07-28 18:39:55] - Done materializing entity [com.anu.springunijpa.entity.User#1]
[2021-07-28 18:39:55] - Using 'application/json', given [*/*] and supported [application/json, application/*+json, application/json, application/*+json]
[2021-07-28 18:39:55] - Writing [[User{userId=1, userName='John', dOB=1999-05-02, userTel='709709234'}]]
[2021-07-28 18:39:55] - Loading collection: [com.anu.springunijpa.entity.User.userCourseSet#1]
[2021-07-28 18:39:55] - select usercourse0_.user_id as user_id2_2_0_, usercourse0_.course_id as course_i1_2_0_, usercourse0_.course_id as course_i1_2_1_, usercourse0_.user_id as user_id2_2_1_, usercourse0_.user_course_set as user_cou3_2_1_, course1_.course_id as course_i1_0_2_, course1_.course_leader as course_l2_0_2_, course1_.course_name as course_n3_0_2_ from user_course usercourse0_ inner join course course1_ on usercourse0_.course_id=course1_.course_id where usercourse0_.user_id=?
[2021-07-28 18:39:55] - Preparing collection initializer : [com.anu.springunijpa.entity.User.userCourseSet#1]
[2021-07-28 18:39:55] - Found row of collection: [com.anu.springunijpa.entity.User.userCourseSet#1]
[2021-07-28 18:39:55] - Found row of collection: [com.anu.springunijpa.entity.User.userCourseSet#1]
[2021-07-28 18:39:55] - Resolving attributes for [com.anu.springunijpa.entity.UserCourse#component[courseId,userId]{courseId=c1, userId=1}]
[2021-07-28 18:39:55] - Processing attribute `course` : value = c1
[2021-07-28 18:39:55] - Attribute (`course`)  - enhanced for lazy-loading? - false
[2021-07-28 18:39:55] - Processing attribute `user` : value = 1
[2021-07-28 18:39:55] - Attribute (`user`)  - enhanced for lazy-loading? - false
[2021-07-28 18:39:55] - Processing attribute `userCourseSet` : value = null
[2021-07-28 18:39:55] - Attribute (`userCourseSet`)  - enhanced for lazy-loading? - false
[2021-07-28 18:39:55] - Done materializing entity [com.anu.springunijpa.entity.UserCourse#component[courseId,userId]{courseId=c1, userId=1}]
[2021-07-28 18:39:55] - Resolving attributes for [com.anu.springunijpa.entity.Course#c1]
[2021-07-28 18:39:55] - Processing attribute `courseLeader` : value = Mr.Java
[2021-07-28 18:39:55] - Attribute (`courseLeader`)  - enhanced for lazy-loading? - false
[2021-07-28 18:39:55] - Processing attribute `courseName` : value = java
[2021-07-28 18:39:55] - Attribute (`courseName`)  - enhanced for lazy-loading? - false
[2021-07-28 18:39:55] - Processing attribute `userCourseSet` : value = NOT NULL COLLECTION
[2021-07-28 18:39:55] - Attribute (`userCourseSet`)  - enhanced for lazy-loading? - false
[2021-07-28 18:39:55] - Done materializing entity [com.anu.springunijpa.entity.Course#c1]
[2021-07-28 18:39:55] - Resolving attributes for [com.anu.springunijpa.entity.UserCourse#component[courseId,userId]{courseId=c5, userId=1}]
[2021-07-28 18:39:55] - Processing attribute `course` : value = c5
[2021-07-28 18:39:55] - Attribute (`course`)  - enhanced for lazy-loading? - false
[2021-07-28 18:39:55] - Processing attribute `user` : value = 1
[2021-07-28 18:39:55] - Attribute (`user`)  - enhanced for lazy-loading? - false
[2021-07-28 18:39:55] - Processing attribute `userCourseSet` : value = null
[2021-07-28 18:39:55] - Attribute (`userCourseSet`)  - enhanced for lazy-loading? - false
[2021-07-28 18:39:55] - Done materializing entity [com.anu.springunijpa.entity.UserCourse#component[courseId,userId]{courseId=c5, userId=1}]
[2021-07-28 18:39:55] - Resolving attributes for [com.anu.springunijpa.entity.Course#c5]
[2021-07-28 18:39:55] - Processing attribute `courseLeader` : value = Mr.Flutter
[2021-07-28 18:39:55] - Attribute (`courseLeader`)  - enhanced for lazy-loading? - false
[2021-07-28 18:39:55] - Processing attribute `courseName` : value = flutter
[2021-07-28 18:39:55] - Attribute (`courseName`)  - enhanced for lazy-loading? - false
[2021-07-28 18:39:55] - Processing attribute `userCourseSet` : value = NOT NULL COLLECTION
[2021-07-28 18:39:55] - Attribute (`userCourseSet`)  - enhanced for lazy-loading? - false
[2021-07-28 18:39:55] - Done materializing entity [com.anu.springunijpa.entity.Course#c5]
[2021-07-28 18:39:55] - 1 collections were found in result set for role: com.anu.springunijpa.entity.User.userCourseSet
[2021-07-28 18:39:55] - Collection fully initialized: [com.anu.springunijpa.entity.User.userCourseSet#1]
[2021-07-28 18:39:55] - 1 collections initialized for role: com.anu.springunijpa.entity.User.userCourseSet
[2021-07-28 18:39:55] - Done loading collection
[2021-07-28 18:39:55] - Closing JPA EntityManager in OpenEntityManagerInViewInterceptor
[2021-07-28 18:39:55] - Completed 200 OK
