[2021-07-22 09:32:25] - Returning cached instance of singleton bean 'autoConfigurationReport'
[2021-07-22 09:32:25] - Returning cached instance of singleton bean 'autoConfigurationReport'
[2021-07-22 09:32:25] - Returning cached instance of singleton bean 'autoConfigurationReport'
[2021-07-22 09:32:25] - Returning cached instance of singleton bean 'autoConfigurationReport'
[2021-07-22 09:32:25] - Returning cached instance of singleton bean 'autoConfigurationReport'
[2021-07-22 09:32:25] - Returning cached instance of singleton bean 'autoConfigurationReport'
[2021-07-22 09:32:25] - Condition OnClassCondition on org.springframework.boot.autoconfigure.web.servlet.ServletWebServerFactoryAutoConfiguration matched due to @ConditionalOnClass found required class 'javax.servlet.ServletRequest'
[2021-07-22 09:32:25] - Returning cached instance of singleton bean 'autoConfigurationReport'
[2021-07-22 09:32:25] - Condition OnWebApplicationCondition on org.springframework.boot.autoconfigure.web.servlet.ServletWebServerFactoryAutoConfiguration matched due to found 'session' scope
[2021-07-22 09:32:25] - Returning cached instance of singleton bean 'autoConfigurationReport'
[2021-07-22 09:32:25] - Returning cached instance of singleton bean 'autoConfigurationReport'
[2021-07-22 09:32:25] - Returning cached instance of singleton bean 'autoConfigurationReport'
[2021-07-22 09:32:25] - Returning cached instance of singleton bean 'autoConfigurationReport'
[2021-07-22 09:32:25] - Condition OnClassCondition on org.springframework.boot.autoconfigure.web.servlet.ServletWebServerFactoryConfiguration$EmbeddedTomcat matched due to @ConditionalOnClass found required classes 'javax.servlet.Servlet', 'org.apache.catalina.startup.Tomcat', 'org.apache.coyote.UpgradeProtocol'
[2021-07-22 09:32:25] - Returning cached instance of singleton bean 'autoConfigurationReport'
[2021-07-22 09:32:25] - Returning cached instance of singleton bean 'autoConfigurationReport'
[2021-07-22 09:32:25] - Returning cached instance of singleton bean 'autoConfigurationReport'
[2021-07-22 09:32:25] - Returning cached instance of singleton bean 'autoConfigurationReport'
[2021-07-22 09:32:25] - Condition OnClassCondition on org.springframework.boot.autoconfigure.web.servlet.ServletWebServerFactoryConfiguration$EmbeddedJetty did not match due to @ConditionalOnClass did not find required classes 'org.eclipse.jetty.server.Server', 'org.eclipse.jetty.util.Loader', 'org.eclipse.jetty.webapp.WebAppContext'
[2021-07-22 09:32:25] - Returning cached instance of singleton bean 'autoConfigurationReport'
[2021-07-22 09:32:25] - Condition OnClassCondition on org.springframework.boot.autoconfigure.web.servlet.ServletWebServerFactoryConfiguration$EmbeddedUndertow did not match due to @ConditionalOnClass did not find required classes 'io.undertow.Undertow', 'org.xnio.SslClientAuthMode'
[2021-07-22 09:32:25] - Returning cached instance of singleton bean 'autoConfigurationReport'
[2021-07-22 09:32:25] - Returning cached instance of singleton bean 'autoConfigurationReport'
[2021-07-22 09:32:25] - Returning cached instance of singleton bean 'autoConfigurationReport'
[2021-07-22 09:32:25] - Returning cached instance of singleton bean 'autoConfigurationReport'
[2021-07-22 09:32:25] - Returning cached instance of singleton bean 'autoConfigurationReport'
[2021-07-22 09:32:25] - Returning cached instance of singleton bean 'autoConfigurationReport'
[2021-07-22 09:32:25] - Returning cached instance of singleton bean 'autoConfigurationReport'
[2021-07-22 09:32:25] - Condition OnClassCondition on org.springframework.boot.autoconfigure.web.servlet.DispatcherServletAutoConfiguration matched due to @ConditionalOnClass found required class 'org.springframework.web.servlet.DispatcherServlet'
[2021-07-22 09:32:25] - Returning cached instance of singleton bean 'autoConfigurationReport'
[2021-07-22 09:32:25] - Condition OnWebApplicationCondition on org.springframework.boot.autoconfigure.web.servlet.DispatcherServletAutoConfiguration matched due to found 'session' scope
[2021-07-22 09:32:25] - Returning cached instance of singleton bean 'autoConfigurationReport'
[2021-07-22 09:32:25] - Returning cached instance of singleton bean 'autoConfigurationReport'
[2021-07-22 09:32:25] - Returning cached instance of singleton bean 'autoConfigurationReport'
[2021-07-22 09:32:25] - Returning cached instance of singleton bean 'autoConfigurationReport'
[2021-07-22 09:32:25] - Condition OnClassCondition on org.springframework.boot.autoconfigure.web.servlet.DispatcherServletAutoConfiguration$DispatcherServletRegistrationConfiguration matched due to @ConditionalOnClass found required class 'javax.servlet.ServletRegistration'
[2021-07-22 09:32:25] - Returning cached instance of singleton bean 'autoConfigurationReport'
[2021-07-22 09:32:25] - Condition DispatcherServletAutoConfiguration.DispatcherServletRegistrationCondition on org.springframework.boot.autoconfigure.web.servlet.DispatcherServletAutoConfiguration$DispatcherServletRegistrationConfiguration matched due to DispatcherServlet Registration did not find servlet registration bean
[2021-07-22 09:32:25] - Returning cached instance of singleton bean 'autoConfigurationReport'
[2021-07-22 09:32:25] - Returning cached instance of singleton bean 'autoConfigurationReport'
[2021-07-22 09:32:25] - Returning cached instance of singleton bean 'autoConfigurationReport'
[2021-07-22 09:32:25] - Returning cached instance of singleton bean 'autoConfigurationReport'
[2021-07-22 09:32:25] - Condition OnClassCondition on org.springframework.boot.autoconfigure.web.servlet.DispatcherServletAutoConfiguration$DispatcherServletConfiguration matched due to @ConditionalOnClass found required class 'javax.servlet.ServletRegistration'
[2021-07-22 09:32:25] - Returning cached instance of singleton bean 'autoConfigurationReport'
[2021-07-22 09:32:25] - Condition DispatcherServletAutoConfiguration.DefaultDispatcherServletCondition on org.springframework.boot.autoconfigure.web.servlet.DispatcherServletAutoConfiguration$DispatcherServletConfiguration matched due to Default DispatcherServlet did not find dispatcher servlet beans
[2021-07-22 09:32:25] - Returning cached instance of singleton bean 'autoConfigurationReport'
[2021-07-22 09:32:25] - Returning cached instance of singleton bean 'autoConfigurationReport'
[2021-07-22 09:32:25] - Returning cached instance of singleton bean 'autoConfigurationReport'
[2021-07-22 09:32:25] - Returning cached instance of singleton bean 'autoConfigurationReport'
[2021-07-22 09:32:25] - Condition OnClassCondition on org.springframework.boot.autoconfigure.web.servlet.DispatcherServletAutoConfiguration$DispatcherServletConfiguration matched due to @ConditionalOnClass found required class 'javax.servlet.ServletRegistration'
[2021-07-22 09:32:25] - Returning cached instance of singleton bean 'autoConfigurationReport'
[2021-07-22 09:32:25] - Condition DispatcherServletAutoConfiguration.DefaultDispatcherServletCondition on org.springframework.boot.autoconfigure.web.servlet.DispatcherServletAutoConfiguration$DispatcherServletConfiguration matched due to Default DispatcherServlet did not find dispatcher servlet beans
[2021-07-22 09:32:25] - Returning cached instance of singleton bean 'autoConfigurationReport'
[2021-07-22 09:32:25] - Returning cached instance of singleton bean 'autoConfigurationReport'
[2021-07-22 09:32:25] - Returning cached instance of singleton bean 'autoConfigurationReport'
[2021-07-22 09:32:25] - Returning cached instance of singleton bean 'autoConfigurationReport'
[2021-07-22 09:32:25] - Returning cached instance of singleton bean 'autoConfigurationReport'
[2021-07-22 09:32:25] - Returning cached instance of singleton bean 'autoConfigurationReport'
[2021-07-22 09:32:25] - Returning cached instance of singleton bean 'autoConfigurationReport'
[2021-07-22 09:32:25] - Condition OnClassCondition on org.springframework.boot.autoconfigure.task.TaskExecutionAutoConfiguration matched due to @ConditionalOnClass found required class 'org.springframework.scheduling.concurrent.ThreadPoolTaskExecutor'
[2021-07-22 09:32:25] - Returning cached instance of singleton bean 'autoConfigurationReport'
[2021-07-22 09:32:25] - Returning cached instance of singleton bean 'autoConfigurationReport'
[2021-07-22 09:32:25] - Returning cached instance of singleton bean 'autoConfigurationReport'
[2021-07-22 09:32:25] - Returning cached instance of singleton bean 'autoConfigurationReport'
[2021-07-22 09:32:25] - Returning cached instance of singleton bean 'autoConfigurationReport'
[2021-07-22 09:32:25] - Returning cached instance of singleton bean 'autoConfigurationReport'
[2021-07-22 09:32:25] - Returning cached instance of singleton bean 'autoConfigurationReport'
[2021-07-22 09:32:25] - Returning cached instance of singleton bean 'autoConfigurationReport'
[2021-07-22 09:32:25] - Returning cached instance of singleton bean 'autoConfigurationReport'
[2021-07-22 09:32:25] - Returning cached instance of singleton bean 'autoConfigurationReport'
[2021-07-22 09:32:25] - Condition OnClassCondition on org.springframework.boot.autoconfigure.web.servlet.error.ErrorMvcAutoConfiguration matched due to @ConditionalOnClass found required classes 'javax.servlet.Servlet', 'org.springframework.web.servlet.DispatcherServlet'
[2021-07-22 09:32:25] - Returning cached instance of singleton bean 'autoConfigurationReport'
[2021-07-22 09:32:25] - Condition OnWebApplicationCondition on org.springframework.boot.autoconfigure.web.servlet.error.ErrorMvcAutoConfiguration matched due to found 'session' scope
[2021-07-22 09:32:25] - Returning cached instance of singleton bean 'autoConfigurationReport'
[2021-07-22 09:32:25] - Returning cached instance of singleton bean 'autoConfigurationReport'
[2021-07-22 09:32:25] - Returning cached instance of singleton bean 'autoConfigurationReport'
[2021-07-22 09:32:25] - Returning cached instance of singleton bean 'autoConfigurationReport'
[2021-07-22 09:32:25] - Condition OnPropertyCondition on org.springframework.boot.autoconfigure.web.servlet.error.ErrorMvcAutoConfiguration$WhitelabelErrorViewConfiguration matched due to @ConditionalOnProperty (server.error.whitelabel.enabled) matched
[2021-07-22 09:32:25] - Returning cached instance of singleton bean 'autoConfigurationReport'
[2021-07-22 09:32:25] - Loaded [org.springframework.boot.autoconfigure.template.TemplateAvailabilityProvider] names: [org.springframework.boot.autoconfigure.freemarker.FreeMarkerTemplateAvailabilityProvider, org.springframework.boot.autoconfigure.mustache.MustacheTemplateAvailabilityProvider, org.springframework.boot.autoconfigure.groovy.template.GroovyTemplateAvailabilityProvider, org.springframework.boot.autoconfigure.thymeleaf.ThymeleafTemplateAvailabilityProvider, org.springframework.boot.autoconfigure.web.servlet.JspTemplateAvailabilityProvider]
[2021-07-22 09:32:25] - Condition ErrorMvcAutoConfiguration.ErrorTemplateMissingCondition on org.springframework.boot.autoconfigure.web.servlet.error.ErrorMvcAutoConfiguration$WhitelabelErrorViewConfiguration matched due to ErrorTemplate Missing did not find error template view
[2021-07-22 09:32:25] - Returning cached instance of singleton bean 'autoConfigurationReport'
[2021-07-22 09:32:25] - Returning cached instance of singleton bean 'autoConfigurationReport'
[2021-07-22 09:32:25] - Returning cached instance of singleton bean 'autoConfigurationReport'
[2021-07-22 09:32:25] - Returning cached instance of singleton bean 'autoConfigurationReport'
[2021-07-22 09:32:25] - Returning cached instance of singleton bean 'autoConfigurationReport'
[2021-07-22 09:32:25] - Returning cached instance of singleton bean 'autoConfigurationReport'
[2021-07-22 09:32:25] - Returning cached instance of singleton bean 'autoConfigurationReport'
[2021-07-22 09:32:25] - Returning cached instance of singleton bean 'autoConfigurationReport'
[2021-07-22 09:32:25] - Returning cached instance of singleton bean 'autoConfigurationReport'
[2021-07-22 09:32:25] - Returning cached instance of singleton bean 'autoConfigurationReport'
[2021-07-22 09:32:25] - Returning cached instance of singleton bean 'autoConfigurationReport'
[2021-07-22 09:32:25] - Returning cached instance of singleton bean 'autoConfigurationReport'
[2021-07-22 09:32:25] - Returning cached instance of singleton bean 'autoConfigurationReport'
[2021-07-22 09:32:25] - Condition OnClassCondition on org.springframework.boot.autoconfigure.web.servlet.WebMvcAutoConfiguration matched due to @ConditionalOnClass found required classes 'javax.servlet.Servlet', 'org.springframework.web.servlet.DispatcherServlet', 'org.springframework.web.servlet.config.annotation.WebMvcConfigurer'
[2021-07-22 09:32:25] - Returning cached instance of singleton bean 'autoConfigurationReport'
[2021-07-22 09:32:25] - Condition OnWebApplicationCondition on org.springframework.boot.autoconfigure.web.servlet.WebMvcAutoConfiguration matched due to found 'session' scope
[2021-07-22 09:32:25] - Returning cached instance of singleton bean 'autoConfigurationReport'
[2021-07-22 09:32:25] - Returning cached instance of singleton bean 'autoConfigurationReport'
[2021-07-22 09:32:25] - Returning cached instance of singleton bean 'autoConfigurationReport'
[2021-07-22 09:32:25] - Returning cached instance of singleton bean 'autoConfigurationReport'
[2021-07-22 09:32:25] - Returning cached instance of singleton bean 'autoConfigurationReport'
[2021-07-22 09:32:25] - Returning cached instance of singleton bean 'autoConfigurationReport'
[2021-07-22 09:32:25] - Returning cached instance of singleton bean 'autoConfigurationReport'
[2021-07-22 09:32:25] - Returning cached instance of singleton bean 'autoConfigurationReport'
[2021-07-22 09:32:25] - Returning cached instance of singleton bean 'autoConfigurationReport'
[2021-07-22 09:32:25] - Returning cached instance of singleton bean 'autoConfigurationReport'
[2021-07-22 09:32:25] - Condition OnEnabledResourceChainCondition on org.springframework.boot.autoconfigure.web.servlet.WebMvcAutoConfiguration$ResourceChainCustomizerConfiguration did not match due to @ConditionalOnEnabledResourceChain did not find class org.webjars.WebJarAssetLocator
[2021-07-22 09:32:25] - Returning cached instance of singleton bean 'autoConfigurationReport'
[2021-07-22 09:32:25] - Returning cached instance of singleton bean 'autoConfigurationReport'
[2021-07-22 09:32:25] - Returning cached instance of singleton bean 'autoConfigurationReport'
[2021-07-22 09:32:25] - Returning cached instance of singleton bean 'autoConfigurationReport'
[2021-07-22 09:32:25] - Returning cached instance of singleton bean 'autoConfigurationReport'
[2021-07-22 09:32:25] - Returning cached instance of singleton bean 'autoConfigurationReport'
[2021-07-22 09:32:25] - Returning cached instance of singleton bean 'autoConfigurationReport'
[2021-07-22 09:32:25] - Condition OnClassCondition on com.oembedler.moon.graphql.boot.GraphQLJavaToolsAutoConfiguration matched due to @ConditionalOnClass found required class 'com.coxautodev.graphql.tools.SchemaParser'
[2021-07-22 09:32:25] - Returning cached instance of singleton bean 'autoConfigurationReport'
[2021-07-22 09:32:25] - Returning cached instance of singleton bean 'autoConfigurationReport'
[2021-07-22 09:32:25] - Returning cached instance of singleton bean 'autoConfigurationReport'
[2021-07-22 09:32:25] - Returning cached instance of singleton bean 'autoConfigurationReport'
[2021-07-22 09:32:25] - Returning cached instance of singleton bean 'autoConfigurationReport'
[2021-07-22 09:32:25] - Returning cached instance of singleton bean 'autoConfigurationReport'
[2021-07-22 09:32:25] - Returning cached instance of singleton bean 'autoConfigurationReport'
[2021-07-22 09:32:25] - Returning cached instance of singleton bean 'autoConfigurationReport'
[2021-07-22 09:32:25] - Returning cached instance of singleton bean 'autoConfigurationReport'
[2021-07-22 09:32:25] - Returning cached instance of singleton bean 'autoConfigurationReport'
[2021-07-22 09:32:25] - Condition OnClassCondition on com.oembedler.moon.graphql.boot.GraphQLWebAutoConfiguration matched due to @ConditionalOnClass found required class 'org.springframework.web.servlet.DispatcherServlet'
[2021-07-22 09:32:25] - Returning cached instance of singleton bean 'autoConfigurationReport'
