[2021-07-28 10:44:16] - HikariPool-1 - Pool stats (total=10, active=0, idle=10, waiting=0)
[2021-07-28 10:44:16] - HikariPool-1 - Fill pool skipped, pool is at sufficient level.
[2021-07-28 10:44:46] - HikariPool-1 - Pool stats (total=10, active=0, idle=10, waiting=0)
[2021-07-28 10:44:46] - HikariPool-1 - Fill pool skipped, pool is at sufficient level.
[2021-07-28 10:45:16] - HikariPool-1 - Pool stats (total=10, active=0, idle=10, waiting=0)
[2021-07-28 10:45:16] - HikariPool-1 - Fill pool skipped, pool is at sufficient level.
[2021-07-28 10:45:45] - Executing request. operation name: 'null'. query: 'mutation {
    createUser(userName:"Poli",dOB:"2001-12-30",userTel:"0779898567")
}'. variables '{}'
[2021-07-28 10:45:45] - Parsing query: 'mutation {
    createUser(userName:"Poli",dOB:"2001-12-30",userTel:"0779898567")
}'...
[2021-07-28 10:45:45] - Validating query: 'mutation {
    createUser(userName:"Poli",dOB:"2001-12-30",userTel:"0779898567")
}'
[2021-07-28 10:45:45] - Query failed to validate : 'mutation {
    createUser(userName:"Poli",dOB:"2001-12-30",userTel:"0779898567")
}'
[2021-07-28 10:45:46] - HikariPool-1 - Pool stats (total=10, active=0, idle=10, waiting=0)
[2021-07-28 10:45:46] - HikariPool-1 - Fill pool skipped, pool is at sufficient level.
[2021-07-28 10:46:16] - HikariPool-1 - Pool stats (total=10, active=0, idle=10, waiting=0)
[2021-07-28 10:46:16] - HikariPool-1 - Fill pool skipped, pool is at sufficient level.
[2021-07-28 10:46:46] - HikariPool-1 - Pool stats (total=10, active=0, idle=10, waiting=0)
[2021-07-28 10:46:46] - HikariPool-1 - Fill pool skipped, pool is at sufficient level.
[2021-07-28 10:46:55] - Executing request. operation name: 'null'. query: 'mutation {
    createUser(userName:"Poli",dOB:"2001-12-30",userTel:"0779898567")
}'. variables '{}'
[2021-07-28 10:46:55] - Parsing query: 'mutation {
    createUser(userName:"Poli",dOB:"2001-12-30",userTel:"0779898567")
}'...
[2021-07-28 10:46:55] - Validating query: 'mutation {
    createUser(userName:"Poli",dOB:"2001-12-30",userTel:"0779898567")
}'
[2021-07-28 10:46:55] - Query failed to validate : 'mutation {
    createUser(userName:"Poli",dOB:"2001-12-30",userTel:"0779898567")
}'
[2021-07-28 10:47:16] - HikariPool-1 - Pool stats (total=10, active=0, idle=10, waiting=0)
[2021-07-28 10:47:16] - HikariPool-1 - Fill pool skipped, pool is at sufficient level.
[2021-07-28 10:47:46] - HikariPool-1 - Pool stats (total=10, active=0, idle=10, waiting=0)
[2021-07-28 10:47:46] - HikariPool-1 - Fill pool skipped, pool is at sufficient level.
[2021-07-28 10:48:16] - HikariPool-1 - Pool stats (total=10, active=0, idle=10, waiting=0)
[2021-07-28 10:48:16] - HikariPool-1 - Fill pool skipped, pool is at sufficient level.
[2021-07-28 10:48:46] - HikariPool-1 - Pool stats (total=10, active=0, idle=10, waiting=0)
[2021-07-28 10:48:46] - HikariPool-1 - Fill pool skipped, pool is at sufficient level.
[2021-07-28 10:49:16] - HikariPool-1 - Pool stats (total=10, active=0, idle=10, waiting=0)
[2021-07-28 10:49:16] - HikariPool-1 - Fill pool skipped, pool is at sufficient level.
[2021-07-28 10:49:46] - HikariPool-1 - Pool stats (total=10, active=0, idle=10, waiting=0)
[2021-07-28 10:49:46] - HikariPool-1 - Fill pool skipped, pool is at sufficient level.
[2021-07-28 10:50:16] - HikariPool-1 - Pool stats (total=10, active=0, idle=10, waiting=0)
[2021-07-28 10:50:16] - HikariPool-1 - Fill pool skipped, pool is at sufficient level.
[2021-07-28 10:50:46] - HikariPool-1 - Pool stats (total=10, active=0, idle=10, waiting=0)
[2021-07-28 10:50:46] - HikariPool-1 - Fill pool skipped, pool is at sufficient level.
[2021-07-28 10:51:16] - HikariPool-1 - Pool stats (total=10, active=0, idle=10, waiting=0)
[2021-07-28 10:51:16] - HikariPool-1 - Fill pool skipped, pool is at sufficient level.
[2021-07-28 10:51:46] - HikariPool-1 - Pool stats (total=10, active=0, idle=10, waiting=0)
[2021-07-28 10:51:46] - HikariPool-1 - Fill pool skipped, pool is at sufficient level.
[2021-07-28 10:52:16] - HikariPool-1 - Pool stats (total=10, active=0, idle=10, waiting=0)
[2021-07-28 10:52:16] - HikariPool-1 - Fill pool skipped, pool is at sufficient level.
[2021-07-28 10:52:46] - HikariPool-1 - Pool stats (total=10, active=0, idle=10, waiting=0)
[2021-07-28 10:52:46] - HikariPool-1 - Fill pool skipped, pool is at sufficient level.
[2021-07-28 10:53:05] - Executing request. operation name: 'null'. query: 'mutation {
    createUser(userName:"Poli",dOB:2001-12-30,userTel:"0779898567")
}'. variables '{}'
[2021-07-28 10:53:05] - Parsing query: 'mutation {
    createUser(userName:"Poli",dOB:2001-12-30,userTel:"0779898567")
}'...
[2021-07-28 10:53:05] - Query failed to parse : 'mutation {
    createUser(userName:"Poli",dOB:2001-12-30,userTel:"0779898567")
}'
[2021-07-28 10:53:13] - Executing request. operation name: 'null'. query: 'mutation {
    createUser(userName:"Poli",dOB:"2001-12-30",userTel:"0779898567")
}'. variables '{}'
[2021-07-28 10:53:13] - Parsing query: 'mutation {
    createUser(userName:"Poli",dOB:"2001-12-30",userTel:"0779898567")
}'...
[2021-07-28 10:53:13] - Validating query: 'mutation {
    createUser(userName:"Poli",dOB:"2001-12-30",userTel:"0779898567")
}'
[2021-07-28 10:53:13] - Query failed to validate : 'mutation {
    createUser(userName:"Poli",dOB:"2001-12-30",userTel:"0779898567")
}'
[2021-07-28 10:53:16] - HikariPool-1 - Pool stats (total=10, active=0, idle=10, waiting=0)
[2021-07-28 10:53:16] - HikariPool-1 - Fill pool skipped, pool is at sufficient level.
[2021-07-28 10:53:46] - HikariPool-1 - Pool stats (total=10, active=0, idle=10, waiting=0)
[2021-07-28 10:53:46] - HikariPool-1 - Fill pool skipped, pool is at sufficient level.
[2021-07-28 10:54:16] - HikariPool-1 - Pool stats (total=10, active=0, idle=10, waiting=0)
[2021-07-28 10:54:16] - HikariPool-1 - Fill pool skipped, pool is at sufficient level.
[2021-07-28 10:54:46] - HikariPool-1 - Pool stats (total=10, active=0, idle=10, waiting=0)
[2021-07-28 10:54:46] - HikariPool-1 - Fill pool skipped, pool is at sufficient level.
[2021-07-28 10:55:16] - HikariPool-1 - Pool stats (total=10, active=0, idle=10, waiting=0)
[2021-07-28 10:55:16] - HikariPool-1 - Fill pool skipped, pool is at sufficient level.
[2021-07-28 10:55:46] - HikariPool-1 - Pool stats (total=10, active=0, idle=10, waiting=0)
[2021-07-28 10:55:46] - HikariPool-1 - Fill pool skipped, pool is at sufficient level.
[2021-07-28 10:56:16] - HikariPool-1 - Pool stats (total=10, active=0, idle=10, waiting=0)
[2021-07-28 10:56:16] - HikariPool-1 - Fill pool skipped, pool is at sufficient level.
[2021-07-28 10:56:46] - HikariPool-1 - Pool stats (total=10, active=0, idle=10, waiting=0)
[2021-07-28 10:56:46] - HikariPool-1 - Fill pool skipped, pool is at sufficient level.
[2021-07-28 10:57:16] - HikariPool-1 - Pool stats (total=10, active=0, idle=10, waiting=0)
[2021-07-28 10:57:16] - HikariPool-1 - Fill pool skipped, pool is at sufficient level.
[2021-07-28 10:57:46] - HikariPool-1 - Pool stats (total=10, active=0, idle=10, waiting=0)
[2021-07-28 10:57:46] - HikariPool-1 - Fill pool skipped, pool is at sufficient level.
[2021-07-28 10:58:16] - HikariPool-1 - Pool stats (total=10, active=0, idle=10, waiting=0)
[2021-07-28 10:58:16] - HikariPool-1 - Fill pool skipped, pool is at sufficient level.
[2021-07-28 10:58:36] - Application availability state ReadinessState changed from ACCEPTING_TRAFFIC to REFUSING_TRAFFIC
[2021-07-28 10:58:36] - Closing org.springframework.boot.web.servlet.context.AnnotationConfigServletWebServerApplicationContext@363042d7, started on Wed Jul 28 10:43:44 IST 2021
[2021-07-28 10:58:36] - Found key 'spring.liveBeansView.mbeanDomain' in PropertySource 'systemProperties' with value of type String
[2021-07-28 10:58:36] - Stopping beans in phase 2147483647
[2021-07-28 10:58:36] - Bean 'webServerGracefulShutdown' completed its stop procedure
[2021-07-28 10:58:36] - Stopping beans in phase 2147483646
[2021-07-28 10:58:36] - Bean 'webServerStartStop' completed its stop procedure
[2021-07-28 10:58:36] - Stopping beans in phase 0
[2021-07-28 10:58:36] - Successfully stopped bean 'serverEndpointRegistration'
[2021-07-28 10:58:36] - Unregistering JMX-exposed beans on shutdown
[2021-07-28 10:58:36] - Unregistering JMX-exposed beans
[2021-07-28 10:58:36] - Shutting down ExecutorService 'applicationTaskExecutor'
[2021-07-28 10:58:36] - Closing JPA EntityManagerFactory for persistence unit 'default'
[2021-07-28 10:58:36] - HHH000031: Closing
[2021-07-28 10:58:36] - Un-scoping TypeConfiguration [org.hibernate.type.spi.TypeConfiguration$Scope@7301e6f] from SessionFactory [org.hibernate.internal.SessionFactoryImpl@311a0b3e]
[2021-07-28 10:58:36] - Implicitly destroying ServiceRegistry on de-registration of all child ServiceRegistries
[2021-07-28 10:58:36] - Implicitly destroying Boot-strap registry on de-registration of all child ServiceRegistries
[2021-07-28 10:58:36] - HikariPool-1 - Shutdown initiated...
[2021-07-28 10:58:36] - HikariPool-1 - Before shutdown stats (total=10, active=0, idle=10, waiting=0)
[2021-07-28 10:58:36] - HikariPool-1 - Closing connection com.mysql.cj.jdbc.ConnectionImpl@1ae924f1: (connection evicted)
[2021-07-28 10:58:36] - HikariPool-1 - Closing connection com.mysql.cj.jdbc.ConnectionImpl@53817b80: (connection evicted)
[2021-07-28 10:58:36] - HikariPool-1 - Closing connection com.mysql.cj.jdbc.ConnectionImpl@72938ef4: (connection evicted)
[2021-07-28 10:58:36] - HikariPool-1 - Closing connection com.mysql.cj.jdbc.ConnectionImpl@32bd809: (connection evicted)
[2021-07-28 10:58:36] - HikariPool-1 - Closing connection com.mysql.cj.jdbc.ConnectionImpl@76dd90c6: (connection evicted)
[2021-07-28 10:58:36] - HikariPool-1 - Closing connection com.mysql.cj.jdbc.ConnectionImpl@596b4855: (connection evicted)
[2021-07-28 10:58:36] - HikariPool-1 - Closing connection com.mysql.cj.jdbc.ConnectionImpl@4523ab3f: (connection evicted)
[2021-07-28 10:58:36] - HikariPool-1 - Closing connection com.mysql.cj.jdbc.ConnectionImpl@6739801b: (connection evicted)
[2021-07-28 10:58:36] - HikariPool-1 - Closing connection com.mysql.cj.jdbc.ConnectionImpl@2dac287c: (connection evicted)
[2021-07-28 10:58:36] - HikariPool-1 - Closing connection com.mysql.cj.jdbc.ConnectionImpl@5446fdde: (connection evicted)
[2021-07-28 10:58:36] - HikariPool-1 - After shutdown stats (total=0, active=0, idle=0, waiting=0)
[2021-07-28 10:58:36] - HikariPool-1 - Shutdown completed.
[2021-07-28 10:58:46] - Starting SpringUniJpaApplication using Java 16.0.1 on anuththara-VivoBook-ASUSLaptop-X509JB-X509JB with PID 17941 (/home/anuththara/Documents/hSenid/Practice/springboot/spring-uni-jpa/UserJPA-Springboot/target/classes started by anuththara in /home/anuththara/Documents/hSenid/Practice/springboot/spring-uni-jpa/UserJPA-Springboot)
[2021-07-28 10:58:46] - Running with Spring Boot v2.5.2, Spring v5.3.8
[2021-07-28 10:58:46] - No active profile set, falling back to default profiles: default
[2021-07-28 10:58:46] - Loading source class com.anu.springunijpa.SpringUniJpaApplication
[2021-07-28 10:58:46] - Refreshing org.springframework.boot.web.servlet.context.AnnotationConfigServletWebServerApplicationContext@49d3c823
[2021-07-28 10:58:46] - Creating shared instance of singleton bean 'org.springframework.context.annotation.internalConfigurationAnnotationProcessor'
[2021-07-28 10:58:46] - Creating shared instance of singleton bean 'org.springframework.boot.autoconfigure.internalCachingMetadataReaderFactory'
[2021-07-28 10:58:46] - Identified candidate component class: file [/home/anuththara/Documents/hSenid/Practice/springboot/spring-uni-jpa/UserJPA-Springboot/target/classes/com/anu/springunijpa/controller/CourseController.class]
[2021-07-28 10:58:46] - Identified candidate component class: file [/home/anuththara/Documents/hSenid/Practice/springboot/spring-uni-jpa/UserJPA-Springboot/target/classes/com/anu/springunijpa/controller/UserController.class]
[2021-07-28 10:58:46] - Identified candidate component class: file [/home/anuththara/Documents/hSenid/Practice/springboot/spring-uni-jpa/UserJPA-Springboot/target/classes/com/anu/springunijpa/exception/GlobalExceptionHandler.class]
[2021-07-28 10:58:46] - Identified candidate component class: file [/home/anuththara/Documents/hSenid/Practice/springboot/spring-uni-jpa/UserJPA-Springboot/target/classes/com/anu/springunijpa/resolver/CourseResolver.class]
[2021-07-28 10:58:46] - Identified candidate component class: file [/home/anuththara/Documents/hSenid/Practice/springboot/spring-uni-jpa/UserJPA-Springboot/target/classes/com/anu/springunijpa/resolver/UserResolver.class]
[2021-07-28 10:58:46] - Identified candidate component class: file [/home/anuththara/Documents/hSenid/Practice/springboot/spring-uni-jpa/UserJPA-Springboot/target/classes/com/anu/springunijpa/service/impl/CourseServiceImpl.class]
[2021-07-28 10:58:46] - Identified candidate component class: file [/home/anuththara/Documents/hSenid/Practice/springboot/spring-uni-jpa/UserJPA-Springboot/target/classes/com/anu/springunijpa/service/impl/UserServiceImpl.class]
