[2021-07-28 11:18:34] - Processing attribute `userName` : value = Sana
[2021-07-28 11:18:34] - Attribute (`userName`)  - enhanced for lazy-loading? - false
[2021-07-28 11:18:34] - Processing attribute `userTel` : value = 786753452
[2021-07-28 11:18:34] - Attribute (`userTel`)  - enhanced for lazy-loading? - false
[2021-07-28 11:18:34] - Done materializing entity [com.anu.springunijpa.entity.User#9]
[2021-07-28 11:18:34] - Initiating transaction commit
[2021-07-28 11:18:34] - Committing JPA transaction on EntityManager [SessionImpl(331530124<open>)]
[2021-07-28 11:18:34] - committing
[2021-07-28 11:18:34] - Resetting read-only flag of JDBC Connection [HikariProxyConnection@896395105 wrapping com.mysql.cj.jdbc.ConnectionImpl@45eab322]
[2021-07-28 11:18:34] - Closing JPA EntityManager [SessionImpl(331530124<open>)] after transaction
[2021-07-28 11:18:34] - 'e88bb93e-9b35-4b50-90e2-cb2f34717d82' field '/allUsers' fetch returned 'java.util.ArrayList'
[2021-07-28 11:18:34] - 'e88bb93e-9b35-4b50-90e2-cb2f34717d82' completing field '/allUsers'...
[2021-07-28 11:18:34] - 'e88bb93e-9b35-4b50-90e2-cb2f34717d82' fetching field '/allUsers[0]/userId' using data fetcher 'com.coxautodev.graphql.tools.MethodFieldResolverDataFetcher'...
[2021-07-28 11:18:34] - 'e88bb93e-9b35-4b50-90e2-cb2f34717d82' field '/allUsers[0]/userId' fetch returned 'java.lang.Integer'
[2021-07-28 11:18:34] - 'e88bb93e-9b35-4b50-90e2-cb2f34717d82' completing field '/allUsers[0]/userId'...
[2021-07-28 11:18:34] - 'e88bb93e-9b35-4b50-90e2-cb2f34717d82' fetching field '/allUsers[0]/userName' using data fetcher 'com.coxautodev.graphql.tools.MethodFieldResolverDataFetcher'...
[2021-07-28 11:18:34] - 'e88bb93e-9b35-4b50-90e2-cb2f34717d82' field '/allUsers[0]/userName' fetch returned 'java.lang.String'
[2021-07-28 11:18:34] - 'e88bb93e-9b35-4b50-90e2-cb2f34717d82' completing field '/allUsers[0]/userName'...
[2021-07-28 11:18:34] - 'e88bb93e-9b35-4b50-90e2-cb2f34717d82' fetching field '/allUsers[0]/dOB' using data fetcher 'com.coxautodev.graphql.tools.PropertyFieldResolverDataFetcher'...
[2021-07-28 11:18:34] - 'e88bb93e-9b35-4b50-90e2-cb2f34717d82' field '/allUsers[0]/dOB' fetch returned 'java.time.LocalDate'
[2021-07-28 11:18:34] - 'e88bb93e-9b35-4b50-90e2-cb2f34717d82' completing field '/allUsers[0]/dOB'...
[2021-07-28 11:18:34] - 'e88bb93e-9b35-4b50-90e2-cb2f34717d82' fetching field '/allUsers[0]/userTel' using data fetcher 'com.coxautodev.graphql.tools.MethodFieldResolverDataFetcher'...
[2021-07-28 11:18:34] - 'e88bb93e-9b35-4b50-90e2-cb2f34717d82' field '/allUsers[0]/userTel' fetch returned 'java.lang.String'
[2021-07-28 11:18:34] - 'e88bb93e-9b35-4b50-90e2-cb2f34717d82' completing field '/allUsers[0]/userTel'...
[2021-07-28 11:18:34] - 'e88bb93e-9b35-4b50-90e2-cb2f34717d82' fetching field '/allUsers[1]/userId' using data fetcher 'com.coxautodev.graphql.tools.MethodFieldResolverDataFetcher'...
[2021-07-28 11:18:34] - 'e88bb93e-9b35-4b50-90e2-cb2f34717d82' field '/allUsers[1]/userId' fetch returned 'java.lang.Integer'
[2021-07-28 11:18:34] - 'e88bb93e-9b35-4b50-90e2-cb2f34717d82' completing field '/allUsers[1]/userId'...
[2021-07-28 11:18:34] - 'e88bb93e-9b35-4b50-90e2-cb2f34717d82' fetching field '/allUsers[1]/userName' using data fetcher 'com.coxautodev.graphql.tools.MethodFieldResolverDataFetcher'...
[2021-07-28 11:18:34] - 'e88bb93e-9b35-4b50-90e2-cb2f34717d82' field '/allUsers[1]/userName' fetch returned 'java.lang.String'
[2021-07-28 11:18:34] - 'e88bb93e-9b35-4b50-90e2-cb2f34717d82' completing field '/allUsers[1]/userName'...
[2021-07-28 11:18:34] - 'e88bb93e-9b35-4b50-90e2-cb2f34717d82' fetching field '/allUsers[1]/dOB' using data fetcher 'com.coxautodev.graphql.tools.PropertyFieldResolverDataFetcher'...
[2021-07-28 11:18:34] - 'e88bb93e-9b35-4b50-90e2-cb2f34717d82' field '/allUsers[1]/dOB' fetch returned 'java.time.LocalDate'
[2021-07-28 11:18:34] - 'e88bb93e-9b35-4b50-90e2-cb2f34717d82' completing field '/allUsers[1]/dOB'...
[2021-07-28 11:18:34] - 'e88bb93e-9b35-4b50-90e2-cb2f34717d82' fetching field '/allUsers[1]/userTel' using data fetcher 'com.coxautodev.graphql.tools.MethodFieldResolverDataFetcher'...
[2021-07-28 11:18:34] - 'e88bb93e-9b35-4b50-90e2-cb2f34717d82' field '/allUsers[1]/userTel' fetch returned 'java.lang.String'
[2021-07-28 11:18:34] - 'e88bb93e-9b35-4b50-90e2-cb2f34717d82' completing field '/allUsers[1]/userTel'...
[2021-07-28 11:18:34] - 'e88bb93e-9b35-4b50-90e2-cb2f34717d82' fetching field '/allUsers[2]/userId' using data fetcher 'com.coxautodev.graphql.tools.MethodFieldResolverDataFetcher'...
[2021-07-28 11:18:34] - 'e88bb93e-9b35-4b50-90e2-cb2f34717d82' field '/allUsers[2]/userId' fetch returned 'java.lang.Integer'
[2021-07-28 11:18:34] - 'e88bb93e-9b35-4b50-90e2-cb2f34717d82' completing field '/allUsers[2]/userId'...
[2021-07-28 11:18:34] - 'e88bb93e-9b35-4b50-90e2-cb2f34717d82' fetching field '/allUsers[2]/userName' using data fetcher 'com.coxautodev.graphql.tools.MethodFieldResolverDataFetcher'...
[2021-07-28 11:18:34] - 'e88bb93e-9b35-4b50-90e2-cb2f34717d82' field '/allUsers[2]/userName' fetch returned 'java.lang.String'
[2021-07-28 11:18:34] - 'e88bb93e-9b35-4b50-90e2-cb2f34717d82' completing field '/allUsers[2]/userName'...
[2021-07-28 11:18:34] - 'e88bb93e-9b35-4b50-90e2-cb2f34717d82' fetching field '/allUsers[2]/dOB' using data fetcher 'com.coxautodev.graphql.tools.PropertyFieldResolverDataFetcher'...
[2021-07-28 11:18:34] - 'e88bb93e-9b35-4b50-90e2-cb2f34717d82' field '/allUsers[2]/dOB' fetch returned 'java.time.LocalDate'
[2021-07-28 11:18:34] - 'e88bb93e-9b35-4b50-90e2-cb2f34717d82' completing field '/allUsers[2]/dOB'...
[2021-07-28 11:18:34] - 'e88bb93e-9b35-4b50-90e2-cb2f34717d82' fetching field '/allUsers[2]/userTel' using data fetcher 'com.coxautodev.graphql.tools.MethodFieldResolverDataFetcher'...
[2021-07-28 11:18:34] - 'e88bb93e-9b35-4b50-90e2-cb2f34717d82' field '/allUsers[2]/userTel' fetch returned 'java.lang.String'
[2021-07-28 11:18:34] - 'e88bb93e-9b35-4b50-90e2-cb2f34717d82' completing field '/allUsers[2]/userTel'...
[2021-07-28 11:18:34] - 'e88bb93e-9b35-4b50-90e2-cb2f34717d82' fetching field '/allUsers[3]/userId' using data fetcher 'com.coxautodev.graphql.tools.MethodFieldResolverDataFetcher'...
[2021-07-28 11:18:34] - 'e88bb93e-9b35-4b50-90e2-cb2f34717d82' field '/allUsers[3]/userId' fetch returned 'java.lang.Integer'
[2021-07-28 11:18:34] - 'e88bb93e-9b35-4b50-90e2-cb2f34717d82' completing field '/allUsers[3]/userId'...
[2021-07-28 11:18:34] - 'e88bb93e-9b35-4b50-90e2-cb2f34717d82' fetching field '/allUsers[3]/userName' using data fetcher 'com.coxautodev.graphql.tools.MethodFieldResolverDataFetcher'...
[2021-07-28 11:18:34] - 'e88bb93e-9b35-4b50-90e2-cb2f34717d82' field '/allUsers[3]/userName' fetch returned 'java.lang.String'
[2021-07-28 11:18:34] - 'e88bb93e-9b35-4b50-90e2-cb2f34717d82' completing field '/allUsers[3]/userName'...
[2021-07-28 11:18:34] - 'e88bb93e-9b35-4b50-90e2-cb2f34717d82' fetching field '/allUsers[3]/dOB' using data fetcher 'com.coxautodev.graphql.tools.PropertyFieldResolverDataFetcher'...
[2021-07-28 11:18:34] - 'e88bb93e-9b35-4b50-90e2-cb2f34717d82' field '/allUsers[3]/dOB' fetch returned 'java.time.LocalDate'
[2021-07-28 11:18:34] - 'e88bb93e-9b35-4b50-90e2-cb2f34717d82' completing field '/allUsers[3]/dOB'...
[2021-07-28 11:18:34] - 'e88bb93e-9b35-4b50-90e2-cb2f34717d82' fetching field '/allUsers[3]/userTel' using data fetcher 'com.coxautodev.graphql.tools.MethodFieldResolverDataFetcher'...
[2021-07-28 11:18:34] - 'e88bb93e-9b35-4b50-90e2-cb2f34717d82' field '/allUsers[3]/userTel' fetch returned 'java.lang.String'
[2021-07-28 11:18:34] - 'e88bb93e-9b35-4b50-90e2-cb2f34717d82' completing field '/allUsers[3]/userTel'...
[2021-07-28 11:18:34] - 'e88bb93e-9b35-4b50-90e2-cb2f34717d82' fetching field '/allUsers[4]/userId' using data fetcher 'com.coxautodev.graphql.tools.MethodFieldResolverDataFetcher'...
[2021-07-28 11:18:34] - 'e88bb93e-9b35-4b50-90e2-cb2f34717d82' field '/allUsers[4]/userId' fetch returned 'java.lang.Integer'
[2021-07-28 11:18:34] - 'e88bb93e-9b35-4b50-90e2-cb2f34717d82' completing field '/allUsers[4]/userId'...
[2021-07-28 11:18:34] - 'e88bb93e-9b35-4b50-90e2-cb2f34717d82' fetching field '/allUsers[4]/userName' using data fetcher 'com.coxautodev.graphql.tools.MethodFieldResolverDataFetcher'...
[2021-07-28 11:18:34] - 'e88bb93e-9b35-4b50-90e2-cb2f34717d82' field '/allUsers[4]/userName' fetch returned 'java.lang.String'
[2021-07-28 11:18:34] - 'e88bb93e-9b35-4b50-90e2-cb2f34717d82' completing field '/allUsers[4]/userName'...
[2021-07-28 11:18:34] - 'e88bb93e-9b35-4b50-90e2-cb2f34717d82' fetching field '/allUsers[4]/dOB' using data fetcher 'com.coxautodev.graphql.tools.PropertyFieldResolverDataFetcher'...
[2021-07-28 11:18:34] - 'e88bb93e-9b35-4b50-90e2-cb2f34717d82' field '/allUsers[4]/dOB' fetch returned 'java.time.LocalDate'
[2021-07-28 11:18:34] - 'e88bb93e-9b35-4b50-90e2-cb2f34717d82' completing field '/allUsers[4]/dOB'...
[2021-07-28 11:18:34] - 'e88bb93e-9b35-4b50-90e2-cb2f34717d82' fetching field '/allUsers[4]/userTel' using data fetcher 'com.coxautodev.graphql.tools.MethodFieldResolverDataFetcher'...
[2021-07-28 11:18:34] - 'e88bb93e-9b35-4b50-90e2-cb2f34717d82' field '/allUsers[4]/userTel' fetch returned 'java.lang.String'
[2021-07-28 11:18:34] - 'e88bb93e-9b35-4b50-90e2-cb2f34717d82' completing field '/allUsers[4]/userTel'...
[2021-07-28 11:18:34] - 'e88bb93e-9b35-4b50-90e2-cb2f34717d82' fetching field '/allUsers[5]/userId' using data fetcher 'com.coxautodev.graphql.tools.MethodFieldResolverDataFetcher'...
[2021-07-28 11:18:34] - 'e88bb93e-9b35-4b50-90e2-cb2f34717d82' field '/allUsers[5]/userId' fetch returned 'java.lang.Integer'
[2021-07-28 11:18:34] - 'e88bb93e-9b35-4b50-90e2-cb2f34717d82' completing field '/allUsers[5]/userId'...
[2021-07-28 11:18:34] - 'e88bb93e-9b35-4b50-90e2-cb2f34717d82' fetching field '/allUsers[5]/userName' using data fetcher 'com.coxautodev.graphql.tools.MethodFieldResolverDataFetcher'...
[2021-07-28 11:18:34] - 'e88bb93e-9b35-4b50-90e2-cb2f34717d82' field '/allUsers[5]/userName' fetch returned 'java.lang.String'
[2021-07-28 11:18:34] - 'e88bb93e-9b35-4b50-90e2-cb2f34717d82' completing field '/allUsers[5]/userName'...
[2021-07-28 11:18:34] - 'e88bb93e-9b35-4b50-90e2-cb2f34717d82' fetching field '/allUsers[5]/dOB' using data fetcher 'com.coxautodev.graphql.tools.PropertyFieldResolverDataFetcher'...
[2021-07-28 11:18:34] - 'e88bb93e-9b35-4b50-90e2-cb2f34717d82' field '/allUsers[5]/dOB' fetch returned 'java.time.LocalDate'
[2021-07-28 11:18:34] - 'e88bb93e-9b35-4b50-90e2-cb2f34717d82' completing field '/allUsers[5]/dOB'...
[2021-07-28 11:18:34] - 'e88bb93e-9b35-4b50-90e2-cb2f34717d82' fetching field '/allUsers[5]/userTel' using data fetcher 'com.coxautodev.graphql.tools.MethodFieldResolverDataFetcher'...
[2021-07-28 11:18:34] - 'e88bb93e-9b35-4b50-90e2-cb2f34717d82' field '/allUsers[5]/userTel' fetch returned 'java.lang.String'
[2021-07-28 11:18:34] - 'e88bb93e-9b35-4b50-90e2-cb2f34717d82' completing field '/allUsers[5]/userTel'...
[2021-07-28 11:18:34] - 'e88bb93e-9b35-4b50-90e2-cb2f34717d82' fetching field '/allUsers[6]/userId' using data fetcher 'com.coxautodev.graphql.tools.MethodFieldResolverDataFetcher'...
[2021-07-28 11:18:34] - 'e88bb93e-9b35-4b50-90e2-cb2f34717d82' field '/allUsers[6]/userId' fetch returned 'java.lang.Integer'
[2021-07-28 11:18:34] - 'e88bb93e-9b35-4b50-90e2-cb2f34717d82' completing field '/allUsers[6]/userId'...
[2021-07-28 11:18:34] - 'e88bb93e-9b35-4b50-90e2-cb2f34717d82' fetching field '/allUsers[6]/userName' using data fetcher 'com.coxautodev.graphql.tools.MethodFieldResolverDataFetcher'...
[2021-07-28 11:18:34] - 'e88bb93e-9b35-4b50-90e2-cb2f34717d82' field '/allUsers[6]/userName' fetch returned 'java.lang.String'
[2021-07-28 11:18:34] - 'e88bb93e-9b35-4b50-90e2-cb2f34717d82' completing field '/allUsers[6]/userName'...
[2021-07-28 11:18:34] - 'e88bb93e-9b35-4b50-90e2-cb2f34717d82' fetching field '/allUsers[6]/dOB' using data fetcher 'com.coxautodev.graphql.tools.PropertyFieldResolverDataFetcher'...
[2021-07-28 11:18:34] - 'e88bb93e-9b35-4b50-90e2-cb2f34717d82' field '/allUsers[6]/dOB' fetch returned 'java.time.LocalDate'
[2021-07-28 11:18:34] - 'e88bb93e-9b35-4b50-90e2-cb2f34717d82' completing field '/allUsers[6]/dOB'...
[2021-07-28 11:18:34] - 'e88bb93e-9b35-4b50-90e2-cb2f34717d82' fetching field '/allUsers[6]/userTel' using data fetcher 'com.coxautodev.graphql.tools.MethodFieldResolverDataFetcher'...
[2021-07-28 11:18:34] - 'e88bb93e-9b35-4b50-90e2-cb2f34717d82' field '/allUsers[6]/userTel' fetch returned 'java.lang.String'
[2021-07-28 11:18:34] - 'e88bb93e-9b35-4b50-90e2-cb2f34717d82' completing field '/allUsers[6]/userTel'...
[2021-07-28 11:18:34] - 'e88bb93e-9b35-4b50-90e2-cb2f34717d82' fetching field '/allUsers[7]/userId' using data fetcher 'com.coxautodev.graphql.tools.MethodFieldResolverDataFetcher'...
[2021-07-28 11:18:34] - 'e88bb93e-9b35-4b50-90e2-cb2f34717d82' field '/allUsers[7]/userId' fetch returned 'java.lang.Integer'
[2021-07-28 11:18:34] - 'e88bb93e-9b35-4b50-90e2-cb2f34717d82' completing field '/allUsers[7]/userId'...
[2021-07-28 11:18:34] - 'e88bb93e-9b35-4b50-90e2-cb2f34717d82' fetching field '/allUsers[7]/userName' using data fetcher 'com.coxautodev.graphql.tools.MethodFieldResolverDataFetcher'...
[2021-07-28 11:18:34] - 'e88bb93e-9b35-4b50-90e2-cb2f34717d82' field '/allUsers[7]/userName' fetch returned 'java.lang.String'
[2021-07-28 11:18:34] - 'e88bb93e-9b35-4b50-90e2-cb2f34717d82' completing field '/allUsers[7]/userName'...
[2021-07-28 11:18:34] - 'e88bb93e-9b35-4b50-90e2-cb2f34717d82' fetching field '/allUsers[7]/dOB' using data fetcher 'com.coxautodev.graphql.tools.PropertyFieldResolverDataFetcher'...
[2021-07-28 11:18:34] - 'e88bb93e-9b35-4b50-90e2-cb2f34717d82' field '/allUsers[7]/dOB' fetch returned 'java.time.LocalDate'
[2021-07-28 11:18:34] - 'e88bb93e-9b35-4b50-90e2-cb2f34717d82' completing field '/allUsers[7]/dOB'...
[2021-07-28 11:18:34] - 'e88bb93e-9b35-4b50-90e2-cb2f34717d82' fetching field '/allUsers[7]/userTel' using data fetcher 'com.coxautodev.graphql.tools.MethodFieldResolverDataFetcher'...
[2021-07-28 11:18:34] - 'e88bb93e-9b35-4b50-90e2-cb2f34717d82' field '/allUsers[7]/userTel' fetch returned 'java.lang.String'
[2021-07-28 11:18:34] - 'e88bb93e-9b35-4b50-90e2-cb2f34717d82' completing field '/allUsers[7]/userTel'...
[2021-07-28 11:18:34] - 'e88bb93e-9b35-4b50-90e2-cb2f34717d82' fetching field '/allUsers[8]/userId' using data fetcher 'com.coxautodev.graphql.tools.MethodFieldResolverDataFetcher'...
[2021-07-28 11:18:34] - 'e88bb93e-9b35-4b50-90e2-cb2f34717d82' field '/allUsers[8]/userId' fetch returned 'java.lang.Integer'
[2021-07-28 11:18:34] - 'e88bb93e-9b35-4b50-90e2-cb2f34717d82' completing field '/allUsers[8]/userId'...
[2021-07-28 11:18:34] - 'e88bb93e-9b35-4b50-90e2-cb2f34717d82' fetching field '/allUsers[8]/userName' using data fetcher 'com.coxautodev.graphql.tools.MethodFieldResolverDataFetcher'...
[2021-07-28 11:18:34] - 'e88bb93e-9b35-4b50-90e2-cb2f34717d82' field '/allUsers[8]/userName' fetch returned 'java.lang.String'
[2021-07-28 11:18:34] - 'e88bb93e-9b35-4b50-90e2-cb2f34717d82' completing field '/allUsers[8]/userName'...
[2021-07-28 11:18:34] - 'e88bb93e-9b35-4b50-90e2-cb2f34717d82' fetching field '/allUsers[8]/dOB' using data fetcher 'com.coxautodev.graphql.tools.PropertyFieldResolverDataFetcher'...
[2021-07-28 11:18:34] - 'e88bb93e-9b35-4b50-90e2-cb2f34717d82' field '/allUsers[8]/dOB' fetch returned 'java.time.LocalDate'
[2021-07-28 11:18:34] - 'e88bb93e-9b35-4b50-90e2-cb2f34717d82' completing field '/allUsers[8]/dOB'...
[2021-07-28 11:18:34] - 'e88bb93e-9b35-4b50-90e2-cb2f34717d82' fetching field '/allUsers[8]/userTel' using data fetcher 'com.coxautodev.graphql.tools.MethodFieldResolverDataFetcher'...
[2021-07-28 11:18:34] - 'e88bb93e-9b35-4b50-90e2-cb2f34717d82' field '/allUsers[8]/userTel' fetch returned 'java.lang.String'
[2021-07-28 11:18:34] - 'e88bb93e-9b35-4b50-90e2-cb2f34717d82' completing field '/allUsers[8]/userTel'...
[2021-07-28 11:18:34] - Execution 'e88bb93e-9b35-4b50-90e2-cb2f34717d82' completed with zero errors
