[2021-07-28 09:10:17] - Adding type registration short -> org.hibernate.type.ShortType@438c9aa7
[2021-07-28 09:10:17] - Adding type registration short -> org.hibernate.type.ShortType@438c9aa7
[2021-07-28 09:10:17] - Adding type registration java.lang.Short -> org.hibernate.type.ShortType@438c9aa7
[2021-07-28 09:10:17] - Adding type registration integer -> org.hibernate.type.IntegerType@17b016ac
[2021-07-28 09:10:17] - Adding type registration int -> org.hibernate.type.IntegerType@17b016ac
[2021-07-28 09:10:17] - Adding type registration java.lang.Integer -> org.hibernate.type.IntegerType@17b016ac
[2021-07-28 09:10:17] - Adding type registration long -> org.hibernate.type.LongType@54a2d96e
[2021-07-28 09:10:17] - Adding type registration long -> org.hibernate.type.LongType@54a2d96e
[2021-07-28 09:10:17] - Adding type registration java.lang.Long -> org.hibernate.type.LongType@54a2d96e
[2021-07-28 09:10:17] - Adding type registration float -> org.hibernate.type.FloatType@661fe025
[2021-07-28 09:10:17] - Adding type registration float -> org.hibernate.type.FloatType@661fe025
[2021-07-28 09:10:17] - Adding type registration java.lang.Float -> org.hibernate.type.FloatType@661fe025
[2021-07-28 09:10:17] - Adding type registration double -> org.hibernate.type.DoubleType@297c9a9b
[2021-07-28 09:10:17] - Adding type registration double -> org.hibernate.type.DoubleType@297c9a9b
[2021-07-28 09:10:17] - Adding type registration java.lang.Double -> org.hibernate.type.DoubleType@297c9a9b
[2021-07-28 09:10:17] - Adding type registration big_decimal -> org.hibernate.type.BigDecimalType@55b5cd2b
[2021-07-28 09:10:17] - Adding type registration java.math.BigDecimal -> org.hibernate.type.BigDecimalType@55b5cd2b
[2021-07-28 09:10:17] - Adding type registration big_integer -> org.hibernate.type.BigIntegerType@7a6ea47d
[2021-07-28 09:10:17] - Adding type registration java.math.BigInteger -> org.hibernate.type.BigIntegerType@7a6ea47d
[2021-07-28 09:10:17] - Adding type registration string -> org.hibernate.type.StringType@65e22def
[2021-07-28 09:10:17] - Adding type registration java.lang.String -> org.hibernate.type.StringType@65e22def
[2021-07-28 09:10:17] - Adding type registration nstring -> org.hibernate.type.StringNVarcharType@2b4d4327
[2021-07-28 09:10:17] - Adding type registration ncharacter -> org.hibernate.type.CharacterNCharType@5dc769f9
[2021-07-28 09:10:17] - Adding type registration url -> org.hibernate.type.UrlType@2e1b374c
[2021-07-28 09:10:17] - Adding type registration java.net.URL -> org.hibernate.type.UrlType@2e1b374c
[2021-07-28 09:10:17] - Adding type registration Duration -> org.hibernate.type.DurationType@5b40de43
[2021-07-28 09:10:17] - Adding type registration java.time.Duration -> org.hibernate.type.DurationType@5b40de43
[2021-07-28 09:10:17] - Adding type registration Instant -> org.hibernate.type.InstantType@21c747a
[2021-07-28 09:10:17] - Adding type registration java.time.Instant -> org.hibernate.type.InstantType@21c747a
[2021-07-28 09:10:17] - Adding type registration LocalDateTime -> org.hibernate.type.LocalDateTimeType@68c9e023
[2021-07-28 09:10:17] - Adding type registration java.time.LocalDateTime -> org.hibernate.type.LocalDateTimeType@68c9e023
[2021-07-28 09:10:17] - Adding type registration LocalDate -> org.hibernate.type.LocalDateType@86d6bf7
[2021-07-28 09:10:17] - Adding type registration java.time.LocalDate -> org.hibernate.type.LocalDateType@86d6bf7
[2021-07-28 09:10:17] - Adding type registration LocalTime -> org.hibernate.type.LocalTimeType@64387c17
[2021-07-28 09:10:17] - Adding type registration java.time.LocalTime -> org.hibernate.type.LocalTimeType@64387c17
[2021-07-28 09:10:17] - Adding type registration OffsetDateTime -> org.hibernate.type.OffsetDateTimeType@2e62ead7
[2021-07-28 09:10:17] - Adding type registration java.time.OffsetDateTime -> org.hibernate.type.OffsetDateTimeType@2e62ead7
[2021-07-28 09:10:17] - Adding type registration OffsetTime -> org.hibernate.type.OffsetTimeType@24c8d8be
[2021-07-28 09:10:17] - Adding type registration java.time.OffsetTime -> org.hibernate.type.OffsetTimeType@24c8d8be
[2021-07-28 09:10:17] - Adding type registration ZonedDateTime -> org.hibernate.type.ZonedDateTimeType@2bbb44da
[2021-07-28 09:10:17] - Adding type registration java.time.ZonedDateTime -> org.hibernate.type.ZonedDateTimeType@2bbb44da
[2021-07-28 09:10:17] - Adding type registration date -> org.hibernate.type.DateType@557b6a37
[2021-07-28 09:10:17] - Adding type registration java.sql.Date -> org.hibernate.type.DateType@557b6a37
[2021-07-28 09:10:17] - Adding type registration time -> org.hibernate.type.TimeType@71370fec
[2021-07-28 09:10:17] - Adding type registration java.sql.Time -> org.hibernate.type.TimeType@71370fec
[2021-07-28 09:10:17] - Adding type registration timestamp -> org.hibernate.type.TimestampType@5dfe23e8
[2021-07-28 09:10:17] - Adding type registration java.sql.Timestamp -> org.hibernate.type.TimestampType@5dfe23e8
[2021-07-28 09:10:17] - Adding type registration java.util.Date -> org.hibernate.type.TimestampType@5dfe23e8
[2021-07-28 09:10:17] - Adding type registration dbtimestamp -> org.hibernate.type.DbTimestampType@35c4697c
[2021-07-28 09:10:17] - Adding type registration calendar -> org.hibernate.type.CalendarType@79d3473e
[2021-07-28 09:10:17] - Adding type registration java.util.Calendar -> org.hibernate.type.CalendarType@79d3473e
[2021-07-28 09:10:17] - Adding type registration java.util.GregorianCalendar -> org.hibernate.type.CalendarType@79d3473e
[2021-07-28 09:10:17] - Adding type registration calendar_date -> org.hibernate.type.CalendarDateType@50b0afd7
[2021-07-28 09:10:17] - Adding type registration calendar_time -> org.hibernate.type.CalendarTimeType@16132f21
[2021-07-28 09:10:17] - Adding type registration locale -> org.hibernate.type.LocaleType@4207852d
[2021-07-28 09:10:17] - Adding type registration java.util.Locale -> org.hibernate.type.LocaleType@4207852d
[2021-07-28 09:10:17] - Adding type registration currency -> org.hibernate.type.CurrencyType@214beff9
[2021-07-28 09:10:17] - Adding type registration java.util.Currency -> org.hibernate.type.CurrencyType@214beff9
[2021-07-28 09:10:17] - Adding type registration timezone -> org.hibernate.type.TimeZoneType@5fcd1c5f
[2021-07-28 09:10:17] - Adding type registration java.util.TimeZone -> org.hibernate.type.TimeZoneType@5fcd1c5f
[2021-07-28 09:10:17] - Adding type registration class -> org.hibernate.type.ClassType@e829999
[2021-07-28 09:10:17] - Adding type registration java.lang.Class -> org.hibernate.type.ClassType@e829999
[2021-07-28 09:10:17] - Adding type registration uuid-binary -> org.hibernate.type.UUIDBinaryType@49f3ff41
[2021-07-28 09:10:17] - Adding type registration java.util.UUID -> org.hibernate.type.UUIDBinaryType@49f3ff41
[2021-07-28 09:10:17] - Adding type registration uuid-char -> org.hibernate.type.UUIDCharType@136ccbfe
[2021-07-28 09:10:17] - Adding type registration binary -> org.hibernate.type.BinaryType@a7cf42f
[2021-07-28 09:10:17] - Adding type registration byte[] -> org.hibernate.type.BinaryType@a7cf42f
[2021-07-28 09:10:17] - Adding type registration [B -> org.hibernate.type.BinaryType@a7cf42f
[2021-07-28 09:10:17] - Adding type registration wrapper-binary -> org.hibernate.type.WrapperBinaryType@f25f48a
[2021-07-28 09:10:17] - Adding type registration Byte[] -> org.hibernate.type.WrapperBinaryType@f25f48a
[2021-07-28 09:10:17] - Adding type registration [Ljava.lang.Byte; -> org.hibernate.type.WrapperBinaryType@f25f48a
[2021-07-28 09:10:17] - Adding type registration row_version -> org.hibernate.type.RowVersionType@79eeff87
[2021-07-28 09:10:17] - Adding type registration image -> org.hibernate.type.ImageType@1378eea2
[2021-07-28 09:10:17] - Adding type registration characters -> org.hibernate.type.CharArrayType@4099209b
[2021-07-28 09:10:17] - Adding type registration char[] -> org.hibernate.type.CharArrayType@4099209b
[2021-07-28 09:10:17] - Adding type registration [C -> org.hibernate.type.CharArrayType@4099209b
[2021-07-28 09:10:17] - Adding type registration wrapper-characters -> org.hibernate.type.CharacterArrayType@1a464fa3
[2021-07-28 09:10:17] - Adding type registration [Ljava.lang.Character; -> org.hibernate.type.CharacterArrayType@1a464fa3
[2021-07-28 09:10:17] - Adding type registration Character[] -> org.hibernate.type.CharacterArrayType@1a464fa3
[2021-07-28 09:10:17] - Adding type registration text -> org.hibernate.type.TextType@259b85d6
[2021-07-28 09:10:17] - Adding type registration ntext -> org.hibernate.type.NTextType@7bc58891
[2021-07-28 09:10:17] - Adding type registration blob -> org.hibernate.type.BlobType@2abc8034
[2021-07-28 09:10:17] - Adding type registration java.sql.Blob -> org.hibernate.type.BlobType@2abc8034
[2021-07-28 09:10:17] - Adding type registration materialized_blob -> org.hibernate.type.MaterializedBlobType@c7f4457
[2021-07-28 09:10:17] - Adding type registration clob -> org.hibernate.type.ClobType@67eec8e1
[2021-07-28 09:10:17] - Adding type registration java.sql.Clob -> org.hibernate.type.ClobType@67eec8e1
[2021-07-28 09:10:17] - Adding type registration nclob -> org.hibernate.type.NClobType@a6e4897
[2021-07-28 09:10:17] - Adding type registration java.sql.NClob -> org.hibernate.type.NClobType@a6e4897
[2021-07-28 09:10:17] - Adding type registration materialized_clob -> org.hibernate.type.MaterializedClobType@63f6bed1
[2021-07-28 09:10:17] - Adding type registration materialized_nclob -> org.hibernate.type.MaterializedNClobType@7f287b98
[2021-07-28 09:10:17] - Adding type registration serializable -> org.hibernate.type.SerializableType@1b90fee4
[2021-07-28 09:10:17] - Adding type registration object -> org.hibernate.type.ObjectType@6fc0bbc6
[2021-07-28 09:10:17] - Adding type registration java.lang.Object -> org.hibernate.type.ObjectType@6fc0bbc6
[2021-07-28 09:10:17] - Adding type registration imm_date -> org.hibernate.type.AdaptedImmutableType@7ebe2e47
[2021-07-28 09:10:17] - Adding type registration imm_time -> org.hibernate.type.AdaptedImmutableType@609319c3
[2021-07-28 09:10:17] - Adding type registration imm_timestamp -> org.hibernate.type.AdaptedImmutableType@6bbab114
[2021-07-28 09:10:17] - Adding type registration imm_dbtimestamp -> org.hibernate.type.AdaptedImmutableType@2a7d9b41
[2021-07-28 09:10:17] - Adding type registration imm_calendar -> org.hibernate.type.AdaptedImmutableType@25be445f
[2021-07-28 09:10:17] - Adding type registration imm_calendar_date -> org.hibernate.type.AdaptedImmutableType@5d1b1c2a
[2021-07-28 09:10:17] - Adding type registration imm_binary -> org.hibernate.type.AdaptedImmutableType@6397248c
[2021-07-28 09:10:17] - Adding type registration imm_serializable -> org.hibernate.type.AdaptedImmutableType@25f61c2c
[2021-07-28 09:10:17] - Injecting JPA temp ClassLoader [org.springframework.instrument.classloading.SimpleThrowawayClassLoader@43ecfeb5] into BootstrapContext; was [null]
[2021-07-28 09:10:17] - ClassLoaderAccessImpl#injectTempClassLoader(org.springframework.instrument.classloading.SimpleThrowawayClassLoader@43ecfeb5) [was null]
[2021-07-28 09:10:17] - Injecting ScanEnvironment [org.hibernate.jpa.boot.internal.StandardJpaScanEnvironmentImpl@4da1f38a] into BootstrapContext; was [null]
[2021-07-28 09:10:17] - Injecting ScanOptions [org.hibernate.boot.archive.scan.internal.StandardScanOptions@3e377967] into BootstrapContext; was [org.hibernate.boot.archive.scan.internal.StandardScanOptions@4dadd690]
[2021-07-28 09:10:17] - Injecting JPA temp ClassLoader [null] into BootstrapContext; was [org.springframework.instrument.classloading.SimpleThrowawayClassLoader@43ecfeb5]
[2021-07-28 09:10:17] - ClassLoaderAccessImpl#injectTempClassLoader(null) [was org.springframework.instrument.classloading.SimpleThrowawayClassLoader@43ecfeb5]
[2021-07-28 09:10:17] - Registering IdentifierGenerator strategy [uuid2] -> [org.hibernate.id.UUIDGenerator]
[2021-07-28 09:10:17] - Registering IdentifierGenerator strategy [guid] -> [org.hibernate.id.GUIDGenerator]
[2021-07-28 09:10:17] - Registering IdentifierGenerator strategy [uuid] -> [org.hibernate.id.UUIDHexGenerator]
[2021-07-28 09:10:17] - Registering IdentifierGenerator strategy [uuid.hex] -> [org.hibernate.id.UUIDHexGenerator]
[2021-07-28 09:10:17] - Registering IdentifierGenerator strategy [assigned] -> [org.hibernate.id.Assigned]
[2021-07-28 09:10:17] - Registering IdentifierGenerator strategy [identity] -> [org.hibernate.id.IdentityGenerator]
[2021-07-28 09:10:17] - Registering IdentifierGenerator strategy [select] -> [org.hibernate.id.SelectGenerator]
[2021-07-28 09:10:17] - Registering IdentifierGenerator strategy [sequence] -> [org.hibernate.id.enhanced.SequenceStyleGenerator]
[2021-07-28 09:10:17] - Registering IdentifierGenerator strategy [seqhilo] -> [org.hibernate.id.SequenceHiLoGenerator]
[2021-07-28 09:10:17] - Registering IdentifierGenerator strategy [increment] -> [org.hibernate.id.IncrementGenerator]
[2021-07-28 09:10:17] - Registering IdentifierGenerator strategy [foreign] -> [org.hibernate.id.ForeignGenerator]
[2021-07-28 09:10:17] - Registering IdentifierGenerator strategy [sequence-identity] -> [org.hibernate.id.SequenceIdentityGenerator]
[2021-07-28 09:10:17] - Registering IdentifierGenerator strategy [enhanced-sequence] -> [org.hibernate.id.enhanced.SequenceStyleGenerator]
[2021-07-28 09:10:17] - Registering IdentifierGenerator strategy [enhanced-table] -> [org.hibernate.id.enhanced.TableGenerator]
[2021-07-28 09:10:17] - HikariPool-1 - configuration:
[2021-07-28 09:10:17] - allowPoolSuspension................................false
[2021-07-28 09:10:17] - autoCommit................................true
[2021-07-28 09:10:17] - catalog................................none
[2021-07-28 09:10:17] - connectionInitSql................................none
[2021-07-28 09:10:17] - connectionTestQuery................................none
[2021-07-28 09:10:17] - connectionTimeout................................30000
[2021-07-28 09:10:17] - dataSource................................none
[2021-07-28 09:10:17] - dataSourceClassName................................none
[2021-07-28 09:10:17] - dataSourceJNDI................................none
[2021-07-28 09:10:17] - dataSourceProperties................................{password=<masked>}
[2021-07-28 09:10:17] - driverClassName................................"com.mysql.jdbc.Driver"
[2021-07-28 09:10:17] - exceptionOverrideClassName................................none
[2021-07-28 09:10:17] - healthCheckProperties................................{}
[2021-07-28 09:10:17] - healthCheckRegistry................................none
[2021-07-28 09:10:17] - idleTimeout................................600000
[2021-07-28 09:10:17] - initializationFailTimeout................................1
[2021-07-28 09:10:17] - isolateInternalQueries................................false
[2021-07-28 09:10:17] - jdbcUrl................................jdbc:mysql://localhost:3306/institute_test
[2021-07-28 09:10:17] - keepaliveTime................................0
[2021-07-28 09:10:17] - leakDetectionThreshold................................0
[2021-07-28 09:10:17] - maxLifetime................................1800000
[2021-07-28 09:10:17] - maximumPoolSize................................10
[2021-07-28 09:10:17] - metricRegistry................................none
[2021-07-28 09:10:17] - metricsTrackerFactory................................none
[2021-07-28 09:10:17] - minimumIdle................................10
[2021-07-28 09:10:17] - password................................<masked>
[2021-07-28 09:10:17] - poolName................................"HikariPool-1"
[2021-07-28 09:10:17] - readOnly................................false
[2021-07-28 09:10:17] - registerMbeans................................false
[2021-07-28 09:10:17] - scheduledExecutor................................none
[2021-07-28 09:10:17] - schema................................none
[2021-07-28 09:10:17] - threadFactory................................internal
[2021-07-28 09:10:17] - transactionIsolation................................default
[2021-07-28 09:10:17] - username................................"root"
[2021-07-28 09:10:17] - validationTimeout................................5000
[2021-07-28 09:10:17] - HikariPool-1 - Starting...
[2021-07-28 09:10:17] - Registered driver with driverClassName=com.mysql.jdbc.Driver was not found, trying direct instantiation.
[2021-07-28 09:10:17] - Driver class com.mysql.jdbc.Driver found in Thread context class loader jdk.internal.loader.ClassLoaders$AppClassLoader@251a69d7
