[2021-07-22 09:32:28] - Returning cached instance of singleton bean 'org.springframework.transaction.config.internalTransactionAdvisor'
[2021-07-22 09:32:28] - Returning cached instance of singleton bean 'com.oembedler.moon.graphql.boot.GraphQLWebAutoConfiguration'
[2021-07-22 09:32:28] - Creating shared instance of singleton bean 'executionStrategyProvider'
[2021-07-22 09:32:28] - Creating instance of bean 'executionStrategyProvider'
[2021-07-22 09:32:28] - Returning cached instance of singleton bean 'org.springframework.transaction.config.internalTransactionAdvisor'
[2021-07-22 09:32:28] - Returning cached instance of singleton bean 'com.oembedler.moon.graphql.boot.GraphQLWebAutoConfiguration'
[2021-07-22 09:32:28] - Eagerly caching bean 'executionStrategyProvider' to allow for resolving potential circular references
[2021-07-22 09:32:28] - Returning cached instance of singleton bean 'org.springframework.transaction.config.internalTransactionAdvisor'
[2021-07-22 09:32:28] - Returning cached instance of singleton bean 'org.springframework.transaction.config.internalTransactionAdvisor'
[2021-07-22 09:32:28] - Finished creating instance of bean 'executionStrategyProvider'
[2021-07-22 09:32:28] - Autowiring by type from bean name 'queryInvoker' via factory method to bean named 'executionStrategyProvider'
[2021-07-22 09:32:28] - Eagerly caching bean 'queryInvoker' to allow for resolving potential circular references
[2021-07-22 09:32:28] - Returning cached instance of singleton bean 'org.springframework.transaction.config.internalTransactionAdvisor'
[2021-07-22 09:32:28] - Returning cached instance of singleton bean 'org.springframework.transaction.config.internalTransactionAdvisor'
[2021-07-22 09:32:28] - Finished creating instance of bean 'queryInvoker'
[2021-07-22 09:32:28] - Creating shared instance of singleton bean 'graphQLObjectMapper'
[2021-07-22 09:32:28] - Creating instance of bean 'graphQLObjectMapper'
[2021-07-22 09:32:28] - Returning cached instance of singleton bean 'org.springframework.transaction.config.internalTransactionAdvisor'
[2021-07-22 09:32:28] - Returning cached instance of singleton bean 'com.oembedler.moon.graphql.boot.GraphQLWebAutoConfiguration'
[2021-07-22 09:32:28] - Eagerly caching bean 'graphQLObjectMapper' to allow for resolving potential circular references
[2021-07-22 09:32:28] - Returning cached instance of singleton bean 'org.springframework.transaction.config.internalTransactionAdvisor'
[2021-07-22 09:32:28] - Returning cached instance of singleton bean 'org.springframework.transaction.config.internalTransactionAdvisor'
[2021-07-22 09:32:28] - Finished creating instance of bean 'graphQLObjectMapper'
[2021-07-22 09:32:28] - Autowiring by type from bean name 'graphQLHttpServlet' via factory method to bean named 'invocationInputFactory'
[2021-07-22 09:32:28] - Autowiring by type from bean name 'graphQLHttpServlet' via factory method to bean named 'queryInvoker'
[2021-07-22 09:32:28] - Autowiring by type from bean name 'graphQLHttpServlet' via factory method to bean named 'graphQLObjectMapper'
[2021-07-22 09:32:28] - Eagerly caching bean 'graphQLHttpServlet' to allow for resolving potential circular references
[2021-07-22 09:32:28] - Returning cached instance of singleton bean 'org.springframework.transaction.config.internalTransactionAdvisor'
[2021-07-22 09:32:28] - Returning cached instance of singleton bean 'org.springframework.transaction.config.internalTransactionAdvisor'
[2021-07-22 09:32:28] - Finished creating instance of bean 'graphQLHttpServlet'
[2021-07-22 09:32:28] - Autowiring by type from bean name 'graphQLServletRegistrationBean' via factory method to bean named 'graphQLHttpServlet'
[2021-07-22 09:32:28] - Eagerly caching bean 'graphQLServletRegistrationBean' to allow for resolving potential circular references
[2021-07-22 09:32:28] - Returning cached instance of singleton bean 'org.springframework.transaction.config.internalTransactionAdvisor'
[2021-07-22 09:32:28] - Returning cached instance of singleton bean 'org.springframework.transaction.config.internalTransactionAdvisor'
[2021-07-22 09:32:28] - Finished creating instance of bean 'graphQLServletRegistrationBean'
[2021-07-22 09:32:28] - Added existing Servlet initializer bean 'dispatcherServletRegistration'; order=2147483647, resource=class path resource [org/springframework/boot/autoconfigure/web/servlet/DispatcherServletAutoConfiguration$DispatcherServletRegistrationConfiguration.class]
[2021-07-22 09:32:28] - Added existing Servlet initializer bean 'graphQLServletRegistrationBean'; order=2147483647, resource=class path resource [com/oembedler/moon/graphql/boot/GraphQLWebAutoConfiguration.class]
[2021-07-22 09:32:28] - Returning cached instance of singleton bean 'multipartConfigElement'
[2021-07-22 09:32:28] - Returning cached instance of singleton bean 'dispatcherServlet'
[2021-07-22 09:32:28] - Returning cached instance of singleton bean 'graphQLHttpServlet'
[2021-07-22 09:32:28] - Creating shared instance of singleton bean 'requestContextFilter'
[2021-07-22 09:32:28] - Creating instance of bean 'requestContextFilter'
[2021-07-22 09:32:28] - Returning cached instance of singleton bean 'org.springframework.transaction.config.internalTransactionAdvisor'
[2021-07-22 09:32:28] - Eagerly caching bean 'requestContextFilter' to allow for resolving potential circular references
[2021-07-22 09:32:28] - Invoking afterPropertiesSet() on bean with name 'requestContextFilter'
[2021-07-22 09:32:28] - Returning cached instance of singleton bean 'org.springframework.transaction.config.internalTransactionAdvisor'
[2021-07-22 09:32:28] - Returning cached instance of singleton bean 'org.springframework.transaction.config.internalTransactionAdvisor'
[2021-07-22 09:32:28] - Finished creating instance of bean 'requestContextFilter'
[2021-07-22 09:32:28] - Creating shared instance of singleton bean 'formContentFilter'
[2021-07-22 09:32:28] - Creating instance of bean 'formContentFilter'
[2021-07-22 09:32:28] - Returning cached instance of singleton bean 'org.springframework.transaction.config.internalTransactionAdvisor'
[2021-07-22 09:32:28] - Creating shared instance of singleton bean 'org.springframework.boot.autoconfigure.web.servlet.WebMvcAutoConfiguration'
[2021-07-22 09:32:28] - Creating instance of bean 'org.springframework.boot.autoconfigure.web.servlet.WebMvcAutoConfiguration'
[2021-07-22 09:32:28] - Returning cached instance of singleton bean 'org.springframework.transaction.config.internalTransactionAdvisor'
[2021-07-22 09:32:28] - Eagerly caching bean 'org.springframework.boot.autoconfigure.web.servlet.WebMvcAutoConfiguration' to allow for resolving potential circular references
[2021-07-22 09:32:28] - Returning cached instance of singleton bean 'org.springframework.transaction.config.internalTransactionAdvisor'
[2021-07-22 09:32:28] - Returning cached instance of singleton bean 'org.springframework.transaction.config.internalTransactionAdvisor'
[2021-07-22 09:32:28] - Finished creating instance of bean 'org.springframework.boot.autoconfigure.web.servlet.WebMvcAutoConfiguration'
[2021-07-22 09:32:28] - Eagerly caching bean 'formContentFilter' to allow for resolving potential circular references
[2021-07-22 09:32:28] - Invoking afterPropertiesSet() on bean with name 'formContentFilter'
[2021-07-22 09:32:28] - Returning cached instance of singleton bean 'org.springframework.transaction.config.internalTransactionAdvisor'
[2021-07-22 09:32:28] - Returning cached instance of singleton bean 'org.springframework.transaction.config.internalTransactionAdvisor'
[2021-07-22 09:32:28] - Finished creating instance of bean 'formContentFilter'
[2021-07-22 09:32:28] - Creating shared instance of singleton bean 'corsConfigurer'
[2021-07-22 09:32:28] - Creating instance of bean 'corsConfigurer'
[2021-07-22 09:32:28] - Returning cached instance of singleton bean 'org.springframework.transaction.config.internalTransactionAdvisor'
[2021-07-22 09:32:28] - Returning cached instance of singleton bean 'com.oembedler.moon.graphql.boot.GraphQLWebAutoConfiguration'
[2021-07-22 09:32:28] - Eagerly caching bean 'corsConfigurer' to allow for resolving potential circular references
[2021-07-22 09:32:28] - Invoking afterPropertiesSet() on bean with name 'corsConfigurer'
[2021-07-22 09:32:28] - Returning cached instance of singleton bean 'org.springframework.transaction.config.internalTransactionAdvisor'
[2021-07-22 09:32:28] - Returning cached instance of singleton bean 'org.springframework.transaction.config.internalTransactionAdvisor'
[2021-07-22 09:32:28] - Finished creating instance of bean 'corsConfigurer'
[2021-07-22 09:32:28] - Creating shared instance of singleton bean 'characterEncodingFilter'
[2021-07-22 09:32:28] - Creating instance of bean 'characterEncodingFilter'
[2021-07-22 09:32:28] - Returning cached instance of singleton bean 'org.springframework.transaction.config.internalTransactionAdvisor'
[2021-07-22 09:32:28] - Returning cached instance of singleton bean 'org.springframework.boot.autoconfigure.web.servlet.HttpEncodingAutoConfiguration'
[2021-07-22 09:32:28] - Eagerly caching bean 'characterEncodingFilter' to allow for resolving potential circular references
[2021-07-22 09:32:28] - Invoking afterPropertiesSet() on bean with name 'characterEncodingFilter'
[2021-07-22 09:32:28] - Returning cached instance of singleton bean 'org.springframework.transaction.config.internalTransactionAdvisor'
[2021-07-22 09:32:28] - Returning cached instance of singleton bean 'org.springframework.transaction.config.internalTransactionAdvisor'
[2021-07-22 09:32:28] - Finished creating instance of bean 'characterEncodingFilter'
[2021-07-22 09:32:28] - Created Filter initializer for bean 'characterEncodingFilter'; order=-2147483648, resource=class path resource [org/springframework/boot/autoconfigure/web/servlet/HttpEncodingAutoConfiguration.class]
[2021-07-22 09:32:28] - Created Filter initializer for bean 'formContentFilter'; order=-9900, resource=class path resource [org/springframework/boot/autoconfigure/web/servlet/WebMvcAutoConfiguration.class]
[2021-07-22 09:32:28] - Created Filter initializer for bean 'requestContextFilter'; order=-105, resource=class path resource [org/springframework/boot/autoconfigure/web/servlet/WebMvcAutoConfiguration$WebMvcAutoConfigurationAdapter.class]
[2021-07-22 09:32:28] - Created Filter initializer for bean 'corsConfigurer'; order=2147483647, resource=class path resource [com/oembedler/moon/graphql/boot/GraphQLWebAutoConfiguration.class]
[2021-07-22 09:32:28] - Mapping filters: characterEncodingFilter urls=[/*] order=-2147483648, formContentFilter urls=[/*] order=-9900, requestContextFilter urls=[/*] order=-105, corsConfigurer urls=[/*] order=2147483647
[2021-07-22 09:32:28] - Mapping servlets: dispatcherServlet urls=[/], simpleGraphQLHttpServlet urls=[/graphql/*]
[2021-07-22 09:32:28] - Add child StandardWrapper[dispatcherServlet] StandardEngine[Tomcat].StandardHost[localhost].TomcatEmbeddedContext[]
[2021-07-22 09:32:28] - Setting state for [StandardEngine[Tomcat].StandardHost[localhost].TomcatEmbeddedContext[].StandardWrapper[dispatcherServlet]] to [INITIALIZING]
[2021-07-22 09:32:28] - Setting state for [StandardEngine[Tomcat].StandardHost[localhost].TomcatEmbeddedContext[].StandardWrapper[dispatcherServlet]] to [INITIALIZED]
[2021-07-22 09:32:28] - Setting state for [StandardEngine[Tomcat].StandardHost[localhost].TomcatEmbeddedContext[].StandardWrapper[dispatcherServlet]] to [STARTING_PREP]
[2021-07-22 09:32:28] - Setting state for [StandardPipeline[StandardEngine[Tomcat].StandardHost[localhost].TomcatEmbeddedContext[].StandardWrapper[dispatcherServlet]]] to [INITIALIZING]
[2021-07-22 09:32:28] - Setting state for [StandardPipeline[StandardEngine[Tomcat].StandardHost[localhost].TomcatEmbeddedContext[].StandardWrapper[dispatcherServlet]]] to [INITIALIZED]
[2021-07-22 09:32:28] - Setting state for [StandardPipeline[StandardEngine[Tomcat].StandardHost[localhost].TomcatEmbeddedContext[].StandardWrapper[dispatcherServlet]]] to [STARTING_PREP]
[2021-07-22 09:32:28] - Setting state for [StandardWrapperValve[StandardEngine[Tomcat].StandardHost[localhost].TomcatEmbeddedContext[].StandardWrapper[dispatcherServlet]]] to [INITIALIZING]
[2021-07-22 09:32:28] - Setting state for [StandardWrapperValve[StandardEngine[Tomcat].StandardHost[localhost].TomcatEmbeddedContext[].StandardWrapper[dispatcherServlet]]] to [INITIALIZED]
[2021-07-22 09:32:28] - Setting state for [StandardWrapperValve[StandardEngine[Tomcat].StandardHost[localhost].TomcatEmbeddedContext[].StandardWrapper[dispatcherServlet]]] to [STARTING_PREP]
[2021-07-22 09:32:28] - Setting state for [StandardWrapperValve[StandardEngine[Tomcat].StandardHost[localhost].TomcatEmbeddedContext[].StandardWrapper[dispatcherServlet]]] to [STARTING]
[2021-07-22 09:32:28] - Setting state for [StandardWrapperValve[StandardEngine[Tomcat].StandardHost[localhost].TomcatEmbeddedContext[].StandardWrapper[dispatcherServlet]]] to [STARTED]
[2021-07-22 09:32:28] - Setting state for [StandardPipeline[StandardEngine[Tomcat].StandardHost[localhost].TomcatEmbeddedContext[].StandardWrapper[dispatcherServlet]]] to [STARTING]
[2021-07-22 09:32:28] - Setting state for [StandardPipeline[StandardEngine[Tomcat].StandardHost[localhost].TomcatEmbeddedContext[].StandardWrapper[dispatcherServlet]]] to [STARTED]
[2021-07-22 09:32:28] - Setting state for [StandardEngine[Tomcat].StandardHost[localhost].TomcatEmbeddedContext[].StandardWrapper[dispatcherServlet]] to [STARTING]
[2021-07-22 09:32:28] - Setting state for [StandardEngine[Tomcat].StandardHost[localhost].TomcatEmbeddedContext[].StandardWrapper[dispatcherServlet]] to [STARTED]
[2021-07-22 09:32:28] - Add child StandardWrapper[simpleGraphQLHttpServlet] StandardEngine[Tomcat].StandardHost[localhost].TomcatEmbeddedContext[]
[2021-07-22 09:32:28] - Setting state for [StandardEngine[Tomcat].StandardHost[localhost].TomcatEmbeddedContext[].StandardWrapper[simpleGraphQLHttpServlet]] to [INITIALIZING]
[2021-07-22 09:32:28] - Setting state for [StandardEngine[Tomcat].StandardHost[localhost].TomcatEmbeddedContext[].StandardWrapper[simpleGraphQLHttpServlet]] to [INITIALIZED]
[2021-07-22 09:32:28] - Setting state for [StandardEngine[Tomcat].StandardHost[localhost].TomcatEmbeddedContext[].StandardWrapper[simpleGraphQLHttpServlet]] to [STARTING_PREP]
[2021-07-22 09:32:28] - Setting state for [StandardPipeline[StandardEngine[Tomcat].StandardHost[localhost].TomcatEmbeddedContext[].StandardWrapper[simpleGraphQLHttpServlet]]] to [INITIALIZING]
[2021-07-22 09:32:28] - Setting state for [StandardPipeline[StandardEngine[Tomcat].StandardHost[localhost].TomcatEmbeddedContext[].StandardWrapper[simpleGraphQLHttpServlet]]] to [INITIALIZED]
[2021-07-22 09:32:28] - Setting state for [StandardPipeline[StandardEngine[Tomcat].StandardHost[localhost].TomcatEmbeddedContext[].StandardWrapper[simpleGraphQLHttpServlet]]] to [STARTING_PREP]
[2021-07-22 09:32:28] - Setting state for [StandardWrapperValve[StandardEngine[Tomcat].StandardHost[localhost].TomcatEmbeddedContext[].StandardWrapper[simpleGraphQLHttpServlet]]] to [INITIALIZING]
[2021-07-22 09:32:28] - Setting state for [StandardWrapperValve[StandardEngine[Tomcat].StandardHost[localhost].TomcatEmbeddedContext[].StandardWrapper[simpleGraphQLHttpServlet]]] to [INITIALIZED]
[2021-07-22 09:32:28] - Setting state for [StandardWrapperValve[StandardEngine[Tomcat].StandardHost[localhost].TomcatEmbeddedContext[].StandardWrapper[simpleGraphQLHttpServlet]]] to [STARTING_PREP]
[2021-07-22 09:32:28] - Setting state for [StandardWrapperValve[StandardEngine[Tomcat].StandardHost[localhost].TomcatEmbeddedContext[].StandardWrapper[simpleGraphQLHttpServlet]]] to [STARTING]
[2021-07-22 09:32:28] - Setting state for [StandardWrapperValve[StandardEngine[Tomcat].StandardHost[localhost].TomcatEmbeddedContext[].StandardWrapper[simpleGraphQLHttpServlet]]] to [STARTED]
[2021-07-22 09:32:28] - Setting state for [StandardPipeline[StandardEngine[Tomcat].StandardHost[localhost].TomcatEmbeddedContext[].StandardWrapper[simpleGraphQLHttpServlet]]] to [STARTING]
[2021-07-22 09:32:28] - Setting state for [StandardPipeline[StandardEngine[Tomcat].StandardHost[localhost].TomcatEmbeddedContext[].StandardWrapper[simpleGraphQLHttpServlet]]] to [STARTED]
[2021-07-22 09:32:28] - Setting state for [StandardEngine[Tomcat].StandardHost[localhost].TomcatEmbeddedContext[].StandardWrapper[simpleGraphQLHttpServlet]] to [STARTING]
[2021-07-22 09:32:28] - Setting state for [StandardEngine[Tomcat].StandardHost[localhost].TomcatEmbeddedContext[].StandardWrapper[simpleGraphQLHttpServlet]] to [STARTED]
[2021-07-22 09:32:28] - Configuring application event listeners
[2021-07-22 09:32:28] - Sending application start events
[2021-07-22 09:32:28] - Setting state for [StandardManager[StandardEngine[Tomcat].StandardHost[localhost].TomcatEmbeddedContext[]]] to [INITIALIZING]
[2021-07-22 09:32:28] - Setting state for [StandardManager[StandardEngine[Tomcat].StandardHost[localhost].TomcatEmbeddedContext[]]] to [INITIALIZED]
[2021-07-22 09:32:28] - Setting state for [StandardManager[StandardEngine[Tomcat].StandardHost[localhost].TomcatEmbeddedContext[]]] to [STARTING_PREP]
[2021-07-22 09:32:28] - Setting state for [org.springframework.boot.web.embedded.tomcat.LazySessionIdGenerator@1642968c] to [INITIALIZING]
[2021-07-22 09:32:28] - Setting state for [org.springframework.boot.web.embedded.tomcat.LazySessionIdGenerator@1642968c] to [INITIALIZED]
[2021-07-22 09:32:28] - Setting state for [org.springframework.boot.web.embedded.tomcat.LazySessionIdGenerator@1642968c] to [STARTING_PREP]
[2021-07-22 09:32:28] - Setting state for [org.springframework.boot.web.embedded.tomcat.LazySessionIdGenerator@1642968c] to [STARTING]
[2021-07-22 09:32:28] - Setting state for [org.springframework.boot.web.embedded.tomcat.LazySessionIdGenerator@1642968c] to [STARTED]
[2021-07-22 09:32:28] - Start: Loading persisted sessions
[2021-07-22 09:32:28] - Loading persisted sessions from [SESSIONS.ser]
[2021-07-22 09:32:28] - No persisted data file found
[2021-07-22 09:32:28] - Setting state for [StandardManager[StandardEngine[Tomcat].StandardHost[localhost].TomcatEmbeddedContext[]]] to [STARTING]
[2021-07-22 09:32:28] - Setting state for [StandardManager[StandardEngine[Tomcat].StandardHost[localhost].TomcatEmbeddedContext[]]] to [STARTED]
[2021-07-22 09:32:28] - Starting filters
[2021-07-22 09:32:28] -  Starting filter 'requestContextFilter'
[2021-07-22 09:32:28] - Filter 'requestContextFilter' configured for use
[2021-07-22 09:32:28] -  Starting filter 'corsConfigurer'
[2021-07-22 09:32:28] - Filter 'corsConfigurer' configured for use
[2021-07-22 09:32:28] -  Starting filter 'Tomcat WebSocket (JSR356) Filter'
[2021-07-22 09:32:28] -  Starting filter 'characterEncodingFilter'
[2021-07-22 09:32:28] - Filter 'characterEncodingFilter' configured for use
[2021-07-22 09:32:28] -  Starting filter 'formContentFilter'
[2021-07-22 09:32:28] - Filter 'formContentFilter' configured for use
[2021-07-22 09:32:28] - Starting completed
[2021-07-22 09:32:28] - Setting state for [StandardEngine[Tomcat].StandardHost[localhost].TomcatEmbeddedContext[]] to [STARTING]
[2021-07-22 09:32:28] - Setting state for [StandardEngine[Tomcat].StandardHost[localhost].TomcatEmbeddedContext[]] to [STARTED]
[2021-07-22 09:32:28] - Setting state for [StandardPipeline[StandardEngine[Tomcat].StandardHost[localhost]]] to [INITIALIZING]
[2021-07-22 09:32:28] - Setting state for [StandardPipeline[StandardEngine[Tomcat].StandardHost[localhost]]] to [INITIALIZED]
[2021-07-22 09:32:28] - Setting state for [StandardPipeline[StandardEngine[Tomcat].StandardHost[localhost]]] to [STARTING_PREP]
[2021-07-22 09:32:28] - Setting state for [ErrorReportValve[StandardEngine[Tomcat].StandardHost[localhost]]] to [INITIALIZING]
[2021-07-22 09:32:28] - Setting state for [ErrorReportValve[StandardEngine[Tomcat].StandardHost[localhost]]] to [INITIALIZED]
[2021-07-22 09:32:28] - Setting state for [ErrorReportValve[StandardEngine[Tomcat].StandardHost[localhost]]] to [STARTING_PREP]
[2021-07-22 09:32:28] - Setting state for [ErrorReportValve[StandardEngine[Tomcat].StandardHost[localhost]]] to [STARTING]
[2021-07-22 09:32:28] - Setting state for [ErrorReportValve[StandardEngine[Tomcat].StandardHost[localhost]]] to [STARTED]
[2021-07-22 09:32:28] - Setting state for [StandardHostValve[StandardEngine[Tomcat].StandardHost[localhost]]] to [INITIALIZING]
[2021-07-22 09:32:28] - Setting state for [StandardHostValve[StandardEngine[Tomcat].StandardHost[localhost]]] to [INITIALIZED]
[2021-07-22 09:32:28] - Setting state for [StandardHostValve[StandardEngine[Tomcat].StandardHost[localhost]]] to [STARTING_PREP]
[2021-07-22 09:32:28] - Setting state for [StandardHostValve[StandardEngine[Tomcat].StandardHost[localhost]]] to [STARTING]
[2021-07-22 09:32:28] - Setting state for [StandardHostValve[StandardEngine[Tomcat].StandardHost[localhost]]] to [STARTED]
[2021-07-22 09:32:28] - Setting state for [StandardPipeline[StandardEngine[Tomcat].StandardHost[localhost]]] to [STARTING]
[2021-07-22 09:32:28] - Setting state for [StandardPipeline[StandardEngine[Tomcat].StandardHost[localhost]]] to [STARTED]
[2021-07-22 09:32:28] - Setting state for [StandardEngine[Tomcat].StandardHost[localhost]] to [STARTING]
[2021-07-22 09:32:28] - Setting state for [StandardEngine[Tomcat].StandardHost[localhost]] to [STARTED]
[2021-07-22 09:32:28] - Setting state for [StandardPipeline[StandardEngine[Tomcat]]] to [INITIALIZING]
[2021-07-22 09:32:28] - Setting state for [StandardPipeline[StandardEngine[Tomcat]]] to [INITIALIZED]
[2021-07-22 09:32:28] - Setting state for [StandardPipeline[StandardEngine[Tomcat]]] to [STARTING_PREP]
[2021-07-22 09:32:28] - Setting state for [StandardEngineValve[StandardEngine[Tomcat]]] to [INITIALIZING]
[2021-07-22 09:32:28] - Setting state for [StandardEngineValve[StandardEngine[Tomcat]]] to [INITIALIZED]
[2021-07-22 09:32:28] - Setting state for [StandardEngineValve[StandardEngine[Tomcat]]] to [STARTING_PREP]
[2021-07-22 09:32:28] - Setting state for [StandardEngineValve[StandardEngine[Tomcat]]] to [STARTING]
[2021-07-22 09:32:28] - Setting state for [StandardEngineValve[StandardEngine[Tomcat]]] to [STARTED]
[2021-07-22 09:32:28] - Setting state for [StandardPipeline[StandardEngine[Tomcat]]] to [STARTING]
[2021-07-22 09:32:28] - Setting state for [StandardPipeline[StandardEngine[Tomcat]]] to [STARTED]
[2021-07-22 09:32:28] - Setting state for [StandardEngine[Tomcat]] to [STARTING]
[2021-07-22 09:32:28] - Setting state for [StandardEngine[Tomcat]] to [STARTED]
[2021-07-22 09:32:28] - Setting state for [org.apache.catalina.mapper.MapperListener@56399b9e] to [STARTING_PREP]
[2021-07-22 09:32:28] - Setting state for [org.apache.catalina.mapper.MapperListener@56399b9e] to [STARTING]
[2021-07-22 09:32:28] - Registered host [localhost]
[2021-07-22 09:32:28] - Register Wrapper [dispatcherServlet] in Context [] for service [StandardService[Tomcat]]
[2021-07-22 09:32:28] - Register Wrapper [simpleGraphQLHttpServlet] in Context [] for service [StandardService[Tomcat]]
[2021-07-22 09:32:28] - Register Context [] for service [StandardService[Tomcat]]
[2021-07-22 09:32:28] - Register host [localhost] at domain [null] for service [StandardService[Tomcat]]
[2021-07-22 09:32:28] - Setting state for [org.apache.catalina.mapper.MapperListener@56399b9e] to [STARTED]
[2021-07-22 09:32:28] - Setting state for [StandardService[Tomcat]] to [STARTED]
[2021-07-22 09:32:28] - Setting state for [StandardServer[-1]] to [STARTED]
[2021-07-22 09:32:28] - Returning cached instance of singleton bean 'entityManagerFactory'
[2021-07-22 09:32:28] - Pre-instantiating singletons in org.springframework.beans.factory.support.DefaultListableBeanFactory@3e34ace1: defining beans [org.springframework.context.annotation.internalConfigurationAnnotationProcessor,org.springframework.context.annotation.internalAutowiredAnnotationProcessor,org.springframework.context.annotation.internalCommonAnnotationProcessor,org.springframework.context.annotation.internalPersistenceAnnotationProcessor,org.springframework.context.event.internalEventListenerProcessor,org.springframework.context.event.internalEventListenerFactory,springUniJpaApplication,org.springframework.boot.autoconfigure.internalCachingMetadataReaderFactory,courseController,userController,courseResolver,userResolver,courseServiceImpl,userServiceImpl,org.springframework.boot.autoconfigure.AutoConfigurationPackages,org.springframework.boot.autoconfigure.context.PropertyPlaceholderAutoConfiguration,propertySourcesPlaceholderConfigurer,org.springframework.boot.autoconfigure.websocket.servlet.WebSocketServletAutoConfiguration$TomcatWebSocketConfiguration,websocketServletWebServerCustomizer,org.springframework.boot.autoconfigure.websocket.servlet.WebSocketServletAutoConfiguration,org.springframework.boot.autoconfigure.web.servlet.ServletWebServerFactoryConfiguration$EmbeddedTomcat,tomcatServletWebServerFactory,org.springframework.boot.autoconfigure.web.servlet.ServletWebServerFactoryAutoConfiguration,servletWebServerFactoryCustomizer,tomcatServletWebServerFactoryCustomizer,org.springframework.boot.context.properties.ConfigurationPropertiesBindingPostProcessor,org.springframework.boot.context.internalConfigurationPropertiesBinderFactory,org.springframework.boot.context.internalConfigurationPropertiesBinder,org.springframework.boot.context.properties.BoundConfigurationProperties,org.springframework.boot.context.properties.EnableConfigurationPropertiesRegistrar.methodValidationExcludeFilter,server-org.springframework.boot.autoconfigure.web.ServerProperties,webServerFactoryCustomizerBeanPostProcessor,errorPageRegistrarBeanPostProcessor,org.springframework.boot.autoconfigure.web.servlet.DispatcherServletAutoConfiguration$DispatcherServletConfiguration,dispatcherServlet,spring.mvc-org.springframework.boot.autoconfigure.web.servlet.WebMvcProperties,org.springframework.boot.autoconfigure.web.servlet.DispatcherServletAutoConfiguration$DispatcherServletRegistrationConfiguration,dispatcherServletRegistration,org.springframework.boot.autoconfigure.web.servlet.DispatcherServletAutoConfiguration,org.springframework.boot.autoconfigure.task.TaskExecutionAutoConfiguration,taskExecutorBuilder,applicationTaskExecutor,spring.task.execution-org.springframework.boot.autoconfigure.task.TaskExecutionProperties,org.springframework.boot.autoconfigure.web.servlet.error.ErrorMvcAutoConfiguration$WhitelabelErrorViewConfiguration,error,beanNameViewResolver,org.springframework.boot.autoconfigure.web.servlet.error.ErrorMvcAutoConfiguration$DefaultErrorViewResolverConfiguration,conventionErrorViewResolver,spring.web-org.springframework.boot.autoconfigure.web.WebProperties,spring.resources-org.springframework.boot.autoconfigure.web.ResourceProperties,org.springframework.boot.autoconfigure.web.servlet.error.ErrorMvcAutoConfiguration,errorAttributes,basicErrorController,errorPageCustomizer,preserveErrorControllerTargetClassPostProcessor,org.springframework.boot.autoconfigure.web.servlet.WebMvcAutoConfiguration$EnableWebMvcConfiguration,requestMappingHandlerAdapter,requestMappingHandlerMapping,welcomePageHandlerMapping,localeResolver,themeResolver,flashMapManager,mvcConversionService,mvcValidator,mvcContentNegotiationManager,mvcPatternParser,mvcUrlPathHelper,mvcPathMatcher,viewControllerHandlerMapping,beanNameHandlerMapping,routerFunctionMapping,resourceHandlerMapping,mvcResourceUrlProvider,defaultServletHandlerMapping,handlerFunctionAdapter,mvcUriComponentsContributor,httpRequestHandlerAdapter,simpleControllerHandlerAdapter,handlerExceptionResolver,mvcViewResolver,mvcHandlerMappingIntrospector,viewNameTranslator,org.springframework.boot.autoconfigure.web.servlet.WebMvcAutoConfiguration$WebMvcAutoConfigurationAdapter,defaultViewResolver,viewResolver,requestContextFilter,org.springframework.boot.autoconfigure.web.servlet.WebMvcAutoConfiguration,formContentFilter,com.oembedler.moon.graphql.boot.GraphQLJavaToolsAutoConfiguration,schemaStringProvider,schemaParser,graphQLSchema,com.oembedler.moon.graphql.boot.GraphQLWebAutoConfiguration,corsConfigurer,graphQLSchemaProvider,executionStrategyProvider,invocationInputFactory,queryInvoker,graphQLObjectMapper,graphQLHttpServlet,graphQLServletRegistrationBean,graphQLWebsocketServlet,serverEndpointRegistration,serverEndpointExporter,graphql.servlet-com.oembedler.moon.graphql.boot.GraphQLServletProperties,org.springframework.boot.autoconfigure.jmx.JmxAutoConfiguration,mbeanExporter,objectNamingStrategy,mbeanServer,org.springframework.boot.autoconfigure.admin.SpringApplicationAdminJmxAutoConfiguration,springApplicationAdminRegistrar,org.springframework.boot.autoconfigure.aop.AopAutoConfiguration$AspectJAutoProxyingConfiguration$CglibAutoProxyConfiguration,org.springframework.aop.config.internalAutoProxyCreator,org.springframework.boot.autoconfigure.aop.AopAutoConfiguration$AspectJAutoProxyingConfiguration,org.springframework.boot.autoconfigure.aop.AopAutoConfiguration,org.springframework.boot.autoconfigure.availability.ApplicationAvailabilityAutoConfiguration,applicationAvailability,org.springframework.boot.autoconfigure.jackson.JacksonAutoConfiguration$Jackson2ObjectMapperBuilderCustomizerConfiguration,standardJacksonObjectMapperBuilderCustomizer,spring.jackson-org.springframework.boot.autoconfigure.jackson.JacksonProperties,org.springframework.boot.autoconfigure.jackson.JacksonAutoConfiguration$JacksonObjectMapperBuilderConfiguration,jacksonObjectMapperBuilder,org.springframework.boot.autoconfigure.jackson.JacksonAutoConfiguration$ParameterNamesModuleConfiguration,parameterNamesModule,org.springframework.boot.autoconfigure.jackson.JacksonAutoConfiguration$JacksonObjectMapperConfiguration,jacksonObjectMapper,org.springframework.boot.autoconfigure.jackson.JacksonAutoConfiguration,jsonComponentModule,org.springframework.boot.autoconfigure.transaction.jta.JtaAutoConfiguration,org.springframework.boot.autoconfigure.jdbc.DataSourceConfiguration$Hikari,dataSource,org.springframework.boot.autoconfigure.jdbc.DataSourceJmxConfiguration$Hikari,org.springframework.boot.autoconfigure.jdbc.DataSourceJmxConfiguration,org.springframework.boot.autoconfigure.jdbc.DataSourceAutoConfiguration$PooledDataSourceConfiguration,org.springframework.boot.autoconfigure.jdbc.metadata.DataSourcePoolMetadataProvidersConfiguration$HikariPoolDataSourceMetadataProviderConfiguration,hikariPoolDataSourceMetadataProvider,org.springframework.boot.autoconfigure.jdbc.metadata.DataSourcePoolMetadataProvidersConfiguration,org.springframework.boot.autoconfigure.jdbc.DataSourceAutoConfiguration,spring.datasource-org.springframework.boot.autoconfigure.jdbc.DataSourceProperties,org.springframework.boot.autoconfigure.orm.jpa.JpaBaseConfiguration$JpaWebConfiguration,openEntityManagerInViewInterceptor,openEntityManagerInViewInterceptorConfigurer,org.springframework.boot.autoconfigure.orm.jpa.HibernateJpaConfiguration,transactionManager,jpaVendorAdapter,entityManagerFactoryBuilder,entityManagerFactory,spring.jpa.hibernate-org.springframework.boot.autoconfigure.orm.jpa.HibernateProperties,spring.jpa-org.springframework.boot.autoconfigure.orm.jpa.JpaProperties,org.springframework.boot.autoconfigure.orm.jpa.HibernateJpaAutoConfiguration,org.springframework.boot.autoconfigure.context.ConfigurationPropertiesAutoConfiguration,org.springframework.boot.autoconfigure.context.LifecycleAutoConfiguration,lifecycleProcessor,spring.lifecycle-org.springframework.boot.autoconfigure.context.LifecycleProperties,org.springframework.boot.autoconfigure.dao.PersistenceExceptionTranslationAutoConfiguration,persistenceExceptionTranslationPostProcessor,org.springframework.boot.autoconfigure.data.jpa.JpaRepositoriesAutoConfiguration,emBeanDefinitionRegistrarPostProcessor,jpaMappingContext,jpaContext,org.springframework.data.jpa.util.JpaMetamodelCacheCleanup,org.springframework.data.jpa.repository.support.JpaEvaluationContextExtension,courseRepository,userRepository,org.springframework.boot.autoconfigure.http.HttpMessageConvertersAutoConfiguration$StringHttpMessageConverterConfiguration,stringHttpMessageConverter,org.springframework.boot.autoconfigure.http.JacksonHttpMessageConvertersConfiguration$MappingJackson2HttpMessageConverterConfiguration,mappingJackson2HttpMessageConverter,org.springframework.boot.autoconfigure.http.JacksonHttpMessageConvertersConfiguration,org.springframework.boot.autoconfigure.http.HttpMessageConvertersAutoConfiguration,messageConverters,org.springframework.data.web.config.ProjectingArgumentResolverRegistrar,projectingArgumentResolverBeanPostProcessor,org.springframework.data.web.config.SpringDataWebConfiguration,pageableResolver,sortResolver,org.springframework.data.web.config.SpringDataJacksonConfiguration,jacksonGeoModule,org.springframework.boot.autoconfigure.data.web.SpringDataWebAutoConfiguration,pageableCustomizer,sortCustomizer,spring.data.web-org.springframework.boot.autoconfigure.data.web.SpringDataWebProperties,org.springframework.boot.autoconfigure.info.ProjectInfoAutoConfiguration,spring.info-org.springframework.boot.autoconfigure.info.ProjectInfoProperties,org.springframework.boot.autoconfigure.jdbc.JdbcTemplateConfiguration,jdbcTemplate,org.springframework.boot.autoconfigure.jdbc.NamedParameterJdbcTemplateConfiguration,namedParameterJdbcTemplate,org.springframework.boot.autoconfigure.jdbc.JdbcTemplateAutoConfiguration,spring.jdbc-org.springframework.boot.autoconfigure.jdbc.JdbcProperties,org.springframework.boot.sql.init.dependency.DatabaseInitializationDependencyConfigurer$DependsOnDatabaseInitializationPostProcessor,org.springframework.boot.autoconfigure.sql.init.DataSourceInitializationConfiguration,dataSourceScriptDatabaseInitializer,org.springframework.boot.autoconfigure.sql.init.SqlInitializationAutoConfiguration,spring.sql.init-org.springframework.boot.autoconfigure.sql.init.SqlInitializationProperties,org.springframework.boot.autoconfigure.task.TaskSchedulingAutoConfiguration,scheduledBeanLazyInitializationExcludeFilter,taskSchedulerBuilder,spring.task.scheduling-org.springframework.boot.autoconfigure.task.TaskSchedulingProperties,org.springframework.boot.autoconfigure.jdbc.DataSourceTransactionManagerAutoConfiguration$JdbcTransactionManagerConfiguration,org.springframework.boot.autoconfigure.jdbc.DataSourceTransactionManagerAutoConfiguration,org.springframework.transaction.annotation.ProxyTransactionManagementConfiguration,org.springframework.transaction.config.internalTransactionAdvisor,transactionAttributeSource,transactionInterceptor,org.springframework.transaction.config.internalTransactionalEventListenerFactory,org.springframework.boot.autoconfigure.transaction.TransactionAutoConfiguration$EnableTransactionManagementConfiguration$CglibAutoProxyConfiguration,org.springframework.boot.autoconfigure.transaction.TransactionAutoConfiguration$EnableTransactionManagementConfiguration,org.springframework.boot.autoconfigure.transaction.TransactionAutoConfiguration$TransactionTemplateConfiguration,transactionTemplate,org.springframework.boot.autoconfigure.transaction.TransactionAutoConfiguration,platformTransactionManagerCustomizers,spring.transaction-org.springframework.boot.autoconfigure.transaction.TransactionProperties,org.springframework.boot.autoconfigure.web.client.RestTemplateAutoConfiguration,restTemplateBuilderConfigurer,restTemplateBuilder,org.springframework.boot.autoconfigure.web.embedded.EmbeddedWebServerFactoryCustomizerAutoConfiguration$TomcatWebServerFactoryCustomizerConfiguration,tomcatWebServerFactoryCustomizer,org.springframework.boot.autoconfigure.web.embedded.EmbeddedWebServerFactoryCustomizerAutoConfiguration,org.springframework.boot.autoconfigure.web.servlet.HttpEncodingAutoConfiguration,characterEncodingFilter,localeCharsetMappingsCustomizer,org.springframework.boot.autoconfigure.web.servlet.MultipartAutoConfiguration,multipartConfigElement,multipartResolver,spring.servlet.multipart-org.springframework.boot.autoconfigure.web.servlet.MultipartProperties,org.springframework.boot.autoconfigure.websocket.servlet.WebSocketMessagingAutoConfiguration,org.springframework.orm.jpa.SharedEntityManagerCreator#0]; root of factory hierarchy
[2021-07-22 09:32:28] - Returning cached instance of singleton bean 'org.springframework.context.annotation.internalConfigurationAnnotationProcessor'
[2021-07-22 09:32:28] - Returning cached instance of singleton bean 'org.springframework.context.annotation.internalAutowiredAnnotationProcessor'
[2021-07-22 09:32:28] - Returning cached instance of singleton bean 'org.springframework.context.annotation.internalCommonAnnotationProcessor'
[2021-07-22 09:32:28] - Returning cached instance of singleton bean 'org.springframework.context.annotation.internalPersistenceAnnotationProcessor'
[2021-07-22 09:32:28] - Returning cached instance of singleton bean 'org.springframework.context.event.internalEventListenerProcessor'
[2021-07-22 09:32:28] - Returning cached instance of singleton bean 'org.springframework.context.event.internalEventListenerFactory'
[2021-07-22 09:32:28] - Creating shared instance of singleton bean 'springUniJpaApplication'
[2021-07-22 09:32:28] - Creating instance of bean 'springUniJpaApplication'
[2021-07-22 09:32:28] - Returning cached instance of singleton bean 'org.springframework.transaction.config.internalTransactionAdvisor'
[2021-07-22 09:32:28] - Eagerly caching bean 'springUniJpaApplication' to allow for resolving potential circular references
[2021-07-22 09:32:28] - Returning cached instance of singleton bean 'org.springframework.transaction.config.internalTransactionAdvisor'
[2021-07-22 09:32:28] - Returning cached instance of singleton bean 'org.springframework.transaction.config.internalTransactionAdvisor'
[2021-07-22 09:32:28] - Finished creating instance of bean 'springUniJpaApplication'
[2021-07-22 09:32:28] - Returning cached instance of singleton bean 'org.springframework.boot.autoconfigure.internalCachingMetadataReaderFactory'
[2021-07-22 09:32:28] - Creating shared instance of singleton bean 'courseController'
[2021-07-22 09:32:28] - Creating instance of bean 'courseController'
[2021-07-22 09:32:28] - Returning cached instance of singleton bean 'org.springframework.transaction.config.internalTransactionAdvisor'
[2021-07-22 09:32:29] - Eagerly caching bean 'courseController' to allow for resolving potential circular references
[2021-07-22 09:32:29] - Creating shared instance of singleton bean 'courseServiceImpl'
[2021-07-22 09:32:29] - Creating instance of bean 'courseServiceImpl'
[2021-07-22 09:32:29] - Returning cached instance of singleton bean 'org.springframework.transaction.config.internalTransactionAdvisor'
[2021-07-22 09:32:29] - Eagerly caching bean 'courseServiceImpl' to allow for resolving potential circular references
[2021-07-22 09:32:29] - Returning cached instance of singleton bean 'courseRepository'
[2021-07-22 09:32:29] - Autowiring by type from bean name 'courseServiceImpl' to bean named 'courseRepository'
[2021-07-22 09:32:29] - Returning cached instance of singleton bean 'org.springframework.transaction.config.internalTransactionAdvisor'
[2021-07-22 09:32:29] - Returning cached instance of singleton bean 'org.springframework.transaction.config.internalTransactionAdvisor'
[2021-07-22 09:32:29] - Finished creating instance of bean 'courseServiceImpl'
[2021-07-22 09:32:29] - Autowiring by type from bean name 'courseController' to bean named 'courseServiceImpl'
[2021-07-22 09:32:29] - Returning cached instance of singleton bean 'org.springframework.transaction.config.internalTransactionAdvisor'
[2021-07-22 09:32:29] - Returning cached instance of singleton bean 'org.springframework.transaction.config.internalTransactionAdvisor'
[2021-07-22 09:32:29] - Finished creating instance of bean 'courseController'
[2021-07-22 09:32:29] - Creating shared instance of singleton bean 'userController'
[2021-07-22 09:32:29] - Creating instance of bean 'userController'
[2021-07-22 09:32:29] - Returning cached instance of singleton bean 'org.springframework.transaction.config.internalTransactionAdvisor'
[2021-07-22 09:32:29] - Eagerly caching bean 'userController' to allow for resolving potential circular references
[2021-07-22 09:32:29] - Creating shared instance of singleton bean 'userServiceImpl'
[2021-07-22 09:32:29] - Creating instance of bean 'userServiceImpl'
[2021-07-22 09:32:29] - Returning cached instance of singleton bean 'org.springframework.transaction.config.internalTransactionAdvisor'
[2021-07-22 09:32:29] - Eagerly caching bean 'userServiceImpl' to allow for resolving potential circular references
[2021-07-22 09:32:29] - Returning cached instance of singleton bean 'userRepository'
[2021-07-22 09:32:29] - Autowiring by type from bean name 'userServiceImpl' to bean named 'userRepository'
[2021-07-22 09:32:29] - Returning cached instance of singleton bean 'org.springframework.transaction.config.internalTransactionAdvisor'
[2021-07-22 09:32:29] - Returning cached instance of singleton bean 'org.springframework.transaction.config.internalTransactionAdvisor'
[2021-07-22 09:32:29] - Finished creating instance of bean 'userServiceImpl'
[2021-07-22 09:32:29] - Autowiring by type from bean name 'userController' to bean named 'userServiceImpl'
[2021-07-22 09:32:29] - Returning cached instance of singleton bean 'org.springframework.transaction.config.internalTransactionAdvisor'
[2021-07-22 09:32:29] - Returning cached instance of singleton bean 'org.springframework.transaction.config.internalTransactionAdvisor'
[2021-07-22 09:32:29] - Finished creating instance of bean 'userController'
[2021-07-22 09:32:29] - Returning cached instance of singleton bean 'courseResolver'
[2021-07-22 09:32:29] - Returning cached instance of singleton bean 'userResolver'
[2021-07-22 09:32:29] - Returning cached instance of singleton bean 'courseServiceImpl'
[2021-07-22 09:32:29] - Returning cached instance of singleton bean 'userServiceImpl'
[2021-07-22 09:32:29] - Returning cached instance of singleton bean 'org.springframework.boot.autoconfigure.AutoConfigurationPackages'
[2021-07-22 09:32:29] - Creating shared instance of singleton bean 'org.springframework.boot.autoconfigure.context.PropertyPlaceholderAutoConfiguration'
[2021-07-22 09:32:29] - Creating instance of bean 'org.springframework.boot.autoconfigure.context.PropertyPlaceholderAutoConfiguration'
[2021-07-22 09:32:29] - Returning cached instance of singleton bean 'org.springframework.transaction.config.internalTransactionAdvisor'
[2021-07-22 09:32:29] - Eagerly caching bean 'org.springframework.boot.autoconfigure.context.PropertyPlaceholderAutoConfiguration' to allow for resolving potential circular references
[2021-07-22 09:32:29] - Returning cached instance of singleton bean 'org.springframework.transaction.config.internalTransactionAdvisor'
[2021-07-22 09:32:29] - Returning cached instance of singleton bean 'org.springframework.transaction.config.internalTransactionAdvisor'
[2021-07-22 09:32:29] - Finished creating instance of bean 'org.springframework.boot.autoconfigure.context.PropertyPlaceholderAutoConfiguration'
[2021-07-22 09:32:29] - Returning cached instance of singleton bean 'propertySourcesPlaceholderConfigurer'
[2021-07-22 09:32:29] - Returning cached instance of singleton bean 'org.springframework.boot.autoconfigure.websocket.servlet.WebSocketServletAutoConfiguration$TomcatWebSocketConfiguration'
[2021-07-22 09:32:29] - Returning cached instance of singleton bean 'websocketServletWebServerCustomizer'
[2021-07-22 09:32:29] - Creating shared instance of singleton bean 'org.springframework.boot.autoconfigure.websocket.servlet.WebSocketServletAutoConfiguration'
[2021-07-22 09:32:29] - Creating instance of bean 'org.springframework.boot.autoconfigure.websocket.servlet.WebSocketServletAutoConfiguration'
[2021-07-22 09:32:29] - Returning cached instance of singleton bean 'org.springframework.transaction.config.internalTransactionAdvisor'
[2021-07-22 09:32:29] - Eagerly caching bean 'org.springframework.boot.autoconfigure.websocket.servlet.WebSocketServletAutoConfiguration' to allow for resolving potential circular references
[2021-07-22 09:32:29] - Returning cached instance of singleton bean 'org.springframework.transaction.config.internalTransactionAdvisor'
