[2021-07-28 09:12:26] - Adding type registration short -> org.hibernate.type.ShortType@626c19cf
[2021-07-28 09:12:26] - Adding type registration short -> org.hibernate.type.ShortType@626c19cf
[2021-07-28 09:12:26] - Adding type registration java.lang.Short -> org.hibernate.type.ShortType@626c19cf
[2021-07-28 09:12:26] - Adding type registration integer -> org.hibernate.type.IntegerType@7161457
[2021-07-28 09:12:26] - Adding type registration int -> org.hibernate.type.IntegerType@7161457
[2021-07-28 09:12:26] - Adding type registration java.lang.Integer -> org.hibernate.type.IntegerType@7161457
[2021-07-28 09:12:26] - Adding type registration long -> org.hibernate.type.LongType@20999517
[2021-07-28 09:12:26] - Adding type registration long -> org.hibernate.type.LongType@20999517
[2021-07-28 09:12:26] - Adding type registration java.lang.Long -> org.hibernate.type.LongType@20999517
[2021-07-28 09:12:26] - Adding type registration float -> org.hibernate.type.FloatType@40bb4f87
[2021-07-28 09:12:26] - Adding type registration float -> org.hibernate.type.FloatType@40bb4f87
[2021-07-28 09:12:26] - Adding type registration java.lang.Float -> org.hibernate.type.FloatType@40bb4f87
[2021-07-28 09:12:26] - Adding type registration double -> org.hibernate.type.DoubleType@54b2fc58
[2021-07-28 09:12:26] - Adding type registration double -> org.hibernate.type.DoubleType@54b2fc58
[2021-07-28 09:12:26] - Adding type registration java.lang.Double -> org.hibernate.type.DoubleType@54b2fc58
[2021-07-28 09:12:26] - Adding type registration big_decimal -> org.hibernate.type.BigDecimalType@4b1ec694
[2021-07-28 09:12:26] - Adding type registration java.math.BigDecimal -> org.hibernate.type.BigDecimalType@4b1ec694
[2021-07-28 09:12:26] - Adding type registration big_integer -> org.hibernate.type.BigIntegerType@5dc769f9
[2021-07-28 09:12:26] - Adding type registration java.math.BigInteger -> org.hibernate.type.BigIntegerType@5dc769f9
[2021-07-28 09:12:26] - Adding type registration string -> org.hibernate.type.StringType@2e1b374c
[2021-07-28 09:12:26] - Adding type registration java.lang.String -> org.hibernate.type.StringType@2e1b374c
[2021-07-28 09:12:26] - Adding type registration nstring -> org.hibernate.type.StringNVarcharType@1526f71
[2021-07-28 09:12:26] - Adding type registration ncharacter -> org.hibernate.type.CharacterNCharType@49fb0bbd
[2021-07-28 09:12:26] - Adding type registration url -> org.hibernate.type.UrlType@77d4ac52
[2021-07-28 09:12:26] - Adding type registration java.net.URL -> org.hibernate.type.UrlType@77d4ac52
[2021-07-28 09:12:26] - Adding type registration Duration -> org.hibernate.type.DurationType@1624775
[2021-07-28 09:12:26] - Adding type registration java.time.Duration -> org.hibernate.type.DurationType@1624775
[2021-07-28 09:12:26] - Adding type registration Instant -> org.hibernate.type.InstantType@2fbe26da
[2021-07-28 09:12:26] - Adding type registration java.time.Instant -> org.hibernate.type.InstantType@2fbe26da
[2021-07-28 09:12:26] - Adding type registration LocalDateTime -> org.hibernate.type.LocalDateTimeType@7c369270
[2021-07-28 09:12:26] - Adding type registration java.time.LocalDateTime -> org.hibernate.type.LocalDateTimeType@7c369270
[2021-07-28 09:12:26] - Adding type registration LocalDate -> org.hibernate.type.LocalDateType@3b98b809
[2021-07-28 09:12:26] - Adding type registration java.time.LocalDate -> org.hibernate.type.LocalDateType@3b98b809
[2021-07-28 09:12:26] - Adding type registration LocalTime -> org.hibernate.type.LocalTimeType@3290b1a6
[2021-07-28 09:12:26] - Adding type registration java.time.LocalTime -> org.hibernate.type.LocalTimeType@3290b1a6
[2021-07-28 09:12:26] - Adding type registration OffsetDateTime -> org.hibernate.type.OffsetDateTimeType@2f80cb79
[2021-07-28 09:12:26] - Adding type registration java.time.OffsetDateTime -> org.hibernate.type.OffsetDateTimeType@2f80cb79
[2021-07-28 09:12:26] - Adding type registration OffsetTime -> org.hibernate.type.OffsetTimeType@34be065a
[2021-07-28 09:12:26] - Adding type registration java.time.OffsetTime -> org.hibernate.type.OffsetTimeType@34be065a
[2021-07-28 09:12:26] - Adding type registration ZonedDateTime -> org.hibernate.type.ZonedDateTimeType@53d2d002
[2021-07-28 09:12:26] - Adding type registration java.time.ZonedDateTime -> org.hibernate.type.ZonedDateTimeType@53d2d002
[2021-07-28 09:12:26] - Adding type registration date -> org.hibernate.type.DateType@41ef1ea2
[2021-07-28 09:12:26] - Adding type registration java.sql.Date -> org.hibernate.type.DateType@41ef1ea2
[2021-07-28 09:12:26] - Adding type registration time -> org.hibernate.type.TimeType@314a31b0
[2021-07-28 09:12:26] - Adding type registration java.sql.Time -> org.hibernate.type.TimeType@314a31b0
[2021-07-28 09:12:26] - Adding type registration timestamp -> org.hibernate.type.TimestampType@164642a4
[2021-07-28 09:12:26] - Adding type registration java.sql.Timestamp -> org.hibernate.type.TimestampType@164642a4
[2021-07-28 09:12:26] - Adding type registration java.util.Date -> org.hibernate.type.TimestampType@164642a4
[2021-07-28 09:12:26] - Adding type registration dbtimestamp -> org.hibernate.type.DbTimestampType@62765aec
[2021-07-28 09:12:26] - Adding type registration calendar -> org.hibernate.type.CalendarType@70d77826
[2021-07-28 09:12:26] - Adding type registration java.util.Calendar -> org.hibernate.type.CalendarType@70d77826
[2021-07-28 09:12:26] - Adding type registration java.util.GregorianCalendar -> org.hibernate.type.CalendarType@70d77826
[2021-07-28 09:12:26] - Adding type registration calendar_date -> org.hibernate.type.CalendarDateType@2c829dbc
[2021-07-28 09:12:26] - Adding type registration calendar_time -> org.hibernate.type.CalendarTimeType@1ff15a50
[2021-07-28 09:12:26] - Adding type registration locale -> org.hibernate.type.LocaleType@3cc30dee
[2021-07-28 09:12:26] - Adding type registration java.util.Locale -> org.hibernate.type.LocaleType@3cc30dee
[2021-07-28 09:12:26] - Adding type registration currency -> org.hibernate.type.CurrencyType@66fb45e5
[2021-07-28 09:12:26] - Adding type registration java.util.Currency -> org.hibernate.type.CurrencyType@66fb45e5
[2021-07-28 09:12:26] - Adding type registration timezone -> org.hibernate.type.TimeZoneType@6cfbbff7
[2021-07-28 09:12:26] - Adding type registration java.util.TimeZone -> org.hibernate.type.TimeZoneType@6cfbbff7
[2021-07-28 09:12:26] - Adding type registration class -> org.hibernate.type.ClassType@61874b9d
[2021-07-28 09:12:26] - Adding type registration java.lang.Class -> org.hibernate.type.ClassType@61874b9d
[2021-07-28 09:12:26] - Adding type registration uuid-binary -> org.hibernate.type.UUIDBinaryType@1d98daa0
[2021-07-28 09:12:26] - Adding type registration java.util.UUID -> org.hibernate.type.UUIDBinaryType@1d98daa0
[2021-07-28 09:12:26] - Adding type registration uuid-char -> org.hibernate.type.UUIDCharType@f25f48a
[2021-07-28 09:12:26] - Adding type registration binary -> org.hibernate.type.BinaryType@6b4fc2d1
[2021-07-28 09:12:26] - Adding type registration byte[] -> org.hibernate.type.BinaryType@6b4fc2d1
[2021-07-28 09:12:26] - Adding type registration [B -> org.hibernate.type.BinaryType@6b4fc2d1
[2021-07-28 09:12:26] - Adding type registration wrapper-binary -> org.hibernate.type.WrapperBinaryType@e91b4f4
[2021-07-28 09:12:26] - Adding type registration Byte[] -> org.hibernate.type.WrapperBinaryType@e91b4f4
[2021-07-28 09:12:26] - Adding type registration [Ljava.lang.Byte; -> org.hibernate.type.WrapperBinaryType@e91b4f4
[2021-07-28 09:12:26] - Adding type registration row_version -> org.hibernate.type.RowVersionType@3e3cd6fe
[2021-07-28 09:12:26] - Adding type registration image -> org.hibernate.type.ImageType@4215e133
[2021-07-28 09:12:26] - Adding type registration characters -> org.hibernate.type.CharArrayType@7bc58891
[2021-07-28 09:12:26] - Adding type registration char[] -> org.hibernate.type.CharArrayType@7bc58891
[2021-07-28 09:12:26] - Adding type registration [C -> org.hibernate.type.CharArrayType@7bc58891
[2021-07-28 09:12:26] - Adding type registration wrapper-characters -> org.hibernate.type.CharacterArrayType@7ea2412c
[2021-07-28 09:12:26] - Adding type registration [Ljava.lang.Character; -> org.hibernate.type.CharacterArrayType@7ea2412c
[2021-07-28 09:12:26] - Adding type registration Character[] -> org.hibernate.type.CharacterArrayType@7ea2412c
[2021-07-28 09:12:26] - Adding type registration text -> org.hibernate.type.TextType@467b0f6e
[2021-07-28 09:12:26] - Adding type registration ntext -> org.hibernate.type.NTextType@12e12ac9
[2021-07-28 09:12:26] - Adding type registration blob -> org.hibernate.type.BlobType@4214ae8f
[2021-07-28 09:12:26] - Adding type registration java.sql.Blob -> org.hibernate.type.BlobType@4214ae8f
[2021-07-28 09:12:26] - Adding type registration materialized_blob -> org.hibernate.type.MaterializedBlobType@546394ed
[2021-07-28 09:12:26] - Adding type registration clob -> org.hibernate.type.ClobType@7ef8eda7
[2021-07-28 09:12:26] - Adding type registration java.sql.Clob -> org.hibernate.type.ClobType@7ef8eda7
[2021-07-28 09:12:26] - Adding type registration nclob -> org.hibernate.type.NClobType@566f1852
[2021-07-28 09:12:26] - Adding type registration java.sql.NClob -> org.hibernate.type.NClobType@566f1852
[2021-07-28 09:12:26] - Adding type registration materialized_clob -> org.hibernate.type.MaterializedClobType@3513c84c
[2021-07-28 09:12:26] - Adding type registration materialized_nclob -> org.hibernate.type.MaterializedNClobType@4cc7d00d
[2021-07-28 09:12:26] - Adding type registration serializable -> org.hibernate.type.SerializableType@716185fe
[2021-07-28 09:12:26] - Adding type registration object -> org.hibernate.type.ObjectType@38291795
[2021-07-28 09:12:26] - Adding type registration java.lang.Object -> org.hibernate.type.ObjectType@38291795
[2021-07-28 09:12:26] - Adding type registration imm_date -> org.hibernate.type.AdaptedImmutableType@461c3709
[2021-07-28 09:12:26] - Adding type registration imm_time -> org.hibernate.type.AdaptedImmutableType@7e3d7dd
[2021-07-28 09:12:26] - Adding type registration imm_timestamp -> org.hibernate.type.AdaptedImmutableType@3f63a513
[2021-07-28 09:12:26] - Adding type registration imm_dbtimestamp -> org.hibernate.type.AdaptedImmutableType@413bef78
[2021-07-28 09:12:26] - Adding type registration imm_calendar -> org.hibernate.type.AdaptedImmutableType@66383c29
[2021-07-28 09:12:26] - Adding type registration imm_calendar_date -> org.hibernate.type.AdaptedImmutableType@7f7c420c
[2021-07-28 09:12:26] - Adding type registration imm_binary -> org.hibernate.type.AdaptedImmutableType@5d152bcd
[2021-07-28 09:12:26] - Adding type registration imm_serializable -> org.hibernate.type.AdaptedImmutableType@43cb5f38
[2021-07-28 09:12:26] - Injecting JPA temp ClassLoader [org.springframework.instrument.classloading.SimpleThrowawayClassLoader@5b000fe6] into BootstrapContext; was [null]
[2021-07-28 09:12:26] - ClassLoaderAccessImpl#injectTempClassLoader(org.springframework.instrument.classloading.SimpleThrowawayClassLoader@5b000fe6) [was null]
[2021-07-28 09:12:26] - Injecting ScanEnvironment [org.hibernate.jpa.boot.internal.StandardJpaScanEnvironmentImpl@68ddd415] into BootstrapContext; was [null]
[2021-07-28 09:12:26] - Injecting ScanOptions [org.hibernate.boot.archive.scan.internal.StandardScanOptions@306c7bf6] into BootstrapContext; was [org.hibernate.boot.archive.scan.internal.StandardScanOptions@664632e9]
[2021-07-28 09:12:26] - Injecting JPA temp ClassLoader [null] into BootstrapContext; was [org.springframework.instrument.classloading.SimpleThrowawayClassLoader@5b000fe6]
[2021-07-28 09:12:26] - ClassLoaderAccessImpl#injectTempClassLoader(null) [was org.springframework.instrument.classloading.SimpleThrowawayClassLoader@5b000fe6]
[2021-07-28 09:12:26] - Registering IdentifierGenerator strategy [uuid2] -> [org.hibernate.id.UUIDGenerator]
[2021-07-28 09:12:26] - Registering IdentifierGenerator strategy [guid] -> [org.hibernate.id.GUIDGenerator]
[2021-07-28 09:12:26] - Registering IdentifierGenerator strategy [uuid] -> [org.hibernate.id.UUIDHexGenerator]
[2021-07-28 09:12:26] - Registering IdentifierGenerator strategy [uuid.hex] -> [org.hibernate.id.UUIDHexGenerator]
[2021-07-28 09:12:26] - Registering IdentifierGenerator strategy [assigned] -> [org.hibernate.id.Assigned]
[2021-07-28 09:12:26] - Registering IdentifierGenerator strategy [identity] -> [org.hibernate.id.IdentityGenerator]
[2021-07-28 09:12:26] - Registering IdentifierGenerator strategy [select] -> [org.hibernate.id.SelectGenerator]
[2021-07-28 09:12:26] - Registering IdentifierGenerator strategy [sequence] -> [org.hibernate.id.enhanced.SequenceStyleGenerator]
[2021-07-28 09:12:26] - Registering IdentifierGenerator strategy [seqhilo] -> [org.hibernate.id.SequenceHiLoGenerator]
[2021-07-28 09:12:26] - Registering IdentifierGenerator strategy [increment] -> [org.hibernate.id.IncrementGenerator]
[2021-07-28 09:12:26] - Registering IdentifierGenerator strategy [foreign] -> [org.hibernate.id.ForeignGenerator]
[2021-07-28 09:12:26] - Registering IdentifierGenerator strategy [sequence-identity] -> [org.hibernate.id.SequenceIdentityGenerator]
[2021-07-28 09:12:26] - Registering IdentifierGenerator strategy [enhanced-sequence] -> [org.hibernate.id.enhanced.SequenceStyleGenerator]
[2021-07-28 09:12:26] - Registering IdentifierGenerator strategy [enhanced-table] -> [org.hibernate.id.enhanced.TableGenerator]
[2021-07-28 09:12:26] - HikariPool-1 - configuration:
[2021-07-28 09:12:26] - allowPoolSuspension................................false
[2021-07-28 09:12:26] - autoCommit................................true
[2021-07-28 09:12:26] - catalog................................none
[2021-07-28 09:12:26] - connectionInitSql................................none
[2021-07-28 09:12:26] - connectionTestQuery................................none
[2021-07-28 09:12:26] - connectionTimeout................................30000
[2021-07-28 09:12:26] - dataSource................................none
[2021-07-28 09:12:26] - dataSourceClassName................................none
[2021-07-28 09:12:26] - dataSourceJNDI................................none
[2021-07-28 09:12:26] - dataSourceProperties................................{password=<masked>}
[2021-07-28 09:12:26] - driverClassName................................"com.mysql.jdbc.Driver"
[2021-07-28 09:12:26] - exceptionOverrideClassName................................none
[2021-07-28 09:12:26] - healthCheckProperties................................{}
[2021-07-28 09:12:26] - healthCheckRegistry................................none
[2021-07-28 09:12:26] - idleTimeout................................600000
[2021-07-28 09:12:26] - initializationFailTimeout................................1
[2021-07-28 09:12:26] - isolateInternalQueries................................false
[2021-07-28 09:12:26] - jdbcUrl................................jdbc:mysql://localhost:3306/institute_test
[2021-07-28 09:12:26] - keepaliveTime................................0
[2021-07-28 09:12:26] - leakDetectionThreshold................................0
[2021-07-28 09:12:26] - maxLifetime................................1800000
[2021-07-28 09:12:26] - maximumPoolSize................................10
[2021-07-28 09:12:26] - metricRegistry................................none
[2021-07-28 09:12:26] - metricsTrackerFactory................................none
[2021-07-28 09:12:26] - minimumIdle................................10
[2021-07-28 09:12:26] - password................................<masked>
[2021-07-28 09:12:26] - poolName................................"HikariPool-1"
[2021-07-28 09:12:26] - readOnly................................false
[2021-07-28 09:12:26] - registerMbeans................................false
[2021-07-28 09:12:26] - scheduledExecutor................................none
[2021-07-28 09:12:26] - schema................................none
[2021-07-28 09:12:26] - threadFactory................................internal
[2021-07-28 09:12:26] - transactionIsolation................................default
[2021-07-28 09:12:26] - username................................"root"
[2021-07-28 09:12:26] - validationTimeout................................5000
[2021-07-28 09:12:26] - HikariPool-1 - Starting...
[2021-07-28 09:12:26] - Registered driver with driverClassName=com.mysql.jdbc.Driver was not found, trying direct instantiation.
[2021-07-28 09:12:26] - Driver class com.mysql.jdbc.Driver found in Thread context class loader jdk.internal.loader.ClassLoaders$AppClassLoader@251a69d7
