[2021-07-29 09:23:40] - Preparing collection initializer : [com.anu.springunijpa.entity.Course.userCourseSet#c5]
[2021-07-29 09:23:40] - Found row of collection: [com.anu.springunijpa.entity.Course.userCourseSet#c5]
[2021-07-29 09:23:40] - Found row of collection: [com.anu.springunijpa.entity.Course.userCourseSet#c5]
[2021-07-29 09:23:40] - Found row of collection: [com.anu.springunijpa.entity.Course.userCourseSet#c5]
[2021-07-29 09:23:40] - Resolving attributes for [com.anu.springunijpa.entity.UserCourse#component[courseId,userId]{courseId=c5, userId=1}]
[2021-07-29 09:23:40] - Processing attribute `course` : value = c5
[2021-07-29 09:23:40] - Attribute (`course`)  - enhanced for lazy-loading? - false
[2021-07-29 09:23:40] - Processing attribute `user` : value = 1
[2021-07-29 09:23:40] - Attribute (`user`)  - enhanced for lazy-loading? - false
[2021-07-29 09:23:40] - Processing attribute `userCourseSet` : value = null
[2021-07-29 09:23:40] - Attribute (`userCourseSet`)  - enhanced for lazy-loading? - false
[2021-07-29 09:23:40] - Done materializing entity [com.anu.springunijpa.entity.UserCourse#component[courseId,userId]{courseId=c5, userId=1}]
[2021-07-29 09:23:40] - Resolving attributes for [com.anu.springunijpa.entity.UserCourse#component[courseId,userId]{courseId=c5, userId=5}]
[2021-07-29 09:23:40] - Processing attribute `course` : value = c5
[2021-07-29 09:23:40] - Attribute (`course`)  - enhanced for lazy-loading? - false
[2021-07-29 09:23:40] - Processing attribute `user` : value = 5
[2021-07-29 09:23:40] - Attribute (`user`)  - enhanced for lazy-loading? - false
[2021-07-29 09:23:40] - Processing attribute `userCourseSet` : value = null
[2021-07-29 09:23:40] - Attribute (`userCourseSet`)  - enhanced for lazy-loading? - false
[2021-07-29 09:23:40] - Done materializing entity [com.anu.springunijpa.entity.UserCourse#component[courseId,userId]{courseId=c5, userId=5}]
[2021-07-29 09:23:40] - Resolving attributes for [com.anu.springunijpa.entity.UserCourse#component[courseId,userId]{courseId=c5, userId=6}]
[2021-07-29 09:23:40] - Processing attribute `course` : value = c5
[2021-07-29 09:23:40] - Attribute (`course`)  - enhanced for lazy-loading? - false
[2021-07-29 09:23:40] - Processing attribute `user` : value = 6
[2021-07-29 09:23:40] - Attribute (`user`)  - enhanced for lazy-loading? - false
[2021-07-29 09:23:40] - Processing attribute `userCourseSet` : value = null
[2021-07-29 09:23:40] - Attribute (`userCourseSet`)  - enhanced for lazy-loading? - false
[2021-07-29 09:23:40] - Done materializing entity [com.anu.springunijpa.entity.UserCourse#component[courseId,userId]{courseId=c5, userId=6}]
[2021-07-29 09:23:40] - 1 collections were found in result set for role: com.anu.springunijpa.entity.Course.userCourseSet
[2021-07-29 09:23:40] - Collection fully initialized: [com.anu.springunijpa.entity.Course.userCourseSet#c5]
[2021-07-29 09:23:40] - 1 collections initialized for role: com.anu.springunijpa.entity.Course.userCourseSet
[2021-07-29 09:23:40] - Done loading collection
[2021-07-29 09:23:40] - Closing JPA EntityManager in OpenEntityManagerInViewInterceptor
[2021-07-29 09:23:40] - Completed 200 OK
[2021-07-29 09:23:55] - HikariPool-1 - Pool stats (total=10, active=0, idle=10, waiting=0)
[2021-07-29 09:23:55] - HikariPool-1 - Fill pool skipped, pool is at sufficient level.
[2021-07-29 09:24:07] - Executing request. operation name: 'null'. query: 'mutation createCourse($courseInput: CourseInput){
    createCourse(courseInput: $courseInput){
        courseId
        courseName
        courseLeader
    }

}'. variables '{courseInput={courseId=c6, courseName=Kotlin, courseLeader=Mr.Kotlin}}'
[2021-07-29 09:24:07] - Parsing query: 'mutation createCourse($courseInput: CourseInput){
    createCourse(courseInput: $courseInput){
        courseId
        courseName
        courseLeader
    }

}'...
[2021-07-29 09:24:07] - Validating query: 'mutation createCourse($courseInput: CourseInput){
    createCourse(courseInput: $courseInput){
        courseId
        courseName
        courseLeader
    }

}'
[2021-07-29 09:24:07] - Executing '4c264f8b-98b4-4ebf-8e28-3ae1b11c4e81'. operation name: 'null'. query: 'mutation createCourse($courseInput: CourseInput){
    createCourse(courseInput: $courseInput){
        courseId
        courseName
        courseLeader
    }

}'. variables '{courseInput={courseId=c6, courseName=Kotlin, courseLeader=Mr.Kotlin}}'
[2021-07-29 09:24:07] - Executing '4c264f8b-98b4-4ebf-8e28-3ae1b11c4e81' query operation: 'MUTATION' using 'graphql.execution.AsyncExecutionStrategy' execution strategy
[2021-07-29 09:24:07] - '4c264f8b-98b4-4ebf-8e28-3ae1b11c4e81' fetching field '/createCourse' using data fetcher 'com.coxautodev.graphql.tools.MethodFieldResolverDataFetcher'...
[2021-07-29 09:24:07] - Creating new transaction with name [org.springframework.data.jpa.repository.support.SimpleJpaRepository.save]: PROPAGATION_REQUIRED,ISOLATION_DEFAULT
[2021-07-29 09:24:07] - Opened new EntityManager [SessionImpl(1163610611<open>)] for JPA transaction
[2021-07-29 09:24:07] - On TransactionImpl creation, JpaCompliance#isJpaTransactionComplianceEnabled == false
[2021-07-29 09:24:07] - begin
[2021-07-29 09:24:07] - Exposing JPA transaction as JDBC [org.springframework.orm.jpa.vendor.HibernateJpaDialect$HibernateConnectionHandle@7d55cfe1]
[2021-07-29 09:24:07] - Configured EntityCopyObserver strategy: disallow
[2021-07-29 09:24:07] - Static select for action ACTION_MERGE on entity com.anu.springunijpa.entity.Course: select course0_.course_id as course_i1_0_0_, course0_.course_leader as course_l2_0_0_, course0_.course_name as course_n3_0_0_ from course course0_ where course0_.course_id=?
[2021-07-29 09:24:07] - Loading entity: [com.anu.springunijpa.entity.Course#c6]
[2021-07-29 09:24:07] - select course0_.course_id as course_i1_0_0_, course0_.course_leader as course_l2_0_0_, course0_.course_name as course_n3_0_0_ from course course0_ where course0_.course_id=?
[2021-07-29 09:24:07] - Done entity load
[2021-07-29 09:24:07] - Generated identifier: c6, using strategy: org.hibernate.id.Assigned
[2021-07-29 09:24:07] - Initiating transaction commit
[2021-07-29 09:24:07] - Committing JPA transaction on EntityManager [SessionImpl(1163610611<open>)]
[2021-07-29 09:24:07] - committing
[2021-07-29 09:24:07] - Processing flush-time cascades
[2021-07-29 09:24:07] - Dirty checking collections
[2021-07-29 09:24:07] - Flushed: 1 insertions, 0 updates, 0 deletions to 1 objects
[2021-07-29 09:24:07] - Flushed: 0 (re)creations, 0 updates, 0 removals to 0 collections
[2021-07-29 09:24:07] - Listing entities:
[2021-07-29 09:24:07] - com.anu.springunijpa.entity.Course{courseName=Kotlin, userCourseSet=null, courseLeader=Mr.Kotlin, courseId=c6}
[2021-07-29 09:24:07] - insert into course (course_leader, course_name, course_id) values (?, ?, ?)
[2021-07-29 09:24:07] - Closing JPA EntityManager [SessionImpl(1163610611<open>)] after transaction
[2021-07-29 09:24:07] - '4c264f8b-98b4-4ebf-8e28-3ae1b11c4e81' field '/createCourse' fetch returned 'com.anu.springunijpa.entity.Course'
[2021-07-29 09:24:07] - '4c264f8b-98b4-4ebf-8e28-3ae1b11c4e81' completing field '/createCourse'...
[2021-07-29 09:24:07] - '4c264f8b-98b4-4ebf-8e28-3ae1b11c4e81' fetching field '/createCourse/courseId' using data fetcher 'com.coxautodev.graphql.tools.MethodFieldResolverDataFetcher'...
[2021-07-29 09:24:07] - '4c264f8b-98b4-4ebf-8e28-3ae1b11c4e81' field '/createCourse/courseId' fetch returned 'java.lang.String'
[2021-07-29 09:24:07] - '4c264f8b-98b4-4ebf-8e28-3ae1b11c4e81' completing field '/createCourse/courseId'...
[2021-07-29 09:24:07] - '4c264f8b-98b4-4ebf-8e28-3ae1b11c4e81' fetching field '/createCourse/courseName' using data fetcher 'com.coxautodev.graphql.tools.MethodFieldResolverDataFetcher'...
[2021-07-29 09:24:07] - '4c264f8b-98b4-4ebf-8e28-3ae1b11c4e81' field '/createCourse/courseName' fetch returned 'java.lang.String'
[2021-07-29 09:24:07] - '4c264f8b-98b4-4ebf-8e28-3ae1b11c4e81' completing field '/createCourse/courseName'...
[2021-07-29 09:24:07] - '4c264f8b-98b4-4ebf-8e28-3ae1b11c4e81' fetching field '/createCourse/courseLeader' using data fetcher 'com.coxautodev.graphql.tools.MethodFieldResolverDataFetcher'...
[2021-07-29 09:24:07] - '4c264f8b-98b4-4ebf-8e28-3ae1b11c4e81' field '/createCourse/courseLeader' fetch returned 'java.lang.String'
[2021-07-29 09:24:07] - '4c264f8b-98b4-4ebf-8e28-3ae1b11c4e81' completing field '/createCourse/courseLeader'...
[2021-07-29 09:24:07] - Execution '4c264f8b-98b4-4ebf-8e28-3ae1b11c4e81' completed with zero errors
[2021-07-29 09:24:25] - HikariPool-1 - Pool stats (total=10, active=0, idle=10, waiting=0)
[2021-07-29 09:24:25] - HikariPool-1 - Fill pool skipped, pool is at sufficient level.
[2021-07-29 09:24:55] - HikariPool-1 - Pool stats (total=10, active=0, idle=10, waiting=0)
[2021-07-29 09:24:55] - HikariPool-1 - Fill pool skipped, pool is at sufficient level.
[2021-07-29 09:25:25] - HikariPool-1 - Pool stats (total=10, active=0, idle=10, waiting=0)
[2021-07-29 09:25:25] - HikariPool-1 - Fill pool skipped, pool is at sufficient level.
[2021-07-29 09:25:55] - HikariPool-1 - Pool stats (total=10, active=0, idle=10, waiting=0)
[2021-07-29 09:25:55] - HikariPool-1 - Fill pool skipped, pool is at sufficient level.
[2021-07-29 09:26:25] - HikariPool-1 - Pool stats (total=10, active=0, idle=10, waiting=0)
[2021-07-29 09:26:25] - HikariPool-1 - Fill pool skipped, pool is at sufficient level.
[2021-07-29 09:26:55] - HikariPool-1 - Pool stats (total=10, active=0, idle=10, waiting=0)
[2021-07-29 09:26:55] - HikariPool-1 - Fill pool skipped, pool is at sufficient level.
[2021-07-29 09:27:16] - Executing request. operation name: 'null'. query: 'mutation createCourse($courseInput: CourseInput){
    createCourse(courseInput: $courseInput){
        courseId
        courseName
        courseLeader
    }

}'. variables '{courseInput={courseId=c7, courseName=C, courseLeader=Mr.C}}'
[2021-07-29 09:27:16] - Parsing query: 'mutation createCourse($courseInput: CourseInput){
    createCourse(courseInput: $courseInput){
        courseId
        courseName
        courseLeader
    }

}'...
[2021-07-29 09:27:16] - Validating query: 'mutation createCourse($courseInput: CourseInput){
    createCourse(courseInput: $courseInput){
        courseId
        courseName
        courseLeader
    }

}'
[2021-07-29 09:27:16] - Executing 'bb1505ae-0d19-43b7-8c29-07cf11873445'. operation name: 'null'. query: 'mutation createCourse($courseInput: CourseInput){
    createCourse(courseInput: $courseInput){
        courseId
        courseName
        courseLeader
    }

}'. variables '{courseInput={courseId=c7, courseName=C, courseLeader=Mr.C}}'
