[2021-07-22 09:32:25] - Condition OnWebApplicationCondition on com.oembedler.moon.graphql.boot.GraphQLWebAutoConfiguration matched due to @ConditionalOnWebApplication (required) found 'session' scope
[2021-07-22 09:32:25] - Returning cached instance of singleton bean 'autoConfigurationReport'
[2021-07-22 09:32:25] - Condition OnPropertyCondition on com.oembedler.moon.graphql.boot.GraphQLWebAutoConfiguration matched due to @ConditionalOnProperty (graphql.servlet.enabled=true) matched
[2021-07-22 09:32:25] - Returning cached instance of singleton bean 'autoConfigurationReport'
[2021-07-22 09:32:25] - Returning cached instance of singleton bean 'autoConfigurationReport'
[2021-07-22 09:32:25] - Returning cached instance of singleton bean 'autoConfigurationReport'
[2021-07-22 09:32:25] - Returning cached instance of singleton bean 'autoConfigurationReport'
[2021-07-22 09:32:25] - Returning cached instance of singleton bean 'autoConfigurationReport'
[2021-07-22 09:32:25] - Returning cached instance of singleton bean 'autoConfigurationReport'
[2021-07-22 09:32:25] - Returning cached instance of singleton bean 'autoConfigurationReport'
[2021-07-22 09:32:25] - Returning cached instance of singleton bean 'autoConfigurationReport'
[2021-07-22 09:32:25] - Returning cached instance of singleton bean 'autoConfigurationReport'
[2021-07-22 09:32:25] - Returning cached instance of singleton bean 'autoConfigurationReport'
[2021-07-22 09:32:25] - Condition OnClassCondition on org.springframework.boot.autoconfigure.jmx.JmxAutoConfiguration matched due to @ConditionalOnClass found required class 'org.springframework.jmx.export.MBeanExporter'
[2021-07-22 09:32:25] - Returning cached instance of singleton bean 'autoConfigurationReport'
[2021-07-22 09:32:25] - Condition OnPropertyCondition on org.springframework.boot.autoconfigure.jmx.JmxAutoConfiguration matched due to @ConditionalOnProperty (spring.jmx.enabled=true) matched
[2021-07-22 09:32:25] - Returning cached instance of singleton bean 'autoConfigurationReport'
[2021-07-22 09:32:25] - Returning cached instance of singleton bean 'autoConfigurationReport'
[2021-07-22 09:32:25] - Returning cached instance of singleton bean 'autoConfigurationReport'
[2021-07-22 09:32:25] - Returning cached instance of singleton bean 'autoConfigurationReport'
[2021-07-22 09:32:25] - Returning cached instance of singleton bean 'autoConfigurationReport'
[2021-07-22 09:32:25] - Returning cached instance of singleton bean 'autoConfigurationReport'
[2021-07-22 09:32:25] - Returning cached instance of singleton bean 'autoConfigurationReport'
[2021-07-22 09:32:25] - Returning cached instance of singleton bean 'autoConfigurationReport'
[2021-07-22 09:32:25] - Returning cached instance of singleton bean 'autoConfigurationReport'
[2021-07-22 09:32:25] - Returning cached instance of singleton bean 'autoConfigurationReport'
[2021-07-22 09:32:25] - Condition OnPropertyCondition on org.springframework.boot.autoconfigure.admin.SpringApplicationAdminJmxAutoConfiguration matched due to @ConditionalOnProperty (spring.application.admin.enabled=true) matched
[2021-07-22 09:32:25] - Returning cached instance of singleton bean 'autoConfigurationReport'
[2021-07-22 09:32:25] - Returning cached instance of singleton bean 'autoConfigurationReport'
[2021-07-22 09:32:25] - Returning cached instance of singleton bean 'autoConfigurationReport'
[2021-07-22 09:32:25] - Returning cached instance of singleton bean 'autoConfigurationReport'
[2021-07-22 09:32:25] - Returning cached instance of singleton bean 'autoConfigurationReport'
[2021-07-22 09:32:25] - Returning cached instance of singleton bean 'autoConfigurationReport'
[2021-07-22 09:32:25] - Returning cached instance of singleton bean 'autoConfigurationReport'
[2021-07-22 09:32:25] - Returning cached instance of singleton bean 'autoConfigurationReport'
[2021-07-22 09:32:25] - Returning cached instance of singleton bean 'autoConfigurationReport'
[2021-07-22 09:32:25] - Returning cached instance of singleton bean 'autoConfigurationReport'
[2021-07-22 09:32:25] - Condition OnPropertyCondition on org.springframework.boot.autoconfigure.aop.AopAutoConfiguration matched due to @ConditionalOnProperty (spring.aop.auto=true) matched
[2021-07-22 09:32:25] - Returning cached instance of singleton bean 'autoConfigurationReport'
[2021-07-22 09:32:25] - Returning cached instance of singleton bean 'autoConfigurationReport'
[2021-07-22 09:32:25] - Returning cached instance of singleton bean 'autoConfigurationReport'
[2021-07-22 09:32:25] - Returning cached instance of singleton bean 'autoConfigurationReport'
[2021-07-22 09:32:25] - Condition OnClassCondition on org.springframework.boot.autoconfigure.aop.AopAutoConfiguration$ClassProxyingConfiguration did not match due to @ConditionalOnMissingClass found unwanted class 'org.aspectj.weaver.Advice'
[2021-07-22 09:32:25] - Returning cached instance of singleton bean 'autoConfigurationReport'
[2021-07-22 09:32:25] - Condition OnClassCondition on org.springframework.boot.autoconfigure.aop.AopAutoConfiguration$AspectJAutoProxyingConfiguration matched due to @ConditionalOnClass found required class 'org.aspectj.weaver.Advice'
[2021-07-22 09:32:25] - Returning cached instance of singleton bean 'autoConfigurationReport'
[2021-07-22 09:32:25] - Returning cached instance of singleton bean 'autoConfigurationReport'
[2021-07-22 09:32:25] - Returning cached instance of singleton bean 'autoConfigurationReport'
[2021-07-22 09:32:25] - Returning cached instance of singleton bean 'autoConfigurationReport'
[2021-07-22 09:32:25] - Condition OnPropertyCondition on org.springframework.boot.autoconfigure.aop.AopAutoConfiguration$AspectJAutoProxyingConfiguration$CglibAutoProxyConfiguration matched due to @ConditionalOnProperty (spring.aop.proxy-target-class=true) matched
[2021-07-22 09:32:25] - Returning cached instance of singleton bean 'autoConfigurationReport'
[2021-07-22 09:32:25] - Returning cached instance of singleton bean 'autoConfigurationReport'
[2021-07-22 09:32:25] - Returning cached instance of singleton bean 'autoConfigurationReport'
[2021-07-22 09:32:25] - Returning cached instance of singleton bean 'autoConfigurationReport'
[2021-07-22 09:32:25] - Condition OnPropertyCondition on org.springframework.boot.autoconfigure.aop.AopAutoConfiguration$AspectJAutoProxyingConfiguration$JdkDynamicAutoProxyConfiguration did not match due to @ConditionalOnProperty (spring.aop.proxy-target-class=false) did not find property 'proxy-target-class'
[2021-07-22 09:32:25] - Returning cached instance of singleton bean 'autoConfigurationReport'
[2021-07-22 09:32:25] - Returning cached instance of singleton bean 'autoConfigurationReport'
[2021-07-22 09:32:25] - Returning cached instance of singleton bean 'autoConfigurationReport'
[2021-07-22 09:32:25] - Returning cached instance of singleton bean 'autoConfigurationReport'
[2021-07-22 09:32:25] - Returning cached instance of singleton bean 'autoConfigurationReport'
[2021-07-22 09:32:25] - Returning cached instance of singleton bean 'autoConfigurationReport'
[2021-07-22 09:32:25] - Returning cached instance of singleton bean 'autoConfigurationReport'
[2021-07-22 09:32:25] - Returning cached instance of singleton bean 'autoConfigurationReport'
[2021-07-22 09:32:25] - Returning cached instance of singleton bean 'autoConfigurationReport'
[2021-07-22 09:32:25] - Returning cached instance of singleton bean 'autoConfigurationReport'
[2021-07-22 09:32:25] - Returning cached instance of singleton bean 'autoConfigurationReport'
[2021-07-22 09:32:25] - Returning cached instance of singleton bean 'autoConfigurationReport'
[2021-07-22 09:32:25] - Returning cached instance of singleton bean 'autoConfigurationReport'
[2021-07-22 09:32:25] - Returning cached instance of singleton bean 'autoConfigurationReport'
[2021-07-22 09:32:25] - Returning cached instance of singleton bean 'autoConfigurationReport'
[2021-07-22 09:32:25] - Returning cached instance of singleton bean 'autoConfigurationReport'
[2021-07-22 09:32:25] - Condition OnClassCondition on org.springframework.boot.autoconfigure.jackson.JacksonAutoConfiguration matched due to @ConditionalOnClass found required class 'com.fasterxml.jackson.databind.ObjectMapper'
[2021-07-22 09:32:25] - Returning cached instance of singleton bean 'autoConfigurationReport'
[2021-07-22 09:32:25] - Returning cached instance of singleton bean 'autoConfigurationReport'
[2021-07-22 09:32:25] - Returning cached instance of singleton bean 'autoConfigurationReport'
[2021-07-22 09:32:25] - Returning cached instance of singleton bean 'autoConfigurationReport'
[2021-07-22 09:32:25] - Condition OnClassCondition on org.springframework.boot.autoconfigure.jackson.JacksonAutoConfiguration$Jackson2ObjectMapperBuilderCustomizerConfiguration matched due to @ConditionalOnClass found required class 'org.springframework.http.converter.json.Jackson2ObjectMapperBuilder'
[2021-07-22 09:32:25] - Returning cached instance of singleton bean 'autoConfigurationReport'
[2021-07-22 09:32:25] - Returning cached instance of singleton bean 'autoConfigurationReport'
[2021-07-22 09:32:25] - Returning cached instance of singleton bean 'autoConfigurationReport'
[2021-07-22 09:32:25] - Returning cached instance of singleton bean 'autoConfigurationReport'
[2021-07-22 09:32:25] - Condition OnClassCondition on org.springframework.boot.autoconfigure.jackson.JacksonAutoConfiguration$JacksonObjectMapperBuilderConfiguration matched due to @ConditionalOnClass found required class 'org.springframework.http.converter.json.Jackson2ObjectMapperBuilder'
[2021-07-22 09:32:25] - Returning cached instance of singleton bean 'autoConfigurationReport'
[2021-07-22 09:32:25] - Returning cached instance of singleton bean 'autoConfigurationReport'
[2021-07-22 09:32:25] - Returning cached instance of singleton bean 'autoConfigurationReport'
[2021-07-22 09:32:25] - Returning cached instance of singleton bean 'autoConfigurationReport'
[2021-07-22 09:32:25] - Condition OnClassCondition on org.springframework.boot.autoconfigure.jackson.JacksonAutoConfiguration$ParameterNamesModuleConfiguration matched due to @ConditionalOnClass found required class 'com.fasterxml.jackson.module.paramnames.ParameterNamesModule'
[2021-07-22 09:32:25] - Returning cached instance of singleton bean 'autoConfigurationReport'
[2021-07-22 09:32:25] - Returning cached instance of singleton bean 'autoConfigurationReport'
[2021-07-22 09:32:25] - Returning cached instance of singleton bean 'autoConfigurationReport'
[2021-07-22 09:32:25] - Returning cached instance of singleton bean 'autoConfigurationReport'
[2021-07-22 09:32:25] - Condition OnClassCondition on org.springframework.boot.autoconfigure.jackson.JacksonAutoConfiguration$JacksonObjectMapperConfiguration matched due to @ConditionalOnClass found required class 'org.springframework.http.converter.json.Jackson2ObjectMapperBuilder'
[2021-07-22 09:32:25] - Returning cached instance of singleton bean 'autoConfigurationReport'
[2021-07-22 09:32:25] - Returning cached instance of singleton bean 'autoConfigurationReport'
[2021-07-22 09:32:25] - Returning cached instance of singleton bean 'autoConfigurationReport'
[2021-07-22 09:32:25] - Returning cached instance of singleton bean 'autoConfigurationReport'
[2021-07-22 09:32:25] - Returning cached instance of singleton bean 'autoConfigurationReport'
[2021-07-22 09:32:25] - Returning cached instance of singleton bean 'autoConfigurationReport'
[2021-07-22 09:32:25] - Returning cached instance of singleton bean 'autoConfigurationReport'
[2021-07-22 09:32:25] - Returning cached instance of singleton bean 'autoConfigurationReport'
[2021-07-22 09:32:25] - Returning cached instance of singleton bean 'autoConfigurationReport'
[2021-07-22 09:32:25] - Returning cached instance of singleton bean 'autoConfigurationReport'
[2021-07-22 09:32:25] - Condition OnClassCondition on org.springframework.boot.autoconfigure.jdbc.JndiDataSourceAutoConfiguration matched due to @ConditionalOnClass found required classes 'javax.sql.DataSource', 'org.springframework.jdbc.datasource.embedded.EmbeddedDatabaseType'
[2021-07-22 09:32:25] - Returning cached instance of singleton bean 'autoConfigurationReport'
[2021-07-22 09:32:25] - Condition OnPropertyCondition on org.springframework.boot.autoconfigure.jdbc.JndiDataSourceAutoConfiguration did not match due to @ConditionalOnProperty (spring.datasource.jndi-name) did not find property 'jndi-name'
[2021-07-22 09:32:25] - Returning cached instance of singleton bean 'autoConfigurationReport'
[2021-07-22 09:32:25] - Returning cached instance of singleton bean 'autoConfigurationReport'
[2021-07-22 09:32:25] - Returning cached instance of singleton bean 'autoConfigurationReport'
[2021-07-22 09:32:25] - Returning cached instance of singleton bean 'autoConfigurationReport'
[2021-07-22 09:32:25] - Returning cached instance of singleton bean 'autoConfigurationReport'
[2021-07-22 09:32:25] - Returning cached instance of singleton bean 'autoConfigurationReport'
[2021-07-22 09:32:25] - Returning cached instance of singleton bean 'autoConfigurationReport'
[2021-07-22 09:32:25] - Condition OnClassCondition on org.springframework.boot.autoconfigure.transaction.jta.JtaAutoConfiguration matched due to @ConditionalOnClass found required class 'javax.transaction.Transaction'
[2021-07-22 09:32:25] - Returning cached instance of singleton bean 'autoConfigurationReport'
[2021-07-22 09:32:25] - Condition OnPropertyCondition on org.springframework.boot.autoconfigure.transaction.jta.JtaAutoConfiguration matched due to @ConditionalOnProperty (spring.jta.enabled) matched
[2021-07-22 09:32:25] - Returning cached instance of singleton bean 'autoConfigurationReport'
[2021-07-22 09:32:25] - Returning cached instance of singleton bean 'autoConfigurationReport'
[2021-07-22 09:32:25] - Returning cached instance of singleton bean 'autoConfigurationReport'
[2021-07-22 09:32:25] - Returning cached instance of singleton bean 'autoConfigurationReport'
[2021-07-22 09:32:25] - Condition OnClassCondition on org.springframework.boot.autoconfigure.transaction.jta.JndiJtaConfiguration matched due to @ConditionalOnClass found required class 'org.springframework.transaction.jta.JtaTransactionManager'
[2021-07-22 09:32:25] - Returning cached instance of singleton bean 'autoConfigurationReport'
[2021-07-22 09:32:25] - Condition OnJndiCondition on org.springframework.boot.autoconfigure.transaction.jta.JndiJtaConfiguration did not match due to @ConditionalOnJndi JNDI environment is not available
[2021-07-22 09:32:25] - Returning cached instance of singleton bean 'autoConfigurationReport'
[2021-07-22 09:32:25] - Condition OnClassCondition on org.springframework.boot.autoconfigure.transaction.jta.AtomikosJtaConfiguration did not match due to @ConditionalOnClass did not find required class 'com.atomikos.icatch.jta.UserTransactionManager'
[2021-07-22 09:32:25] - Returning cached instance of singleton bean 'autoConfigurationReport'
[2021-07-22 09:32:25] - Returning cached instance of singleton bean 'autoConfigurationReport'
[2021-07-22 09:32:25] - Returning cached instance of singleton bean 'autoConfigurationReport'
[2021-07-22 09:32:25] - Returning cached instance of singleton bean 'autoConfigurationReport'
[2021-07-22 09:32:25] - Returning cached instance of singleton bean 'autoConfigurationReport'
[2021-07-22 09:32:25] - Returning cached instance of singleton bean 'autoConfigurationReport'
[2021-07-22 09:32:25] - Returning cached instance of singleton bean 'autoConfigurationReport'
[2021-07-22 09:32:25] - Condition OnClassCondition on org.springframework.boot.autoconfigure.jdbc.XADataSourceAutoConfiguration matched due to @ConditionalOnClass found required classes 'javax.sql.DataSource', 'javax.transaction.TransactionManager', 'org.springframework.jdbc.datasource.embedded.EmbeddedDatabaseType'
[2021-07-22 09:32:25] - Returning cached instance of singleton bean 'autoConfigurationReport'
[2021-07-22 09:32:25] - Returning cached instance of singleton bean 'autoConfigurationReport'
[2021-07-22 09:32:25] - Returning cached instance of singleton bean 'autoConfigurationReport'
[2021-07-22 09:32:25] - Returning cached instance of singleton bean 'autoConfigurationReport'
[2021-07-22 09:32:25] - Returning cached instance of singleton bean 'autoConfigurationReport'
[2021-07-22 09:32:25] - Returning cached instance of singleton bean 'autoConfigurationReport'
[2021-07-22 09:32:25] - Returning cached instance of singleton bean 'autoConfigurationReport'
[2021-07-22 09:32:25] - Returning cached instance of singleton bean 'autoConfigurationReport'
[2021-07-22 09:32:25] - Returning cached instance of singleton bean 'autoConfigurationReport'
[2021-07-22 09:32:25] - Returning cached instance of singleton bean 'autoConfigurationReport'
[2021-07-22 09:32:25] - Condition OnClassCondition on org.springframework.boot.autoconfigure.jdbc.DataSourceAutoConfiguration matched due to @ConditionalOnClass found required classes 'javax.sql.DataSource', 'org.springframework.jdbc.datasource.embedded.EmbeddedDatabaseType'
[2021-07-22 09:32:25] - Returning cached instance of singleton bean 'autoConfigurationReport'
[2021-07-22 09:32:25] - Returning cached instance of singleton bean 'autoConfigurationReport'
[2021-07-22 09:32:25] - Returning cached instance of singleton bean 'autoConfigurationReport'
[2021-07-22 09:32:25] - Returning cached instance of singleton bean 'autoConfigurationReport'
[2021-07-22 09:32:25] - Condition DataSourceAutoConfiguration.PooledDataSourceCondition on org.springframework.boot.autoconfigure.jdbc.DataSourceAutoConfiguration$PooledDataSourceConfiguration matched due to AnyNestedCondition 1 matched 1 did not; NestedCondition on DataSourceAutoConfiguration.PooledDataSourceCondition.PooledDataSourceAvailable PooledDataSource found supported DataSource; NestedCondition on DataSourceAutoConfiguration.PooledDataSourceCondition.ExplicitType @ConditionalOnProperty (spring.datasource.type) did not find property 'type'
[2021-07-22 09:32:25] - Returning cached instance of singleton bean 'autoConfigurationReport'
[2021-07-22 09:32:25] - Returning cached instance of singleton bean 'autoConfigurationReport'
[2021-07-22 09:32:25] - Returning cached instance of singleton bean 'autoConfigurationReport'
[2021-07-22 09:32:25] - Returning cached instance of singleton bean 'autoConfigurationReport'
[2021-07-22 09:32:25] - Condition OnClassCondition on org.springframework.boot.autoconfigure.jdbc.DataSourceConfiguration$Hikari matched due to @ConditionalOnClass found required class 'com.zaxxer.hikari.HikariDataSource'
[2021-07-22 09:32:25] - Returning cached instance of singleton bean 'autoConfigurationReport'
[2021-07-22 09:32:25] - Condition OnPropertyCondition on org.springframework.boot.autoconfigure.jdbc.DataSourceConfiguration$Hikari matched due to @ConditionalOnProperty (spring.datasource.type=com.zaxxer.hikari.HikariDataSource) matched
[2021-07-22 09:32:25] - Returning cached instance of singleton bean 'autoConfigurationReport'
[2021-07-22 09:32:25] - Returning cached instance of singleton bean 'autoConfigurationReport'
[2021-07-22 09:32:25] - Returning cached instance of singleton bean 'autoConfigurationReport'
[2021-07-22 09:32:25] - Returning cached instance of singleton bean 'autoConfigurationReport'
[2021-07-22 09:32:25] - Condition OnClassCondition on org.springframework.boot.autoconfigure.jdbc.DataSourceConfiguration$Tomcat did not match due to @ConditionalOnClass did not find required class 'org.apache.tomcat.jdbc.pool.DataSource'
[2021-07-22 09:32:25] - Returning cached instance of singleton bean 'autoConfigurationReport'
[2021-07-22 09:32:25] - Condition OnClassCondition on org.springframework.boot.autoconfigure.jdbc.DataSourceConfiguration$Dbcp2 did not match due to @ConditionalOnClass did not find required class 'org.apache.commons.dbcp2.BasicDataSource'
[2021-07-22 09:32:25] - Returning cached instance of singleton bean 'autoConfigurationReport'
[2021-07-22 09:32:25] - Condition OnClassCondition on org.springframework.boot.autoconfigure.jdbc.DataSourceConfiguration$OracleUcp did not match due to @ConditionalOnClass did not find required classes 'oracle.ucp.jdbc.PoolDataSourceImpl', 'oracle.jdbc.OracleConnection'
[2021-07-22 09:32:25] - Returning cached instance of singleton bean 'autoConfigurationReport'
[2021-07-22 09:32:25] - Condition OnPropertyCondition on org.springframework.boot.autoconfigure.jdbc.DataSourceConfiguration$Generic did not match due to @ConditionalOnProperty (spring.datasource.type) did not find property 'spring.datasource.type'
[2021-07-22 09:32:25] - Returning cached instance of singleton bean 'autoConfigurationReport'
[2021-07-22 09:32:25] - Condition OnPropertyCondition on org.springframework.boot.autoconfigure.jdbc.DataSourceJmxConfiguration matched due to @ConditionalOnProperty (spring.jmx.enabled=true) matched
[2021-07-22 09:32:25] - Returning cached instance of singleton bean 'autoConfigurationReport'
[2021-07-22 09:32:25] - Returning cached instance of singleton bean 'autoConfigurationReport'
[2021-07-22 09:32:25] - Returning cached instance of singleton bean 'autoConfigurationReport'
[2021-07-22 09:32:25] - Returning cached instance of singleton bean 'autoConfigurationReport'
[2021-07-22 09:32:25] - Condition OnClassCondition on org.springframework.boot.autoconfigure.jdbc.DataSourceJmxConfiguration$TomcatDataSourceJmxConfiguration did not match due to @ConditionalOnClass did not find required class 'org.apache.tomcat.jdbc.pool.DataSourceProxy'
[2021-07-22 09:32:25] - Returning cached instance of singleton bean 'autoConfigurationReport'
[2021-07-22 09:32:25] - Condition OnClassCondition on org.springframework.boot.autoconfigure.jdbc.DataSourceJmxConfiguration$Hikari matched due to @ConditionalOnClass found required class 'com.zaxxer.hikari.HikariDataSource'
[2021-07-22 09:32:25] - Returning cached instance of singleton bean 'autoConfigurationReport'
[2021-07-22 09:32:25] - Returning cached instance of singleton bean 'autoConfigurationReport'
[2021-07-22 09:32:25] - Returning cached instance of singleton bean 'autoConfigurationReport'
[2021-07-22 09:32:25] - Returning cached instance of singleton bean 'autoConfigurationReport'
[2021-07-22 09:32:25] - Condition DataSourceAutoConfiguration.EmbeddedDatabaseCondition on org.springframework.boot.autoconfigure.jdbc.DataSourceAutoConfiguration$EmbeddedDatabaseConfiguration did not match due to EmbeddedDataSource spring.datasource.url is set
[2021-07-22 09:32:25] - Returning cached instance of singleton bean 'autoConfigurationReport'
[2021-07-22 09:32:25] - Returning cached instance of singleton bean 'autoConfigurationReport'
[2021-07-22 09:32:25] - Returning cached instance of singleton bean 'autoConfigurationReport'
[2021-07-22 09:32:25] - Returning cached instance of singleton bean 'autoConfigurationReport'
[2021-07-22 09:32:25] - Condition OnClassCondition on org.springframework.boot.autoconfigure.jdbc.metadata.DataSourcePoolMetadataProvidersConfiguration$OracleUcpPoolDataSourceMetadataProviderConfiguration did not match due to @ConditionalOnClass did not find required classes 'oracle.ucp.jdbc.PoolDataSource', 'oracle.jdbc.OracleConnection'
[2021-07-22 09:32:25] - Returning cached instance of singleton bean 'autoConfigurationReport'
[2021-07-22 09:32:25] - Condition OnClassCondition on org.springframework.boot.autoconfigure.jdbc.metadata.DataSourcePoolMetadataProvidersConfiguration$CommonsDbcp2PoolDataSourceMetadataProviderConfiguration did not match due to @ConditionalOnClass did not find required class 'org.apache.commons.dbcp2.BasicDataSource'
[2021-07-22 09:32:25] - Returning cached instance of singleton bean 'autoConfigurationReport'
[2021-07-22 09:32:25] - Condition OnClassCondition on org.springframework.boot.autoconfigure.jdbc.metadata.DataSourcePoolMetadataProvidersConfiguration$HikariPoolDataSourceMetadataProviderConfiguration matched due to @ConditionalOnClass found required class 'com.zaxxer.hikari.HikariDataSource'
[2021-07-22 09:32:25] - Returning cached instance of singleton bean 'autoConfigurationReport'
[2021-07-22 09:32:25] - Returning cached instance of singleton bean 'autoConfigurationReport'
[2021-07-22 09:32:25] - Returning cached instance of singleton bean 'autoConfigurationReport'
[2021-07-22 09:32:25] - Returning cached instance of singleton bean 'autoConfigurationReport'
[2021-07-22 09:32:25] - Condition OnClassCondition on org.springframework.boot.autoconfigure.jdbc.metadata.DataSourcePoolMetadataProvidersConfiguration$TomcatDataSourcePoolMetadataProviderConfiguration did not match due to @ConditionalOnClass did not find required class 'org.apache.tomcat.jdbc.pool.DataSource'
[2021-07-22 09:32:25] - Returning cached instance of singleton bean 'autoConfigurationReport'
[2021-07-22 09:32:25] - Condition DataSourceInitializationConfiguration.InitializationSpecificCredentialsDataSourceInitializationConfiguration.DifferentCredentialsCondition on org.springframework.boot.autoconfigure.jdbc.DataSourceInitializationConfiguration$InitializationSpecificCredentialsDataSourceInitializationConfiguration did not match due to AnyNestedCondition 0 matched 2 did not; NestedCondition on DataSourceInitializationConfiguration.InitializationSpecificCredentialsDataSourceInitializationConfiguration.DifferentCredentialsCondition.DataCredentials @ConditionalOnProperty (spring.datasource.data-username) did not find property 'data-username'; NestedCondition on DataSourceInitializationConfiguration.InitializationSpecificCredentialsDataSourceInitializationConfiguration.DifferentCredentialsCondition.SchemaCredentials @ConditionalOnProperty (spring.datasource.schema-username) did not find property 'schema-username'
[2021-07-22 09:32:25] - Returning cached instance of singleton bean 'autoConfigurationReport'
[2021-07-22 09:32:25] - Condition DataSourceInitializationConfiguration.SharedCredentialsDataSourceInitializationConfiguration.DataSourceInitializationCondition on org.springframework.boot.autoconfigure.jdbc.DataSourceInitializationConfiguration$SharedCredentialsDataSourceInitializationConfiguration did not match due to DataSource Initialization did not find configured properties spring.datasource.data-username, spring.datasource.schema-password, spring.datasource.schema[0], spring.datasource.data[0], spring.datasource.data, spring.datasource.schema-username, spring.datasource.data-password, spring.datasource.initialization-mode, spring.datasource.schema, spring.datasource.sql-script-encoding, spring.datasource.separator, spring.datasource.platform, spring.datasource.continue-on-error
[2021-07-22 09:32:25] - Returning cached instance of singleton bean 'autoConfigurationReport'
[2021-07-22 09:32:25] - Returning cached instance of singleton bean 'autoConfigurationReport'
[2021-07-22 09:32:25] - Returning cached instance of singleton bean 'autoConfigurationReport'
[2021-07-22 09:32:25] - Returning cached instance of singleton bean 'autoConfigurationReport'
[2021-07-22 09:32:25] - Returning cached instance of singleton bean 'autoConfigurationReport'
[2021-07-22 09:32:25] - Returning cached instance of singleton bean 'autoConfigurationReport'
[2021-07-22 09:32:25] - Returning cached instance of singleton bean 'autoConfigurationReport'
[2021-07-22 09:32:25] - Condition OnClassCondition on org.springframework.boot.autoconfigure.orm.jpa.HibernateJpaAutoConfiguration matched due to @ConditionalOnClass found required classes 'org.springframework.orm.jpa.LocalContainerEntityManagerFactoryBean', 'javax.persistence.EntityManager', 'org.hibernate.engine.spi.SessionImplementor'
[2021-07-22 09:32:25] - Returning cached instance of singleton bean 'autoConfigurationReport'
[2021-07-22 09:32:25] - Returning cached instance of singleton bean 'autoConfigurationReport'
[2021-07-22 09:32:25] - Returning cached instance of singleton bean 'autoConfigurationReport'
[2021-07-22 09:32:25] - Returning cached instance of singleton bean 'autoConfigurationReport'
[2021-07-22 09:32:25] - Returning cached instance of singleton bean 'autoConfigurationReport'
[2021-07-22 09:32:25] - Returning cached instance of singleton bean 'autoConfigurationReport'
[2021-07-22 09:32:25] - Returning cached instance of singleton bean 'autoConfigurationReport'
[2021-07-22 09:32:25] - Condition OnClassCondition on org.springframework.boot.autoconfigure.orm.jpa.JpaBaseConfiguration$JpaWebConfiguration matched due to @ConditionalOnClass found required class 'org.springframework.web.servlet.config.annotation.WebMvcConfigurer'
[2021-07-22 09:32:25] - Returning cached instance of singleton bean 'autoConfigurationReport'
[2021-07-22 09:32:25] - Condition OnWebApplicationCondition on org.springframework.boot.autoconfigure.orm.jpa.JpaBaseConfiguration$JpaWebConfiguration matched due to found 'session' scope
[2021-07-22 09:32:25] - Returning cached instance of singleton bean 'autoConfigurationReport'
[2021-07-22 09:32:25] - Condition OnPropertyCondition on org.springframework.boot.autoconfigure.orm.jpa.JpaBaseConfiguration$JpaWebConfiguration matched due to @ConditionalOnProperty (spring.jpa.open-in-view=true) matched
[2021-07-22 09:32:25] - Returning cached instance of singleton bean 'autoConfigurationReport'
[2021-07-22 09:32:25] - Returning cached instance of singleton bean 'autoConfigurationReport'
[2021-07-22 09:32:25] - Returning cached instance of singleton bean 'autoConfigurationReport'
[2021-07-22 09:32:25] - Returning cached instance of singleton bean 'autoConfigurationReport'
[2021-07-22 09:32:25] - Returning cached instance of singleton bean 'autoConfigurationReport'
[2021-07-22 09:32:25] - Returning cached instance of singleton bean 'autoConfigurationReport'
[2021-07-22 09:32:25] - Returning cached instance of singleton bean 'autoConfigurationReport'
[2021-07-22 09:32:25] - Returning cached instance of singleton bean 'autoConfigurationReport'
[2021-07-22 09:32:25] - Returning cached instance of singleton bean 'autoConfigurationReport'
[2021-07-22 09:32:25] - Returning cached instance of singleton bean 'autoConfigurationReport'
[2021-07-22 09:32:25] - Condition OnClassCondition on org.springframework.boot.autoconfigure.cache.CacheAutoConfiguration matched due to @ConditionalOnClass found required class 'org.springframework.cache.CacheManager'
[2021-07-22 09:32:25] - Returning cached instance of singleton bean 'autoConfigurationReport'
[2021-07-22 09:32:25] - Returning cached instance of singleton bean 'autoConfigurationReport'
[2021-07-22 09:32:25] - Returning cached instance of singleton bean 'autoConfigurationReport'
[2021-07-22 09:32:25] - Returning cached instance of singleton bean 'autoConfigurationReport'
[2021-07-22 09:32:25] - Returning cached instance of singleton bean 'autoConfigurationReport'
[2021-07-22 09:32:25] - Returning cached instance of singleton bean 'autoConfigurationReport'
[2021-07-22 09:32:25] - Returning cached instance of singleton bean 'autoConfigurationReport'
[2021-07-22 09:32:25] - Returning cached instance of singleton bean 'autoConfigurationReport'
[2021-07-22 09:32:25] - Condition OnClassCondition on org.springframework.boot.autoconfigure.cache.JCacheCacheConfiguration did not match due to @ConditionalOnClass did not find required class 'javax.cache.Caching'
[2021-07-22 09:32:25] - Returning cached instance of singleton bean 'autoConfigurationReport'
[2021-07-22 09:32:25] - Returning cached instance of singleton bean 'autoConfigurationReport'
[2021-07-22 09:32:25] - Filtered 1 auto configuration class in 0 ms
[2021-07-22 09:32:25] - Returning cached instance of singleton bean 'autoConfigurationReport'
[2021-07-22 09:32:25] - Condition OnClassCondition on org.springframework.boot.autoconfigure.cache.EhCacheCacheConfiguration did not match due to @ConditionalOnClass did not find required class 'net.sf.ehcache.Cache'
[2021-07-22 09:32:25] - Returning cached instance of singleton bean 'autoConfigurationReport'
[2021-07-22 09:32:25] - Returning cached instance of singleton bean 'autoConfigurationReport'
[2021-07-22 09:32:25] - Filtered 1 auto configuration class in 0 ms
[2021-07-22 09:32:25] - Returning cached instance of singleton bean 'autoConfigurationReport'
[2021-07-22 09:32:25] - Condition OnClassCondition on org.springframework.boot.autoconfigure.cache.HazelcastCacheConfiguration did not match due to @ConditionalOnClass did not find required class 'com.hazelcast.core.HazelcastInstance'
[2021-07-22 09:32:25] - Returning cached instance of singleton bean 'autoConfigurationReport'
[2021-07-22 09:32:25] - Returning cached instance of singleton bean 'autoConfigurationReport'
[2021-07-22 09:32:25] - Filtered 1 auto configuration class in 0 ms
[2021-07-22 09:32:25] - Returning cached instance of singleton bean 'autoConfigurationReport'
[2021-07-22 09:32:25] - Condition OnClassCondition on org.springframework.boot.autoconfigure.cache.InfinispanCacheConfiguration did not match due to @ConditionalOnClass did not find required class 'org.infinispan.spring.embedded.provider.SpringEmbeddedCacheManager'
[2021-07-22 09:32:25] - Returning cached instance of singleton bean 'autoConfigurationReport'
[2021-07-22 09:32:25] - Returning cached instance of singleton bean 'autoConfigurationReport'
[2021-07-22 09:32:25] - Filtered 1 auto configuration class in 0 ms
[2021-07-22 09:32:25] - Returning cached instance of singleton bean 'autoConfigurationReport'
[2021-07-22 09:32:25] - Condition OnClassCondition on org.springframework.boot.autoconfigure.cache.CouchbaseCacheConfiguration did not match due to @ConditionalOnClass did not find required class 'com.couchbase.client.java.Cluster'
[2021-07-22 09:32:25] - Returning cached instance of singleton bean 'autoConfigurationReport'
[2021-07-22 09:32:25] - Returning cached instance of singleton bean 'autoConfigurationReport'
[2021-07-22 09:32:25] - Filtered 1 auto configuration class in 0 ms
[2021-07-22 09:32:25] - Returning cached instance of singleton bean 'autoConfigurationReport'
[2021-07-22 09:32:25] - Condition OnClassCondition on org.springframework.boot.autoconfigure.cache.RedisCacheConfiguration did not match due to @ConditionalOnClass did not find required class 'org.springframework.data.redis.connection.RedisConnectionFactory'
[2021-07-22 09:32:25] - Returning cached instance of singleton bean 'autoConfigurationReport'
[2021-07-22 09:32:25] - Returning cached instance of singleton bean 'autoConfigurationReport'
[2021-07-22 09:32:25] - Filtered 1 auto configuration class in 0 ms
[2021-07-22 09:32:25] - Returning cached instance of singleton bean 'autoConfigurationReport'
[2021-07-22 09:32:25] - Condition OnClassCondition on org.springframework.boot.autoconfigure.cache.CaffeineCacheConfiguration did not match due to @ConditionalOnClass did not find required class 'com.github.benmanes.caffeine.cache.Caffeine'
[2021-07-22 09:32:25] - Returning cached instance of singleton bean 'autoConfigurationReport'
[2021-07-22 09:32:25] - Returning cached instance of singleton bean 'autoConfigurationReport'
[2021-07-22 09:32:25] - Filtered 1 auto configuration class in 0 ms
[2021-07-22 09:32:25] - Returning cached instance of singleton bean 'autoConfigurationReport'
[2021-07-22 09:32:25] - Returning cached instance of singleton bean 'autoConfigurationReport'
[2021-07-22 09:32:25] - Returning cached instance of singleton bean 'autoConfigurationReport'
[2021-07-22 09:32:25] - Returning cached instance of singleton bean 'autoConfigurationReport'
[2021-07-22 09:32:25] - Returning cached instance of singleton bean 'autoConfigurationReport'
[2021-07-22 09:32:25] - Returning cached instance of singleton bean 'autoConfigurationReport'
[2021-07-22 09:32:25] - Condition CacheCondition on org.springframework.boot.autoconfigure.cache.GenericCacheConfiguration matched due to Cache org.springframework.boot.autoconfigure.cache.GenericCacheConfiguration automatic cache type
[2021-07-22 09:32:25] - Returning cached instance of singleton bean 'autoConfigurationReport'
[2021-07-22 09:32:25] - Returning cached instance of singleton bean 'autoConfigurationReport'
[2021-07-22 09:32:25] - Returning cached instance of singleton bean 'autoConfigurationReport'
[2021-07-22 09:32:25] - Returning cached instance of singleton bean 'autoConfigurationReport'
[2021-07-22 09:32:25] - Returning cached instance of singleton bean 'autoConfigurationReport'
[2021-07-22 09:32:25] - Returning cached instance of singleton bean 'autoConfigurationReport'
[2021-07-22 09:32:25] - Returning cached instance of singleton bean 'autoConfigurationReport'
[2021-07-22 09:32:25] - Condition CacheCondition on org.springframework.boot.autoconfigure.cache.SimpleCacheConfiguration matched due to Cache org.springframework.boot.autoconfigure.cache.SimpleCacheConfiguration automatic cache type
[2021-07-22 09:32:25] - Returning cached instance of singleton bean 'autoConfigurationReport'
[2021-07-22 09:32:25] - Returning cached instance of singleton bean 'autoConfigurationReport'
[2021-07-22 09:32:25] - Returning cached instance of singleton bean 'autoConfigurationReport'
[2021-07-22 09:32:25] - Returning cached instance of singleton bean 'autoConfigurationReport'
[2021-07-22 09:32:25] - Condition CacheCondition on org.springframework.boot.autoconfigure.cache.NoOpCacheConfiguration matched due to Cache org.springframework.boot.autoconfigure.cache.NoOpCacheConfiguration automatic cache type
[2021-07-22 09:32:25] - Returning cached instance of singleton bean 'autoConfigurationReport'
[2021-07-22 09:32:25] - Returning cached instance of singleton bean 'autoConfigurationReport'
[2021-07-22 09:32:25] - Returning cached instance of singleton bean 'autoConfigurationReport'
[2021-07-22 09:32:25] - Returning cached instance of singleton bean 'autoConfigurationReport'
[2021-07-22 09:32:25] - Condition OnClassCondition on org.springframework.boot.autoconfigure.cache.CacheAutoConfiguration$CacheManagerEntityManagerFactoryDependsOnPostProcessor matched due to @ConditionalOnClass found required class 'org.springframework.orm.jpa.LocalContainerEntityManagerFactoryBean'
[2021-07-22 09:32:25] - Returning cached instance of singleton bean 'autoConfigurationReport'
[2021-07-22 09:32:25] - Returning cached instance of singleton bean 'autoConfigurationReport'
[2021-07-22 09:32:25] - Returning cached instance of singleton bean 'autoConfigurationReport'
[2021-07-22 09:32:25] - Returning cached instance of singleton bean 'autoConfigurationReport'
[2021-07-22 09:32:25] - Returning cached instance of singleton bean 'autoConfigurationReport'
[2021-07-22 09:32:25] - Returning cached instance of singleton bean 'autoConfigurationReport'
[2021-07-22 09:32:25] - Returning cached instance of singleton bean 'autoConfigurationReport'
[2021-07-22 09:32:25] - Returning cached instance of singleton bean 'autoConfigurationReport'
[2021-07-22 09:32:25] - Returning cached instance of singleton bean 'autoConfigurationReport'
[2021-07-22 09:32:25] - Returning cached instance of singleton bean 'autoConfigurationReport'
[2021-07-22 09:32:25] - Returning cached instance of singleton bean 'autoConfigurationReport'
[2021-07-22 09:32:25] - Returning cached instance of singleton bean 'autoConfigurationReport'
[2021-07-22 09:32:25] - Returning cached instance of singleton bean 'autoConfigurationReport'
[2021-07-22 09:32:25] - Returning cached instance of singleton bean 'autoConfigurationReport'
[2021-07-22 09:32:25] - Returning cached instance of singleton bean 'autoConfigurationReport'
[2021-07-22 09:32:25] - Returning cached instance of singleton bean 'autoConfigurationReport'
[2021-07-22 09:32:25] - Returning cached instance of singleton bean 'autoConfigurationReport'
[2021-07-22 09:32:25] - Returning cached instance of singleton bean 'autoConfigurationReport'
[2021-07-22 09:32:25] - Returning cached instance of singleton bean 'autoConfigurationReport'
[2021-07-22 09:32:25] - Returning cached instance of singleton bean 'autoConfigurationReport'
[2021-07-22 09:32:25] - Returning cached instance of singleton bean 'autoConfigurationReport'
[2021-07-22 09:32:25] - Returning cached instance of singleton bean 'autoConfigurationReport'
[2021-07-22 09:32:25] - Returning cached instance of singleton bean 'autoConfigurationReport'
[2021-07-22 09:32:25] - Returning cached instance of singleton bean 'autoConfigurationReport'
[2021-07-22 09:32:25] - Returning cached instance of singleton bean 'autoConfigurationReport'
[2021-07-22 09:32:25] - Returning cached instance of singleton bean 'autoConfigurationReport'
[2021-07-22 09:32:25] - Returning cached instance of singleton bean 'autoConfigurationReport'
[2021-07-22 09:32:25] - Returning cached instance of singleton bean 'autoConfigurationReport'
[2021-07-22 09:32:25] - Condition OnClassCondition on org.springframework.boot.autoconfigure.dao.PersistenceExceptionTranslationAutoConfiguration matched due to @ConditionalOnClass found required class 'org.springframework.dao.annotation.PersistenceExceptionTranslationPostProcessor'
[2021-07-22 09:32:25] - Returning cached instance of singleton bean 'autoConfigurationReport'
[2021-07-22 09:32:25] - Returning cached instance of singleton bean 'autoConfigurationReport'
[2021-07-22 09:32:25] - Returning cached instance of singleton bean 'autoConfigurationReport'
[2021-07-22 09:32:25] - Returning cached instance of singleton bean 'autoConfigurationReport'
[2021-07-22 09:32:25] - Returning cached instance of singleton bean 'autoConfigurationReport'
[2021-07-22 09:32:25] - Returning cached instance of singleton bean 'autoConfigurationReport'
[2021-07-22 09:32:25] - Returning cached instance of singleton bean 'autoConfigurationReport'
[2021-07-22 09:32:25] - Returning cached instance of singleton bean 'autoConfigurationReport'
[2021-07-22 09:32:25] - Returning cached instance of singleton bean 'autoConfigurationReport'
[2021-07-22 09:32:25] - Returning cached instance of singleton bean 'autoConfigurationReport'
[2021-07-22 09:32:25] - Condition OnClassCondition on org.springframework.boot.autoconfigure.data.jpa.JpaRepositoriesAutoConfiguration matched due to @ConditionalOnClass found required class 'org.springframework.data.jpa.repository.JpaRepository'
[2021-07-22 09:32:25] - Returning cached instance of singleton bean 'autoConfigurationReport'
[2021-07-22 09:32:25] - Condition OnPropertyCondition on org.springframework.boot.autoconfigure.data.jpa.JpaRepositoriesAutoConfiguration matched due to @ConditionalOnProperty (spring.data.jpa.repositories.enabled=true) matched
[2021-07-22 09:32:25] - Returning cached instance of singleton bean 'autoConfigurationReport'
[2021-07-22 09:32:25] - Returning cached instance of singleton bean 'autoConfigurationReport'
[2021-07-22 09:32:25] - Returning cached instance of singleton bean 'autoConfigurationReport'
[2021-07-22 09:32:25] - Returning cached instance of singleton bean 'autoConfigurationReport'
[2021-07-22 09:32:25] - Returning cached instance of singleton bean 'autoConfigurationReport'
[2021-07-22 09:32:25] - Returning cached instance of singleton bean 'autoConfigurationReport'
[2021-07-22 09:32:25] - Returning cached instance of singleton bean 'autoConfigurationReport'
[2021-07-22 09:32:25] - Returning cached instance of singleton bean 'autoConfigurationReport'
[2021-07-22 09:32:25] - Returning cached instance of singleton bean 'autoConfigurationReport'
[2021-07-22 09:32:25] - Returning cached instance of singleton bean 'autoConfigurationReport'
[2021-07-22 09:32:25] - Condition OnClassCondition on org.springframework.boot.autoconfigure.http.HttpMessageConvertersAutoConfiguration matched due to @ConditionalOnClass found required class 'org.springframework.http.converter.HttpMessageConverter'
[2021-07-22 09:32:25] - Returning cached instance of singleton bean 'autoConfigurationReport'
[2021-07-22 09:32:25] - Condition HttpMessageConvertersAutoConfiguration.NotReactiveWebApplicationCondition on org.springframework.boot.autoconfigure.http.HttpMessageConvertersAutoConfiguration matched due to NoneNestedConditions 0 matched 1 did not; NestedCondition on HttpMessageConvertersAutoConfiguration.NotReactiveWebApplicationCondition.ReactiveWebApplication did not find reactive web application classes
[2021-07-22 09:32:25] - Returning cached instance of singleton bean 'autoConfigurationReport'
[2021-07-22 09:32:25] - Returning cached instance of singleton bean 'autoConfigurationReport'
[2021-07-22 09:32:25] - Returning cached instance of singleton bean 'autoConfigurationReport'
[2021-07-22 09:32:25] - Returning cached instance of singleton bean 'autoConfigurationReport'
[2021-07-22 09:32:25] - Condition OnClassCondition on org.springframework.boot.autoconfigure.http.HttpMessageConvertersAutoConfiguration$StringHttpMessageConverterConfiguration matched due to @ConditionalOnClass found required class 'org.springframework.http.converter.StringHttpMessageConverter'
[2021-07-22 09:32:25] - Returning cached instance of singleton bean 'autoConfigurationReport'
[2021-07-22 09:32:25] - Returning cached instance of singleton bean 'autoConfigurationReport'
[2021-07-22 09:32:25] - Returning cached instance of singleton bean 'autoConfigurationReport'
[2021-07-22 09:32:25] - Returning cached instance of singleton bean 'autoConfigurationReport'
[2021-07-22 09:32:25] - Returning cached instance of singleton bean 'autoConfigurationReport'
[2021-07-22 09:32:25] - Returning cached instance of singleton bean 'autoConfigurationReport'
[2021-07-22 09:32:25] - Returning cached instance of singleton bean 'autoConfigurationReport'
[2021-07-22 09:32:25] - Condition OnClassCondition on org.springframework.boot.autoconfigure.http.JacksonHttpMessageConvertersConfiguration$MappingJackson2XmlHttpMessageConverterConfiguration did not match due to @ConditionalOnClass did not find required class 'com.fasterxml.jackson.dataformat.xml.XmlMapper'
[2021-07-22 09:32:25] - Returning cached instance of singleton bean 'autoConfigurationReport'
[2021-07-22 09:32:25] - Condition OnClassCondition on org.springframework.boot.autoconfigure.http.JacksonHttpMessageConvertersConfiguration$MappingJackson2HttpMessageConverterConfiguration matched due to @ConditionalOnClass found required class 'com.fasterxml.jackson.databind.ObjectMapper'
[2021-07-22 09:32:25] - Returning cached instance of singleton bean 'autoConfigurationReport'
[2021-07-22 09:32:25] - Condition OnPropertyCondition on org.springframework.boot.autoconfigure.http.JacksonHttpMessageConvertersConfiguration$MappingJackson2HttpMessageConverterConfiguration matched due to @ConditionalOnProperty (spring.mvc.converters.preferred-json-mapper=jackson) matched
[2021-07-22 09:32:25] - Returning cached instance of singleton bean 'autoConfigurationReport'
[2021-07-22 09:32:25] - Returning cached instance of singleton bean 'autoConfigurationReport'
[2021-07-22 09:32:25] - Returning cached instance of singleton bean 'autoConfigurationReport'
[2021-07-22 09:32:25] - Returning cached instance of singleton bean 'autoConfigurationReport'
[2021-07-22 09:32:25] - Condition OnClassCondition on org.springframework.boot.autoconfigure.http.GsonHttpMessageConvertersConfiguration did not match due to @ConditionalOnClass did not find required class 'com.google.gson.Gson'
[2021-07-22 09:32:25] - Returning cached instance of singleton bean 'autoConfigurationReport'
[2021-07-22 09:32:25] - Condition OnClassCondition on org.springframework.boot.autoconfigure.http.JsonbHttpMessageConvertersConfiguration did not match due to @ConditionalOnClass did not find required class 'javax.json.bind.Jsonb'
[2021-07-22 09:32:25] - Returning cached instance of singleton bean 'autoConfigurationReport'
[2021-07-22 09:32:25] - Returning cached instance of singleton bean 'autoConfigurationReport'
[2021-07-22 09:32:25] - Returning cached instance of singleton bean 'autoConfigurationReport'
[2021-07-22 09:32:25] - Returning cached instance of singleton bean 'autoConfigurationReport'
[2021-07-22 09:32:25] - Returning cached instance of singleton bean 'autoConfigurationReport'
[2021-07-22 09:32:25] - Returning cached instance of singleton bean 'autoConfigurationReport'
[2021-07-22 09:32:25] - Returning cached instance of singleton bean 'autoConfigurationReport'
[2021-07-22 09:32:25] - Condition OnClassCondition on org.springframework.boot.autoconfigure.data.web.SpringDataWebAutoConfiguration matched due to @ConditionalOnClass found required classes 'org.springframework.data.web.PageableHandlerMethodArgumentResolver', 'org.springframework.web.servlet.config.annotation.WebMvcConfigurer'
[2021-07-22 09:32:25] - Returning cached instance of singleton bean 'autoConfigurationReport'
[2021-07-22 09:32:25] - Condition OnWebApplicationCondition on org.springframework.boot.autoconfigure.data.web.SpringDataWebAutoConfiguration matched due to found 'session' scope
[2021-07-22 09:32:25] - Returning cached instance of singleton bean 'autoConfigurationReport'
[2021-07-22 09:32:25] - Returning cached instance of singleton bean 'autoConfigurationReport'
[2021-07-22 09:32:25] - Returning cached instance of singleton bean 'autoConfigurationReport'
[2021-07-22 09:32:25] - Returning cached instance of singleton bean 'autoConfigurationReport'
[2021-07-22 09:32:25] - Returning cached instance of singleton bean 'autoConfigurationReport'
[2021-07-22 09:32:25] - Returning cached instance of singleton bean 'autoConfigurationReport'
[2021-07-22 09:32:25] - Returning cached instance of singleton bean 'autoConfigurationReport'
[2021-07-22 09:32:25] - Returning cached instance of singleton bean 'autoConfigurationReport'
[2021-07-22 09:32:25] - Returning cached instance of singleton bean 'autoConfigurationReport'
[2021-07-22 09:32:25] - Returning cached instance of singleton bean 'autoConfigurationReport'
[2021-07-22 09:32:25] - Returning cached instance of singleton bean 'autoConfigurationReport'
[2021-07-22 09:32:25] - Returning cached instance of singleton bean 'autoConfigurationReport'
[2021-07-22 09:32:25] - Returning cached instance of singleton bean 'autoConfigurationReport'
[2021-07-22 09:32:25] - Returning cached instance of singleton bean 'autoConfigurationReport'
[2021-07-22 09:32:25] - Returning cached instance of singleton bean 'autoConfigurationReport'
[2021-07-22 09:32:25] - Returning cached instance of singleton bean 'autoConfigurationReport'
[2021-07-22 09:32:25] - Returning cached instance of singleton bean 'autoConfigurationReport'
[2021-07-22 09:32:25] - Returning cached instance of singleton bean 'autoConfigurationReport'
[2021-07-22 09:32:25] - Returning cached instance of singleton bean 'autoConfigurationReport'
[2021-07-22 09:32:25] - Returning cached instance of singleton bean 'autoConfigurationReport'
[2021-07-22 09:32:25] - Returning cached instance of singleton bean 'autoConfigurationReport'
[2021-07-22 09:32:25] - Returning cached instance of singleton bean 'autoConfigurationReport'
[2021-07-22 09:32:25] - Returning cached instance of singleton bean 'autoConfigurationReport'
[2021-07-22 09:32:25] - Returning cached instance of singleton bean 'autoConfigurationReport'
[2021-07-22 09:32:25] - Returning cached instance of singleton bean 'autoConfigurationReport'
[2021-07-22 09:32:25] - Returning cached instance of singleton bean 'autoConfigurationReport'
[2021-07-22 09:32:25] - Returning cached instance of singleton bean 'autoConfigurationReport'
[2021-07-22 09:32:25] - Returning cached instance of singleton bean 'autoConfigurationReport'
[2021-07-22 09:32:25] - Returning cached instance of singleton bean 'autoConfigurationReport'
[2021-07-22 09:32:25] - Returning cached instance of singleton bean 'autoConfigurationReport'
[2021-07-22 09:32:25] - Returning cached instance of singleton bean 'autoConfigurationReport'
[2021-07-22 09:32:25] - Returning cached instance of singleton bean 'autoConfigurationReport'
[2021-07-22 09:32:25] - Returning cached instance of singleton bean 'autoConfigurationReport'
[2021-07-22 09:32:25] - Returning cached instance of singleton bean 'autoConfigurationReport'
[2021-07-22 09:32:25] - Returning cached instance of singleton bean 'autoConfigurationReport'
[2021-07-22 09:32:25] - Returning cached instance of singleton bean 'autoConfigurationReport'
[2021-07-22 09:32:25] - Returning cached instance of singleton bean 'autoConfigurationReport'
[2021-07-22 09:32:25] - Condition OnClassCondition on org.springframework.boot.autoconfigure.jdbc.JdbcTemplateAutoConfiguration matched due to @ConditionalOnClass found required classes 'javax.sql.DataSource', 'org.springframework.jdbc.core.JdbcTemplate'
[2021-07-22 09:32:25] - Returning cached instance of singleton bean 'autoConfigurationReport'
[2021-07-22 09:32:25] - Returning cached instance of singleton bean 'autoConfigurationReport'
[2021-07-22 09:32:25] - Returning cached instance of singleton bean 'autoConfigurationReport'
[2021-07-22 09:32:25] - Returning cached instance of singleton bean 'autoConfigurationReport'
[2021-07-22 09:32:25] - Returning cached instance of singleton bean 'autoConfigurationReport'
[2021-07-22 09:32:25] - Returning cached instance of singleton bean 'autoConfigurationReport'
[2021-07-22 09:32:25] - Returning cached instance of singleton bean 'autoConfigurationReport'
[2021-07-22 09:32:25] - Returning cached instance of singleton bean 'autoConfigurationReport'
[2021-07-22 09:32:25] - Returning cached instance of singleton bean 'autoConfigurationReport'
[2021-07-22 09:32:25] - Returning cached instance of singleton bean 'autoConfigurationReport'
[2021-07-22 09:32:25] - Returning cached instance of singleton bean 'autoConfigurationReport'
[2021-07-22 09:32:25] - Returning cached instance of singleton bean 'autoConfigurationReport'
[2021-07-22 09:32:25] - Returning cached instance of singleton bean 'autoConfigurationReport'
[2021-07-22 09:32:25] - Returning cached instance of singleton bean 'autoConfigurationReport'
[2021-07-22 09:32:25] - Returning cached instance of singleton bean 'autoConfigurationReport'
[2021-07-22 09:32:25] - Returning cached instance of singleton bean 'autoConfigurationReport'
[2021-07-22 09:32:25] - Condition OnPropertyCondition on org.springframework.boot.autoconfigure.sql.init.SqlInitializationAutoConfiguration matched due to @ConditionalOnProperty (spring.sql.init.enabled) matched
[2021-07-22 09:32:25] - Returning cached instance of singleton bean 'autoConfigurationReport'
[2021-07-22 09:32:25] - Condition SqlInitializationAutoConfiguration.SqlInitializationModeCondition on org.springframework.boot.autoconfigure.sql.init.SqlInitializationAutoConfiguration matched due to NoneNestedConditions 0 matched 1 did not; NestedCondition on SqlInitializationAutoConfiguration.SqlInitializationModeCondition.ModeIsNever @ConditionalOnProperty (spring.sql.init.mode=never) did not find property 'mode'
[2021-07-22 09:32:25] - Returning cached instance of singleton bean 'autoConfigurationReport'
[2021-07-22 09:32:25] - Returning cached instance of singleton bean 'autoConfigurationReport'
[2021-07-22 09:32:25] - Returning cached instance of singleton bean 'autoConfigurationReport'
[2021-07-22 09:32:25] - Returning cached instance of singleton bean 'autoConfigurationReport'
[2021-07-22 09:32:25] - Condition OnClassCondition on org.springframework.boot.autoconfigure.sql.init.R2dbcInitializationConfiguration did not match due to @ConditionalOnClass did not find required classes 'io.r2dbc.spi.ConnectionFactory', 'org.springframework.r2dbc.connection.init.DatabasePopulator'
[2021-07-22 09:32:25] - Returning cached instance of singleton bean 'autoConfigurationReport'
[2021-07-22 09:32:25] - Condition OnClassCondition on org.springframework.boot.autoconfigure.sql.init.DataSourceInitializationConfiguration matched due to @ConditionalOnClass found required class 'org.springframework.jdbc.datasource.init.DatabasePopulator'
[2021-07-22 09:32:25] - Returning cached instance of singleton bean 'autoConfigurationReport'
[2021-07-22 09:32:25] - Returning cached instance of singleton bean 'autoConfigurationReport'
[2021-07-22 09:32:25] - Returning cached instance of singleton bean 'autoConfigurationReport'
[2021-07-22 09:32:25] - Returning cached instance of singleton bean 'autoConfigurationReport'
[2021-07-22 09:32:25] - Returning cached instance of singleton bean 'autoConfigurationReport'
[2021-07-22 09:32:25] - Returning cached instance of singleton bean 'autoConfigurationReport'
[2021-07-22 09:32:25] - Returning cached instance of singleton bean 'autoConfigurationReport'
[2021-07-22 09:32:25] - Returning cached instance of singleton bean 'autoConfigurationReport'
[2021-07-22 09:32:25] - Returning cached instance of singleton bean 'autoConfigurationReport'
[2021-07-22 09:32:25] - Returning cached instance of singleton bean 'autoConfigurationReport'
[2021-07-22 09:32:25] - Condition OnClassCondition on org.springframework.boot.autoconfigure.task.TaskSchedulingAutoConfiguration matched due to @ConditionalOnClass found required class 'org.springframework.scheduling.concurrent.ThreadPoolTaskScheduler'
[2021-07-22 09:32:25] - Returning cached instance of singleton bean 'autoConfigurationReport'
[2021-07-22 09:32:25] - Returning cached instance of singleton bean 'autoConfigurationReport'
[2021-07-22 09:32:25] - Returning cached instance of singleton bean 'autoConfigurationReport'
[2021-07-22 09:32:25] - Returning cached instance of singleton bean 'autoConfigurationReport'
[2021-07-22 09:32:25] - Returning cached instance of singleton bean 'autoConfigurationReport'
[2021-07-22 09:32:25] - Returning cached instance of singleton bean 'autoConfigurationReport'
[2021-07-22 09:32:25] - Returning cached instance of singleton bean 'autoConfigurationReport'
[2021-07-22 09:32:25] - Returning cached instance of singleton bean 'autoConfigurationReport'
[2021-07-22 09:32:25] - Returning cached instance of singleton bean 'autoConfigurationReport'
[2021-07-22 09:32:25] - Returning cached instance of singleton bean 'autoConfigurationReport'
[2021-07-22 09:32:25] - Condition OnClassCondition on org.springframework.boot.autoconfigure.jdbc.DataSourceTransactionManagerAutoConfiguration matched due to @ConditionalOnClass found required classes 'org.springframework.jdbc.core.JdbcTemplate', 'org.springframework.transaction.TransactionManager'
[2021-07-22 09:32:25] - Returning cached instance of singleton bean 'autoConfigurationReport'
[2021-07-22 09:32:25] - Returning cached instance of singleton bean 'autoConfigurationReport'
[2021-07-22 09:32:25] - Returning cached instance of singleton bean 'autoConfigurationReport'
[2021-07-22 09:32:25] - Returning cached instance of singleton bean 'autoConfigurationReport'
[2021-07-22 09:32:25] - Returning cached instance of singleton bean 'autoConfigurationReport'
[2021-07-22 09:32:25] - Returning cached instance of singleton bean 'autoConfigurationReport'
[2021-07-22 09:32:25] - Returning cached instance of singleton bean 'autoConfigurationReport'
[2021-07-22 09:32:25] - Returning cached instance of singleton bean 'autoConfigurationReport'
[2021-07-22 09:32:25] - Returning cached instance of singleton bean 'autoConfigurationReport'
[2021-07-22 09:32:25] - Returning cached instance of singleton bean 'autoConfigurationReport'
[2021-07-22 09:32:25] - Returning cached instance of singleton bean 'autoConfigurationReport'
[2021-07-22 09:32:25] - Returning cached instance of singleton bean 'autoConfigurationReport'
[2021-07-22 09:32:25] - Returning cached instance of singleton bean 'autoConfigurationReport'
[2021-07-22 09:32:25] - Condition OnClassCondition on org.springframework.boot.autoconfigure.transaction.TransactionAutoConfiguration matched due to @ConditionalOnClass found required class 'org.springframework.transaction.PlatformTransactionManager'
[2021-07-22 09:32:25] - Returning cached instance of singleton bean 'autoConfigurationReport'
[2021-07-22 09:32:25] - Returning cached instance of singleton bean 'autoConfigurationReport'
[2021-07-22 09:32:25] - Returning cached instance of singleton bean 'autoConfigurationReport'
[2021-07-22 09:32:25] - Returning cached instance of singleton bean 'autoConfigurationReport'
[2021-07-22 09:32:25] - Returning cached instance of singleton bean 'autoConfigurationReport'
[2021-07-22 09:32:25] - Returning cached instance of singleton bean 'autoConfigurationReport'
[2021-07-22 09:32:25] - Returning cached instance of singleton bean 'autoConfigurationReport'
[2021-07-22 09:32:25] - Condition OnPropertyCondition on org.springframework.boot.autoconfigure.transaction.TransactionAutoConfiguration$EnableTransactionManagementConfiguration$CglibAutoProxyConfiguration matched due to @ConditionalOnProperty (spring.aop.proxy-target-class=true) matched
[2021-07-22 09:32:25] - Returning cached instance of singleton bean 'autoConfigurationReport'
[2021-07-22 09:32:25] - Returning cached instance of singleton bean 'autoConfigurationReport'
[2021-07-22 09:32:25] - Returning cached instance of singleton bean 'autoConfigurationReport'
[2021-07-22 09:32:25] - Returning cached instance of singleton bean 'autoConfigurationReport'
[2021-07-22 09:32:25] - Returning cached instance of singleton bean 'autoConfigurationReport'
[2021-07-22 09:32:25] - Returning cached instance of singleton bean 'autoConfigurationReport'
[2021-07-22 09:32:25] - Returning cached instance of singleton bean 'autoConfigurationReport'
[2021-07-22 09:32:25] - Returning cached instance of singleton bean 'autoConfigurationReport'
[2021-07-22 09:32:25] - Returning cached instance of singleton bean 'autoConfigurationReport'
[2021-07-22 09:32:25] - Returning cached instance of singleton bean 'autoConfigurationReport'
[2021-07-22 09:32:25] - Returning cached instance of singleton bean 'autoConfigurationReport'
[2021-07-22 09:32:25] - Returning cached instance of singleton bean 'autoConfigurationReport'
[2021-07-22 09:32:25] - Returning cached instance of singleton bean 'autoConfigurationReport'
[2021-07-22 09:32:25] - Condition OnPropertyCondition on org.springframework.boot.autoconfigure.transaction.TransactionAutoConfiguration$EnableTransactionManagementConfiguration$JdkDynamicAutoProxyConfiguration did not match due to @ConditionalOnProperty (spring.aop.proxy-target-class=false) did not find property 'proxy-target-class'
[2021-07-22 09:32:25] - Returning cached instance of singleton bean 'autoConfigurationReport'
[2021-07-22 09:32:25] - Returning cached instance of singleton bean 'autoConfigurationReport'
[2021-07-22 09:32:25] - Returning cached instance of singleton bean 'autoConfigurationReport'
[2021-07-22 09:32:25] - Returning cached instance of singleton bean 'autoConfigurationReport'
[2021-07-22 09:32:25] - Returning cached instance of singleton bean 'autoConfigurationReport'
