[2021-07-28 09:14:20] - Adding type registration short -> org.hibernate.type.ShortType@220c9a63
[2021-07-28 09:14:20] - Adding type registration short -> org.hibernate.type.ShortType@220c9a63
[2021-07-28 09:14:20] - Adding type registration java.lang.Short -> org.hibernate.type.ShortType@220c9a63
[2021-07-28 09:14:20] - Adding type registration integer -> org.hibernate.type.IntegerType@54b2fc58
[2021-07-28 09:14:20] - Adding type registration int -> org.hibernate.type.IntegerType@54b2fc58
[2021-07-28 09:14:20] - Adding type registration java.lang.Integer -> org.hibernate.type.IntegerType@54b2fc58
[2021-07-28 09:14:20] - Adding type registration long -> org.hibernate.type.LongType@4b1ec694
[2021-07-28 09:14:20] - Adding type registration long -> org.hibernate.type.LongType@4b1ec694
[2021-07-28 09:14:20] - Adding type registration java.lang.Long -> org.hibernate.type.LongType@4b1ec694
[2021-07-28 09:14:20] - Adding type registration float -> org.hibernate.type.FloatType@5dc769f9
[2021-07-28 09:14:20] - Adding type registration float -> org.hibernate.type.FloatType@5dc769f9
[2021-07-28 09:14:20] - Adding type registration java.lang.Float -> org.hibernate.type.FloatType@5dc769f9
[2021-07-28 09:14:20] - Adding type registration double -> org.hibernate.type.DoubleType@2e1b374c
[2021-07-28 09:14:20] - Adding type registration double -> org.hibernate.type.DoubleType@2e1b374c
[2021-07-28 09:14:20] - Adding type registration java.lang.Double -> org.hibernate.type.DoubleType@2e1b374c
[2021-07-28 09:14:20] - Adding type registration big_decimal -> org.hibernate.type.BigDecimalType@5b40de43
[2021-07-28 09:14:20] - Adding type registration java.math.BigDecimal -> org.hibernate.type.BigDecimalType@5b40de43
[2021-07-28 09:14:20] - Adding type registration big_integer -> org.hibernate.type.BigIntegerType@21c747a
[2021-07-28 09:14:20] - Adding type registration java.math.BigInteger -> org.hibernate.type.BigIntegerType@21c747a
[2021-07-28 09:14:20] - Adding type registration string -> org.hibernate.type.StringType@68c9e023
[2021-07-28 09:14:20] - Adding type registration java.lang.String -> org.hibernate.type.StringType@68c9e023
[2021-07-28 09:14:20] - Adding type registration nstring -> org.hibernate.type.StringNVarcharType@4346808
[2021-07-28 09:14:20] - Adding type registration ncharacter -> org.hibernate.type.CharacterNCharType@2fbe26da
[2021-07-28 09:14:20] - Adding type registration url -> org.hibernate.type.UrlType@7c369270
[2021-07-28 09:14:20] - Adding type registration java.net.URL -> org.hibernate.type.UrlType@7c369270
[2021-07-28 09:14:20] - Adding type registration Duration -> org.hibernate.type.DurationType@3b98b809
[2021-07-28 09:14:20] - Adding type registration java.time.Duration -> org.hibernate.type.DurationType@3b98b809
[2021-07-28 09:14:20] - Adding type registration Instant -> org.hibernate.type.InstantType@3290b1a6
[2021-07-28 09:14:20] - Adding type registration java.time.Instant -> org.hibernate.type.InstantType@3290b1a6
[2021-07-28 09:14:20] - Adding type registration LocalDateTime -> org.hibernate.type.LocalDateTimeType@2f80cb79
[2021-07-28 09:14:20] - Adding type registration java.time.LocalDateTime -> org.hibernate.type.LocalDateTimeType@2f80cb79
[2021-07-28 09:14:20] - Adding type registration LocalDate -> org.hibernate.type.LocalDateType@34be065a
[2021-07-28 09:14:20] - Adding type registration java.time.LocalDate -> org.hibernate.type.LocalDateType@34be065a
[2021-07-28 09:14:20] - Adding type registration LocalTime -> org.hibernate.type.LocalTimeType@53d2d002
[2021-07-28 09:14:20] - Adding type registration java.time.LocalTime -> org.hibernate.type.LocalTimeType@53d2d002
[2021-07-28 09:14:20] - Adding type registration OffsetDateTime -> org.hibernate.type.OffsetDateTimeType@f0a66bd
[2021-07-28 09:14:20] - Adding type registration java.time.OffsetDateTime -> org.hibernate.type.OffsetDateTimeType@f0a66bd
[2021-07-28 09:14:20] - Adding type registration OffsetTime -> org.hibernate.type.OffsetTimeType@202ae86f
[2021-07-28 09:14:20] - Adding type registration java.time.OffsetTime -> org.hibernate.type.OffsetTimeType@202ae86f
[2021-07-28 09:14:20] - Adding type registration ZonedDateTime -> org.hibernate.type.ZonedDateTimeType@59edb4f5
[2021-07-28 09:14:20] - Adding type registration java.time.ZonedDateTime -> org.hibernate.type.ZonedDateTimeType@59edb4f5
[2021-07-28 09:14:20] - Adding type registration date -> org.hibernate.type.DateType@6f5bd362
[2021-07-28 09:14:20] - Adding type registration java.sql.Date -> org.hibernate.type.DateType@6f5bd362
[2021-07-28 09:14:20] - Adding type registration time -> org.hibernate.type.TimeType@7f323b3a
[2021-07-28 09:14:20] - Adding type registration java.sql.Time -> org.hibernate.type.TimeType@7f323b3a
[2021-07-28 09:14:20] - Adding type registration timestamp -> org.hibernate.type.TimestampType@4e3e11b9
[2021-07-28 09:14:20] - Adding type registration java.sql.Timestamp -> org.hibernate.type.TimestampType@4e3e11b9
[2021-07-28 09:14:20] - Adding type registration java.util.Date -> org.hibernate.type.TimestampType@4e3e11b9
[2021-07-28 09:14:20] - Adding type registration dbtimestamp -> org.hibernate.type.DbTimestampType@217c23ce
[2021-07-28 09:14:20] - Adding type registration calendar -> org.hibernate.type.CalendarType@6dee8ae6
[2021-07-28 09:14:20] - Adding type registration java.util.Calendar -> org.hibernate.type.CalendarType@6dee8ae6
[2021-07-28 09:14:20] - Adding type registration java.util.GregorianCalendar -> org.hibernate.type.CalendarType@6dee8ae6
[2021-07-28 09:14:20] - Adding type registration calendar_date -> org.hibernate.type.CalendarDateType@66fb45e5
[2021-07-28 09:14:20] - Adding type registration calendar_time -> org.hibernate.type.CalendarTimeType@6cfbbff7
[2021-07-28 09:14:20] - Adding type registration locale -> org.hibernate.type.LocaleType@61874b9d
[2021-07-28 09:14:20] - Adding type registration java.util.Locale -> org.hibernate.type.LocaleType@61874b9d
[2021-07-28 09:14:20] - Adding type registration currency -> org.hibernate.type.CurrencyType@1d98daa0
[2021-07-28 09:14:20] - Adding type registration java.util.Currency -> org.hibernate.type.CurrencyType@1d98daa0
[2021-07-28 09:14:20] - Adding type registration timezone -> org.hibernate.type.TimeZoneType@7499eac7
[2021-07-28 09:14:20] - Adding type registration java.util.TimeZone -> org.hibernate.type.TimeZoneType@7499eac7
[2021-07-28 09:14:20] - Adding type registration class -> org.hibernate.type.ClassType@1de4285e
[2021-07-28 09:14:20] - Adding type registration java.lang.Class -> org.hibernate.type.ClassType@1de4285e
[2021-07-28 09:14:20] - Adding type registration uuid-binary -> org.hibernate.type.UUIDBinaryType@58ae402b
[2021-07-28 09:14:20] - Adding type registration java.util.UUID -> org.hibernate.type.UUIDBinaryType@58ae402b
[2021-07-28 09:14:20] - Adding type registration uuid-char -> org.hibernate.type.UUIDCharType@3728a578
[2021-07-28 09:14:20] - Adding type registration binary -> org.hibernate.type.BinaryType@259b85d6
[2021-07-28 09:14:20] - Adding type registration byte[] -> org.hibernate.type.BinaryType@259b85d6
[2021-07-28 09:14:20] - Adding type registration [B -> org.hibernate.type.BinaryType@259b85d6
[2021-07-28 09:14:20] - Adding type registration wrapper-binary -> org.hibernate.type.WrapperBinaryType@1f43cab7
[2021-07-28 09:14:20] - Adding type registration Byte[] -> org.hibernate.type.WrapperBinaryType@1f43cab7
[2021-07-28 09:14:20] - Adding type registration [Ljava.lang.Byte; -> org.hibernate.type.WrapperBinaryType@1f43cab7
[2021-07-28 09:14:20] - Adding type registration row_version -> org.hibernate.type.RowVersionType@2abc8034
[2021-07-28 09:14:20] - Adding type registration image -> org.hibernate.type.ImageType@c7f4457
[2021-07-28 09:14:20] - Adding type registration characters -> org.hibernate.type.CharArrayType@31f295b6
[2021-07-28 09:14:20] - Adding type registration char[] -> org.hibernate.type.CharArrayType@31f295b6
[2021-07-28 09:14:20] - Adding type registration [C -> org.hibernate.type.CharArrayType@31f295b6
[2021-07-28 09:14:20] - Adding type registration wrapper-characters -> org.hibernate.type.CharacterArrayType@33e434c8
[2021-07-28 09:14:20] - Adding type registration [Ljava.lang.Character; -> org.hibernate.type.CharacterArrayType@33e434c8
[2021-07-28 09:14:20] - Adding type registration Character[] -> org.hibernate.type.CharacterArrayType@33e434c8
[2021-07-28 09:14:20] - Adding type registration text -> org.hibernate.type.TextType@3443e476
[2021-07-28 09:14:20] - Adding type registration ntext -> org.hibernate.type.NTextType@19bedeb8
[2021-07-28 09:14:20] - Adding type registration blob -> org.hibernate.type.BlobType@553da911
[2021-07-28 09:14:20] - Adding type registration java.sql.Blob -> org.hibernate.type.BlobType@553da911
[2021-07-28 09:14:20] - Adding type registration materialized_blob -> org.hibernate.type.MaterializedBlobType@6ea246af
[2021-07-28 09:14:20] - Adding type registration clob -> org.hibernate.type.ClobType@7066363
[2021-07-28 09:14:20] - Adding type registration java.sql.Clob -> org.hibernate.type.ClobType@7066363
[2021-07-28 09:14:20] - Adding type registration nclob -> org.hibernate.type.NClobType@2cca611f
[2021-07-28 09:14:20] - Adding type registration java.sql.NClob -> org.hibernate.type.NClobType@2cca611f
[2021-07-28 09:14:20] - Adding type registration materialized_clob -> org.hibernate.type.MaterializedClobType@fd09e43
[2021-07-28 09:14:20] - Adding type registration materialized_nclob -> org.hibernate.type.MaterializedNClobType@6bbab114
[2021-07-28 09:14:20] - Adding type registration serializable -> org.hibernate.type.SerializableType@234c5e41
[2021-07-28 09:14:20] - Adding type registration object -> org.hibernate.type.ObjectType@77d381e6
[2021-07-28 09:14:20] - Adding type registration java.lang.Object -> org.hibernate.type.ObjectType@77d381e6
[2021-07-28 09:14:20] - Adding type registration imm_date -> org.hibernate.type.AdaptedImmutableType@733c464f
[2021-07-28 09:14:20] - Adding type registration imm_time -> org.hibernate.type.AdaptedImmutableType@47272cd3
[2021-07-28 09:14:20] - Adding type registration imm_timestamp -> org.hibernate.type.AdaptedImmutableType@73fbdf68
[2021-07-28 09:14:20] - Adding type registration imm_dbtimestamp -> org.hibernate.type.AdaptedImmutableType@32f1fafe
[2021-07-28 09:14:20] - Adding type registration imm_calendar -> org.hibernate.type.AdaptedImmutableType@236eccd1
[2021-07-28 09:14:20] - Adding type registration imm_calendar_date -> org.hibernate.type.AdaptedImmutableType@5d512ddb
[2021-07-28 09:14:20] - Adding type registration imm_binary -> org.hibernate.type.AdaptedImmutableType@707ca986
[2021-07-28 09:14:20] - Adding type registration imm_serializable -> org.hibernate.type.AdaptedImmutableType@4de79b7d
[2021-07-28 09:14:20] - Injecting JPA temp ClassLoader [org.springframework.instrument.classloading.SimpleThrowawayClassLoader@4cc65c2] into BootstrapContext; was [null]
[2021-07-28 09:14:20] - ClassLoaderAccessImpl#injectTempClassLoader(org.springframework.instrument.classloading.SimpleThrowawayClassLoader@4cc65c2) [was null]
[2021-07-28 09:14:20] - Injecting ScanEnvironment [org.hibernate.jpa.boot.internal.StandardJpaScanEnvironmentImpl@5529ff44] into BootstrapContext; was [null]
[2021-07-28 09:14:20] - Injecting ScanOptions [org.hibernate.boot.archive.scan.internal.StandardScanOptions@14447be] into BootstrapContext; was [org.hibernate.boot.archive.scan.internal.StandardScanOptions@5eb5da12]
[2021-07-28 09:14:20] - Injecting JPA temp ClassLoader [null] into BootstrapContext; was [org.springframework.instrument.classloading.SimpleThrowawayClassLoader@4cc65c2]
[2021-07-28 09:14:20] - ClassLoaderAccessImpl#injectTempClassLoader(null) [was org.springframework.instrument.classloading.SimpleThrowawayClassLoader@4cc65c2]
[2021-07-28 09:14:20] - Registering IdentifierGenerator strategy [uuid2] -> [org.hibernate.id.UUIDGenerator]
[2021-07-28 09:14:20] - Registering IdentifierGenerator strategy [guid] -> [org.hibernate.id.GUIDGenerator]
[2021-07-28 09:14:20] - Registering IdentifierGenerator strategy [uuid] -> [org.hibernate.id.UUIDHexGenerator]
[2021-07-28 09:14:20] - Registering IdentifierGenerator strategy [uuid.hex] -> [org.hibernate.id.UUIDHexGenerator]
[2021-07-28 09:14:20] - Registering IdentifierGenerator strategy [assigned] -> [org.hibernate.id.Assigned]
[2021-07-28 09:14:20] - Registering IdentifierGenerator strategy [identity] -> [org.hibernate.id.IdentityGenerator]
[2021-07-28 09:14:20] - Registering IdentifierGenerator strategy [select] -> [org.hibernate.id.SelectGenerator]
[2021-07-28 09:14:20] - Registering IdentifierGenerator strategy [sequence] -> [org.hibernate.id.enhanced.SequenceStyleGenerator]
[2021-07-28 09:14:20] - Registering IdentifierGenerator strategy [seqhilo] -> [org.hibernate.id.SequenceHiLoGenerator]
[2021-07-28 09:14:20] - Registering IdentifierGenerator strategy [increment] -> [org.hibernate.id.IncrementGenerator]
[2021-07-28 09:14:20] - Registering IdentifierGenerator strategy [foreign] -> [org.hibernate.id.ForeignGenerator]
[2021-07-28 09:14:20] - Registering IdentifierGenerator strategy [sequence-identity] -> [org.hibernate.id.SequenceIdentityGenerator]
[2021-07-28 09:14:20] - Registering IdentifierGenerator strategy [enhanced-sequence] -> [org.hibernate.id.enhanced.SequenceStyleGenerator]
[2021-07-28 09:14:20] - Registering IdentifierGenerator strategy [enhanced-table] -> [org.hibernate.id.enhanced.TableGenerator]
[2021-07-28 09:14:20] - HikariPool-1 - configuration:
[2021-07-28 09:14:20] - allowPoolSuspension................................false
[2021-07-28 09:14:20] - autoCommit................................true
[2021-07-28 09:14:20] - catalog................................none
[2021-07-28 09:14:20] - connectionInitSql................................none
[2021-07-28 09:14:20] - connectionTestQuery................................none
[2021-07-28 09:14:20] - connectionTimeout................................30000
[2021-07-28 09:14:20] - dataSource................................none
[2021-07-28 09:14:20] - dataSourceClassName................................none
[2021-07-28 09:14:20] - dataSourceJNDI................................none
[2021-07-28 09:14:20] - dataSourceProperties................................{password=<masked>}
[2021-07-28 09:14:20] - driverClassName................................"com.mysql.jdbc.Driver"
[2021-07-28 09:14:20] - exceptionOverrideClassName................................none
[2021-07-28 09:14:20] - healthCheckProperties................................{}
[2021-07-28 09:14:20] - healthCheckRegistry................................none
[2021-07-28 09:14:20] - idleTimeout................................600000
[2021-07-28 09:14:20] - initializationFailTimeout................................1
[2021-07-28 09:14:20] - isolateInternalQueries................................false
[2021-07-28 09:14:20] - jdbcUrl................................jdbc:mysql://localhost:3306/institute_test
[2021-07-28 09:14:20] - keepaliveTime................................0
[2021-07-28 09:14:20] - leakDetectionThreshold................................0
[2021-07-28 09:14:20] - maxLifetime................................1800000
[2021-07-28 09:14:20] - maximumPoolSize................................10
[2021-07-28 09:14:20] - metricRegistry................................none
[2021-07-28 09:14:20] - metricsTrackerFactory................................none
[2021-07-28 09:14:20] - minimumIdle................................10
[2021-07-28 09:14:20] - password................................<masked>
[2021-07-28 09:14:20] - poolName................................"HikariPool-1"
[2021-07-28 09:14:20] - readOnly................................false
[2021-07-28 09:14:20] - registerMbeans................................false
[2021-07-28 09:14:20] - scheduledExecutor................................none
[2021-07-28 09:14:20] - schema................................none
[2021-07-28 09:14:20] - threadFactory................................internal
[2021-07-28 09:14:20] - transactionIsolation................................default
[2021-07-28 09:14:20] - username................................"root"
[2021-07-28 09:14:20] - validationTimeout................................5000
[2021-07-28 09:14:20] - HikariPool-1 - Starting...
[2021-07-28 09:14:20] - Registered driver with driverClassName=com.mysql.jdbc.Driver was not found, trying direct instantiation.
[2021-07-28 09:14:20] - Driver class com.mysql.jdbc.Driver found in Thread context class loader jdk.internal.loader.ClassLoaders$AppClassLoader@251a69d7
