[2021-07-27 16:46:01] - Adding type registration short -> org.hibernate.type.ShortType@12219f6a
[2021-07-27 16:46:01] - Adding type registration short -> org.hibernate.type.ShortType@12219f6a
[2021-07-27 16:46:01] - Adding type registration java.lang.Short -> org.hibernate.type.ShortType@12219f6a
[2021-07-27 16:46:01] - Adding type registration integer -> org.hibernate.type.IntegerType@4e22368c
[2021-07-27 16:46:01] - Adding type registration int -> org.hibernate.type.IntegerType@4e22368c
[2021-07-27 16:46:01] - Adding type registration java.lang.Integer -> org.hibernate.type.IntegerType@4e22368c
[2021-07-27 16:46:01] - Adding type registration long -> org.hibernate.type.LongType@5f0a2638
[2021-07-27 16:46:01] - Adding type registration long -> org.hibernate.type.LongType@5f0a2638
[2021-07-27 16:46:01] - Adding type registration java.lang.Long -> org.hibernate.type.LongType@5f0a2638
[2021-07-27 16:46:01] - Adding type registration float -> org.hibernate.type.FloatType@7b5cc918
[2021-07-27 16:46:01] - Adding type registration float -> org.hibernate.type.FloatType@7b5cc918
[2021-07-27 16:46:01] - Adding type registration java.lang.Float -> org.hibernate.type.FloatType@7b5cc918
[2021-07-27 16:46:01] - Adding type registration double -> org.hibernate.type.DoubleType@422ad5e2
[2021-07-27 16:46:01] - Adding type registration double -> org.hibernate.type.DoubleType@422ad5e2
[2021-07-27 16:46:01] - Adding type registration java.lang.Double -> org.hibernate.type.DoubleType@422ad5e2
[2021-07-27 16:46:01] - Adding type registration big_decimal -> org.hibernate.type.BigDecimalType@3249e278
[2021-07-27 16:46:01] - Adding type registration java.math.BigDecimal -> org.hibernate.type.BigDecimalType@3249e278
[2021-07-27 16:46:01] - Adding type registration big_integer -> org.hibernate.type.BigIntegerType@2047981
[2021-07-27 16:46:01] - Adding type registration java.math.BigInteger -> org.hibernate.type.BigIntegerType@2047981
[2021-07-27 16:46:01] - Adding type registration string -> org.hibernate.type.StringType@235c997d
[2021-07-27 16:46:01] - Adding type registration java.lang.String -> org.hibernate.type.StringType@235c997d
[2021-07-27 16:46:01] - Adding type registration nstring -> org.hibernate.type.StringNVarcharType@5c6a5192
[2021-07-27 16:46:01] - Adding type registration ncharacter -> org.hibernate.type.CharacterNCharType@151732fb
[2021-07-27 16:46:01] - Adding type registration url -> org.hibernate.type.UrlType@29079032
[2021-07-27 16:46:01] - Adding type registration java.net.URL -> org.hibernate.type.UrlType@29079032
[2021-07-27 16:46:01] - Adding type registration Duration -> org.hibernate.type.DurationType@316cda31
[2021-07-27 16:46:01] - Adding type registration java.time.Duration -> org.hibernate.type.DurationType@316cda31
[2021-07-27 16:46:01] - Adding type registration Instant -> org.hibernate.type.InstantType@315c081
[2021-07-27 16:46:01] - Adding type registration java.time.Instant -> org.hibernate.type.InstantType@315c081
[2021-07-27 16:46:01] - Adding type registration LocalDateTime -> org.hibernate.type.LocalDateTimeType@7a2fce12
[2021-07-27 16:46:01] - Adding type registration java.time.LocalDateTime -> org.hibernate.type.LocalDateTimeType@7a2fce12
[2021-07-27 16:46:01] - Adding type registration LocalDate -> org.hibernate.type.LocalDateType@41bfa9e9
[2021-07-27 16:46:01] - Adding type registration java.time.LocalDate -> org.hibernate.type.LocalDateType@41bfa9e9
[2021-07-27 16:46:01] - Adding type registration LocalTime -> org.hibernate.type.LocalTimeType@6d6ac396
[2021-07-27 16:46:01] - Adding type registration java.time.LocalTime -> org.hibernate.type.LocalTimeType@6d6ac396
[2021-07-27 16:46:01] - Adding type registration OffsetDateTime -> org.hibernate.type.OffsetDateTimeType@100ad67e
[2021-07-27 16:46:01] - Adding type registration java.time.OffsetDateTime -> org.hibernate.type.OffsetDateTimeType@100ad67e
[2021-07-27 16:46:01] - Adding type registration OffsetTime -> org.hibernate.type.OffsetTimeType@319642db
[2021-07-27 16:46:01] - Adding type registration java.time.OffsetTime -> org.hibernate.type.OffsetTimeType@319642db
[2021-07-27 16:46:01] - Adding type registration ZonedDateTime -> org.hibernate.type.ZonedDateTimeType@4ea17147
[2021-07-27 16:46:01] - Adding type registration java.time.ZonedDateTime -> org.hibernate.type.ZonedDateTimeType@4ea17147
[2021-07-27 16:46:01] - Adding type registration date -> org.hibernate.type.DateType@ee21292
[2021-07-27 16:46:01] - Adding type registration java.sql.Date -> org.hibernate.type.DateType@ee21292
[2021-07-27 16:46:01] - Adding type registration time -> org.hibernate.type.TimeType@dd3f8aa
[2021-07-27 16:46:01] - Adding type registration java.sql.Time -> org.hibernate.type.TimeType@dd3f8aa
[2021-07-27 16:46:01] - Adding type registration timestamp -> org.hibernate.type.TimestampType@5efeb117
[2021-07-27 16:46:01] - Adding type registration java.sql.Timestamp -> org.hibernate.type.TimestampType@5efeb117
[2021-07-27 16:46:01] - Adding type registration java.util.Date -> org.hibernate.type.TimestampType@5efeb117
[2021-07-27 16:46:01] - Adding type registration dbtimestamp -> org.hibernate.type.DbTimestampType@4d93f75b
[2021-07-27 16:46:01] - Adding type registration calendar -> org.hibernate.type.CalendarType@2ed9f6f8
[2021-07-27 16:46:01] - Adding type registration java.util.Calendar -> org.hibernate.type.CalendarType@2ed9f6f8
[2021-07-27 16:46:01] - Adding type registration java.util.GregorianCalendar -> org.hibernate.type.CalendarType@2ed9f6f8
[2021-07-27 16:46:01] - Adding type registration calendar_date -> org.hibernate.type.CalendarDateType@5f61371d
[2021-07-27 16:46:01] - Adding type registration calendar_time -> org.hibernate.type.CalendarTimeType@69f2cb04
[2021-07-27 16:46:01] - Adding type registration locale -> org.hibernate.type.LocaleType@168ad26f
[2021-07-27 16:46:01] - Adding type registration java.util.Locale -> org.hibernate.type.LocaleType@168ad26f
[2021-07-27 16:46:01] - Adding type registration currency -> org.hibernate.type.CurrencyType@61191222
[2021-07-27 16:46:01] - Adding type registration java.util.Currency -> org.hibernate.type.CurrencyType@61191222
[2021-07-27 16:46:01] - Adding type registration timezone -> org.hibernate.type.TimeZoneType@401c4250
[2021-07-27 16:46:01] - Adding type registration java.util.TimeZone -> org.hibernate.type.TimeZoneType@401c4250
[2021-07-27 16:46:01] - Adding type registration class -> org.hibernate.type.ClassType@16d07cf3
[2021-07-27 16:46:01] - Adding type registration java.lang.Class -> org.hibernate.type.ClassType@16d07cf3
[2021-07-27 16:46:01] - Adding type registration uuid-binary -> org.hibernate.type.UUIDBinaryType@385dfb63
[2021-07-27 16:46:01] - Adding type registration java.util.UUID -> org.hibernate.type.UUIDBinaryType@385dfb63
[2021-07-27 16:46:01] - Adding type registration uuid-char -> org.hibernate.type.UUIDCharType@459003a0
[2021-07-27 16:46:01] - Adding type registration binary -> org.hibernate.type.BinaryType@28cd2c2
[2021-07-27 16:46:01] - Adding type registration byte[] -> org.hibernate.type.BinaryType@28cd2c2
[2021-07-27 16:46:01] - Adding type registration [B -> org.hibernate.type.BinaryType@28cd2c2
[2021-07-27 16:46:01] - Adding type registration wrapper-binary -> org.hibernate.type.WrapperBinaryType@6e02721d
[2021-07-27 16:46:01] - Adding type registration Byte[] -> org.hibernate.type.WrapperBinaryType@6e02721d
[2021-07-27 16:46:01] - Adding type registration [Ljava.lang.Byte; -> org.hibernate.type.WrapperBinaryType@6e02721d
[2021-07-27 16:46:01] - Adding type registration row_version -> org.hibernate.type.RowVersionType@5fdfe8cf
[2021-07-27 16:46:01] - Adding type registration image -> org.hibernate.type.ImageType@ea7a4c3
[2021-07-27 16:46:01] - Adding type registration characters -> org.hibernate.type.CharArrayType@a85644c
[2021-07-27 16:46:01] - Adding type registration char[] -> org.hibernate.type.CharArrayType@a85644c
[2021-07-27 16:46:01] - Adding type registration [C -> org.hibernate.type.CharArrayType@a85644c
[2021-07-27 16:46:01] - Adding type registration wrapper-characters -> org.hibernate.type.CharacterArrayType@515b9d4a
[2021-07-27 16:46:01] - Adding type registration [Ljava.lang.Character; -> org.hibernate.type.CharacterArrayType@515b9d4a
[2021-07-27 16:46:01] - Adding type registration Character[] -> org.hibernate.type.CharacterArrayType@515b9d4a
[2021-07-27 16:46:01] - Adding type registration text -> org.hibernate.type.TextType@23cd5d42
[2021-07-27 16:46:01] - Adding type registration ntext -> org.hibernate.type.NTextType@50085d9c
[2021-07-27 16:46:01] - Adding type registration blob -> org.hibernate.type.BlobType@21e45a6f
[2021-07-27 16:46:01] - Adding type registration java.sql.Blob -> org.hibernate.type.BlobType@21e45a6f
[2021-07-27 16:46:01] - Adding type registration materialized_blob -> org.hibernate.type.MaterializedBlobType@388c519
[2021-07-27 16:46:01] - Adding type registration clob -> org.hibernate.type.ClobType@51d0ec6f
[2021-07-27 16:46:01] - Adding type registration java.sql.Clob -> org.hibernate.type.ClobType@51d0ec6f
[2021-07-27 16:46:01] - Adding type registration nclob -> org.hibernate.type.NClobType@53aa2fc9
[2021-07-27 16:46:01] - Adding type registration java.sql.NClob -> org.hibernate.type.NClobType@53aa2fc9
[2021-07-27 16:46:01] - Adding type registration materialized_clob -> org.hibernate.type.MaterializedClobType@23ca36d
[2021-07-27 16:46:01] - Adding type registration materialized_nclob -> org.hibernate.type.MaterializedNClobType@4cc01c7f
[2021-07-27 16:46:01] - Adding type registration serializable -> org.hibernate.type.SerializableType@499ee966
[2021-07-27 16:46:01] - Adding type registration object -> org.hibernate.type.ObjectType@733e6df7
[2021-07-27 16:46:01] - Adding type registration java.lang.Object -> org.hibernate.type.ObjectType@733e6df7
[2021-07-27 16:46:01] - Adding type registration imm_date -> org.hibernate.type.AdaptedImmutableType@4ea56bdb
[2021-07-27 16:46:01] - Adding type registration imm_time -> org.hibernate.type.AdaptedImmutableType@32227215
[2021-07-27 16:46:01] - Adding type registration imm_timestamp -> org.hibernate.type.AdaptedImmutableType@108e9837
[2021-07-27 16:46:01] - Adding type registration imm_dbtimestamp -> org.hibernate.type.AdaptedImmutableType@79a201cf
[2021-07-27 16:46:01] - Adding type registration imm_calendar -> org.hibernate.type.AdaptedImmutableType@1cbc5693
[2021-07-27 16:46:01] - Adding type registration imm_calendar_date -> org.hibernate.type.AdaptedImmutableType@3d2f3dcb
[2021-07-27 16:46:01] - Adding type registration imm_binary -> org.hibernate.type.AdaptedImmutableType@59845579
[2021-07-27 16:46:01] - Adding type registration imm_serializable -> org.hibernate.type.AdaptedImmutableType@30c19bff
[2021-07-27 16:46:01] - Injecting JPA temp ClassLoader [org.springframework.instrument.classloading.SimpleThrowawayClassLoader@19b07407] into BootstrapContext; was [null]
[2021-07-27 16:46:01] - ClassLoaderAccessImpl#injectTempClassLoader(org.springframework.instrument.classloading.SimpleThrowawayClassLoader@19b07407) [was null]
[2021-07-27 16:46:01] - Injecting ScanEnvironment [org.hibernate.jpa.boot.internal.StandardJpaScanEnvironmentImpl@30aec673] into BootstrapContext; was [null]
[2021-07-27 16:46:01] - Injecting ScanOptions [org.hibernate.boot.archive.scan.internal.StandardScanOptions@549ac12c] into BootstrapContext; was [org.hibernate.boot.archive.scan.internal.StandardScanOptions@188a5fc2]
[2021-07-27 16:46:01] - Injecting JPA temp ClassLoader [null] into BootstrapContext; was [org.springframework.instrument.classloading.SimpleThrowawayClassLoader@19b07407]
[2021-07-27 16:46:01] - ClassLoaderAccessImpl#injectTempClassLoader(null) [was org.springframework.instrument.classloading.SimpleThrowawayClassLoader@19b07407]
[2021-07-27 16:46:01] - Registering IdentifierGenerator strategy [uuid2] -> [org.hibernate.id.UUIDGenerator]
[2021-07-27 16:46:01] - Registering IdentifierGenerator strategy [guid] -> [org.hibernate.id.GUIDGenerator]
[2021-07-27 16:46:01] - Registering IdentifierGenerator strategy [uuid] -> [org.hibernate.id.UUIDHexGenerator]
[2021-07-27 16:46:01] - Registering IdentifierGenerator strategy [uuid.hex] -> [org.hibernate.id.UUIDHexGenerator]
[2021-07-27 16:46:01] - Registering IdentifierGenerator strategy [assigned] -> [org.hibernate.id.Assigned]
[2021-07-27 16:46:01] - Registering IdentifierGenerator strategy [identity] -> [org.hibernate.id.IdentityGenerator]
[2021-07-27 16:46:01] - Registering IdentifierGenerator strategy [select] -> [org.hibernate.id.SelectGenerator]
[2021-07-27 16:46:01] - Registering IdentifierGenerator strategy [sequence] -> [org.hibernate.id.enhanced.SequenceStyleGenerator]
[2021-07-27 16:46:01] - Registering IdentifierGenerator strategy [seqhilo] -> [org.hibernate.id.SequenceHiLoGenerator]
[2021-07-27 16:46:01] - Registering IdentifierGenerator strategy [increment] -> [org.hibernate.id.IncrementGenerator]
[2021-07-27 16:46:01] - Registering IdentifierGenerator strategy [foreign] -> [org.hibernate.id.ForeignGenerator]
[2021-07-27 16:46:01] - Registering IdentifierGenerator strategy [sequence-identity] -> [org.hibernate.id.SequenceIdentityGenerator]
[2021-07-27 16:46:01] - Registering IdentifierGenerator strategy [enhanced-sequence] -> [org.hibernate.id.enhanced.SequenceStyleGenerator]
[2021-07-27 16:46:01] - Registering IdentifierGenerator strategy [enhanced-table] -> [org.hibernate.id.enhanced.TableGenerator]
[2021-07-27 16:46:01] - Creating new JDBC Driver Connection to [jdbc:h2:mem:1fa1db47-4d89-49ba-b2dc-918705440a17;DB_CLOSE_DELAY=-1;DB_CLOSE_ON_EXIT=false]
[2021-07-27 16:46:01] - Database ->
       name : H2
    version : 1.4.200 (2019-10-14)
      major : 1
      minor : 4
[2021-07-27 16:46:01] - Driver ->
       name : H2 JDBC Driver
    version : 1.4.200 (2019-10-14)
      major : 1
      minor : 4
[2021-07-27 16:46:01] - JDBC version : 4.1
[2021-07-27 16:46:01] - HHH000400: Using dialect: org.hibernate.dialect.MySQL5Dialect
[2021-07-27 16:46:01] - JDBC driver metadata reported database stores quoted identifiers in neither upper, lower nor mixed case
[2021-07-27 16:46:01] - Created database namespace [logicalName=Name{catalog=null, schema=null}, physicalName=Name{catalog=null, schema=null}]
[2021-07-27 16:46:01] - Scoping TypeConfiguration [org.hibernate.type.spi.TypeConfiguration@45801322] to MetadataBuildingContext [org.hibernate.boot.internal.MetadataBuildingContextRootImpl@756b2d90]
[2021-07-27 16:46:01] - Binding entity from annotated class: com.anu.springunijpa.entity.Course
[2021-07-27 16:46:01] - Binding column: Ejb3DiscriminatorColumn{logicalColumnName'DTYPE', discriminatorTypeName='string'}
[2021-07-27 16:46:01] - Import with entity name Course
[2021-07-27 16:46:01] - Bind entity com.anu.springunijpa.entity.Course on table course
[2021-07-27 16:46:01] - Binding column: Ejb3Column{table=org.hibernate.mapping.Table(course), mappingColumn=course_id, insertable=true, updatable=true, unique=false}
[2021-07-27 16:46:01] - Not known whether passed class name [com.anu.springunijpa.entity.Course] is safe
[2021-07-27 16:46:01] - No temp ClassLoader provided; using live ClassLoader for loading potentially unsafe class : com.anu.springunijpa.entity.Course
[2021-07-27 16:46:01] - MetadataSourceProcessor property courseId with lazy=false
[2021-07-27 16:46:01] - Attempting to locate auto-apply AttributeConverter for property [com.anu.springunijpa.entity.Course:courseId]
[2021-07-27 16:46:01] - building SimpleValue for courseId
[2021-07-27 16:46:01] - Building property courseId
[2021-07-27 16:46:01] - #makeIdGenerator(org.hibernate.mapping.SimpleValue([org.hibernate.mapping.Column(course_id)]), courseId, assigned, , ...)
[2021-07-27 16:46:01] - Binding column: Ejb3Column{table=org.hibernate.mapping.Table(course), mappingColumn=course_leader, insertable=true, updatable=true, unique=false}
[2021-07-27 16:46:01] - MetadataSourceProcessor property courseLeader with lazy=false
[2021-07-27 16:46:01] - Attempting to locate auto-apply AttributeConverter for property [com.anu.springunijpa.entity.Course:courseLeader]
[2021-07-27 16:46:01] - building SimpleValue for courseLeader
[2021-07-27 16:46:01] - Building property courseLeader
[2021-07-27 16:46:01] - Binding column: Ejb3Column{table=org.hibernate.mapping.Table(course), mappingColumn=course_name, insertable=true, updatable=true, unique=false}
[2021-07-27 16:46:01] - MetadataSourceProcessor property courseName with lazy=false
[2021-07-27 16:46:01] - Attempting to locate auto-apply AttributeConverter for property [com.anu.springunijpa.entity.Course:courseName]
[2021-07-27 16:46:01] - building SimpleValue for courseName
[2021-07-27 16:46:01] - Building property courseName
[2021-07-27 16:46:01] - Binding entity from annotated class: com.anu.springunijpa.entity.User
[2021-07-27 16:46:01] - Binding column: Ejb3DiscriminatorColumn{logicalColumnName'DTYPE', discriminatorTypeName='string'}
[2021-07-27 16:46:01] - Import with entity name User
[2021-07-27 16:46:01] - Bind entity com.anu.springunijpa.entity.User on table user
[2021-07-27 16:46:01] - Binding column: Ejb3Column{table=org.hibernate.mapping.Table(user), mappingColumn=user_id, insertable=true, updatable=true, unique=false}
[2021-07-27 16:46:01] - Not known whether passed class name [com.anu.springunijpa.entity.User] is safe
[2021-07-27 16:46:01] - No temp ClassLoader provided; using live ClassLoader for loading potentially unsafe class : com.anu.springunijpa.entity.User
[2021-07-27 16:46:01] - MetadataSourceProcessor property userId with lazy=false
[2021-07-27 16:46:01] - Attempting to locate auto-apply AttributeConverter for property [com.anu.springunijpa.entity.User:userId]
