[2021-07-28 17:44:26] - Attribute (`dOB`)  - enhanced for lazy-loading? - false
[2021-07-28 17:44:26] - Processing attribute `userCourseSet` : value = NOT NULL COLLECTION
[2021-07-28 17:44:26] - Attribute (`userCourseSet`)  - enhanced for lazy-loading? - false
[2021-07-28 17:44:26] - Processing attribute `userName` : value = Sana
[2021-07-28 17:44:26] - Attribute (`userName`)  - enhanced for lazy-loading? - false
[2021-07-28 17:44:26] - Processing attribute `userTel` : value = 786753452
[2021-07-28 17:44:26] - Attribute (`userTel`)  - enhanced for lazy-loading? - false
[2021-07-28 17:44:26] - Done materializing entity [com.anu.springunijpa.entity.User#9]
[2021-07-28 17:44:26] - Resolving attributes for [com.anu.springunijpa.entity.User#11]
[2021-07-28 17:44:26] - Processing attribute `dOB` : value = null
[2021-07-28 17:44:26] - Attribute (`dOB`)  - enhanced for lazy-loading? - false
[2021-07-28 17:44:26] - Processing attribute `userCourseSet` : value = NOT NULL COLLECTION
[2021-07-28 17:44:26] - Attribute (`userCourseSet`)  - enhanced for lazy-loading? - false
[2021-07-28 17:44:26] - Processing attribute `userName` : value = null
[2021-07-28 17:44:26] - Attribute (`userName`)  - enhanced for lazy-loading? - false
[2021-07-28 17:44:26] - Processing attribute `userTel` : value = null
[2021-07-28 17:44:26] - Attribute (`userTel`)  - enhanced for lazy-loading? - false
[2021-07-28 17:44:26] - Done materializing entity [com.anu.springunijpa.entity.User#11]
[2021-07-28 17:44:26] - Resolving attributes for [com.anu.springunijpa.entity.User#12]
[2021-07-28 17:44:26] - Processing attribute `dOB` : value = null
[2021-07-28 17:44:26] - Attribute (`dOB`)  - enhanced for lazy-loading? - false
[2021-07-28 17:44:26] - Processing attribute `userCourseSet` : value = NOT NULL COLLECTION
[2021-07-28 17:44:26] - Attribute (`userCourseSet`)  - enhanced for lazy-loading? - false
[2021-07-28 17:44:26] - Processing attribute `userName` : value = null
[2021-07-28 17:44:26] - Attribute (`userName`)  - enhanced for lazy-loading? - false
[2021-07-28 17:44:26] - Processing attribute `userTel` : value = null
[2021-07-28 17:44:26] - Attribute (`userTel`)  - enhanced for lazy-loading? - false
[2021-07-28 17:44:26] - Done materializing entity [com.anu.springunijpa.entity.User#12]
[2021-07-28 17:44:26] - Initiating transaction commit
[2021-07-28 17:44:26] - Committing JPA transaction on EntityManager [SessionImpl(1975345939<open>)]
[2021-07-28 17:44:26] - committing
[2021-07-28 17:44:26] - Resetting read-only flag of JDBC Connection [HikariProxyConnection@904608969 wrapping com.mysql.cj.jdbc.ConnectionImpl@33627576]
[2021-07-28 17:44:26] - Not closing pre-bound JPA EntityManager after transaction
[2021-07-28 17:44:26] - Using 'application/json', given [*/*] and supported [application/json, application/*+json, application/json, application/*+json]
[2021-07-28 17:44:26] - Writing [Page 1 of 1 containing com.anu.springunijpa.entity.User instances]
[2021-07-28 17:44:26] - Loading collection: [com.anu.springunijpa.entity.User.userCourseSet#1]
[2021-07-28 17:44:26] - select usercourse0_.user_id as user_id2_2_0_, usercourse0_.course_id as course_i1_2_0_, usercourse0_.course_id as course_i1_2_1_, usercourse0_.user_id as user_id2_2_1_, usercourse0_.user_course_set as user_cou3_2_1_, course1_.course_id as course_i1_0_2_, course1_.course_leader as course_l2_0_2_, course1_.course_name as course_n3_0_2_ from user_course usercourse0_ inner join course course1_ on usercourse0_.course_id=course1_.course_id where usercourse0_.user_id=?
[2021-07-28 17:44:26] - Preparing collection initializer : [com.anu.springunijpa.entity.User.userCourseSet#1]
[2021-07-28 17:44:26] - Found row of collection: [com.anu.springunijpa.entity.User.userCourseSet#1]
[2021-07-28 17:44:26] - Found row of collection: [com.anu.springunijpa.entity.User.userCourseSet#1]
[2021-07-28 17:44:26] - Resolving attributes for [com.anu.springunijpa.entity.UserCourse#component[courseId,userId]{courseId=c1, userId=1}]
[2021-07-28 17:44:26] - Processing attribute `course` : value = c1
[2021-07-28 17:44:26] - Attribute (`course`)  - enhanced for lazy-loading? - false
[2021-07-28 17:44:26] - Processing attribute `user` : value = 1
[2021-07-28 17:44:26] - Attribute (`user`)  - enhanced for lazy-loading? - false
[2021-07-28 17:44:26] - Processing attribute `userCourseSet` : value = null
[2021-07-28 17:44:26] - Attribute (`userCourseSet`)  - enhanced for lazy-loading? - false
[2021-07-28 17:44:26] - Done materializing entity [com.anu.springunijpa.entity.UserCourse#component[courseId,userId]{courseId=c1, userId=1}]
[2021-07-28 17:44:26] - Resolving attributes for [com.anu.springunijpa.entity.Course#c1]
[2021-07-28 17:44:26] - Processing attribute `courseLeader` : value = Mr.Java
[2021-07-28 17:44:26] - Attribute (`courseLeader`)  - enhanced for lazy-loading? - false
[2021-07-28 17:44:26] - Processing attribute `courseName` : value = java
[2021-07-28 17:44:26] - Attribute (`courseName`)  - enhanced for lazy-loading? - false
[2021-07-28 17:44:26] - Processing attribute `userCourseSet` : value = NOT NULL COLLECTION
[2021-07-28 17:44:26] - Attribute (`userCourseSet`)  - enhanced for lazy-loading? - false
[2021-07-28 17:44:26] - Done materializing entity [com.anu.springunijpa.entity.Course#c1]
[2021-07-28 17:44:26] - Resolving attributes for [com.anu.springunijpa.entity.UserCourse#component[courseId,userId]{courseId=c5, userId=1}]
[2021-07-28 17:44:26] - Processing attribute `course` : value = c5
[2021-07-28 17:44:26] - Attribute (`course`)  - enhanced for lazy-loading? - false
[2021-07-28 17:44:26] - Processing attribute `user` : value = 1
[2021-07-28 17:44:26] - Attribute (`user`)  - enhanced for lazy-loading? - false
[2021-07-28 17:44:26] - Processing attribute `userCourseSet` : value = null
[2021-07-28 17:44:26] - Attribute (`userCourseSet`)  - enhanced for lazy-loading? - false
[2021-07-28 17:44:26] - Done materializing entity [com.anu.springunijpa.entity.UserCourse#component[courseId,userId]{courseId=c5, userId=1}]
[2021-07-28 17:44:26] - Resolving attributes for [com.anu.springunijpa.entity.Course#c5]
[2021-07-28 17:44:26] - Processing attribute `courseLeader` : value = Mr.Flutter
[2021-07-28 17:44:26] - Attribute (`courseLeader`)  - enhanced for lazy-loading? - false
[2021-07-28 17:44:26] - Processing attribute `courseName` : value = flutter
[2021-07-28 17:44:26] - Attribute (`courseName`)  - enhanced for lazy-loading? - false
[2021-07-28 17:44:26] - Processing attribute `userCourseSet` : value = NOT NULL COLLECTION
[2021-07-28 17:44:26] - Attribute (`userCourseSet`)  - enhanced for lazy-loading? - false
[2021-07-28 17:44:26] - Done materializing entity [com.anu.springunijpa.entity.Course#c5]
[2021-07-28 17:44:26] - 1 collections were found in result set for role: com.anu.springunijpa.entity.User.userCourseSet
[2021-07-28 17:44:26] - Collection fully initialized: [com.anu.springunijpa.entity.User.userCourseSet#1]
[2021-07-28 17:44:26] - 1 collections initialized for role: com.anu.springunijpa.entity.User.userCourseSet
[2021-07-28 17:44:26] - Done loading collection
[2021-07-28 17:44:26] - Loading collection: [com.anu.springunijpa.entity.User.userCourseSet#2]
[2021-07-28 17:44:26] - select usercourse0_.user_id as user_id2_2_0_, usercourse0_.course_id as course_i1_2_0_, usercourse0_.course_id as course_i1_2_1_, usercourse0_.user_id as user_id2_2_1_, usercourse0_.user_course_set as user_cou3_2_1_, course1_.course_id as course_i1_0_2_, course1_.course_leader as course_l2_0_2_, course1_.course_name as course_n3_0_2_ from user_course usercourse0_ inner join course course1_ on usercourse0_.course_id=course1_.course_id where usercourse0_.user_id=?
[2021-07-28 17:44:26] - Preparing collection initializer : [com.anu.springunijpa.entity.User.userCourseSet#2]
[2021-07-28 17:44:26] - Found row of collection: [com.anu.springunijpa.entity.User.userCourseSet#2]
[2021-07-28 17:44:26] - Found row of collection: [com.anu.springunijpa.entity.User.userCourseSet#2]
[2021-07-28 17:44:26] - Resolving attributes for [com.anu.springunijpa.entity.UserCourse#component[courseId,userId]{courseId=c2, userId=2}]
[2021-07-28 17:44:26] - Processing attribute `course` : value = c2
[2021-07-28 17:44:26] - Attribute (`course`)  - enhanced for lazy-loading? - false
[2021-07-28 17:44:26] - Processing attribute `user` : value = 2
[2021-07-28 17:44:26] - Attribute (`user`)  - enhanced for lazy-loading? - false
[2021-07-28 17:44:26] - Processing attribute `userCourseSet` : value = null
[2021-07-28 17:44:26] - Attribute (`userCourseSet`)  - enhanced for lazy-loading? - false
[2021-07-28 17:44:26] - Done materializing entity [com.anu.springunijpa.entity.UserCourse#component[courseId,userId]{courseId=c2, userId=2}]
[2021-07-28 17:44:26] - Resolving attributes for [com.anu.springunijpa.entity.Course#c2]
[2021-07-28 17:44:26] - Processing attribute `courseLeader` : value = Mr.Python
[2021-07-28 17:44:26] - Attribute (`courseLeader`)  - enhanced for lazy-loading? - false
[2021-07-28 17:44:26] - Processing attribute `courseName` : value = python
[2021-07-28 17:44:26] - Attribute (`courseName`)  - enhanced for lazy-loading? - false
[2021-07-28 17:44:26] - Processing attribute `userCourseSet` : value = NOT NULL COLLECTION
[2021-07-28 17:44:26] - Attribute (`userCourseSet`)  - enhanced for lazy-loading? - false
[2021-07-28 17:44:26] - Done materializing entity [com.anu.springunijpa.entity.Course#c2]
[2021-07-28 17:44:26] - Resolving attributes for [com.anu.springunijpa.entity.UserCourse#component[courseId,userId]{courseId=c4, userId=2}]
[2021-07-28 17:44:26] - Processing attribute `course` : value = c4
[2021-07-28 17:44:26] - Attribute (`course`)  - enhanced for lazy-loading? - false
[2021-07-28 17:44:26] - Processing attribute `user` : value = 2
[2021-07-28 17:44:26] - Attribute (`user`)  - enhanced for lazy-loading? - false
[2021-07-28 17:44:26] - Processing attribute `userCourseSet` : value = null
[2021-07-28 17:44:26] - Attribute (`userCourseSet`)  - enhanced for lazy-loading? - false
[2021-07-28 17:44:26] - Done materializing entity [com.anu.springunijpa.entity.UserCourse#component[courseId,userId]{courseId=c4, userId=2}]
[2021-07-28 17:44:26] - Resolving attributes for [com.anu.springunijpa.entity.Course#c4]
[2021-07-28 17:44:26] - Processing attribute `courseLeader` : value = Mr.Android
[2021-07-28 17:44:26] - Attribute (`courseLeader`)  - enhanced for lazy-loading? - false
[2021-07-28 17:44:26] - Processing attribute `courseName` : value = android
[2021-07-28 17:44:26] - Attribute (`courseName`)  - enhanced for lazy-loading? - false
[2021-07-28 17:44:26] - Processing attribute `userCourseSet` : value = NOT NULL COLLECTION
[2021-07-28 17:44:26] - Attribute (`userCourseSet`)  - enhanced for lazy-loading? - false
[2021-07-28 17:44:26] - Done materializing entity [com.anu.springunijpa.entity.Course#c4]
[2021-07-28 17:44:26] - 1 collections were found in result set for role: com.anu.springunijpa.entity.User.userCourseSet
[2021-07-28 17:44:26] - Collection fully initialized: [com.anu.springunijpa.entity.User.userCourseSet#2]
[2021-07-28 17:44:26] - 1 collections initialized for role: com.anu.springunijpa.entity.User.userCourseSet
[2021-07-28 17:44:26] - Done loading collection
[2021-07-28 17:44:26] - Loading collection: [com.anu.springunijpa.entity.User.userCourseSet#3]
[2021-07-28 17:44:26] - select usercourse0_.user_id as user_id2_2_0_, usercourse0_.course_id as course_i1_2_0_, usercourse0_.course_id as course_i1_2_1_, usercourse0_.user_id as user_id2_2_1_, usercourse0_.user_course_set as user_cou3_2_1_, course1_.course_id as course_i1_0_2_, course1_.course_leader as course_l2_0_2_, course1_.course_name as course_n3_0_2_ from user_course usercourse0_ inner join course course1_ on usercourse0_.course_id=course1_.course_id where usercourse0_.user_id=?
[2021-07-28 17:44:26] - Preparing collection initializer : [com.anu.springunijpa.entity.User.userCourseSet#3]
[2021-07-28 17:44:26] - Found row of collection: [com.anu.springunijpa.entity.User.userCourseSet#3]
[2021-07-28 17:44:26] - Found row of collection: [com.anu.springunijpa.entity.User.userCourseSet#3]
[2021-07-28 17:44:26] - Resolving attributes for [com.anu.springunijpa.entity.UserCourse#component[courseId,userId]{courseId=c1, userId=3}]
[2021-07-28 17:44:26] - Processing attribute `course` : value = c1
[2021-07-28 17:44:26] - Attribute (`course`)  - enhanced for lazy-loading? - false
[2021-07-28 17:44:26] - Processing attribute `user` : value = 3
[2021-07-28 17:44:26] - Attribute (`user`)  - enhanced for lazy-loading? - false
[2021-07-28 17:44:26] - Processing attribute `userCourseSet` : value = null
[2021-07-28 17:44:26] - Attribute (`userCourseSet`)  - enhanced for lazy-loading? - false
[2021-07-28 17:44:26] - Done materializing entity [com.anu.springunijpa.entity.UserCourse#component[courseId,userId]{courseId=c1, userId=3}]
[2021-07-28 17:44:26] - Resolving attributes for [com.anu.springunijpa.entity.UserCourse#component[courseId,userId]{courseId=c3, userId=3}]
[2021-07-28 17:44:26] - Processing attribute `course` : value = c3
[2021-07-28 17:44:26] - Attribute (`course`)  - enhanced for lazy-loading? - false
[2021-07-28 17:44:26] - Processing attribute `user` : value = 3
[2021-07-28 17:44:26] - Attribute (`user`)  - enhanced for lazy-loading? - false
[2021-07-28 17:44:26] - Processing attribute `userCourseSet` : value = null
[2021-07-28 17:44:26] - Attribute (`userCourseSet`)  - enhanced for lazy-loading? - false
[2021-07-28 17:44:26] - Done materializing entity [com.anu.springunijpa.entity.UserCourse#component[courseId,userId]{courseId=c3, userId=3}]
[2021-07-28 17:44:26] - Resolving attributes for [com.anu.springunijpa.entity.Course#c3]
[2021-07-28 17:44:26] - Processing attribute `courseLeader` : value = Mr.React
[2021-07-28 17:44:26] - Attribute (`courseLeader`)  - enhanced for lazy-loading? - false
[2021-07-28 17:44:26] - Processing attribute `courseName` : value = react
[2021-07-28 17:44:26] - Attribute (`courseName`)  - enhanced for lazy-loading? - false
[2021-07-28 17:44:26] - Processing attribute `userCourseSet` : value = NOT NULL COLLECTION
[2021-07-28 17:44:26] - Attribute (`userCourseSet`)  - enhanced for lazy-loading? - false
[2021-07-28 17:44:26] - Done materializing entity [com.anu.springunijpa.entity.Course#c3]
[2021-07-28 17:44:26] - 1 collections were found in result set for role: com.anu.springunijpa.entity.User.userCourseSet
[2021-07-28 17:44:26] - Collection fully initialized: [com.anu.springunijpa.entity.User.userCourseSet#3]
[2021-07-28 17:44:26] - 1 collections initialized for role: com.anu.springunijpa.entity.User.userCourseSet
[2021-07-28 17:44:26] - Done loading collection
[2021-07-28 17:44:26] - Loading collection: [com.anu.springunijpa.entity.User.userCourseSet#4]
[2021-07-28 17:44:26] - select usercourse0_.user_id as user_id2_2_0_, usercourse0_.course_id as course_i1_2_0_, usercourse0_.course_id as course_i1_2_1_, usercourse0_.user_id as user_id2_2_1_, usercourse0_.user_course_set as user_cou3_2_1_, course1_.course_id as course_i1_0_2_, course1_.course_leader as course_l2_0_2_, course1_.course_name as course_n3_0_2_ from user_course usercourse0_ inner join course course1_ on usercourse0_.course_id=course1_.course_id where usercourse0_.user_id=?
[2021-07-28 17:44:26] - Preparing collection initializer : [com.anu.springunijpa.entity.User.userCourseSet#4]
[2021-07-28 17:44:26] - Found row of collection: [com.anu.springunijpa.entity.User.userCourseSet#4]
[2021-07-28 17:44:26] - Found row of collection: [com.anu.springunijpa.entity.User.userCourseSet#4]
[2021-07-28 17:44:26] - Resolving attributes for [com.anu.springunijpa.entity.UserCourse#component[courseId,userId]{courseId=c2, userId=4}]
[2021-07-28 17:44:26] - Processing attribute `course` : value = c2
[2021-07-28 17:44:26] - Attribute (`course`)  - enhanced for lazy-loading? - false
[2021-07-28 17:44:26] - Processing attribute `user` : value = 4
[2021-07-28 17:44:26] - Attribute (`user`)  - enhanced for lazy-loading? - false
[2021-07-28 17:44:26] - Processing attribute `userCourseSet` : value = null
[2021-07-28 17:44:26] - Attribute (`userCourseSet`)  - enhanced for lazy-loading? - false
[2021-07-28 17:44:26] - Done materializing entity [com.anu.springunijpa.entity.UserCourse#component[courseId,userId]{courseId=c2, userId=4}]
[2021-07-28 17:44:26] - Resolving attributes for [com.anu.springunijpa.entity.UserCourse#component[courseId,userId]{courseId=c3, userId=4}]
[2021-07-28 17:44:26] - Processing attribute `course` : value = c3
[2021-07-28 17:44:26] - Attribute (`course`)  - enhanced for lazy-loading? - false
[2021-07-28 17:44:26] - Processing attribute `user` : value = 4
[2021-07-28 17:44:26] - Attribute (`user`)  - enhanced for lazy-loading? - false
[2021-07-28 17:44:26] - Processing attribute `userCourseSet` : value = null
[2021-07-28 17:44:26] - Attribute (`userCourseSet`)  - enhanced for lazy-loading? - false
[2021-07-28 17:44:26] - Done materializing entity [com.anu.springunijpa.entity.UserCourse#component[courseId,userId]{courseId=c3, userId=4}]
[2021-07-28 17:44:26] - 1 collections were found in result set for role: com.anu.springunijpa.entity.User.userCourseSet
[2021-07-28 17:44:26] - Collection fully initialized: [com.anu.springunijpa.entity.User.userCourseSet#4]
[2021-07-28 17:44:26] - 1 collections initialized for role: com.anu.springunijpa.entity.User.userCourseSet
[2021-07-28 17:44:26] - Done loading collection
[2021-07-28 17:44:26] - Loading collection: [com.anu.springunijpa.entity.User.userCourseSet#5]
[2021-07-28 17:44:26] - select usercourse0_.user_id as user_id2_2_0_, usercourse0_.course_id as course_i1_2_0_, usercourse0_.course_id as course_i1_2_1_, usercourse0_.user_id as user_id2_2_1_, usercourse0_.user_course_set as user_cou3_2_1_, course1_.course_id as course_i1_0_2_, course1_.course_leader as course_l2_0_2_, course1_.course_name as course_n3_0_2_ from user_course usercourse0_ inner join course course1_ on usercourse0_.course_id=course1_.course_id where usercourse0_.user_id=?
[2021-07-28 17:44:26] - Preparing collection initializer : [com.anu.springunijpa.entity.User.userCourseSet#5]
[2021-07-28 17:44:26] - Found row of collection: [com.anu.springunijpa.entity.User.userCourseSet#5]
[2021-07-28 17:44:26] - Found row of collection: [com.anu.springunijpa.entity.User.userCourseSet#5]
[2021-07-28 17:44:26] - Resolving attributes for [com.anu.springunijpa.entity.UserCourse#component[courseId,userId]{courseId=c1, userId=5}]
[2021-07-28 17:44:26] - Processing attribute `course` : value = c1
[2021-07-28 17:44:26] - Attribute (`course`)  - enhanced for lazy-loading? - false
[2021-07-28 17:44:26] - Processing attribute `user` : value = 5
[2021-07-28 17:44:26] - Attribute (`user`)  - enhanced for lazy-loading? - false
[2021-07-28 17:44:26] - Processing attribute `userCourseSet` : value = null
[2021-07-28 17:44:26] - Attribute (`userCourseSet`)  - enhanced for lazy-loading? - false
[2021-07-28 17:44:26] - Done materializing entity [com.anu.springunijpa.entity.UserCourse#component[courseId,userId]{courseId=c1, userId=5}]
[2021-07-28 17:44:26] - Resolving attributes for [com.anu.springunijpa.entity.UserCourse#component[courseId,userId]{courseId=c5, userId=5}]
[2021-07-28 17:44:26] - Processing attribute `course` : value = c5
[2021-07-28 17:44:26] - Attribute (`course`)  - enhanced for lazy-loading? - false
[2021-07-28 17:44:26] - Processing attribute `user` : value = 5
