[2021-07-27 16:40:49] - Adding type registration imm_dbtimestamp -> org.hibernate.type.AdaptedImmutableType@ab2e6d2
[2021-07-27 16:40:49] - Adding type registration imm_calendar -> org.hibernate.type.AdaptedImmutableType@39da5e49
[2021-07-27 16:40:49] - Adding type registration imm_calendar_date -> org.hibernate.type.AdaptedImmutableType@2443abd6
[2021-07-27 16:40:49] - Adding type registration imm_binary -> org.hibernate.type.AdaptedImmutableType@674da77b
[2021-07-27 16:40:49] - Adding type registration imm_serializable -> org.hibernate.type.AdaptedImmutableType@bd3eff4
[2021-07-27 16:40:49] - Injecting JPA temp ClassLoader [org.springframework.instrument.classloading.SimpleThrowawayClassLoader@1cb9ef52] into BootstrapContext; was [null]
[2021-07-27 16:40:49] - ClassLoaderAccessImpl#injectTempClassLoader(org.springframework.instrument.classloading.SimpleThrowawayClassLoader@1cb9ef52) [was null]
[2021-07-27 16:40:49] - Injecting ScanEnvironment [org.hibernate.jpa.boot.internal.StandardJpaScanEnvironmentImpl@a0bf272] into BootstrapContext; was [null]
[2021-07-27 16:40:49] - Injecting ScanOptions [org.hibernate.boot.archive.scan.internal.StandardScanOptions@4a89ef44] into BootstrapContext; was [org.hibernate.boot.archive.scan.internal.StandardScanOptions@310a7859]
[2021-07-27 16:40:49] - Injecting JPA temp ClassLoader [null] into BootstrapContext; was [org.springframework.instrument.classloading.SimpleThrowawayClassLoader@1cb9ef52]
[2021-07-27 16:40:49] - ClassLoaderAccessImpl#injectTempClassLoader(null) [was org.springframework.instrument.classloading.SimpleThrowawayClassLoader@1cb9ef52]
[2021-07-27 16:40:49] - Registering IdentifierGenerator strategy [uuid2] -> [org.hibernate.id.UUIDGenerator]
[2021-07-27 16:40:49] - Registering IdentifierGenerator strategy [guid] -> [org.hibernate.id.GUIDGenerator]
[2021-07-27 16:40:49] - Registering IdentifierGenerator strategy [uuid] -> [org.hibernate.id.UUIDHexGenerator]
[2021-07-27 16:40:49] - Registering IdentifierGenerator strategy [uuid.hex] -> [org.hibernate.id.UUIDHexGenerator]
[2021-07-27 16:40:49] - Registering IdentifierGenerator strategy [assigned] -> [org.hibernate.id.Assigned]
[2021-07-27 16:40:49] - Registering IdentifierGenerator strategy [identity] -> [org.hibernate.id.IdentityGenerator]
[2021-07-27 16:40:49] - Registering IdentifierGenerator strategy [select] -> [org.hibernate.id.SelectGenerator]
[2021-07-27 16:40:49] - Registering IdentifierGenerator strategy [sequence] -> [org.hibernate.id.enhanced.SequenceStyleGenerator]
[2021-07-27 16:40:49] - Registering IdentifierGenerator strategy [seqhilo] -> [org.hibernate.id.SequenceHiLoGenerator]
[2021-07-27 16:40:49] - Registering IdentifierGenerator strategy [increment] -> [org.hibernate.id.IncrementGenerator]
[2021-07-27 16:40:49] - Registering IdentifierGenerator strategy [foreign] -> [org.hibernate.id.ForeignGenerator]
[2021-07-27 16:40:49] - Registering IdentifierGenerator strategy [sequence-identity] -> [org.hibernate.id.SequenceIdentityGenerator]
[2021-07-27 16:40:49] - Registering IdentifierGenerator strategy [enhanced-sequence] -> [org.hibernate.id.enhanced.SequenceStyleGenerator]
[2021-07-27 16:40:49] - Registering IdentifierGenerator strategy [enhanced-table] -> [org.hibernate.id.enhanced.TableGenerator]
[2021-07-27 16:40:49] - Creating new JDBC Driver Connection to [jdbc:h2:mem:51b4763f-67e9-4c97-bf7e-d388aaedf6c0;DB_CLOSE_DELAY=-1;DB_CLOSE_ON_EXIT=false]
[2021-07-27 16:40:49] - Database ->
       name : H2
    version : 1.4.200 (2019-10-14)
      major : 1
      minor : 4
[2021-07-27 16:40:49] - Driver ->
       name : H2 JDBC Driver
    version : 1.4.200 (2019-10-14)
      major : 1
      minor : 4
[2021-07-27 16:40:49] - JDBC version : 4.1
[2021-07-27 16:40:49] - HHH000400: Using dialect: org.hibernate.dialect.MySQL5Dialect
[2021-07-27 16:40:49] - JDBC driver metadata reported database stores quoted identifiers in neither upper, lower nor mixed case
[2021-07-27 16:40:49] - Created database namespace [logicalName=Name{catalog=null, schema=null}, physicalName=Name{catalog=null, schema=null}]
[2021-07-27 16:40:49] - Scoping TypeConfiguration [org.hibernate.type.spi.TypeConfiguration@11c88cca] to MetadataBuildingContext [org.hibernate.boot.internal.MetadataBuildingContextRootImpl@1b37fbec]
[2021-07-27 16:40:49] - Binding entity from annotated class: com.anu.springunijpa.entity.Course
[2021-07-27 16:40:49] - Binding column: Ejb3DiscriminatorColumn{logicalColumnName'DTYPE', discriminatorTypeName='string'}
[2021-07-27 16:40:49] - Import with entity name Course
[2021-07-27 16:40:49] - Bind entity com.anu.springunijpa.entity.Course on table course
[2021-07-27 16:40:49] - Binding column: Ejb3Column{table=org.hibernate.mapping.Table(course), mappingColumn=course_id, insertable=true, updatable=true, unique=false}
[2021-07-27 16:40:49] - Not known whether passed class name [com.anu.springunijpa.entity.Course] is safe
[2021-07-27 16:40:49] - No temp ClassLoader provided; using live ClassLoader for loading potentially unsafe class : com.anu.springunijpa.entity.Course
[2021-07-27 16:40:49] - MetadataSourceProcessor property courseId with lazy=false
[2021-07-27 16:40:49] - Attempting to locate auto-apply AttributeConverter for property [com.anu.springunijpa.entity.Course:courseId]
[2021-07-27 16:40:49] - building SimpleValue for courseId
[2021-07-27 16:40:49] - Building property courseId
[2021-07-27 16:40:49] - #makeIdGenerator(org.hibernate.mapping.SimpleValue([org.hibernate.mapping.Column(course_id)]), courseId, assigned, , ...)
[2021-07-27 16:40:49] - Binding column: Ejb3Column{table=org.hibernate.mapping.Table(course), mappingColumn=course_leader, insertable=true, updatable=true, unique=false}
[2021-07-27 16:40:49] - MetadataSourceProcessor property courseLeader with lazy=false
[2021-07-27 16:40:49] - Attempting to locate auto-apply AttributeConverter for property [com.anu.springunijpa.entity.Course:courseLeader]
[2021-07-27 16:40:49] - building SimpleValue for courseLeader
[2021-07-27 16:40:49] - Building property courseLeader
[2021-07-27 16:40:49] - Binding column: Ejb3Column{table=org.hibernate.mapping.Table(course), mappingColumn=course_name, insertable=true, updatable=true, unique=false}
[2021-07-27 16:40:49] - MetadataSourceProcessor property courseName with lazy=false
[2021-07-27 16:40:49] - Attempting to locate auto-apply AttributeConverter for property [com.anu.springunijpa.entity.Course:courseName]
[2021-07-27 16:40:49] - building SimpleValue for courseName
[2021-07-27 16:40:49] - Building property courseName
[2021-07-27 16:40:49] - Binding entity from annotated class: com.anu.springunijpa.entity.User
[2021-07-27 16:40:49] - Binding column: Ejb3DiscriminatorColumn{logicalColumnName'DTYPE', discriminatorTypeName='string'}
[2021-07-27 16:40:49] - Import with entity name User
[2021-07-27 16:40:49] - Bind entity com.anu.springunijpa.entity.User on table user
[2021-07-27 16:40:49] - Binding column: Ejb3Column{table=org.hibernate.mapping.Table(user), mappingColumn=user_id, insertable=true, updatable=true, unique=false}
[2021-07-27 16:40:49] - Not known whether passed class name [com.anu.springunijpa.entity.User] is safe
[2021-07-27 16:40:49] - No temp ClassLoader provided; using live ClassLoader for loading potentially unsafe class : com.anu.springunijpa.entity.User
[2021-07-27 16:40:49] - MetadataSourceProcessor property userId with lazy=false
[2021-07-27 16:40:49] - Attempting to locate auto-apply AttributeConverter for property [com.anu.springunijpa.entity.User:userId]
[2021-07-27 16:40:49] - building SimpleValue for userId
[2021-07-27 16:40:49] - Building property userId
[2021-07-27 16:40:49] - #makeIdGenerator(org.hibernate.mapping.SimpleValue([org.hibernate.mapping.Column(user_id)]), userId, identity, , ...)
[2021-07-27 16:40:49] - Binding column: Ejb3Column{table=org.hibernate.mapping.Table(user), mappingColumn=date_of_birth, insertable=true, updatable=true, unique=false}
[2021-07-27 16:40:49] - MetadataSourceProcessor property dOB with lazy=false
[2021-07-27 16:40:49] - Attempting to locate auto-apply AttributeConverter for property [com.anu.springunijpa.entity.User:dOB]
[2021-07-27 16:40:49] - building SimpleValue for dOB
[2021-07-27 16:40:49] - Building property dOB
[2021-07-27 16:40:49] - Binding column: Ejb3Column{table=org.hibernate.mapping.Table(user), mappingColumn=user_name, insertable=true, updatable=true, unique=false}
[2021-07-27 16:40:49] - MetadataSourceProcessor property userName with lazy=false
[2021-07-27 16:40:49] - Attempting to locate auto-apply AttributeConverter for property [com.anu.springunijpa.entity.User:userName]
[2021-07-27 16:40:49] - building SimpleValue for userName
[2021-07-27 16:40:49] - Building property userName
[2021-07-27 16:40:49] - Binding column: Ejb3Column{table=org.hibernate.mapping.Table(user), mappingColumn=user_tel, insertable=true, updatable=true, unique=false}
[2021-07-27 16:40:49] - MetadataSourceProcessor property userTel with lazy=false
[2021-07-27 16:40:49] - Attempting to locate auto-apply AttributeConverter for property [com.anu.springunijpa.entity.User:userTel]
[2021-07-27 16:40:49] - building SimpleValue for userTel
[2021-07-27 16:40:49] - Building property userTel
[2021-07-27 16:40:49] - Binding entity from annotated class: com.anu.springunijpa.entity.UserCourse
[2021-07-27 16:40:49] - Binding column: Ejb3DiscriminatorColumn{logicalColumnName'DTYPE', discriminatorTypeName='string'}
[2021-07-27 16:40:49] - Import with entity name UserCourse
[2021-07-27 16:40:49] - Bind entity com.anu.springunijpa.entity.UserCourse on table user_course
[2021-07-27 16:40:49] - Binding column: Ejb3Column{table=org.hibernate.mapping.Table(user_course), mappingColumn=id, insertable=true, updatable=true, unique=false}
[2021-07-27 16:40:49] - Not known whether passed class name [com.anu.springunijpa.entity.UserCourse] is safe
[2021-07-27 16:40:49] - No temp ClassLoader provided; using live ClassLoader for loading potentially unsafe class : com.anu.springunijpa.entity.UserCourse
[2021-07-27 16:40:49] - Binding column: Ejb3Column{table=org.hibernate.mapping.Table(user_course), mappingColumn=course_id, insertable=true, updatable=true, unique=false}
[2021-07-27 16:40:49] - Binding column: Ejb3JoinColumn{logicalColumnName='course_id', referencedColumn='', mappedBy=''}
[2021-07-27 16:40:49] - MetadataSourceProcessor property courseId with lazy=false
[2021-07-27 16:40:49] - Attempting to locate auto-apply AttributeConverter for property [com.anu.springunijpa.entity.UserCourse.id:courseId]
[2021-07-27 16:40:49] - building SimpleValue for courseId
[2021-07-27 16:40:49] - Building property courseId
[2021-07-27 16:40:49] - #makeIdGenerator(org.hibernate.mapping.SimpleValue([org.hibernate.mapping.Column(course_id)]), courseId, foreign, Hibernate-local--foreign generator, ...)
[2021-07-27 16:40:49] - Binding column: Ejb3Column{table=org.hibernate.mapping.Table(user_course), mappingColumn=user_id, insertable=true, updatable=true, unique=false}
[2021-07-27 16:40:49] - Binding column: Ejb3JoinColumn{logicalColumnName='user_id', referencedColumn='', mappedBy=''}
[2021-07-27 16:40:49] - MetadataSourceProcessor property userId with lazy=false
[2021-07-27 16:40:49] - Attempting to locate auto-apply AttributeConverter for property [com.anu.springunijpa.entity.UserCourse.id:userId]
[2021-07-27 16:40:49] - building SimpleValue for userId
[2021-07-27 16:40:49] - Building property userId
[2021-07-27 16:40:49] - #makeIdGenerator(org.hibernate.mapping.SimpleValue([org.hibernate.mapping.Column(user_id)]), userId, foreign, Hibernate-local--foreign generator, ...)
[2021-07-27 16:40:49] - Building property id
[2021-07-27 16:40:49] - #makeIdGenerator(org.hibernate.mapping.Component([org.hibernate.mapping.Property(courseId), org.hibernate.mapping.Property(userId)]), id, assigned, , ...)
[2021-07-27 16:40:49] - Binding column: Ejb3JoinColumn{logicalColumnName='course_id', referencedColumn='', mappedBy=''}
[2021-07-27 16:40:49] - Binding column: Ejb3Column{table=org.hibernate.mapping.Table(user_course), mappingColumn=course, insertable=true, updatable=true, unique=false}
[2021-07-27 16:40:49] - Building property course
[2021-07-27 16:40:49] - Binding column: Ejb3JoinColumn{logicalColumnName='user_id', referencedColumn='', mappedBy=''}
[2021-07-27 16:40:49] - Binding column: Ejb3Column{table=org.hibernate.mapping.Table(user_course), mappingColumn=user, insertable=true, updatable=true, unique=false}
[2021-07-27 16:40:49] - Building property user
[2021-07-27 16:40:49] - Binding column: Ejb3Column{table=org.hibernate.mapping.Table(user_course), mappingColumn=user_course_set, insertable=true, updatable=true, unique=false}
[2021-07-27 16:40:49] - MetadataSourceProcessor property userCourseSet with lazy=false
[2021-07-27 16:40:49] - Attempting to locate auto-apply AttributeConverter for property [com.anu.springunijpa.entity.UserCourse:userCourseSet]
[2021-07-27 16:40:49] - building SimpleValue for userCourseSet
[2021-07-27 16:40:49] - Building property userCourseSet
[2021-07-27 16:40:49] - Starting fillSimpleValue for courseId
[2021-07-27 16:40:49] - Starting fillSimpleValue for courseLeader
[2021-07-27 16:40:49] - Starting fillSimpleValue for courseName
[2021-07-27 16:40:49] - Starting fillSimpleValue for userId
[2021-07-27 16:40:49] - Starting fillSimpleValue for dOB
[2021-07-27 16:40:49] - Starting fillSimpleValue for userName
[2021-07-27 16:40:49] - Starting fillSimpleValue for userTel
[2021-07-27 16:40:49] - Starting fillSimpleValue for courseId
[2021-07-27 16:40:49] - Starting fillSimpleValue for userId
[2021-07-27 16:40:49] - Starting fillSimpleValue for userCourseSet
[2021-07-27 16:40:49] - Forcing column [course_id] to be non-null as it is part of the primary key for table [course]
[2021-07-27 16:40:49] - Forcing column [user_id] to be non-null as it is part of the primary key for table [user]
[2021-07-27 16:40:49] - Forcing column [course_id] to be non-null as it is part of the primary key for table [user_course]
[2021-07-27 16:40:49] - Forcing column [user_id] to be non-null as it is part of the primary key for table [user_course]
[2021-07-27 16:40:49] - Resolving reference to class: com.anu.springunijpa.entity.Course
[2021-07-27 16:40:49] - Resolving reference to class: com.anu.springunijpa.entity.User
[2021-07-27 16:40:49] - Resolving reference to class: com.anu.springunijpa.entity.Course
[2021-07-27 16:40:49] - Resolving reference to class: com.anu.springunijpa.entity.User
[2021-07-27 16:40:49] - Building session factory
[2021-07-27 16:40:49] - SessionFactory name : null
[2021-07-27 16:40:49] - Automatic flush during beforeCompletion(): enabled
[2021-07-27 16:40:49] - Automatic session close at end of transaction: disabled
[2021-07-27 16:40:49] - Statistics: disabled
[2021-07-27 16:40:49] - Deleted entity synthetic identifier rollback: disabled
[2021-07-27 16:40:49] - Default entity-mode: pojo
[2021-07-27 16:40:49] - Check Nullability in Core (should be disabled when Bean Validation is on): enabled
[2021-07-27 16:40:49] - Allow initialization of lazy state outside session : disabled
[2021-07-27 16:40:49] - Using BatchFetchStyle : LEGACY
[2021-07-27 16:40:49] - Default batch fetch size: -1
[2021-07-27 16:40:49] - Maximum outer join fetch depth: 2
[2021-07-27 16:40:49] - Default null ordering: NONE
[2021-07-27 16:40:49] - Order SQL updates by primary key: disabled
[2021-07-27 16:40:49] - Order SQL inserts for batching: disabled
[2021-07-27 16:40:49] - multi-tenancy strategy : NONE
[2021-07-27 16:40:49] - JTA Track by Thread: enabled
[2021-07-27 16:40:49] - Query language substitutions: {}
[2021-07-27 16:40:49] - Named query checking : enabled
[2021-07-27 16:40:49] - Second-level cache: disabled
[2021-07-27 16:40:49] - Second-level query cache: disabled
[2021-07-27 16:40:49] - Second-level query cache factory: null
[2021-07-27 16:40:49] - Second-level cache region prefix: null
[2021-07-27 16:40:49] - Optimize second-level cache for minimal puts: disabled
[2021-07-27 16:40:49] - Structured second-level cache entries: disabled
[2021-07-27 16:40:49] - Second-level cache direct-reference entries: disabled
[2021-07-27 16:40:49] - Automatic eviction of collection cache: disabled
[2021-07-27 16:40:49] - JDBC batch size: 15
[2021-07-27 16:40:49] - JDBC batch updates for versioned data: enabled
[2021-07-27 16:40:49] - Scrollable result sets: enabled
[2021-07-27 16:40:49] - Wrap result sets: disabled
[2021-07-27 16:40:49] - JDBC3 getGeneratedKeys(): enabled
[2021-07-27 16:40:49] - JDBC result set fetch size: null
[2021-07-27 16:40:49] - Connection release mode: ON_CLOSE
[2021-07-27 16:40:49] - Generate SQL with comments: disabled
[2021-07-27 16:40:49] - JPA compliance - query : disabled
[2021-07-27 16:40:49] - JPA compliance - closed-handling : disabled
[2021-07-27 16:40:49] - JPA compliance - lists : disabled
[2021-07-27 16:40:49] - JPA compliance - transactions : disabled
[2021-07-27 16:40:49] - Session factory constructed with filter configurations : {}
[2021-07-27 16:40:49] - Instantiating session factory with properties: {hibernate.id.new_generator_mappings=true, java.specification.version=16, hibernate.resource.beans.container=org.springframework.orm.hibernate5.SpringBeanContainer@6c995c5d, hibernate.connection.handling_mode=DELAYED_ACQUISITION_AND_HOLD, sun.jnu.encoding=UTF-8, hibernate.dialect=org.hibernate.dialect.MySQL5Dialect, hibernate.implicit_naming_strategy=org.springframework.boot.orm.jpa.hibernate.SpringImplicitNamingStrategy, java.class.path=/home/anuththara/Documents/hSenid/Install/ideaIU-2021.1.3/idea-IU-211.7628.21/lib/idea_rt.jar:/home/anuththara/.m2/repository/org/junit/platform/junit-platform-launcher/1.7.2/junit-platform-launcher-1.7.2.jar:/home/anuththara/.m2/repository/org/junit/vintage/junit-vintage-engine/5.7.2/junit-vintage-engine-5.7.2.jar:/home/anuththara/Documents/hSenid/Install/ideaIU-2021.1.3/idea-IU-211.7628.21/plugins/junit/lib/junit5-rt.jar:/home/anuththara/Documents/hSenid/Install/ideaIU-2021.1.3/idea-IU-211.7628.21/plugins/junit/lib/junit-rt.jar:/home/anuththara/Documents/hSenid/Practice/springboot/spring-uni-jpa/UserJPA-Springboot/target/test-classes:/home/anuththara/Documents/hSenid/Practice/springboot/spring-uni-jpa/UserJPA-Springboot/target/classes:/home/anuththara/.m2/repository/org/springframework/boot/spring-boot-starter-data-jpa/2.5.2/spring-boot-starter-data-jpa-2.5.2.jar:/home/anuththara/.m2/repository/org/springframework/boot/spring-boot-starter-aop/2.5.2/spring-boot-starter-aop-2.5.2.jar:/home/anuththara/.m2/repository/org/springframework/spring-aop/5.3.8/spring-aop-5.3.8.jar:/home/anuththara/.m2/repository/org/aspectj/aspectjweaver/1.9.6/aspectjweaver-1.9.6.jar:/home/anuththara/.m2/repository/org/springframework/boot/spring-boot-starter-jdbc/2.5.2/spring-boot-starter-jdbc-2.5.2.jar:/home/anuththara/.m2/repository/com/zaxxer/HikariCP/4.0.3/HikariCP-4.0.3.jar:/home/anuththara/.m2/repository/org/springframework/spring-jdbc/5.3.8/spring-jdbc-5.3.8.jar:/home/anuththara/.m2/repository/jakarta/transaction/jakarta.transaction-api/1.3.3/jakarta.transaction-api-1.3.3.jar:/home/anuththara/.m2/repository/jakarta/persistence/jakarta.persistence-api/2.2.3/jakarta.persistence-api-2.2.3.jar:/home/anuththara/.m2/repository/org/hibernate/hibernate-core/5.4.32.Final/hibernate-core-5.4.32.Final.jar:/home/anuththara/.m2/repository/org/jboss/logging/jboss-logging/3.4.2.Final/jboss-logging-3.4.2.Final.jar:/home/anuththara/.m2/repository/org/javassist/javassist/3.27.0-GA/javassist-3.27.0-GA.jar:/home/anuththara/.m2/repository/net/bytebuddy/byte-buddy/1.10.22/byte-buddy-1.10.22.jar:/home/anuththara/.m2/repository/antlr/antlr/2.7.7/antlr-2.7.7.jar:/home/anuththara/.m2/repository/org/jboss/jandex/2.2.3.Final/jandex-2.2.3.Final.jar:/home/anuththara/.m2/repository/com/fasterxml/classmate/1.5.1/classmate-1.5.1.jar:/home/anuththara/.m2/repository/org/dom4j/dom4j/2.1.3/dom4j-2.1.3.jar:/home/anuththara/.m2/repository/org/hibernate/common/hibernate-commons-annotations/5.1.2.Final/hibernate-commons-annotations-5.1.2.Final.jar:/home/anuththara/.m2/repository/org/glassfish/jaxb/jaxb-runtime/2.3.4/jaxb-runtime-2.3.4.jar:/home/anuththara/.m2/repository/org/glassfish/jaxb/txw2/2.3.4/txw2-2.3.4.jar:/home/anuththara/.m2/repository/com/sun/istack/istack-commons-runtime/3.0.12/istack-commons-runtime-3.0.12.jar:/home/anuththara/.m2/repository/com/sun/activation/jakarta.activation/1.2.2/jakarta.activation-1.2.2.jar:/home/anuththara/.m2/repository/org/springframework/data/spring-data-jpa/2.5.2/spring-data-jpa-2.5.2.jar:/home/anuththara/.m2/repository/org/springframework/data/spring-data-commons/2.5.2/spring-data-commons-2.5.2.jar:/home/anuththara/.m2/repository/org/springframework/spring-orm/5.3.8/spring-orm-5.3.8.jar:/home/anuththara/.m2/repository/org/springframework/spring-context/5.3.8/spring-context-5.3.8.jar:/home/anuththara/.m2/repository/org/springframework/spring-tx/5.3.8/spring-tx-5.3.8.jar:/home/anuththara/.m2/repository/org/springframework/spring-beans/5.3.8/spring-beans-5.3.8.jar:/home/anuththara/.m2/repository/org/springframework/spring-aspects/5.3.8/spring-aspects-5.3.8.jar:/home/anuththara/.m2/repository/org/springframework/boot/spring-boot-starter-web/2.5.2/spring-boot-starter-web-2.5.2.jar:/home/anuththara/.m2/repository/org/springframework/boot/spring-boot-starter/2.5.2/spring-boot-starter-2.5.2.jar:/home/anuththara/.m2/repository/org/springframework/boot/spring-boot/2.5.2/spring-boot-2.5.2.jar:/home/anuththara/.m2/repository/org/springframework/boot/spring-boot-autoconfigure/2.5.2/spring-boot-autoconfigure-2.5.2.jar:/home/anuththara/.m2/repository/org/springframework/boot/spring-boot-starter-logging/2.5.2/spring-boot-starter-logging-2.5.2.jar:/home/anuththara/.m2/repository/ch/qos/logback/logback-classic/1.2.3/logback-classic-1.2.3.jar:/home/anuththara/.m2/repository/ch/qos/logback/logback-core/1.2.3/logback-core-1.2.3.jar:/home/anuththara/.m2/repository/org/apache/logging/log4j/log4j-to-slf4j/2.14.1/log4j-to-slf4j-2.14.1.jar:/home/anuththara/.m2/repository/org/apache/logging/log4j/log4j-api/2.14.1/log4j-api-2.14.1.jar:/home/anuththara/.m2/repository/org/slf4j/jul-to-slf4j/1.7.31/jul-to-slf4j-1.7.31.jar:/home/anuththara/.m2/repository/jakarta/annotation/jakarta.annotation-api/1.3.5/jakarta.annotation-api-1.3.5.jar:/home/anuththara/.m2/repository/org/yaml/snakeyaml/1.28/snakeyaml-1.28.jar:/home/anuththara/.m2/repository/org/springframework/boot/spring-boot-starter-json/2.5.2/spring-boot-starter-json-2.5.2.jar:/home/anuththara/.m2/repository/com/fasterxml/jackson/datatype/jackson-datatype-jsr310/2.12.3/jackson-datatype-jsr310-2.12.3.jar:/home/anuththara/.m2/repository/com/fasterxml/jackson/module/jackson-module-parameter-names/2.12.3/jackson-module-parameter-names-2.12.3.jar:/home/anuththara/.m2/repository/org/springframework/boot/spring-boot-starter-tomcat/2.5.2/spring-boot-starter-tomcat-2.5.2.jar:/home/anuththara/.m2/repository/org/apache/tomcat/embed/tomcat-embed-core/9.0.48/tomcat-embed-core-9.0.48.jar:/home/anuththara/.m2/repository/org/apache/tomcat/embed/tomcat-embed-el/9.0.48/tomcat-embed-el-9.0.48.jar:/home/anuththara/.m2/repository/org/apache/tomcat/embed/tomcat-embed-websocket/9.0.48/tomcat-embed-websocket-9.0.48.jar:/home/anuththara/.m2/repository/org/springframework/spring-web/5.3.8/spring-web-5.3.8.jar:/home/anuththara/.m2/repository/org/springframework/spring-webmvc/5.3.8/spring-webmvc-5.3.8.jar:/home/anuththara/.m2/repository/org/springframework/spring-expression/5.3.8/spring-expression-5.3.8.jar:/home/anuththara/.m2/repository/mysql/mysql-connector-java/8.0.25/mysql-connector-java-8.0.25.jar:/home/anuththara/.m2/repository/org/projectlombok/lombok/1.18.20/lombok-1.18.20.jar:/home/anuththara/.m2/repository/org/springframework/boot/spring-boot-starter-test/2.5.0/spring-boot-starter-test-2.5.0.jar:/home/anuththara/.m2/repository/org/springframework/boot/spring-boot-test/2.5.2/spring-boot-test-2.5.2.jar:/home/anuththara/.m2/repository/org/springframework/boot/spring-boot-test-autoconfigure/2.5.2/spring-boot-test-autoconfigure-2.5.2.jar:/home/anuththara/.m2/repository/com/jayway/jsonpath/json-path/2.5.0/json-path-2.5.0.jar:/home/anuththara/.m2/repository/net/minidev/json-smart/2.4.7/json-smart-2.4.7.jar:/home/anuththara/.m2/repository/net/minidev/accessors-smart/2.4.7/accessors-smart-2.4.7.jar:/home/anuththara/.m2/repository/org/ow2/asm/asm/9.1/asm-9.1.jar:/home/anuththara/.m2/repository/jakarta/xml/bind/jakarta.xml.bind-api/2.3.3/jakarta.xml.bind-api-2.3.3.jar:/home/anuththara/.m2/repository/jakarta/activation/jakarta.activation-api/1.2.2/jakarta.activation-api-1.2.2.jar:/home/anuththara/.m2/repository/org/hamcrest/hamcrest/2.2/hamcrest-2.2.jar:/home/anuththara/.m2/repository/org/junit/jupiter/junit-jupiter/5.7.2/junit-jupiter-5.7.2.jar:/home/anuththara/.m2/repository/org/junit/jupiter/junit-jupiter-api/5.7.2/junit-jupiter-api-5.7.2.jar:/home/anuththara/.m2/repository/org/apiguardian/apiguardian-api/1.1.0/apiguardian-api-1.1.0.jar:/home/anuththara/.m2/repository/org/opentest4j/opentest4j/1.2.0/opentest4j-1.2.0.jar:/home/anuththara/.m2/repository/org/junit/platform/junit-platform-commons/1.7.2/junit-platform-commons-1.7.2.jar:/home/anuththara/.m2/repository/org/junit/jupiter/junit-jupiter-params/5.7.2/junit-jupiter-params-5.7.2.jar:/home/anuththara/.m2/repository/org/junit/jupiter/junit-jupiter-engine/5.7.2/junit-jupiter-engine-5.7.2.jar:/home/anuththara/.m2/repository/org/junit/platform/junit-platform-engine/1.7.2/junit-platform-engine-1.7.2.jar:/home/anuththara/.m2/repository/org/mockito/mockito-core/3.9.0/mockito-core-3.9.0.jar:/home/anuththara/.m2/repository/net/bytebuddy/byte-buddy-agent/1.10.22/byte-buddy-agent-1.10.22.jar:/home/anuththara/.m2/repository/org/objenesis/objenesis/3.2/objenesis-3.2.jar:/home/anuththara/.m2/repository/org/mockito/mockito-junit-jupiter/3.9.0/mockito-junit-jupiter-3.9.0.jar:/home/anuththara/.m2/repository/org/skyscreamer/jsonassert/1.5.0/jsonassert-1.5.0.jar:/home/anuththara/.m2/repository/com/vaadin/external/google/android-json/0.0.20131108.vaadin1/android-json-0.0.20131108.vaadin1.jar:/home/anuththara/.m2/repository/org/springframework/spring-core/5.3.8/spring-core-5.3.8.jar:/home/anuththara/.m2/repository/org/springframework/spring-jcl/5.3.8/spring-jcl-5.3.8.jar:/home/anuththara/.m2/repository/org/springframework/spring-test/5.3.8/spring-test-5.3.8.jar:/home/anuththara/.m2/repository/org/xmlunit/xmlunit-core/2.8.2/xmlunit-core-2.8.2.jar:/home/anuththara/.m2/repository/junit/junit/4.13.2/junit-4.13.2.jar:/home/anuththara/.m2/repository/org/hamcrest/hamcrest-core/2.2/hamcrest-core-2.2.jar:/home/anuththara/.m2/repository/com/graphql-java/graphql-spring-boot-starter/5.0.2/graphql-spring-boot-starter-5.0.2.jar:/home/anuththara/.m2/repository/com/graphql-java/graphql-spring-boot-autoconfigure/5.0.2/graphql-spring-boot-autoconfigure-5.0.2.jar:/home/anuththara/.m2/repository/org/springframework/boot/spring-boot-configuration-processor/2.5.2/spring-boot-configuration-processor-2.5.2.jar:/home/anuththara/.m2/repository/org/springframework/boot/spring-boot-starter-websocket/2.5.2/spring-boot-starter-websocket-2.5.2.jar:/home/anuththara/.m2/repository/org/springframework/spring-messaging/5.3.8/spring-messaging-5.3.8.jar:/home/anuththara/.m2/repository/org/springframework/spring-websocket/5.3.8/spring-websocket-5.3.8.jar:/home/anuththara/.m2/repository/com/graphql-java/graphql-java-servlet/6.1.2/graphql-java-servlet-6.1.2.jar:/home/anuththara/.m2/repository/javax/servlet/javax.servlet-api/4.0.1/javax.servlet-api-4.0.1.jar:/home/anuththara/.m2/repository/javax/websocket/javax.websocket-api/1.1/javax.websocket-api-1.1.jar:/home/anuththara/.m2/repository/commons-io/commons-io/2.6/commons-io-2.6.jar:/home/anuththara/.m2/repository/com/graphql-java/graphql-java-tools/5.2.4/graphql-java-tools-5.2.4.jar:/home/anuththara/.m2/repository/org/jetbrains/kotlin/kotlin-stdlib/1.5.20/kotlin-stdlib-1.5.20.jar:/home/anuththara/.m2/repository/org/jetbrains/annotations/13.0/annotations-13.0.jar:/home/anuththara/.m2/repository/org/jetbrains/kotlin/kotlin-stdlib-common/1.5.20/kotlin-stdlib-common-1.5.20.jar:/home/anuththara/.m2/repository/com/graphql-java/graphql-java/9.2/graphql-java-9.2.jar:/home/anuththara/.m2/repository/org/antlr/antlr4-runtime/4.7.1/antlr4-runtime-4.7.1.jar:/home/anuththara/.m2/repository/com/graphql-java/java-dataloader/2.0.2/java-dataloader-2.0.2.jar:/home/anuththara/.m2/repository/org/reactivestreams/reactive-streams/1.0.3/reactive-streams-1.0.3.jar:/home/anuththara/.m2/repository/com/fasterxml/jackson/core/jackson-core/2.12.3/jackson-core-2.12.3.jar:/home/anuththara/.m2/repository/com/fasterxml/jackson/module/jackson-module-kotlin/2.12.3/jackson-module-kotlin-2.12.3.jar:/home/anuththara/.m2/repository/com/fasterxml/jackson/core/jackson-annotations/2.12.3/jackson-annotations-2.12.3.jar:/home/anuththara/.m2/repository/org/jetbrains/kotlin/kotlin-reflect/1.5.20/kotlin-reflect-1.5.20.jar:/home/anuththara/.m2/repository/com/fasterxml/jackson/datatype/jackson-datatype-jdk8/2.12.3/jackson-datatype-jdk8-2.12.3.jar:/home/anuththara/.m2/repository/com/esotericsoftware/reflectasm/1.11.7/reflectasm-1.11.7.jar:/home/anuththara/.m2/repository/org/apache/commons/commons-lang3/3.12.0/commons-lang3-3.12.0.jar:/home/anuththara/.m2/repository/com/google/guava/guava/26.0-jre/guava-26.0-jre.jar:/home/anuththara/.m2/repository/com/google/code/findbugs/jsr305/3.0.2/jsr305-3.0.2.jar:/home/anuththara/.m2/repository/org/checkerframework/checker-qual/2.5.2/checker-qual-2.5.2.jar:/home/anuththara/.m2/repository/com/google/errorprone/error_prone_annotations/2.1.3/error_prone_annotations-2.1.3.jar:/home/anuththara/.m2/repository/com/google/j2objc/j2objc-annotations/1.1/j2objc-annotations-1.1.jar:/home/anuththara/.m2/repository/org/codehaus/mojo/animal-sniffer-annotations/1.14/animal-sniffer-annotations-1.14.jar:/home/anuththara/.m2/repository/org/slf4j/slf4j-api/1.7.31/slf4j-api-1.7.31.jar:/home/anuththara/.m2/repository/com/fasterxml/jackson/datatype/jackson-datatype-hibernate4/2.4.0/jackson-datatype-hibernate4-2.4.0.jar:/home/anuththara/.m2/repository/com/fasterxml/jackson/core/jackson-databind/2.12.3/jackson-databind-2.12.3.jar:/home/anuththara/.m2/repository/org/assertj/assertj-core/3.4.1/assertj-core-3.4.1.jar:/home/anuththara/.m2/repository/org/assertj/assertj-db/2.0.2/assertj-db-2.0.2.jar:/home/anuththara/.m2/repository/com/h2database/h2/1.4.200/h2-1.4.200.jar, java.vm.vendor=Oracle Corporation, sun.arch.data.model=64, idea.test.cyclic.buffer.size=1048576, java.vendor.url=https://java.oracle.com/, user.timezone=Asia/Colombo, java.vm.specification.version=16, os.name=Linux, javax.persistence.validation.mode=AUTO, sun.java.launcher=SUN_STANDARD, user.country=US, sun.boot.library.path=/usr/lib/jvm/openjdk-16/lib, sun.java.command=com.intellij.rt.junit.JUnitStarter -ideVersion5 -junit5 com.anu.springunijpa.service.impl.UserServiceImplTest,testSaveUser, javax.persistence.nonJtaDataSource=org.springframework.jdbc.datasource.embedded.EmbeddedDatabaseFactory$EmbeddedDataSourceProxy@30839e44, hibernate.transaction.jta.platform=org.hibernate.engine.transaction.jta.platform.internal.NoJtaPlatform@203b953c, javax.persistence.sharedCache.mode=UNSPECIFIED, jdk.debug=release, sun.cpu.endian=little, user.home=/home/anuththara, user.language=en, java.specification.vendor=Oracle Corporation, java.version.date=2021-04-20, java.home=/usr/lib/jvm/openjdk-16, file.separator=/, java.vm.compressedOopsMode=32-bit, line.separator=
, java.specification.name=Java Platform API Specification, java.vm.specification.vendor=Oracle Corporation, FILE_LOG_CHARSET=UTF-8, hibernate.transaction.coordinator_class=class org.hibernate.resource.transaction.backend.jdbc.internal.JdbcResourceLocalTransactionCoordinatorBuilderImpl, java.awt.headless=true, hibernate.hbm2ddl.auto=create-drop, sun.management.compiler=HotSpot 64-Bit Tiered Compilers, java.runtime.version=16.0.1+9-24, user.name=anuththara, path.separator=:, os.version=5.4.0-77-generic, java.runtime.name=OpenJDK Runtime Environment, file.encoding=UTF-8, hibernate.ejb.persistenceUnitName=default, spring.beaninfo.ignore=true, java.vm.name=OpenJDK 64-Bit Server VM, hibernate.show_sql=true, java.vendor.url.bug=https://bugreport.java.com/bugreport/, java.io.tmpdir=/tmp, java.version=16.0.1, hibernate.physical_naming_strategy=org.springframework.boot.orm.jpa.hibernate.SpringPhysicalNamingStrategy, user.dir=/home/anuththara/Documents/hSenid/Practice/springboot/spring-uni-jpa/UserJPA-Springboot, os.arch=amd64, java.vm.specification.name=Java Virtual Machine Specification, PID=2586, CONSOLE_LOG_CHARSET=UTF-8, hibernate.boot.CfgXmlAccessService.key=org.hibernate.boot.registry.StandardServiceRegistryBuilder$1@730bea0, java.library.path=/usr/java/packages/lib:/usr/lib64:/lib64:/lib:/usr/lib, java.vendor=Oracle Corporation, java.vm.info=mixed mode, sharing, java.vm.version=16.0.1+9-24, hibernate.bytecode.use_reflection_optimizer=false, sun.io.unicode.encoding=UnicodeLittle, hibernate.archive.scanner=org.hibernate.boot.archive.scan.internal.DisabledScanner, hibernate.connection.datasource=org.springframework.jdbc.datasource.embedded.EmbeddedDatabaseFactory$EmbeddedDataSourceProxy@30839e44, java.class.version=60.0}
[2021-07-27 16:40:49] - Skipping JACC integration as it was not enabled
[2021-07-27 16:40:49] - Instantiated session factory
[2021-07-27 16:40:49] - Scoping TypeConfiguration [org.hibernate.type.spi.TypeConfiguration@11c88cca] to SessionFactoryImpl [org.hibernate.internal.SessionFactoryImpl@184afb78]
[2021-07-27 16:40:49] - Not known whether passed class name [com.anu.springunijpa.entity.UserCourse] is safe
[2021-07-27 16:40:49] - No temp ClassLoader provided; using live ClassLoader for loading potentially unsafe class : com.anu.springunijpa.entity.UserCourse
[2021-07-27 16:40:50] - Not known whether passed class name [com.anu.springunijpa.entity.Course] is safe
[2021-07-27 16:40:50] - No temp ClassLoader provided; using live ClassLoader for loading potentially unsafe class : com.anu.springunijpa.entity.Course
[2021-07-27 16:40:50] - Not known whether passed class name [com.anu.springunijpa.entity.User] is safe
[2021-07-27 16:40:50] - No temp ClassLoader provided; using live ClassLoader for loading potentially unsafe class : com.anu.springunijpa.entity.User
[2021-07-27 16:40:50] - Static SQL for entity: com.anu.springunijpa.entity.UserCourse
[2021-07-27 16:40:50] -  Version select: select course_id, user_id from user_course where course_id =? and user_id =?
[2021-07-27 16:40:50] -  Snapshot select: select usercourse_.course_id, usercourse_.user_id, usercourse_.user_course_set as user_cou3_2_ from user_course usercourse_ where usercourse_.course_id=? and usercourse_.user_id=?
[2021-07-27 16:40:50] -  Insert 0: insert into user_course (user_course_set, course_id, user_id) values (?, ?, ?)
[2021-07-27 16:40:50] -  Update 0: update user_course set user_course_set=? where course_id=? and user_id=?
[2021-07-27 16:40:50] -  Delete 0: delete from user_course where course_id=? and user_id=?
[2021-07-27 16:40:50] - Adding QuerySpace : uid = <gen:0> -> org.hibernate.loader.plan.build.internal.spaces.EntityQuerySpaceImpl@c94bd18]
[2021-07-27 16:40:50] - Adding QuerySpace : uid = <gen:0>-id -> org.hibernate.loader.plan.build.internal.spaces.CompositeQuerySpaceImpl@2f99d8c]
