[2021-07-29 10:46:19] - HikariPool-1 - Pool stats (total=10, active=0, idle=10, waiting=0)
[2021-07-29 10:46:19] - HikariPool-1 - Fill pool skipped, pool is at sufficient level.
[2021-07-29 10:46:49] - HikariPool-1 - Pool stats (total=10, active=0, idle=10, waiting=0)
[2021-07-29 10:46:49] - HikariPool-1 - Fill pool skipped, pool is at sufficient level.
[2021-07-29 10:47:19] - HikariPool-1 - Pool stats (total=10, active=0, idle=10, waiting=0)
[2021-07-29 10:47:19] - HikariPool-1 - Fill pool skipped, pool is at sufficient level.
[2021-07-29 10:47:49] - HikariPool-1 - Pool stats (total=10, active=0, idle=10, waiting=0)
[2021-07-29 10:47:49] - HikariPool-1 - Fill pool skipped, pool is at sufficient level.
[2021-07-29 10:48:19] - HikariPool-1 - Pool stats (total=10, active=0, idle=10, waiting=0)
[2021-07-29 10:48:19] - HikariPool-1 - Fill pool skipped, pool is at sufficient level.
[2021-07-29 10:48:49] - HikariPool-1 - Pool stats (total=10, active=0, idle=10, waiting=0)
[2021-07-29 10:48:49] - HikariPool-1 - Fill pool skipped, pool is at sufficient level.
[2021-07-29 10:49:19] - HikariPool-1 - Pool stats (total=10, active=0, idle=10, waiting=0)
[2021-07-29 10:49:19] - HikariPool-1 - Fill pool skipped, pool is at sufficient level.
[2021-07-29 10:49:49] - HikariPool-1 - Pool stats (total=10, active=0, idle=10, waiting=0)
[2021-07-29 10:49:49] - HikariPool-1 - Fill pool skipped, pool is at sufficient level.
[2021-07-29 10:50:19] - HikariPool-1 - Pool stats (total=10, active=0, idle=10, waiting=0)
[2021-07-29 10:50:19] - HikariPool-1 - Fill pool skipped, pool is at sufficient level.
[2021-07-29 10:50:49] - HikariPool-1 - Pool stats (total=10, active=0, idle=10, waiting=0)
[2021-07-29 10:50:49] - HikariPool-1 - Fill pool skipped, pool is at sufficient level.
[2021-07-29 10:51:19] - HikariPool-1 - Pool stats (total=10, active=0, idle=10, waiting=0)
[2021-07-29 10:51:19] - HikariPool-1 - Fill pool skipped, pool is at sufficient level.
[2021-07-29 10:51:49] - HikariPool-1 - Pool stats (total=10, active=0, idle=10, waiting=0)
[2021-07-29 10:51:49] - HikariPool-1 - Fill pool skipped, pool is at sufficient level.
[2021-07-29 10:52:19] - HikariPool-1 - Pool stats (total=10, active=0, idle=10, waiting=0)
[2021-07-29 10:52:19] - HikariPool-1 - Fill pool skipped, pool is at sufficient level.
[2021-07-29 10:52:49] - HikariPool-1 - Pool stats (total=10, active=0, idle=10, waiting=0)
[2021-07-29 10:52:49] - HikariPool-1 - Fill pool skipped, pool is at sufficient level.
[2021-07-29 10:53:19] - HikariPool-1 - Pool stats (total=10, active=0, idle=10, waiting=0)
[2021-07-29 10:53:19] - HikariPool-1 - Fill pool skipped, pool is at sufficient level.
[2021-07-29 10:53:49] - HikariPool-1 - Pool stats (total=10, active=0, idle=10, waiting=0)
[2021-07-29 10:53:49] - HikariPool-1 - Fill pool skipped, pool is at sufficient level.
[2021-07-29 10:54:19] - HikariPool-1 - Pool stats (total=10, active=0, idle=10, waiting=0)
[2021-07-29 10:54:19] - HikariPool-1 - Fill pool skipped, pool is at sufficient level.
[2021-07-29 10:54:49] - HikariPool-1 - Pool stats (total=10, active=0, idle=10, waiting=0)
[2021-07-29 10:54:49] - HikariPool-1 - Fill pool skipped, pool is at sufficient level.
[2021-07-29 10:55:19] - HikariPool-1 - Pool stats (total=10, active=0, idle=10, waiting=0)
[2021-07-29 10:55:19] - HikariPool-1 - Fill pool skipped, pool is at sufficient level.
[2021-07-29 10:55:49] - HikariPool-1 - Pool stats (total=10, active=0, idle=10, waiting=0)
[2021-07-29 10:55:49] - HikariPool-1 - Fill pool skipped, pool is at sufficient level.
[2021-07-29 10:56:19] - HikariPool-1 - Pool stats (total=10, active=0, idle=10, waiting=0)
[2021-07-29 10:56:19] - HikariPool-1 - Fill pool skipped, pool is at sufficient level.
[2021-07-29 10:56:49] - HikariPool-1 - Pool stats (total=10, active=0, idle=10, waiting=0)
[2021-07-29 10:56:49] - HikariPool-1 - Fill pool skipped, pool is at sufficient level.
[2021-07-29 10:57:19] - HikariPool-1 - Pool stats (total=10, active=0, idle=10, waiting=0)
[2021-07-29 10:57:19] - HikariPool-1 - Fill pool skipped, pool is at sufficient level.
[2021-07-29 10:57:49] - HikariPool-1 - Pool stats (total=10, active=0, idle=10, waiting=0)
[2021-07-29 10:57:49] - HikariPool-1 - Fill pool skipped, pool is at sufficient level.
[2021-07-29 10:58:19] - HikariPool-1 - Pool stats (total=10, active=0, idle=10, waiting=0)
[2021-07-29 10:58:19] - HikariPool-1 - Fill pool skipped, pool is at sufficient level.
[2021-07-29 10:58:49] - HikariPool-1 - Pool stats (total=10, active=0, idle=10, waiting=0)
[2021-07-29 10:58:49] - HikariPool-1 - Fill pool skipped, pool is at sufficient level.
[2021-07-29 10:59:15] - Application availability state ReadinessState changed from ACCEPTING_TRAFFIC to REFUSING_TRAFFIC
[2021-07-29 10:59:15] - Closing org.springframework.boot.web.servlet.context.AnnotationConfigServletWebServerApplicationContext@363042d7, started on Thu Jul 29 10:45:47 IST 2021
[2021-07-29 10:59:15] - Found key 'spring.liveBeansView.mbeanDomain' in PropertySource 'systemProperties' with value of type String
[2021-07-29 10:59:15] - Stopping beans in phase 2147483647
[2021-07-29 10:59:15] - Bean 'webServerGracefulShutdown' completed its stop procedure
[2021-07-29 10:59:15] - Stopping beans in phase 2147483646
[2021-07-29 10:59:15] - Bean 'webServerStartStop' completed its stop procedure
[2021-07-29 10:59:15] - Stopping beans in phase 0
[2021-07-29 10:59:15] - Successfully stopped bean 'serverEndpointRegistration'
[2021-07-29 10:59:15] - Unregistering JMX-exposed beans on shutdown
[2021-07-29 10:59:15] - Unregistering JMX-exposed beans
[2021-07-29 10:59:15] - Shutting down ExecutorService 'applicationTaskExecutor'
[2021-07-29 10:59:15] - Closing JPA EntityManagerFactory for persistence unit 'default'
[2021-07-29 10:59:15] - HHH000031: Closing
[2021-07-29 10:59:15] - Un-scoping TypeConfiguration [org.hibernate.type.spi.TypeConfiguration$Scope@1aa2531b] from SessionFactory [org.hibernate.internal.SessionFactoryImpl@4404a6b]
[2021-07-29 10:59:15] - Implicitly destroying ServiceRegistry on de-registration of all child ServiceRegistries
[2021-07-29 10:59:15] - Implicitly destroying Boot-strap registry on de-registration of all child ServiceRegistries
[2021-07-29 10:59:15] - HikariPool-1 - Shutdown initiated...
[2021-07-29 10:59:15] - HikariPool-1 - Before shutdown stats (total=10, active=0, idle=10, waiting=0)
[2021-07-29 10:59:15] - HikariPool-1 - Closing connection com.mysql.cj.jdbc.ConnectionImpl@5a3cf878: (connection evicted)
[2021-07-29 10:59:15] - HikariPool-1 - Closing connection com.mysql.cj.jdbc.ConnectionImpl@1d0a393d: (connection evicted)
[2021-07-29 10:59:15] - HikariPool-1 - Closing connection com.mysql.cj.jdbc.ConnectionImpl@3c18cc49: (connection evicted)
[2021-07-29 10:59:15] - HikariPool-1 - Closing connection com.mysql.cj.jdbc.ConnectionImpl@895a158: (connection evicted)
[2021-07-29 10:59:15] - HikariPool-1 - Closing connection com.mysql.cj.jdbc.ConnectionImpl@385614f0: (connection evicted)
[2021-07-29 10:59:15] - HikariPool-1 - Closing connection com.mysql.cj.jdbc.ConnectionImpl@31395c33: (connection evicted)
[2021-07-29 10:59:15] - HikariPool-1 - Closing connection com.mysql.cj.jdbc.ConnectionImpl@3e5dd2e0: (connection evicted)
[2021-07-29 10:59:15] - HikariPool-1 - Closing connection com.mysql.cj.jdbc.ConnectionImpl@843d127: (connection evicted)
[2021-07-29 10:59:15] - HikariPool-1 - Closing connection com.mysql.cj.jdbc.ConnectionImpl@3863834f: (connection evicted)
[2021-07-29 10:59:15] - HikariPool-1 - Closing connection com.mysql.cj.jdbc.ConnectionImpl@1c8e07b5: (connection evicted)
[2021-07-29 10:59:15] - HikariPool-1 - After shutdown stats (total=0, active=0, idle=0, waiting=0)
[2021-07-29 10:59:15] - HikariPool-1 - Shutdown completed.
[2021-07-29 10:59:20] - Starting SpringUniJpaApplication using Java 16.0.1 on anuththara-VivoBook-ASUSLaptop-X509JB-X509JB with PID 14005 (/home/anuththara/Documents/hSenid/Practice/springboot/spring-uni-jpa/UserJPA-Springboot/target/classes started by anuththara in /home/anuththara/Documents/hSenid/Practice/springboot/spring-uni-jpa/UserJPA-Springboot)
[2021-07-29 10:59:20] - Running with Spring Boot v2.5.2, Spring v5.3.8
[2021-07-29 10:59:20] - No active profile set, falling back to default profiles: default
[2021-07-29 10:59:20] - Loading source class com.anu.springunijpa.SpringUniJpaApplication
[2021-07-29 10:59:20] - Refreshing org.springframework.boot.web.servlet.context.AnnotationConfigServletWebServerApplicationContext@10b9db7b
[2021-07-29 10:59:20] - Creating shared instance of singleton bean 'org.springframework.context.annotation.internalConfigurationAnnotationProcessor'
[2021-07-29 10:59:20] - Creating shared instance of singleton bean 'org.springframework.boot.autoconfigure.internalCachingMetadataReaderFactory'
[2021-07-29 10:59:20] - Identified candidate component class: file [/home/anuththara/Documents/hSenid/Practice/springboot/spring-uni-jpa/UserJPA-Springboot/target/classes/com/anu/springunijpa/controller/CourseController.class]
[2021-07-29 10:59:20] - Identified candidate component class: file [/home/anuththara/Documents/hSenid/Practice/springboot/spring-uni-jpa/UserJPA-Springboot/target/classes/com/anu/springunijpa/controller/UserController.class]
[2021-07-29 10:59:20] - Identified candidate component class: file [/home/anuththara/Documents/hSenid/Practice/springboot/spring-uni-jpa/UserJPA-Springboot/target/classes/com/anu/springunijpa/exception/GlobalExceptionHandler.class]
[2021-07-29 10:59:20] - Identified candidate component class: file [/home/anuththara/Documents/hSenid/Practice/springboot/spring-uni-jpa/UserJPA-Springboot/target/classes/com/anu/springunijpa/localDate/LocalDateDeserializer.class]
[2021-07-29 10:59:20] - Identified candidate component class: file [/home/anuththara/Documents/hSenid/Practice/springboot/spring-uni-jpa/UserJPA-Springboot/target/classes/com/anu/springunijpa/localDate/LocalDateSerializer.class]
[2021-07-29 10:59:20] - Identified candidate component class: file [/home/anuththara/Documents/hSenid/Practice/springboot/spring-uni-jpa/UserJPA-Springboot/target/classes/com/anu/springunijpa/resolver/CourseMutationResolver.class]
[2021-07-29 10:59:20] - Identified candidate component class: file [/home/anuththara/Documents/hSenid/Practice/springboot/spring-uni-jpa/UserJPA-Springboot/target/classes/com/anu/springunijpa/resolver/CourseResolver.class]
[2021-07-29 10:59:20] - Identified candidate component class: file [/home/anuththara/Documents/hSenid/Practice/springboot/spring-uni-jpa/UserJPA-Springboot/target/classes/com/anu/springunijpa/resolver/GraphQLLocalDate.class]
