[2021-07-28 09:25:06] - HikariPool-1 - Closing connection com.mysql.cj.jdbc.ConnectionImpl@219bffb9: (connection has passed maxLifetime)
[2021-07-28 09:25:06] - HikariPool-1 - Added connection com.mysql.cj.jdbc.ConnectionImpl@7d4a7729
[2021-07-28 09:25:08] - HikariPool-1 - Closing connection com.mysql.cj.jdbc.ConnectionImpl@890acd: (connection has passed maxLifetime)
[2021-07-28 09:25:08] - HikariPool-1 - Added connection com.mysql.cj.jdbc.ConnectionImpl@3c777d12
[2021-07-28 09:25:10] - HikariPool-1 - Closing connection com.mysql.cj.jdbc.ConnectionImpl@25d5229b: (connection has passed maxLifetime)
[2021-07-28 09:25:10] - HikariPool-1 - Added connection com.mysql.cj.jdbc.ConnectionImpl@d81c11e
[2021-07-28 09:25:11] - HikariPool-1 - Closing connection com.mysql.cj.jdbc.ConnectionImpl@6b0fdd09: (connection has passed maxLifetime)
[2021-07-28 09:25:11] - HikariPool-1 - Added connection com.mysql.cj.jdbc.ConnectionImpl@5c58825d
[2021-07-28 09:25:14] - HikariPool-1 - Pool stats (total=10, active=0, idle=10, waiting=0)
[2021-07-28 09:25:14] - HikariPool-1 - Fill pool skipped, pool is at sufficient level.
[2021-07-28 09:25:15] - HikariPool-1 - Closing connection com.mysql.cj.jdbc.ConnectionImpl@54acd8db: (connection has passed maxLifetime)
[2021-07-28 09:25:15] - HikariPool-1 - Added connection com.mysql.cj.jdbc.ConnectionImpl@5816baa4
[2021-07-28 09:25:31] - HikariPool-1 - Closing connection com.mysql.cj.jdbc.ConnectionImpl@26979944: (connection has passed maxLifetime)
[2021-07-28 09:25:31] - HikariPool-1 - Added connection com.mysql.cj.jdbc.ConnectionImpl@55bf1fbb
[2021-07-28 09:25:38] - HikariPool-1 - Closing connection com.mysql.cj.jdbc.ConnectionImpl@5f703ff9: (connection has passed maxLifetime)
[2021-07-28 09:25:38] - HikariPool-1 - Added connection com.mysql.cj.jdbc.ConnectionImpl@2ff90065
[2021-07-28 09:25:39] - HikariPool-1 - Closing connection com.mysql.cj.jdbc.ConnectionImpl@4b43e9ac: (connection has passed maxLifetime)
[2021-07-28 09:25:39] - HikariPool-1 - Added connection com.mysql.cj.jdbc.ConnectionImpl@6ec40a5e
[2021-07-28 09:25:41] - HikariPool-1 - Closing connection com.mysql.cj.jdbc.ConnectionImpl@28e7bb31: (connection has passed maxLifetime)
[2021-07-28 09:25:41] - HikariPool-1 - Added connection com.mysql.cj.jdbc.ConnectionImpl@5f60478c
[2021-07-28 09:25:43] - HikariPool-1 - Closing connection com.mysql.cj.jdbc.ConnectionImpl@2305e868: (connection has passed maxLifetime)
[2021-07-28 09:25:43] - HikariPool-1 - Added connection com.mysql.cj.jdbc.ConnectionImpl@eebf511
[2021-07-28 09:25:44] - HikariPool-1 - Pool stats (total=10, active=0, idle=10, waiting=0)
[2021-07-28 09:25:44] - HikariPool-1 - Fill pool skipped, pool is at sufficient level.
[2021-07-28 09:26:14] - HikariPool-1 - Pool stats (total=10, active=0, idle=10, waiting=0)
[2021-07-28 09:26:14] - HikariPool-1 - Fill pool skipped, pool is at sufficient level.
[2021-07-28 09:26:44] - HikariPool-1 - Pool stats (total=10, active=0, idle=10, waiting=0)
[2021-07-28 09:26:44] - HikariPool-1 - Fill pool skipped, pool is at sufficient level.
[2021-07-28 09:27:14] - HikariPool-1 - Pool stats (total=10, active=0, idle=10, waiting=0)
[2021-07-28 09:27:14] - HikariPool-1 - Fill pool skipped, pool is at sufficient level.
[2021-07-28 09:27:44] - HikariPool-1 - Pool stats (total=10, active=0, idle=10, waiting=0)
[2021-07-28 09:27:44] - HikariPool-1 - Fill pool skipped, pool is at sufficient level.
[2021-07-28 09:28:14] - HikariPool-1 - Pool stats (total=10, active=0, idle=10, waiting=0)
[2021-07-28 09:28:14] - HikariPool-1 - Fill pool skipped, pool is at sufficient level.
[2021-07-28 09:28:44] - HikariPool-1 - Pool stats (total=10, active=0, idle=10, waiting=0)
[2021-07-28 09:28:44] - HikariPool-1 - Fill pool skipped, pool is at sufficient level.
[2021-07-28 09:29:14] - HikariPool-1 - Pool stats (total=10, active=0, idle=10, waiting=0)
[2021-07-28 09:29:14] - HikariPool-1 - Fill pool skipped, pool is at sufficient level.
[2021-07-28 09:29:44] - HikariPool-1 - Pool stats (total=10, active=0, idle=10, waiting=0)
[2021-07-28 09:29:44] - HikariPool-1 - Fill pool skipped, pool is at sufficient level.
[2021-07-28 09:30:14] - HikariPool-1 - Pool stats (total=10, active=0, idle=10, waiting=0)
[2021-07-28 09:30:14] - HikariPool-1 - Fill pool skipped, pool is at sufficient level.
[2021-07-28 09:30:44] - HikariPool-1 - Pool stats (total=10, active=0, idle=10, waiting=0)
[2021-07-28 09:30:44] - HikariPool-1 - Fill pool skipped, pool is at sufficient level.
[2021-07-28 09:30:58] - Instantiating CacheAwareContextLoaderDelegate from class [org.springframework.test.context.cache.DefaultCacheAwareContextLoaderDelegate]
[2021-07-28 09:30:58] - Instantiating BootstrapContext using constructor [public org.springframework.test.context.support.DefaultBootstrapContext(java.lang.Class,org.springframework.test.context.CacheAwareContextLoaderDelegate)]
[2021-07-28 09:30:58] - Instantiating TestContextBootstrapper for test class [com.anu.springunijpa.service.impl.CourseServiceImplTest] from class [org.springframework.boot.test.autoconfigure.orm.jpa.DataJpaTestContextBootstrapper]
[2021-07-28 09:30:58] - Neither @ContextConfiguration nor @ContextHierarchy found for test class [com.anu.springunijpa.service.impl.CourseServiceImplTest], using SpringBootContextLoader
[2021-07-28 09:30:58] - Did not detect default resource location for test class [com.anu.springunijpa.service.impl.CourseServiceImplTest]: class path resource [com/anu/springunijpa/service/impl/CourseServiceImplTest-context.xml] does not exist
[2021-07-28 09:30:58] - Did not detect default resource location for test class [com.anu.springunijpa.service.impl.CourseServiceImplTest]: class path resource [com/anu/springunijpa/service/impl/CourseServiceImplTestContext.groovy] does not exist
[2021-07-28 09:30:58] - Could not detect default resource locations for test class [com.anu.springunijpa.service.impl.CourseServiceImplTest]: no resource found for suffixes {-context.xml, Context.groovy}.
[2021-07-28 09:30:58] - Could not detect default configuration classes for test class [com.anu.springunijpa.service.impl.CourseServiceImplTest]: CourseServiceImplTest does not declare any static, non-private, non-final, nested classes annotated with @Configuration.
[2021-07-28 09:30:59] - Could not find an 'annotation declaring class' for annotation type [org.springframework.test.context.ActiveProfiles] and class [com.anu.springunijpa.service.impl.CourseServiceImplTest]
[2021-07-28 09:30:59] - Identified candidate component class: file [/home/anuththara/Documents/hSenid/Practice/springboot/spring-uni-jpa/UserJPA-Springboot/target/classes/com/anu/springunijpa/SpringUniJpaApplication.class]
[2021-07-28 09:30:59] - Found @SpringBootConfiguration com.anu.springunijpa.SpringUniJpaApplication for test class com.anu.springunijpa.service.impl.CourseServiceImplTest
[2021-07-28 09:30:59] - @TestExecutionListeners is not present for class [com.anu.springunijpa.service.impl.CourseServiceImplTest]: using defaults.
[2021-07-28 09:30:59] - Loaded default TestExecutionListener class names from location [META-INF/spring.factories]: [org.springframework.boot.test.mock.mockito.MockitoTestExecutionListener, org.springframework.boot.test.mock.mockito.ResetMocksTestExecutionListener, org.springframework.boot.test.autoconfigure.restdocs.RestDocsTestExecutionListener, org.springframework.boot.test.autoconfigure.web.client.MockRestServiceServerResetTestExecutionListener, org.springframework.boot.test.autoconfigure.web.servlet.MockMvcPrintOnlyOnFailureTestExecutionListener, org.springframework.boot.test.autoconfigure.web.servlet.WebDriverTestExecutionListener, org.springframework.boot.test.autoconfigure.webservices.client.MockWebServiceServerTestExecutionListener, org.springframework.test.context.web.ServletTestExecutionListener, org.springframework.test.context.support.DirtiesContextBeforeModesTestExecutionListener, org.springframework.test.context.event.ApplicationEventsTestExecutionListener, org.springframework.test.context.support.DependencyInjectionTestExecutionListener, org.springframework.test.context.support.DirtiesContextTestExecutionListener, org.springframework.test.context.transaction.TransactionalTestExecutionListener, org.springframework.test.context.jdbc.SqlScriptsTestExecutionListener, org.springframework.test.context.event.EventPublishingTestExecutionListener]
[2021-07-28 09:31:00] - Using TestExecutionListeners: [org.springframework.test.context.web.ServletTestExecutionListener@7e4204e2, org.springframework.test.context.support.DirtiesContextBeforeModesTestExecutionListener@b7c4869, org.springframework.test.context.event.ApplicationEventsTestExecutionListener@740d2e78, org.springframework.boot.test.mock.mockito.MockitoTestExecutionListener@1c481ff2, org.springframework.boot.test.autoconfigure.SpringBootDependencyInjectionTestExecutionListener@72437d8d, org.springframework.test.context.support.DirtiesContextTestExecutionListener@1b955cac, org.springframework.test.context.transaction.TransactionalTestExecutionListener@676cf48, org.springframework.test.context.jdbc.SqlScriptsTestExecutionListener@5a1de7fb, org.springframework.test.context.event.EventPublishingTestExecutionListener@335b5620, org.springframework.boot.test.mock.mockito.ResetMocksTestExecutionListener@29a0cdb, org.springframework.boot.test.autoconfigure.restdocs.RestDocsTestExecutionListener@32a68f4f, org.springframework.boot.test.autoconfigure.web.client.MockRestServiceServerResetTestExecutionListener@73194df, org.springframework.boot.test.autoconfigure.web.servlet.MockMvcPrintOnlyOnFailureTestExecutionListener@6eb2384f, org.springframework.boot.test.autoconfigure.web.servlet.WebDriverTestExecutionListener@3c9c0d96, org.springframework.boot.test.autoconfigure.webservices.client.MockWebServiceServerTestExecutionListener@3a4621bd]
[2021-07-28 09:31:00] - Before test class: context [DefaultTestContext@5443d039 testClass = CourseServiceImplTest, testInstance = [null], testMethod = [null], testException = [null], mergedContextConfiguration = [MergedContextConfiguration@63787180 testClass = CourseServiceImplTest, locations = '{}', classes = '{class com.anu.springunijpa.SpringUniJpaApplication}', contextInitializerClasses = '[]', activeProfiles = '{}', propertySourceLocations = '{}', propertySourceProperties = '{org.springframework.boot.test.autoconfigure.orm.jpa.DataJpaTestContextBootstrapper=true}', contextCustomizers = set[[ImportsContextCustomizer@7d1cfb8b key = [org.springframework.boot.autoconfigure.cache.CacheAutoConfiguration, org.springframework.boot.autoconfigure.data.jpa.JpaRepositoriesAutoConfiguration, org.springframework.boot.autoconfigure.flyway.FlywayAutoConfiguration, org.springframework.boot.autoconfigure.jdbc.DataSourceAutoConfiguration, org.springframework.boot.autoconfigure.jdbc.DataSourceTransactionManagerAutoConfiguration, org.springframework.boot.autoconfigure.jdbc.JdbcTemplateAutoConfiguration, org.springframework.boot.autoconfigure.liquibase.LiquibaseAutoConfiguration, org.springframework.boot.autoconfigure.orm.jpa.HibernateJpaAutoConfiguration, org.springframework.boot.autoconfigure.sql.init.SqlInitializationAutoConfiguration, org.springframework.boot.autoconfigure.transaction.TransactionAutoConfiguration, org.springframework.boot.test.autoconfigure.jdbc.TestDatabaseAutoConfiguration, org.springframework.boot.test.autoconfigure.orm.jpa.TestEntityManagerAutoConfiguration]], org.springframework.boot.test.context.filter.ExcludeFilterContextCustomizer@420a85c4, org.springframework.boot.test.json.DuplicateJsonObjectContextCustomizerFactory$DuplicateJsonObjectContextCustomizer@1c852c0f, org.springframework.boot.test.mock.mockito.MockitoContextCustomizer@0, org.springframework.boot.test.autoconfigure.OverrideAutoConfigurationContextCustomizerFactory$DisableAutoConfigurationContextCustomizer@f14a7d4, org.springframework.boot.test.autoconfigure.actuate.metrics.MetricsExportContextCustomizerFactory$DisableMetricExportContextCustomizer@42a15bdc, org.springframework.boot.test.autoconfigure.filter.TypeExcludeFiltersContextCustomizer@351584c0, org.springframework.boot.test.autoconfigure.properties.PropertyMappingContextCustomizer@8e7735ca, org.springframework.boot.test.autoconfigure.web.servlet.WebDriverContextCustomizerFactory$Customizer@57576994, org.springframework.boot.test.context.SpringBootTestArgs@1, org.springframework.boot.test.context.SpringBootTestWebEnvironment@0], contextLoader = 'org.springframework.boot.test.context.SpringBootContextLoader', parent = [null]], attributes = map[[empty]]], class annotated with @DirtiesContext [false] with mode [null].
