[2021-07-22 10:32:01] - Starting ProtocolHandler ["http-nio-8080"]
[2021-07-22 10:32:01] - Tomcat started on port(s): 8080 (http) with context path ''
[2021-07-22 10:32:01] - Started SpringUniJpaApplication in 2.467 seconds (JVM running for 3.092)
[2021-07-22 10:32:12] - Initializing Spring DispatcherServlet 'dispatcherServlet'
[2021-07-22 10:32:12] - Initializing Servlet 'dispatcherServlet'
[2021-07-22 10:32:12] - Completed initialization in 1 ms
[2021-07-22 10:32:12] - info: View user method
[2021-07-22 10:32:12] - error: View user method
[2021-07-22 10:32:12] - warn : View user method
[2021-07-22 10:32:36] - Servlet.service() for servlet [dispatcherServlet] in context with path [] threw exception [Request processing failed; nested exception is com.anu.springunijpa.exception.UserIdNotFoundException: Id not Found] with root cause
com.anu.springunijpa.exception.UserIdNotFoundException: Id not Found
	at com.anu.springunijpa.service.impl.UserServiceImpl.lambda$getUserById$0(UserServiceImpl.java:48)
	at java.base/java.util.Optional.orElseThrow(Optional.java:403)
	at com.anu.springunijpa.service.impl.UserServiceImpl.getUserById(UserServiceImpl.java:48)
	at com.anu.springunijpa.controller.UserController.searchUserById(UserController.java:56)
	at java.base/jdk.internal.reflect.NativeMethodAccessorImpl.invoke0(Native Method)
	at java.base/jdk.internal.reflect.NativeMethodAccessorImpl.invoke(NativeMethodAccessorImpl.java:78)
	at java.base/jdk.internal.reflect.DelegatingMethodAccessorImpl.invoke(DelegatingMethodAccessorImpl.java:43)
	at java.base/java.lang.reflect.Method.invoke(Method.java:567)
	at org.springframework.web.method.support.InvocableHandlerMethod.doInvoke(InvocableHandlerMethod.java:197)
	at org.springframework.web.method.support.InvocableHandlerMethod.invokeForRequest(InvocableHandlerMethod.java:141)
	at org.springframework.web.servlet.mvc.method.annotation.ServletInvocableHandlerMethod.invokeAndHandle(ServletInvocableHandlerMethod.java:106)
	at org.springframework.web.servlet.mvc.method.annotation.RequestMappingHandlerAdapter.invokeHandlerMethod(RequestMappingHandlerAdapter.java:894)
	at org.springframework.web.servlet.mvc.method.annotation.RequestMappingHandlerAdapter.handleInternal(RequestMappingHandlerAdapter.java:808)
	at org.springframework.web.servlet.mvc.method.AbstractHandlerMethodAdapter.handle(AbstractHandlerMethodAdapter.java:87)
	at org.springframework.web.servlet.DispatcherServlet.doDispatch(DispatcherServlet.java:1063)
	at org.springframework.web.servlet.DispatcherServlet.doService(DispatcherServlet.java:963)
	at org.springframework.web.servlet.FrameworkServlet.processRequest(FrameworkServlet.java:1006)
	at org.springframework.web.servlet.FrameworkServlet.doGet(FrameworkServlet.java:898)
	at javax.servlet.http.HttpServlet.service(HttpServlet.java:655)
	at org.springframework.web.servlet.FrameworkServlet.service(FrameworkServlet.java:883)
	at javax.servlet.http.HttpServlet.service(HttpServlet.java:764)
	at org.apache.catalina.core.ApplicationFilterChain.internalDoFilter(ApplicationFilterChain.java:228)
	at org.apache.catalina.core.ApplicationFilterChain.doFilter(ApplicationFilterChain.java:163)
	at org.apache.tomcat.websocket.server.WsFilter.doFilter(WsFilter.java:53)
	at org.apache.catalina.core.ApplicationFilterChain.internalDoFilter(ApplicationFilterChain.java:190)
	at org.apache.catalina.core.ApplicationFilterChain.doFilter(ApplicationFilterChain.java:163)
	at org.springframework.web.filter.CorsFilter.doFilterInternal(CorsFilter.java:91)
	at org.springframework.web.filter.OncePerRequestFilter.doFilter(OncePerRequestFilter.java:119)
	at org.apache.catalina.core.ApplicationFilterChain.internalDoFilter(ApplicationFilterChain.java:190)
	at org.apache.catalina.core.ApplicationFilterChain.doFilter(ApplicationFilterChain.java:163)
	at org.springframework.web.filter.RequestContextFilter.doFilterInternal(RequestContextFilter.java:100)
	at org.springframework.web.filter.OncePerRequestFilter.doFilter(OncePerRequestFilter.java:119)
	at org.apache.catalina.core.ApplicationFilterChain.internalDoFilter(ApplicationFilterChain.java:190)
	at org.apache.catalina.core.ApplicationFilterChain.doFilter(ApplicationFilterChain.java:163)
	at org.springframework.web.filter.FormContentFilter.doFilterInternal(FormContentFilter.java:93)
	at org.springframework.web.filter.OncePerRequestFilter.doFilter(OncePerRequestFilter.java:119)
	at org.apache.catalina.core.ApplicationFilterChain.internalDoFilter(ApplicationFilterChain.java:190)
	at org.apache.catalina.core.ApplicationFilterChain.doFilter(ApplicationFilterChain.java:163)
	at org.springframework.web.filter.CharacterEncodingFilter.doFilterInternal(CharacterEncodingFilter.java:201)
	at org.springframework.web.filter.OncePerRequestFilter.doFilter(OncePerRequestFilter.java:119)
	at org.apache.catalina.core.ApplicationFilterChain.internalDoFilter(ApplicationFilterChain.java:190)
	at org.apache.catalina.core.ApplicationFilterChain.doFilter(ApplicationFilterChain.java:163)
	at org.apache.catalina.core.StandardWrapperValve.invoke(StandardWrapperValve.java:202)
	at org.apache.catalina.core.StandardContextValve.invoke(StandardContextValve.java:97)
	at org.apache.catalina.authenticator.AuthenticatorBase.invoke(AuthenticatorBase.java:542)
	at org.apache.catalina.core.StandardHostValve.invoke(StandardHostValve.java:143)
	at org.apache.catalina.valves.ErrorReportValve.invoke(ErrorReportValve.java:92)
	at org.apache.catalina.core.StandardEngineValve.invoke(StandardEngineValve.java:78)
	at org.apache.catalina.connector.CoyoteAdapter.service(CoyoteAdapter.java:357)
	at org.apache.coyote.http11.Http11Processor.service(Http11Processor.java:382)
	at org.apache.coyote.AbstractProcessorLight.process(AbstractProcessorLight.java:65)
	at org.apache.coyote.AbstractProtocol$ConnectionHandler.process(AbstractProtocol.java:893)
	at org.apache.tomcat.util.net.NioEndpoint$SocketProcessor.doRun(NioEndpoint.java:1723)
	at org.apache.tomcat.util.net.SocketProcessorBase.run(SocketProcessorBase.java:49)
	at java.base/java.util.concurrent.ThreadPoolExecutor.runWorker(ThreadPoolExecutor.java:1130)
	at java.base/java.util.concurrent.ThreadPoolExecutor$Worker.run(ThreadPoolExecutor.java:630)
	at org.apache.tomcat.util.threads.TaskThread$WrappingRunnable.run(TaskThread.java:61)
	at java.base/java.lang.Thread.run(Thread.java:831)
[2021-07-22 10:33:29] - Closing JPA EntityManagerFactory for persistence unit 'default'
[2021-07-22 10:33:29] - HikariPool-1 - Shutdown initiated...
[2021-07-22 10:33:29] - HikariPool-1 - Shutdown completed.
[2021-07-22 10:33:33] - Starting SpringUniJpaApplication using Java 16.0.1 on anuththara-VivoBook-ASUSLaptop-X509JB-X509JB with PID 10229 (/home/anuththara/IdeaProjects/spring-uni-jpa/target/classes started by anuththara in /home/anuththara/IdeaProjects/spring-uni-jpa)
[2021-07-22 10:33:33] - No active profile set, falling back to default profiles: default
[2021-07-22 10:33:33] - Bootstrapping Spring Data JPA repositories in DEFAULT mode.
[2021-07-22 10:33:33] - Finished Spring Data repository scanning in 37 ms. Found 2 JPA repository interfaces.
[2021-07-22 10:33:33] - Tomcat initialized with port(s): 8080 (http)
[2021-07-22 10:33:34] - Initializing ProtocolHandler ["http-nio-8080"]
[2021-07-22 10:33:34] - Starting service [Tomcat]
[2021-07-22 10:33:34] - Starting Servlet engine: [Apache Tomcat/9.0.48]
[2021-07-22 10:33:34] - Initializing Spring embedded WebApplicationContext
[2021-07-22 10:33:34] - Root WebApplicationContext: initialization completed in 999 ms
[2021-07-22 10:33:34] - HHH000204: Processing PersistenceUnitInfo [name: default]
[2021-07-22 10:33:34] - HHH000412: Hibernate ORM core version 5.4.32.Final
[2021-07-22 10:33:34] - HCANN000001: Hibernate Commons Annotations {5.1.2.Final}
[2021-07-22 10:33:34] - HikariPool-1 - Starting...
[2021-07-22 10:33:34] - Registered driver with driverClassName=com.mysql.jdbc.Driver was not found, trying direct instantiation.
[2021-07-22 10:33:34] - HikariPool-1 - Start completed.
[2021-07-22 10:33:34] - HHH000400: Using dialect: org.hibernate.dialect.MySQL5Dialect
[2021-07-22 10:33:34] - HHH000490: Using JtaPlatform implementation: [org.hibernate.engine.transaction.jta.platform.internal.NoJtaPlatform]
[2021-07-22 10:33:34] - Initialized JPA EntityManagerFactory for persistence unit 'default'
[2021-07-22 10:33:35] - spring.jpa.open-in-view is enabled by default. Therefore, database queries may be performed during view rendering. Explicitly configure spring.jpa.open-in-view to disable this warning
[2021-07-22 10:33:35] - Starting ProtocolHandler ["http-nio-8080"]
[2021-07-22 10:33:35] - Tomcat started on port(s): 8080 (http) with context path ''
[2021-07-22 10:33:35] - Started SpringUniJpaApplication in 2.907 seconds (JVM running for 3.77)
[2021-07-22 11:16:21] - Initializing Spring DispatcherServlet 'dispatcherServlet'
[2021-07-22 11:16:21] - Initializing Servlet 'dispatcherServlet'
[2021-07-22 11:16:21] - Completed initialization in 2 ms
[2021-07-22 11:16:22] - info: View user method
[2021-07-22 11:16:22] - error: View user method
[2021-07-22 11:16:22] - warn : View user method
[2021-07-22 11:17:26] - Closing JPA EntityManagerFactory for persistence unit 'default'
[2021-07-22 11:17:26] - HikariPool-1 - Shutdown initiated...
[2021-07-22 11:17:26] - HikariPool-1 - Shutdown completed.
[2021-07-22 11:17:41] - Starting SpringUniJpaApplication using Java 16.0.1 on anuththara-VivoBook-ASUSLaptop-X509JB-X509JB with PID 12112 (/home/anuththara/IdeaProjects/spring-uni-jpa/target/classes started by anuththara in /home/anuththara/IdeaProjects/spring-uni-jpa)
[2021-07-22 11:17:41] - No active profile set, falling back to default profiles: default
[2021-07-22 11:17:43] - Bootstrapping Spring Data JPA repositories in DEFAULT mode.
[2021-07-22 11:17:43] - Finished Spring Data repository scanning in 125 ms. Found 2 JPA repository interfaces.
[2021-07-22 11:17:44] - Tomcat initialized with port(s): 8080 (http)
[2021-07-22 11:17:44] - Initializing ProtocolHandler ["http-nio-8080"]
[2021-07-22 11:17:44] - Starting service [Tomcat]
[2021-07-22 11:17:44] - Starting Servlet engine: [Apache Tomcat/9.0.48]
[2021-07-22 11:17:44] - Initializing Spring embedded WebApplicationContext
[2021-07-22 11:17:44] - Root WebApplicationContext: initialization completed in 3716 ms
[2021-07-22 11:17:45] - HHH000204: Processing PersistenceUnitInfo [name: default]
