[2021-07-22 15:21:59] - Tomcat initialized with port(s): 8080 (http)
[2021-07-22 15:21:59] - Initializing ProtocolHandler ["http-nio-8080"]
[2021-07-22 15:21:59] - Starting service [Tomcat]
[2021-07-22 15:21:59] - Starting Servlet engine: [Apache Tomcat/9.0.48]
[2021-07-22 15:21:59] - Initializing Spring embedded WebApplicationContext
[2021-07-22 15:21:59] - Root WebApplicationContext: initialization completed in 780 ms
[2021-07-22 15:21:59] - HHH000204: Processing PersistenceUnitInfo [name: default]
[2021-07-22 15:21:59] - HHH000412: Hibernate ORM core version 5.4.32.Final
[2021-07-22 15:21:59] - HCANN000001: Hibernate Commons Annotations {5.1.2.Final}
[2021-07-22 15:21:59] - HikariPool-1 - Starting...
[2021-07-22 15:21:59] - Registered driver with driverClassName=com.mysql.jdbc.Driver was not found, trying direct instantiation.
[2021-07-22 15:21:59] - HikariPool-1 - Start completed.
[2021-07-22 15:21:59] - HHH000400: Using dialect: org.hibernate.dialect.MySQL5Dialect
[2021-07-22 15:22:00] - HHH000490: Using JtaPlatform implementation: [org.hibernate.engine.transaction.jta.platform.internal.NoJtaPlatform]
[2021-07-22 15:22:00] - Initialized JPA EntityManagerFactory for persistence unit 'default'
[2021-07-22 15:22:00] - Error starting Tomcat context. Exception: org.springframework.beans.factory.UnsatisfiedDependencyException. Message: Error creating bean with name 'graphQLServletRegistrationBean' defined in class path resource [com/oembedler/moon/graphql/boot/GraphQLWebAutoConfiguration.class]: Unsatisfied dependency expressed through method 'graphQLServletRegistrationBean' parameter 0; nested exception is org.springframework.beans.factory.UnsatisfiedDependencyException: Error creating bean with name 'graphQLHttpServlet' defined in class path resource [com/oembedler/moon/graphql/boot/GraphQLWebAutoConfiguration.class]: Unsatisfied dependency expressed through method 'graphQLHttpServlet' parameter 0; nested exception is org.springframework.beans.factory.UnsatisfiedDependencyException: Error creating bean with name 'invocationInputFactory' defined in class path resource [com/oembedler/moon/graphql/boot/GraphQLWebAutoConfiguration.class]: Unsatisfied dependency expressed through method 'invocationInputFactory' parameter 0; nested exception is org.springframework.beans.factory.UnsatisfiedDependencyException: Error creating bean with name 'graphQLSchemaProvider' defined in class path resource [com/oembedler/moon/graphql/boot/GraphQLWebAutoConfiguration.class]: Unsatisfied dependency expressed through method 'graphQLSchemaProvider' parameter 0; nested exception is org.springframework.beans.factory.UnsatisfiedDependencyException: Error creating bean with name 'graphQLSchema' defined in class path resource [com/oembedler/moon/graphql/boot/GraphQLJavaToolsAutoConfiguration.class]: Unsatisfied dependency expressed through method 'graphQLSchema' parameter 0; nested exception is org.springframework.beans.factory.UnsatisfiedDependencyException: Error creating bean with name 'schemaParser' defined in class path resource [com/oembedler/moon/graphql/boot/GraphQLJavaToolsAutoConfiguration.class]: Unsatisfied dependency expressed through method 'schemaParser' parameter 0; nested exception is org.springframework.beans.factory.UnsatisfiedDependencyException: Error creating bean with name 'userResolver': Unsatisfied dependency expressed through field 'userRepository'; nested exception is org.springframework.beans.factory.BeanCreationException: Error creating bean with name 'userRepository' defined in com.anu.springunijpa.repository.UserRepository defined in @EnableJpaRepositories declared on JpaRepositoriesRegistrar.EnableJpaRepositoriesConfiguration: Invocation of init method failed; nested exception is org.springframework.data.repository.query.QueryCreationException: Could not create query for public abstract org.springframework.data.domain.Page com.anu.springunijpa.repository.UserRepository.findAllByUser(org.springframework.data.domain.Pageable)! Reason: Failed to create query for method public abstract org.springframework.data.domain.Page com.anu.springunijpa.repository.UserRepository.findAllByUser(org.springframework.data.domain.Pageable)! No property user found for type User! Did you mean 'userId'?; nested exception is java.lang.IllegalArgumentException: Failed to create query for method public abstract org.springframework.data.domain.Page com.anu.springunijpa.repository.UserRepository.findAllByUser(org.springframework.data.domain.Pageable)! No property user found for type User! Did you mean 'userId'?
[2021-07-22 15:22:00] - Stopping service [Tomcat]
[2021-07-22 15:22:00] - The web application [ROOT] appears to have started a thread named [HikariPool-1 housekeeper] but has failed to stop it. This is very likely to create a memory leak. Stack trace of thread:
 java.base@16.0.1/jdk.internal.misc.Unsafe.park(Native Method)
 java.base@16.0.1/java.util.concurrent.locks.LockSupport.parkNanos(LockSupport.java:252)
 java.base@16.0.1/java.util.concurrent.locks.AbstractQueuedSynchronizer$ConditionObject.awaitNanos(AbstractQueuedSynchronizer.java:1661)
 java.base@16.0.1/java.util.concurrent.ScheduledThreadPoolExecutor$DelayedWorkQueue.take(ScheduledThreadPoolExecutor.java:1182)
 java.base@16.0.1/java.util.concurrent.ScheduledThreadPoolExecutor$DelayedWorkQueue.take(ScheduledThreadPoolExecutor.java:899)
 java.base@16.0.1/java.util.concurrent.ThreadPoolExecutor.getTask(ThreadPoolExecutor.java:1056)
 java.base@16.0.1/java.util.concurrent.ThreadPoolExecutor.runWorker(ThreadPoolExecutor.java:1116)
 java.base@16.0.1/java.util.concurrent.ThreadPoolExecutor$Worker.run(ThreadPoolExecutor.java:630)
 java.base@16.0.1/java.lang.Thread.run(Thread.java:831)
[2021-07-22 15:22:00] - The web application [ROOT] appears to have started a thread named [HikariPool-1 connection adder] but has failed to stop it. This is very likely to create a memory leak. Stack trace of thread:
 java.base@16.0.1/sun.security.util.math.intpoly.IntegerPolynomialP256.reduce(IntegerPolynomialP256.java:324)
 java.base@16.0.1/sun.security.util.math.intpoly.IntegerPolynomial$MutableElement.setReduced(IntegerPolynomial.java:753)
 java.base@16.0.1/sun.security.util.math.intpoly.IntegerPolynomial$MutableElement.setReduced(IntegerPolynomial.java:624)
 platform/jdk.crypto.ec@16.0.1/sun.security.ec.ECOperations.setDouble(ECOperations.java:320)
 platform/jdk.crypto.ec@16.0.1/sun.security.ec.ECOperations.double4(ECOperations.java:219)
 platform/jdk.crypto.ec@16.0.1/sun.security.ec.ECOperations.multiply(ECOperations.java:269)
 platform/jdk.crypto.ec@16.0.1/sun.security.ec.ECKeyPairGenerator.generateKeyPairImpl(ECKeyPairGenerator.java:199)
 platform/jdk.crypto.ec@16.0.1/sun.security.ec.ECKeyPairGenerator.generateKeyPair(ECKeyPairGenerator.java:148)
 java.base@16.0.1/java.security.KeyPairGenerator$Delegate.generateKeyPair(KeyPairGenerator.java:728)
 java.base@16.0.1/sun.security.ssl.ECDHKeyExchange$ECDHEPossession.<init>(ECDHKeyExchange.java:119)
 java.base@16.0.1/sun.security.ssl.NamedGroup$ECDHEScheme.createPossession(NamedGroup.java:625)
 java.base@16.0.1/sun.security.ssl.NamedGroup$NamedGroupSpec.createPossession(NamedGroup.java:543)
 java.base@16.0.1/sun.security.ssl.NamedGroup.createPossession(NamedGroup.java:431)
 java.base@16.0.1/sun.security.ssl.SSLKeyExchange$T13KeyAgreement.createPossession(SSLKeyExchange.java:588)
 java.base@16.0.1/sun.security.ssl.SSLKeyExchange.createPossessions(SSLKeyExchange.java:97)
 java.base@16.0.1/sun.security.ssl.KeyShareExtension$CHKeyShareProducer.getShare(KeyShareExtension.java:300)
 java.base@16.0.1/sun.security.ssl.KeyShareExtension$CHKeyShareProducer.produce(KeyShareExtension.java:261)
 java.base@16.0.1/sun.security.ssl.SSLExtension.produce(SSLExtension.java:603)
 java.base@16.0.1/sun.security.ssl.SSLExtensions.produce(SSLExtensions.java:253)
 java.base@16.0.1/sun.security.ssl.ClientHello$ClientHelloKickstartProducer.produce(ClientHello.java:649)
 java.base@16.0.1/sun.security.ssl.SSLHandshake.kickstart(SSLHandshake.java:529)
 java.base@16.0.1/sun.security.ssl.ClientHandshakeContext.kickstart(ClientHandshakeContext.java:107)
 java.base@16.0.1/sun.security.ssl.TransportContext.kickstart(TransportContext.java:249)
 java.base@16.0.1/sun.security.ssl.SSLSocketImpl.startHandshake(SSLSocketImpl.java:434)
 java.base@16.0.1/sun.security.ssl.SSLSocketImpl.startHandshake(SSLSocketImpl.java:412)
 app//com.mysql.cj.protocol.ExportControlled.performTlsHandshake(ExportControlled.java:317)
 app//com.mysql.cj.protocol.StandardSocketFactory.performTlsHandshake(StandardSocketFactory.java:188)
 app//com.mysql.cj.protocol.a.NativeSocketConnection.performTlsHandshake(NativeSocketConnection.java:97)
 app//com.mysql.cj.protocol.a.NativeProtocol.negotiateSSLConnection(NativeProtocol.java:333)
 app//com.mysql.cj.protocol.a.NativeAuthenticationProvider.connect(NativeAuthenticationProvider.java:203)
 app//com.mysql.cj.protocol.a.NativeProtocol.connect(NativeProtocol.java:1353)
 app//com.mysql.cj.NativeSession.connect(NativeSession.java:157)
 app//com.mysql.cj.jdbc.ConnectionImpl.connectOneTryOnly(ConnectionImpl.java:953)
 app//com.mysql.cj.jdbc.ConnectionImpl.createNewIO(ConnectionImpl.java:823)
 app//com.mysql.cj.jdbc.ConnectionImpl.<init>(ConnectionImpl.java:453)
 app//com.mysql.cj.jdbc.ConnectionImpl.getInstance(ConnectionImpl.java:246)
 app//com.mysql.cj.jdbc.NonRegisteringDriver.connect(NonRegisteringDriver.java:198)
 app//com.zaxxer.hikari.util.DriverDataSource.getConnection(DriverDataSource.java:138)
 app//com.zaxxer.hikari.pool.PoolBase.newConnection(PoolBase.java:364)
 app//com.zaxxer.hikari.pool.PoolBase.newPoolEntry(PoolBase.java:206)
 app//com.zaxxer.hikari.pool.HikariPool.createPoolEntry(HikariPool.java:476)
 app//com.zaxxer.hikari.pool.HikariPool.access$100(HikariPool.java:71)
 app//com.zaxxer.hikari.pool.HikariPool$PoolEntryCreator.call(HikariPool.java:726)
 app//com.zaxxer.hikari.pool.HikariPool$PoolEntryCreator.call(HikariPool.java:712)
 java.base@16.0.1/java.util.concurrent.FutureTask.run(FutureTask.java:264)
 java.base@16.0.1/java.util.concurrent.ThreadPoolExecutor.runWorker(ThreadPoolExecutor.java:1130)
 java.base@16.0.1/java.util.concurrent.ThreadPoolExecutor$Worker.run(ThreadPoolExecutor.java:630)
 java.base@16.0.1/java.lang.Thread.run(Thread.java:831)
