[2021-07-26 10:38:11] - Initialized JPA EntityManagerFactory for persistence unit 'default'
[2021-07-26 10:38:11] - spring.jpa.open-in-view is enabled by default. Therefore, database queries may be performed during view rendering. Explicitly configure spring.jpa.open-in-view to disable this warning
[2021-07-26 10:38:12] - Starting ProtocolHandler ["http-nio-8080"]
[2021-07-26 10:38:12] - Tomcat started on port(s): 8080 (http) with context path ''
[2021-07-26 10:38:12] - Started SpringUniJpaApplication in 3.532 seconds (JVM running for 4.357)
[2021-07-26 10:38:50] - Initializing Spring DispatcherServlet 'dispatcherServlet'
[2021-07-26 10:38:50] - Initializing Servlet 'dispatcherServlet'
[2021-07-26 10:38:50] - Completed initialization in 1 ms
[2021-07-26 10:38:50] - HHH000100: Fail-safe cleanup (collections) : org.hibernate.engine.loading.internal.CollectionLoadContext@3f61e890<rs=HikariProxyResultSet@1622945792 wrapping Result set representing update count of 2>
[2021-07-26 10:38:50] - HHH000100: Fail-safe cleanup (collections) : org.hibernate.engine.loading.internal.CollectionLoadContext@d705d81<rs=HikariProxyResultSet@545394176 wrapping Result set representing update count of 2>
[2021-07-26 10:38:50] - HHH000100: Fail-safe cleanup (collections) : org.hibernate.engine.loading.internal.CollectionLoadContext@6d66ddb9<rs=HikariProxyResultSet@880682754 wrapping Result set representing update count of 2>
[2021-07-26 10:38:50] - HHH000100: Fail-safe cleanup (collections) : org.hibernate.engine.loading.internal.CollectionLoadContext@59ded6a6<rs=HikariProxyResultSet@506896646 wrapping Result set representing update count of 2>
[2021-07-26 10:38:50] - HHH000100: Fail-safe cleanup (collections) : org.hibernate.engine.loading.internal.CollectionLoadContext@694b8065<rs=HikariProxyResultSet@2123929862 wrapping Result set representing update count of 2>
[2021-07-26 10:38:50] - HHH000100: Fail-safe cleanup (collections) : org.hibernate.engine.loading.internal.CollectionLoadContext@66d84498<rs=HikariProxyResultSet@1974156042 wrapping Result set representing update count of 2>
[2021-07-26 10:38:50] - HHH000100: Fail-safe cleanup (collections) : org.hibernate.engine.loading.internal.CollectionLoadContext@3d08d6ef<rs=HikariProxyResultSet@2051347085 wrapping Result set representing update count of 2>
[2021-07-26 10:38:50] - HHH000100: Fail-safe cleanup (collections) : org.hibernate.engine.loading.internal.CollectionLoadContext@124c5c0e<rs=HikariProxyResultSet@796728461 wrapping Result set representing update count of 2>
[2021-07-26 10:38:50] - HHH000100: Fail-safe cleanup (collections) : org.hibernate.engine.loading.internal.CollectionLoadContext@2731be8a<rs=HikariProxyResultSet@2145036687 wrapping Result set representing update count of 2>
[2021-07-26 10:38:50] - HHH000100: Fail-safe cleanup (collections) : org.hibernate.engine.loading.internal.CollectionLoadContext@369c270<rs=HikariProxyResultSet@1209600399 wrapping Result set representing update count of 2>
[2021-07-26 10:38:50] - HHH000100: Fail-safe cleanup (collections) : org.hibernate.engine.loading.internal.CollectionLoadContext@78adc35c<rs=HikariProxyResultSet@1232352401 wrapping Result set representing update count of 2>
[2021-07-26 10:38:50] - HHH000100: Fail-safe cleanup (collections) : org.hibernate.engine.loading.internal.CollectionLoadContext@8715c6b<rs=HikariProxyResultSet@820920078 wrapping Result set representing update count of 2>
[2021-07-26 10:38:50] - HHH000100: Fail-safe cleanup (collections) : org.hibernate.engine.loading.internal.CollectionLoadContext@221e6601<rs=HikariProxyResultSet@337535125 wrapping Result set representing update count of 2>
[2021-07-26 10:38:50] - HHH000100: Fail-safe cleanup (collections) : org.hibernate.engine.loading.internal.CollectionLoadContext@6fa95a70<rs=HikariProxyResultSet@1279256858 wrapping Result set representing update count of 2>
[2021-07-26 10:38:50] - HHH000100: Fail-safe cleanup (collections) : org.hibernate.engine.loading.internal.CollectionLoadContext@7988d3fa<rs=HikariProxyResultSet@1290908700 wrapping Result set representing update count of 2>
[2021-07-26 10:38:50] - HHH000100: Fail-safe cleanup (collections) : org.hibernate.engine.loading.internal.CollectionLoadContext@7b184aa4<rs=HikariProxyResultSet@1189757597 wrapping Result set representing update count of 2>
[2021-07-26 10:38:50] - HHH000100: Fail-safe cleanup (collections) : org.hibernate.engine.loading.internal.CollectionLoadContext@2ae705a8<rs=HikariProxyResultSet@1253800476 wrapping Result set representing update count of 2>
[2021-07-26 10:38:50] - HHH000100: Fail-safe cleanup (collections) : org.hibernate.engine.loading.internal.CollectionLoadContext@f38b05e<rs=HikariProxyResultSet@201005471 wrapping Result set representing update count of 2>
[2021-07-26 10:38:50] - HHH000100: Fail-safe cleanup (collections) : org.hibernate.engine.loading.internal.CollectionLoadContext@3010a540<rs=HikariProxyResultSet@68277792 wrapping Result set representing update count of 2>
[2021-07-26 10:38:50] - HHH000100: Fail-safe cleanup (collections) : org.hibernate.engine.loading.internal.CollectionLoadContext@9e4848c<rs=HikariProxyResultSet@1820672544 wrapping Result set representing update count of 2>
[2021-07-26 10:38:50] - HHH000100: Fail-safe cleanup (collections) : org.hibernate.engine.loading.internal.CollectionLoadContext@1bbc1a5d<rs=HikariProxyResultSet@1500794146 wrapping Result set representing update count of 2>
[2021-07-26 10:38:50] - HHH000100: Fail-safe cleanup (collections) : org.hibernate.engine.loading.internal.CollectionLoadContext@51cce334<rs=HikariProxyResultSet@14850592 wrapping Result set representing update count of 2>
[2021-07-26 10:38:50] - HHH000100: Fail-safe cleanup (collections) : org.hibernate.engine.loading.internal.CollectionLoadContext@644366e8<rs=HikariProxyResultSet@679688228 wrapping Result set representing update count of 2>
[2021-07-26 10:38:50] - HHH000100: Fail-safe cleanup (collections) : org.hibernate.engine.loading.internal.CollectionLoadContext@492e4e08<rs=HikariProxyResultSet@953970212 wrapping Result set representing update count of 2>
[2021-07-26 10:38:50] - HHH000100: Fail-safe cleanup (collections) : org.hibernate.engine.loading.internal.CollectionLoadContext@32bbcb82<rs=HikariProxyResultSet@2028970270 wrapping Result set representing update count of 2>
[2021-07-26 10:38:50] - HHH000100: Fail-safe cleanup (collections) : org.hibernate.engine.loading.internal.CollectionLoadContext@4d85ba2<rs=HikariProxyResultSet@1820406429 wrapping Result set representing update count of 2>
[2021-07-26 10:38:50] - HHH000100: Fail-safe cleanup (collections) : org.hibernate.engine.loading.internal.CollectionLoadContext@7bd319f7<rs=HikariProxyResultSet@488140840 wrapping Result set representing update count of 2>
[2021-07-26 10:38:50] - HHH000100: Fail-safe cleanup (collections) : org.hibernate.engine.loading.internal.CollectionLoadContext@4036568b<rs=HikariProxyResultSet@1377165993 wrapping Result set representing update count of 2>
[2021-07-26 10:38:50] - HHH000100: Fail-safe cleanup (collections) : org.hibernate.engine.loading.internal.CollectionLoadContext@2c3d62d4<rs=HikariProxyResultSet@1954521769 wrapping Result set representing update count of 2>
[2021-07-26 10:38:50] - HHH000100: Fail-safe cleanup (collections) : org.hibernate.engine.loading.internal.CollectionLoadContext@6a7e39ba<rs=HikariProxyResultSet@1815040302 wrapping Result set representing update count of 2>
[2021-07-26 10:38:50] - HHH000100: Fail-safe cleanup (collections) : org.hibernate.engine.loading.internal.CollectionLoadContext@90199a3<rs=HikariProxyResultSet@1453544879 wrapping Result set representing update count of 2>
[2021-07-26 10:38:50] - HHH000100: Fail-safe cleanup (collections) : org.hibernate.engine.loading.internal.CollectionLoadContext@7b710406<rs=HikariProxyResultSet@398500654 wrapping Result set representing update count of 2>
[2021-07-26 10:38:50] - HHH000100: Fail-safe cleanup (collections) : org.hibernate.engine.loading.internal.CollectionLoadContext@3c1de27e<rs=HikariProxyResultSet@100271535 wrapping Result set representing update count of 2>
[2021-07-26 10:38:50] - HHH000100: Fail-safe cleanup (collections) : org.hibernate.engine.loading.internal.CollectionLoadContext@27b5bfae<rs=HikariProxyResultSet@233616819 wrapping Result set representing update count of 2>
[2021-07-26 10:38:50] - HHH000100: Fail-safe cleanup (collections) : org.hibernate.engine.loading.internal.CollectionLoadContext@22fcf67a<rs=HikariProxyResultSet@2064244022 wrapping Result set representing update count of 2>
[2021-07-26 10:38:50] - HHH000100: Fail-safe cleanup (collections) : org.hibernate.engine.loading.internal.CollectionLoadContext@515e8717<rs=HikariProxyResultSet@593654582 wrapping Result set representing update count of 2>
[2021-07-26 10:38:50] - HHH000100: Fail-safe cleanup (collections) : org.hibernate.engine.loading.internal.CollectionLoadContext@2839150<rs=HikariProxyResultSet@1564233784 wrapping Result set representing update count of 2>
[2021-07-26 10:38:50] - HHH000100: Fail-safe cleanup (collections) : org.hibernate.engine.loading.internal.CollectionLoadContext@8410661<rs=HikariProxyResultSet@1593515068 wrapping Result set representing update count of 2>
[2021-07-26 10:38:50] - HHH000100: Fail-safe cleanup (collections) : org.hibernate.engine.loading.internal.CollectionLoadContext@4d4b6e35<rs=HikariProxyResultSet@1379417023 wrapping Result set representing update count of 2>
[2021-07-26 10:38:50] - HHH000100: Fail-safe cleanup (collections) : org.hibernate.engine.loading.internal.CollectionLoadContext@68883eb4<rs=HikariProxyResultSet@639506113 wrapping Result set representing update count of 2>
[2021-07-26 10:38:50] - HHH000100: Fail-safe cleanup (collections) : org.hibernate.engine.loading.internal.CollectionLoadContext@761f3be4<rs=HikariProxyResultSet@160448709 wrapping Result set representing update count of 2>
[2021-07-26 10:38:50] - HHH000100: Fail-safe cleanup (collections) : org.hibernate.engine.loading.internal.CollectionLoadContext@766d4948<rs=HikariProxyResultSet@1725780294 wrapping Result set representing update count of 2>
[2021-07-26 10:38:50] - HHH000100: Fail-safe cleanup (collections) : org.hibernate.engine.loading.internal.CollectionLoadContext@6041bb76<rs=HikariProxyResultSet@677607621 wrapping Result set representing update count of 2>
[2021-07-26 10:38:50] - HHH000100: Fail-safe cleanup (collections) : org.hibernate.engine.loading.internal.CollectionLoadContext@49955454<rs=HikariProxyResultSet@209502280 wrapping Result set representing update count of 2>
[2021-07-26 10:38:50] - HHH000100: Fail-safe cleanup (collections) : org.hibernate.engine.loading.internal.CollectionLoadContext@46da9699<rs=HikariProxyResultSet@402038985 wrapping Result set representing update count of 2>
[2021-07-26 10:38:50] - HHH000100: Fail-safe cleanup (collections) : org.hibernate.engine.loading.internal.CollectionLoadContext@5ae1b003<rs=HikariProxyResultSet@1498355405 wrapping Result set representing update count of 2>
[2021-07-26 10:38:50] - HHH000100: Fail-safe cleanup (collections) : org.hibernate.engine.loading.internal.CollectionLoadContext@37162a22<rs=HikariProxyResultSet@1517338575 wrapping Result set representing update count of 2>
[2021-07-26 10:38:50] - HHH000100: Fail-safe cleanup (collections) : org.hibernate.engine.loading.internal.CollectionLoadContext@5442ef60<rs=HikariProxyResultSet@2121192403 wrapping Result set representing update count of 2>
[2021-07-26 10:38:50] - HHH000100: Fail-safe cleanup (collections) : org.hibernate.engine.loading.internal.CollectionLoadContext@46bed52f<rs=HikariProxyResultSet@1918903892 wrapping Result set representing update count of 2>
[2021-07-26 10:38:50] - HHH000100: Fail-safe cleanup (collections) : org.hibernate.engine.loading.internal.CollectionLoadContext@11880453<rs=HikariProxyResultSet@998148309 wrapping Result set representing update count of 2>
[2021-07-26 10:38:50] - HHH000100: Fail-safe cleanup (collections) : org.hibernate.engine.loading.internal.CollectionLoadContext@17496b7a<rs=HikariProxyResultSet@1982146261 wrapping Result set representing update count of 2>
[2021-07-26 10:38:50] - HHH000100: Fail-safe cleanup (collections) : org.hibernate.engine.loading.internal.CollectionLoadContext@5433bf1c<rs=HikariProxyResultSet@993875415 wrapping Result set representing update count of 2>
[2021-07-26 10:38:50] - HHH000100: Fail-safe cleanup (collections) : org.hibernate.engine.loading.internal.CollectionLoadContext@64140f18<rs=HikariProxyResultSet@2129063512 wrapping Result set representing update count of 2>
[2021-07-26 10:38:50] - HHH000100: Fail-safe cleanup (collections) : org.hibernate.engine.loading.internal.CollectionLoadContext@356f3555<rs=HikariProxyResultSet@1458292953 wrapping Result set representing update count of 2>
[2021-07-26 10:38:50] - HHH000100: Fail-safe cleanup (collections) : org.hibernate.engine.loading.internal.CollectionLoadContext@69218a39<rs=HikariProxyResultSet@1288138586 wrapping Result set representing update count of 2>
[2021-07-26 10:38:50] - HHH000100: Fail-safe cleanup (collections) : org.hibernate.engine.loading.internal.CollectionLoadContext@2023035e<rs=HikariProxyResultSet@569075292 wrapping Result set representing update count of 2>
[2021-07-26 10:38:50] - HHH000100: Fail-safe cleanup (collections) : org.hibernate.engine.loading.internal.CollectionLoadContext@648ba48d<rs=HikariProxyResultSet@1739159261 wrapping Result set representing update count of 2>
[2021-07-26 10:38:50] - HHH000100: Fail-safe cleanup (collections) : org.hibernate.engine.loading.internal.CollectionLoadContext@2882e0d4<rs=HikariProxyResultSet@1407383007 wrapping Result set representing update count of 2>
[2021-07-26 10:38:50] - HHH000100: Fail-safe cleanup (collections) : org.hibernate.engine.loading.internal.CollectionLoadContext@4d17d7bf<rs=HikariProxyResultSet@1349818976 wrapping Result set representing update count of 2>
[2021-07-26 10:38:50] - HHH000100: Fail-safe cleanup (collections) : org.hibernate.engine.loading.internal.CollectionLoadContext@751604b0<rs=HikariProxyResultSet@192115425 wrapping Result set representing update count of 2>
[2021-07-26 10:38:50] - HHH000100: Fail-safe cleanup (collections) : org.hibernate.engine.loading.internal.CollectionLoadContext@4c007953<rs=HikariProxyResultSet@132536033 wrapping Result set representing update count of 2>
[2021-07-26 10:38:50] - HHH000100: Fail-safe cleanup (collections) : org.hibernate.engine.loading.internal.CollectionLoadContext@73bbb447<rs=HikariProxyResultSet@1068632676 wrapping Result set representing update count of 2>
[2021-07-26 10:38:50] - HHH000100: Fail-safe cleanup (collections) : org.hibernate.engine.loading.internal.CollectionLoadContext@623fa0<rs=HikariProxyResultSet@1454249572 wrapping Result set representing update count of 2>
[2021-07-26 10:38:50] - HHH000100: Fail-safe cleanup (collections) : org.hibernate.engine.loading.internal.CollectionLoadContext@45148898<rs=HikariProxyResultSet@1328215015 wrapping Result set representing update count of 2>
[2021-07-26 10:38:50] - HHH000100: Fail-safe cleanup (collections) : org.hibernate.engine.loading.internal.CollectionLoadContext@a91ab88<rs=HikariProxyResultSet@710662506 wrapping Result set representing update count of 2>
[2021-07-26 10:38:50] - HHH000100: Fail-safe cleanup (collections) : org.hibernate.engine.loading.internal.CollectionLoadContext@24263f11<rs=HikariProxyResultSet@284485994 wrapping Result set representing update count of 2>
[2021-07-26 10:38:50] - HHH000100: Fail-safe cleanup (collections) : org.hibernate.engine.loading.internal.CollectionLoadContext@35a88b0a<rs=HikariProxyResultSet@1890264559 wrapping Result set representing update count of 2>
[2021-07-26 10:38:50] - HHH000100: Fail-safe cleanup (collections) : org.hibernate.engine.loading.internal.CollectionLoadContext@5419856f<rs=HikariProxyResultSet@1658871408 wrapping Result set representing update count of 2>
[2021-07-26 10:38:50] - HHH000100: Fail-safe cleanup (collections) : org.hibernate.engine.loading.internal.CollectionLoadContext@5353a98f<rs=HikariProxyResultSet@510148337 wrapping Result set representing update count of 2>
[2021-07-26 10:38:50] - HHH000100: Fail-safe cleanup (collections) : org.hibernate.engine.loading.internal.CollectionLoadContext@4618da43<rs=HikariProxyResultSet@501643251 wrapping Result set representing update count of 2>
[2021-07-26 10:38:50] - HHH000100: Fail-safe cleanup (collections) : org.hibernate.engine.loading.internal.CollectionLoadContext@3719f951<rs=HikariProxyResultSet@1023390453 wrapping Result set representing update count of 2>
[2021-07-26 10:38:50] - HHH000100: Fail-safe cleanup (collections) : org.hibernate.engine.loading.internal.CollectionLoadContext@2fb32020<rs=HikariProxyResultSet@972852469 wrapping Result set representing update count of 2>
[2021-07-26 10:38:50] - HHH000100: Fail-safe cleanup (collections) : org.hibernate.engine.loading.internal.CollectionLoadContext@61e2eb88<rs=HikariProxyResultSet@1050567159 wrapping Result set representing update count of 2>
[2021-07-26 10:38:50] - HHH000100: Fail-safe cleanup (collections) : org.hibernate.engine.loading.internal.CollectionLoadContext@61a8ef35<rs=HikariProxyResultSet@104101625 wrapping Result set representing update count of 2>
[2021-07-26 10:38:50] - HHH000100: Fail-safe cleanup (collections) : org.hibernate.engine.loading.internal.CollectionLoadContext@19035120<rs=HikariProxyResultSet@557500028 wrapping Result set representing update count of 2>
[2021-07-26 10:38:50] - HHH000100: Fail-safe cleanup (collections) : org.hibernate.engine.loading.internal.CollectionLoadContext@2f07d000<rs=HikariProxyResultSet@716546684 wrapping Result set representing update count of 2>
[2021-07-26 10:38:50] - HHH000100: Fail-safe cleanup (collections) : org.hibernate.engine.loading.internal.CollectionLoadContext@59cfc0c3<rs=HikariProxyResultSet@724237057 wrapping Result set representing update count of 2>
[2021-07-26 10:38:50] - HHH000100: Fail-safe cleanup (collections) : org.hibernate.engine.loading.internal.CollectionLoadContext@7fb85d88<rs=HikariProxyResultSet@2087025667 wrapping Result set representing update count of 2>
[2021-07-26 10:38:50] - HHH000100: Fail-safe cleanup (collections) : org.hibernate.engine.loading.internal.CollectionLoadContext@7cb1990e<rs=HikariProxyResultSet@136549637 wrapping Result set representing update count of 2>
[2021-07-26 10:38:50] - HHH000100: Fail-safe cleanup (collections) : org.hibernate.engine.loading.internal.CollectionLoadContext@6d27c148<rs=HikariProxyResultSet@890433285 wrapping Result set representing update count of 2>
[2021-07-26 10:38:50] - HHH000100: Fail-safe cleanup (collections) : org.hibernate.engine.loading.internal.CollectionLoadContext@4ac9ddf7<rs=HikariProxyResultSet@141010955 wrapping Result set representing update count of 2>
[2021-07-26 10:38:50] - HHH000100: Fail-safe cleanup (collections) : org.hibernate.engine.loading.internal.CollectionLoadContext@77a09d3b<rs=HikariProxyResultSet@1053245197 wrapping Result set representing update count of 2>
[2021-07-26 10:38:50] - HHH000100: Fail-safe cleanup (collections) : org.hibernate.engine.loading.internal.CollectionLoadContext@7290328<rs=HikariProxyResultSet@689271823 wrapping Result set representing update count of 2>
[2021-07-26 10:38:50] - HHH000100: Fail-safe cleanup (collections) : org.hibernate.engine.loading.internal.CollectionLoadContext@5457bf04<rs=HikariProxyResultSet@1288652432 wrapping Result set representing update count of 2>
[2021-07-26 10:38:50] - HHH000100: Fail-safe cleanup (collections) : org.hibernate.engine.loading.internal.CollectionLoadContext@5075e61c<rs=HikariProxyResultSet@352173712 wrapping Result set representing update count of 2>
[2021-07-26 10:38:50] - HHH000100: Fail-safe cleanup (collections) : org.hibernate.engine.loading.internal.CollectionLoadContext@234ff06c<rs=HikariProxyResultSet@115831057 wrapping Result set representing update count of 2>
[2021-07-26 10:38:50] - HHH000100: Fail-safe cleanup (collections) : org.hibernate.engine.loading.internal.CollectionLoadContext@6cb0976e<rs=HikariProxyResultSet@1520469648 wrapping Result set representing update count of 2>
[2021-07-26 10:38:50] - HHH000100: Fail-safe cleanup (collections) : org.hibernate.engine.loading.internal.CollectionLoadContext@576aa63<rs=HikariProxyResultSet@394384020 wrapping Result set representing update count of 2>
[2021-07-26 10:38:50] - HHH000100: Fail-safe cleanup (collections) : org.hibernate.engine.loading.internal.CollectionLoadContext@7a4ce9d7<rs=HikariProxyResultSet@1368096154 wrapping Result set representing update count of 2>
[2021-07-26 10:38:50] - HHH000100: Fail-safe cleanup (collections) : org.hibernate.engine.loading.internal.CollectionLoadContext@265cba62<rs=HikariProxyResultSet@370091035 wrapping Result set representing update count of 2>
[2021-07-26 10:38:50] - HHH000100: Fail-safe cleanup (collections) : org.hibernate.engine.loading.internal.CollectionLoadContext@4ebf4220<rs=HikariProxyResultSet@50976412 wrapping Result set representing update count of 2>
[2021-07-26 10:38:50] - HHH000100: Fail-safe cleanup (collections) : org.hibernate.engine.loading.internal.CollectionLoadContext@7e2adc26<rs=HikariProxyResultSet@2101473307 wrapping Result set representing update count of 2>
[2021-07-26 10:38:50] - HHH000100: Fail-safe cleanup (collections) : org.hibernate.engine.loading.internal.CollectionLoadContext@63359065<rs=HikariProxyResultSet@1008515740 wrapping Result set representing update count of 2>
[2021-07-26 10:38:50] - HHH000100: Fail-safe cleanup (collections) : org.hibernate.engine.loading.internal.CollectionLoadContext@20f9a9cb<rs=HikariProxyResultSet@1023979422 wrapping Result set representing update count of 2>
[2021-07-26 10:38:50] - HHH000100: Fail-safe cleanup (collections) : org.hibernate.engine.loading.internal.CollectionLoadContext@14e351b6<rs=HikariProxyResultSet@203894432 wrapping Result set representing update count of 2>
[2021-07-26 10:38:50] - HHH000100: Fail-safe cleanup (collections) : org.hibernate.engine.loading.internal.CollectionLoadContext@3c8074e0<rs=HikariProxyResultSet@1216090014 wrapping Result set representing update count of 2>
[2021-07-26 10:38:50] - HHH000100: Fail-safe cleanup (collections) : org.hibernate.engine.loading.internal.CollectionLoadContext@73796dad<rs=HikariProxyResultSet@1817255842 wrapping Result set representing update count of 2>
[2021-07-26 10:38:50] - HHH000100: Fail-safe cleanup (collections) : org.hibernate.engine.loading.internal.CollectionLoadContext@1ea335f8<rs=HikariProxyResultSet@1021376547 wrapping Result set representing update count of 2>
[2021-07-26 10:38:50] - HHH000100: Fail-safe cleanup (collections) : org.hibernate.engine.loading.internal.CollectionLoadContext@10c3a97b<rs=HikariProxyResultSet@1351548584 wrapping Result set representing update count of 2>
[2021-07-26 10:38:50] - HHH000100: Fail-safe cleanup (collections) : org.hibernate.engine.loading.internal.CollectionLoadContext@2f5be8f7<rs=HikariProxyResultSet@333776556 wrapping Result set representing update count of 2>
