[2021-07-22 09:33:02] - timeout completed: keys processed=0; now=1626926582592; nextExpiration=1626926582590; keyCount=0; hasEvents=false; eval=false
[2021-07-22 09:33:03] - timeout completed: keys processed=0; now=1626926583593; nextExpiration=1626926583592; keyCount=0; hasEvents=false; eval=false
[2021-07-22 09:33:04] - timeout completed: keys processed=0; now=1626926584594; nextExpiration=1626926584593; keyCount=0; hasEvents=false; eval=false
[2021-07-22 09:33:05] - timeout completed: keys processed=0; now=1626926585596; nextExpiration=1626926585594; keyCount=0; hasEvents=false; eval=false
[2021-07-22 09:33:06] - timeout completed: keys processed=0; now=1626926586597; nextExpiration=1626926586596; keyCount=0; hasEvents=false; eval=false
[2021-07-22 09:33:07] - timeout completed: keys processed=0; now=1626926587599; nextExpiration=1626926587597; keyCount=0; hasEvents=false; eval=false
[2021-07-22 09:33:08] - timeout completed: keys processed=0; now=1626926588600; nextExpiration=1626926588599; keyCount=0; hasEvents=false; eval=false
[2021-07-22 09:33:09] - timeout completed: keys processed=0; now=1626926589601; nextExpiration=1626926589600; keyCount=0; hasEvents=false; eval=false
[2021-07-22 09:33:10] - timeout completed: keys processed=0; now=1626926590602; nextExpiration=1626926590601; keyCount=0; hasEvents=false; eval=false
[2021-07-22 09:33:11] - timeout completed: keys processed=0; now=1626926591603; nextExpiration=1626926591602; keyCount=0; hasEvents=false; eval=false
[2021-07-22 09:33:12] - timeout completed: keys processed=0; now=1626926592605; nextExpiration=1626926592603; keyCount=0; hasEvents=false; eval=false
[2021-07-22 09:33:13] - timeout completed: keys processed=0; now=1626926593605; nextExpiration=1626926593605; keyCount=0; hasEvents=false; eval=false
[2021-07-22 09:33:14] - timeout completed: keys processed=0; now=1626926594606; nextExpiration=1626926594605; keyCount=0; hasEvents=false; eval=false
[2021-07-22 09:33:15] - timeout completed: keys processed=0; now=1626926595608; nextExpiration=1626926595606; keyCount=0; hasEvents=false; eval=false
[2021-07-22 09:33:16] - timeout completed: keys processed=0; now=1626926596609; nextExpiration=1626926596608; keyCount=0; hasEvents=false; eval=false
[2021-07-22 09:33:17] - timeout completed: keys processed=0; now=1626926597611; nextExpiration=1626926597609; keyCount=0; hasEvents=false; eval=false
[2021-07-22 09:33:18] - timeout completed: keys processed=0; now=1626926598612; nextExpiration=1626926598611; keyCount=0; hasEvents=false; eval=false
[2021-07-22 09:33:19] - timeout completed: keys processed=0; now=1626926599613; nextExpiration=1626926599612; keyCount=0; hasEvents=false; eval=false
[2021-07-22 09:33:20] - timeout completed: keys processed=0; now=1626926600613; nextExpiration=1626926600613; keyCount=0; hasEvents=false; eval=false
[2021-07-22 09:33:21] - timeout completed: keys processed=0; now=1626926601615; nextExpiration=1626926601613; keyCount=0; hasEvents=false; eval=false
[2021-07-22 09:33:22] - timeout completed: keys processed=0; now=1626926602616; nextExpiration=1626926602615; keyCount=0; hasEvents=false; eval=false
[2021-07-22 09:33:23] - timeout completed: keys processed=0; now=1626926603617; nextExpiration=1626926603616; keyCount=0; hasEvents=false; eval=false
[2021-07-22 09:33:24] - timeout completed: keys processed=0; now=1626926604618; nextExpiration=1626926604617; keyCount=0; hasEvents=false; eval=false
[2021-07-22 09:33:25] - timeout completed: keys processed=0; now=1626926605619; nextExpiration=1626926605618; keyCount=0; hasEvents=false; eval=false
[2021-07-22 09:33:26] - timeout completed: keys processed=0; now=1626926606620; nextExpiration=1626926606619; keyCount=0; hasEvents=false; eval=false
[2021-07-22 09:33:27] - HikariPool-1 - Pool stats (total=10, active=0, idle=10, waiting=0)
[2021-07-22 09:33:27] - HikariPool-1 - Fill pool skipped, pool is at sufficient level.
[2021-07-22 09:33:27] - timeout completed: keys processed=0; now=1626926607621; nextExpiration=1626926607620; keyCount=0; hasEvents=false; eval=false
[2021-07-22 09:33:28] - timeout completed: keys processed=0; now=1626926608622; nextExpiration=1626926608621; keyCount=0; hasEvents=false; eval=false
[2021-07-22 09:33:28] - Start expire sessions StandardManager at 1626926608993 sessioncount 0
[2021-07-22 09:33:28] - End expire sessions StandardManager processingTime 1 expired sessions: 0
[2021-07-22 09:33:29] - timeout completed: keys processed=0; now=1626926609624; nextExpiration=1626926609622; keyCount=0; hasEvents=false; eval=false
[2021-07-22 09:33:30] - timeout completed: keys processed=0; now=1626926610625; nextExpiration=1626926610624; keyCount=0; hasEvents=false; eval=false
[2021-07-22 09:33:31] - timeout completed: keys processed=0; now=1626926611626; nextExpiration=1626926611625; keyCount=0; hasEvents=false; eval=false
[2021-07-22 09:33:32] - timeout completed: keys processed=0; now=1626926612628; nextExpiration=1626926612626; keyCount=0; hasEvents=false; eval=false
[2021-07-22 09:33:33] - timeout completed: keys processed=0; now=1626926613629; nextExpiration=1626926613628; keyCount=0; hasEvents=false; eval=false
[2021-07-22 09:33:34] - timeout completed: keys processed=0; now=1626926614630; nextExpiration=1626926614629; keyCount=0; hasEvents=false; eval=false
[2021-07-22 09:33:35] - timeout completed: keys processed=0; now=1626926615632; nextExpiration=1626926615630; keyCount=0; hasEvents=false; eval=false
[2021-07-22 09:33:36] - timeout completed: keys processed=0; now=1626926616632; nextExpiration=1626926616632; keyCount=0; hasEvents=false; eval=false
[2021-07-22 09:33:37] - timeout completed: keys processed=0; now=1626926617633; nextExpiration=1626926617632; keyCount=0; hasEvents=false; eval=false
[2021-07-22 09:33:38] - timeout completed: keys processed=0; now=1626926618634; nextExpiration=1626926618633; keyCount=0; hasEvents=false; eval=false
[2021-07-22 09:33:39] - timeout completed: keys processed=0; now=1626926619636; nextExpiration=1626926619634; keyCount=0; hasEvents=false; eval=false
[2021-07-22 09:33:40] - timeout completed: keys processed=0; now=1626926620636; nextExpiration=1626926620636; keyCount=0; hasEvents=false; eval=false
[2021-07-22 09:33:41] - timeout completed: keys processed=0; now=1626926621637; nextExpiration=1626926621636; keyCount=0; hasEvents=false; eval=false
[2021-07-22 09:33:42] - timeout completed: keys processed=0; now=1626926622638; nextExpiration=1626926622637; keyCount=0; hasEvents=false; eval=false
[2021-07-22 09:33:43] - timeout completed: keys processed=0; now=1626926623639; nextExpiration=1626926623638; keyCount=0; hasEvents=false; eval=false
[2021-07-22 09:33:44] - timeout completed: keys processed=0; now=1626926624640; nextExpiration=1626926624639; keyCount=0; hasEvents=false; eval=false
[2021-07-22 09:33:45] - timeout completed: keys processed=0; now=1626926625641; nextExpiration=1626926625640; keyCount=0; hasEvents=false; eval=false
[2021-07-22 09:33:46] - timeout completed: keys processed=0; now=1626926626641; nextExpiration=1626926626641; keyCount=0; hasEvents=false; eval=false
[2021-07-22 09:33:47] - timeout completed: keys processed=0; now=1626926627642; nextExpiration=1626926627641; keyCount=0; hasEvents=false; eval=false
[2021-07-22 09:33:48] - timeout completed: keys processed=0; now=1626926628643; nextExpiration=1626926628642; keyCount=0; hasEvents=false; eval=false
[2021-07-22 09:33:49] - timeout completed: keys processed=0; now=1626926629644; nextExpiration=1626926629643; keyCount=0; hasEvents=false; eval=false
[2021-07-22 09:33:50] - timeout completed: keys processed=0; now=1626926630645; nextExpiration=1626926630644; keyCount=0; hasEvents=false; eval=false
[2021-07-22 09:33:51] - timeout completed: keys processed=0; now=1626926631646; nextExpiration=1626926631645; keyCount=0; hasEvents=false; eval=false
[2021-07-22 09:33:52] - timeout completed: keys processed=0; now=1626926632647; nextExpiration=1626926632646; keyCount=0; hasEvents=false; eval=false
[2021-07-22 09:33:53] - timeout completed: keys processed=0; now=1626926633647; nextExpiration=1626926633647; keyCount=0; hasEvents=false; eval=false
[2021-07-22 09:33:54] - timeout completed: keys processed=0; now=1626926634648; nextExpiration=1626926634647; keyCount=0; hasEvents=false; eval=false
[2021-07-22 09:33:55] - timeout completed: keys processed=0; now=1626926635649; nextExpiration=1626926635648; keyCount=0; hasEvents=false; eval=false
[2021-07-22 09:33:56] - timeout completed: keys processed=0; now=1626926636650; nextExpiration=1626926636649; keyCount=0; hasEvents=false; eval=false
[2021-07-22 09:33:57] - HikariPool-1 - Pool stats (total=10, active=0, idle=10, waiting=0)
[2021-07-22 09:33:57] - HikariPool-1 - Fill pool skipped, pool is at sufficient level.
[2021-07-22 09:33:57] - timeout completed: keys processed=0; now=1626926637651; nextExpiration=1626926637650; keyCount=0; hasEvents=false; eval=false
[2021-07-22 09:33:58] - timeout completed: keys processed=0; now=1626926638651; nextExpiration=1626926638651; keyCount=0; hasEvents=false; eval=false
[2021-07-22 09:33:59] - timeout completed: keys processed=0; now=1626926639652; nextExpiration=1626926639651; keyCount=0; hasEvents=false; eval=false
[2021-07-22 09:34:00] - timeout completed: keys processed=0; now=1626926640653; nextExpiration=1626926640652; keyCount=0; hasEvents=false; eval=false
[2021-07-22 09:34:01] - timeout completed: keys processed=0; now=1626926641654; nextExpiration=1626926641653; keyCount=0; hasEvents=false; eval=false
[2021-07-22 09:34:02] - timeout completed: keys processed=0; now=1626926642655; nextExpiration=1626926642654; keyCount=0; hasEvents=false; eval=false
[2021-07-22 09:34:03] - timeout completed: keys processed=0; now=1626926643656; nextExpiration=1626926643655; keyCount=0; hasEvents=false; eval=false
[2021-07-22 09:34:04] - timeout completed: keys processed=0; now=1626926644657; nextExpiration=1626926644656; keyCount=0; hasEvents=false; eval=false
[2021-07-22 09:34:05] - timeout completed: keys processed=0; now=1626926645658; nextExpiration=1626926645657; keyCount=0; hasEvents=false; eval=false
[2021-07-22 09:34:06] - timeout completed: keys processed=0; now=1626926646660; nextExpiration=1626926646658; keyCount=0; hasEvents=false; eval=false
