[2021-07-28 09:15:14] - HikariPool-1 - Pool stats (total=10, active=0, idle=10, waiting=0)
[2021-07-28 09:15:14] - HikariPool-1 - Fill pool skipped, pool is at sufficient level.
[2021-07-28 09:15:44] - HikariPool-1 - Pool stats (total=10, active=0, idle=10, waiting=0)
[2021-07-28 09:15:44] - HikariPool-1 - Fill pool skipped, pool is at sufficient level.
[2021-07-28 09:16:14] - HikariPool-1 - Pool stats (total=10, active=0, idle=10, waiting=0)
[2021-07-28 09:16:14] - HikariPool-1 - Fill pool skipped, pool is at sufficient level.
[2021-07-28 09:16:44] - HikariPool-1 - Pool stats (total=10, active=0, idle=10, waiting=0)
[2021-07-28 09:16:44] - HikariPool-1 - Fill pool skipped, pool is at sufficient level.
[2021-07-28 09:17:14] - HikariPool-1 - Pool stats (total=10, active=0, idle=10, waiting=0)
[2021-07-28 09:17:14] - HikariPool-1 - Fill pool skipped, pool is at sufficient level.
[2021-07-28 09:17:44] - HikariPool-1 - Pool stats (total=10, active=0, idle=10, waiting=0)
[2021-07-28 09:17:44] - HikariPool-1 - Fill pool skipped, pool is at sufficient level.
[2021-07-28 09:18:14] - HikariPool-1 - Pool stats (total=10, active=0, idle=10, waiting=0)
[2021-07-28 09:18:14] - HikariPool-1 - Fill pool skipped, pool is at sufficient level.
[2021-07-28 09:18:44] - HikariPool-1 - Pool stats (total=10, active=0, idle=10, waiting=0)
[2021-07-28 09:18:44] - HikariPool-1 - Fill pool skipped, pool is at sufficient level.
[2021-07-28 09:19:14] - HikariPool-1 - Pool stats (total=10, active=0, idle=10, waiting=0)
[2021-07-28 09:19:14] - HikariPool-1 - Fill pool skipped, pool is at sufficient level.
[2021-07-28 09:19:44] - HikariPool-1 - Pool stats (total=10, active=0, idle=10, waiting=0)
[2021-07-28 09:19:44] - HikariPool-1 - Fill pool skipped, pool is at sufficient level.
[2021-07-28 09:20:14] - HikariPool-1 - Pool stats (total=10, active=0, idle=10, waiting=0)
[2021-07-28 09:20:14] - HikariPool-1 - Fill pool skipped, pool is at sufficient level.
[2021-07-28 09:20:44] - HikariPool-1 - Pool stats (total=10, active=0, idle=10, waiting=0)
[2021-07-28 09:20:44] - HikariPool-1 - Fill pool skipped, pool is at sufficient level.
[2021-07-28 09:21:14] - HikariPool-1 - Pool stats (total=10, active=0, idle=10, waiting=0)
[2021-07-28 09:21:14] - HikariPool-1 - Fill pool skipped, pool is at sufficient level.
[2021-07-28 09:21:44] - HikariPool-1 - Pool stats (total=10, active=0, idle=10, waiting=0)
[2021-07-28 09:21:44] - HikariPool-1 - Fill pool skipped, pool is at sufficient level.
[2021-07-28 09:22:14] - HikariPool-1 - Pool stats (total=10, active=0, idle=10, waiting=0)
[2021-07-28 09:22:14] - HikariPool-1 - Fill pool skipped, pool is at sufficient level.
[2021-07-28 09:22:44] - HikariPool-1 - Pool stats (total=10, active=0, idle=10, waiting=0)
[2021-07-28 09:22:44] - HikariPool-1 - Fill pool skipped, pool is at sufficient level.
[2021-07-28 09:23:14] - HikariPool-1 - Pool stats (total=10, active=0, idle=10, waiting=0)
[2021-07-28 09:23:14] - HikariPool-1 - Fill pool skipped, pool is at sufficient level.
[2021-07-28 09:23:44] - HikariPool-1 - Pool stats (total=10, active=0, idle=10, waiting=0)
[2021-07-28 09:23:44] - HikariPool-1 - Fill pool skipped, pool is at sufficient level.
[2021-07-28 09:24:14] - HikariPool-1 - Pool stats (total=10, active=0, idle=10, waiting=0)
[2021-07-28 09:24:14] - HikariPool-1 - Fill pool skipped, pool is at sufficient level.
[2021-07-28 09:24:44] - HikariPool-1 - Pool stats (total=10, active=0, idle=10, waiting=0)
[2021-07-28 09:24:44] - HikariPool-1 - Fill pool skipped, pool is at sufficient level.
[2021-07-28 09:24:57] - Instantiating CacheAwareContextLoaderDelegate from class [org.springframework.test.context.cache.DefaultCacheAwareContextLoaderDelegate]
[2021-07-28 09:24:57] - Instantiating BootstrapContext using constructor [public org.springframework.test.context.support.DefaultBootstrapContext(java.lang.Class,org.springframework.test.context.CacheAwareContextLoaderDelegate)]
[2021-07-28 09:24:57] - Instantiating TestContextBootstrapper for test class [com.anu.springunijpa.service.impl.UserServiceImplTest] from class [org.springframework.boot.test.autoconfigure.orm.jpa.DataJpaTestContextBootstrapper]
[2021-07-28 09:24:57] - Neither @ContextConfiguration nor @ContextHierarchy found for test class [com.anu.springunijpa.service.impl.UserServiceImplTest], using SpringBootContextLoader
[2021-07-28 09:24:57] - Did not detect default resource location for test class [com.anu.springunijpa.service.impl.UserServiceImplTest]: class path resource [com/anu/springunijpa/service/impl/UserServiceImplTest-context.xml] does not exist
[2021-07-28 09:24:57] - Did not detect default resource location for test class [com.anu.springunijpa.service.impl.UserServiceImplTest]: class path resource [com/anu/springunijpa/service/impl/UserServiceImplTestContext.groovy] does not exist
[2021-07-28 09:24:57] - Could not detect default resource locations for test class [com.anu.springunijpa.service.impl.UserServiceImplTest]: no resource found for suffixes {-context.xml, Context.groovy}.
[2021-07-28 09:24:57] - Could not detect default configuration classes for test class [com.anu.springunijpa.service.impl.UserServiceImplTest]: UserServiceImplTest does not declare any static, non-private, non-final, nested classes annotated with @Configuration.
[2021-07-28 09:24:57] - Could not find an 'annotation declaring class' for annotation type [org.springframework.test.context.ActiveProfiles] and class [com.anu.springunijpa.service.impl.UserServiceImplTest]
[2021-07-28 09:24:57] - Identified candidate component class: file [/home/anuththara/Documents/hSenid/Practice/springboot/spring-uni-jpa/UserJPA-Springboot/target/classes/com/anu/springunijpa/SpringUniJpaApplication.class]
[2021-07-28 09:24:57] - Found @SpringBootConfiguration com.anu.springunijpa.SpringUniJpaApplication for test class com.anu.springunijpa.service.impl.UserServiceImplTest
[2021-07-28 09:24:57] - @TestExecutionListeners is not present for class [com.anu.springunijpa.service.impl.UserServiceImplTest]: using defaults.
[2021-07-28 09:24:57] - Loaded default TestExecutionListener class names from location [META-INF/spring.factories]: [org.springframework.boot.test.mock.mockito.MockitoTestExecutionListener, org.springframework.boot.test.mock.mockito.ResetMocksTestExecutionListener, org.springframework.boot.test.autoconfigure.restdocs.RestDocsTestExecutionListener, org.springframework.boot.test.autoconfigure.web.client.MockRestServiceServerResetTestExecutionListener, org.springframework.boot.test.autoconfigure.web.servlet.MockMvcPrintOnlyOnFailureTestExecutionListener, org.springframework.boot.test.autoconfigure.web.servlet.WebDriverTestExecutionListener, org.springframework.boot.test.autoconfigure.webservices.client.MockWebServiceServerTestExecutionListener, org.springframework.test.context.web.ServletTestExecutionListener, org.springframework.test.context.support.DirtiesContextBeforeModesTestExecutionListener, org.springframework.test.context.event.ApplicationEventsTestExecutionListener, org.springframework.test.context.support.DependencyInjectionTestExecutionListener, org.springframework.test.context.support.DirtiesContextTestExecutionListener, org.springframework.test.context.transaction.TransactionalTestExecutionListener, org.springframework.test.context.jdbc.SqlScriptsTestExecutionListener, org.springframework.test.context.event.EventPublishingTestExecutionListener]
[2021-07-28 09:24:58] - Using TestExecutionListeners: [org.springframework.test.context.web.ServletTestExecutionListener@740d2e78, org.springframework.test.context.support.DirtiesContextBeforeModesTestExecutionListener@1c481ff2, org.springframework.test.context.event.ApplicationEventsTestExecutionListener@72437d8d, org.springframework.boot.test.mock.mockito.MockitoTestExecutionListener@1b955cac, org.springframework.boot.test.autoconfigure.SpringBootDependencyInjectionTestExecutionListener@676cf48, org.springframework.test.context.support.DirtiesContextTestExecutionListener@5a1de7fb, org.springframework.test.context.transaction.TransactionalTestExecutionListener@335b5620, org.springframework.test.context.jdbc.SqlScriptsTestExecutionListener@29a0cdb, org.springframework.test.context.event.EventPublishingTestExecutionListener@32a68f4f, org.springframework.boot.test.mock.mockito.ResetMocksTestExecutionListener@73194df, org.springframework.boot.test.autoconfigure.restdocs.RestDocsTestExecutionListener@6eb2384f, org.springframework.boot.test.autoconfigure.web.client.MockRestServiceServerResetTestExecutionListener@3c9c0d96, org.springframework.boot.test.autoconfigure.web.servlet.MockMvcPrintOnlyOnFailureTestExecutionListener@3a4621bd, org.springframework.boot.test.autoconfigure.web.servlet.WebDriverTestExecutionListener@31dadd46, org.springframework.boot.test.autoconfigure.webservices.client.MockWebServiceServerTestExecutionListener@4ed5eb72]
[2021-07-28 09:24:58] - Before test class: context [DefaultTestContext@7d1cfb8b testClass = UserServiceImplTest, testInstance = [null], testMethod = [null], testException = [null], mergedContextConfiguration = [MergedContextConfiguration@48e92c5c testClass = UserServiceImplTest, locations = '{}', classes = '{class com.anu.springunijpa.SpringUniJpaApplication}', contextInitializerClasses = '[]', activeProfiles = '{}', propertySourceLocations = '{}', propertySourceProperties = '{org.springframework.boot.test.autoconfigure.orm.jpa.DataJpaTestContextBootstrapper=true}', contextCustomizers = set[[ImportsContextCustomizer@2e1ef60 key = [org.springframework.boot.autoconfigure.cache.CacheAutoConfiguration, org.springframework.boot.autoconfigure.data.jpa.JpaRepositoriesAutoConfiguration, org.springframework.boot.autoconfigure.flyway.FlywayAutoConfiguration, org.springframework.boot.autoconfigure.jdbc.DataSourceAutoConfiguration, org.springframework.boot.autoconfigure.jdbc.DataSourceTransactionManagerAutoConfiguration, org.springframework.boot.autoconfigure.jdbc.JdbcTemplateAutoConfiguration, org.springframework.boot.autoconfigure.liquibase.LiquibaseAutoConfiguration, org.springframework.boot.autoconfigure.orm.jpa.HibernateJpaAutoConfiguration, org.springframework.boot.autoconfigure.sql.init.SqlInitializationAutoConfiguration, org.springframework.boot.autoconfigure.transaction.TransactionAutoConfiguration, org.springframework.boot.test.autoconfigure.jdbc.TestDatabaseAutoConfiguration, org.springframework.boot.test.autoconfigure.orm.jpa.TestEntityManagerAutoConfiguration]], org.springframework.boot.test.context.filter.ExcludeFilterContextCustomizer@62833051, org.springframework.boot.test.json.DuplicateJsonObjectContextCustomizerFactory$DuplicateJsonObjectContextCustomizer@5d99c6b5, org.springframework.boot.test.mock.mockito.MockitoContextCustomizer@0, org.springframework.boot.test.autoconfigure.OverrideAutoConfigurationContextCustomizerFactory$DisableAutoConfigurationContextCustomizer@29a5f4e7, org.springframework.boot.test.autoconfigure.actuate.metrics.MetricsExportContextCustomizerFactory$DisableMetricExportContextCustomizer@27e47833, org.springframework.boot.test.autoconfigure.filter.TypeExcludeFiltersContextCustomizer@351584c0, org.springframework.boot.test.autoconfigure.properties.PropertyMappingContextCustomizer@d6e2b432, org.springframework.boot.test.autoconfigure.web.servlet.WebDriverContextCustomizerFactory$Customizer@67b9b51a, org.springframework.boot.test.context.SpringBootTestArgs@1, org.springframework.boot.test.context.SpringBootTestWebEnvironment@0], contextLoader = 'org.springframework.boot.test.context.SpringBootContextLoader', parent = [null]], attributes = map[[empty]]], class annotated with @DirtiesContext [false] with mode [null].
