[2021-07-22 09:34:07] - timeout completed: keys processed=0; now=1626926647661; nextExpiration=1626926647660; keyCount=0; hasEvents=false; eval=false
[2021-07-22 09:34:08] - timeout completed: keys processed=0; now=1626926648663; nextExpiration=1626926648661; keyCount=0; hasEvents=false; eval=false
[2021-07-22 09:34:09] - timeout completed: keys processed=0; now=1626926649664; nextExpiration=1626926649663; keyCount=0; hasEvents=false; eval=false
[2021-07-22 09:34:10] - timeout completed: keys processed=0; now=1626926650665; nextExpiration=1626926650664; keyCount=0; hasEvents=false; eval=false
[2021-07-22 09:34:11] - timeout completed: keys processed=0; now=1626926651667; nextExpiration=1626926651665; keyCount=0; hasEvents=false; eval=false
[2021-07-22 09:34:12] - timeout completed: keys processed=0; now=1626926652668; nextExpiration=1626926652667; keyCount=0; hasEvents=false; eval=false
[2021-07-22 09:34:13] - timeout completed: keys processed=0; now=1626926653669; nextExpiration=1626926653668; keyCount=0; hasEvents=false; eval=false
[2021-07-22 09:34:14] - timeout completed: keys processed=0; now=1626926654670; nextExpiration=1626926654669; keyCount=0; hasEvents=false; eval=false
[2021-07-22 09:34:15] - timeout completed: keys processed=0; now=1626926655671; nextExpiration=1626926655670; keyCount=0; hasEvents=false; eval=false
[2021-07-22 09:34:16] - timeout completed: keys processed=0; now=1626926656671; nextExpiration=1626926656671; keyCount=0; hasEvents=false; eval=false
[2021-07-22 09:34:17] - timeout completed: keys processed=0; now=1626926657673; nextExpiration=1626926657671; keyCount=0; hasEvents=false; eval=false
[2021-07-22 09:34:18] - timeout completed: keys processed=0; now=1626926658673; nextExpiration=1626926658673; keyCount=0; hasEvents=false; eval=false
[2021-07-22 09:34:19] - timeout completed: keys processed=0; now=1626926659674; nextExpiration=1626926659673; keyCount=0; hasEvents=false; eval=false
[2021-07-22 09:34:20] - timeout completed: keys processed=0; now=1626926660676; nextExpiration=1626926660674; keyCount=0; hasEvents=false; eval=false
[2021-07-22 09:34:21] - timeout completed: keys processed=0; now=1626926661677; nextExpiration=1626926661676; keyCount=0; hasEvents=false; eval=false
[2021-07-22 09:34:22] - timeout completed: keys processed=0; now=1626926662678; nextExpiration=1626926662677; keyCount=0; hasEvents=false; eval=false
[2021-07-22 09:34:23] - timeout completed: keys processed=0; now=1626926663680; nextExpiration=1626926663678; keyCount=0; hasEvents=false; eval=false
[2021-07-22 09:34:24] - timeout completed: keys processed=0; now=1626926664681; nextExpiration=1626926664680; keyCount=0; hasEvents=false; eval=false
[2021-07-22 09:34:25] - timeout completed: keys processed=0; now=1626926665682; nextExpiration=1626926665681; keyCount=0; hasEvents=false; eval=false
[2021-07-22 09:34:26] - timeout completed: keys processed=0; now=1626926666683; nextExpiration=1626926666682; keyCount=0; hasEvents=false; eval=false
[2021-07-22 09:34:27] - HikariPool-1 - Pool stats (total=10, active=0, idle=10, waiting=0)
[2021-07-22 09:34:27] - HikariPool-1 - Fill pool skipped, pool is at sufficient level.
[2021-07-22 09:34:27] - timeout completed: keys processed=0; now=1626926667684; nextExpiration=1626926667683; keyCount=0; hasEvents=false; eval=false
[2021-07-22 09:34:28] - timeout completed: keys processed=0; now=1626926668685; nextExpiration=1626926668684; keyCount=0; hasEvents=false; eval=false
[2021-07-22 09:34:28] - Start expire sessions StandardManager at 1626926668996 sessioncount 0
[2021-07-22 09:34:28] - End expire sessions StandardManager processingTime 0 expired sessions: 0
[2021-07-22 09:34:29] - timeout completed: keys processed=0; now=1626926669686; nextExpiration=1626926669685; keyCount=0; hasEvents=false; eval=false
[2021-07-22 09:34:30] - Application availability state ReadinessState changed from ACCEPTING_TRAFFIC to REFUSING_TRAFFIC
[2021-07-22 09:34:30] - Closing org.springframework.boot.web.servlet.context.AnnotationConfigServletWebServerApplicationContext@5d9b7a8a, started on Thu Jul 22 09:32:24 IST 2021
[2021-07-22 09:34:30] - Searching for key 'spring.liveBeansView.mbeanDomain' in PropertySource 'server.ports'
[2021-07-22 09:34:30] - Searching for key 'spring.liveBeansView.mbeanDomain' in PropertySource 'configurationProperties'
[2021-07-22 09:34:30] - Searching for key 'spring.liveBeansView.mbeanDomain' in PropertySource 'servletConfigInitParams'
[2021-07-22 09:34:30] - Searching for key 'spring.liveBeansView.mbeanDomain' in PropertySource 'servletContextInitParams'
[2021-07-22 09:34:30] - Searching for key 'spring.liveBeansView.mbeanDomain' in PropertySource 'systemProperties'
[2021-07-22 09:34:30] - Found key 'spring.liveBeansView.mbeanDomain' in PropertySource 'systemProperties' with value of type String
[2021-07-22 09:34:30] - Returning cached instance of singleton bean 'springApplicationAdminRegistrar'
[2021-07-22 09:34:30] - Returning cached instance of singleton bean 'serverEndpointRegistration'
[2021-07-22 09:34:30] - Returning cached instance of singleton bean 'lifecycleProcessor'
[2021-07-22 09:34:30] - Returning cached instance of singleton bean 'webServerGracefulShutdown'
[2021-07-22 09:34:30] - Returning cached instance of singleton bean 'webServerStartStop'
[2021-07-22 09:34:30] - Stopping beans in phase 2147483647
[2021-07-22 09:34:30] - Asking bean 'webServerGracefulShutdown' of type [org.springframework.boot.web.context.WebServerGracefulShutdownLifecycle] to stop
[2021-07-22 09:34:30] - Bean 'webServerGracefulShutdown' completed its stop procedure
[2021-07-22 09:34:30] - Stopping beans in phase 2147483646
[2021-07-22 09:34:30] - Asking bean 'webServerStartStop' of type [org.springframework.boot.web.servlet.context.WebServerStartStopLifecycle] to stop
[2021-07-22 09:34:30] - Bean 'webServerStartStop' completed its stop procedure
[2021-07-22 09:34:30] - Stopping beans in phase 0
[2021-07-22 09:34:30] - Stopping bean 'serverEndpointRegistration' of type [com.oembedler.moon.graphql.boot.GraphQLWsServerEndpointRegistration]
[2021-07-22 09:34:30] - Successfully stopped bean 'serverEndpointRegistration'
[2021-07-22 09:34:30] - Destroying singletons in org.springframework.beans.factory.support.DefaultListableBeanFactory@3e34ace1: defining beans [org.springframework.context.annotation.internalConfigurationAnnotationProcessor,org.springframework.context.annotation.internalAutowiredAnnotationProcessor,org.springframework.context.annotation.internalCommonAnnotationProcessor,org.springframework.context.annotation.internalPersistenceAnnotationProcessor,org.springframework.context.event.internalEventListenerProcessor,org.springframework.context.event.internalEventListenerFactory,springUniJpaApplication,org.springframework.boot.autoconfigure.internalCachingMetadataReaderFactory,courseController,userController,courseResolver,userResolver,courseServiceImpl,userServiceImpl,org.springframework.boot.autoconfigure.AutoConfigurationPackages,org.springframework.boot.autoconfigure.context.PropertyPlaceholderAutoConfiguration,propertySourcesPlaceholderConfigurer,org.springframework.boot.autoconfigure.websocket.servlet.WebSocketServletAutoConfiguration$TomcatWebSocketConfiguration,websocketServletWebServerCustomizer,org.springframework.boot.autoconfigure.websocket.servlet.WebSocketServletAutoConfiguration,org.springframework.boot.autoconfigure.web.servlet.ServletWebServerFactoryConfiguration$EmbeddedTomcat,tomcatServletWebServerFactory,org.springframework.boot.autoconfigure.web.servlet.ServletWebServerFactoryAutoConfiguration,servletWebServerFactoryCustomizer,tomcatServletWebServerFactoryCustomizer,org.springframework.boot.context.properties.ConfigurationPropertiesBindingPostProcessor,org.springframework.boot.context.internalConfigurationPropertiesBinderFactory,org.springframework.boot.context.internalConfigurationPropertiesBinder,org.springframework.boot.context.properties.BoundConfigurationProperties,org.springframework.boot.context.properties.EnableConfigurationPropertiesRegistrar.methodValidationExcludeFilter,server-org.springframework.boot.autoconfigure.web.ServerProperties,webServerFactoryCustomizerBeanPostProcessor,errorPageRegistrarBeanPostProcessor,org.springframework.boot.autoconfigure.web.servlet.DispatcherServletAutoConfiguration$DispatcherServletConfiguration,dispatcherServlet,spring.mvc-org.springframework.boot.autoconfigure.web.servlet.WebMvcProperties,org.springframework.boot.autoconfigure.web.servlet.DispatcherServletAutoConfiguration$DispatcherServletRegistrationConfiguration,dispatcherServletRegistration,org.springframework.boot.autoconfigure.web.servlet.DispatcherServletAutoConfiguration,org.springframework.boot.autoconfigure.task.TaskExecutionAutoConfiguration,taskExecutorBuilder,applicationTaskExecutor,spring.task.execution-org.springframework.boot.autoconfigure.task.TaskExecutionProperties,org.springframework.boot.autoconfigure.web.servlet.error.ErrorMvcAutoConfiguration$WhitelabelErrorViewConfiguration,error,beanNameViewResolver,org.springframework.boot.autoconfigure.web.servlet.error.ErrorMvcAutoConfiguration$DefaultErrorViewResolverConfiguration,conventionErrorViewResolver,spring.web-org.springframework.boot.autoconfigure.web.WebProperties,spring.resources-org.springframework.boot.autoconfigure.web.ResourceProperties,org.springframework.boot.autoconfigure.web.servlet.error.ErrorMvcAutoConfiguration,errorAttributes,basicErrorController,errorPageCustomizer,preserveErrorControllerTargetClassPostProcessor,org.springframework.boot.autoconfigure.web.servlet.WebMvcAutoConfiguration$EnableWebMvcConfiguration,requestMappingHandlerAdapter,requestMappingHandlerMapping,welcomePageHandlerMapping,localeResolver,themeResolver,flashMapManager,mvcConversionService,mvcValidator,mvcContentNegotiationManager,mvcPatternParser,mvcUrlPathHelper,mvcPathMatcher,viewControllerHandlerMapping,beanNameHandlerMapping,routerFunctionMapping,resourceHandlerMapping,mvcResourceUrlProvider,defaultServletHandlerMapping,handlerFunctionAdapter,mvcUriComponentsContributor,httpRequestHandlerAdapter,simpleControllerHandlerAdapter,handlerExceptionResolver,mvcViewResolver,mvcHandlerMappingIntrospector,viewNameTranslator,org.springframework.boot.autoconfigure.web.servlet.WebMvcAutoConfiguration$WebMvcAutoConfigurationAdapter,defaultViewResolver,viewResolver,requestContextFilter,org.springframework.boot.autoconfigure.web.servlet.WebMvcAutoConfiguration,formContentFilter,com.oembedler.moon.graphql.boot.GraphQLJavaToolsAutoConfiguration,schemaStringProvider,schemaParser,graphQLSchema,com.oembedler.moon.graphql.boot.GraphQLWebAutoConfiguration,corsConfigurer,graphQLSchemaProvider,executionStrategyProvider,invocationInputFactory,queryInvoker,graphQLObjectMapper,graphQLHttpServlet,graphQLServletRegistrationBean,graphQLWebsocketServlet,serverEndpointRegistration,serverEndpointExporter,graphql.servlet-com.oembedler.moon.graphql.boot.GraphQLServletProperties,org.springframework.boot.autoconfigure.jmx.JmxAutoConfiguration,mbeanExporter,objectNamingStrategy,mbeanServer,org.springframework.boot.autoconfigure.admin.SpringApplicationAdminJmxAutoConfiguration,springApplicationAdminRegistrar,org.springframework.boot.autoconfigure.aop.AopAutoConfiguration$AspectJAutoProxyingConfiguration$CglibAutoProxyConfiguration,org.springframework.aop.config.internalAutoProxyCreator,org.springframework.boot.autoconfigure.aop.AopAutoConfiguration$AspectJAutoProxyingConfiguration,org.springframework.boot.autoconfigure.aop.AopAutoConfiguration,org.springframework.boot.autoconfigure.availability.ApplicationAvailabilityAutoConfiguration,applicationAvailability,org.springframework.boot.autoconfigure.jackson.JacksonAutoConfiguration$Jackson2ObjectMapperBuilderCustomizerConfiguration,standardJacksonObjectMapperBuilderCustomizer,spring.jackson-org.springframework.boot.autoconfigure.jackson.JacksonProperties,org.springframework.boot.autoconfigure.jackson.JacksonAutoConfiguration$JacksonObjectMapperBuilderConfiguration,jacksonObjectMapperBuilder,org.springframework.boot.autoconfigure.jackson.JacksonAutoConfiguration$ParameterNamesModuleConfiguration,parameterNamesModule,org.springframework.boot.autoconfigure.jackson.JacksonAutoConfiguration$JacksonObjectMapperConfiguration,jacksonObjectMapper,org.springframework.boot.autoconfigure.jackson.JacksonAutoConfiguration,jsonComponentModule,org.springframework.boot.autoconfigure.transaction.jta.JtaAutoConfiguration,org.springframework.boot.autoconfigure.jdbc.DataSourceConfiguration$Hikari,dataSource,org.springframework.boot.autoconfigure.jdbc.DataSourceJmxConfiguration$Hikari,org.springframework.boot.autoconfigure.jdbc.DataSourceJmxConfiguration,org.springframework.boot.autoconfigure.jdbc.DataSourceAutoConfiguration$PooledDataSourceConfiguration,org.springframework.boot.autoconfigure.jdbc.metadata.DataSourcePoolMetadataProvidersConfiguration$HikariPoolDataSourceMetadataProviderConfiguration,hikariPoolDataSourceMetadataProvider,org.springframework.boot.autoconfigure.jdbc.metadata.DataSourcePoolMetadataProvidersConfiguration,org.springframework.boot.autoconfigure.jdbc.DataSourceAutoConfiguration,spring.datasource-org.springframework.boot.autoconfigure.jdbc.DataSourceProperties,org.springframework.boot.autoconfigure.orm.jpa.JpaBaseConfiguration$JpaWebConfiguration,openEntityManagerInViewInterceptor,openEntityManagerInViewInterceptorConfigurer,org.springframework.boot.autoconfigure.orm.jpa.HibernateJpaConfiguration,transactionManager,jpaVendorAdapter,entityManagerFactoryBuilder,entityManagerFactory,spring.jpa.hibernate-org.springframework.boot.autoconfigure.orm.jpa.HibernateProperties,spring.jpa-org.springframework.boot.autoconfigure.orm.jpa.JpaProperties,org.springframework.boot.autoconfigure.orm.jpa.HibernateJpaAutoConfiguration,org.springframework.boot.autoconfigure.context.ConfigurationPropertiesAutoConfiguration,org.springframework.boot.autoconfigure.context.LifecycleAutoConfiguration,lifecycleProcessor,spring.lifecycle-org.springframework.boot.autoconfigure.context.LifecycleProperties,org.springframework.boot.autoconfigure.dao.PersistenceExceptionTranslationAutoConfiguration,persistenceExceptionTranslationPostProcessor,org.springframework.boot.autoconfigure.data.jpa.JpaRepositoriesAutoConfiguration,emBeanDefinitionRegistrarPostProcessor,jpaMappingContext,jpaContext,org.springframework.data.jpa.util.JpaMetamodelCacheCleanup,org.springframework.data.jpa.repository.support.JpaEvaluationContextExtension,courseRepository,userRepository,org.springframework.boot.autoconfigure.http.HttpMessageConvertersAutoConfiguration$StringHttpMessageConverterConfiguration,stringHttpMessageConverter,org.springframework.boot.autoconfigure.http.JacksonHttpMessageConvertersConfiguration$MappingJackson2HttpMessageConverterConfiguration,mappingJackson2HttpMessageConverter,org.springframework.boot.autoconfigure.http.JacksonHttpMessageConvertersConfiguration,org.springframework.boot.autoconfigure.http.HttpMessageConvertersAutoConfiguration,messageConverters,org.springframework.data.web.config.ProjectingArgumentResolverRegistrar,projectingArgumentResolverBeanPostProcessor,org.springframework.data.web.config.SpringDataWebConfiguration,pageableResolver,sortResolver,org.springframework.data.web.config.SpringDataJacksonConfiguration,jacksonGeoModule,org.springframework.boot.autoconfigure.data.web.SpringDataWebAutoConfiguration,pageableCustomizer,sortCustomizer,spring.data.web-org.springframework.boot.autoconfigure.data.web.SpringDataWebProperties,org.springframework.boot.autoconfigure.info.ProjectInfoAutoConfiguration,spring.info-org.springframework.boot.autoconfigure.info.ProjectInfoProperties,org.springframework.boot.autoconfigure.jdbc.JdbcTemplateConfiguration,jdbcTemplate,org.springframework.boot.autoconfigure.jdbc.NamedParameterJdbcTemplateConfiguration,namedParameterJdbcTemplate,org.springframework.boot.autoconfigure.jdbc.JdbcTemplateAutoConfiguration,spring.jdbc-org.springframework.boot.autoconfigure.jdbc.JdbcProperties,org.springframework.boot.sql.init.dependency.DatabaseInitializationDependencyConfigurer$DependsOnDatabaseInitializationPostProcessor,org.springframework.boot.autoconfigure.sql.init.DataSourceInitializationConfiguration,dataSourceScriptDatabaseInitializer,org.springframework.boot.autoconfigure.sql.init.SqlInitializationAutoConfiguration,spring.sql.init-org.springframework.boot.autoconfigure.sql.init.SqlInitializationProperties,org.springframework.boot.autoconfigure.task.TaskSchedulingAutoConfiguration,scheduledBeanLazyInitializationExcludeFilter,taskSchedulerBuilder,spring.task.scheduling-org.springframework.boot.autoconfigure.task.TaskSchedulingProperties,org.springframework.boot.autoconfigure.jdbc.DataSourceTransactionManagerAutoConfiguration$JdbcTransactionManagerConfiguration,org.springframework.boot.autoconfigure.jdbc.DataSourceTransactionManagerAutoConfiguration,org.springframework.transaction.annotation.ProxyTransactionManagementConfiguration,org.springframework.transaction.config.internalTransactionAdvisor,transactionAttributeSource,transactionInterceptor,org.springframework.transaction.config.internalTransactionalEventListenerFactory,org.springframework.boot.autoconfigure.transaction.TransactionAutoConfiguration$EnableTransactionManagementConfiguration$CglibAutoProxyConfiguration,org.springframework.boot.autoconfigure.transaction.TransactionAutoConfiguration$EnableTransactionManagementConfiguration,org.springframework.boot.autoconfigure.transaction.TransactionAutoConfiguration$TransactionTemplateConfiguration,transactionTemplate,org.springframework.boot.autoconfigure.transaction.TransactionAutoConfiguration,platformTransactionManagerCustomizers,spring.transaction-org.springframework.boot.autoconfigure.transaction.TransactionProperties,org.springframework.boot.autoconfigure.web.client.RestTemplateAutoConfiguration,restTemplateBuilderConfigurer,restTemplateBuilder,org.springframework.boot.autoconfigure.web.embedded.EmbeddedWebServerFactoryCustomizerAutoConfiguration$TomcatWebServerFactoryCustomizerConfiguration,tomcatWebServerFactoryCustomizer,org.springframework.boot.autoconfigure.web.embedded.EmbeddedWebServerFactoryCustomizerAutoConfiguration,org.springframework.boot.autoconfigure.web.servlet.HttpEncodingAutoConfiguration,characterEncodingFilter,localeCharsetMappingsCustomizer,org.springframework.boot.autoconfigure.web.servlet.MultipartAutoConfiguration,multipartConfigElement,multipartResolver,spring.servlet.multipart-org.springframework.boot.autoconfigure.web.servlet.MultipartProperties,org.springframework.boot.autoconfigure.websocket.servlet.WebSocketMessagingAutoConfiguration,org.springframework.orm.jpa.SharedEntityManagerCreator#0]; root of factory hierarchy
[2021-07-22 09:34:30] - Invoking destroy() on bean with name 'org.springframework.data.jpa.util.JpaMetamodelCacheCleanup'
[2021-07-22 09:34:30] - Invoking destroy() on bean with name 'springApplicationAdminRegistrar'
[2021-07-22 09:34:30] - Invoking destroy() on bean with name 'mbeanExporter'
[2021-07-22 09:34:30] - Unregistering JMX-exposed beans on shutdown
[2021-07-22 09:34:30] - Unregistering JMX-exposed beans
[2021-07-22 09:34:30] - Retrieved dependent beans for bean 'mvcResourceUrlProvider': [requestMappingHandlerMapping, welcomePageHandlerMapping, viewControllerHandlerMapping, beanNameHandlerMapping, routerFunctionMapping, resourceHandlerMapping]
[2021-07-22 09:34:30] - Invoking destroy() on bean with name 'applicationTaskExecutor'
[2021-07-22 09:34:30] - Shutting down ExecutorService 'applicationTaskExecutor'
[2021-07-22 09:34:30] - Invoking destroy() on bean with name 'characterEncodingFilter'
[2021-07-22 09:34:30] - Invoking destroy() on bean with name 'corsConfigurer'
[2021-07-22 09:34:30] - Invoking destroy() on bean with name 'formContentFilter'
[2021-07-22 09:34:30] - Invoking destroy() on bean with name 'requestContextFilter'
[2021-07-22 09:34:30] - Retrieved dependent beans for bean '(inner bean)#33e4068': [userRepository]
[2021-07-22 09:34:30] - Retrieved dependent beans for bean 'userRepository': [userResolver, userServiceImpl]
[2021-07-22 09:34:30] - Retrieved dependent beans for bean 'userResolver': [schemaParser]
[2021-07-22 09:34:30] - Retrieved dependent beans for bean 'schemaParser': [graphQLSchema]
[2021-07-22 09:34:30] - Retrieved dependent beans for bean 'graphQLSchema': [graphQLSchemaProvider]
[2021-07-22 09:34:30] - Retrieved dependent beans for bean 'graphQLSchemaProvider': [invocationInputFactory]
[2021-07-22 09:34:30] - Retrieved dependent beans for bean 'invocationInputFactory': [graphQLHttpServlet, graphQLWebsocketServlet]
[2021-07-22 09:34:30] - Retrieved dependent beans for bean 'graphQLHttpServlet': [graphQLServletRegistrationBean]
[2021-07-22 09:34:30] - Retrieved dependent beans for bean 'graphQLWebsocketServlet': [serverEndpointRegistration]
[2021-07-22 09:34:30] - Retrieved dependent beans for bean 'userServiceImpl': [userController]
[2021-07-22 09:34:30] - Retrieved dependent beans for bean '(inner bean)#3cc2e3e': [userRepository]
[2021-07-22 09:34:30] - Retrieved dependent beans for bean '(inner bean)#4e14d520': [(inner bean)#3cc2e3e]
[2021-07-22 09:34:30] - Invoking destroy method 'close' on bean with name '(inner bean)#33e4068'
[2021-07-22 09:34:30] - Retrieved dependent beans for bean 'jpaMappingContext': [courseRepository]
[2021-07-22 09:34:30] - Retrieved dependent beans for bean 'courseRepository': [courseResolver, courseServiceImpl]
[2021-07-22 09:34:30] - Retrieved dependent beans for bean 'courseServiceImpl': [courseController]
[2021-07-22 09:34:30] - Retrieved dependent beans for bean '(inner bean)#3f36e8d1': [courseRepository]
[2021-07-22 09:34:30] - Retrieved dependent beans for bean '(inner bean)#340d6d89': [(inner bean)#3f36e8d1]
[2021-07-22 09:34:30] - Invoking destroy method 'close' on bean with name '(inner bean)#71b639d0'
