[2021-07-29 11:06:51] - No alter strings for table : course
[2021-07-29 11:06:51] - No alter strings for table : user
[2021-07-29 11:06:51] - No alter strings for table : user_course
[2021-07-29 11:06:51] - HHH000490: Using JtaPlatform implementation: [org.hibernate.engine.transaction.jta.platform.internal.NoJtaPlatform]
[2021-07-29 11:06:51] - Checking 0 named HQL queries
[2021-07-29 11:06:51] - Checking 0 named SQL queries
[2021-07-29 11:06:51] - Initializing SessionFactoryRegistry : org.hibernate.internal.SessionFactoryRegistry@4e6280de
[2021-07-29 11:06:51] - Registering SessionFactory: bc929258-5ff8-4540-8833-e1ee1d500f7e (<unnamed>)
[2021-07-29 11:06:51] - Not binding SessionFactory to JNDI, no JNDI name configured
[2021-07-29 11:06:51] - Initialized JPA EntityManagerFactory for persistence unit 'default'
[2021-07-29 11:06:51] - Creating shared instance of singleton bean 'jpaMappingContext'
[2021-07-29 11:06:51] - Initializing JpaMetamodelMappingContext…
[2021-07-29 11:06:51] - Finished initializing JpaMetamodelMappingContext!
[2021-07-29 11:06:51] - Creating new EntityManager for shared EntityManager invocation
[2021-07-29 11:06:51] - Statistics initialized [enabled=false]
[2021-07-29 11:06:51] - Creating new EntityManager for shared EntityManager invocation
[2021-07-29 11:06:51] - Initializing repository instance for com.anu.springunijpa.repository.CourseRepository…
[2021-07-29 11:06:51] - Creating new EntityManager for shared EntityManager invocation
[2021-07-29 11:06:51] - Looking up query for method findByCourseLeader
[2021-07-29 11:06:51] - Looking up named query Course.findByCourseLeader
[2021-07-29 11:06:51] - On TransactionImpl creation, JpaCompliance#isJpaTransactionComplianceEnabled == false
[2021-07-29 11:06:51] - Did not find named query Course.findByCourseLeader
[2021-07-29 11:06:51] - Creating new EntityManager for shared EntityManager invocation
[2021-07-29 11:06:51] - Looking up query for method findByCourseName
[2021-07-29 11:06:51] - Looking up named query Course.findByCourseName
[2021-07-29 11:06:51] - On TransactionImpl creation, JpaCompliance#isJpaTransactionComplianceEnabled == false
[2021-07-29 11:06:51] - Did not find named query Course.findByCourseName
[2021-07-29 11:06:51] - Creating new EntityManager for shared EntityManager invocation
[2021-07-29 11:06:51] - Finished creation of repository instance for {}.
[2021-07-29 11:06:51] - Creating shared instance of singleton bean 'courseResolver'
[2021-07-29 11:06:51] - Creating shared instance of singleton bean 'userMutationResolver'
[2021-07-29 11:06:51] - Creating shared instance of singleton bean 'userRepository'
[2021-07-29 11:06:51] - Creating new EntityManager for shared EntityManager invocation
[2021-07-29 11:06:51] - Initializing repository instance for com.anu.springunijpa.repository.UserRepository…
[2021-07-29 11:06:51] - Creating new EntityManager for shared EntityManager invocation
[2021-07-29 11:06:51] - Looking up query for method findByUserName
[2021-07-29 11:06:51] - Looking up named query User.findByUserName
[2021-07-29 11:06:51] - On TransactionImpl creation, JpaCompliance#isJpaTransactionComplianceEnabled == false
[2021-07-29 11:06:51] - Did not find named query User.findByUserName
[2021-07-29 11:06:51] - Creating new EntityManager for shared EntityManager invocation
[2021-07-29 11:06:51] - Looking up query for method findByUserTel
[2021-07-29 11:06:51] - Looking up named query User.findByUserTel
[2021-07-29 11:06:51] - On TransactionImpl creation, JpaCompliance#isJpaTransactionComplianceEnabled == false
[2021-07-29 11:06:51] - Did not find named query User.findByUserTel
[2021-07-29 11:06:51] - Creating new EntityManager for shared EntityManager invocation
[2021-07-29 11:06:51] - Looking up query for method findByUserIdOrUserName
[2021-07-29 11:06:51] - Looking up named query User.findByUserIdOrUserName
[2021-07-29 11:06:51] - On TransactionImpl creation, JpaCompliance#isJpaTransactionComplianceEnabled == false
[2021-07-29 11:06:51] - Did not find named query User.findByUserIdOrUserName
[2021-07-29 11:06:51] - Creating new EntityManager for shared EntityManager invocation
[2021-07-29 11:06:51] - Looking up query for method findByUserIdOrUserNameOrUserTel
[2021-07-29 11:06:51] - Looking up named query User.findByUserIdOrUserNameOrUserTel
[2021-07-29 11:06:51] - On TransactionImpl creation, JpaCompliance#isJpaTransactionComplianceEnabled == false
[2021-07-29 11:06:51] - Did not find named query User.findByUserIdOrUserNameOrUserTel
[2021-07-29 11:06:51] - Creating new EntityManager for shared EntityManager invocation
[2021-07-29 11:06:51] - Finished creation of repository instance for {}.
[2021-07-29 11:06:51] - Creating shared instance of singleton bean 'userResolver'
[2021-07-29 11:06:51] - Creating shared instance of singleton bean 'schemaStringProvider'
[2021-07-29 11:06:51] - Autowiring by type from bean name 'schemaParser' via factory method to bean named 'courseMutationResolver'
[2021-07-29 11:06:51] - Autowiring by type from bean name 'schemaParser' via factory method to bean named 'courseResolver'
[2021-07-29 11:06:51] - Autowiring by type from bean name 'schemaParser' via factory method to bean named 'userMutationResolver'
[2021-07-29 11:06:51] - Autowiring by type from bean name 'schemaParser' via factory method to bean named 'userResolver'
[2021-07-29 11:06:51] - Autowiring by type from bean name 'schemaParser' via factory method to bean named 'schemaStringProvider'
[2021-07-29 11:06:53] - Schema type was defined but can never be accessed, and can be safely deleted: UserCourse
[2021-07-29 11:06:53] - Autowiring by type from bean name 'graphQLSchema' via factory method to bean named 'schemaParser'
[2021-07-29 11:06:53] - Autowiring by type from bean name 'graphQLSchemaProvider' via factory method to bean named 'graphQLSchema'
[2021-07-29 11:06:53] - Autowiring by type from bean name 'invocationInputFactory' via factory method to bean named 'graphQLSchemaProvider'
[2021-07-29 11:06:53] - Creating shared instance of singleton bean 'queryInvoker'
[2021-07-29 11:06:53] - Creating shared instance of singleton bean 'executionStrategyProvider'
[2021-07-29 11:06:53] - Autowiring by type from bean name 'queryInvoker' via factory method to bean named 'executionStrategyProvider'
[2021-07-29 11:06:53] - Creating shared instance of singleton bean 'graphQLObjectMapper'
[2021-07-29 11:06:53] - Autowiring by type from bean name 'graphQLHttpServlet' via factory method to bean named 'invocationInputFactory'
[2021-07-29 11:06:53] - Autowiring by type from bean name 'graphQLHttpServlet' via factory method to bean named 'queryInvoker'
[2021-07-29 11:06:53] - Autowiring by type from bean name 'graphQLHttpServlet' via factory method to bean named 'graphQLObjectMapper'
[2021-07-29 11:06:53] - Autowiring by type from bean name 'graphQLServletRegistrationBean' via factory method to bean named 'graphQLHttpServlet'
[2021-07-29 11:06:53] - Creating shared instance of singleton bean 'requestContextFilter'
[2021-07-29 11:06:53] - Creating shared instance of singleton bean 'formContentFilter'
[2021-07-29 11:06:53] - Creating shared instance of singleton bean 'org.springframework.boot.autoconfigure.web.servlet.WebMvcAutoConfiguration'
[2021-07-29 11:06:53] - Creating shared instance of singleton bean 'corsConfigurer'
[2021-07-29 11:06:53] - Creating shared instance of singleton bean 'characterEncodingFilter'
[2021-07-29 11:06:53] - Mapping filters: characterEncodingFilter urls=[/*] order=-2147483648, formContentFilter urls=[/*] order=-9900, requestContextFilter urls=[/*] order=-105, corsConfigurer urls=[/*] order=2147483647
[2021-07-29 11:06:53] - Mapping servlets: dispatcherServlet urls=[/], simpleGraphQLHttpServlet urls=[/graphql/*]
[2021-07-29 11:06:53] - Filter 'requestContextFilter' configured for use
[2021-07-29 11:06:53] - Filter 'corsConfigurer' configured for use
[2021-07-29 11:06:53] - Filter 'characterEncodingFilter' configured for use
[2021-07-29 11:06:53] - Filter 'formContentFilter' configured for use
[2021-07-29 11:06:53] - Creating shared instance of singleton bean 'springUniJpaApplication'
[2021-07-29 11:06:53] - Creating shared instance of singleton bean 'courseController'
[2021-07-29 11:06:53] - Creating shared instance of singleton bean 'courseServiceImpl'
[2021-07-29 11:06:53] - Creating shared instance of singleton bean 'userController'
[2021-07-29 11:06:53] - Creating shared instance of singleton bean 'userServiceImpl'
[2021-07-29 11:06:53] - Creating shared instance of singleton bean 'globalExceptionHandler'
[2021-07-29 11:06:53] - Creating shared instance of singleton bean 'localDateDeserializer'
[2021-07-29 11:06:53] - Creating shared instance of singleton bean 'localDateSerializer'
[2021-07-29 11:06:53] - Creating shared instance of singleton bean 'org.springframework.boot.autoconfigure.context.PropertyPlaceholderAutoConfiguration'
[2021-07-29 11:06:53] - Creating shared instance of singleton bean 'org.springframework.boot.autoconfigure.websocket.servlet.WebSocketServletAutoConfiguration'
[2021-07-29 11:06:53] - Creating shared instance of singleton bean 'org.springframework.boot.context.properties.EnableConfigurationPropertiesRegistrar.methodValidationExcludeFilter'
[2021-07-29 11:06:53] - Creating shared instance of singleton bean 'org.springframework.boot.autoconfigure.web.servlet.DispatcherServletAutoConfiguration'
[2021-07-29 11:06:53] - Creating shared instance of singleton bean 'org.springframework.boot.autoconfigure.task.TaskExecutionAutoConfiguration'
[2021-07-29 11:06:53] - Creating shared instance of singleton bean 'taskExecutorBuilder'
[2021-07-29 11:06:53] - Creating shared instance of singleton bean 'spring.task.execution-org.springframework.boot.autoconfigure.task.TaskExecutionProperties'
[2021-07-29 11:06:53] - Autowiring by type from bean name 'taskExecutorBuilder' via factory method to bean named 'spring.task.execution-org.springframework.boot.autoconfigure.task.TaskExecutionProperties'
[2021-07-29 11:06:53] - Creating shared instance of singleton bean 'org.springframework.boot.autoconfigure.web.servlet.error.ErrorMvcAutoConfiguration$WhitelabelErrorViewConfiguration'
[2021-07-29 11:06:53] - Creating shared instance of singleton bean 'error'
[2021-07-29 11:06:53] - Creating shared instance of singleton bean 'beanNameViewResolver'
[2021-07-29 11:06:53] - Creating shared instance of singleton bean 'org.springframework.boot.autoconfigure.web.servlet.error.ErrorMvcAutoConfiguration$DefaultErrorViewResolverConfiguration'
[2021-07-29 11:06:53] - Creating shared instance of singleton bean 'spring.resources-org.springframework.boot.autoconfigure.web.ResourceProperties'
[2021-07-29 11:06:53] - Creating shared instance of singleton bean 'spring.web-org.springframework.boot.autoconfigure.web.WebProperties'
[2021-07-29 11:06:53] - Autowiring by type from bean name 'org.springframework.boot.autoconfigure.web.servlet.error.ErrorMvcAutoConfiguration$DefaultErrorViewResolverConfiguration' via constructor to bean named 'org.springframework.boot.web.servlet.context.AnnotationConfigServletWebServerApplicationContext@23aa363a'
[2021-07-29 11:06:53] - Autowiring by type from bean name 'org.springframework.boot.autoconfigure.web.servlet.error.ErrorMvcAutoConfiguration$DefaultErrorViewResolverConfiguration' via constructor to bean named 'spring.resources-org.springframework.boot.autoconfigure.web.ResourceProperties'
[2021-07-29 11:06:53] - Autowiring by type from bean name 'org.springframework.boot.autoconfigure.web.servlet.error.ErrorMvcAutoConfiguration$DefaultErrorViewResolverConfiguration' via constructor to bean named 'spring.web-org.springframework.boot.autoconfigure.web.WebProperties'
[2021-07-29 11:06:53] - Creating shared instance of singleton bean 'conventionErrorViewResolver'
[2021-07-29 11:06:53] - Creating shared instance of singleton bean 'errorAttributes'
[2021-07-29 11:06:53] - Creating shared instance of singleton bean 'basicErrorController'
[2021-07-29 11:06:53] - Autowiring by type from bean name 'basicErrorController' via factory method to bean named 'errorAttributes'
[2021-07-29 11:06:53] - Creating shared instance of singleton bean 'org.springframework.boot.autoconfigure.web.servlet.WebMvcAutoConfiguration$EnableWebMvcConfiguration'
[2021-07-29 11:06:53] - Autowiring by type from bean name 'org.springframework.boot.autoconfigure.web.servlet.WebMvcAutoConfiguration$EnableWebMvcConfiguration' via constructor to bean named 'spring.resources-org.springframework.boot.autoconfigure.web.ResourceProperties'
[2021-07-29 11:06:53] - Autowiring by type from bean name 'org.springframework.boot.autoconfigure.web.servlet.WebMvcAutoConfiguration$EnableWebMvcConfiguration' via constructor to bean named 'spring.mvc-org.springframework.boot.autoconfigure.web.servlet.WebMvcProperties'
[2021-07-29 11:06:53] - Autowiring by type from bean name 'org.springframework.boot.autoconfigure.web.servlet.WebMvcAutoConfiguration$EnableWebMvcConfiguration' via constructor to bean named 'spring.web-org.springframework.boot.autoconfigure.web.WebProperties'
