[2021-07-21 16:56:08] - Starting SpringUniJpaApplication using Java 16.0.1 on anuththara-VivoBook-ASUSLaptop-X509JB-X509JB with PID 29179 (/home/anuththara/IdeaProjects/spring-uni-jpa/target/classes started by anuththara in /home/anuththara/IdeaProjects/spring-uni-jpa)
[2021-07-21 16:56:08] - No active profile set, falling back to default profiles: default
[2021-07-21 16:56:08] - Bootstrapping Spring Data JPA repositories in DEFAULT mode.
[2021-07-21 16:56:08] - Finished Spring Data repository scanning in 23 ms. Found 2 JPA repository interfaces.
[2021-07-21 16:56:08] - Tomcat initialized with port(s): 8080 (http)
[2021-07-21 16:56:08] - Initializing ProtocolHandler ["http-nio-8080"]
[2021-07-21 16:56:08] - Starting service [Tomcat]
[2021-07-21 16:56:08] - Starting Servlet engine: [Apache Tomcat/9.0.48]
[2021-07-21 16:56:08] - Initializing Spring embedded WebApplicationContext
[2021-07-21 16:56:08] - Root WebApplicationContext: initialization completed in 686 ms
[2021-07-21 16:56:08] - HHH000204: Processing PersistenceUnitInfo [name: default]
[2021-07-21 16:56:08] - HHH000412: Hibernate ORM core version 5.4.32.Final
[2021-07-21 16:56:08] - HCANN000001: Hibernate Commons Annotations {5.1.2.Final}
[2021-07-21 16:56:08] - HikariPool-1 - Starting...
[2021-07-21 16:56:08] - Registered driver with driverClassName=com.mysql.jdbc.Driver was not found, trying direct instantiation.
[2021-07-21 16:56:09] - HikariPool-1 - Start completed.
[2021-07-21 16:56:09] - HHH000400: Using dialect: org.hibernate.dialect.MySQL5Dialect
[2021-07-21 16:56:09] - HHH000490: Using JtaPlatform implementation: [org.hibernate.engine.transaction.jta.platform.internal.NoJtaPlatform]
[2021-07-21 16:56:09] - Initialized JPA EntityManagerFactory for persistence unit 'default'
[2021-07-21 16:56:09] - spring.jpa.open-in-view is enabled by default. Therefore, database queries may be performed during view rendering. Explicitly configure spring.jpa.open-in-view to disable this warning
[2021-07-21 16:56:10] - Starting ProtocolHandler ["http-nio-8080"]
[2021-07-21 16:56:10] - Tomcat started on port(s): 8080 (http) with context path ''
[2021-07-21 16:56:10] - Started SpringUniJpaApplication in 2.306 seconds (JVM running for 3.113)
[2021-07-21 17:00:26] - Closing JPA EntityManagerFactory for persistence unit 'default'
[2021-07-21 17:00:26] - HikariPool-1 - Shutdown initiated...
[2021-07-21 17:00:26] - HikariPool-1 - Shutdown completed.
[2021-07-21 17:01:44] - Starting SpringUniJpaApplication using Java 16.0.1 on anuththara-VivoBook-ASUSLaptop-X509JB-X509JB with PID 29634 (/home/anuththara/IdeaProjects/spring-uni-jpa/target/classes started by anuththara in /home/anuththara/IdeaProjects/spring-uni-jpa)
[2021-07-21 17:01:44] - No active profile set, falling back to default profiles: default
[2021-07-21 17:01:44] - Bootstrapping Spring Data JPA repositories in DEFAULT mode.
[2021-07-21 17:01:44] - Finished Spring Data repository scanning in 23 ms. Found 2 JPA repository interfaces.
[2021-07-21 17:01:45] - Tomcat initialized with port(s): 8080 (http)
[2021-07-21 17:01:45] - Initializing ProtocolHandler ["http-nio-8080"]
[2021-07-21 17:01:45] - Starting service [Tomcat]
[2021-07-21 17:01:45] - Starting Servlet engine: [Apache Tomcat/9.0.48]
[2021-07-21 17:01:45] - Initializing Spring embedded WebApplicationContext
[2021-07-21 17:01:45] - Root WebApplicationContext: initialization completed in 889 ms
[2021-07-21 17:01:45] - HHH000204: Processing PersistenceUnitInfo [name: default]
[2021-07-21 17:01:45] - HHH000412: Hibernate ORM core version 5.4.32.Final
[2021-07-21 17:01:45] - HCANN000001: Hibernate Commons Annotations {5.1.2.Final}
[2021-07-21 17:01:45] - HikariPool-1 - Starting...
[2021-07-21 17:01:45] - Registered driver with driverClassName=com.mysql.jdbc.Driver was not found, trying direct instantiation.
[2021-07-21 17:01:45] - HikariPool-1 - Start completed.
[2021-07-21 17:01:45] - HHH000400: Using dialect: org.hibernate.dialect.MySQL5Dialect
[2021-07-21 17:01:45] - HHH000490: Using JtaPlatform implementation: [org.hibernate.engine.transaction.jta.platform.internal.NoJtaPlatform]
[2021-07-21 17:01:45] - Initialized JPA EntityManagerFactory for persistence unit 'default'
[2021-07-21 17:01:46] - spring.jpa.open-in-view is enabled by default. Therefore, database queries may be performed during view rendering. Explicitly configure spring.jpa.open-in-view to disable this warning
[2021-07-21 17:01:46] - Starting ProtocolHandler ["http-nio-8080"]
[2021-07-21 17:01:46] - Tomcat started on port(s): 8080 (http) with context path ''
[2021-07-21 17:01:46] - Started SpringUniJpaApplication in 2.763 seconds (JVM running for 3.505)
[2021-07-21 17:01:54] - Closing JPA EntityManagerFactory for persistence unit 'default'
[2021-07-21 17:01:54] - HikariPool-1 - Shutdown initiated...
[2021-07-21 17:01:54] - HikariPool-1 - Shutdown completed.
[2021-07-21 17:01:56] - Starting SpringUniJpaApplication using Java 16.0.1 on anuththara-VivoBook-ASUSLaptop-X509JB-X509JB with PID 29756 (/home/anuththara/IdeaProjects/spring-uni-jpa/target/classes started by anuththara in /home/anuththara/IdeaProjects/spring-uni-jpa)
[2021-07-21 17:01:56] - No active profile set, falling back to default profiles: default
[2021-07-21 17:01:57] - Bootstrapping Spring Data JPA repositories in DEFAULT mode.
[2021-07-21 17:01:57] - Finished Spring Data repository scanning in 24 ms. Found 2 JPA repository interfaces.
[2021-07-21 17:01:57] - Tomcat initialized with port(s): 8080 (http)
[2021-07-21 17:01:57] - Initializing ProtocolHandler ["http-nio-8080"]
[2021-07-21 17:01:57] - Starting service [Tomcat]
[2021-07-21 17:01:57] - Starting Servlet engine: [Apache Tomcat/9.0.48]
[2021-07-21 17:01:57] - Initializing Spring embedded WebApplicationContext
[2021-07-21 17:01:57] - Root WebApplicationContext: initialization completed in 751 ms
[2021-07-21 17:01:57] - HHH000204: Processing PersistenceUnitInfo [name: default]
[2021-07-21 17:01:57] - HHH000412: Hibernate ORM core version 5.4.32.Final
[2021-07-21 17:01:57] - HCANN000001: Hibernate Commons Annotations {5.1.2.Final}
[2021-07-21 17:01:57] - HikariPool-1 - Starting...
[2021-07-21 17:01:57] - Registered driver with driverClassName=com.mysql.jdbc.Driver was not found, trying direct instantiation.
[2021-07-21 17:01:58] - HikariPool-1 - Start completed.
[2021-07-21 17:01:58] - HHH000400: Using dialect: org.hibernate.dialect.MySQL5Dialect
[2021-07-21 17:01:58] - HHH000490: Using JtaPlatform implementation: [org.hibernate.engine.transaction.jta.platform.internal.NoJtaPlatform]
[2021-07-21 17:01:58] - Initialized JPA EntityManagerFactory for persistence unit 'default'
[2021-07-21 17:01:58] - spring.jpa.open-in-view is enabled by default. Therefore, database queries may be performed during view rendering. Explicitly configure spring.jpa.open-in-view to disable this warning
[2021-07-21 17:01:58] - Starting ProtocolHandler ["http-nio-8080"]
[2021-07-21 17:01:58] - Tomcat started on port(s): 8080 (http) with context path ''
[2021-07-21 17:01:58] - Started SpringUniJpaApplication in 2.457 seconds (JVM running for 3.133)
[2021-07-21 17:02:12] - Initializing Spring DispatcherServlet 'dispatcherServlet'
[2021-07-21 17:02:12] - Initializing Servlet 'dispatcherServlet'
[2021-07-21 17:02:12] - Completed initialization in 2 ms
[2021-07-21 17:02:12] - info: View user method
[2021-07-21 17:02:12] - error: View user method
[2021-07-21 17:02:12] - warn : View user method
[2021-07-21 17:02:27] - info: View user method
[2021-07-21 17:02:27] - error: View user method
[2021-07-21 17:02:27] - warn : View user method
[2021-07-21 17:02:36] - Error message
[2021-07-21 17:02:36] - Warning message
[2021-07-21 17:02:36] - Info message
[2021-07-21 17:03:32] - Closing JPA EntityManagerFactory for persistence unit 'default'
[2021-07-21 17:03:32] - HikariPool-1 - Shutdown initiated...
[2021-07-21 17:03:32] - HikariPool-1 - Shutdown completed.
[2021-07-21 17:03:37] - Starting SpringUniJpaApplication using Java 16.0.1 on anuththara-VivoBook-ASUSLaptop-X509JB-X509JB with PID 30016 (/home/anuththara/IdeaProjects/spring-uni-jpa/target/classes started by anuththara in /home/anuththara/IdeaProjects/spring-uni-jpa)
[2021-07-21 17:03:37] - No active profile set, falling back to default profiles: default
[2021-07-21 17:03:37] - Bootstrapping Spring Data JPA repositories in DEFAULT mode.
[2021-07-21 17:03:37] - Finished Spring Data repository scanning in 24 ms. Found 2 JPA repository interfaces.
[2021-07-21 17:03:37] - Tomcat initialized with port(s): 8080 (http)
[2021-07-21 17:03:37] - Initializing ProtocolHandler ["http-nio-8080"]
[2021-07-21 17:03:37] - Starting service [Tomcat]
[2021-07-21 17:03:37] - Starting Servlet engine: [Apache Tomcat/9.0.48]
[2021-07-21 17:03:37] - Initializing Spring embedded WebApplicationContext
[2021-07-21 17:03:37] - Root WebApplicationContext: initialization completed in 788 ms
[2021-07-21 17:03:38] - HHH000204: Processing PersistenceUnitInfo [name: default]
[2021-07-21 17:03:38] - HHH000412: Hibernate ORM core version 5.4.32.Final
[2021-07-21 17:03:38] - HCANN000001: Hibernate Commons Annotations {5.1.2.Final}
[2021-07-21 17:03:38] - HikariPool-1 - Starting...
[2021-07-21 17:03:38] - Registered driver with driverClassName=com.mysql.jdbc.Driver was not found, trying direct instantiation.
[2021-07-21 17:03:38] - HikariPool-1 - Start completed.
[2021-07-21 17:03:38] - HHH000400: Using dialect: org.hibernate.dialect.MySQL5Dialect
[2021-07-21 17:03:38] - HHH000490: Using JtaPlatform implementation: [org.hibernate.engine.transaction.jta.platform.internal.NoJtaPlatform]
[2021-07-21 17:03:38] - Initialized JPA EntityManagerFactory for persistence unit 'default'
[2021-07-21 17:03:39] - spring.jpa.open-in-view is enabled by default. Therefore, database queries may be performed during view rendering. Explicitly configure spring.jpa.open-in-view to disable this warning
[2021-07-21 17:03:39] - Starting ProtocolHandler ["http-nio-8080"]
[2021-07-21 17:03:39] - Tomcat started on port(s): 8080 (http) with context path ''
[2021-07-21 17:03:39] - Started SpringUniJpaApplication in 2.524 seconds (JVM running for 3.196)
[2021-07-21 17:03:57] - Initializing Spring DispatcherServlet 'dispatcherServlet'
[2021-07-21 17:03:57] - Initializing Servlet 'dispatcherServlet'
[2021-07-21 17:03:57] - Completed initialization in 1 ms
[2021-07-21 17:03:57] - Error message
