[2021-07-22 12:08:19] - Automatic flush during beforeCompletion(): enabled
[2021-07-22 12:08:19] - Automatic session close at end of transaction: disabled
[2021-07-22 12:08:19] - Statistics: disabled
[2021-07-22 12:08:19] - Deleted entity synthetic identifier rollback: disabled
[2021-07-22 12:08:19] - Default entity-mode: pojo
[2021-07-22 12:08:19] - Check Nullability in Core (should be disabled when Bean Validation is on): enabled
[2021-07-22 12:08:19] - Allow initialization of lazy state outside session : disabled
[2021-07-22 12:08:19] - Using BatchFetchStyle : LEGACY
[2021-07-22 12:08:19] - Default batch fetch size: -1
[2021-07-22 12:08:19] - Maximum outer join fetch depth: 2
[2021-07-22 12:08:19] - Default null ordering: NONE
[2021-07-22 12:08:19] - Order SQL updates by primary key: disabled
[2021-07-22 12:08:19] - Order SQL inserts for batching: disabled
[2021-07-22 12:08:19] - multi-tenancy strategy : NONE
[2021-07-22 12:08:19] - JTA Track by Thread: enabled
[2021-07-22 12:08:19] - Query language substitutions: {}
[2021-07-22 12:08:19] - Named query checking : enabled
[2021-07-22 12:08:19] - Second-level cache: disabled
[2021-07-22 12:08:19] - Second-level query cache: disabled
[2021-07-22 12:08:19] - Second-level query cache factory: null
[2021-07-22 12:08:19] - Second-level cache region prefix: null
[2021-07-22 12:08:19] - Optimize second-level cache for minimal puts: disabled
[2021-07-22 12:08:19] - Structured second-level cache entries: disabled
[2021-07-22 12:08:19] - Second-level cache direct-reference entries: disabled
[2021-07-22 12:08:19] - Automatic eviction of collection cache: disabled
[2021-07-22 12:08:19] - JDBC batch size: 15
[2021-07-22 12:08:19] - JDBC batch updates for versioned data: enabled
[2021-07-22 12:08:19] - Scrollable result sets: enabled
[2021-07-22 12:08:19] - Wrap result sets: disabled
[2021-07-22 12:08:19] - JDBC3 getGeneratedKeys(): enabled
[2021-07-22 12:08:19] - JDBC result set fetch size: null
[2021-07-22 12:08:19] - Connection release mode: ON_CLOSE
[2021-07-22 12:08:19] - Generate SQL with comments: disabled
[2021-07-22 12:08:19] - JPA compliance - query : disabled
[2021-07-22 12:08:19] - JPA compliance - closed-handling : disabled
[2021-07-22 12:08:19] - JPA compliance - lists : disabled
[2021-07-22 12:08:19] - JPA compliance - transactions : disabled
[2021-07-22 12:08:19] - HikariPool-1 - Pool stats (total=1, active=0, idle=1, waiting=0)
[2021-07-22 12:08:19] - Session factory constructed with filter configurations : {}
[2021-07-22 12:08:19] - Instantiating session factory with properties: {hibernate.id.new_generator_mappings=true, java.specification.version=16, hibernate.resource.beans.container=org.springframework.orm.hibernate5.SpringBeanContainer@2bfc8558, hibernate.connection.handling_mode=DELAYED_ACQUISITION_AND_HOLD, sun.jnu.encoding=UTF-8, hibernate.dialect=org.hibernate.dialect.MySQL5Dialect, hibernate.implicit_naming_strategy=org.springframework.boot.orm.jpa.hibernate.SpringImplicitNamingStrategy, java.class.path=/home/anuththara/IdeaProjects/spring-uni-jpa/target/classes:/home/anuththara/.m2/repository/org/springframework/boot/spring-boot-starter-data-jpa/2.5.2/spring-boot-starter-data-jpa-2.5.2.jar:/home/anuththara/.m2/repository/org/springframework/boot/spring-boot-starter-aop/2.5.2/spring-boot-starter-aop-2.5.2.jar:/home/anuththara/.m2/repository/org/springframework/spring-aop/5.3.8/spring-aop-5.3.8.jar:/home/anuththara/.m2/repository/org/aspectj/aspectjweaver/1.9.6/aspectjweaver-1.9.6.jar:/home/anuththara/.m2/repository/org/springframework/boot/spring-boot-starter-jdbc/2.5.2/spring-boot-starter-jdbc-2.5.2.jar:/home/anuththara/.m2/repository/com/zaxxer/HikariCP/4.0.3/HikariCP-4.0.3.jar:/home/anuththara/.m2/repository/org/springframework/spring-jdbc/5.3.8/spring-jdbc-5.3.8.jar:/home/anuththara/.m2/repository/jakarta/transaction/jakarta.transaction-api/1.3.3/jakarta.transaction-api-1.3.3.jar:/home/anuththara/.m2/repository/jakarta/persistence/jakarta.persistence-api/2.2.3/jakarta.persistence-api-2.2.3.jar:/home/anuththara/.m2/repository/org/hibernate/hibernate-core/5.4.32.Final/hibernate-core-5.4.32.Final.jar:/home/anuththara/.m2/repository/org/jboss/logging/jboss-logging/3.4.2.Final/jboss-logging-3.4.2.Final.jar:/home/anuththara/.m2/repository/org/javassist/javassist/3.27.0-GA/javassist-3.27.0-GA.jar:/home/anuththara/.m2/repository/net/bytebuddy/byte-buddy/1.10.22/byte-buddy-1.10.22.jar:/home/anuththara/.m2/repository/antlr/antlr/2.7.7/antlr-2.7.7.jar:/home/anuththara/.m2/repository/org/jboss/jandex/2.2.3.Final/jandex-2.2.3.Final.jar:/home/anuththara/.m2/repository/com/fasterxml/classmate/1.5.1/classmate-1.5.1.jar:/home/anuththara/.m2/repository/org/dom4j/dom4j/2.1.3/dom4j-2.1.3.jar:/home/anuththara/.m2/repository/org/hibernate/common/hibernate-commons-annotations/5.1.2.Final/hibernate-commons-annotations-5.1.2.Final.jar:/home/anuththara/.m2/repository/org/glassfish/jaxb/jaxb-runtime/2.3.4/jaxb-runtime-2.3.4.jar:/home/anuththara/.m2/repository/org/glassfish/jaxb/txw2/2.3.4/txw2-2.3.4.jar:/home/anuththara/.m2/repository/com/sun/istack/istack-commons-runtime/3.0.12/istack-commons-runtime-3.0.12.jar:/home/anuththara/.m2/repository/com/sun/activation/jakarta.activation/1.2.2/jakarta.activation-1.2.2.jar:/home/anuththara/.m2/repository/org/springframework/data/spring-data-jpa/2.5.2/spring-data-jpa-2.5.2.jar:/home/anuththara/.m2/repository/org/springframework/data/spring-data-commons/2.5.2/spring-data-commons-2.5.2.jar:/home/anuththara/.m2/repository/org/springframework/spring-orm/5.3.8/spring-orm-5.3.8.jar:/home/anuththara/.m2/repository/org/springframework/spring-context/5.3.8/spring-context-5.3.8.jar:/home/anuththara/.m2/repository/org/springframework/spring-tx/5.3.8/spring-tx-5.3.8.jar:/home/anuththara/.m2/repository/org/springframework/spring-beans/5.3.8/spring-beans-5.3.8.jar:/home/anuththara/.m2/repository/org/springframework/spring-aspects/5.3.8/spring-aspects-5.3.8.jar:/home/anuththara/.m2/repository/org/springframework/boot/spring-boot-starter-web/2.5.2/spring-boot-starter-web-2.5.2.jar:/home/anuththara/.m2/repository/org/springframework/boot/spring-boot-starter/2.5.2/spring-boot-starter-2.5.2.jar:/home/anuththara/.m2/repository/org/springframework/boot/spring-boot/2.5.2/spring-boot-2.5.2.jar:/home/anuththara/.m2/repository/org/springframework/boot/spring-boot-autoconfigure/2.5.2/spring-boot-autoconfigure-2.5.2.jar:/home/anuththara/.m2/repository/org/springframework/boot/spring-boot-starter-logging/2.5.2/spring-boot-starter-logging-2.5.2.jar:/home/anuththara/.m2/repository/ch/qos/logback/logback-classic/1.2.3/logback-classic-1.2.3.jar:/home/anuththara/.m2/repository/ch/qos/logback/logback-core/1.2.3/logback-core-1.2.3.jar:/home/anuththara/.m2/repository/org/apache/logging/log4j/log4j-to-slf4j/2.14.1/log4j-to-slf4j-2.14.1.jar:/home/anuththara/.m2/repository/org/apache/logging/log4j/log4j-api/2.14.1/log4j-api-2.14.1.jar:/home/anuththara/.m2/repository/org/slf4j/jul-to-slf4j/1.7.31/jul-to-slf4j-1.7.31.jar:/home/anuththara/.m2/repository/jakarta/annotation/jakarta.annotation-api/1.3.5/jakarta.annotation-api-1.3.5.jar:/home/anuththara/.m2/repository/org/yaml/snakeyaml/1.28/snakeyaml-1.28.jar:/home/anuththara/.m2/repository/org/springframework/boot/spring-boot-starter-json/2.5.2/spring-boot-starter-json-2.5.2.jar:/home/anuththara/.m2/repository/com/fasterxml/jackson/datatype/jackson-datatype-jsr310/2.12.3/jackson-datatype-jsr310-2.12.3.jar:/home/anuththara/.m2/repository/com/fasterxml/jackson/module/jackson-module-parameter-names/2.12.3/jackson-module-parameter-names-2.12.3.jar:/home/anuththara/.m2/repository/org/springframework/boot/spring-boot-starter-tomcat/2.5.2/spring-boot-starter-tomcat-2.5.2.jar:/home/anuththara/.m2/repository/org/apache/tomcat/embed/tomcat-embed-core/9.0.48/tomcat-embed-core-9.0.48.jar:/home/anuththara/.m2/repository/org/apache/tomcat/embed/tomcat-embed-el/9.0.48/tomcat-embed-el-9.0.48.jar:/home/anuththara/.m2/repository/org/apache/tomcat/embed/tomcat-embed-websocket/9.0.48/tomcat-embed-websocket-9.0.48.jar:/home/anuththara/.m2/repository/org/springframework/spring-web/5.3.8/spring-web-5.3.8.jar:/home/anuththara/.m2/repository/org/springframework/spring-webmvc/5.3.8/spring-webmvc-5.3.8.jar:/home/anuththara/.m2/repository/org/springframework/spring-expression/5.3.8/spring-expression-5.3.8.jar:/home/anuththara/.m2/repository/mysql/mysql-connector-java/8.0.25/mysql-connector-java-8.0.25.jar:/home/anuththara/.m2/repository/org/projectlombok/lombok/1.18.20/lombok-1.18.20.jar:/home/anuththara/.m2/repository/jakarta/xml/bind/jakarta.xml.bind-api/2.3.3/jakarta.xml.bind-api-2.3.3.jar:/home/anuththara/.m2/repository/jakarta/activation/jakarta.activation-api/1.2.2/jakarta.activation-api-1.2.2.jar:/home/anuththara/.m2/repository/org/springframework/spring-core/5.3.8/spring-core-5.3.8.jar:/home/anuththara/.m2/repository/org/springframework/spring-jcl/5.3.8/spring-jcl-5.3.8.jar:/home/anuththara/.m2/repository/com/graphql-java/graphql-spring-boot-starter/5.0.2/graphql-spring-boot-starter-5.0.2.jar:/home/anuththara/.m2/repository/com/graphql-java/graphql-spring-boot-autoconfigure/5.0.2/graphql-spring-boot-autoconfigure-5.0.2.jar:/home/anuththara/.m2/repository/org/springframework/boot/spring-boot-configuration-processor/2.5.2/spring-boot-configuration-processor-2.5.2.jar:/home/anuththara/.m2/repository/org/springframework/boot/spring-boot-starter-websocket/2.5.2/spring-boot-starter-websocket-2.5.2.jar:/home/anuththara/.m2/repository/org/springframework/spring-messaging/5.3.8/spring-messaging-5.3.8.jar:/home/anuththara/.m2/repository/org/springframework/spring-websocket/5.3.8/spring-websocket-5.3.8.jar:/home/anuththara/.m2/repository/com/graphql-java/graphql-java-servlet/6.1.2/graphql-java-servlet-6.1.2.jar:/home/anuththara/.m2/repository/javax/servlet/javax.servlet-api/4.0.1/javax.servlet-api-4.0.1.jar:/home/anuththara/.m2/repository/javax/websocket/javax.websocket-api/1.1/javax.websocket-api-1.1.jar:/home/anuththara/.m2/repository/commons-io/commons-io/2.6/commons-io-2.6.jar:/home/anuththara/.m2/repository/com/graphql-java/graphql-java-tools/5.2.4/graphql-java-tools-5.2.4.jar:/home/anuththara/.m2/repository/org/jetbrains/kotlin/kotlin-stdlib/1.5.20/kotlin-stdlib-1.5.20.jar:/home/anuththara/.m2/repository/org/jetbrains/annotations/13.0/annotations-13.0.jar:/home/anuththara/.m2/repository/org/jetbrains/kotlin/kotlin-stdlib-common/1.5.20/kotlin-stdlib-common-1.5.20.jar:/home/anuththara/.m2/repository/com/graphql-java/graphql-java/9.2/graphql-java-9.2.jar:/home/anuththara/.m2/repository/org/antlr/antlr4-runtime/4.7.1/antlr4-runtime-4.7.1.jar:/home/anuththara/.m2/repository/com/graphql-java/java-dataloader/2.0.2/java-dataloader-2.0.2.jar:/home/anuththara/.m2/repository/org/reactivestreams/reactive-streams/1.0.3/reactive-streams-1.0.3.jar:/home/anuththara/.m2/repository/com/fasterxml/jackson/core/jackson-core/2.12.3/jackson-core-2.12.3.jar:/home/anuththara/.m2/repository/com/fasterxml/jackson/module/jackson-module-kotlin/2.12.3/jackson-module-kotlin-2.12.3.jar:/home/anuththara/.m2/repository/com/fasterxml/jackson/core/jackson-annotations/2.12.3/jackson-annotations-2.12.3.jar:/home/anuththara/.m2/repository/org/jetbrains/kotlin/kotlin-reflect/1.5.20/kotlin-reflect-1.5.20.jar:/home/anuththara/.m2/repository/com/fasterxml/jackson/datatype/jackson-datatype-jdk8/2.12.3/jackson-datatype-jdk8-2.12.3.jar:/home/anuththara/.m2/repository/com/esotericsoftware/reflectasm/1.11.7/reflectasm-1.11.7.jar:/home/anuththara/.m2/repository/org/apache/commons/commons-lang3/3.12.0/commons-lang3-3.12.0.jar:/home/anuththara/.m2/repository/com/google/guava/guava/26.0-jre/guava-26.0-jre.jar:/home/anuththara/.m2/repository/com/google/code/findbugs/jsr305/3.0.2/jsr305-3.0.2.jar:/home/anuththara/.m2/repository/org/checkerframework/checker-qual/2.5.2/checker-qual-2.5.2.jar:/home/anuththara/.m2/repository/com/google/errorprone/error_prone_annotations/2.1.3/error_prone_annotations-2.1.3.jar:/home/anuththara/.m2/repository/com/google/j2objc/j2objc-annotations/1.1/j2objc-annotations-1.1.jar:/home/anuththara/.m2/repository/org/codehaus/mojo/animal-sniffer-annotations/1.14/animal-sniffer-annotations-1.14.jar:/home/anuththara/.m2/repository/org/slf4j/slf4j-api/1.7.31/slf4j-api-1.7.31.jar:/home/anuththara/.m2/repository/com/fasterxml/jackson/datatype/jackson-datatype-hibernate4/2.4.0/jackson-datatype-hibernate4-2.4.0.jar:/home/anuththara/.m2/repository/com/fasterxml/jackson/core/jackson-databind/2.12.3/jackson-databind-2.12.3.jar, java.vm.vendor=Oracle Corporation, sun.arch.data.model=64, java.vendor.url=https://java.oracle.com/, catalina.useNaming=false, user.timezone=Asia/Colombo, java.vm.specification.version=16, os.name=Linux, javax.persistence.validation.mode=AUTO, sun.java.launcher=SUN_STANDARD, user.country=US, sun.boot.library.path=/usr/lib/jvm/openjdk-16/lib, sun.java.command=com.anu.springunijpa.SpringUniJpaApplication, spring.application.admin.enabled=true, javax.persistence.nonJtaDataSource=HikariDataSource (HikariPool-1), hibernate.transaction.jta.platform=org.hibernate.engine.transaction.jta.platform.internal.NoJtaPlatform@6029f2a4, com.sun.management.jmxremote=, javax.persistence.sharedCache.mode=UNSPECIFIED, jdk.debug=release, spring.liveBeansView.mbeanDomain=, sun.cpu.endian=little, user.home=/home/anuththara, user.language=en, java.specification.vendor=Oracle Corporation, java.version.date=2021-04-20, java.home=/usr/lib/jvm/openjdk-16, file.separator=/, spring.output.ansi.enabled=always, java.vm.compressedOopsMode=32-bit, line.separator=
, java.vm.specification.vendor=Oracle Corporation, java.specification.name=Java Platform API Specification, FILE_LOG_CHARSET=UTF-8, hibernate.transaction.coordinator_class=class org.hibernate.resource.transaction.backend.jdbc.internal.JdbcResourceLocalTransactionCoordinatorBuilderImpl, java.awt.headless=true, hibernate.hbm2ddl.auto=update, sun.management.compiler=HotSpot 64-Bit Tiered Compilers, java.runtime.version=16.0.1+9-24, user.name=anuththara, spring.jmx.enabled=true, path.separator=:, os.version=5.4.0-77-generic, java.runtime.name=OpenJDK Runtime Environment, file.encoding=UTF-8, hibernate.ejb.persistenceUnitName=default, spring.beaninfo.ignore=true, java.vm.name=OpenJDK 64-Bit Server VM, java.vendor.url.bug=https://bugreport.java.com/bugreport/, java.io.tmpdir=/tmp, catalina.home=/tmp/tomcat.8080.15943254926781890761, java.version=16.0.1, hibernate.physical_naming_strategy=org.springframework.boot.orm.jpa.hibernate.SpringPhysicalNamingStrategy, user.dir=/home/anuththara/IdeaProjects/spring-uni-jpa, os.arch=amd64, java.vm.specification.name=Java Virtual Machine Specification, PID=15486, CONSOLE_LOG_CHARSET=UTF-8, catalina.base=/tmp/tomcat.8080.15943254926781890761, hibernate.boot.CfgXmlAccessService.key=org.hibernate.boot.registry.StandardServiceRegistryBuilder$1@42576db9, java.library.path=/usr/java/packages/lib:/usr/lib64:/lib64:/lib:/usr/lib, java.vendor=Oracle Corporation, java.vm.info=mixed mode, sharing, java.vm.version=16.0.1+9-24, hibernate.bytecode.use_reflection_optimizer=false, java.rmi.server.randomIDs=true, sun.io.unicode.encoding=UnicodeLittle, hibernate.archive.scanner=org.hibernate.boot.archive.scan.internal.DisabledScanner, hibernate.connection.datasource=HikariDataSource (HikariPool-1), java.class.version=60.0}
[2021-07-22 12:08:19] - Skipping JACC integration as it was not enabled
[2021-07-22 12:08:19] - Instantiated session factory
[2021-07-22 12:08:19] - Scoping TypeConfiguration [org.hibernate.type.spi.TypeConfiguration@7babed9e] to SessionFactoryImpl [org.hibernate.internal.SessionFactoryImpl@8ac512e]
[2021-07-22 12:08:19] - Not known whether passed class name [com.anu.springunijpa.entity.Course] is safe
[2021-07-22 12:08:19] - No temp ClassLoader provided; using live ClassLoader for loading potentially unsafe class : com.anu.springunijpa.entity.Course
[2021-07-22 12:08:19] - HikariPool-1 - Added connection com.mysql.cj.jdbc.ConnectionImpl@209a3575
[2021-07-22 12:08:19] - Not known whether passed class name [com.anu.springunijpa.entity.User] is safe
[2021-07-22 12:08:19] - No temp ClassLoader provided; using live ClassLoader for loading potentially unsafe class : com.anu.springunijpa.entity.User
[2021-07-22 12:08:19] - HikariPool-1 - Added connection com.mysql.cj.jdbc.ConnectionImpl@188c001
[2021-07-22 12:08:19] - Static SQL for entity: com.anu.springunijpa.entity.Course
[2021-07-22 12:08:19] -  Version select: select course_id from course where course_id =?
[2021-07-22 12:08:19] -  Snapshot select: select course_.course_id, course_.course_leader as course_l2_0_, course_.course_name as course_n3_0_ from course course_ where course_.course_id=?
[2021-07-22 12:08:19] -  Insert 0: insert into course (course_leader, course_name, course_id) values (?, ?, ?)
[2021-07-22 12:08:19] -  Update 0: update course set course_leader=?, course_name=? where course_id=?
[2021-07-22 12:08:19] -  Delete 0: delete from course where course_id=?
[2021-07-22 12:08:19] - Adding QuerySpace : uid = <gen:0> -> org.hibernate.loader.plan.build.internal.spaces.EntityQuerySpaceImpl@1fc5c0b2]
[2021-07-22 12:08:19] - Visiting attribute path : courseLeader
[2021-07-22 12:08:19] - Visiting attribute path : courseName
[2021-07-22 12:08:19] - Building LoadPlan...
[2021-07-22 12:08:19] - processing queryspace <gen:0>
[2021-07-22 12:08:19] - LoadPlan(entity=com.anu.springunijpa.entity.Course)
    - Returns
       - EntityReturnImpl(entity=com.anu.springunijpa.entity.Course, querySpaceUid=<gen:0>, path=com.anu.springunijpa.entity.Course)
    - QuerySpaces
       - EntityQuerySpaceImpl(uid=<gen:0>, entity=com.anu.springunijpa.entity.Course)
          - SQL table alias mapping - course0_
          - alias suffix - 0_
          - suffixed key columns - {course_i1_0_0_}

[2021-07-22 12:08:19] - Static select for entity com.anu.springunijpa.entity.Course [NONE]: select course0_.course_id as course_i1_0_0_, course0_.course_leader as course_l2_0_0_, course0_.course_name as course_n3_0_0_ from course course0_ where course0_.course_id=?
[2021-07-22 12:08:19] - Static SQL for entity: com.anu.springunijpa.entity.User
[2021-07-22 12:08:19] -  Version select: select user_id from user where user_id =?
[2021-07-22 12:08:19] -  Snapshot select: select user_.user_id, user_.date_of_birth as date_of_2_1_, user_.user_name as user_nam3_1_, user_.user_tel as user_tel4_1_ from user user_ where user_.user_id=?
[2021-07-22 12:08:19] -  Insert 0: insert into user (date_of_birth, user_name, user_tel, user_id) values (?, ?, ?, ?)
[2021-07-22 12:08:19] -  Update 0: update user set date_of_birth=?, user_name=?, user_tel=? where user_id=?
[2021-07-22 12:08:19] -  Delete 0: delete from user where user_id=?
[2021-07-22 12:08:19] -  Identity insert: insert into user (date_of_birth, user_name, user_tel) values (?, ?, ?)
[2021-07-22 12:08:19] - Adding QuerySpace : uid = <gen:0> -> org.hibernate.loader.plan.build.internal.spaces.EntityQuerySpaceImpl@41bd6a0f]
[2021-07-22 12:08:19] - Visiting attribute path : dOB
[2021-07-22 12:08:19] - Visiting attribute path : userName
[2021-07-22 12:08:19] - Visiting attribute path : userTel
[2021-07-22 12:08:19] - Building LoadPlan...
[2021-07-22 12:08:19] - processing queryspace <gen:0>
[2021-07-22 12:08:19] - LoadPlan(entity=com.anu.springunijpa.entity.User)
    - Returns
       - EntityReturnImpl(entity=com.anu.springunijpa.entity.User, querySpaceUid=<gen:0>, path=com.anu.springunijpa.entity.User)
    - QuerySpaces
       - EntityQuerySpaceImpl(uid=<gen:0>, entity=com.anu.springunijpa.entity.User)
          - SQL table alias mapping - user0_
          - alias suffix - 0_
          - suffixed key columns - {user_id1_1_0_}

[2021-07-22 12:08:19] - Static select for entity com.anu.springunijpa.entity.User [NONE]: select user0_.user_id as user_id1_1_0_, user0_.date_of_birth as date_of_2_1_0_, user0_.user_name as user_nam3_1_0_, user0_.user_tel as user_tel4_1_0_ from user user0_ where user0_.user_id=?
[2021-07-22 12:08:19] - No alter strings for table : course
[2021-07-22 12:08:19] - No alter strings for table : user
[2021-07-22 12:08:19] - HHH000490: Using JtaPlatform implementation: [org.hibernate.engine.transaction.jta.platform.internal.NoJtaPlatform]
[2021-07-22 12:08:19] - Checking 0 named HQL queries
[2021-07-22 12:08:19] - Checking 0 named SQL queries
[2021-07-22 12:08:19] - HikariPool-1 - Added connection com.mysql.cj.jdbc.ConnectionImpl@75fa6ef7
[2021-07-22 12:08:19] - Initializing SessionFactoryRegistry : org.hibernate.internal.SessionFactoryRegistry@30e143ff
[2021-07-22 12:08:19] - Registering SessionFactory: 56f23e25-b048-4c35-b437-9e301e2ee515 (<unnamed>)
[2021-07-22 12:08:19] - Not binding SessionFactory to JNDI, no JNDI name configured
[2021-07-22 12:08:19] - Initialized JPA EntityManagerFactory for persistence unit 'default'
[2021-07-22 12:08:19] - Creating shared instance of singleton bean 'jpaMappingContext'
[2021-07-22 12:08:19] - Initializing JpaMetamodelMappingContext…
[2021-07-22 12:08:19] - Finished initializing JpaMetamodelMappingContext!
[2021-07-22 12:08:19] - Creating new EntityManager for shared EntityManager invocation
[2021-07-22 12:08:19] - Statistics initialized [enabled=false]
[2021-07-22 12:08:19] - Creating new EntityManager for shared EntityManager invocation
[2021-07-22 12:08:19] - HikariPool-1 - Added connection com.mysql.cj.jdbc.ConnectionImpl@5c6bd20
[2021-07-22 12:08:19] - Initializing repository instance for com.anu.springunijpa.repository.CourseRepository…
[2021-07-22 12:08:19] - Creating new EntityManager for shared EntityManager invocation
[2021-07-22 12:08:19] - Looking up query for method findByCourseLeader
[2021-07-22 12:08:19] - Looking up named query Course.findByCourseLeader
[2021-07-22 12:08:19] - HikariPool-1 - Added connection com.mysql.cj.jdbc.ConnectionImpl@60c82283
[2021-07-22 12:08:19] - On TransactionImpl creation, JpaCompliance#isJpaTransactionComplianceEnabled == false
[2021-07-22 12:08:19] - Did not find named query Course.findByCourseLeader
[2021-07-22 12:08:19] - Creating new EntityManager for shared EntityManager invocation
[2021-07-22 12:08:19] - Looking up query for method findByCourseName
[2021-07-22 12:08:19] - Looking up named query Course.findByCourseName
[2021-07-22 12:08:19] - On TransactionImpl creation, JpaCompliance#isJpaTransactionComplianceEnabled == false
[2021-07-22 12:08:19] - Did not find named query Course.findByCourseName
[2021-07-22 12:08:19] - Creating new EntityManager for shared EntityManager invocation
[2021-07-22 12:08:19] - Finished creation of repository instance for {}.
[2021-07-22 12:08:19] - Creating shared instance of singleton bean 'userResolver'
[2021-07-22 12:08:19] - Creating shared instance of singleton bean 'userRepository'
[2021-07-22 12:08:19] - Creating new EntityManager for shared EntityManager invocation
[2021-07-22 12:08:19] - Initializing repository instance for com.anu.springunijpa.repository.UserRepository…
[2021-07-22 12:08:19] - Creating new EntityManager for shared EntityManager invocation
[2021-07-22 12:08:19] - Looking up query for method findByUserName
[2021-07-22 12:08:19] - Looking up named query User.findByUserName
[2021-07-22 12:08:19] - On TransactionImpl creation, JpaCompliance#isJpaTransactionComplianceEnabled == false
[2021-07-22 12:08:19] - Did not find named query User.findByUserName
[2021-07-22 12:08:19] - Creating new EntityManager for shared EntityManager invocation
[2021-07-22 12:08:19] - Looking up query for method findByUserTel
[2021-07-22 12:08:19] - Looking up named query User.findByUserTel
[2021-07-22 12:08:19] - On TransactionImpl creation, JpaCompliance#isJpaTransactionComplianceEnabled == false
[2021-07-22 12:08:19] - Did not find named query User.findByUserTel
[2021-07-22 12:08:19] - Creating new EntityManager for shared EntityManager invocation
[2021-07-22 12:08:19] - Looking up query for method findByUserIdOrUserName
[2021-07-22 12:08:19] - Looking up named query User.findByUserIdOrUserName
[2021-07-22 12:08:19] - On TransactionImpl creation, JpaCompliance#isJpaTransactionComplianceEnabled == false
[2021-07-22 12:08:19] - Did not find named query User.findByUserIdOrUserName
[2021-07-22 12:08:19] - Creating new EntityManager for shared EntityManager invocation
