[2021-07-22 11:17:45] - HHH000412: Hibernate ORM core version 5.4.32.Final
[2021-07-22 11:17:45] - HCANN000001: Hibernate Commons Annotations {5.1.2.Final}
[2021-07-22 11:17:45] - HikariPool-1 - Starting...
[2021-07-22 11:17:45] - Registered driver with driverClassName=com.mysql.jdbc.Driver was not found, trying direct instantiation.
[2021-07-22 11:17:47] - HikariPool-1 - Start completed.
[2021-07-22 11:17:47] - HHH000400: Using dialect: org.hibernate.dialect.MySQL5Dialect
[2021-07-22 11:17:47] - HHH000490: Using JtaPlatform implementation: [org.hibernate.engine.transaction.jta.platform.internal.NoJtaPlatform]
[2021-07-22 11:17:47] - Initialized JPA EntityManagerFactory for persistence unit 'default'
[2021-07-22 11:17:48] - spring.jpa.open-in-view is enabled by default. Therefore, database queries may be performed during view rendering. Explicitly configure spring.jpa.open-in-view to disable this warning
[2021-07-22 11:17:49] - Starting ProtocolHandler ["http-nio-8080"]
[2021-07-22 11:17:49] - Tomcat started on port(s): 8080 (http) with context path ''
[2021-07-22 11:17:49] - Started SpringUniJpaApplication in 8.968 seconds (JVM running for 12.821)
[2021-07-22 11:17:53] - Initializing Spring DispatcherServlet 'dispatcherServlet'
[2021-07-22 11:17:53] - Initializing Servlet 'dispatcherServlet'
[2021-07-22 11:17:53] - Completed initialization in 0 ms
[2021-07-22 11:17:59] - info: View user method
[2021-07-22 11:17:59] - error: View user method
[2021-07-22 11:17:59] - warn : View user method
[2021-07-22 11:20:42] - info: View user method
[2021-07-22 11:20:42] - error: View user method
[2021-07-22 11:20:42] - warn : View user method
[2021-07-22 11:22:00] - info: View user method
[2021-07-22 11:22:00] - error: View user method
[2021-07-22 11:22:00] - warn : View user method
[2021-07-22 11:31:56] - info: View user method
[2021-07-22 11:31:56] - error: View user method
[2021-07-22 11:31:56] - warn : View user method
[2021-07-22 11:37:36] - Closing JPA EntityManagerFactory for persistence unit 'default'
[2021-07-22 11:37:36] - HikariPool-1 - Shutdown initiated...
[2021-07-22 11:37:36] - HikariPool-1 - Shutdown completed.
[2021-07-22 11:38:15] - Starting SpringUniJpaApplication using Java 16.0.1 on anuththara-VivoBook-ASUSLaptop-X509JB-X509JB with PID 12921 (/home/anuththara/IdeaProjects/spring-uni-jpa/target/classes started by anuththara in /home/anuththara/IdeaProjects/spring-uni-jpa)
[2021-07-22 11:38:15] - No active profile set, falling back to default profiles: default
[2021-07-22 11:38:16] - Bootstrapping Spring Data JPA repositories in DEFAULT mode.
[2021-07-22 11:38:16] - Finished Spring Data repository scanning in 28 ms. Found 2 JPA repository interfaces.
[2021-07-22 11:38:16] - Tomcat initialized with port(s): 8080 (http)
[2021-07-22 11:38:16] - Initializing ProtocolHandler ["http-nio-8080"]
[2021-07-22 11:38:16] - Starting service [Tomcat]
[2021-07-22 11:38:16] - Starting Servlet engine: [Apache Tomcat/9.0.48]
[2021-07-22 11:38:16] - Initializing Spring embedded WebApplicationContext
[2021-07-22 11:38:16] - Root WebApplicationContext: initialization completed in 1405 ms
[2021-07-22 11:38:17] - HHH000204: Processing PersistenceUnitInfo [name: default]
[2021-07-22 11:38:17] - HHH000412: Hibernate ORM core version 5.4.32.Final
[2021-07-22 11:38:17] - HCANN000001: Hibernate Commons Annotations {5.1.2.Final}
[2021-07-22 11:38:17] - HikariPool-1 - Starting...
[2021-07-22 11:38:17] - Registered driver with driverClassName=com.mysql.jdbc.Driver was not found, trying direct instantiation.
[2021-07-22 11:38:18] - HikariPool-1 - Start completed.
[2021-07-22 11:38:18] - HHH000400: Using dialect: org.hibernate.dialect.MySQL5Dialect
[2021-07-22 11:38:18] - HHH000490: Using JtaPlatform implementation: [org.hibernate.engine.transaction.jta.platform.internal.NoJtaPlatform]
[2021-07-22 11:38:18] - Initialized JPA EntityManagerFactory for persistence unit 'default'
[2021-07-22 11:38:19] - spring.jpa.open-in-view is enabled by default. Therefore, database queries may be performed during view rendering. Explicitly configure spring.jpa.open-in-view to disable this warning
[2021-07-22 11:38:20] - Starting ProtocolHandler ["http-nio-8080"]
[2021-07-22 11:38:20] - Tomcat started on port(s): 8080 (http) with context path ''
[2021-07-22 11:38:20] - Started SpringUniJpaApplication in 5.261 seconds (JVM running for 6.695)
[2021-07-22 11:38:27] - Initializing Spring DispatcherServlet 'dispatcherServlet'
[2021-07-22 11:38:27] - Initializing Servlet 'dispatcherServlet'
[2021-07-22 11:38:27] - Completed initialization in 0 ms
[2021-07-22 11:40:03] - Closing JPA EntityManagerFactory for persistence unit 'default'
[2021-07-22 11:40:03] - HikariPool-1 - Shutdown initiated...
[2021-07-22 11:40:03] - HikariPool-1 - Shutdown completed.
[2021-07-22 11:40:07] - Starting SpringUniJpaApplication using Java 16.0.1 on anuththara-VivoBook-ASUSLaptop-X509JB-X509JB with PID 13128 (/home/anuththara/IdeaProjects/spring-uni-jpa/target/classes started by anuththara in /home/anuththara/IdeaProjects/spring-uni-jpa)
[2021-07-22 11:40:07] - No active profile set, falling back to default profiles: default
[2021-07-22 11:40:07] - Bootstrapping Spring Data JPA repositories in DEFAULT mode.
[2021-07-22 11:40:07] - Finished Spring Data repository scanning in 23 ms. Found 2 JPA repository interfaces.
[2021-07-22 11:40:08] - Tomcat initialized with port(s): 8080 (http)
[2021-07-22 11:40:08] - Initializing ProtocolHandler ["http-nio-8080"]
[2021-07-22 11:40:08] - Starting service [Tomcat]
[2021-07-22 11:40:08] - Starting Servlet engine: [Apache Tomcat/9.0.48]
[2021-07-22 11:40:08] - Initializing Spring embedded WebApplicationContext
[2021-07-22 11:40:08] - Root WebApplicationContext: initialization completed in 754 ms
[2021-07-22 11:40:08] - HHH000204: Processing PersistenceUnitInfo [name: default]
[2021-07-22 11:40:08] - HHH000412: Hibernate ORM core version 5.4.32.Final
[2021-07-22 11:40:08] - HCANN000001: Hibernate Commons Annotations {5.1.2.Final}
[2021-07-22 11:40:08] - HikariPool-1 - Starting...
[2021-07-22 11:40:08] - Registered driver with driverClassName=com.mysql.jdbc.Driver was not found, trying direct instantiation.
[2021-07-22 11:40:08] - HikariPool-1 - Start completed.
[2021-07-22 11:40:08] - HHH000400: Using dialect: org.hibernate.dialect.MySQL5Dialect
[2021-07-22 11:40:08] - HHH000490: Using JtaPlatform implementation: [org.hibernate.engine.transaction.jta.platform.internal.NoJtaPlatform]
[2021-07-22 11:40:08] - Initialized JPA EntityManagerFactory for persistence unit 'default'
[2021-07-22 11:40:09] - spring.jpa.open-in-view is enabled by default. Therefore, database queries may be performed during view rendering. Explicitly configure spring.jpa.open-in-view to disable this warning
[2021-07-22 11:40:09] - Starting ProtocolHandler ["http-nio-8080"]
[2021-07-22 11:40:09] - Tomcat started on port(s): 8080 (http) with context path ''
[2021-07-22 11:40:09] - Started SpringUniJpaApplication in 2.427 seconds (JVM running for 3.01)
[2021-07-22 11:40:15] - Initializing Spring DispatcherServlet 'dispatcherServlet'
[2021-07-22 11:40:15] - Initializing Servlet 'dispatcherServlet'
[2021-07-22 11:40:15] - Completed initialization in 1 ms
[2021-07-22 11:44:32] - Closing JPA EntityManagerFactory for persistence unit 'default'
[2021-07-22 11:44:32] - HikariPool-1 - Shutdown initiated...
[2021-07-22 11:44:32] - HikariPool-1 - Shutdown completed.
[2021-07-22 11:44:36] - Starting SpringUniJpaApplication using Java 16.0.1 on anuththara-VivoBook-ASUSLaptop-X509JB-X509JB with PID 13359 (/home/anuththara/IdeaProjects/spring-uni-jpa/target/classes started by anuththara in /home/anuththara/IdeaProjects/spring-uni-jpa)
[2021-07-22 11:44:36] - No active profile set, falling back to default profiles: default
[2021-07-22 11:44:37] - Bootstrapping Spring Data JPA repositories in DEFAULT mode.
[2021-07-22 11:44:37] - Finished Spring Data repository scanning in 24 ms. Found 2 JPA repository interfaces.
[2021-07-22 11:44:37] - Tomcat initialized with port(s): 8080 (http)
[2021-07-22 11:44:37] - Initializing ProtocolHandler ["http-nio-8080"]
[2021-07-22 11:44:37] - Starting service [Tomcat]
[2021-07-22 11:44:37] - Starting Servlet engine: [Apache Tomcat/9.0.48]
[2021-07-22 11:44:37] - Initializing Spring embedded WebApplicationContext
[2021-07-22 11:44:37] - Root WebApplicationContext: initialization completed in 803 ms
[2021-07-22 11:44:37] - HHH000204: Processing PersistenceUnitInfo [name: default]
[2021-07-22 11:44:37] - HHH000412: Hibernate ORM core version 5.4.32.Final
[2021-07-22 11:44:37] - HCANN000001: Hibernate Commons Annotations {5.1.2.Final}
[2021-07-22 11:44:37] - HikariPool-1 - Starting...
[2021-07-22 11:44:37] - Registered driver with driverClassName=com.mysql.jdbc.Driver was not found, trying direct instantiation.
[2021-07-22 11:44:37] - HikariPool-1 - Start completed.
[2021-07-22 11:44:37] - HHH000400: Using dialect: org.hibernate.dialect.MySQL5Dialect
[2021-07-22 11:44:38] - HHH000490: Using JtaPlatform implementation: [org.hibernate.engine.transaction.jta.platform.internal.NoJtaPlatform]
[2021-07-22 11:44:38] - Initialized JPA EntityManagerFactory for persistence unit 'default'
[2021-07-22 11:44:38] - spring.jpa.open-in-view is enabled by default. Therefore, database queries may be performed during view rendering. Explicitly configure spring.jpa.open-in-view to disable this warning
[2021-07-22 11:44:38] - Starting ProtocolHandler ["http-nio-8080"]
[2021-07-22 11:44:38] - Tomcat started on port(s): 8080 (http) with context path ''
[2021-07-22 11:44:38] - Started SpringUniJpaApplication in 2.669 seconds (JVM running for 3.506)
[2021-07-22 11:44:45] - Initializing Spring DispatcherServlet 'dispatcherServlet'
[2021-07-22 11:44:45] - Initializing Servlet 'dispatcherServlet'
[2021-07-22 11:44:45] - Completed initialization in 1 ms
[2021-07-22 11:55:54] - Closing JPA EntityManagerFactory for persistence unit 'default'
[2021-07-22 11:55:54] - HikariPool-1 - Shutdown initiated...
[2021-07-22 11:55:54] - HikariPool-1 - Shutdown completed.
[2021-07-22 11:56:08] - Starting SpringUniJpaApplication using Java 16.0.1 on anuththara-VivoBook-ASUSLaptop-X509JB-X509JB with PID 14485 (/home/anuththara/IdeaProjects/spring-uni-jpa/target/classes started by anuththara in /home/anuththara/IdeaProjects/spring-uni-jpa)
[2021-07-22 11:56:08] - No active profile set, falling back to default profiles: default
