[2021-07-28 08:40:50] - Starting SpringUniJpaApplication using Java 16.0.1 on anuththara-VivoBook-ASUSLaptop-X509JB-X509JB with PID 4660 (/home/anuththara/Documents/hSenid/Practice/springboot/spring-uni-jpa/UserJPA-Springboot/target/classes started by anuththara in /home/anuththara/Documents/hSenid/Practice/springboot/spring-uni-jpa/UserJPA-Springboot)
[2021-07-28 08:40:50] - Running with Spring Boot v2.5.2, Spring v5.3.8
[2021-07-28 08:40:50] - No active profile set, falling back to default profiles: default
[2021-07-28 08:40:50] - Loading source class com.anu.springunijpa.SpringUniJpaApplication
[2021-07-28 08:40:50] - Refreshing org.springframework.boot.web.servlet.context.AnnotationConfigServletWebServerApplicationContext@1e8ce150
[2021-07-28 08:40:50] - Creating shared instance of singleton bean 'org.springframework.context.annotation.internalConfigurationAnnotationProcessor'
[2021-07-28 08:40:50] - Creating shared instance of singleton bean 'org.springframework.boot.autoconfigure.internalCachingMetadataReaderFactory'
[2021-07-28 08:40:50] - Identified candidate component class: file [/home/anuththara/Documents/hSenid/Practice/springboot/spring-uni-jpa/UserJPA-Springboot/target/classes/com/anu/springunijpa/controller/CourseController.class]
[2021-07-28 08:40:50] - Identified candidate component class: file [/home/anuththara/Documents/hSenid/Practice/springboot/spring-uni-jpa/UserJPA-Springboot/target/classes/com/anu/springunijpa/controller/UserController.class]
[2021-07-28 08:40:50] - Identified candidate component class: file [/home/anuththara/Documents/hSenid/Practice/springboot/spring-uni-jpa/UserJPA-Springboot/target/classes/com/anu/springunijpa/exception/GlobalExceptionHandler.class]
[2021-07-28 08:40:50] - Identified candidate component class: file [/home/anuththara/Documents/hSenid/Practice/springboot/spring-uni-jpa/UserJPA-Springboot/target/classes/com/anu/springunijpa/resolver/CourseResolver.class]
[2021-07-28 08:40:50] - Identified candidate component class: file [/home/anuththara/Documents/hSenid/Practice/springboot/spring-uni-jpa/UserJPA-Springboot/target/classes/com/anu/springunijpa/resolver/UserResolver.class]
[2021-07-28 08:40:50] - Identified candidate component class: file [/home/anuththara/Documents/hSenid/Practice/springboot/spring-uni-jpa/UserJPA-Springboot/target/classes/com/anu/springunijpa/service/impl/CourseServiceImpl.class]
[2021-07-28 08:40:50] - Identified candidate component class: file [/home/anuththara/Documents/hSenid/Practice/springboot/spring-uni-jpa/UserJPA-Springboot/target/classes/com/anu/springunijpa/service/impl/UserServiceImpl.class]
[2021-07-28 08:40:52] - Bootstrapping Spring Data JPA repositories in DEFAULT mode.
[2021-07-28 08:40:52] - Creating shared instance of singleton bean 'org.springframework.boot.autoconfigure.AutoConfigurationPackages'
[2021-07-28 08:40:52] - @EnableAutoConfiguration was declared on a class in the package 'com.anu.springunijpa'. Automatic @Repository and @Entity scanning is enabled.
[2021-07-28 08:40:52] - Scanning for JPA repositories in packages com.anu.springunijpa.
[2021-07-28 08:40:52] - Identified candidate component class: file [/home/anuththara/Documents/hSenid/Practice/springboot/spring-uni-jpa/UserJPA-Springboot/target/classes/com/anu/springunijpa/repository/CourseRepository.class]
[2021-07-28 08:40:52] - Identified candidate component class: file [/home/anuththara/Documents/hSenid/Practice/springboot/spring-uni-jpa/UserJPA-Springboot/target/classes/com/anu/springunijpa/repository/UserRepository.class]
[2021-07-28 08:40:52] - Identified candidate component class: file [/home/anuththara/Documents/hSenid/Practice/springboot/spring-uni-jpa/UserJPA-Springboot/target/classes/com/anu/springunijpa/service/impl/CourseServiceImpl.class]
[2021-07-28 08:40:52] - Identified candidate component class: file [/home/anuththara/Documents/hSenid/Practice/springboot/spring-uni-jpa/UserJPA-Springboot/target/classes/com/anu/springunijpa/service/impl/UserServiceImpl.class]
[2021-07-28 08:40:52] - Finished Spring Data repository scanning in 113 ms. Found 2 JPA repository interfaces.
[2021-07-28 08:40:52] - Creating shared instance of singleton bean 'propertySourcesPlaceholderConfigurer'
[2021-07-28 08:40:52] - Creating shared instance of singleton bean 'emBeanDefinitionRegistrarPostProcessor'
[2021-07-28 08:40:52] - Creating shared instance of singleton bean 'org.springframework.boot.sql.init.dependency.DatabaseInitializationDependencyConfigurer$DependsOnDatabaseInitializationPostProcessor'
[2021-07-28 08:40:52] - Creating shared instance of singleton bean 'org.springframework.context.event.internalEventListenerProcessor'
[2021-07-28 08:40:52] - Creating shared instance of singleton bean 'preserveErrorControllerTargetClassPostProcessor'
[2021-07-28 08:40:52] - Creating shared instance of singleton bean 'org.springframework.context.event.internalEventListenerFactory'
[2021-07-28 08:40:52] - Creating shared instance of singleton bean 'org.springframework.transaction.config.internalTransactionalEventListenerFactory'
[2021-07-28 08:40:52] - Creating shared instance of singleton bean 'org.springframework.context.annotation.internalAutowiredAnnotationProcessor'
[2021-07-28 08:40:52] - Creating shared instance of singleton bean 'org.springframework.context.annotation.internalCommonAnnotationProcessor'
[2021-07-28 08:40:52] - Creating shared instance of singleton bean 'org.springframework.context.annotation.internalPersistenceAnnotationProcessor'
[2021-07-28 08:40:52] - Creating shared instance of singleton bean 'org.springframework.boot.context.properties.ConfigurationPropertiesBindingPostProcessor'
[2021-07-28 08:40:52] - Creating shared instance of singleton bean 'org.springframework.boot.context.internalConfigurationPropertiesBinder'
[2021-07-28 08:40:52] - Creating shared instance of singleton bean 'org.springframework.boot.context.internalConfigurationPropertiesBinderFactory'
[2021-07-28 08:40:52] - Creating shared instance of singleton bean 'org.springframework.aop.config.internalAutoProxyCreator'
[2021-07-28 08:40:52] - Creating shared instance of singleton bean 'persistenceExceptionTranslationPostProcessor'
[2021-07-28 08:40:52] - Autowiring by type from bean name 'persistenceExceptionTranslationPostProcessor' via factory method to bean named 'environment'
[2021-07-28 08:40:52] - Creating shared instance of singleton bean 'webServerFactoryCustomizerBeanPostProcessor'
[2021-07-28 08:40:52] - Creating shared instance of singleton bean 'errorPageRegistrarBeanPostProcessor'
[2021-07-28 08:40:52] - Creating shared instance of singleton bean 'projectingArgumentResolverBeanPostProcessor'
[2021-07-28 08:40:52] - Creating shared instance of singleton bean 'org.springframework.transaction.config.internalTransactionAdvisor'
[2021-07-28 08:40:52] - Creating shared instance of singleton bean 'org.springframework.transaction.annotation.ProxyTransactionManagementConfiguration'
[2021-07-28 08:40:52] - Creating shared instance of singleton bean 'transactionAttributeSource'
[2021-07-28 08:40:52] - Creating shared instance of singleton bean 'transactionInterceptor'
[2021-07-28 08:40:52] - Autowiring by type from bean name 'transactionInterceptor' via factory method to bean named 'transactionAttributeSource'
[2021-07-28 08:40:52] - Autowiring by type from bean name 'org.springframework.transaction.config.internalTransactionAdvisor' via factory method to bean named 'transactionAttributeSource'
[2021-07-28 08:40:52] - Autowiring by type from bean name 'org.springframework.transaction.config.internalTransactionAdvisor' via factory method to bean named 'transactionInterceptor'
[2021-07-28 08:40:52] - Unable to locate ThemeSource with name 'themeSource': using default [org.springframework.ui.context.support.ResourceBundleThemeSource@1c9e07c6]
[2021-07-28 08:40:52] - Creating shared instance of singleton bean 'tomcatServletWebServerFactory'
[2021-07-28 08:40:52] - Creating shared instance of singleton bean 'org.springframework.boot.autoconfigure.web.servlet.ServletWebServerFactoryConfiguration$EmbeddedTomcat'
[2021-07-28 08:40:52] - Creating shared instance of singleton bean 'websocketServletWebServerCustomizer'
[2021-07-28 08:40:52] - Creating shared instance of singleton bean 'org.springframework.boot.autoconfigure.websocket.servlet.WebSocketServletAutoConfiguration$TomcatWebSocketConfiguration'
[2021-07-28 08:40:52] - Creating shared instance of singleton bean 'servletWebServerFactoryCustomizer'
[2021-07-28 08:40:52] - Creating shared instance of singleton bean 'org.springframework.boot.autoconfigure.web.servlet.ServletWebServerFactoryAutoConfiguration'
[2021-07-28 08:40:52] - Creating shared instance of singleton bean 'server-org.springframework.boot.autoconfigure.web.ServerProperties'
[2021-07-28 08:40:52] - Creating shared instance of singleton bean 'org.springframework.boot.context.properties.BoundConfigurationProperties'
[2021-07-28 08:40:52] - Autowiring by type from bean name 'servletWebServerFactoryCustomizer' via factory method to bean named 'server-org.springframework.boot.autoconfigure.web.ServerProperties'
[2021-07-28 08:40:52] - Creating shared instance of singleton bean 'tomcatServletWebServerFactoryCustomizer'
[2021-07-28 08:40:52] - Autowiring by type from bean name 'tomcatServletWebServerFactoryCustomizer' via factory method to bean named 'server-org.springframework.boot.autoconfigure.web.ServerProperties'
[2021-07-28 08:40:52] - Creating shared instance of singleton bean 'tomcatWebServerFactoryCustomizer'
[2021-07-28 08:40:52] - Creating shared instance of singleton bean 'org.springframework.boot.autoconfigure.web.embedded.EmbeddedWebServerFactoryCustomizerAutoConfiguration$TomcatWebServerFactoryCustomizerConfiguration'
[2021-07-28 08:40:52] - Autowiring by type from bean name 'tomcatWebServerFactoryCustomizer' via factory method to bean named 'environment'
[2021-07-28 08:40:52] - Autowiring by type from bean name 'tomcatWebServerFactoryCustomizer' via factory method to bean named 'server-org.springframework.boot.autoconfigure.web.ServerProperties'
[2021-07-28 08:40:52] - Creating shared instance of singleton bean 'localeCharsetMappingsCustomizer'
[2021-07-28 08:40:52] - Creating shared instance of singleton bean 'org.springframework.boot.autoconfigure.web.servlet.HttpEncodingAutoConfiguration'
[2021-07-28 08:40:52] - Autowiring by type from bean name 'org.springframework.boot.autoconfigure.web.servlet.HttpEncodingAutoConfiguration' via constructor to bean named 'server-org.springframework.boot.autoconfigure.web.ServerProperties'
[2021-07-28 08:40:52] - Creating shared instance of singleton bean 'errorPageCustomizer'
[2021-07-28 08:40:52] - Creating shared instance of singleton bean 'org.springframework.boot.autoconfigure.web.servlet.error.ErrorMvcAutoConfiguration'
[2021-07-28 08:40:52] - Autowiring by type from bean name 'org.springframework.boot.autoconfigure.web.servlet.error.ErrorMvcAutoConfiguration' via constructor to bean named 'server-org.springframework.boot.autoconfigure.web.ServerProperties'
[2021-07-28 08:40:52] - Creating shared instance of singleton bean 'dispatcherServletRegistration'
[2021-07-28 08:40:52] - Creating shared instance of singleton bean 'org.springframework.boot.autoconfigure.web.servlet.DispatcherServletAutoConfiguration$DispatcherServletRegistrationConfiguration'
[2021-07-28 08:40:52] - Creating shared instance of singleton bean 'dispatcherServlet'
[2021-07-28 08:40:52] - Creating shared instance of singleton bean 'org.springframework.boot.autoconfigure.web.servlet.DispatcherServletAutoConfiguration$DispatcherServletConfiguration'
[2021-07-28 08:40:52] - Creating shared instance of singleton bean 'spring.mvc-org.springframework.boot.autoconfigure.web.servlet.WebMvcProperties'
[2021-07-28 08:40:52] - Autowiring by type from bean name 'dispatcherServlet' via factory method to bean named 'spring.mvc-org.springframework.boot.autoconfigure.web.servlet.WebMvcProperties'
[2021-07-28 08:40:52] - Autowiring by type from bean name 'dispatcherServletRegistration' via factory method to bean named 'dispatcherServlet'
[2021-07-28 08:40:52] - Autowiring by type from bean name 'dispatcherServletRegistration' via factory method to bean named 'spring.mvc-org.springframework.boot.autoconfigure.web.servlet.WebMvcProperties'
[2021-07-28 08:40:52] - Creating shared instance of singleton bean 'multipartConfigElement'
[2021-07-28 08:40:52] - Creating shared instance of singleton bean 'org.springframework.boot.autoconfigure.web.servlet.MultipartAutoConfiguration'
[2021-07-28 08:40:52] - Creating shared instance of singleton bean 'spring.servlet.multipart-org.springframework.boot.autoconfigure.web.servlet.MultipartProperties'
[2021-07-28 08:40:52] - Autowiring by type from bean name 'org.springframework.boot.autoconfigure.web.servlet.MultipartAutoConfiguration' via constructor to bean named 'spring.servlet.multipart-org.springframework.boot.autoconfigure.web.servlet.MultipartProperties'
[2021-07-28 08:40:52] - Autowiring by type from bean name 'errorPageCustomizer' via factory method to bean named 'dispatcherServletRegistration'
[2021-07-28 08:40:52] - Code archive: /home/anuththara/.m2/repository/org/springframework/boot/spring-boot/2.5.2/spring-boot-2.5.2.jar
[2021-07-28 08:40:52] - Code archive: /home/anuththara/.m2/repository/org/springframework/boot/spring-boot/2.5.2/spring-boot-2.5.2.jar
[2021-07-28 08:40:52] - None of the document roots [src/main/webapp, public, static] point to a directory and will be ignored.
[2021-07-28 08:40:52] - Tomcat initialized with port(s): 8080 (http)
[2021-07-28 08:40:53] - Initializing ProtocolHandler ["http-nio-8080"]
[2021-07-28 08:40:53] - Starting service [Tomcat]
[2021-07-28 08:40:53] - Starting Servlet engine: [Apache Tomcat/9.0.48]
[2021-07-28 08:40:53] - Initializing Spring embedded WebApplicationContext
[2021-07-28 08:40:53] - Published root WebApplicationContext as ServletContext attribute with name [org.springframework.web.context.WebApplicationContext.ROOT]
[2021-07-28 08:40:53] - Root WebApplicationContext: initialization completed in 2491 ms
[2021-07-28 08:40:53] - Creating shared instance of singleton bean 'graphQLServletRegistrationBean'
[2021-07-28 08:40:53] - Creating shared instance of singleton bean 'com.oembedler.moon.graphql.boot.GraphQLWebAutoConfiguration'
