[2021-07-28 10:18:03] - HikariPool-1 - Pool stats (total=10, active=0, idle=10, waiting=0)
[2021-07-28 10:18:03] - HikariPool-1 - Fill pool skipped, pool is at sufficient level.
[2021-07-28 10:18:33] - HikariPool-1 - Pool stats (total=10, active=0, idle=10, waiting=0)
[2021-07-28 10:18:33] - HikariPool-1 - Fill pool skipped, pool is at sufficient level.
[2021-07-28 10:19:03] - HikariPool-1 - Pool stats (total=10, active=0, idle=10, waiting=0)
[2021-07-28 10:19:03] - HikariPool-1 - Fill pool skipped, pool is at sufficient level.
[2021-07-28 10:19:33] - HikariPool-1 - Pool stats (total=10, active=0, idle=10, waiting=0)
[2021-07-28 10:19:33] - HikariPool-1 - Fill pool skipped, pool is at sufficient level.
[2021-07-28 10:20:03] - HikariPool-1 - Pool stats (total=10, active=0, idle=10, waiting=0)
[2021-07-28 10:20:03] - HikariPool-1 - Fill pool skipped, pool is at sufficient level.
[2021-07-28 10:20:33] - HikariPool-1 - Pool stats (total=10, active=0, idle=10, waiting=0)
[2021-07-28 10:20:33] - HikariPool-1 - Fill pool skipped, pool is at sufficient level.
[2021-07-28 10:21:03] - HikariPool-1 - Pool stats (total=10, active=0, idle=10, waiting=0)
[2021-07-28 10:21:03] - HikariPool-1 - Fill pool skipped, pool is at sufficient level.
[2021-07-28 10:21:21] - Application availability state ReadinessState changed from ACCEPTING_TRAFFIC to REFUSING_TRAFFIC
[2021-07-28 10:21:21] - Closing org.springframework.boot.web.servlet.context.AnnotationConfigServletWebServerApplicationContext@6ad59d92, started on Wed Jul 28 10:17:01 IST 2021
[2021-07-28 10:21:21] - Found key 'spring.liveBeansView.mbeanDomain' in PropertySource 'systemProperties' with value of type String
[2021-07-28 10:21:21] - Stopping beans in phase 2147483647
[2021-07-28 10:21:21] - Bean 'webServerGracefulShutdown' completed its stop procedure
[2021-07-28 10:21:21] - Stopping beans in phase 2147483646
[2021-07-28 10:21:21] - Bean 'webServerStartStop' completed its stop procedure
[2021-07-28 10:21:21] - Stopping beans in phase 0
[2021-07-28 10:21:21] - Successfully stopped bean 'serverEndpointRegistration'
[2021-07-28 10:21:21] - Unregistering JMX-exposed beans on shutdown
[2021-07-28 10:21:21] - Unregistering JMX-exposed beans
[2021-07-28 10:21:21] - Shutting down ExecutorService 'applicationTaskExecutor'
[2021-07-28 10:21:21] - Closing JPA EntityManagerFactory for persistence unit 'default'
[2021-07-28 10:21:21] - HHH000031: Closing
[2021-07-28 10:21:21] - Un-scoping TypeConfiguration [org.hibernate.type.spi.TypeConfiguration$Scope@61446cf9] from SessionFactory [org.hibernate.internal.SessionFactoryImpl@48d44b46]
[2021-07-28 10:21:21] - Implicitly destroying ServiceRegistry on de-registration of all child ServiceRegistries
[2021-07-28 10:21:21] - Implicitly destroying Boot-strap registry on de-registration of all child ServiceRegistries
[2021-07-28 10:21:21] - HikariPool-1 - Shutdown initiated...
[2021-07-28 10:21:21] - HikariPool-1 - Before shutdown stats (total=10, active=0, idle=10, waiting=0)
[2021-07-28 10:21:21] - HikariPool-1 - Closing connection com.mysql.cj.jdbc.ConnectionImpl@5980fa73: (connection evicted)
[2021-07-28 10:21:21] - HikariPool-1 - Closing connection com.mysql.cj.jdbc.ConnectionImpl@284dc540: (connection evicted)
[2021-07-28 10:21:21] - HikariPool-1 - Closing connection com.mysql.cj.jdbc.ConnectionImpl@95f3034: (connection evicted)
[2021-07-28 10:21:21] - HikariPool-1 - Closing connection com.mysql.cj.jdbc.ConnectionImpl@42bff3c9: (connection evicted)
[2021-07-28 10:21:21] - HikariPool-1 - Closing connection com.mysql.cj.jdbc.ConnectionImpl@d114dda: (connection evicted)
[2021-07-28 10:21:21] - HikariPool-1 - Closing connection com.mysql.cj.jdbc.ConnectionImpl@29cfe06b: (connection evicted)
[2021-07-28 10:21:21] - HikariPool-1 - Closing connection com.mysql.cj.jdbc.ConnectionImpl@72e91d59: (connection evicted)
[2021-07-28 10:21:21] - HikariPool-1 - Closing connection com.mysql.cj.jdbc.ConnectionImpl@46e4156e: (connection evicted)
[2021-07-28 10:21:21] - HikariPool-1 - Closing connection com.mysql.cj.jdbc.ConnectionImpl@58c4b6ec: (connection evicted)
[2021-07-28 10:21:21] - HikariPool-1 - Closing connection com.mysql.cj.jdbc.ConnectionImpl@1219a358: (connection evicted)
[2021-07-28 10:21:21] - HikariPool-1 - After shutdown stats (total=0, active=0, idle=0, waiting=0)
[2021-07-28 10:21:21] - HikariPool-1 - Shutdown completed.
[2021-07-28 10:21:25] - Starting SpringUniJpaApplication using Java 16.0.1 on anuththara-VivoBook-ASUSLaptop-X509JB-X509JB with PID 15489 (/home/anuththara/Documents/hSenid/Practice/springboot/spring-uni-jpa/UserJPA-Springboot/target/classes started by anuththara in /home/anuththara/Documents/hSenid/Practice/springboot/spring-uni-jpa/UserJPA-Springboot)
[2021-07-28 10:21:25] - Running with Spring Boot v2.5.2, Spring v5.3.8
[2021-07-28 10:21:25] - No active profile set, falling back to default profiles: default
[2021-07-28 10:21:25] - Loading source class com.anu.springunijpa.SpringUniJpaApplication
[2021-07-28 10:21:25] - Refreshing org.springframework.boot.web.servlet.context.AnnotationConfigServletWebServerApplicationContext@363042d7
[2021-07-28 10:21:25] - Creating shared instance of singleton bean 'org.springframework.context.annotation.internalConfigurationAnnotationProcessor'
[2021-07-28 10:21:25] - Creating shared instance of singleton bean 'org.springframework.boot.autoconfigure.internalCachingMetadataReaderFactory'
[2021-07-28 10:21:25] - Identified candidate component class: file [/home/anuththara/Documents/hSenid/Practice/springboot/spring-uni-jpa/UserJPA-Springboot/target/classes/com/anu/springunijpa/controller/CourseController.class]
[2021-07-28 10:21:25] - Identified candidate component class: file [/home/anuththara/Documents/hSenid/Practice/springboot/spring-uni-jpa/UserJPA-Springboot/target/classes/com/anu/springunijpa/controller/UserController.class]
[2021-07-28 10:21:25] - Identified candidate component class: file [/home/anuththara/Documents/hSenid/Practice/springboot/spring-uni-jpa/UserJPA-Springboot/target/classes/com/anu/springunijpa/exception/GlobalExceptionHandler.class]
[2021-07-28 10:21:25] - Identified candidate component class: file [/home/anuththara/Documents/hSenid/Practice/springboot/spring-uni-jpa/UserJPA-Springboot/target/classes/com/anu/springunijpa/resolver/CourseResolver.class]
[2021-07-28 10:21:25] - Identified candidate component class: file [/home/anuththara/Documents/hSenid/Practice/springboot/spring-uni-jpa/UserJPA-Springboot/target/classes/com/anu/springunijpa/resolver/UserResolver.class]
[2021-07-28 10:21:25] - Identified candidate component class: file [/home/anuththara/Documents/hSenid/Practice/springboot/spring-uni-jpa/UserJPA-Springboot/target/classes/com/anu/springunijpa/service/impl/CourseServiceImpl.class]
[2021-07-28 10:21:25] - Identified candidate component class: file [/home/anuththara/Documents/hSenid/Practice/springboot/spring-uni-jpa/UserJPA-Springboot/target/classes/com/anu/springunijpa/service/impl/UserServiceImpl.class]
[2021-07-28 10:21:25] - Bootstrapping Spring Data JPA repositories in DEFAULT mode.
[2021-07-28 10:21:25] - Creating shared instance of singleton bean 'org.springframework.boot.autoconfigure.AutoConfigurationPackages'
[2021-07-28 10:21:25] - @EnableAutoConfiguration was declared on a class in the package 'com.anu.springunijpa'. Automatic @Repository and @Entity scanning is enabled.
[2021-07-28 10:21:25] - Scanning for JPA repositories in packages com.anu.springunijpa.
[2021-07-28 10:21:25] - Identified candidate component class: file [/home/anuththara/Documents/hSenid/Practice/springboot/spring-uni-jpa/UserJPA-Springboot/target/classes/com/anu/springunijpa/repository/CourseRepository.class]
[2021-07-28 10:21:25] - Identified candidate component class: file [/home/anuththara/Documents/hSenid/Practice/springboot/spring-uni-jpa/UserJPA-Springboot/target/classes/com/anu/springunijpa/repository/UserRepository.class]
[2021-07-28 10:21:25] - Identified candidate component class: file [/home/anuththara/Documents/hSenid/Practice/springboot/spring-uni-jpa/UserJPA-Springboot/target/classes/com/anu/springunijpa/service/impl/CourseServiceImpl.class]
[2021-07-28 10:21:25] - Identified candidate component class: file [/home/anuththara/Documents/hSenid/Practice/springboot/spring-uni-jpa/UserJPA-Springboot/target/classes/com/anu/springunijpa/service/impl/UserServiceImpl.class]
[2021-07-28 10:21:25] - Finished Spring Data repository scanning in 25 ms. Found 2 JPA repository interfaces.
[2021-07-28 10:21:25] - Creating shared instance of singleton bean 'propertySourcesPlaceholderConfigurer'
[2021-07-28 10:21:25] - Creating shared instance of singleton bean 'emBeanDefinitionRegistrarPostProcessor'
[2021-07-28 10:21:25] - Creating shared instance of singleton bean 'org.springframework.boot.sql.init.dependency.DatabaseInitializationDependencyConfigurer$DependsOnDatabaseInitializationPostProcessor'
[2021-07-28 10:21:25] - Creating shared instance of singleton bean 'org.springframework.context.event.internalEventListenerProcessor'
[2021-07-28 10:21:25] - Creating shared instance of singleton bean 'preserveErrorControllerTargetClassPostProcessor'
[2021-07-28 10:21:25] - Creating shared instance of singleton bean 'org.springframework.context.event.internalEventListenerFactory'
[2021-07-28 10:21:25] - Creating shared instance of singleton bean 'org.springframework.transaction.config.internalTransactionalEventListenerFactory'
[2021-07-28 10:21:25] - Creating shared instance of singleton bean 'org.springframework.context.annotation.internalAutowiredAnnotationProcessor'
[2021-07-28 10:21:25] - Creating shared instance of singleton bean 'org.springframework.context.annotation.internalCommonAnnotationProcessor'
[2021-07-28 10:21:25] - Creating shared instance of singleton bean 'org.springframework.context.annotation.internalPersistenceAnnotationProcessor'
[2021-07-28 10:21:25] - Creating shared instance of singleton bean 'org.springframework.boot.context.properties.ConfigurationPropertiesBindingPostProcessor'
[2021-07-28 10:21:25] - Creating shared instance of singleton bean 'org.springframework.boot.context.internalConfigurationPropertiesBinder'
[2021-07-28 10:21:25] - Creating shared instance of singleton bean 'org.springframework.boot.context.internalConfigurationPropertiesBinderFactory'
[2021-07-28 10:21:25] - Creating shared instance of singleton bean 'org.springframework.aop.config.internalAutoProxyCreator'
[2021-07-28 10:21:25] - Creating shared instance of singleton bean 'persistenceExceptionTranslationPostProcessor'
[2021-07-28 10:21:25] - Autowiring by type from bean name 'persistenceExceptionTranslationPostProcessor' via factory method to bean named 'environment'
[2021-07-28 10:21:25] - Creating shared instance of singleton bean 'webServerFactoryCustomizerBeanPostProcessor'
[2021-07-28 10:21:25] - Creating shared instance of singleton bean 'errorPageRegistrarBeanPostProcessor'
[2021-07-28 10:21:25] - Creating shared instance of singleton bean 'projectingArgumentResolverBeanPostProcessor'
[2021-07-28 10:21:25] - Creating shared instance of singleton bean 'org.springframework.transaction.config.internalTransactionAdvisor'
[2021-07-28 10:21:25] - Creating shared instance of singleton bean 'org.springframework.transaction.annotation.ProxyTransactionManagementConfiguration'
[2021-07-28 10:21:25] - Creating shared instance of singleton bean 'transactionAttributeSource'
[2021-07-28 10:21:25] - Creating shared instance of singleton bean 'transactionInterceptor'
[2021-07-28 10:21:25] - Autowiring by type from bean name 'transactionInterceptor' via factory method to bean named 'transactionAttributeSource'
