[2021-07-22 12:08:36] - Initializing Spring DispatcherServlet 'dispatcherServlet'
[2021-07-22 12:08:36] - Initializing Servlet 'dispatcherServlet'
[2021-07-22 12:08:36] - Detected StandardServletMultipartResolver
[2021-07-22 12:08:36] - Detected AcceptHeaderLocaleResolver
[2021-07-22 12:08:36] - Detected FixedThemeResolver
[2021-07-22 12:08:36] - Detected org.springframework.web.servlet.view.DefaultRequestToViewNameTranslator@5e6bbe63
[2021-07-22 12:08:36] - Detected org.springframework.web.servlet.support.SessionFlashMapManager@39fb5ddf
[2021-07-22 12:08:36] - enableLoggingRequestDetails='false': request parameters and headers will be masked to prevent unsafe logging of potentially sensitive data
[2021-07-22 12:08:36] - Completed initialization in 2 ms
[2021-07-22 12:08:36] - GET "/users", parameters={}
[2021-07-22 12:08:36] - Mapped to com.anu.springunijpa.controller.UserController#viewAllUser(Pageable)
[2021-07-22 12:08:36] - Opening JPA EntityManager in OpenEntityManagerInViewInterceptor
[2021-07-22 12:08:36] - debug: View user method
[2021-07-22 12:08:36] - info: View user method
[2021-07-22 12:08:36] - error: View user method
[2021-07-22 12:08:36] - warn : View user method
[2021-07-22 12:08:36] - Found thread-bound EntityManager [SessionImpl(1272112884<open>)] for JPA transaction
[2021-07-22 12:08:36] - Creating new transaction with name [org.springframework.data.jpa.repository.support.SimpleJpaRepository.findAll]: PROPAGATION_REQUIRED,ISOLATION_DEFAULT,readOnly
[2021-07-22 12:08:36] - Setting JDBC Connection [HikariProxyConnection@936555944 wrapping com.mysql.cj.jdbc.ConnectionImpl@3855d9b2] read-only
[2021-07-22 12:08:36] - On TransactionImpl creation, JpaCompliance#isJpaTransactionComplianceEnabled == false
[2021-07-22 12:08:36] - begin
[2021-07-22 12:08:36] - Exposing JPA transaction as JDBC [org.springframework.orm.jpa.vendor.HibernateJpaDialect$HibernateConnectionHandle@2c9d786e]
[2021-07-22 12:08:36] - Rendered criteria query -> select generatedAlias0 from User as generatedAlias0
[2021-07-22 12:08:36] - QueryTranslatorFactory: org.hibernate.hql.internal.ast.ASTQueryTranslatorFactory@3d4a392d
[2021-07-22 12:08:36] - parse() - HQL: select generatedAlias0 from com.anu.springunijpa.entity.User as generatedAlias0
[2021-07-22 12:08:36] - throwQueryException() : no errors
[2021-07-22 12:08:36] - --- HQL AST ---
 \-[QUERY] Node: 'query'
    \-[SELECT_FROM] Node: 'SELECT_FROM'
       +-[FROM] Node: 'from'
       |  \-[RANGE] Node: 'RANGE'
       |     +-[DOT] Node: '.'
       |     |  +-[DOT] Node: '.'
       |     |  |  +-[DOT] Node: '.'
       |     |  |  |  +-[DOT] Node: '.'
       |     |  |  |  |  +-[IDENT] Node: 'com'
       |     |  |  |  |  \-[IDENT] Node: 'anu'
       |     |  |  |  \-[IDENT] Node: 'springunijpa'
       |     |  |  \-[IDENT] Node: 'entity'
       |     |  \-[IDENT] Node: 'User'
       |     \-[ALIAS] Node: 'generatedAlias0'
       \-[SELECT] Node: 'select'
          \-[IDENT] Node: 'generatedAlias0'

[2021-07-22 12:08:36] - select << begin [level=1, statement=select]
[2021-07-22 12:08:36] - FromClause{level=1} : com.anu.springunijpa.entity.User (generatedAlias0) -> user0_
[2021-07-22 12:08:36] - Resolved : generatedAlias0 -> user0_.user_id
[2021-07-22 12:08:36] - select : finishing up [level=1, statement=select]
[2021-07-22 12:08:36] - processQuery() :  ( SELECT ( {select clause} user0_.user_id ) ( FromClause{level=1} user user0_ ) )
[2021-07-22 12:08:36] - Tables referenced from query nodes:
 \-QueryNode
    +-SelectClause
    | referencedTables(entity User): [user]
    |  +-IdentNode
    |  | persister: SingleTableEntityPersister(com.anu.springunijpa.entity.User)
    |  | originalText: generatedAlias0
    |  \-SqlFragment
    \-FromClause
       \-FromElement

[2021-07-22 12:08:36] - Using FROM fragment [user user0_]
[2021-07-22 12:08:36] - select >> end [level=1, statement=select]
[2021-07-22 12:08:36] - --- SQL AST ---
 \-[SELECT] QueryNode: 'SELECT'  querySpaces (user)
    +-[SELECT_CLAUSE] SelectClause: '{select clause}'
    |  +-[ALIAS_REF] IdentNode: 'user0_.user_id as user_id1_1_' {alias=generatedAlias0, className=com.anu.springunijpa.entity.User, tableAlias=user0_}
    |  \-[SQL_TOKEN] SqlFragment: 'user0_.date_of_birth as date_of_2_1_, user0_.user_name as user_nam3_1_, user0_.user_tel as user_tel4_1_'
    \-[FROM] FromClause: 'from' FromClause{level=1, fromElementCounter=1, fromElements=1, fromElementByClassAlias=[generatedAlias0], fromElementByTableAlias=[user0_], fromElementsByPath=[], collectionJoinFromElementsByPath=[], impliedElements=[]}
       \-[FROM_FRAGMENT] FromElement: 'user user0_' FromElement{explicit,not a collection join,not a fetch join,fetch non-lazy properties,classAlias=generatedAlias0,role=null,tableName=user,tableAlias=user0_,origin=null,columns={,className=com.anu.springunijpa.entity.User}}

[2021-07-22 12:08:36] - throwQueryException() : no errors
[2021-07-22 12:08:36] - HQL: select generatedAlias0 from com.anu.springunijpa.entity.User as generatedAlias0
[2021-07-22 12:08:36] - SQL: select user0_.user_id as user_id1_1_, user0_.date_of_birth as date_of_2_1_, user0_.user_name as user_nam3_1_, user0_.user_tel as user_tel4_1_ from user user0_
[2021-07-22 12:08:36] - throwQueryException() : no errors
[2021-07-22 12:08:36] - select user0_.user_id as user_id1_1_, user0_.date_of_birth as date_of_2_1_, user0_.user_name as user_nam3_1_, user0_.user_tel as user_tel4_1_ from user user0_ limit ?
[2021-07-22 12:08:36] - Result set row: 0
[2021-07-22 12:08:36] - Result row: EntityKey[com.anu.springunijpa.entity.User#1]
[2021-07-22 12:08:36] - Result set row: 1
[2021-07-22 12:08:36] - Result row: EntityKey[com.anu.springunijpa.entity.User#2]
[2021-07-22 12:08:36] - Result set row: 2
[2021-07-22 12:08:36] - Result row: EntityKey[com.anu.springunijpa.entity.User#3]
[2021-07-22 12:08:36] - Result set row: 3
[2021-07-22 12:08:36] - Result row: EntityKey[com.anu.springunijpa.entity.User#4]
[2021-07-22 12:08:36] - Result set row: 4
[2021-07-22 12:08:36] - Result row: EntityKey[com.anu.springunijpa.entity.User#5]
[2021-07-22 12:08:36] - Result set row: 5
[2021-07-22 12:08:36] - Result row: EntityKey[com.anu.springunijpa.entity.User#6]
[2021-07-22 12:08:36] - Result set row: 6
[2021-07-22 12:08:36] - Result row: EntityKey[com.anu.springunijpa.entity.User#7]
[2021-07-22 12:08:36] - Result set row: 7
[2021-07-22 12:08:36] - Result row: EntityKey[com.anu.springunijpa.entity.User#8]
[2021-07-22 12:08:36] - Result set row: 8
[2021-07-22 12:08:36] - Result row: EntityKey[com.anu.springunijpa.entity.User#9]
[2021-07-22 12:08:36] - Result set row: 9
[2021-07-22 12:08:36] - Result row: EntityKey[com.anu.springunijpa.entity.User#10]
[2021-07-22 12:08:36] - Result set row: 10
[2021-07-22 12:08:36] - Result row: EntityKey[com.anu.springunijpa.entity.User#11]
[2021-07-22 12:08:36] - Result set row: 11
[2021-07-22 12:08:36] - Result row: EntityKey[com.anu.springunijpa.entity.User#12]
[2021-07-22 12:08:36] - Result set row: 12
[2021-07-22 12:08:36] - Result row: EntityKey[com.anu.springunijpa.entity.User#13]
[2021-07-22 12:08:36] - Resolving attributes for [com.anu.springunijpa.entity.User#1]
[2021-07-22 12:08:36] - Processing attribute `dOB` : value = 1999-05-02 00:00:00.0
[2021-07-22 12:08:36] - Attribute (`dOB`)  - enhanced for lazy-loading? - false
[2021-07-22 12:08:36] - Processing attribute `userName` : value = John
[2021-07-22 12:08:36] - Attribute (`userName`)  - enhanced for lazy-loading? - false
[2021-07-22 12:08:36] - Processing attribute `userTel` : value = 709709234
[2021-07-22 12:08:36] - Attribute (`userTel`)  - enhanced for lazy-loading? - false
[2021-07-22 12:08:36] - Done materializing entity [com.anu.springunijpa.entity.User#1]
[2021-07-22 12:08:36] - Resolving attributes for [com.anu.springunijpa.entity.User#2]
[2021-07-22 12:08:36] - Processing attribute `dOB` : value = 2002-03-10 00:00:00.0
[2021-07-22 12:08:36] - Attribute (`dOB`)  - enhanced for lazy-loading? - false
[2021-07-22 12:08:36] - Processing attribute `userName` : value = Liza
[2021-07-22 12:08:36] - Attribute (`userName`)  - enhanced for lazy-loading? - false
[2021-07-22 12:08:36] - Processing attribute `userTel` : value = 726098756
[2021-07-22 12:08:36] - Attribute (`userTel`)  - enhanced for lazy-loading? - false
[2021-07-22 12:08:36] - Done materializing entity [com.anu.springunijpa.entity.User#2]
[2021-07-22 12:08:36] - Resolving attributes for [com.anu.springunijpa.entity.User#3]
[2021-07-22 12:08:36] - Processing attribute `dOB` : value = 2001-12-10 00:00:00.0
[2021-07-22 12:08:36] - Attribute (`dOB`)  - enhanced for lazy-loading? - false
[2021-07-22 12:08:36] - Processing attribute `userName` : value = Kate
[2021-07-22 12:08:36] - Attribute (`userName`)  - enhanced for lazy-loading? - false
[2021-07-22 12:08:36] - Processing attribute `userTel` : value = 767097796
[2021-07-22 12:08:36] - Attribute (`userTel`)  - enhanced for lazy-loading? - false
[2021-07-22 12:08:36] - Done materializing entity [com.anu.springunijpa.entity.User#3]
[2021-07-22 12:08:36] - Resolving attributes for [com.anu.springunijpa.entity.User#4]
[2021-07-22 12:08:36] - Processing attribute `dOB` : value = 2000-11-23 00:00:00.0
[2021-07-22 12:08:36] - Attribute (`dOB`)  - enhanced for lazy-loading? - false
[2021-07-22 12:08:36] - Processing attribute `userName` : value = Roy
[2021-07-22 12:08:36] - Attribute (`userName`)  - enhanced for lazy-loading? - false
[2021-07-22 12:08:36] - Processing attribute `userTel` : value = 707096111
[2021-07-22 12:08:36] - Attribute (`userTel`)  - enhanced for lazy-loading? - false
[2021-07-22 12:08:36] - Done materializing entity [com.anu.springunijpa.entity.User#4]
[2021-07-22 12:08:36] - Resolving attributes for [com.anu.springunijpa.entity.User#5]
[2021-07-22 12:08:36] - Processing attribute `dOB` : value = 1999-08-22 00:00:00.0
[2021-07-22 12:08:36] - Attribute (`dOB`)  - enhanced for lazy-loading? - false
[2021-07-22 12:08:36] - Processing attribute `userName` : value = Jane
[2021-07-22 12:08:36] - Attribute (`userName`)  - enhanced for lazy-loading? - false
[2021-07-22 12:08:36] - Processing attribute `userTel` : value = 704749234
[2021-07-22 12:08:36] - Attribute (`userTel`)  - enhanced for lazy-loading? - false
[2021-07-22 12:08:36] - Done materializing entity [com.anu.springunijpa.entity.User#5]
[2021-07-22 12:08:36] - Resolving attributes for [com.anu.springunijpa.entity.User#6]
[2021-07-22 12:08:36] - Processing attribute `dOB` : value = 2002-02-10 00:00:00.0
[2021-07-22 12:08:36] - Attribute (`dOB`)  - enhanced for lazy-loading? - false
[2021-07-22 12:08:36] - Processing attribute `userName` : value = Sara
