[2021-07-28 18:39:31] - GET "/users/search?searchtype=name&search=kate", parameters={masked}
[2021-07-28 18:39:31] - Mapped to com.anu.springunijpa.controller.UserController#searchByAny(String, String)
[2021-07-28 18:39:31] - Opening JPA EntityManager in OpenEntityManagerInViewInterceptor
[2021-07-28 18:39:31] - Rendered criteria query -> select generatedAlias0 from User as generatedAlias0 where ( ( generatedAlias0.userId=:param0 ) or ( generatedAlias0.userName=:param1 ) ) or ( generatedAlias0.userTel is null )
[2021-07-28 18:39:31] - parse() - HQL: select generatedAlias0 from com.anu.springunijpa.entity.User as generatedAlias0 where ( ( generatedAlias0.userId=:param0 ) or ( generatedAlias0.userName=:param1 ) ) or ( generatedAlias0.userTel is null )
[2021-07-28 18:39:31] - throwQueryException() : no errors
[2021-07-28 18:39:31] - --- HQL AST ---
 \-[QUERY] Node: 'query'
    +-[SELECT_FROM] Node: 'SELECT_FROM'
    |  +-[FROM] Node: 'from'
    |  |  \-[RANGE] Node: 'RANGE'
    |  |     +-[DOT] Node: '.'
    |  |     |  +-[DOT] Node: '.'
    |  |     |  |  +-[DOT] Node: '.'
    |  |     |  |  |  +-[DOT] Node: '.'
    |  |     |  |  |  |  +-[IDENT] Node: 'com'
    |  |     |  |  |  |  \-[IDENT] Node: 'anu'
    |  |     |  |  |  \-[IDENT] Node: 'springunijpa'
    |  |     |  |  \-[IDENT] Node: 'entity'
    |  |     |  \-[IDENT] Node: 'User'
    |  |     \-[ALIAS] Node: 'generatedAlias0'
    |  \-[SELECT] Node: 'select'
    |     \-[IDENT] Node: 'generatedAlias0'
    \-[WHERE] Node: 'where'
       \-[OR] Node: 'or'
          +-[OR] Node: 'or'
          |  +-[EQ] Node: '='
          |  |  +-[DOT] Node: '.'
          |  |  |  +-[IDENT] Node: 'generatedAlias0'
          |  |  |  \-[IDENT] Node: 'userId'
          |  |  \-[COLON] Node: ':'
          |  |     \-[IDENT] Node: 'param0'
          |  \-[EQ] Node: '='
          |     +-[DOT] Node: '.'
          |     |  +-[IDENT] Node: 'generatedAlias0'
          |     |  \-[IDENT] Node: 'userName'
          |     \-[COLON] Node: ':'
          |        \-[IDENT] Node: 'param1'
          \-[IS_NULL] Node: 'is null'
             \-[DOT] Node: '.'
                +-[IDENT] Node: 'generatedAlias0'
                \-[IDENT] Node: 'userTel'

[2021-07-28 18:39:31] - select << begin [level=1, statement=select]
[2021-07-28 18:39:31] - FromClause{level=1} : com.anu.springunijpa.entity.User (generatedAlias0) -> user0_
[2021-07-28 18:39:31] - Resolved : generatedAlias0 -> user0_.user_id
[2021-07-28 18:39:31] - Resolved : generatedAlias0 -> user0_.user_id
[2021-07-28 18:39:31] - getDataType() : userId -> org.hibernate.type.IntegerType@617449dd
[2021-07-28 18:39:31] - Resolved : generatedAlias0.userId -> user0_.user_id
[2021-07-28 18:39:31] - Resolved : generatedAlias0 -> user0_.user_id
[2021-07-28 18:39:31] - getDataType() : userName -> org.hibernate.type.StringType@553d2579
[2021-07-28 18:39:31] - Resolved : generatedAlias0.userName -> user0_.user_name
[2021-07-28 18:39:31] - Resolved : generatedAlias0 -> user0_.user_id
[2021-07-28 18:39:31] - getDataType() : userTel -> org.hibernate.type.StringType@553d2579
[2021-07-28 18:39:31] - Resolved : generatedAlias0.userTel -> user0_.user_tel
[2021-07-28 18:39:31] - select : finishing up [level=1, statement=select]
[2021-07-28 18:39:31] - processQuery() :  ( SELECT ( {select clause} user0_.user_id ) ( FromClause{level=1} user user0_ ) ( where ( or ( or ( = ( user0_.user_id user0_.user_id userId ) ? ) ( = ( user0_.user_name user0_.user_id userName ) ? ) ) ( is null ( user0_.user_tel user0_.user_id userTel ) ) ) ) )
[2021-07-28 18:39:31] - Tables referenced from query nodes:
 \-QueryNode
    +-SelectClause
    | referencedTables(entity User): [user]
    |  +-IdentNode
    |  | persister: SingleTableEntityPersister(com.anu.springunijpa.entity.User)
    |  | originalText: generatedAlias0
    |  \-SqlFragment
    +-FromClause
    |  \-FromElement
    \-SqlNode
       \-SqlNode
          +-SqlNode
          |  +-BinaryLogicOperatorNode
          |  |  +-DotNode
          |  |  | persister: SingleTableEntityPersister(com.anu.springunijpa.entity.User)
          |  |  | path: generatedAlias0.userId
          |  |  |  +-IdentNode
          |  |  |  | persister: SingleTableEntityPersister(com.anu.springunijpa.entity.User)
          |  |  |  | originalText: generatedAlias0
          |  |  |  \-IdentNode
          |  |  |    persister: null
          |  |  |    originalText: userId
          |  |  \-ParameterNode
          |  \-BinaryLogicOperatorNode
          |     +-DotNode
          |     | persister: SingleTableEntityPersister(com.anu.springunijpa.entity.User)
          |     | path: generatedAlias0.userName
          |     |  +-IdentNode
          |     |  | persister: SingleTableEntityPersister(com.anu.springunijpa.entity.User)
          |     |  | originalText: generatedAlias0
          |     |  \-IdentNode
          |     |    persister: null
          |     |    originalText: userName
          |     \-ParameterNode
          \-IsNullLogicOperatorNode
             \-DotNode
               persister: SingleTableEntityPersister(com.anu.springunijpa.entity.User)
               path: generatedAlias0.userTel
                +-IdentNode
                | persister: SingleTableEntityPersister(com.anu.springunijpa.entity.User)
                | originalText: generatedAlias0
                \-IdentNode
                  persister: null
                  originalText: userTel

[2021-07-28 18:39:31] - Using FROM fragment [user user0_]
[2021-07-28 18:39:31] - select >> end [level=1, statement=select]
[2021-07-28 18:39:31] - --- SQL AST ---
 \-[SELECT] QueryNode: 'SELECT'  querySpaces (user)
    +-[SELECT_CLAUSE] SelectClause: '{select clause}'
    |  +-[ALIAS_REF] IdentNode: 'user0_.user_id as user_id1_1_' {alias=generatedAlias0, className=com.anu.springunijpa.entity.User, tableAlias=user0_}
    |  \-[SQL_TOKEN] SqlFragment: 'user0_.date_of_birth as date_of_2_1_, user0_.user_name as user_nam3_1_, user0_.user_tel as user_tel4_1_'
    +-[FROM] FromClause: 'from' FromClause{level=1, fromElementCounter=1, fromElements=1, fromElementByClassAlias=[generatedAlias0], fromElementByTableAlias=[user0_], fromElementsByPath=[], collectionJoinFromElementsByPath=[], impliedElements=[]}
    |  \-[FROM_FRAGMENT] FromElement: 'user user0_' FromElement{explicit,not a collection join,not a fetch join,fetch non-lazy properties,classAlias=generatedAlias0,role=null,tableName=user,tableAlias=user0_,origin=null,columns={,className=com.anu.springunijpa.entity.User}}
    \-[WHERE] SqlNode: 'where'
       \-[OR] SqlNode: 'or'
          +-[OR] SqlNode: 'or'
          |  +-[EQ] BinaryLogicOperatorNode: '='
          |  |  +-[DOT] DotNode: 'user0_.user_id' {propertyName=userId,dereferenceType=PRIMITIVE,getPropertyPath=userId,path=generatedAlias0.userId,tableAlias=user0_,className=com.anu.springunijpa.entity.User,classAlias=generatedAlias0}
          |  |  |  +-[ALIAS_REF] IdentNode: 'user0_.user_id' {alias=generatedAlias0, className=com.anu.springunijpa.entity.User, tableAlias=user0_}
          |  |  |  \-[IDENT] IdentNode: 'userId' {originalText=userId}
          |  |  \-[NAMED_PARAM] ParameterNode: '?' {name=param0, expectedType=org.hibernate.type.IntegerType@617449dd}
          |  \-[EQ] BinaryLogicOperatorNode: '='
          |     +-[DOT] DotNode: 'user0_.user_name' {propertyName=userName,dereferenceType=PRIMITIVE,getPropertyPath=userName,path=generatedAlias0.userName,tableAlias=user0_,className=com.anu.springunijpa.entity.User,classAlias=generatedAlias0}
          |     |  +-[ALIAS_REF] IdentNode: 'user0_.user_id' {alias=generatedAlias0, className=com.anu.springunijpa.entity.User, tableAlias=user0_}
          |     |  \-[IDENT] IdentNode: 'userName' {originalText=userName}
          |     \-[NAMED_PARAM] ParameterNode: '?' {name=param1, expectedType=org.hibernate.type.StringType@553d2579}
          \-[IS_NULL] IsNullLogicOperatorNode: 'is null'
             \-[DOT] DotNode: 'user0_.user_tel' {propertyName=userTel,dereferenceType=PRIMITIVE,getPropertyPath=userTel,path=generatedAlias0.userTel,tableAlias=user0_,className=com.anu.springunijpa.entity.User,classAlias=generatedAlias0}
                +-[ALIAS_REF] IdentNode: 'user0_.user_id' {alias=generatedAlias0, className=com.anu.springunijpa.entity.User, tableAlias=user0_}
                \-[IDENT] IdentNode: 'userTel' {originalText=userTel}

[2021-07-28 18:39:31] - throwQueryException() : no errors
[2021-07-28 18:39:31] - HQL: select generatedAlias0 from com.anu.springunijpa.entity.User as generatedAlias0 where ( ( generatedAlias0.userId=:param0 ) or ( generatedAlias0.userName=:param1 ) ) or ( generatedAlias0.userTel is null )
[2021-07-28 18:39:31] - SQL: select user0_.user_id as user_id1_1_, user0_.date_of_birth as date_of_2_1_, user0_.user_name as user_nam3_1_, user0_.user_tel as user_tel4_1_ from user user0_ where user0_.user_id=? or user0_.user_name=? or user0_.user_tel is null
[2021-07-28 18:39:31] - throwQueryException() : no errors
[2021-07-28 18:39:31] - select user0_.user_id as user_id1_1_, user0_.date_of_birth as date_of_2_1_, user0_.user_name as user_nam3_1_, user0_.user_tel as user_tel4_1_ from user user0_ where user0_.user_id=? or user0_.user_name=? or user0_.user_tel is null
[2021-07-28 18:39:31] - Result set row: 0
[2021-07-28 18:39:31] - Result row: EntityKey[com.anu.springunijpa.entity.User#3]
[2021-07-28 18:39:31] - Result set row: 1
[2021-07-28 18:39:31] - Result row: EntityKey[com.anu.springunijpa.entity.User#11]
[2021-07-28 18:39:31] - Result set row: 2
[2021-07-28 18:39:31] - Result row: EntityKey[com.anu.springunijpa.entity.User#12]
[2021-07-28 18:39:31] - Resolving attributes for [com.anu.springunijpa.entity.User#3]
[2021-07-28 18:39:31] - Processing attribute `dOB` : value = 2001-12-10
[2021-07-28 18:39:31] - Attribute (`dOB`)  - enhanced for lazy-loading? - false
[2021-07-28 18:39:31] - Processing attribute `userCourseSet` : value = NOT NULL COLLECTION
[2021-07-28 18:39:31] - Attribute (`userCourseSet`)  - enhanced for lazy-loading? - false
[2021-07-28 18:39:31] - Processing attribute `userName` : value = Kate
[2021-07-28 18:39:31] - Attribute (`userName`)  - enhanced for lazy-loading? - false
[2021-07-28 18:39:31] - Processing attribute `userTel` : value = 767097796
[2021-07-28 18:39:31] - Attribute (`userTel`)  - enhanced for lazy-loading? - false
