[2021-07-26 10:31:03] - HHH000490: Using JtaPlatform implementation: [org.hibernate.engine.transaction.jta.platform.internal.NoJtaPlatform]
[2021-07-26 10:31:03] - Initialized JPA EntityManagerFactory for persistence unit 'default'
[2021-07-26 10:31:04] - spring.jpa.open-in-view is enabled by default. Therefore, database queries may be performed during view rendering. Explicitly configure spring.jpa.open-in-view to disable this warning
[2021-07-26 10:31:04] - Starting ProtocolHandler ["http-nio-8080"]
[2021-07-26 10:31:04] - Tomcat started on port(s): 8080 (http) with context path ''
[2021-07-26 10:31:04] - Started SpringUniJpaApplication in 3.427 seconds (JVM running for 4.27)
[2021-07-26 10:31:13] - Initializing Spring DispatcherServlet 'dispatcherServlet'
[2021-07-26 10:31:13] - Initializing Servlet 'dispatcherServlet'
[2021-07-26 10:31:13] - Completed initialization in 1 ms
[2021-07-26 10:31:13] - HHH000100: Fail-safe cleanup (collections) : org.hibernate.engine.loading.internal.CollectionLoadContext@4d85ba2<rs=HikariProxyResultSet@715584000 wrapping Result set representing update count of 2>
[2021-07-26 10:31:13] - HHH000100: Fail-safe cleanup (collections) : org.hibernate.engine.loading.internal.CollectionLoadContext@7bd319f7<rs=HikariProxyResultSet@750895745 wrapping Result set representing update count of 2>
[2021-07-26 10:31:13] - HHH000100: Fail-safe cleanup (collections) : org.hibernate.engine.loading.internal.CollectionLoadContext@4036568b<rs=HikariProxyResultSet@2033363460 wrapping Result set representing update count of 2>
[2021-07-26 10:31:13] - HHH000100: Fail-safe cleanup (collections) : org.hibernate.engine.loading.internal.CollectionLoadContext@2c3d62d4<rs=HikariProxyResultSet@681353349 wrapping Result set representing update count of 2>
[2021-07-26 10:31:13] - HHH000100: Fail-safe cleanup (collections) : org.hibernate.engine.loading.internal.CollectionLoadContext@6a7e39ba<rs=HikariProxyResultSet@1618778249 wrapping Result set representing update count of 2>
[2021-07-26 10:31:13] - HHH000100: Fail-safe cleanup (collections) : org.hibernate.engine.loading.internal.CollectionLoadContext@90199a3<rs=HikariProxyResultSet@437124233 wrapping Result set representing update count of 2>
[2021-07-26 10:31:13] - HHH000100: Fail-safe cleanup (collections) : org.hibernate.engine.loading.internal.CollectionLoadContext@7b710406<rs=HikariProxyResultSet@1117283211 wrapping Result set representing update count of 2>
[2021-07-26 10:31:13] - HHH000100: Fail-safe cleanup (collections) : org.hibernate.engine.loading.internal.CollectionLoadContext@3c1de27e<rs=HikariProxyResultSet@1520030220 wrapping Result set representing update count of 2>
[2021-07-26 10:31:13] - HHH000100: Fail-safe cleanup (collections) : org.hibernate.engine.loading.internal.CollectionLoadContext@27b5bfae<rs=HikariProxyResultSet@1272396941 wrapping Result set representing update count of 2>
[2021-07-26 10:31:13] - HHH000100: Fail-safe cleanup (collections) : org.hibernate.engine.loading.internal.CollectionLoadContext@22fcf67a<rs=HikariProxyResultSet@950290190 wrapping Result set representing update count of 2>
[2021-07-26 10:31:13] - HHH000100: Fail-safe cleanup (collections) : org.hibernate.engine.loading.internal.CollectionLoadContext@515e8717<rs=HikariProxyResultSet@1206357903 wrapping Result set representing update count of 2>
[2021-07-26 10:31:13] - HHH000100: Fail-safe cleanup (collections) : org.hibernate.engine.loading.internal.CollectionLoadContext@2839150<rs=HikariProxyResultSet@377479692 wrapping Result set representing update count of 2>
[2021-07-26 10:31:13] - HHH000100: Fail-safe cleanup (collections) : org.hibernate.engine.loading.internal.CollectionLoadContext@8410661<rs=HikariProxyResultSet@1781844875 wrapping Result set representing update count of 2>
[2021-07-26 10:31:13] - HHH000100: Fail-safe cleanup (collections) : org.hibernate.engine.loading.internal.CollectionLoadContext@4d4b6e35<rs=HikariProxyResultSet@382894604 wrapping Result set representing update count of 2>
[2021-07-26 10:31:13] - HHH000100: Fail-safe cleanup (collections) : org.hibernate.engine.loading.internal.CollectionLoadContext@68883eb4<rs=HikariProxyResultSet@1514037139 wrapping Result set representing update count of 2>
[2021-07-26 10:31:13] - HHH000100: Fail-safe cleanup (collections) : org.hibernate.engine.loading.internal.CollectionLoadContext@761f3be4<rs=HikariProxyResultSet@715387920 wrapping Result set representing update count of 2>
[2021-07-26 10:31:13] - HHH000100: Fail-safe cleanup (collections) : org.hibernate.engine.loading.internal.CollectionLoadContext@766d4948<rs=HikariProxyResultSet@1367236245 wrapping Result set representing update count of 2>
[2021-07-26 10:31:13] - HHH000100: Fail-safe cleanup (collections) : org.hibernate.engine.loading.internal.CollectionLoadContext@6041bb76<rs=HikariProxyResultSet@131457814 wrapping Result set representing update count of 2>
[2021-07-26 10:31:13] - HHH000100: Fail-safe cleanup (collections) : org.hibernate.engine.loading.internal.CollectionLoadContext@49955454<rs=HikariProxyResultSet@921142679 wrapping Result set representing update count of 2>
[2021-07-26 10:31:13] - HHH000100: Fail-safe cleanup (collections) : org.hibernate.engine.loading.internal.CollectionLoadContext@46da9699<rs=HikariProxyResultSet@1472405145 wrapping Result set representing update count of 2>
[2021-07-26 10:31:13] - HHH000100: Fail-safe cleanup (collections) : org.hibernate.engine.loading.internal.CollectionLoadContext@5ae1b003<rs=HikariProxyResultSet@258986649 wrapping Result set representing update count of 2>
[2021-07-26 10:31:13] - HHH000100: Fail-safe cleanup (collections) : org.hibernate.engine.loading.internal.CollectionLoadContext@37162a22<rs=HikariProxyResultSet@949313947 wrapping Result set representing update count of 2>
[2021-07-26 10:31:13] - HHH000100: Fail-safe cleanup (collections) : org.hibernate.engine.loading.internal.CollectionLoadContext@5442ef60<rs=HikariProxyResultSet@182863900 wrapping Result set representing update count of 2>
[2021-07-26 10:31:13] - HHH000100: Fail-safe cleanup (collections) : org.hibernate.engine.loading.internal.CollectionLoadContext@46bed52f<rs=HikariProxyResultSet@1365892636 wrapping Result set representing update count of 2>
[2021-07-26 10:31:13] - HHH000100: Fail-safe cleanup (collections) : org.hibernate.engine.loading.internal.CollectionLoadContext@11880453<rs=HikariProxyResultSet@1097117599 wrapping Result set representing update count of 2>
[2021-07-26 10:31:13] - HHH000100: Fail-safe cleanup (collections) : org.hibernate.engine.loading.internal.CollectionLoadContext@17496b7a<rs=HikariProxyResultSet@1303022495 wrapping Result set representing update count of 2>
[2021-07-26 10:31:13] - HHH000100: Fail-safe cleanup (collections) : org.hibernate.engine.loading.internal.CollectionLoadContext@5433bf1c<rs=HikariProxyResultSet@939478943 wrapping Result set representing update count of 2>
[2021-07-26 10:31:13] - HHH000100: Fail-safe cleanup (collections) : org.hibernate.engine.loading.internal.CollectionLoadContext@64140f18<rs=HikariProxyResultSet@466878242 wrapping Result set representing update count of 2>
[2021-07-26 10:31:13] - HHH000100: Fail-safe cleanup (collections) : org.hibernate.engine.loading.internal.CollectionLoadContext@356f3555<rs=HikariProxyResultSet@1990572068 wrapping Result set representing update count of 2>
[2021-07-26 10:31:13] - HHH000100: Fail-safe cleanup (collections) : org.hibernate.engine.loading.internal.CollectionLoadContext@69218a39<rs=HikariProxyResultSet@496331429 wrapping Result set representing update count of 2>
[2021-07-26 10:31:13] - HHH000100: Fail-safe cleanup (collections) : org.hibernate.engine.loading.internal.CollectionLoadContext@2023035e<rs=HikariProxyResultSet@1377706149 wrapping Result set representing update count of 2>
[2021-07-26 10:31:13] - HHH000100: Fail-safe cleanup (collections) : org.hibernate.engine.loading.internal.CollectionLoadContext@648ba48d<rs=HikariProxyResultSet@1051969830 wrapping Result set representing update count of 2>
[2021-07-26 10:31:13] - HHH000100: Fail-safe cleanup (collections) : org.hibernate.engine.loading.internal.CollectionLoadContext@2882e0d4<rs=HikariProxyResultSet@549742507 wrapping Result set representing update count of 2>
[2021-07-26 10:31:13] - HHH000100: Fail-safe cleanup (collections) : org.hibernate.engine.loading.internal.CollectionLoadContext@4d17d7bf<rs=HikariProxyResultSet@494371372 wrapping Result set representing update count of 2>
[2021-07-26 10:31:13] - HHH000100: Fail-safe cleanup (collections) : org.hibernate.engine.loading.internal.CollectionLoadContext@751604b0<rs=HikariProxyResultSet@1370935344 wrapping Result set representing update count of 2>
[2021-07-26 10:31:13] - HHH000100: Fail-safe cleanup (collections) : org.hibernate.engine.loading.internal.CollectionLoadContext@4c007953<rs=HikariProxyResultSet@2105920048 wrapping Result set representing update count of 2>
[2021-07-26 10:31:13] - HHH000100: Fail-safe cleanup (collections) : org.hibernate.engine.loading.internal.CollectionLoadContext@73bbb447<rs=HikariProxyResultSet@1460319155 wrapping Result set representing update count of 2>
[2021-07-26 10:31:13] - HHH000100: Fail-safe cleanup (collections) : org.hibernate.engine.loading.internal.CollectionLoadContext@623fa0<rs=HikariProxyResultSet@1466159668 wrapping Result set representing update count of 2>
[2021-07-26 10:31:13] - HHH000100: Fail-safe cleanup (collections) : org.hibernate.engine.loading.internal.CollectionLoadContext@45148898<rs=HikariProxyResultSet@167486137 wrapping Result set representing update count of 2>
[2021-07-26 10:31:13] - HHH000100: Fail-safe cleanup (collections) : org.hibernate.engine.loading.internal.CollectionLoadContext@a91ab88<rs=HikariProxyResultSet@1684479290 wrapping Result set representing update count of 2>
[2021-07-26 10:31:13] - HHH000100: Fail-safe cleanup (collections) : org.hibernate.engine.loading.internal.CollectionLoadContext@24263f11<rs=HikariProxyResultSet@254216893 wrapping Result set representing update count of 2>
[2021-07-26 10:31:13] - HHH000100: Fail-safe cleanup (collections) : org.hibernate.engine.loading.internal.CollectionLoadContext@35a88b0a<rs=HikariProxyResultSet@504081726 wrapping Result set representing update count of 2>
[2021-07-26 10:31:13] - HHH000100: Fail-safe cleanup (collections) : org.hibernate.engine.loading.internal.CollectionLoadContext@5419856f<rs=HikariProxyResultSet@767806 wrapping Result set representing update count of 2>
[2021-07-26 10:31:13] - HHH000100: Fail-safe cleanup (collections) : org.hibernate.engine.loading.internal.CollectionLoadContext@5353a98f<rs=HikariProxyResultSet@152886848 wrapping Result set representing update count of 2>
[2021-07-26 10:31:13] - HHH000100: Fail-safe cleanup (collections) : org.hibernate.engine.loading.internal.CollectionLoadContext@4618da43<rs=HikariProxyResultSet@223313601 wrapping Result set representing update count of 2>
[2021-07-26 10:31:13] - HHH000100: Fail-safe cleanup (collections) : org.hibernate.engine.loading.internal.CollectionLoadContext@3719f951<rs=HikariProxyResultSet@1640284740 wrapping Result set representing update count of 2>
[2021-07-26 10:31:13] - HHH000100: Fail-safe cleanup (collections) : org.hibernate.engine.loading.internal.CollectionLoadContext@2fb32020<rs=HikariProxyResultSet@1929956166 wrapping Result set representing update count of 2>
[2021-07-26 10:31:13] - HHH000100: Fail-safe cleanup (collections) : org.hibernate.engine.loading.internal.CollectionLoadContext@61e2eb88<rs=HikariProxyResultSet@274770758 wrapping Result set representing update count of 2>
[2021-07-26 10:31:13] - HHH000100: Fail-safe cleanup (collections) : org.hibernate.engine.loading.internal.CollectionLoadContext@61a8ef35<rs=HikariProxyResultSet@892259275 wrapping Result set representing update count of 2>
[2021-07-26 10:31:13] - HHH000100: Fail-safe cleanup (collections) : org.hibernate.engine.loading.internal.CollectionLoadContext@19035120<rs=HikariProxyResultSet@147662412 wrapping Result set representing update count of 2>
[2021-07-26 10:31:13] - HHH000100: Fail-safe cleanup (collections) : org.hibernate.engine.loading.internal.CollectionLoadContext@2f07d000<rs=HikariProxyResultSet@186589006 wrapping Result set representing update count of 2>
[2021-07-26 10:31:13] - HHH000100: Fail-safe cleanup (collections) : org.hibernate.engine.loading.internal.CollectionLoadContext@59cfc0c3<rs=HikariProxyResultSet@1734344272 wrapping Result set representing update count of 2>
[2021-07-26 10:31:13] - HHH000100: Fail-safe cleanup (collections) : org.hibernate.engine.loading.internal.CollectionLoadContext@7fb85d88<rs=HikariProxyResultSet@1875819858 wrapping Result set representing update count of 2>
[2021-07-26 10:31:13] - HHH000100: Fail-safe cleanup (collections) : org.hibernate.engine.loading.internal.CollectionLoadContext@7cb1990e<rs=HikariProxyResultSet@519417811 wrapping Result set representing update count of 2>
[2021-07-26 10:31:13] - HHH000100: Fail-safe cleanup (collections) : org.hibernate.engine.loading.internal.CollectionLoadContext@6d27c148<rs=HikariProxyResultSet@1150236373 wrapping Result set representing update count of 2>
[2021-07-26 10:31:13] - HHH000100: Fail-safe cleanup (collections) : org.hibernate.engine.loading.internal.CollectionLoadContext@4ac9ddf7<rs=HikariProxyResultSet@1068479830 wrapping Result set representing update count of 2>
[2021-07-26 10:31:13] - HHH000100: Fail-safe cleanup (collections) : org.hibernate.engine.loading.internal.CollectionLoadContext@77a09d3b<rs=HikariProxyResultSet@895362390 wrapping Result set representing update count of 2>
[2021-07-26 10:31:13] - HHH000100: Fail-safe cleanup (collections) : org.hibernate.engine.loading.internal.CollectionLoadContext@7290328<rs=HikariProxyResultSet@643070552 wrapping Result set representing update count of 2>
[2021-07-26 10:31:13] - HHH000100: Fail-safe cleanup (collections) : org.hibernate.engine.loading.internal.CollectionLoadContext@5457bf04<rs=HikariProxyResultSet@1566309980 wrapping Result set representing update count of 2>
[2021-07-26 10:31:13] - HHH000100: Fail-safe cleanup (collections) : org.hibernate.engine.loading.internal.CollectionLoadContext@5075e61c<rs=HikariProxyResultSet@1065097949 wrapping Result set representing update count of 2>
[2021-07-26 10:31:13] - HHH000100: Fail-safe cleanup (collections) : org.hibernate.engine.loading.internal.CollectionLoadContext@234ff06c<rs=HikariProxyResultSet@1924103010 wrapping Result set representing update count of 2>
[2021-07-26 10:31:13] - HHH000100: Fail-safe cleanup (collections) : org.hibernate.engine.loading.internal.CollectionLoadContext@6cb0976e<rs=HikariProxyResultSet@1352945510 wrapping Result set representing update count of 2>
[2021-07-26 10:31:13] - HHH000100: Fail-safe cleanup (collections) : org.hibernate.engine.loading.internal.CollectionLoadContext@576aa63<rs=HikariProxyResultSet@2105666535 wrapping Result set representing update count of 2>
[2021-07-26 10:31:13] - HHH000100: Fail-safe cleanup (collections) : org.hibernate.engine.loading.internal.CollectionLoadContext@7a4ce9d7<rs=HikariProxyResultSet@2113055590 wrapping Result set representing update count of 2>
[2021-07-26 10:31:13] - HHH000100: Fail-safe cleanup (collections) : org.hibernate.engine.loading.internal.CollectionLoadContext@265cba62<rs=HikariProxyResultSet@1083796713 wrapping Result set representing update count of 2>
[2021-07-26 10:31:13] - HHH000100: Fail-safe cleanup (collections) : org.hibernate.engine.loading.internal.CollectionLoadContext@4ebf4220<rs=HikariProxyResultSet@1662764265 wrapping Result set representing update count of 2>
[2021-07-26 10:31:13] - HHH000100: Fail-safe cleanup (collections) : org.hibernate.engine.loading.internal.CollectionLoadContext@7e2adc26<rs=HikariProxyResultSet@1115801067 wrapping Result set representing update count of 2>
[2021-07-26 10:31:13] - HHH000100: Fail-safe cleanup (collections) : org.hibernate.engine.loading.internal.CollectionLoadContext@63359065<rs=HikariProxyResultSet@1490104041 wrapping Result set representing update count of 2>
[2021-07-26 10:31:13] - HHH000100: Fail-safe cleanup (collections) : org.hibernate.engine.loading.internal.CollectionLoadContext@20f9a9cb<rs=HikariProxyResultSet@994477805 wrapping Result set representing update count of 2>
[2021-07-26 10:31:13] - HHH000100: Fail-safe cleanup (collections) : org.hibernate.engine.loading.internal.CollectionLoadContext@14e351b6<rs=HikariProxyResultSet@1429764075 wrapping Result set representing update count of 2>
[2021-07-26 10:31:13] - HHH000100: Fail-safe cleanup (collections) : org.hibernate.engine.loading.internal.CollectionLoadContext@3c8074e0<rs=HikariProxyResultSet@467222124 wrapping Result set representing update count of 2>
[2021-07-26 10:31:13] - HHH000100: Fail-safe cleanup (collections) : org.hibernate.engine.loading.internal.CollectionLoadContext@73796dad<rs=HikariProxyResultSet@1995835367 wrapping Result set representing update count of 2>
[2021-07-26 10:31:13] - HHH000100: Fail-safe cleanup (collections) : org.hibernate.engine.loading.internal.CollectionLoadContext@1ea335f8<rs=HikariProxyResultSet@1549107058 wrapping Result set representing update count of 2>
[2021-07-26 10:31:13] - HHH000100: Fail-safe cleanup (collections) : org.hibernate.engine.loading.internal.CollectionLoadContext@10c3a97b<rs=HikariProxyResultSet@835842293 wrapping Result set representing update count of 2>
[2021-07-26 10:31:13] - HHH000100: Fail-safe cleanup (collections) : org.hibernate.engine.loading.internal.CollectionLoadContext@2f5be8f7<rs=HikariProxyResultSet@1949406070 wrapping Result set representing update count of 2>
[2021-07-26 10:31:13] - HHH000100: Fail-safe cleanup (collections) : org.hibernate.engine.loading.internal.CollectionLoadContext@1777fcb4<rs=HikariProxyResultSet@632191991 wrapping Result set representing update count of 2>
[2021-07-26 10:31:13] - HHH000100: Fail-safe cleanup (collections) : org.hibernate.engine.loading.internal.CollectionLoadContext@10fc0757<rs=HikariProxyResultSet@1003551993 wrapping Result set representing update count of 2>
[2021-07-26 10:31:13] - HHH000100: Fail-safe cleanup (collections) : org.hibernate.engine.loading.internal.CollectionLoadContext@1df9ec42<rs=HikariProxyResultSet@209439098 wrapping Result set representing update count of 2>
[2021-07-26 10:31:13] - HHH000100: Fail-safe cleanup (collections) : org.hibernate.engine.loading.internal.CollectionLoadContext@6d15a35a<rs=HikariProxyResultSet@1008966268 wrapping Result set representing update count of 2>
[2021-07-26 10:31:13] - HHH000100: Fail-safe cleanup (collections) : org.hibernate.engine.loading.internal.CollectionLoadContext@452f7010<rs=HikariProxyResultSet@1884203132 wrapping Result set representing update count of 2>
[2021-07-26 10:31:13] - HHH000100: Fail-safe cleanup (collections) : org.hibernate.engine.loading.internal.CollectionLoadContext@3599015d<rs=HikariProxyResultSet@1827796862 wrapping Result set representing update count of 2>
[2021-07-26 10:31:13] - HHH000100: Fail-safe cleanup (collections) : org.hibernate.engine.loading.internal.CollectionLoadContext@67d06050<rs=HikariProxyResultSet@1233711228 wrapping Result set representing update count of 2>
[2021-07-26 10:31:13] - HHH000100: Fail-safe cleanup (collections) : org.hibernate.engine.loading.internal.CollectionLoadContext@279f0083<rs=HikariProxyResultSet@310169599 wrapping Result set representing update count of 2>
[2021-07-26 10:31:13] - HHH000100: Fail-safe cleanup (collections) : org.hibernate.engine.loading.internal.CollectionLoadContext@190e4b90<rs=HikariProxyResultSet@1065798526 wrapping Result set representing update count of 2>
[2021-07-26 10:31:13] - HHH000100: Fail-safe cleanup (collections) : org.hibernate.engine.loading.internal.CollectionLoadContext@64602205<rs=HikariProxyResultSet@1991277059 wrapping Result set representing update count of 2>
[2021-07-26 10:31:13] - HHH000100: Fail-safe cleanup (collections) : org.hibernate.engine.loading.internal.CollectionLoadContext@d61c39<rs=HikariProxyResultSet@662424708 wrapping Result set representing update count of 2>
[2021-07-26 10:31:13] - HHH000100: Fail-safe cleanup (collections) : org.hibernate.engine.loading.internal.CollectionLoadContext@5f129fb8<rs=HikariProxyResultSet@327031561 wrapping Result set representing update count of 2>
[2021-07-26 10:31:13] - HHH000100: Fail-safe cleanup (collections) : org.hibernate.engine.loading.internal.CollectionLoadContext@34ab0d01<rs=HikariProxyResultSet@1504387466 wrapping Result set representing update count of 2>
[2021-07-26 10:31:13] - HHH000100: Fail-safe cleanup (collections) : org.hibernate.engine.loading.internal.CollectionLoadContext@51be619b<rs=HikariProxyResultSet@1773139979 wrapping Result set representing update count of 2>
[2021-07-26 10:31:13] - HHH000100: Fail-safe cleanup (collections) : org.hibernate.engine.loading.internal.CollectionLoadContext@61399841<rs=HikariProxyResultSet@1544869387 wrapping Result set representing update count of 2>
[2021-07-26 10:31:13] - HHH000100: Fail-safe cleanup (collections) : org.hibernate.engine.loading.internal.CollectionLoadContext@2a1d2481<rs=HikariProxyResultSet@684618634 wrapping Result set representing update count of 2>
[2021-07-26 10:31:13] - HHH000100: Fail-safe cleanup (collections) : org.hibernate.engine.loading.internal.CollectionLoadContext@4632f7c6<rs=HikariProxyResultSet@26458510 wrapping Result set representing update count of 2>
[2021-07-26 10:31:13] - HHH000100: Fail-safe cleanup (collections) : org.hibernate.engine.loading.internal.CollectionLoadContext@64a2f422<rs=HikariProxyResultSet@1030045711 wrapping Result set representing update count of 2>
[2021-07-26 10:31:13] - HHH000100: Fail-safe cleanup (collections) : org.hibernate.engine.loading.internal.CollectionLoadContext@49f49367<rs=HikariProxyResultSet@1793224082 wrapping Result set representing update count of 2>
[2021-07-26 10:31:13] - HHH000100: Fail-safe cleanup (collections) : org.hibernate.engine.loading.internal.CollectionLoadContext@a8e9ff4<rs=HikariProxyResultSet@1499586579 wrapping Result set representing update count of 2>
[2021-07-26 10:31:13] - HHH000100: Fail-safe cleanup (collections) : org.hibernate.engine.loading.internal.CollectionLoadContext@5bd3c5a4<rs=HikariProxyResultSet@149841052 wrapping Result set representing update count of 2>
[2021-07-26 10:31:13] - HHH000100: Fail-safe cleanup (collections) : org.hibernate.engine.loading.internal.CollectionLoadContext@28a32918<rs=HikariProxyResultSet@1456244509 wrapping Result set representing update count of 2>
[2021-07-26 10:31:13] - HHH000100: Fail-safe cleanup (collections) : org.hibernate.engine.loading.internal.CollectionLoadContext@45a1e8c0<rs=HikariProxyResultSet@1723033506 wrapping Result set representing update count of 2>
[2021-07-26 10:31:13] - HHH000100: Fail-safe cleanup (collections) : org.hibernate.engine.loading.internal.CollectionLoadContext@3b2eaebf<rs=HikariProxyResultSet@304224037 wrapping Result set representing update count of 2>
[2021-07-26 10:31:13] - HHH000100: Fail-safe cleanup (collections) : org.hibernate.engine.loading.internal.CollectionLoadContext@7e15a29b<rs=HikariProxyResultSet@508921512 wrapping Result set representing update count of 2>
