[2021-07-28 16:07:58] - No alter strings for table : course
[2021-07-28 16:07:58] - No alter strings for table : user
[2021-07-28 16:07:58] - No alter strings for table : user_course
[2021-07-28 16:07:58] - HHH000490: Using JtaPlatform implementation: [org.hibernate.engine.transaction.jta.platform.internal.NoJtaPlatform]
[2021-07-28 16:07:58] - Checking 0 named HQL queries
[2021-07-28 16:07:58] - Checking 0 named SQL queries
[2021-07-28 16:07:58] - Initializing SessionFactoryRegistry : org.hibernate.internal.SessionFactoryRegistry@5ae87de0
[2021-07-28 16:07:58] - Registering SessionFactory: 1291b19c-9339-4e1d-81c3-cfca1e39c1c0 (<unnamed>)
[2021-07-28 16:07:58] - Not binding SessionFactory to JNDI, no JNDI name configured
[2021-07-28 16:07:58] - Initialized JPA EntityManagerFactory for persistence unit 'default'
[2021-07-28 16:07:58] - Creating shared instance of singleton bean 'jpaMappingContext'
[2021-07-28 16:07:58] - Initializing JpaMetamodelMappingContext…
[2021-07-28 16:07:58] - Finished initializing JpaMetamodelMappingContext!
[2021-07-28 16:07:58] - Creating new EntityManager for shared EntityManager invocation
[2021-07-28 16:07:58] - Statistics initialized [enabled=false]
[2021-07-28 16:07:58] - Creating new EntityManager for shared EntityManager invocation
[2021-07-28 16:07:58] - Initializing repository instance for com.anu.springunijpa.repository.CourseRepository…
[2021-07-28 16:07:58] - Creating new EntityManager for shared EntityManager invocation
[2021-07-28 16:07:58] - Looking up query for method findByCourseLeader
[2021-07-28 16:07:58] - Looking up named query Course.findByCourseLeader
[2021-07-28 16:07:58] - On TransactionImpl creation, JpaCompliance#isJpaTransactionComplianceEnabled == false
[2021-07-28 16:07:58] - Did not find named query Course.findByCourseLeader
[2021-07-28 16:07:58] - Creating new EntityManager for shared EntityManager invocation
[2021-07-28 16:07:58] - Looking up query for method findByCourseName
[2021-07-28 16:07:58] - Looking up named query Course.findByCourseName
[2021-07-28 16:07:58] - On TransactionImpl creation, JpaCompliance#isJpaTransactionComplianceEnabled == false
[2021-07-28 16:07:58] - Did not find named query Course.findByCourseName
[2021-07-28 16:07:58] - Creating new EntityManager for shared EntityManager invocation
[2021-07-28 16:07:58] - Finished creation of repository instance for {}.
[2021-07-28 16:07:58] - Creating shared instance of singleton bean 'userResolver'
[2021-07-28 16:07:58] - Creating shared instance of singleton bean 'userRepository'
[2021-07-28 16:07:58] - Creating new EntityManager for shared EntityManager invocation
[2021-07-28 16:07:58] - Initializing repository instance for com.anu.springunijpa.repository.UserRepository…
[2021-07-28 16:07:58] - Creating new EntityManager for shared EntityManager invocation
[2021-07-28 16:07:58] - Looking up query for method findByUserName
[2021-07-28 16:07:58] - Looking up named query User.findByUserName
[2021-07-28 16:07:58] - On TransactionImpl creation, JpaCompliance#isJpaTransactionComplianceEnabled == false
[2021-07-28 16:07:58] - Did not find named query User.findByUserName
[2021-07-28 16:07:58] - Creating new EntityManager for shared EntityManager invocation
[2021-07-28 16:07:58] - Looking up query for method findByUserTel
[2021-07-28 16:07:58] - Looking up named query User.findByUserTel
[2021-07-28 16:07:58] - On TransactionImpl creation, JpaCompliance#isJpaTransactionComplianceEnabled == false
[2021-07-28 16:07:58] - Did not find named query User.findByUserTel
[2021-07-28 16:07:58] - Creating new EntityManager for shared EntityManager invocation
[2021-07-28 16:07:58] - Looking up query for method findByUserIdOrUserName
[2021-07-28 16:07:58] - Looking up named query User.findByUserIdOrUserName
[2021-07-28 16:07:58] - On TransactionImpl creation, JpaCompliance#isJpaTransactionComplianceEnabled == false
[2021-07-28 16:07:58] - Did not find named query User.findByUserIdOrUserName
[2021-07-28 16:07:58] - Creating new EntityManager for shared EntityManager invocation
[2021-07-28 16:07:58] - Looking up query for method findByUserIdOrUserNameOrUserTel
[2021-07-28 16:07:58] - Looking up named query User.findByUserIdOrUserNameOrUserTel
[2021-07-28 16:07:58] - On TransactionImpl creation, JpaCompliance#isJpaTransactionComplianceEnabled == false
[2021-07-28 16:07:58] - Did not find named query User.findByUserIdOrUserNameOrUserTel
[2021-07-28 16:07:58] - Creating new EntityManager for shared EntityManager invocation
[2021-07-28 16:07:58] - Finished creation of repository instance for {}.
[2021-07-28 16:07:58] - Creating shared instance of singleton bean 'schemaStringProvider'
[2021-07-28 16:07:58] - Autowiring by type from bean name 'schemaParser' via factory method to bean named 'courseResolver'
[2021-07-28 16:07:58] - Autowiring by type from bean name 'schemaParser' via factory method to bean named 'userResolver'
[2021-07-28 16:07:58] - Autowiring by type from bean name 'schemaParser' via factory method to bean named 'schemaStringProvider'
[2021-07-28 16:07:59] - Schema type was defined but can never be accessed, and can be safely deleted: UserCourse
[2021-07-28 16:07:59] - Root mutation resolver was provided but no methods on it were used in data fetchers for GraphQL type 'Mutation'!  Either remove the com.coxautodev.graphql.tools.GraphQLMutationResolver interface from the resolver or remove the resolver entirely: com.anu.springunijpa.resolver.UserResolver@511bfbb0
[2021-07-28 16:07:59] - Autowiring by type from bean name 'graphQLSchema' via factory method to bean named 'schemaParser'
[2021-07-28 16:07:59] - Autowiring by type from bean name 'graphQLSchemaProvider' via factory method to bean named 'graphQLSchema'
[2021-07-28 16:07:59] - Autowiring by type from bean name 'invocationInputFactory' via factory method to bean named 'graphQLSchemaProvider'
[2021-07-28 16:08:00] - Creating shared instance of singleton bean 'queryInvoker'
[2021-07-28 16:08:00] - Creating shared instance of singleton bean 'executionStrategyProvider'
[2021-07-28 16:08:00] - Autowiring by type from bean name 'queryInvoker' via factory method to bean named 'executionStrategyProvider'
[2021-07-28 16:08:00] - Creating shared instance of singleton bean 'graphQLObjectMapper'
[2021-07-28 16:08:00] - Autowiring by type from bean name 'graphQLHttpServlet' via factory method to bean named 'invocationInputFactory'
[2021-07-28 16:08:00] - Autowiring by type from bean name 'graphQLHttpServlet' via factory method to bean named 'queryInvoker'
[2021-07-28 16:08:00] - Autowiring by type from bean name 'graphQLHttpServlet' via factory method to bean named 'graphQLObjectMapper'
[2021-07-28 16:08:00] - Autowiring by type from bean name 'graphQLServletRegistrationBean' via factory method to bean named 'graphQLHttpServlet'
[2021-07-28 16:08:00] - Creating shared instance of singleton bean 'requestContextFilter'
[2021-07-28 16:08:00] - Creating shared instance of singleton bean 'formContentFilter'
[2021-07-28 16:08:00] - Creating shared instance of singleton bean 'org.springframework.boot.autoconfigure.web.servlet.WebMvcAutoConfiguration'
[2021-07-28 16:08:00] - Creating shared instance of singleton bean 'corsConfigurer'
[2021-07-28 16:08:00] - Creating shared instance of singleton bean 'characterEncodingFilter'
[2021-07-28 16:08:00] - Mapping filters: characterEncodingFilter urls=[/*] order=-2147483648, formContentFilter urls=[/*] order=-9900, requestContextFilter urls=[/*] order=-105, corsConfigurer urls=[/*] order=2147483647
[2021-07-28 16:08:00] - Mapping servlets: dispatcherServlet urls=[/], simpleGraphQLHttpServlet urls=[/graphql/*]
[2021-07-28 16:08:00] - Filter 'requestContextFilter' configured for use
[2021-07-28 16:08:00] - Filter 'corsConfigurer' configured for use
[2021-07-28 16:08:00] - Filter 'characterEncodingFilter' configured for use
[2021-07-28 16:08:00] - Filter 'formContentFilter' configured for use
[2021-07-28 16:08:00] - Creating shared instance of singleton bean 'springUniJpaApplication'
[2021-07-28 16:08:00] - Creating shared instance of singleton bean 'courseController'
[2021-07-28 16:08:00] - Creating shared instance of singleton bean 'courseServiceImpl'
[2021-07-28 16:08:00] - Creating shared instance of singleton bean 'userController'
[2021-07-28 16:08:00] - Creating shared instance of singleton bean 'userServiceImpl'
[2021-07-28 16:08:00] - Creating shared instance of singleton bean 'globalExceptionHandler'
[2021-07-28 16:08:00] - Creating shared instance of singleton bean 'dateScalerConfiguration'
[2021-07-28 16:08:00] - Creating shared instance of singleton bean 'org.springframework.boot.autoconfigure.context.PropertyPlaceholderAutoConfiguration'
[2021-07-28 16:08:00] - Creating shared instance of singleton bean 'org.springframework.boot.autoconfigure.websocket.servlet.WebSocketServletAutoConfiguration'
[2021-07-28 16:08:00] - Creating shared instance of singleton bean 'org.springframework.boot.context.properties.EnableConfigurationPropertiesRegistrar.methodValidationExcludeFilter'
[2021-07-28 16:08:00] - Creating shared instance of singleton bean 'org.springframework.boot.autoconfigure.web.servlet.DispatcherServletAutoConfiguration'
[2021-07-28 16:08:00] - Creating shared instance of singleton bean 'org.springframework.boot.autoconfigure.task.TaskExecutionAutoConfiguration'
[2021-07-28 16:08:00] - Creating shared instance of singleton bean 'taskExecutorBuilder'
[2021-07-28 16:08:00] - Creating shared instance of singleton bean 'spring.task.execution-org.springframework.boot.autoconfigure.task.TaskExecutionProperties'
[2021-07-28 16:08:00] - Autowiring by type from bean name 'taskExecutorBuilder' via factory method to bean named 'spring.task.execution-org.springframework.boot.autoconfigure.task.TaskExecutionProperties'
[2021-07-28 16:08:00] - Creating shared instance of singleton bean 'org.springframework.boot.autoconfigure.web.servlet.error.ErrorMvcAutoConfiguration$WhitelabelErrorViewConfiguration'
[2021-07-28 16:08:00] - Creating shared instance of singleton bean 'error'
[2021-07-28 16:08:00] - Creating shared instance of singleton bean 'beanNameViewResolver'
[2021-07-28 16:08:00] - Creating shared instance of singleton bean 'org.springframework.boot.autoconfigure.web.servlet.error.ErrorMvcAutoConfiguration$DefaultErrorViewResolverConfiguration'
[2021-07-28 16:08:00] - Creating shared instance of singleton bean 'spring.resources-org.springframework.boot.autoconfigure.web.ResourceProperties'
[2021-07-28 16:08:00] - Creating shared instance of singleton bean 'spring.web-org.springframework.boot.autoconfigure.web.WebProperties'
[2021-07-28 16:08:00] - Autowiring by type from bean name 'org.springframework.boot.autoconfigure.web.servlet.error.ErrorMvcAutoConfiguration$DefaultErrorViewResolverConfiguration' via constructor to bean named 'org.springframework.boot.web.servlet.context.AnnotationConfigServletWebServerApplicationContext@ebaa6cb'
[2021-07-28 16:08:00] - Autowiring by type from bean name 'org.springframework.boot.autoconfigure.web.servlet.error.ErrorMvcAutoConfiguration$DefaultErrorViewResolverConfiguration' via constructor to bean named 'spring.resources-org.springframework.boot.autoconfigure.web.ResourceProperties'
[2021-07-28 16:08:00] - Autowiring by type from bean name 'org.springframework.boot.autoconfigure.web.servlet.error.ErrorMvcAutoConfiguration$DefaultErrorViewResolverConfiguration' via constructor to bean named 'spring.web-org.springframework.boot.autoconfigure.web.WebProperties'
[2021-07-28 16:08:00] - Creating shared instance of singleton bean 'conventionErrorViewResolver'
