[2021-07-21 18:08:30] - spring.jpa.open-in-view is enabled by default. Therefore, database queries may be performed during view rendering. Explicitly configure spring.jpa.open-in-view to disable this warning
[2021-07-21 18:08:30] - Starting ProtocolHandler ["http-nio-8080"]
[2021-07-21 18:08:30] - Tomcat started on port(s): 8080 (http) with context path ''
[2021-07-21 18:08:30] - Started SpringUniJpaApplication in 2.439 seconds (JVM running for 3.182)
[2021-07-21 18:08:37] - Initializing Spring DispatcherServlet 'dispatcherServlet'
[2021-07-21 18:08:37] - Initializing Servlet 'dispatcherServlet'
[2021-07-21 18:08:37] - Completed initialization in 1 ms
[2021-07-21 18:09:30] - Closing JPA EntityManagerFactory for persistence unit 'default'
[2021-07-21 18:09:30] - HikariPool-1 - Shutdown initiated...
[2021-07-21 18:09:30] - HikariPool-1 - Shutdown completed.
[2021-07-21 18:09:34] - Starting SpringUniJpaApplication using Java 16.0.1 on anuththara-VivoBook-ASUSLaptop-X509JB-X509JB with PID 607 (/home/anuththara/IdeaProjects/spring-uni-jpa/target/classes started by anuththara in /home/anuththara/IdeaProjects/spring-uni-jpa)
[2021-07-21 18:09:34] - No active profile set, falling back to default profiles: default
[2021-07-21 18:09:34] - Bootstrapping Spring Data JPA repositories in DEFAULT mode.
[2021-07-21 18:09:34] - Finished Spring Data repository scanning in 25 ms. Found 3 JPA repository interfaces.
[2021-07-21 18:09:34] - Tomcat initialized with port(s): 8080 (http)
[2021-07-21 18:09:34] - Initializing ProtocolHandler ["http-nio-8080"]
[2021-07-21 18:09:34] - Starting service [Tomcat]
[2021-07-21 18:09:34] - Starting Servlet engine: [Apache Tomcat/9.0.48]
[2021-07-21 18:09:34] - Initializing Spring embedded WebApplicationContext
[2021-07-21 18:09:34] - Root WebApplicationContext: initialization completed in 723 ms
[2021-07-21 18:09:35] - HHH000204: Processing PersistenceUnitInfo [name: default]
[2021-07-21 18:09:35] - HHH000412: Hibernate ORM core version 5.4.32.Final
[2021-07-21 18:09:35] - HCANN000001: Hibernate Commons Annotations {5.1.2.Final}
[2021-07-21 18:09:35] - HikariPool-1 - Starting...
[2021-07-21 18:09:35] - Registered driver with driverClassName=com.mysql.jdbc.Driver was not found, trying direct instantiation.
[2021-07-21 18:09:35] - HikariPool-1 - Start completed.
[2021-07-21 18:09:35] - HHH000400: Using dialect: org.hibernate.dialect.MySQL5Dialect
[2021-07-21 18:09:35] - HHH000490: Using JtaPlatform implementation: [org.hibernate.engine.transaction.jta.platform.internal.NoJtaPlatform]
[2021-07-21 18:09:35] - Initialized JPA EntityManagerFactory for persistence unit 'default'
[2021-07-21 18:09:36] - spring.jpa.open-in-view is enabled by default. Therefore, database queries may be performed during view rendering. Explicitly configure spring.jpa.open-in-view to disable this warning
[2021-07-21 18:09:36] - Starting ProtocolHandler ["http-nio-8080"]
[2021-07-21 18:09:36] - Tomcat started on port(s): 8080 (http) with context path ''
[2021-07-21 18:09:36] - Started SpringUniJpaApplication in 2.521 seconds (JVM running for 3.245)
[2021-07-21 18:09:48] - Initializing Spring DispatcherServlet 'dispatcherServlet'
[2021-07-21 18:09:48] - Initializing Servlet 'dispatcherServlet'
[2021-07-21 18:09:48] - Completed initialization in 1 ms
[2021-07-21 18:12:34] - Closing JPA EntityManagerFactory for persistence unit 'default'
[2021-07-21 18:12:34] - HikariPool-1 - Shutdown initiated...
[2021-07-21 18:12:34] - HikariPool-1 - Shutdown completed.
