[2021-07-26 12:20:44] - Starting Servlet engine: [Apache Tomcat/9.0.48]
[2021-07-26 12:20:44] - Initializing Spring embedded WebApplicationContext
[2021-07-26 12:20:44] - Root WebApplicationContext: initialization completed in 839 ms
[2021-07-26 12:20:44] - HHH000204: Processing PersistenceUnitInfo [name: default]
[2021-07-26 12:20:44] - HHH000412: Hibernate ORM core version 5.4.32.Final
[2021-07-26 12:20:44] - HCANN000001: Hibernate Commons Annotations {5.1.2.Final}
[2021-07-26 12:20:44] - HikariPool-1 - Starting...
[2021-07-26 12:20:44] - Registered driver with driverClassName=com.mysql.jdbc.Driver was not found, trying direct instantiation.
[2021-07-26 12:20:45] - HikariPool-1 - Start completed.
[2021-07-26 12:20:45] - HHH000400: Using dialect: org.hibernate.dialect.MySQL5Dialect
[2021-07-26 12:20:45] - HHH000490: Using JtaPlatform implementation: [org.hibernate.engine.transaction.jta.platform.internal.NoJtaPlatform]
[2021-07-26 12:20:45] - Initialized JPA EntityManagerFactory for persistence unit 'default'
[2021-07-26 12:20:46] - spring.jpa.open-in-view is enabled by default. Therefore, database queries may be performed during view rendering. Explicitly configure spring.jpa.open-in-view to disable this warning
[2021-07-26 12:20:46] - Starting ProtocolHandler ["http-nio-8080"]
[2021-07-26 12:20:46] - Tomcat started on port(s): 8080 (http) with context path ''
[2021-07-26 12:20:46] - Started SpringUniJpaApplication in 2.617 seconds (JVM running for 3.325)
[2021-07-26 12:20:48] - Initializing Spring DispatcherServlet 'dispatcherServlet'
[2021-07-26 12:20:48] - Initializing Servlet 'dispatcherServlet'
[2021-07-26 12:20:48] - Completed initialization in 1 ms
[2021-07-26 12:24:18] - Closing JPA EntityManagerFactory for persistence unit 'default'
[2021-07-26 12:24:18] - HikariPool-1 - Shutdown initiated...
[2021-07-26 12:24:18] - HikariPool-1 - Shutdown completed.
[2021-07-26 12:24:22] - Starting SpringUniJpaApplication using Java 16.0.1 on anuththara-VivoBook-ASUSLaptop-X509JB-X509JB with PID 16217 (/home/anuththara/Documents/hSenid/Practice/springboot/spring-uni-jpa/UserJPA-Springboot/target/classes started by anuththara in /home/anuththara/Documents/hSenid/Practice/springboot/spring-uni-jpa/UserJPA-Springboot)
[2021-07-26 12:24:22] - No active profile set, falling back to default profiles: default
[2021-07-26 12:24:22] - Bootstrapping Spring Data JPA repositories in DEFAULT mode.
[2021-07-26 12:24:22] - Finished Spring Data repository scanning in 33 ms. Found 2 JPA repository interfaces.
[2021-07-26 12:24:22] - Tomcat initialized with port(s): 8080 (http)
[2021-07-26 12:24:22] - Initializing ProtocolHandler ["http-nio-8080"]
[2021-07-26 12:24:22] - Starting service [Tomcat]
[2021-07-26 12:24:22] - Starting Servlet engine: [Apache Tomcat/9.0.48]
[2021-07-26 12:24:22] - Initializing Spring embedded WebApplicationContext
[2021-07-26 12:24:22] - Root WebApplicationContext: initialization completed in 843 ms
[2021-07-26 12:24:23] - HHH000204: Processing PersistenceUnitInfo [name: default]
[2021-07-26 12:24:23] - HHH000412: Hibernate ORM core version 5.4.32.Final
[2021-07-26 12:24:23] - HCANN000001: Hibernate Commons Annotations {5.1.2.Final}
[2021-07-26 12:24:23] - HikariPool-1 - Starting...
[2021-07-26 12:24:23] - Registered driver with driverClassName=com.mysql.jdbc.Driver was not found, trying direct instantiation.
[2021-07-26 12:24:23] - HikariPool-1 - Start completed.
[2021-07-26 12:24:23] - HHH000400: Using dialect: org.hibernate.dialect.MySQL5Dialect
[2021-07-26 12:24:23] - HHH000490: Using JtaPlatform implementation: [org.hibernate.engine.transaction.jta.platform.internal.NoJtaPlatform]
[2021-07-26 12:24:23] - Initialized JPA EntityManagerFactory for persistence unit 'default'
[2021-07-26 12:24:24] - spring.jpa.open-in-view is enabled by default. Therefore, database queries may be performed during view rendering. Explicitly configure spring.jpa.open-in-view to disable this warning
[2021-07-26 12:24:24] - Starting ProtocolHandler ["http-nio-8080"]
[2021-07-26 12:24:24] - Tomcat started on port(s): 8080 (http) with context path ''
[2021-07-26 12:24:24] - Started SpringUniJpaApplication in 2.528 seconds (JVM running for 3.064)
[2021-07-26 12:24:30] - Initializing Spring DispatcherServlet 'dispatcherServlet'
[2021-07-26 12:24:30] - Initializing Servlet 'dispatcherServlet'
[2021-07-26 12:24:30] - Completed initialization in 0 ms
[2021-07-26 12:34:01] - user id -5
[2021-07-26 13:12:25] - Closing JPA EntityManagerFactory for persistence unit 'default'
[2021-07-26 13:12:25] - HikariPool-1 - Shutdown initiated...
[2021-07-26 13:12:25] - HikariPool-1 - Shutdown completed.
[2021-07-26 13:12:45] - Starting SpringUniJpaApplication using Java 16.0.1 on anuththara-VivoBook-ASUSLaptop-X509JB-X509JB with PID 18394 (/home/anuththara/Documents/hSenid/Practice/springboot/spring-uni-jpa/UserJPA-Springboot/target/classes started by anuththara in /home/anuththara/Documents/hSenid/Practice/springboot/spring-uni-jpa/UserJPA-Springboot)
[2021-07-26 13:12:45] - No active profile set, falling back to default profiles: default
[2021-07-26 13:12:47] - Bootstrapping Spring Data JPA repositories in DEFAULT mode.
[2021-07-26 13:12:47] - Finished Spring Data repository scanning in 78 ms. Found 2 JPA repository interfaces.
[2021-07-26 13:12:49] - Tomcat initialized with port(s): 8080 (http)
[2021-07-26 13:12:49] - Initializing ProtocolHandler ["http-nio-8080"]
[2021-07-26 13:12:49] - Starting service [Tomcat]
[2021-07-26 13:12:49] - Starting Servlet engine: [Apache Tomcat/9.0.48]
[2021-07-26 13:12:49] - Initializing Spring embedded WebApplicationContext
[2021-07-26 13:12:49] - Root WebApplicationContext: initialization completed in 4446 ms
[2021-07-26 13:12:50] - HHH000204: Processing PersistenceUnitInfo [name: default]
[2021-07-26 13:12:50] - HHH000412: Hibernate ORM core version 5.4.32.Final
[2021-07-26 13:12:50] - HCANN000001: Hibernate Commons Annotations {5.1.2.Final}
[2021-07-26 13:12:50] - HikariPool-1 - Starting...
[2021-07-26 13:12:50] - Registered driver with driverClassName=com.mysql.jdbc.Driver was not found, trying direct instantiation.
[2021-07-26 13:12:51] - HikariPool-1 - Start completed.
[2021-07-26 13:12:51] - HHH000400: Using dialect: org.hibernate.dialect.MySQL5Dialect
[2021-07-26 13:12:52] - HHH000490: Using JtaPlatform implementation: [org.hibernate.engine.transaction.jta.platform.internal.NoJtaPlatform]
[2021-07-26 13:12:52] - Initialized JPA EntityManagerFactory for persistence unit 'default'
[2021-07-26 13:12:53] - spring.jpa.open-in-view is enabled by default. Therefore, database queries may be performed during view rendering. Explicitly configure spring.jpa.open-in-view to disable this warning
[2021-07-26 13:12:54] - Starting ProtocolHandler ["http-nio-8080"]
[2021-07-26 13:12:54] - Tomcat started on port(s): 8080 (http) with context path ''
[2021-07-26 13:12:54] - Started SpringUniJpaApplication in 10.652 seconds (JVM running for 16.966)
[2021-07-26 13:13:06] - Initializing Spring DispatcherServlet 'dispatcherServlet'
[2021-07-26 13:13:06] - Initializing Servlet 'dispatcherServlet'
[2021-07-26 13:13:06] - Completed initialization in 1 ms
[2021-07-26 14:07:47] - Closing JPA EntityManagerFactory for persistence unit 'default'
[2021-07-26 14:07:47] - HikariPool-1 - Shutdown initiated...
[2021-07-26 14:07:47] - HikariPool-1 - Shutdown completed.
[2021-07-26 17:36:04] - Starting SpringUniJpaApplication using Java 16.0.1 on anuththara-VivoBook-ASUSLaptop-X509JB-X509JB with PID 1856 (/home/anuththara/Documents/hSenid/Practice/springboot/spring-uni-jpa/UserJPA-Springboot/target/classes started by anuththara in /home/anuththara/Documents/hSenid/Practice/springboot/spring-uni-jpa/UserJPA-Springboot)
[2021-07-26 17:36:04] - No active profile set, falling back to default profiles: default
[2021-07-26 17:36:06] - Bootstrapping Spring Data JPA repositories in DEFAULT mode.
[2021-07-26 17:36:06] - Finished Spring Data repository scanning in 67 ms. Found 2 JPA repository interfaces.
[2021-07-26 17:36:07] - Tomcat initialized with port(s): 8080 (http)
[2021-07-26 17:36:07] - Initializing ProtocolHandler ["http-nio-8080"]
[2021-07-26 17:36:07] - Starting service [Tomcat]
[2021-07-26 17:36:07] - Starting Servlet engine: [Apache Tomcat/9.0.48]
[2021-07-26 17:36:08] - Initializing Spring embedded WebApplicationContext
[2021-07-26 17:36:08] - Root WebApplicationContext: initialization completed in 4155 ms
[2021-07-26 17:36:08] - HHH000204: Processing PersistenceUnitInfo [name: default]
[2021-07-26 17:36:08] - HHH000412: Hibernate ORM core version 5.4.32.Final
[2021-07-26 17:36:09] - HCANN000001: Hibernate Commons Annotations {5.1.2.Final}
[2021-07-26 17:36:09] - HikariPool-1 - Starting...
[2021-07-26 17:36:09] - Registered driver with driverClassName=com.mysql.jdbc.Driver was not found, trying direct instantiation.
[2021-07-26 17:36:11] - HikariPool-1 - Start completed.
[2021-07-26 17:36:11] - HHH000400: Using dialect: org.hibernate.dialect.MySQL5Dialect
[2021-07-26 17:36:13] - HHH000490: Using JtaPlatform implementation: [org.hibernate.engine.transaction.jta.platform.internal.NoJtaPlatform]
[2021-07-26 17:36:13] - Initialized JPA EntityManagerFactory for persistence unit 'default'
[2021-07-26 17:36:17] - spring.jpa.open-in-view is enabled by default. Therefore, database queries may be performed during view rendering. Explicitly configure spring.jpa.open-in-view to disable this warning
[2021-07-26 17:36:18] - Starting ProtocolHandler ["http-nio-8080"]
[2021-07-26 17:36:18] - Tomcat started on port(s): 8080 (http) with context path ''
[2021-07-26 17:36:19] - Started SpringUniJpaApplication in 15.657 seconds (JVM running for 20.311)
[2021-07-26 17:36:32] - Initializing Spring DispatcherServlet 'dispatcherServlet'
[2021-07-26 17:36:32] - Initializing Servlet 'dispatcherServlet'
[2021-07-26 17:36:32] - Completed initialization in 2 ms
[2021-07-26 17:36:32] - user id -1
[2021-07-26 17:38:14] - Closing JPA EntityManagerFactory for persistence unit 'default'
[2021-07-26 17:38:14] - HikariPool-1 - Shutdown initiated...
[2021-07-26 17:38:14] - HikariPool-1 - Shutdown completed.
