[2021-07-27 16:22:36] - HikariPool-1 - Pool stats (total=10, active=0, idle=10, waiting=0)
[2021-07-27 16:22:36] - HikariPool-1 - Fill pool skipped, pool is at sufficient level.
[2021-07-27 16:23:06] - HikariPool-1 - Pool stats (total=10, active=0, idle=10, waiting=0)
[2021-07-27 16:23:06] - HikariPool-1 - Fill pool skipped, pool is at sufficient level.
[2021-07-27 16:23:36] - HikariPool-1 - Pool stats (total=10, active=0, idle=10, waiting=0)
[2021-07-27 16:23:36] - HikariPool-1 - Fill pool skipped, pool is at sufficient level.
[2021-07-27 16:24:06] - HikariPool-1 - Pool stats (total=10, active=0, idle=10, waiting=0)
[2021-07-27 16:24:06] - HikariPool-1 - Fill pool skipped, pool is at sufficient level.
[2021-07-27 16:24:36] - HikariPool-1 - Pool stats (total=10, active=0, idle=10, waiting=0)
[2021-07-27 16:24:36] - HikariPool-1 - Fill pool skipped, pool is at sufficient level.
[2021-07-27 16:25:06] - HikariPool-1 - Pool stats (total=10, active=0, idle=10, waiting=0)
[2021-07-27 16:25:06] - HikariPool-1 - Fill pool skipped, pool is at sufficient level.
[2021-07-27 16:25:11] - Application availability state ReadinessState changed from ACCEPTING_TRAFFIC to REFUSING_TRAFFIC
[2021-07-27 16:25:11] - Closing org.springframework.boot.web.servlet.context.AnnotationConfigServletWebServerApplicationContext@1e8ce150, started on Tue Jul 27 16:16:32 IST 2021
[2021-07-27 16:25:11] - Found key 'spring.liveBeansView.mbeanDomain' in PropertySource 'systemProperties' with value of type String
[2021-07-27 16:25:11] - Stopping beans in phase 2147483647
[2021-07-27 16:25:11] - Bean 'webServerGracefulShutdown' completed its stop procedure
[2021-07-27 16:25:11] - Stopping beans in phase 2147483646
[2021-07-27 16:25:11] - Bean 'webServerStartStop' completed its stop procedure
[2021-07-27 16:25:11] - Stopping beans in phase 0
[2021-07-27 16:25:11] - Successfully stopped bean 'serverEndpointRegistration'
[2021-07-27 16:25:11] - Unregistering JMX-exposed beans on shutdown
[2021-07-27 16:25:11] - Unregistering JMX-exposed beans
[2021-07-27 16:25:11] - Shutting down ExecutorService 'applicationTaskExecutor'
[2021-07-27 16:25:11] - Closing JPA EntityManagerFactory for persistence unit 'default'
[2021-07-27 16:25:11] - HHH000031: Closing
[2021-07-27 16:25:11] - Un-scoping TypeConfiguration [org.hibernate.type.spi.TypeConfiguration$Scope@59393fec] from SessionFactory [org.hibernate.internal.SessionFactoryImpl@14590fe2]
[2021-07-27 16:25:11] - Implicitly destroying ServiceRegistry on de-registration of all child ServiceRegistries
[2021-07-27 16:25:11] - Implicitly destroying Boot-strap registry on de-registration of all child ServiceRegistries
[2021-07-27 16:25:11] - HikariPool-1 - Shutdown initiated...
[2021-07-27 16:25:11] - HikariPool-1 - Before shutdown stats (total=10, active=0, idle=10, waiting=0)
[2021-07-27 16:25:11] - HikariPool-1 - Closing connection com.mysql.cj.jdbc.ConnectionImpl@71567f33: (connection evicted)
[2021-07-27 16:25:11] - HikariPool-1 - Closing connection com.mysql.cj.jdbc.ConnectionImpl@5660be77: (connection evicted)
[2021-07-27 16:25:11] - HikariPool-1 - Closing connection com.mysql.cj.jdbc.ConnectionImpl@77724b03: (connection evicted)
[2021-07-27 16:25:11] - HikariPool-1 - Closing connection com.mysql.cj.jdbc.ConnectionImpl@20bb8825: (connection evicted)
[2021-07-27 16:25:11] - HikariPool-1 - Closing connection com.mysql.cj.jdbc.ConnectionImpl@733c50d0: (connection evicted)
[2021-07-27 16:25:11] - HikariPool-1 - Closing connection com.mysql.cj.jdbc.ConnectionImpl@a8e9f6f: (connection evicted)
[2021-07-27 16:25:11] - HikariPool-1 - Closing connection com.mysql.cj.jdbc.ConnectionImpl@5ae94022: (connection evicted)
[2021-07-27 16:25:11] - HikariPool-1 - Closing connection com.mysql.cj.jdbc.ConnectionImpl@609a80d3: (connection evicted)
[2021-07-27 16:25:11] - HikariPool-1 - Closing connection com.mysql.cj.jdbc.ConnectionImpl@7fcfeb29: (connection evicted)
[2021-07-27 16:25:11] - HikariPool-1 - Closing connection com.mysql.cj.jdbc.ConnectionImpl@3aa21bb1: (connection evicted)
[2021-07-27 16:25:11] - HikariPool-1 - After shutdown stats (total=0, active=0, idle=0, waiting=0)
[2021-07-27 16:25:11] - HikariPool-1 - Shutdown completed.
[2021-07-27 16:31:16] - Instantiating CacheAwareContextLoaderDelegate from class [org.springframework.test.context.cache.DefaultCacheAwareContextLoaderDelegate]
[2021-07-27 16:31:16] - Instantiating BootstrapContext using constructor [public org.springframework.test.context.support.DefaultBootstrapContext(java.lang.Class,org.springframework.test.context.CacheAwareContextLoaderDelegate)]
[2021-07-27 16:31:16] - Instantiating TestContextBootstrapper for test class [com.anu.springunijpa.service.impl.UserServiceImplTest] from class [org.springframework.boot.test.autoconfigure.orm.jpa.DataJpaTestContextBootstrapper]
[2021-07-27 16:31:16] - Neither @ContextConfiguration nor @ContextHierarchy found for test class [com.anu.springunijpa.service.impl.UserServiceImplTest], using SpringBootContextLoader
[2021-07-27 16:31:16] - Did not detect default resource location for test class [com.anu.springunijpa.service.impl.UserServiceImplTest]: class path resource [com/anu/springunijpa/service/impl/UserServiceImplTest-context.xml] does not exist
[2021-07-27 16:31:16] - Did not detect default resource location for test class [com.anu.springunijpa.service.impl.UserServiceImplTest]: class path resource [com/anu/springunijpa/service/impl/UserServiceImplTestContext.groovy] does not exist
[2021-07-27 16:31:16] - Could not detect default resource locations for test class [com.anu.springunijpa.service.impl.UserServiceImplTest]: no resource found for suffixes {-context.xml, Context.groovy}.
[2021-07-27 16:31:16] - Could not detect default configuration classes for test class [com.anu.springunijpa.service.impl.UserServiceImplTest]: UserServiceImplTest does not declare any static, non-private, non-final, nested classes annotated with @Configuration.
[2021-07-27 16:31:17] - Could not find an 'annotation declaring class' for annotation type [org.springframework.test.context.ActiveProfiles] and class [com.anu.springunijpa.service.impl.UserServiceImplTest]
[2021-07-27 16:31:17] - Identified candidate component class: file [/home/anuththara/Documents/hSenid/Practice/springboot/spring-uni-jpa/UserJPA-Springboot/target/classes/com/anu/springunijpa/SpringUniJpaApplication.class]
[2021-07-27 16:31:17] - Found @SpringBootConfiguration com.anu.springunijpa.SpringUniJpaApplication for test class com.anu.springunijpa.service.impl.UserServiceImplTest
[2021-07-27 16:31:17] - @TestExecutionListeners is not present for class [com.anu.springunijpa.service.impl.UserServiceImplTest]: using defaults.
[2021-07-27 16:31:17] - Loaded default TestExecutionListener class names from location [META-INF/spring.factories]: [org.springframework.boot.test.mock.mockito.MockitoTestExecutionListener, org.springframework.boot.test.mock.mockito.ResetMocksTestExecutionListener, org.springframework.boot.test.autoconfigure.restdocs.RestDocsTestExecutionListener, org.springframework.boot.test.autoconfigure.web.client.MockRestServiceServerResetTestExecutionListener, org.springframework.boot.test.autoconfigure.web.servlet.MockMvcPrintOnlyOnFailureTestExecutionListener, org.springframework.boot.test.autoconfigure.web.servlet.WebDriverTestExecutionListener, org.springframework.boot.test.autoconfigure.webservices.client.MockWebServiceServerTestExecutionListener, org.springframework.test.context.web.ServletTestExecutionListener, org.springframework.test.context.support.DirtiesContextBeforeModesTestExecutionListener, org.springframework.test.context.event.ApplicationEventsTestExecutionListener, org.springframework.test.context.support.DependencyInjectionTestExecutionListener, org.springframework.test.context.support.DirtiesContextTestExecutionListener, org.springframework.test.context.transaction.TransactionalTestExecutionListener, org.springframework.test.context.jdbc.SqlScriptsTestExecutionListener, org.springframework.test.context.event.EventPublishingTestExecutionListener]
[2021-07-27 16:31:17] - Using TestExecutionListeners: [org.springframework.test.context.web.ServletTestExecutionListener@740d2e78, org.springframework.test.context.support.DirtiesContextBeforeModesTestExecutionListener@1c481ff2, org.springframework.test.context.event.ApplicationEventsTestExecutionListener@72437d8d, org.springframework.boot.test.mock.mockito.MockitoTestExecutionListener@1b955cac, org.springframework.boot.test.autoconfigure.SpringBootDependencyInjectionTestExecutionListener@676cf48, org.springframework.test.context.support.DirtiesContextTestExecutionListener@5a1de7fb, org.springframework.test.context.transaction.TransactionalTestExecutionListener@335b5620, org.springframework.test.context.jdbc.SqlScriptsTestExecutionListener@29a0cdb, org.springframework.test.context.event.EventPublishingTestExecutionListener@32a68f4f, org.springframework.boot.test.mock.mockito.ResetMocksTestExecutionListener@73194df, org.springframework.boot.test.autoconfigure.restdocs.RestDocsTestExecutionListener@6eb2384f, org.springframework.boot.test.autoconfigure.web.client.MockRestServiceServerResetTestExecutionListener@3c9c0d96, org.springframework.boot.test.autoconfigure.web.servlet.MockMvcPrintOnlyOnFailureTestExecutionListener@3a4621bd, org.springframework.boot.test.autoconfigure.web.servlet.WebDriverTestExecutionListener@31dadd46, org.springframework.boot.test.autoconfigure.webservices.client.MockWebServiceServerTestExecutionListener@4ed5eb72]
[2021-07-27 16:31:17] - Before test class: context [DefaultTestContext@7d1cfb8b testClass = UserServiceImplTest, testInstance = [null], testMethod = [null], testException = [null], mergedContextConfiguration = [MergedContextConfiguration@48e92c5c testClass = UserServiceImplTest, locations = '{}', classes = '{class com.anu.springunijpa.SpringUniJpaApplication}', contextInitializerClasses = '[]', activeProfiles = '{}', propertySourceLocations = '{}', propertySourceProperties = '{org.springframework.boot.test.autoconfigure.orm.jpa.DataJpaTestContextBootstrapper=true}', contextCustomizers = set[[ImportsContextCustomizer@2e1ef60 key = [org.springframework.boot.autoconfigure.cache.CacheAutoConfiguration, org.springframework.boot.autoconfigure.data.jpa.JpaRepositoriesAutoConfiguration, org.springframework.boot.autoconfigure.flyway.FlywayAutoConfiguration, org.springframework.boot.autoconfigure.jdbc.DataSourceAutoConfiguration, org.springframework.boot.autoconfigure.jdbc.DataSourceTransactionManagerAutoConfiguration, org.springframework.boot.autoconfigure.jdbc.JdbcTemplateAutoConfiguration, org.springframework.boot.autoconfigure.liquibase.LiquibaseAutoConfiguration, org.springframework.boot.autoconfigure.orm.jpa.HibernateJpaAutoConfiguration, org.springframework.boot.autoconfigure.sql.init.SqlInitializationAutoConfiguration, org.springframework.boot.autoconfigure.transaction.TransactionAutoConfiguration, org.springframework.boot.test.autoconfigure.jdbc.TestDatabaseAutoConfiguration, org.springframework.boot.test.autoconfigure.orm.jpa.TestEntityManagerAutoConfiguration]], org.springframework.boot.test.context.filter.ExcludeFilterContextCustomizer@1c852c0f, org.springframework.boot.test.json.DuplicateJsonObjectContextCustomizerFactory$DuplicateJsonObjectContextCustomizer@266374ef, org.springframework.boot.test.mock.mockito.MockitoContextCustomizer@0, org.springframework.boot.test.autoconfigure.OverrideAutoConfigurationContextCustomizerFactory$DisableAutoConfigurationContextCustomizer@79c97cb, org.springframework.boot.test.autoconfigure.actuate.metrics.MetricsExportContextCustomizerFactory$DisableMetricExportContextCustomizer@6f6745d6, org.springframework.boot.test.autoconfigure.filter.TypeExcludeFiltersContextCustomizer@351584c0, org.springframework.boot.test.autoconfigure.properties.PropertyMappingContextCustomizer@ad2ec5ff, org.springframework.boot.test.autoconfigure.web.servlet.WebDriverContextCustomizerFactory$Customizer@1205bd62, org.springframework.boot.test.context.SpringBootTestArgs@1, org.springframework.boot.test.context.SpringBootTestWebEnvironment@0], contextLoader = 'org.springframework.boot.test.context.SpringBootContextLoader', parent = [null]], attributes = map[[empty]]], class annotated with @DirtiesContext [false] with mode [null].
