[2021-07-22 08:54:31] - Closing JPA EntityManagerFactory for persistence unit 'default'
[2021-07-22 08:54:31] - HikariPool-1 - Shutdown initiated...
[2021-07-22 08:54:31] - HikariPool-1 - Shutdown completed.
[2021-07-22 08:54:38] - Starting SpringUniJpaApplication using Java 16.0.1 on anuththara-VivoBook-ASUSLaptop-X509JB-X509JB with PID 4935 (/home/anuththara/IdeaProjects/spring-uni-jpa/target/classes started by anuththara in /home/anuththara/IdeaProjects/spring-uni-jpa)
[2021-07-22 08:54:38] - No active profile set, falling back to default profiles: default
[2021-07-22 08:54:38] - Bootstrapping Spring Data JPA repositories in DEFAULT mode.
[2021-07-22 08:54:38] - Finished Spring Data repository scanning in 43 ms. Found 3 JPA repository interfaces.
[2021-07-22 08:54:39] - Tomcat initialized with port(s): 8080 (http)
[2021-07-22 08:54:39] - Initializing ProtocolHandler ["http-nio-8080"]
[2021-07-22 08:54:39] - Starting service [Tomcat]
[2021-07-22 08:54:39] - Starting Servlet engine: [Apache Tomcat/9.0.48]
[2021-07-22 08:54:39] - Initializing Spring embedded WebApplicationContext
[2021-07-22 08:54:39] - Root WebApplicationContext: initialization completed in 1025 ms
[2021-07-22 08:54:39] - HHH000204: Processing PersistenceUnitInfo [name: default]
[2021-07-22 08:54:39] - HHH000412: Hibernate ORM core version 5.4.32.Final
[2021-07-22 08:54:39] - HCANN000001: Hibernate Commons Annotations {5.1.2.Final}
[2021-07-22 08:54:39] - HikariPool-1 - Starting...
[2021-07-22 08:54:39] - Registered driver with driverClassName=com.mysql.jdbc.Driver was not found, trying direct instantiation.
[2021-07-22 08:54:39] - HikariPool-1 - Start completed.
[2021-07-22 08:54:39] - HHH000400: Using dialect: org.hibernate.dialect.MySQL5Dialect
[2021-07-22 08:54:40] - HHH000490: Using JtaPlatform implementation: [org.hibernate.engine.transaction.jta.platform.internal.NoJtaPlatform]
[2021-07-22 08:54:40] - Initialized JPA EntityManagerFactory for persistence unit 'default'
[2021-07-22 08:54:40] - spring.jpa.open-in-view is enabled by default. Therefore, database queries may be performed during view rendering. Explicitly configure spring.jpa.open-in-view to disable this warning
[2021-07-22 08:54:40] - Starting ProtocolHandler ["http-nio-8080"]
[2021-07-22 08:54:40] - Tomcat started on port(s): 8080 (http) with context path ''
[2021-07-22 08:54:40] - Started SpringUniJpaApplication in 3.31 seconds (JVM running for 4.258)
[2021-07-22 08:54:56] - Initializing Spring DispatcherServlet 'dispatcherServlet'
[2021-07-22 08:54:56] - Initializing Servlet 'dispatcherServlet'
[2021-07-22 08:54:56] - Completed initialization in 1 ms
[2021-07-22 08:54:56] - info: View user method
[2021-07-22 08:54:56] - error: View user method
[2021-07-22 08:54:56] - warn : View user method
[2021-07-22 09:10:44] - Closing JPA EntityManagerFactory for persistence unit 'default'
[2021-07-22 09:10:44] - HikariPool-1 - Shutdown initiated...
[2021-07-22 09:10:44] - HikariPool-1 - Shutdown completed.
[2021-07-22 09:10:49] - Starting SpringUniJpaApplication using Java 16.0.1 on anuththara-VivoBook-ASUSLaptop-X509JB-X509JB with PID 5941 (/home/anuththara/IdeaProjects/spring-uni-jpa/target/classes started by anuththara in /home/anuththara/IdeaProjects/spring-uni-jpa)
[2021-07-22 09:10:49] - No active profile set, falling back to default profiles: default
[2021-07-22 09:10:50] - Bootstrapping Spring Data JPA repositories in DEFAULT mode.
[2021-07-22 09:10:50] - Finished Spring Data repository scanning in 37 ms. Found 3 JPA repository interfaces.
[2021-07-22 09:10:50] - Tomcat initialized with port(s): 8080 (http)
[2021-07-22 09:10:50] - Initializing ProtocolHandler ["http-nio-8080"]
[2021-07-22 09:10:50] - Starting service [Tomcat]
[2021-07-22 09:10:50] - Starting Servlet engine: [Apache Tomcat/9.0.48]
[2021-07-22 09:10:50] - Initializing Spring embedded WebApplicationContext
[2021-07-22 09:10:50] - Root WebApplicationContext: initialization completed in 1063 ms
[2021-07-22 09:10:50] - HHH000204: Processing PersistenceUnitInfo [name: default]
[2021-07-22 09:10:50] - HHH000412: Hibernate ORM core version 5.4.32.Final
[2021-07-22 09:10:50] - HCANN000001: Hibernate Commons Annotations {5.1.2.Final}
[2021-07-22 09:10:50] - HikariPool-1 - Starting...
[2021-07-22 09:10:50] - Registered driver with driverClassName=com.mysql.jdbc.Driver was not found, trying direct instantiation.
[2021-07-22 09:10:51] - HikariPool-1 - Start completed.
[2021-07-22 09:10:51] - HHH000400: Using dialect: org.hibernate.dialect.MySQL5Dialect
[2021-07-22 09:10:51] - HHH000490: Using JtaPlatform implementation: [org.hibernate.engine.transaction.jta.platform.internal.NoJtaPlatform]
[2021-07-22 09:10:51] - Initialized JPA EntityManagerFactory for persistence unit 'default'
[2021-07-22 09:10:52] - spring.jpa.open-in-view is enabled by default. Therefore, database queries may be performed during view rendering. Explicitly configure spring.jpa.open-in-view to disable this warning
[2021-07-22 09:10:52] - Starting ProtocolHandler ["http-nio-8080"]
[2021-07-22 09:10:52] - Tomcat started on port(s): 8080 (http) with context path ''
[2021-07-22 09:10:52] - Started SpringUniJpaApplication in 3.372 seconds (JVM running for 4.408)
[2021-07-22 09:11:02] - Initializing Spring DispatcherServlet 'dispatcherServlet'
[2021-07-22 09:11:02] - Initializing Servlet 'dispatcherServlet'
[2021-07-22 09:11:02] - Completed initialization in 1 ms
[2021-07-22 09:16:24] - Closing JPA EntityManagerFactory for persistence unit 'default'
[2021-07-22 09:16:24] - HikariPool-1 - Shutdown initiated...
[2021-07-22 09:16:24] - HikariPool-1 - Shutdown completed.
[2021-07-22 09:16:28] - Starting SpringUniJpaApplication using Java 16.0.1 on anuththara-VivoBook-ASUSLaptop-X509JB-X509JB with PID 6255 (/home/anuththara/IdeaProjects/spring-uni-jpa/target/classes started by anuththara in /home/anuththara/IdeaProjects/spring-uni-jpa)
[2021-07-22 09:16:28] - No active profile set, falling back to default profiles: default
[2021-07-22 09:16:28] - Bootstrapping Spring Data JPA repositories in DEFAULT mode.
[2021-07-22 09:16:28] - Finished Spring Data repository scanning in 37 ms. Found 2 JPA repository interfaces.
[2021-07-22 09:16:29] - Tomcat initialized with port(s): 8080 (http)
[2021-07-22 09:16:29] - Initializing ProtocolHandler ["http-nio-8080"]
[2021-07-22 09:16:29] - Starting service [Tomcat]
[2021-07-22 09:16:29] - Starting Servlet engine: [Apache Tomcat/9.0.48]
[2021-07-22 09:16:29] - Initializing Spring embedded WebApplicationContext
[2021-07-22 09:16:29] - Root WebApplicationContext: initialization completed in 1131 ms
[2021-07-22 09:16:29] - HHH000204: Processing PersistenceUnitInfo [name: default]
[2021-07-22 09:16:29] - HHH000412: Hibernate ORM core version 5.4.32.Final
[2021-07-22 09:16:29] - HCANN000001: Hibernate Commons Annotations {5.1.2.Final}
[2021-07-22 09:16:29] - HikariPool-1 - Starting...
[2021-07-22 09:16:29] - Registered driver with driverClassName=com.mysql.jdbc.Driver was not found, trying direct instantiation.
[2021-07-22 09:16:30] - HikariPool-1 - Start completed.
[2021-07-22 09:16:30] - HHH000400: Using dialect: org.hibernate.dialect.MySQL5Dialect
[2021-07-22 09:16:30] - HHH000490: Using JtaPlatform implementation: [org.hibernate.engine.transaction.jta.platform.internal.NoJtaPlatform]
[2021-07-22 09:16:30] - Initialized JPA EntityManagerFactory for persistence unit 'default'
[2021-07-22 09:16:31] - spring.jpa.open-in-view is enabled by default. Therefore, database queries may be performed during view rendering. Explicitly configure spring.jpa.open-in-view to disable this warning
[2021-07-22 09:16:31] - Starting ProtocolHandler ["http-nio-8080"]
[2021-07-22 09:16:31] - Tomcat started on port(s): 8080 (http) with context path ''
[2021-07-22 09:16:31] - Started SpringUniJpaApplication in 3.76 seconds (JVM running for 4.692)
[2021-07-22 09:16:46] - Initializing Spring DispatcherServlet 'dispatcherServlet'
[2021-07-22 09:16:46] - Initializing Servlet 'dispatcherServlet'
[2021-07-22 09:16:46] - Completed initialization in 1 ms
[2021-07-22 09:16:55] - info: View user method
[2021-07-22 09:16:55] - error: View user method
[2021-07-22 09:16:55] - warn : View user method
[2021-07-22 09:31:35] - Closing JPA EntityManagerFactory for persistence unit 'default'
[2021-07-22 09:31:35] - HikariPool-1 - Shutdown initiated...
[2021-07-22 09:31:35] - HikariPool-1 - Shutdown completed.
[2021-07-22 09:31:40] - Starting SpringUniJpaApplication using Java 16.0.1 on anuththara-VivoBook-ASUSLaptop-X509JB-X509JB with PID 7040 (/home/anuththara/IdeaProjects/spring-uni-jpa/target/classes started by anuththara in /home/anuththara/IdeaProjects/spring-uni-jpa)
[2021-07-22 09:31:40] - No active profile set, falling back to default profiles: default
[2021-07-22 09:31:40] - Bootstrapping Spring Data JPA repositories in DEFAULT mode.
[2021-07-22 09:31:41] - Finished Spring Data repository scanning in 43 ms. Found 2 JPA repository interfaces.
[2021-07-22 09:31:41] - Tomcat initialized with port(s): 8080 (http)
[2021-07-22 09:31:41] - Initializing ProtocolHandler ["http-nio-8080"]
[2021-07-22 09:31:41] - Starting service [Tomcat]
[2021-07-22 09:31:41] - Starting Servlet engine: [Apache Tomcat/9.0.48]
[2021-07-22 09:31:41] - Initializing Spring embedded WebApplicationContext
[2021-07-22 09:31:41] - Root WebApplicationContext: initialization completed in 1350 ms
[2021-07-22 09:31:41] - HHH000204: Processing PersistenceUnitInfo [name: default]
[2021-07-22 09:31:41] - HHH000412: Hibernate ORM core version 5.4.32.Final
[2021-07-22 09:31:41] - HCANN000001: Hibernate Commons Annotations {5.1.2.Final}
[2021-07-22 09:31:41] - HikariPool-1 - Starting...
[2021-07-22 09:31:41] - Registered driver with driverClassName=com.mysql.jdbc.Driver was not found, trying direct instantiation.
[2021-07-22 09:31:42] - HikariPool-1 - Start completed.
[2021-07-22 09:31:42] - HHH000400: Using dialect: org.hibernate.dialect.MySQL5Dialect
[2021-07-22 09:31:42] - HHH000490: Using JtaPlatform implementation: [org.hibernate.engine.transaction.jta.platform.internal.NoJtaPlatform]
[2021-07-22 09:31:42] - Initialized JPA EntityManagerFactory for persistence unit 'default'
[2021-07-22 09:31:43] - spring.jpa.open-in-view is enabled by default. Therefore, database queries may be performed during view rendering. Explicitly configure spring.jpa.open-in-view to disable this warning
[2021-07-22 09:31:43] - Starting ProtocolHandler ["http-nio-8080"]
