[2021-07-28 18:17:32] - Creating shared instance of singleton bean 'org.springframework.boot.autoconfigure.jdbc.metadata.DataSourcePoolMetadataProvidersConfiguration$HikariPoolDataSourceMetadataProviderConfiguration'
[2021-07-28 18:17:32] - Creating shared instance of singleton bean 'entityManagerFactoryBuilder'
[2021-07-28 18:17:32] - Creating shared instance of singleton bean 'jpaVendorAdapter'
[2021-07-28 18:17:32] - Logging Provider: org.jboss.logging.Log4j2LoggerProvider
[2021-07-28 18:17:32] - Autowiring by type from bean name 'entityManagerFactoryBuilder' via factory method to bean named 'jpaVendorAdapter'
[2021-07-28 18:17:32] - Autowiring by type from bean name 'entityManagerFactory' via factory method to bean named 'entityManagerFactoryBuilder'
[2021-07-28 18:17:32] - Building JPA container EntityManagerFactory for persistence unit 'default'
[2021-07-28 18:17:32] - PersistenceUnitInfo [
	name: default
	persistence provider classname: null
	classloader: TomcatEmbeddedWebappClassLoader
  context: ROOT
  delegate: true
----------> Parent Classloader:
jdk.internal.loader.ClassLoaders$AppClassLoader@251a69d7

	excludeUnlistedClasses: true
	JTA datasource: null
	Non JTA datasource: HikariDataSource (null)
	Transaction type: RESOURCE_LOCAL
	PU root URL: file:/home/anuththara/Documents/hSenid/Practice/springboot/spring-uni-jpa/UserJPA-Springboot/target/classes/
	Shared Cache Mode: UNSPECIFIED
	Validation Mode: AUTO
	Jar files URLs []
	Managed classes names [
		com.anu.springunijpa.entity.Course
		com.anu.springunijpa.entity.User
		com.anu.springunijpa.entity.UserCourse
		com.anu.springunijpa.entity.UserCourseKey]
	Mapping files names []
	Properties []
[2021-07-28 18:17:32] - Adding Integrator [org.hibernate.cfg.beanvalidation.BeanValidationIntegrator].
[2021-07-28 18:17:32] - Adding Integrator [org.hibernate.secure.spi.JaccIntegrator].
[2021-07-28 18:17:32] - Adding Integrator [org.hibernate.cache.internal.CollectionCacheInvalidator].
[2021-07-28 18:17:32] - HHH000412: Hibernate ORM core version 5.4.32.Final
[2021-07-28 18:17:32] - HHH000206: hibernate.properties not found
[2021-07-28 18:17:32] - Overriding existing service binding [org.hibernate.secure.spi.JaccService]
[2021-07-28 18:17:32] - Cannot default RegionFactory based on registered strategies as `[]` RegionFactory strategies were registered
[2021-07-28 18:17:32] - Cache region factory : org.hibernate.cache.internal.NoCachingRegionFactory
[2021-07-28 18:17:32] - HCANN000001: Hibernate Commons Annotations {5.1.2.Final}
[2021-07-28 18:17:32] - Adding type registration boolean -> org.hibernate.type.BooleanType@4e424582
[2021-07-28 18:17:32] - Adding type registration boolean -> org.hibernate.type.BooleanType@4e424582
[2021-07-28 18:17:32] - Adding type registration java.lang.Boolean -> org.hibernate.type.BooleanType@4e424582
[2021-07-28 18:17:32] - Adding type registration numeric_boolean -> org.hibernate.type.NumericBooleanType@4d0cc83e
[2021-07-28 18:17:32] - Adding type registration true_false -> org.hibernate.type.TrueFalseType@467045c4
[2021-07-28 18:17:32] - Adding type registration yes_no -> org.hibernate.type.YesNoType@42ed89da
[2021-07-28 18:17:32] - Adding type registration byte -> org.hibernate.type.ByteType@7135ce0a
[2021-07-28 18:17:32] - Adding type registration byte -> org.hibernate.type.ByteType@7135ce0a
[2021-07-28 18:17:32] - Adding type registration java.lang.Byte -> org.hibernate.type.ByteType@7135ce0a
[2021-07-28 18:17:32] - Adding type registration character -> org.hibernate.type.CharacterType@166c2c17
[2021-07-28 18:17:32] - Adding type registration char -> org.hibernate.type.CharacterType@166c2c17
[2021-07-28 18:17:32] - Adding type registration java.lang.Character -> org.hibernate.type.CharacterType@166c2c17
[2021-07-28 18:17:32] - Adding type registration short -> org.hibernate.type.ShortType@15c6027d
[2021-07-28 18:17:32] - Adding type registration short -> org.hibernate.type.ShortType@15c6027d
[2021-07-28 18:17:32] - Adding type registration java.lang.Short -> org.hibernate.type.ShortType@15c6027d
[2021-07-28 18:17:32] - Adding type registration integer -> org.hibernate.type.IntegerType@30bbcf91
[2021-07-28 18:17:32] - Adding type registration int -> org.hibernate.type.IntegerType@30bbcf91
[2021-07-28 18:17:32] - Adding type registration java.lang.Integer -> org.hibernate.type.IntegerType@30bbcf91
[2021-07-28 18:17:32] - Adding type registration long -> org.hibernate.type.LongType@37c5284a
[2021-07-28 18:17:32] - Adding type registration long -> org.hibernate.type.LongType@37c5284a
[2021-07-28 18:17:32] - Adding type registration java.lang.Long -> org.hibernate.type.LongType@37c5284a
[2021-07-28 18:17:32] - Adding type registration float -> org.hibernate.type.FloatType@5729b410
[2021-07-28 18:17:32] - Adding type registration float -> org.hibernate.type.FloatType@5729b410
[2021-07-28 18:17:32] - Adding type registration java.lang.Float -> org.hibernate.type.FloatType@5729b410
[2021-07-28 18:17:32] - Adding type registration double -> org.hibernate.type.DoubleType@38588dea
[2021-07-28 18:17:32] - Adding type registration double -> org.hibernate.type.DoubleType@38588dea
[2021-07-28 18:17:32] - Adding type registration java.lang.Double -> org.hibernate.type.DoubleType@38588dea
[2021-07-28 18:17:32] - Adding type registration big_decimal -> org.hibernate.type.BigDecimalType@3c9ef6e9
[2021-07-28 18:17:32] - Adding type registration java.math.BigDecimal -> org.hibernate.type.BigDecimalType@3c9ef6e9
[2021-07-28 18:17:32] - Adding type registration big_integer -> org.hibernate.type.BigIntegerType@5c18d6d4
[2021-07-28 18:17:32] - Adding type registration java.math.BigInteger -> org.hibernate.type.BigIntegerType@5c18d6d4
[2021-07-28 18:17:32] - Adding type registration string -> org.hibernate.type.StringType@631c6d11
[2021-07-28 18:17:32] - Adding type registration java.lang.String -> org.hibernate.type.StringType@631c6d11
[2021-07-28 18:17:32] - Adding type registration nstring -> org.hibernate.type.StringNVarcharType@70997a94
[2021-07-28 18:17:32] - Adding type registration ncharacter -> org.hibernate.type.CharacterNCharType@487cd177
[2021-07-28 18:17:32] - Adding type registration url -> org.hibernate.type.UrlType@4f1fb828
[2021-07-28 18:17:32] - Adding type registration java.net.URL -> org.hibernate.type.UrlType@4f1fb828
[2021-07-28 18:17:32] - Adding type registration Duration -> org.hibernate.type.DurationType@16b3c905
[2021-07-28 18:17:32] - Adding type registration java.time.Duration -> org.hibernate.type.DurationType@16b3c905
[2021-07-28 18:17:32] - Adding type registration Instant -> org.hibernate.type.InstantType@7c46c9c3
[2021-07-28 18:17:32] - Adding type registration java.time.Instant -> org.hibernate.type.InstantType@7c46c9c3
[2021-07-28 18:17:32] - Adding type registration LocalDateTime -> org.hibernate.type.LocalDateTimeType@33a8c9c9
[2021-07-28 18:17:32] - Adding type registration java.time.LocalDateTime -> org.hibernate.type.LocalDateTimeType@33a8c9c9
[2021-07-28 18:17:32] - Adding type registration LocalDate -> org.hibernate.type.LocalDateType@521441d5
[2021-07-28 18:17:32] - Adding type registration java.time.LocalDate -> org.hibernate.type.LocalDateType@521441d5
[2021-07-28 18:17:32] - Adding type registration LocalTime -> org.hibernate.type.LocalTimeType@1961d75a
[2021-07-28 18:17:32] - Adding type registration java.time.LocalTime -> org.hibernate.type.LocalTimeType@1961d75a
[2021-07-28 18:17:32] - Adding type registration OffsetDateTime -> org.hibernate.type.OffsetDateTimeType@5f08fe00
[2021-07-28 18:17:32] - Adding type registration java.time.OffsetDateTime -> org.hibernate.type.OffsetDateTimeType@5f08fe00
[2021-07-28 18:17:32] - Adding type registration OffsetTime -> org.hibernate.type.OffsetTimeType@7f0a133d
[2021-07-28 18:17:32] - Adding type registration java.time.OffsetTime -> org.hibernate.type.OffsetTimeType@7f0a133d
[2021-07-28 18:17:32] - Adding type registration ZonedDateTime -> org.hibernate.type.ZonedDateTimeType@7fd99443
[2021-07-28 18:17:32] - Adding type registration java.time.ZonedDateTime -> org.hibernate.type.ZonedDateTimeType@7fd99443
[2021-07-28 18:17:32] - Adding type registration date -> org.hibernate.type.DateType@2199e845
[2021-07-28 18:17:32] - Adding type registration java.sql.Date -> org.hibernate.type.DateType@2199e845
[2021-07-28 18:17:32] - Adding type registration time -> org.hibernate.type.TimeType@100aa331
[2021-07-28 18:17:32] - Adding type registration java.sql.Time -> org.hibernate.type.TimeType@100aa331
[2021-07-28 18:17:32] - Adding type registration timestamp -> org.hibernate.type.TimestampType@565aa4ac
[2021-07-28 18:17:32] - Adding type registration java.sql.Timestamp -> org.hibernate.type.TimestampType@565aa4ac
[2021-07-28 18:17:32] - Adding type registration java.util.Date -> org.hibernate.type.TimestampType@565aa4ac
[2021-07-28 18:17:32] - Adding type registration dbtimestamp -> org.hibernate.type.DbTimestampType@1c046c92
[2021-07-28 18:17:32] - Adding type registration calendar -> org.hibernate.type.CalendarType@39549f33
[2021-07-28 18:17:32] - Adding type registration java.util.Calendar -> org.hibernate.type.CalendarType@39549f33
[2021-07-28 18:17:32] - Adding type registration java.util.GregorianCalendar -> org.hibernate.type.CalendarType@39549f33
[2021-07-28 18:17:32] - Adding type registration calendar_date -> org.hibernate.type.CalendarDateType@4b55ff0a
[2021-07-28 18:17:32] - Adding type registration calendar_time -> org.hibernate.type.CalendarTimeType@22ead351
[2021-07-28 18:17:32] - Adding type registration locale -> org.hibernate.type.LocaleType@7675c171
[2021-07-28 18:17:32] - Adding type registration java.util.Locale -> org.hibernate.type.LocaleType@7675c171
[2021-07-28 18:17:32] - Adding type registration currency -> org.hibernate.type.CurrencyType@6ee88e21
[2021-07-28 18:17:32] - Adding type registration java.util.Currency -> org.hibernate.type.CurrencyType@6ee88e21
[2021-07-28 18:17:32] - Adding type registration timezone -> org.hibernate.type.TimeZoneType@217235f5
[2021-07-28 18:17:32] - Adding type registration java.util.TimeZone -> org.hibernate.type.TimeZoneType@217235f5
[2021-07-28 18:17:32] - Adding type registration class -> org.hibernate.type.ClassType@4776e209
[2021-07-28 18:17:32] - Adding type registration java.lang.Class -> org.hibernate.type.ClassType@4776e209
[2021-07-28 18:17:32] - Adding type registration uuid-binary -> org.hibernate.type.UUIDBinaryType@2744dcae
[2021-07-28 18:17:32] - Adding type registration java.util.UUID -> org.hibernate.type.UUIDBinaryType@2744dcae
[2021-07-28 18:17:32] - Adding type registration uuid-char -> org.hibernate.type.UUIDCharType@b14b60a
[2021-07-28 18:17:32] - Adding type registration binary -> org.hibernate.type.BinaryType@4fa86cb8
[2021-07-28 18:17:32] - Adding type registration byte[] -> org.hibernate.type.BinaryType@4fa86cb8
[2021-07-28 18:17:32] - Adding type registration [B -> org.hibernate.type.BinaryType@4fa86cb8
[2021-07-28 18:17:32] - Adding type registration wrapper-binary -> org.hibernate.type.WrapperBinaryType@7f977fba
[2021-07-28 18:17:32] - Adding type registration Byte[] -> org.hibernate.type.WrapperBinaryType@7f977fba
[2021-07-28 18:17:32] - Adding type registration [Ljava.lang.Byte; -> org.hibernate.type.WrapperBinaryType@7f977fba
[2021-07-28 18:17:32] - Adding type registration row_version -> org.hibernate.type.RowVersionType@110e9982
[2021-07-28 18:17:32] - Adding type registration image -> org.hibernate.type.ImageType@2de9ca6
[2021-07-28 18:17:32] - Adding type registration characters -> org.hibernate.type.CharArrayType@5a1dddba
[2021-07-28 18:17:32] - Adding type registration char[] -> org.hibernate.type.CharArrayType@5a1dddba
[2021-07-28 18:17:32] - Adding type registration [C -> org.hibernate.type.CharArrayType@5a1dddba
[2021-07-28 18:17:32] - Adding type registration wrapper-characters -> org.hibernate.type.CharacterArrayType@20cdb152
[2021-07-28 18:17:32] - Adding type registration [Ljava.lang.Character; -> org.hibernate.type.CharacterArrayType@20cdb152
[2021-07-28 18:17:32] - Adding type registration Character[] -> org.hibernate.type.CharacterArrayType@20cdb152
[2021-07-28 18:17:32] - Adding type registration text -> org.hibernate.type.TextType@5c48b72c
[2021-07-28 18:17:32] - Adding type registration ntext -> org.hibernate.type.NTextType@7ce29a2d
[2021-07-28 18:17:32] - Adding type registration blob -> org.hibernate.type.BlobType@781aff8b
[2021-07-28 18:17:32] - Adding type registration java.sql.Blob -> org.hibernate.type.BlobType@781aff8b
[2021-07-28 18:17:32] - Adding type registration materialized_blob -> org.hibernate.type.MaterializedBlobType@4962b41e
[2021-07-28 18:17:32] - Adding type registration clob -> org.hibernate.type.ClobType@552fee7a
[2021-07-28 18:17:32] - Adding type registration java.sql.Clob -> org.hibernate.type.ClobType@552fee7a
[2021-07-28 18:17:32] - Adding type registration nclob -> org.hibernate.type.NClobType@632b305d
[2021-07-28 18:17:32] - Adding type registration java.sql.NClob -> org.hibernate.type.NClobType@632b305d
[2021-07-28 18:17:32] - Adding type registration materialized_clob -> org.hibernate.type.MaterializedClobType@2db15f70
[2021-07-28 18:17:32] - Adding type registration materialized_nclob -> org.hibernate.type.MaterializedNClobType@3ebc955b
[2021-07-28 18:17:32] - Adding type registration serializable -> org.hibernate.type.SerializableType@14c99bf6
[2021-07-28 18:17:32] - Adding type registration object -> org.hibernate.type.ObjectType@9fe720a
[2021-07-28 18:17:32] - Adding type registration java.lang.Object -> org.hibernate.type.ObjectType@9fe720a
[2021-07-28 18:17:32] - Adding type registration imm_date -> org.hibernate.type.AdaptedImmutableType@8c12524
[2021-07-28 18:17:32] - Adding type registration imm_time -> org.hibernate.type.AdaptedImmutableType@f723cdb
[2021-07-28 18:17:32] - Adding type registration imm_timestamp -> org.hibernate.type.AdaptedImmutableType@4844930a
[2021-07-28 18:17:32] - Adding type registration imm_dbtimestamp -> org.hibernate.type.AdaptedImmutableType@11f23203
[2021-07-28 18:17:32] - Adding type registration imm_calendar -> org.hibernate.type.AdaptedImmutableType@101bdd1c
[2021-07-28 18:17:32] - Adding type registration imm_calendar_date -> org.hibernate.type.AdaptedImmutableType@e91af20
