[2021-07-27 14:40:10] - Adding type registration long -> org.hibernate.type.LongType@46320c9a
[2021-07-27 14:40:10] - Adding type registration long -> org.hibernate.type.LongType@46320c9a
[2021-07-27 14:40:10] - Adding type registration java.lang.Long -> org.hibernate.type.LongType@46320c9a
[2021-07-27 14:40:10] - Adding type registration float -> org.hibernate.type.FloatType@5c931134
[2021-07-27 14:40:10] - Adding type registration float -> org.hibernate.type.FloatType@5c931134
[2021-07-27 14:40:10] - Adding type registration java.lang.Float -> org.hibernate.type.FloatType@5c931134
[2021-07-27 14:40:10] - Adding type registration double -> org.hibernate.type.DoubleType@798deee8
[2021-07-27 14:40:10] - Adding type registration double -> org.hibernate.type.DoubleType@798deee8
[2021-07-27 14:40:10] - Adding type registration java.lang.Double -> org.hibernate.type.DoubleType@798deee8
[2021-07-27 14:40:10] - Adding type registration big_decimal -> org.hibernate.type.BigDecimalType@5e002356
[2021-07-27 14:40:10] - Adding type registration java.math.BigDecimal -> org.hibernate.type.BigDecimalType@5e002356
[2021-07-27 14:40:10] - Adding type registration big_integer -> org.hibernate.type.BigIntegerType@25a1a012
[2021-07-27 14:40:10] - Adding type registration java.math.BigInteger -> org.hibernate.type.BigIntegerType@25a1a012
[2021-07-27 14:40:10] - Adding type registration string -> org.hibernate.type.StringType@15986dd5
[2021-07-27 14:40:10] - Adding type registration java.lang.String -> org.hibernate.type.StringType@15986dd5
[2021-07-27 14:40:10] - Adding type registration nstring -> org.hibernate.type.StringNVarcharType@5d352de0
[2021-07-27 14:40:10] - Adding type registration ncharacter -> org.hibernate.type.CharacterNCharType@2dfeb141
[2021-07-27 14:40:10] - Adding type registration url -> org.hibernate.type.UrlType@113ee1ce
[2021-07-27 14:40:10] - Adding type registration java.net.URL -> org.hibernate.type.UrlType@113ee1ce
[2021-07-27 14:40:10] - Adding type registration Duration -> org.hibernate.type.DurationType@5a566922
[2021-07-27 14:40:10] - Adding type registration java.time.Duration -> org.hibernate.type.DurationType@5a566922
[2021-07-27 14:40:10] - Adding type registration Instant -> org.hibernate.type.InstantType@44592c39
[2021-07-27 14:40:10] - Adding type registration java.time.Instant -> org.hibernate.type.InstantType@44592c39
[2021-07-27 14:40:10] - Adding type registration LocalDateTime -> org.hibernate.type.LocalDateTimeType@2e590b
[2021-07-27 14:40:10] - Adding type registration java.time.LocalDateTime -> org.hibernate.type.LocalDateTimeType@2e590b
[2021-07-27 14:40:10] - Adding type registration LocalDate -> org.hibernate.type.LocalDateType@19dc0d32
[2021-07-27 14:40:10] - Adding type registration java.time.LocalDate -> org.hibernate.type.LocalDateType@19dc0d32
[2021-07-27 14:40:10] - Adding type registration LocalTime -> org.hibernate.type.LocalTimeType@2bb62414
[2021-07-27 14:40:10] - Adding type registration java.time.LocalTime -> org.hibernate.type.LocalTimeType@2bb62414
[2021-07-27 14:40:10] - Adding type registration OffsetDateTime -> org.hibernate.type.OffsetDateTimeType@1f4f0fcc
[2021-07-27 14:40:10] - Adding type registration java.time.OffsetDateTime -> org.hibernate.type.OffsetDateTimeType@1f4f0fcc
[2021-07-27 14:40:10] - Adding type registration OffsetTime -> org.hibernate.type.OffsetTimeType@7aaad0
[2021-07-27 14:40:10] - Adding type registration java.time.OffsetTime -> org.hibernate.type.OffsetTimeType@7aaad0
[2021-07-27 14:40:10] - Adding type registration ZonedDateTime -> org.hibernate.type.ZonedDateTimeType@3b7c58e7
[2021-07-27 14:40:10] - Adding type registration java.time.ZonedDateTime -> org.hibernate.type.ZonedDateTimeType@3b7c58e7
[2021-07-27 14:40:10] - Adding type registration date -> org.hibernate.type.DateType@3cdff901
[2021-07-27 14:40:10] - Adding type registration java.sql.Date -> org.hibernate.type.DateType@3cdff901
[2021-07-27 14:40:10] - Adding type registration time -> org.hibernate.type.TimeType@608cd501
[2021-07-27 14:40:10] - Adding type registration java.sql.Time -> org.hibernate.type.TimeType@608cd501
[2021-07-27 14:40:10] - Adding type registration timestamp -> org.hibernate.type.TimestampType@738a5848
[2021-07-27 14:40:10] - Adding type registration java.sql.Timestamp -> org.hibernate.type.TimestampType@738a5848
[2021-07-27 14:40:10] - Adding type registration java.util.Date -> org.hibernate.type.TimestampType@738a5848
[2021-07-27 14:40:10] - Adding type registration dbtimestamp -> org.hibernate.type.DbTimestampType@63f40ca0
[2021-07-27 14:40:10] - Adding type registration calendar -> org.hibernate.type.CalendarType@1ab14636
[2021-07-27 14:40:10] - Adding type registration java.util.Calendar -> org.hibernate.type.CalendarType@1ab14636
[2021-07-27 14:40:10] - Adding type registration java.util.GregorianCalendar -> org.hibernate.type.CalendarType@1ab14636
[2021-07-27 14:40:10] - Adding type registration calendar_date -> org.hibernate.type.CalendarDateType@61608e1a
[2021-07-27 14:40:10] - Adding type registration calendar_time -> org.hibernate.type.CalendarTimeType@6401188a
[2021-07-27 14:40:10] - Adding type registration locale -> org.hibernate.type.LocaleType@373afd6c
[2021-07-27 14:40:10] - Adding type registration java.util.Locale -> org.hibernate.type.LocaleType@373afd6c
[2021-07-27 14:40:10] - Adding type registration currency -> org.hibernate.type.CurrencyType@4017fe2c
[2021-07-27 14:40:10] - Adding type registration java.util.Currency -> org.hibernate.type.CurrencyType@4017fe2c
[2021-07-27 14:40:10] - Adding type registration timezone -> org.hibernate.type.TimeZoneType@7b351446
[2021-07-27 14:40:10] - Adding type registration java.util.TimeZone -> org.hibernate.type.TimeZoneType@7b351446
[2021-07-27 14:40:10] - Adding type registration class -> org.hibernate.type.ClassType@1a21f43f
[2021-07-27 14:40:10] - Adding type registration java.lang.Class -> org.hibernate.type.ClassType@1a21f43f
[2021-07-27 14:40:10] - Adding type registration uuid-binary -> org.hibernate.type.UUIDBinaryType@4a70d302
[2021-07-27 14:40:10] - Adding type registration java.util.UUID -> org.hibernate.type.UUIDBinaryType@4a70d302
[2021-07-27 14:40:10] - Adding type registration uuid-char -> org.hibernate.type.UUIDCharType@261b9a37
[2021-07-27 14:40:10] - Adding type registration binary -> org.hibernate.type.BinaryType@2199e845
[2021-07-27 14:40:10] - Adding type registration byte[] -> org.hibernate.type.BinaryType@2199e845
[2021-07-27 14:40:10] - Adding type registration [B -> org.hibernate.type.BinaryType@2199e845
[2021-07-27 14:40:10] - Adding type registration wrapper-binary -> org.hibernate.type.WrapperBinaryType@798cb6d9
[2021-07-27 14:40:10] - Adding type registration Byte[] -> org.hibernate.type.WrapperBinaryType@798cb6d9
[2021-07-27 14:40:10] - Adding type registration [Ljava.lang.Byte; -> org.hibernate.type.WrapperBinaryType@798cb6d9
[2021-07-27 14:40:10] - Adding type registration row_version -> org.hibernate.type.RowVersionType@6f6cc7da
[2021-07-27 14:40:10] - Adding type registration image -> org.hibernate.type.ImageType@5dbbb292
[2021-07-27 14:40:10] - Adding type registration characters -> org.hibernate.type.CharArrayType@27960b1e
[2021-07-27 14:40:10] - Adding type registration char[] -> org.hibernate.type.CharArrayType@27960b1e
[2021-07-27 14:40:10] - Adding type registration [C -> org.hibernate.type.CharArrayType@27960b1e
[2021-07-27 14:40:10] - Adding type registration wrapper-characters -> org.hibernate.type.CharacterArrayType@6f731759
[2021-07-27 14:40:10] - Adding type registration [Ljava.lang.Character; -> org.hibernate.type.CharacterArrayType@6f731759
[2021-07-27 14:40:10] - Adding type registration Character[] -> org.hibernate.type.CharacterArrayType@6f731759
[2021-07-27 14:40:10] - Adding type registration text -> org.hibernate.type.TextType@7a83ccd2
[2021-07-27 14:40:10] - Adding type registration ntext -> org.hibernate.type.NTextType@5e1a986c
[2021-07-27 14:40:10] - Adding type registration blob -> org.hibernate.type.BlobType@43d65a81
[2021-07-27 14:40:10] - Adding type registration java.sql.Blob -> org.hibernate.type.BlobType@43d65a81
[2021-07-27 14:40:10] - Adding type registration materialized_blob -> org.hibernate.type.MaterializedBlobType@11ede87f
[2021-07-27 14:40:10] - Adding type registration clob -> org.hibernate.type.ClobType@626e0c86
[2021-07-27 14:40:10] - Adding type registration java.sql.Clob -> org.hibernate.type.ClobType@626e0c86
[2021-07-27 14:40:10] - Adding type registration nclob -> org.hibernate.type.NClobType@697a0948
[2021-07-27 14:40:10] - Adding type registration java.sql.NClob -> org.hibernate.type.NClobType@697a0948
[2021-07-27 14:40:10] - Adding type registration materialized_clob -> org.hibernate.type.MaterializedClobType@1f536481
[2021-07-27 14:40:10] - Adding type registration materialized_nclob -> org.hibernate.type.MaterializedNClobType@50b734c4
[2021-07-27 14:40:10] - Adding type registration serializable -> org.hibernate.type.SerializableType@237add
[2021-07-27 14:40:10] - Adding type registration object -> org.hibernate.type.ObjectType@6c3f1658
[2021-07-27 14:40:10] - Adding type registration java.lang.Object -> org.hibernate.type.ObjectType@6c3f1658
[2021-07-27 14:40:10] - Adding type registration imm_date -> org.hibernate.type.AdaptedImmutableType@67f9cb52
[2021-07-27 14:40:10] - Adding type registration imm_time -> org.hibernate.type.AdaptedImmutableType@2de9ca6
[2021-07-27 14:40:10] - Adding type registration imm_timestamp -> org.hibernate.type.AdaptedImmutableType@59018eed
[2021-07-27 14:40:10] - Adding type registration imm_dbtimestamp -> org.hibernate.type.AdaptedImmutableType@2ee39e73
[2021-07-27 14:40:10] - Adding type registration imm_calendar -> org.hibernate.type.AdaptedImmutableType@76973a6
[2021-07-27 14:40:10] - Adding type registration imm_calendar_date -> org.hibernate.type.AdaptedImmutableType@71a4f441
[2021-07-27 14:40:10] - Adding type registration imm_binary -> org.hibernate.type.AdaptedImmutableType@24876a7e
[2021-07-27 14:40:10] - Adding type registration imm_serializable -> org.hibernate.type.AdaptedImmutableType@1625789b
[2021-07-27 14:40:10] - Injecting JPA temp ClassLoader [org.springframework.instrument.classloading.SimpleThrowawayClassLoader@67688110] into BootstrapContext; was [null]
