[2021-07-28 17:10:53] - HikariPool-1 - Fill pool skipped, pool is at sufficient level.
[2021-07-28 17:11:23] - HikariPool-1 - Pool stats (total=10, active=0, idle=10, waiting=0)
[2021-07-28 17:11:23] - HikariPool-1 - Fill pool skipped, pool is at sufficient level.
[2021-07-28 17:11:53] - HikariPool-1 - Pool stats (total=10, active=0, idle=10, waiting=0)
[2021-07-28 17:11:53] - HikariPool-1 - Fill pool skipped, pool is at sufficient level.
[2021-07-28 17:12:23] - HikariPool-1 - Pool stats (total=10, active=0, idle=10, waiting=0)
[2021-07-28 17:12:23] - HikariPool-1 - Fill pool skipped, pool is at sufficient level.
[2021-07-28 17:12:53] - HikariPool-1 - Pool stats (total=10, active=0, idle=10, waiting=0)
[2021-07-28 17:12:53] - HikariPool-1 - Fill pool skipped, pool is at sufficient level.
[2021-07-28 17:13:23] - HikariPool-1 - Pool stats (total=10, active=0, idle=10, waiting=0)
[2021-07-28 17:13:23] - HikariPool-1 - Fill pool skipped, pool is at sufficient level.
[2021-07-28 17:13:53] - HikariPool-1 - Pool stats (total=10, active=0, idle=10, waiting=0)
[2021-07-28 17:13:53] - HikariPool-1 - Fill pool skipped, pool is at sufficient level.
[2021-07-28 17:14:23] - HikariPool-1 - Pool stats (total=10, active=0, idle=10, waiting=0)
[2021-07-28 17:14:23] - HikariPool-1 - Fill pool skipped, pool is at sufficient level.
[2021-07-28 17:14:53] - HikariPool-1 - Pool stats (total=10, active=0, idle=10, waiting=0)
[2021-07-28 17:14:53] - HikariPool-1 - Fill pool skipped, pool is at sufficient level.
[2021-07-28 17:15:23] - HikariPool-1 - Pool stats (total=10, active=0, idle=10, waiting=0)
[2021-07-28 17:15:23] - HikariPool-1 - Fill pool skipped, pool is at sufficient level.
[2021-07-28 17:15:53] - HikariPool-1 - Pool stats (total=10, active=0, idle=10, waiting=0)
[2021-07-28 17:15:53] - HikariPool-1 - Fill pool skipped, pool is at sufficient level.
[2021-07-28 17:16:23] - HikariPool-1 - Pool stats (total=10, active=0, idle=10, waiting=0)
[2021-07-28 17:16:23] - HikariPool-1 - Fill pool skipped, pool is at sufficient level.
[2021-07-28 17:16:53] - HikariPool-1 - Pool stats (total=10, active=0, idle=10, waiting=0)
[2021-07-28 17:16:53] - HikariPool-1 - Fill pool skipped, pool is at sufficient level.
[2021-07-28 17:17:23] - HikariPool-1 - Pool stats (total=10, active=0, idle=10, waiting=0)
[2021-07-28 17:17:23] - HikariPool-1 - Fill pool skipped, pool is at sufficient level.
[2021-07-28 17:17:53] - HikariPool-1 - Pool stats (total=10, active=0, idle=10, waiting=0)
[2021-07-28 17:17:53] - HikariPool-1 - Fill pool skipped, pool is at sufficient level.
[2021-07-28 17:18:23] - HikariPool-1 - Pool stats (total=10, active=0, idle=10, waiting=0)
[2021-07-28 17:18:23] - HikariPool-1 - Fill pool skipped, pool is at sufficient level.
[2021-07-28 17:18:48] - Application availability state ReadinessState changed from ACCEPTING_TRAFFIC to REFUSING_TRAFFIC
[2021-07-28 17:18:48] - Closing org.springframework.boot.web.servlet.context.AnnotationConfigServletWebServerApplicationContext@363042d7, started on Wed Jul 28 16:34:51 IST 2021
[2021-07-28 17:18:48] - Found key 'spring.liveBeansView.mbeanDomain' in PropertySource 'systemProperties' with value of type String
[2021-07-28 17:18:48] - Stopping beans in phase 2147483647
[2021-07-28 17:18:48] - Bean 'webServerGracefulShutdown' completed its stop procedure
[2021-07-28 17:18:48] - Stopping beans in phase 2147483646
[2021-07-28 17:18:48] - Bean 'webServerStartStop' completed its stop procedure
[2021-07-28 17:18:48] - Stopping beans in phase 0
[2021-07-28 17:18:48] - Successfully stopped bean 'serverEndpointRegistration'
[2021-07-28 17:18:48] - Unregistering JMX-exposed beans on shutdown
[2021-07-28 17:18:48] - Unregistering JMX-exposed beans
[2021-07-28 17:18:48] - Shutting down ExecutorService 'applicationTaskExecutor'
[2021-07-28 17:18:48] - Closing JPA EntityManagerFactory for persistence unit 'default'
[2021-07-28 17:18:48] - HHH000031: Closing
[2021-07-28 17:18:48] - Un-scoping TypeConfiguration [org.hibernate.type.spi.TypeConfiguration$Scope@456a1a8c] from SessionFactory [org.hibernate.internal.SessionFactoryImpl@2d5ae78e]
[2021-07-28 17:18:49] - Implicitly destroying ServiceRegistry on de-registration of all child ServiceRegistries
[2021-07-28 17:18:49] - Implicitly destroying Boot-strap registry on de-registration of all child ServiceRegistries
[2021-07-28 17:18:49] - HikariPool-1 - Shutdown initiated...
[2021-07-28 17:18:49] - HikariPool-1 - Before shutdown stats (total=10, active=0, idle=10, waiting=0)
[2021-07-28 17:18:49] - HikariPool-1 - Closing connection com.mysql.cj.jdbc.ConnectionImpl@464fd13a: (connection evicted)
[2021-07-28 17:18:49] - HikariPool-1 - Closing connection com.mysql.cj.jdbc.ConnectionImpl@772db01: (connection evicted)
[2021-07-28 17:18:49] - HikariPool-1 - Closing connection com.mysql.cj.jdbc.ConnectionImpl@36bf59a9: (connection evicted)
[2021-07-28 17:18:49] - HikariPool-1 - Closing connection com.mysql.cj.jdbc.ConnectionImpl@675d244e: (connection evicted)
[2021-07-28 17:18:49] - HikariPool-1 - Closing connection com.mysql.cj.jdbc.ConnectionImpl@63133faa: (connection evicted)
[2021-07-28 17:18:49] - HikariPool-1 - Closing connection com.mysql.cj.jdbc.ConnectionImpl@8e20869: (connection evicted)
[2021-07-28 17:18:49] - HikariPool-1 - Closing connection com.mysql.cj.jdbc.ConnectionImpl@7c198453: (connection evicted)
[2021-07-28 17:18:49] - HikariPool-1 - Closing connection com.mysql.cj.jdbc.ConnectionImpl@45422bba: (connection evicted)
[2021-07-28 17:18:49] - HikariPool-1 - Closing connection com.mysql.cj.jdbc.ConnectionImpl@47f2181: (connection evicted)
[2021-07-28 17:18:49] - HikariPool-1 - Closing connection com.mysql.cj.jdbc.ConnectionImpl@2df1171c: (connection evicted)
[2021-07-28 17:18:49] - HikariPool-1 - After shutdown stats (total=0, active=0, idle=0, waiting=0)
[2021-07-28 17:18:49] - HikariPool-1 - Shutdown completed.
[2021-07-28 17:19:04] - Starting SpringUniJpaApplication using Java 16.0.1 on anuththara-VivoBook-ASUSLaptop-X509JB-X509JB with PID 12008 (/home/anuththara/Documents/hSenid/Practice/springboot/spring-uni-jpa/UserJPA-Springboot/target/classes started by anuththara in /home/anuththara/Documents/hSenid/Practice/springboot/spring-uni-jpa/UserJPA-Springboot)
[2021-07-28 17:19:04] - Running with Spring Boot v2.5.2, Spring v5.3.8
[2021-07-28 17:19:04] - No active profile set, falling back to default profiles: default
[2021-07-28 17:19:04] - Loading source class com.anu.springunijpa.SpringUniJpaApplication
[2021-07-28 17:19:04] - Refreshing org.springframework.boot.web.servlet.context.AnnotationConfigServletWebServerApplicationContext@66fdec9
[2021-07-28 17:19:04] - Creating shared instance of singleton bean 'org.springframework.context.annotation.internalConfigurationAnnotationProcessor'
[2021-07-28 17:19:04] - Creating shared instance of singleton bean 'org.springframework.boot.autoconfigure.internalCachingMetadataReaderFactory'
[2021-07-28 17:19:05] - Identified candidate component class: file [/home/anuththara/Documents/hSenid/Practice/springboot/spring-uni-jpa/UserJPA-Springboot/target/classes/com/anu/springunijpa/controller/CourseController.class]
[2021-07-28 17:19:05] - Identified candidate component class: file [/home/anuththara/Documents/hSenid/Practice/springboot/spring-uni-jpa/UserJPA-Springboot/target/classes/com/anu/springunijpa/controller/UserController.class]
[2021-07-28 17:19:05] - Identified candidate component class: file [/home/anuththara/Documents/hSenid/Practice/springboot/spring-uni-jpa/UserJPA-Springboot/target/classes/com/anu/springunijpa/exception/GlobalExceptionHandler.class]
[2021-07-28 17:19:05] - Identified candidate component class: file [/home/anuththara/Documents/hSenid/Practice/springboot/spring-uni-jpa/UserJPA-Springboot/target/classes/com/anu/springunijpa/resolver/CourseResolver.class]
[2021-07-28 17:19:05] - Identified candidate component class: file [/home/anuththara/Documents/hSenid/Practice/springboot/spring-uni-jpa/UserJPA-Springboot/target/classes/com/anu/springunijpa/resolver/GraphQLLocalDate.class]
[2021-07-28 17:19:05] - Identified candidate component class: file [/home/anuththara/Documents/hSenid/Practice/springboot/spring-uni-jpa/UserJPA-Springboot/target/classes/com/anu/springunijpa/resolver/UserResolver.class]
[2021-07-28 17:19:05] - Identified candidate component class: file [/home/anuththara/Documents/hSenid/Practice/springboot/spring-uni-jpa/UserJPA-Springboot/target/classes/com/anu/springunijpa/service/impl/CourseServiceImpl.class]
[2021-07-28 17:19:05] - Identified candidate component class: file [/home/anuththara/Documents/hSenid/Practice/springboot/spring-uni-jpa/UserJPA-Springboot/target/classes/com/anu/springunijpa/service/impl/UserServiceImpl.class]
[2021-07-28 17:19:07] - Bootstrapping Spring Data JPA repositories in DEFAULT mode.
[2021-07-28 17:19:07] - Creating shared instance of singleton bean 'org.springframework.boot.autoconfigure.AutoConfigurationPackages'
[2021-07-28 17:19:07] - @EnableAutoConfiguration was declared on a class in the package 'com.anu.springunijpa'. Automatic @Repository and @Entity scanning is enabled.
[2021-07-28 17:19:07] - Scanning for JPA repositories in packages com.anu.springunijpa.
[2021-07-28 17:19:07] - Identified candidate component class: file [/home/anuththara/Documents/hSenid/Practice/springboot/spring-uni-jpa/UserJPA-Springboot/target/classes/com/anu/springunijpa/repository/CourseRepository.class]
[2021-07-28 17:19:07] - Identified candidate component class: file [/home/anuththara/Documents/hSenid/Practice/springboot/spring-uni-jpa/UserJPA-Springboot/target/classes/com/anu/springunijpa/repository/UserRepository.class]
[2021-07-28 17:19:07] - Identified candidate component class: file [/home/anuththara/Documents/hSenid/Practice/springboot/spring-uni-jpa/UserJPA-Springboot/target/classes/com/anu/springunijpa/service/impl/CourseServiceImpl.class]
[2021-07-28 17:19:07] - Identified candidate component class: file [/home/anuththara/Documents/hSenid/Practice/springboot/spring-uni-jpa/UserJPA-Springboot/target/classes/com/anu/springunijpa/service/impl/UserServiceImpl.class]
[2021-07-28 17:19:07] - Finished Spring Data repository scanning in 142 ms. Found 2 JPA repository interfaces.
[2021-07-28 17:19:07] - Creating shared instance of singleton bean 'propertySourcesPlaceholderConfigurer'
[2021-07-28 17:19:07] - Creating shared instance of singleton bean 'emBeanDefinitionRegistrarPostProcessor'
[2021-07-28 17:19:07] - Creating shared instance of singleton bean 'org.springframework.boot.sql.init.dependency.DatabaseInitializationDependencyConfigurer$DependsOnDatabaseInitializationPostProcessor'
[2021-07-28 17:19:07] - Creating shared instance of singleton bean 'org.springframework.context.event.internalEventListenerProcessor'
[2021-07-28 17:19:07] - Creating shared instance of singleton bean 'preserveErrorControllerTargetClassPostProcessor'
[2021-07-28 17:19:07] - Creating shared instance of singleton bean 'org.springframework.context.event.internalEventListenerFactory'
[2021-07-28 17:19:07] - Creating shared instance of singleton bean 'org.springframework.transaction.config.internalTransactionalEventListenerFactory'
