[2021-07-26 09:11:48] - HHH000490: Using JtaPlatform implementation: [org.hibernate.engine.transaction.jta.platform.internal.NoJtaPlatform]
[2021-07-26 09:11:48] - Initialized JPA EntityManagerFactory for persistence unit 'default'
[2021-07-26 09:11:48] - spring.jpa.open-in-view is enabled by default. Therefore, database queries may be performed during view rendering. Explicitly configure spring.jpa.open-in-view to disable this warning
[2021-07-26 09:11:48] - Starting ProtocolHandler ["http-nio-8080"]
[2021-07-26 09:11:48] - Tomcat started on port(s): 8080 (http) with context path ''
[2021-07-26 09:11:49] - Started SpringUniJpaApplication in 4.479 seconds (JVM running for 5.175)
[2021-07-26 09:12:16] - Initializing Spring DispatcherServlet 'dispatcherServlet'
[2021-07-26 09:12:16] - Initializing Servlet 'dispatcherServlet'
[2021-07-26 09:12:16] - Completed initialization in 2 ms
[2021-07-26 09:12:16] - user id -198
[2021-07-26 09:12:16] - User with this Id not found!!
[2021-07-26 09:12:23] - user id -1
[2021-07-26 09:17:42] - Closing JPA EntityManagerFactory for persistence unit 'default'
[2021-07-26 09:17:42] - HikariPool-1 - Shutdown initiated...
[2021-07-26 09:17:42] - HikariPool-1 - Shutdown completed.
[2021-07-26 09:17:59] - Starting SpringUniJpaApplication using Java 16.0.1 on anuththara-VivoBook-ASUSLaptop-X509JB-X509JB with PID 8590 (/home/anuththara/Documents/hSenid/Practice/springboot/spring-uni-jpa/UserJPA-Springboot/target/classes started by anuththara in /home/anuththara/Documents/hSenid/Practice/springboot/spring-uni-jpa/UserJPA-Springboot)
[2021-07-26 09:17:59] - No active profile set, falling back to default profiles: default
[2021-07-26 09:18:03] - Bootstrapping Spring Data JPA repositories in DEFAULT mode.
[2021-07-26 09:18:03] - Finished Spring Data repository scanning in 158 ms. Found 2 JPA repository interfaces.
[2021-07-26 09:18:04] - Tomcat initialized with port(s): 8080 (http)
[2021-07-26 09:18:04] - Initializing ProtocolHandler ["http-nio-8080"]
[2021-07-26 09:18:04] - Starting service [Tomcat]
[2021-07-26 09:18:04] - Starting Servlet engine: [Apache Tomcat/9.0.48]
[2021-07-26 09:18:04] - Initializing Spring embedded WebApplicationContext
[2021-07-26 09:18:04] - Root WebApplicationContext: initialization completed in 4741 ms
[2021-07-26 09:18:04] - HHH000204: Processing PersistenceUnitInfo [name: default]
[2021-07-26 09:18:04] - HHH000412: Hibernate ORM core version 5.4.32.Final
[2021-07-26 09:18:05] - HCANN000001: Hibernate Commons Annotations {5.1.2.Final}
[2021-07-26 09:18:05] - HikariPool-1 - Starting...
[2021-07-26 09:18:05] - Registered driver with driverClassName=com.mysql.jdbc.Driver was not found, trying direct instantiation.
[2021-07-26 09:18:06] - HikariPool-1 - Start completed.
[2021-07-26 09:18:06] - HHH000400: Using dialect: org.hibernate.dialect.MySQL5Dialect
[2021-07-26 09:18:07] - HHH000490: Using JtaPlatform implementation: [org.hibernate.engine.transaction.jta.platform.internal.NoJtaPlatform]
[2021-07-26 09:18:07] - Initialized JPA EntityManagerFactory for persistence unit 'default'
[2021-07-26 09:18:08] - spring.jpa.open-in-view is enabled by default. Therefore, database queries may be performed during view rendering. Explicitly configure spring.jpa.open-in-view to disable this warning
[2021-07-26 09:18:08] - Starting ProtocolHandler ["http-nio-8080"]
[2021-07-26 09:18:08] - Tomcat started on port(s): 8080 (http) with context path ''
[2021-07-26 09:18:09] - Started SpringUniJpaApplication in 10.453 seconds (JVM running for 14.569)
[2021-07-26 09:18:16] - Initializing Spring DispatcherServlet 'dispatcherServlet'
[2021-07-26 09:18:16] - Initializing Servlet 'dispatcherServlet'
[2021-07-26 09:18:16] - Completed initialization in 1 ms
[2021-07-26 09:18:16] - user id -1
[2021-07-26 09:19:17] - Closing JPA EntityManagerFactory for persistence unit 'default'
[2021-07-26 09:19:17] - HikariPool-1 - Shutdown initiated...
[2021-07-26 09:19:17] - HikariPool-1 - Shutdown completed.
[2021-07-26 09:19:33] - Starting SpringUniJpaApplication using Java 16.0.1 on anuththara-VivoBook-ASUSLaptop-X509JB-X509JB with PID 8779 (/home/anuththara/Documents/hSenid/Practice/springboot/spring-uni-jpa/UserJPA-Springboot/target/classes started by anuththara in /home/anuththara/Documents/hSenid/Practice/springboot/spring-uni-jpa/UserJPA-Springboot)
[2021-07-26 09:19:33] - No active profile set, falling back to default profiles: default
[2021-07-26 09:19:36] - Bootstrapping Spring Data JPA repositories in DEFAULT mode.
[2021-07-26 09:19:36] - Finished Spring Data repository scanning in 245 ms. Found 2 JPA repository interfaces.
[2021-07-26 09:19:37] - Tomcat initialized with port(s): 8080 (http)
[2021-07-26 09:19:37] - Initializing ProtocolHandler ["http-nio-8080"]
[2021-07-26 09:19:37] - Starting service [Tomcat]
[2021-07-26 09:19:37] - Starting Servlet engine: [Apache Tomcat/9.0.48]
[2021-07-26 09:19:37] - Initializing Spring embedded WebApplicationContext
[2021-07-26 09:19:37] - Root WebApplicationContext: initialization completed in 4052 ms
[2021-07-26 09:19:38] - HHH000204: Processing PersistenceUnitInfo [name: default]
[2021-07-26 09:19:38] - HHH000412: Hibernate ORM core version 5.4.32.Final
[2021-07-26 09:19:38] - HCANN000001: Hibernate Commons Annotations {5.1.2.Final}
[2021-07-26 09:19:38] - HikariPool-1 - Starting...
[2021-07-26 09:19:38] - Registered driver with driverClassName=com.mysql.jdbc.Driver was not found, trying direct instantiation.
[2021-07-26 09:19:39] - HikariPool-1 - Start completed.
[2021-07-26 09:19:39] - HHH000400: Using dialect: org.hibernate.dialect.MySQL5Dialect
[2021-07-26 09:19:40] - HHH000490: Using JtaPlatform implementation: [org.hibernate.engine.transaction.jta.platform.internal.NoJtaPlatform]
[2021-07-26 09:19:40] - Initialized JPA EntityManagerFactory for persistence unit 'default'
[2021-07-26 09:19:41] - spring.jpa.open-in-view is enabled by default. Therefore, database queries may be performed during view rendering. Explicitly configure spring.jpa.open-in-view to disable this warning
[2021-07-26 09:19:41] - Starting ProtocolHandler ["http-nio-8080"]
[2021-07-26 09:19:41] - Tomcat started on port(s): 8080 (http) with context path ''
[2021-07-26 09:19:41] - Started SpringUniJpaApplication in 9.462 seconds (JVM running for 14.379)
[2021-07-26 09:19:50] - Initializing Spring DispatcherServlet 'dispatcherServlet'
[2021-07-26 09:19:50] - Initializing Servlet 'dispatcherServlet'
[2021-07-26 09:19:50] - Completed initialization in 1 ms
[2021-07-26 09:19:50] - user id -1
[2021-07-26 09:19:51] - HHH000100: Fail-safe cleanup (collections) : org.hibernate.engine.loading.internal.CollectionLoadContext@cb0f464<rs=HikariProxyResultSet@1101091969 wrapping Result set representing update count of 2>
[2021-07-26 09:19:51] - HHH000100: Fail-safe cleanup (collections) : org.hibernate.engine.loading.internal.CollectionLoadContext@39e500fe<rs=HikariProxyResultSet@965455106 wrapping Result set representing update count of 2>
[2021-07-26 09:19:51] - HHH000100: Fail-safe cleanup (collections) : org.hibernate.engine.loading.internal.CollectionLoadContext@5e3c862<rs=HikariProxyResultSet@1263798659 wrapping Result set representing update count of 2>
[2021-07-26 09:19:51] - HHH000100: Fail-safe cleanup (collections) : org.hibernate.engine.loading.internal.CollectionLoadContext@5af6e683<rs=HikariProxyResultSet@407302402 wrapping Result set representing update count of 2>
[2021-07-26 09:19:51] - HHH000100: Fail-safe cleanup (collections) : org.hibernate.engine.loading.internal.CollectionLoadContext@516e2a6d<rs=HikariProxyResultSet@1090714245 wrapping Result set representing update count of 2>
[2021-07-26 09:19:51] - HHH000100: Fail-safe cleanup (collections) : org.hibernate.engine.loading.internal.CollectionLoadContext@401d224e<rs=HikariProxyResultSet@1304956166 wrapping Result set representing update count of 2>
[2021-07-26 09:19:51] - HHH000100: Fail-safe cleanup (collections) : org.hibernate.engine.loading.internal.CollectionLoadContext@5b2652f7<rs=HikariProxyResultSet@1258135302 wrapping Result set representing update count of 2>
[2021-07-26 09:19:51] - HHH000100: Fail-safe cleanup (collections) : org.hibernate.engine.loading.internal.CollectionLoadContext@360975ee<rs=HikariProxyResultSet@268830216 wrapping Result set representing update count of 2>
[2021-07-26 09:19:51] - HHH000100: Fail-safe cleanup (collections) : org.hibernate.engine.loading.internal.CollectionLoadContext@16940c00<rs=HikariProxyResultSet@1481097353 wrapping Result set representing update count of 2>
[2021-07-26 09:19:51] - HHH000100: Fail-safe cleanup (collections) : org.hibernate.engine.loading.internal.CollectionLoadContext@3f3243ce<rs=HikariProxyResultSet@1698956683 wrapping Result set representing update count of 2>
[2021-07-26 09:19:51] - HHH000100: Fail-safe cleanup (collections) : org.hibernate.engine.loading.internal.CollectionLoadContext@566a1f35<rs=HikariProxyResultSet@1125768079 wrapping Result set representing update count of 2>
[2021-07-26 09:19:51] - HHH000100: Fail-safe cleanup (collections) : org.hibernate.engine.loading.internal.CollectionLoadContext@2bb1a613<rs=HikariProxyResultSet@1504615440 wrapping Result set representing update count of 2>
[2021-07-26 09:19:51] - HHH000100: Fail-safe cleanup (collections) : org.hibernate.engine.loading.internal.CollectionLoadContext@1d734b69<rs=HikariProxyResultSet@471052304 wrapping Result set representing update count of 2>
[2021-07-26 09:19:51] - HHH000100: Fail-safe cleanup (collections) : org.hibernate.engine.loading.internal.CollectionLoadContext@30f2473a<rs=HikariProxyResultSet@1541997588 wrapping Result set representing update count of 2>
[2021-07-26 09:19:51] - HHH000100: Fail-safe cleanup (collections) : org.hibernate.engine.loading.internal.CollectionLoadContext@36e765a6<rs=HikariProxyResultSet@1595369621 wrapping Result set representing update count of 2>
[2021-07-26 09:19:51] - HHH000100: Fail-safe cleanup (collections) : org.hibernate.engine.loading.internal.CollectionLoadContext@1040cc57<rs=HikariProxyResultSet@1168383125 wrapping Result set representing update count of 2>
[2021-07-26 09:19:51] - HHH000100: Fail-safe cleanup (collections) : org.hibernate.engine.loading.internal.CollectionLoadContext@176ff535<rs=HikariProxyResultSet@1166421399 wrapping Result set representing update count of 2>
[2021-07-26 09:19:51] - HHH000100: Fail-safe cleanup (collections) : org.hibernate.engine.loading.internal.CollectionLoadContext@3506bb75<rs=HikariProxyResultSet@851840790 wrapping Result set representing update count of 2>
[2021-07-26 09:19:51] - HHH000100: Fail-safe cleanup (collections) : org.hibernate.engine.loading.internal.CollectionLoadContext@38412226<rs=HikariProxyResultSet@48799905 wrapping Result set representing update count of 2>
[2021-07-26 09:19:51] - HHH000100: Fail-safe cleanup (collections) : org.hibernate.engine.loading.internal.CollectionLoadContext@2ef5630d<rs=HikariProxyResultSet@1485989666 wrapping Result set representing update count of 2>
