[2021-07-28 09:09:24] - Autowiring by type from bean name 'org.springframework.boot.autoconfigure.orm.jpa.HibernateJpaConfiguration' via constructor to bean named 'org.springframework.beans.factory.support.DefaultListableBeanFactory@1059754c'
[2021-07-28 09:09:24] - Autowiring by type from bean name 'org.springframework.boot.autoconfigure.orm.jpa.HibernateJpaConfiguration' via constructor to bean named 'spring.jpa.hibernate-org.springframework.boot.autoconfigure.orm.jpa.HibernateProperties'
[2021-07-28 09:09:24] - Creating shared instance of singleton bean 'hikariPoolDataSourceMetadataProvider'
[2021-07-28 09:09:24] - Creating shared instance of singleton bean 'org.springframework.boot.autoconfigure.jdbc.metadata.DataSourcePoolMetadataProvidersConfiguration$HikariPoolDataSourceMetadataProviderConfiguration'
[2021-07-28 09:09:24] - Creating shared instance of singleton bean 'entityManagerFactoryBuilder'
[2021-07-28 09:09:24] - Creating shared instance of singleton bean 'jpaVendorAdapter'
[2021-07-28 09:09:24] - Logging Provider: org.jboss.logging.Log4j2LoggerProvider
[2021-07-28 09:09:24] - Autowiring by type from bean name 'entityManagerFactoryBuilder' via factory method to bean named 'jpaVendorAdapter'
[2021-07-28 09:09:24] - Autowiring by type from bean name 'entityManagerFactory' via factory method to bean named 'entityManagerFactoryBuilder'
[2021-07-28 09:09:24] - Building JPA container EntityManagerFactory for persistence unit 'default'
[2021-07-28 09:09:24] - PersistenceUnitInfo [
	name: default
	persistence provider classname: null
	classloader: jdk.internal.loader.ClassLoaders$AppClassLoader@251a69d7
	excludeUnlistedClasses: true
	JTA datasource: null
	Non JTA datasource: HikariDataSource (null)
	Transaction type: RESOURCE_LOCAL
	PU root URL: file:/home/anuththara/Documents/hSenid/Practice/springboot/spring-uni-jpa/UserJPA-Springboot/target/test-classes/
	Shared Cache Mode: UNSPECIFIED
	Validation Mode: AUTO
	Jar files URLs []
	Managed classes names [
		com.anu.springunijpa.entity.Course
		com.anu.springunijpa.entity.User
		com.anu.springunijpa.entity.UserCourse
		com.anu.springunijpa.entity.UserCourseKey]
	Mapping files names []
	Properties []
[2021-07-28 09:09:24] - Adding Integrator [org.hibernate.cfg.beanvalidation.BeanValidationIntegrator].
[2021-07-28 09:09:24] - Adding Integrator [org.hibernate.secure.spi.JaccIntegrator].
[2021-07-28 09:09:24] - Adding Integrator [org.hibernate.cache.internal.CollectionCacheInvalidator].
[2021-07-28 09:09:24] - HHH000412: Hibernate ORM core version 5.4.32.Final
[2021-07-28 09:09:24] - HHH000206: hibernate.properties not found
[2021-07-28 09:09:24] - Overriding existing service binding [org.hibernate.secure.spi.JaccService]
[2021-07-28 09:09:24] - Cannot default RegionFactory based on registered strategies as `[]` RegionFactory strategies were registered
[2021-07-28 09:09:24] - Cache region factory : org.hibernate.cache.internal.NoCachingRegionFactory
[2021-07-28 09:09:24] - HCANN000001: Hibernate Commons Annotations {5.1.2.Final}
[2021-07-28 09:09:24] - Adding type registration boolean -> org.hibernate.type.BooleanType@516592b1
[2021-07-28 09:09:24] - Adding type registration boolean -> org.hibernate.type.BooleanType@516592b1
[2021-07-28 09:09:24] - Adding type registration java.lang.Boolean -> org.hibernate.type.BooleanType@516592b1
[2021-07-28 09:09:24] - Adding type registration numeric_boolean -> org.hibernate.type.NumericBooleanType@44114b9f
[2021-07-28 09:09:24] - Adding type registration true_false -> org.hibernate.type.TrueFalseType@38d08cb5
[2021-07-28 09:09:24] - Adding type registration yes_no -> org.hibernate.type.YesNoType@57a6a933
[2021-07-28 09:09:24] - Adding type registration byte -> org.hibernate.type.ByteType@3e8799f
[2021-07-28 09:09:24] - Adding type registration byte -> org.hibernate.type.ByteType@3e8799f
[2021-07-28 09:09:24] - Adding type registration java.lang.Byte -> org.hibernate.type.ByteType@3e8799f
[2021-07-28 09:09:24] - Adding type registration character -> org.hibernate.type.CharacterType@5f59ea8c
[2021-07-28 09:09:24] - Adding type registration char -> org.hibernate.type.CharacterType@5f59ea8c
[2021-07-28 09:09:24] - Adding type registration java.lang.Character -> org.hibernate.type.CharacterType@5f59ea8c
[2021-07-28 09:09:24] - Adding type registration short -> org.hibernate.type.ShortType@74834afd
[2021-07-28 09:09:24] - Adding type registration short -> org.hibernate.type.ShortType@74834afd
[2021-07-28 09:09:24] - Adding type registration java.lang.Short -> org.hibernate.type.ShortType@74834afd
[2021-07-28 09:09:24] - Adding type registration integer -> org.hibernate.type.IntegerType@33188612
[2021-07-28 09:09:24] - Adding type registration int -> org.hibernate.type.IntegerType@33188612
[2021-07-28 09:09:24] - Adding type registration java.lang.Integer -> org.hibernate.type.IntegerType@33188612
[2021-07-28 09:09:24] - Adding type registration long -> org.hibernate.type.LongType@71b6172c
[2021-07-28 09:09:24] - Adding type registration long -> org.hibernate.type.LongType@71b6172c
[2021-07-28 09:09:24] - Adding type registration java.lang.Long -> org.hibernate.type.LongType@71b6172c
[2021-07-28 09:09:24] - Adding type registration float -> org.hibernate.type.FloatType@723877dd
[2021-07-28 09:09:24] - Adding type registration float -> org.hibernate.type.FloatType@723877dd
[2021-07-28 09:09:24] - Adding type registration java.lang.Float -> org.hibernate.type.FloatType@723877dd
[2021-07-28 09:09:24] - Adding type registration double -> org.hibernate.type.DoubleType@6d229b1c
[2021-07-28 09:09:24] - Adding type registration double -> org.hibernate.type.DoubleType@6d229b1c
[2021-07-28 09:09:24] - Adding type registration java.lang.Double -> org.hibernate.type.DoubleType@6d229b1c
[2021-07-28 09:09:24] - Adding type registration big_decimal -> org.hibernate.type.BigDecimalType@38ee7a9d
[2021-07-28 09:09:24] - Adding type registration java.math.BigDecimal -> org.hibernate.type.BigDecimalType@38ee7a9d
[2021-07-28 09:09:24] - Adding type registration big_integer -> org.hibernate.type.BigIntegerType@6ec63f8
[2021-07-28 09:09:24] - Adding type registration java.math.BigInteger -> org.hibernate.type.BigIntegerType@6ec63f8
[2021-07-28 09:09:24] - Adding type registration string -> org.hibernate.type.StringType@51a651c1
[2021-07-28 09:09:24] - Adding type registration java.lang.String -> org.hibernate.type.StringType@51a651c1
[2021-07-28 09:09:24] - Adding type registration nstring -> org.hibernate.type.StringNVarcharType@158e9f6e
[2021-07-28 09:09:24] - Adding type registration ncharacter -> org.hibernate.type.CharacterNCharType@6cbbb9c4
[2021-07-28 09:09:24] - Adding type registration url -> org.hibernate.type.UrlType@5f34907b
[2021-07-28 09:09:24] - Adding type registration java.net.URL -> org.hibernate.type.UrlType@5f34907b
[2021-07-28 09:09:24] - Adding type registration Duration -> org.hibernate.type.DurationType@9b5f3c7
[2021-07-28 09:09:24] - Adding type registration java.time.Duration -> org.hibernate.type.DurationType@9b5f3c7
[2021-07-28 09:09:24] - Adding type registration Instant -> org.hibernate.type.InstantType@9c93d16
[2021-07-28 09:09:24] - Adding type registration java.time.Instant -> org.hibernate.type.InstantType@9c93d16
[2021-07-28 09:09:24] - Adding type registration LocalDateTime -> org.hibernate.type.LocalDateTimeType@5489b1f7
[2021-07-28 09:09:24] - Adding type registration java.time.LocalDateTime -> org.hibernate.type.LocalDateTimeType@5489b1f7
[2021-07-28 09:09:24] - Adding type registration LocalDate -> org.hibernate.type.LocalDateType@29f38091
[2021-07-28 09:09:24] - Adding type registration java.time.LocalDate -> org.hibernate.type.LocalDateType@29f38091
[2021-07-28 09:09:24] - Adding type registration LocalTime -> org.hibernate.type.LocalTimeType@1e7f19b4
[2021-07-28 09:09:24] - Adding type registration java.time.LocalTime -> org.hibernate.type.LocalTimeType@1e7f19b4
[2021-07-28 09:09:24] - Adding type registration OffsetDateTime -> org.hibernate.type.OffsetDateTimeType@4ed15347
[2021-07-28 09:09:24] - Adding type registration java.time.OffsetDateTime -> org.hibernate.type.OffsetDateTimeType@4ed15347
[2021-07-28 09:09:24] - Adding type registration OffsetTime -> org.hibernate.type.OffsetTimeType@9f86dc3
[2021-07-28 09:09:24] - Adding type registration java.time.OffsetTime -> org.hibernate.type.OffsetTimeType@9f86dc3
[2021-07-28 09:09:24] - Adding type registration ZonedDateTime -> org.hibernate.type.ZonedDateTimeType@bf75b5c
[2021-07-28 09:09:24] - Adding type registration java.time.ZonedDateTime -> org.hibernate.type.ZonedDateTimeType@bf75b5c
[2021-07-28 09:09:24] - Adding type registration date -> org.hibernate.type.DateType@343fddd9
[2021-07-28 09:09:24] - Adding type registration java.sql.Date -> org.hibernate.type.DateType@343fddd9
[2021-07-28 09:09:24] - Adding type registration time -> org.hibernate.type.TimeType@4ef2ab73
[2021-07-28 09:09:24] - Adding type registration java.sql.Time -> org.hibernate.type.TimeType@4ef2ab73
[2021-07-28 09:09:24] - Adding type registration timestamp -> org.hibernate.type.TimestampType@53d2d002
[2021-07-28 09:09:24] - Adding type registration java.sql.Timestamp -> org.hibernate.type.TimestampType@53d2d002
[2021-07-28 09:09:24] - Adding type registration java.util.Date -> org.hibernate.type.TimestampType@53d2d002
[2021-07-28 09:09:24] - Adding type registration dbtimestamp -> org.hibernate.type.DbTimestampType@71370fec
[2021-07-28 09:09:24] - Adding type registration calendar -> org.hibernate.type.CalendarType@5dfe23e8
[2021-07-28 09:09:24] - Adding type registration java.util.Calendar -> org.hibernate.type.CalendarType@5dfe23e8
[2021-07-28 09:09:24] - Adding type registration java.util.GregorianCalendar -> org.hibernate.type.CalendarType@5dfe23e8
[2021-07-28 09:09:24] - Adding type registration calendar_date -> org.hibernate.type.CalendarDateType@104dc1a2
[2021-07-28 09:09:24] - Adding type registration calendar_time -> org.hibernate.type.CalendarTimeType@79d3473e
[2021-07-28 09:09:24] - Adding type registration locale -> org.hibernate.type.LocaleType@62765aec
[2021-07-28 09:09:24] - Adding type registration java.util.Locale -> org.hibernate.type.LocaleType@62765aec
[2021-07-28 09:09:24] - Adding type registration currency -> org.hibernate.type.CurrencyType@4640195a
[2021-07-28 09:09:24] - Adding type registration java.util.Currency -> org.hibernate.type.CurrencyType@4640195a
[2021-07-28 09:09:24] - Adding type registration timezone -> org.hibernate.type.TimeZoneType@57efc6fd
[2021-07-28 09:09:24] - Adding type registration java.util.TimeZone -> org.hibernate.type.TimeZoneType@57efc6fd
[2021-07-28 09:09:24] - Adding type registration class -> org.hibernate.type.ClassType@217c23ce
[2021-07-28 09:09:24] - Adding type registration java.lang.Class -> org.hibernate.type.ClassType@217c23ce
[2021-07-28 09:09:24] - Adding type registration uuid-binary -> org.hibernate.type.UUIDBinaryType@7d528cf7
[2021-07-28 09:09:24] - Adding type registration java.util.UUID -> org.hibernate.type.UUIDBinaryType@7d528cf7
[2021-07-28 09:09:24] - Adding type registration uuid-char -> org.hibernate.type.UUIDCharType@17229821
[2021-07-28 09:09:24] - Adding type registration binary -> org.hibernate.type.BinaryType@49f3ff41
[2021-07-28 09:09:24] - Adding type registration byte[] -> org.hibernate.type.BinaryType@49f3ff41
[2021-07-28 09:09:24] - Adding type registration [B -> org.hibernate.type.BinaryType@49f3ff41
[2021-07-28 09:09:24] - Adding type registration wrapper-binary -> org.hibernate.type.WrapperBinaryType@14c141c0
[2021-07-28 09:09:24] - Adding type registration Byte[] -> org.hibernate.type.WrapperBinaryType@14c141c0
[2021-07-28 09:09:24] - Adding type registration [Ljava.lang.Byte; -> org.hibernate.type.WrapperBinaryType@14c141c0
[2021-07-28 09:09:24] - Adding type registration row_version -> org.hibernate.type.RowVersionType@28e0e464
[2021-07-28 09:09:24] - Adding type registration image -> org.hibernate.type.ImageType@54336976
[2021-07-28 09:09:24] - Adding type registration characters -> org.hibernate.type.CharArrayType@429aeac1
[2021-07-28 09:09:24] - Adding type registration char[] -> org.hibernate.type.CharArrayType@429aeac1
[2021-07-28 09:09:24] - Adding type registration [C -> org.hibernate.type.CharArrayType@429aeac1
[2021-07-28 09:09:24] - Adding type registration wrapper-characters -> org.hibernate.type.CharacterArrayType@66522ead
[2021-07-28 09:09:24] - Adding type registration [Ljava.lang.Character; -> org.hibernate.type.CharacterArrayType@66522ead
[2021-07-28 09:09:24] - Adding type registration Character[] -> org.hibernate.type.CharacterArrayType@66522ead
[2021-07-28 09:09:24] - Adding type registration text -> org.hibernate.type.TextType@58ae402b
[2021-07-28 09:09:24] - Adding type registration ntext -> org.hibernate.type.NTextType@3728a578
[2021-07-28 09:09:24] - Adding type registration blob -> org.hibernate.type.BlobType@488f3dd1
[2021-07-28 09:09:24] - Adding type registration java.sql.Blob -> org.hibernate.type.BlobType@488f3dd1
[2021-07-28 09:09:24] - Adding type registration materialized_blob -> org.hibernate.type.MaterializedBlobType@554188ac
[2021-07-28 09:09:24] - Adding type registration clob -> org.hibernate.type.ClobType@474179fa
[2021-07-28 09:09:24] - Adding type registration java.sql.Clob -> org.hibernate.type.ClobType@474179fa
[2021-07-28 09:09:24] - Adding type registration nclob -> org.hibernate.type.NClobType@7a687d8d
[2021-07-28 09:09:24] - Adding type registration java.sql.NClob -> org.hibernate.type.NClobType@7a687d8d
[2021-07-28 09:09:24] - Adding type registration materialized_clob -> org.hibernate.type.MaterializedClobType@7ba93755
[2021-07-28 09:09:24] - Adding type registration materialized_nclob -> org.hibernate.type.MaterializedNClobType@664212ab
[2021-07-28 09:09:24] - Adding type registration serializable -> org.hibernate.type.SerializableType@115ca7de
[2021-07-28 09:09:24] - Adding type registration object -> org.hibernate.type.ObjectType@7066363
[2021-07-28 09:09:24] - Adding type registration java.lang.Object -> org.hibernate.type.ObjectType@7066363
[2021-07-28 09:09:24] - Adding type registration imm_date -> org.hibernate.type.AdaptedImmutableType@17e0933c
[2021-07-28 09:09:24] - Adding type registration imm_time -> org.hibernate.type.AdaptedImmutableType@7edb6fca
[2021-07-28 09:09:24] - Adding type registration imm_timestamp -> org.hibernate.type.AdaptedImmutableType@1dcedc93
