[2021-07-27 17:13:51] - Processing attribute `userName` : value = Kate
[2021-07-27 17:13:51] - Attribute (`userName`)  - enhanced for lazy-loading? - false
[2021-07-27 17:13:51] - Processing attribute `userTel` : value = 767097796
[2021-07-27 17:13:51] - Attribute (`userTel`)  - enhanced for lazy-loading? - false
[2021-07-27 17:13:51] - Done materializing entity [com.anu.springunijpa.entity.User#3]
[2021-07-27 17:13:51] - Resolving attributes for [com.anu.springunijpa.entity.User#4]
[2021-07-27 17:13:51] - Processing attribute `dOB` : value = 2000-11-23
[2021-07-27 17:13:51] - Attribute (`dOB`)  - enhanced for lazy-loading? - false
[2021-07-27 17:13:51] - Processing attribute `userCourseSet` : value = NOT NULL COLLECTION
[2021-07-27 17:13:51] - Attribute (`userCourseSet`)  - enhanced for lazy-loading? - false
[2021-07-27 17:13:51] - Processing attribute `userName` : value = Roy
[2021-07-27 17:13:51] - Attribute (`userName`)  - enhanced for lazy-loading? - false
[2021-07-27 17:13:51] - Processing attribute `userTel` : value = 707096111
[2021-07-27 17:13:51] - Attribute (`userTel`)  - enhanced for lazy-loading? - false
[2021-07-27 17:13:51] - Done materializing entity [com.anu.springunijpa.entity.User#4]
[2021-07-27 17:13:51] - Resolving attributes for [com.anu.springunijpa.entity.User#5]
[2021-07-27 17:13:51] - Processing attribute `dOB` : value = 1999-08-22
[2021-07-27 17:13:51] - Attribute (`dOB`)  - enhanced for lazy-loading? - false
[2021-07-27 17:13:51] - Processing attribute `userCourseSet` : value = NOT NULL COLLECTION
[2021-07-27 17:13:51] - Attribute (`userCourseSet`)  - enhanced for lazy-loading? - false
[2021-07-27 17:13:51] - Processing attribute `userName` : value = Jane
[2021-07-27 17:13:51] - Attribute (`userName`)  - enhanced for lazy-loading? - false
[2021-07-27 17:13:51] - Processing attribute `userTel` : value = 704749234
[2021-07-27 17:13:51] - Attribute (`userTel`)  - enhanced for lazy-loading? - false
[2021-07-27 17:13:51] - Done materializing entity [com.anu.springunijpa.entity.User#5]
[2021-07-27 17:13:51] - Resolving attributes for [com.anu.springunijpa.entity.User#6]
[2021-07-27 17:13:51] - Processing attribute `dOB` : value = 2002-02-10
[2021-07-27 17:13:51] - Attribute (`dOB`)  - enhanced for lazy-loading? - false
[2021-07-27 17:13:51] - Processing attribute `userCourseSet` : value = NOT NULL COLLECTION
[2021-07-27 17:13:51] - Attribute (`userCourseSet`)  - enhanced for lazy-loading? - false
[2021-07-27 17:13:51] - Processing attribute `userName` : value = Sara
[2021-07-27 17:13:51] - Attribute (`userName`)  - enhanced for lazy-loading? - false
[2021-07-27 17:13:51] - Processing attribute `userTel` : value = 726098756
[2021-07-27 17:13:51] - Attribute (`userTel`)  - enhanced for lazy-loading? - false
[2021-07-27 17:13:51] - Done materializing entity [com.anu.springunijpa.entity.User#6]
[2021-07-27 17:13:51] - Resolving attributes for [com.anu.springunijpa.entity.User#7]
[2021-07-27 17:13:51] - Processing attribute `dOB` : value = 2000-12-15
[2021-07-27 17:13:51] - Attribute (`dOB`)  - enhanced for lazy-loading? - false
[2021-07-27 17:13:51] - Processing attribute `userCourseSet` : value = NOT NULL COLLECTION
[2021-07-27 17:13:51] - Attribute (`userCourseSet`)  - enhanced for lazy-loading? - false
[2021-07-27 17:13:51] - Processing attribute `userName` : value = Tom
[2021-07-27 17:13:51] - Attribute (`userName`)  - enhanced for lazy-loading? - false
[2021-07-27 17:13:51] - Processing attribute `userTel` : value = 0717879325
[2021-07-27 17:13:51] - Attribute (`userTel`)  - enhanced for lazy-loading? - false
[2021-07-27 17:13:51] - Done materializing entity [com.anu.springunijpa.entity.User#7]
[2021-07-27 17:13:51] - Resolving attributes for [com.anu.springunijpa.entity.User#8]
[2021-07-27 17:13:51] - Processing attribute `dOB` : value = 2001-01-26
[2021-07-27 17:13:51] - Attribute (`dOB`)  - enhanced for lazy-loading? - false
[2021-07-27 17:13:51] - Processing attribute `userCourseSet` : value = NOT NULL COLLECTION
[2021-07-27 17:13:51] - Attribute (`userCourseSet`)  - enhanced for lazy-loading? - false
[2021-07-27 17:13:51] - Processing attribute `userName` : value = Loid
[2021-07-27 17:13:51] - Attribute (`userName`)  - enhanced for lazy-loading? - false
[2021-07-27 17:13:51] - Processing attribute `userTel` : value = 777893143
[2021-07-27 17:13:51] - Attribute (`userTel`)  - enhanced for lazy-loading? - false
[2021-07-27 17:13:51] - Done materializing entity [com.anu.springunijpa.entity.User#8]
[2021-07-27 17:13:51] - Resolving attributes for [com.anu.springunijpa.entity.User#9]
[2021-07-27 17:13:51] - Processing attribute `dOB` : value = 1999-05-23
[2021-07-27 17:13:51] - Attribute (`dOB`)  - enhanced for lazy-loading? - false
[2021-07-27 17:13:51] - Processing attribute `userCourseSet` : value = NOT NULL COLLECTION
[2021-07-27 17:13:51] - Attribute (`userCourseSet`)  - enhanced for lazy-loading? - false
[2021-07-27 17:13:51] - Processing attribute `userName` : value = Sana
[2021-07-27 17:13:51] - Attribute (`userName`)  - enhanced for lazy-loading? - false
[2021-07-27 17:13:51] - Processing attribute `userTel` : value = 786753452
[2021-07-27 17:13:51] - Attribute (`userTel`)  - enhanced for lazy-loading? - false
[2021-07-27 17:13:51] - Done materializing entity [com.anu.springunijpa.entity.User#9]
[2021-07-27 17:13:51] - Initiating transaction commit
[2021-07-27 17:13:51] - Committing JPA transaction on EntityManager [SessionImpl(679054101<open>)]
[2021-07-27 17:13:51] - committing
[2021-07-27 17:13:51] - Resetting read-only flag of JDBC Connection [HikariProxyConnection@347790724 wrapping com.mysql.cj.jdbc.ConnectionImpl@7f426ddd]
[2021-07-27 17:13:51] - Not closing pre-bound JPA EntityManager after transaction
[2021-07-27 17:13:51] - Using 'application/json', given [*/*] and supported [application/json, application/*+json, application/json, application/*+json]
[2021-07-27 17:13:51] - Writing [Page 1 of 1 containing com.anu.springunijpa.entity.User instances]
[2021-07-27 17:13:51] - Loading collection: [com.anu.springunijpa.entity.User.userCourseSet#1]
[2021-07-27 17:13:51] - select usercourse0_.user_id as user_id2_2_0_, usercourse0_.course_id as course_i1_2_0_, usercourse0_.course_id as course_i1_2_1_, usercourse0_.user_id as user_id2_2_1_, usercourse0_.user_course_set as user_cou3_2_1_, course1_.course_id as course_i1_0_2_, course1_.course_leader as course_l2_0_2_, course1_.course_name as course_n3_0_2_ from user_course usercourse0_ inner join course course1_ on usercourse0_.course_id=course1_.course_id where usercourse0_.user_id=?
[2021-07-27 17:13:51] - Preparing collection initializer : [com.anu.springunijpa.entity.User.userCourseSet#1]
[2021-07-27 17:13:51] - Found row of collection: [com.anu.springunijpa.entity.User.userCourseSet#1]
[2021-07-27 17:13:51] - Found row of collection: [com.anu.springunijpa.entity.User.userCourseSet#1]
[2021-07-27 17:13:51] - Resolving attributes for [com.anu.springunijpa.entity.UserCourse#component[courseId,userId]{courseId=c1, userId=1}]
[2021-07-27 17:13:51] - Processing attribute `course` : value = c1
[2021-07-27 17:13:51] - Attribute (`course`)  - enhanced for lazy-loading? - false
[2021-07-27 17:13:51] - Processing attribute `user` : value = 1
[2021-07-27 17:13:51] - Attribute (`user`)  - enhanced for lazy-loading? - false
[2021-07-27 17:13:51] - Processing attribute `userCourseSet` : value = null
[2021-07-27 17:13:51] - Attribute (`userCourseSet`)  - enhanced for lazy-loading? - false
[2021-07-27 17:13:51] - Done materializing entity [com.anu.springunijpa.entity.UserCourse#component[courseId,userId]{courseId=c1, userId=1}]
[2021-07-27 17:13:51] - Resolving attributes for [com.anu.springunijpa.entity.Course#c1]
[2021-07-27 17:13:51] - Processing attribute `courseLeader` : value = Mr.Java
[2021-07-27 17:13:51] - Attribute (`courseLeader`)  - enhanced for lazy-loading? - false
[2021-07-27 17:13:51] - Processing attribute `courseName` : value = java
[2021-07-27 17:13:51] - Attribute (`courseName`)  - enhanced for lazy-loading? - false
[2021-07-27 17:13:51] - Processing attribute `userCourseSet` : value = NOT NULL COLLECTION
[2021-07-27 17:13:51] - Attribute (`userCourseSet`)  - enhanced for lazy-loading? - false
[2021-07-27 17:13:51] - Done materializing entity [com.anu.springunijpa.entity.Course#c1]
[2021-07-27 17:13:51] - Resolving attributes for [com.anu.springunijpa.entity.UserCourse#component[courseId,userId]{courseId=c5, userId=1}]
[2021-07-27 17:13:51] - Processing attribute `course` : value = c5
[2021-07-27 17:13:51] - Attribute (`course`)  - enhanced for lazy-loading? - false
[2021-07-27 17:13:51] - Processing attribute `user` : value = 1
[2021-07-27 17:13:51] - Attribute (`user`)  - enhanced for lazy-loading? - false
[2021-07-27 17:13:51] - Processing attribute `userCourseSet` : value = null
[2021-07-27 17:13:51] - Attribute (`userCourseSet`)  - enhanced for lazy-loading? - false
[2021-07-27 17:13:51] - Done materializing entity [com.anu.springunijpa.entity.UserCourse#component[courseId,userId]{courseId=c5, userId=1}]
[2021-07-27 17:13:51] - Resolving attributes for [com.anu.springunijpa.entity.Course#c5]
[2021-07-27 17:13:51] - Processing attribute `courseLeader` : value = Mr.Flutter
[2021-07-27 17:13:51] - Attribute (`courseLeader`)  - enhanced for lazy-loading? - false
[2021-07-27 17:13:51] - Processing attribute `courseName` : value = flutter
[2021-07-27 17:13:51] - Attribute (`courseName`)  - enhanced for lazy-loading? - false
[2021-07-27 17:13:51] - Processing attribute `userCourseSet` : value = NOT NULL COLLECTION
[2021-07-27 17:13:51] - Attribute (`userCourseSet`)  - enhanced for lazy-loading? - false
[2021-07-27 17:13:51] - Done materializing entity [com.anu.springunijpa.entity.Course#c5]
[2021-07-27 17:13:51] - 1 collections were found in result set for role: com.anu.springunijpa.entity.User.userCourseSet
[2021-07-27 17:13:51] - Collection fully initialized: [com.anu.springunijpa.entity.User.userCourseSet#1]
[2021-07-27 17:13:51] - 1 collections initialized for role: com.anu.springunijpa.entity.User.userCourseSet
[2021-07-27 17:13:51] - Done loading collection
[2021-07-27 17:13:51] - Loading collection: [com.anu.springunijpa.entity.User.userCourseSet#2]
[2021-07-27 17:13:51] - select usercourse0_.user_id as user_id2_2_0_, usercourse0_.course_id as course_i1_2_0_, usercourse0_.course_id as course_i1_2_1_, usercourse0_.user_id as user_id2_2_1_, usercourse0_.user_course_set as user_cou3_2_1_, course1_.course_id as course_i1_0_2_, course1_.course_leader as course_l2_0_2_, course1_.course_name as course_n3_0_2_ from user_course usercourse0_ inner join course course1_ on usercourse0_.course_id=course1_.course_id where usercourse0_.user_id=?
[2021-07-27 17:13:51] - Preparing collection initializer : [com.anu.springunijpa.entity.User.userCourseSet#2]
[2021-07-27 17:13:51] - Found row of collection: [com.anu.springunijpa.entity.User.userCourseSet#2]
[2021-07-27 17:13:51] - Found row of collection: [com.anu.springunijpa.entity.User.userCourseSet#2]
[2021-07-27 17:13:51] - Resolving attributes for [com.anu.springunijpa.entity.UserCourse#component[courseId,userId]{courseId=c2, userId=2}]
[2021-07-27 17:13:51] - Processing attribute `course` : value = c2
[2021-07-27 17:13:51] - Attribute (`course`)  - enhanced for lazy-loading? - false
[2021-07-27 17:13:51] - Processing attribute `user` : value = 2
[2021-07-27 17:13:51] - Attribute (`user`)  - enhanced for lazy-loading? - false
[2021-07-27 17:13:51] - Processing attribute `userCourseSet` : value = null
[2021-07-27 17:13:51] - Attribute (`userCourseSet`)  - enhanced for lazy-loading? - false
[2021-07-27 17:13:51] - Done materializing entity [com.anu.springunijpa.entity.UserCourse#component[courseId,userId]{courseId=c2, userId=2}]
[2021-07-27 17:13:51] - Resolving attributes for [com.anu.springunijpa.entity.Course#c2]
[2021-07-27 17:13:51] - Processing attribute `courseLeader` : value = Mr.Python
