[2021-07-28 09:38:28] - Adding type registration java.time.LocalDate -> org.hibernate.type.LocalDateType@4816ee24
[2021-07-28 09:38:28] - Adding type registration LocalTime -> org.hibernate.type.LocalTimeType@557b6a37
[2021-07-28 09:38:28] - Adding type registration java.time.LocalTime -> org.hibernate.type.LocalTimeType@557b6a37
[2021-07-28 09:38:28] - Adding type registration OffsetDateTime -> org.hibernate.type.OffsetDateTimeType@34208baa
[2021-07-28 09:38:28] - Adding type registration java.time.OffsetDateTime -> org.hibernate.type.OffsetDateTimeType@34208baa
[2021-07-28 09:38:28] - Adding type registration OffsetTime -> org.hibernate.type.OffsetTimeType@1d0cac30
[2021-07-28 09:38:28] - Adding type registration java.time.OffsetTime -> org.hibernate.type.OffsetTimeType@1d0cac30
[2021-07-28 09:38:28] - Adding type registration ZonedDateTime -> org.hibernate.type.ZonedDateTimeType@104dc1a2
[2021-07-28 09:38:28] - Adding type registration java.time.ZonedDateTime -> org.hibernate.type.ZonedDateTimeType@104dc1a2
[2021-07-28 09:38:28] - Adding type registration date -> org.hibernate.type.DateType@75cf0de5
[2021-07-28 09:38:28] - Adding type registration java.sql.Date -> org.hibernate.type.DateType@75cf0de5
[2021-07-28 09:38:28] - Adding type registration time -> org.hibernate.type.TimeType@16132f21
[2021-07-28 09:38:28] - Adding type registration java.sql.Time -> org.hibernate.type.TimeType@16132f21
[2021-07-28 09:38:28] - Adding type registration timestamp -> org.hibernate.type.TimestampType@2c829dbc
[2021-07-28 09:38:28] - Adding type registration java.sql.Timestamp -> org.hibernate.type.TimestampType@2c829dbc
[2021-07-28 09:38:28] - Adding type registration java.util.Date -> org.hibernate.type.TimestampType@2c829dbc
[2021-07-28 09:38:28] - Adding type registration dbtimestamp -> org.hibernate.type.DbTimestampType@4e3e11b9
[2021-07-28 09:38:28] - Adding type registration calendar -> org.hibernate.type.CalendarType@1200458e
[2021-07-28 09:38:28] - Adding type registration java.util.Calendar -> org.hibernate.type.CalendarType@1200458e
[2021-07-28 09:38:28] - Adding type registration java.util.GregorianCalendar -> org.hibernate.type.CalendarType@1200458e
[2021-07-28 09:38:28] - Adding type registration calendar_date -> org.hibernate.type.CalendarDateType@5af64ce0
[2021-07-28 09:38:28] - Adding type registration calendar_time -> org.hibernate.type.CalendarTimeType@750a04ec
[2021-07-28 09:38:28] - Adding type registration locale -> org.hibernate.type.LocaleType@136ccbfe
[2021-07-28 09:38:28] - Adding type registration java.util.Locale -> org.hibernate.type.LocaleType@136ccbfe
[2021-07-28 09:38:28] - Adding type registration currency -> org.hibernate.type.CurrencyType@51fc862e
[2021-07-28 09:38:28] - Adding type registration java.util.Currency -> org.hibernate.type.CurrencyType@51fc862e
[2021-07-28 09:38:28] - Adding type registration timezone -> org.hibernate.type.TimeZoneType@54336976
[2021-07-28 09:38:28] - Adding type registration java.util.TimeZone -> org.hibernate.type.TimeZoneType@54336976
[2021-07-28 09:38:28] - Adding type registration class -> org.hibernate.type.ClassType@429aeac1
[2021-07-28 09:38:28] - Adding type registration java.lang.Class -> org.hibernate.type.ClassType@429aeac1
[2021-07-28 09:38:28] - Adding type registration uuid-binary -> org.hibernate.type.UUIDBinaryType@66522ead
[2021-07-28 09:38:28] - Adding type registration java.util.UUID -> org.hibernate.type.UUIDBinaryType@66522ead
[2021-07-28 09:38:28] - Adding type registration uuid-char -> org.hibernate.type.UUIDCharType@58ae402b
[2021-07-28 09:38:28] - Adding type registration binary -> org.hibernate.type.BinaryType@1a464fa3
[2021-07-28 09:38:28] - Adding type registration byte[] -> org.hibernate.type.BinaryType@1a464fa3
[2021-07-28 09:38:28] - Adding type registration [B -> org.hibernate.type.BinaryType@1a464fa3
[2021-07-28 09:38:28] - Adding type registration wrapper-binary -> org.hibernate.type.WrapperBinaryType@2091833
[2021-07-28 09:38:28] - Adding type registration Byte[] -> org.hibernate.type.WrapperBinaryType@2091833
[2021-07-28 09:38:28] - Adding type registration [Ljava.lang.Byte; -> org.hibernate.type.WrapperBinaryType@2091833
[2021-07-28 09:38:28] - Adding type registration row_version -> org.hibernate.type.RowVersionType@7f353a0f
[2021-07-28 09:38:28] - Adding type registration image -> org.hibernate.type.ImageType@2abc8034
[2021-07-28 09:38:28] - Adding type registration characters -> org.hibernate.type.CharArrayType@7a8341c1
[2021-07-28 09:38:28] - Adding type registration char[] -> org.hibernate.type.CharArrayType@7a8341c1
[2021-07-28 09:38:28] - Adding type registration [C -> org.hibernate.type.CharArrayType@7a8341c1
[2021-07-28 09:38:28] - Adding type registration wrapper-characters -> org.hibernate.type.CharacterArrayType@67eec8e1
[2021-07-28 09:38:28] - Adding type registration [Ljava.lang.Character; -> org.hibernate.type.CharacterArrayType@67eec8e1
[2021-07-28 09:38:28] - Adding type registration Character[] -> org.hibernate.type.CharacterArrayType@67eec8e1
[2021-07-28 09:38:28] - Adding type registration text -> org.hibernate.type.TextType@33e434c8
[2021-07-28 09:38:28] - Adding type registration ntext -> org.hibernate.type.NTextType@3443e476
[2021-07-28 09:38:28] - Adding type registration blob -> org.hibernate.type.BlobType@7f287b98
[2021-07-28 09:38:28] - Adding type registration java.sql.Blob -> org.hibernate.type.BlobType@7f287b98
[2021-07-28 09:38:28] - Adding type registration materialized_blob -> org.hibernate.type.MaterializedBlobType@553da911
[2021-07-28 09:38:28] - Adding type registration clob -> org.hibernate.type.ClobType@67bd351e
[2021-07-28 09:38:28] - Adding type registration java.sql.Clob -> org.hibernate.type.ClobType@67bd351e
[2021-07-28 09:38:28] - Adding type registration nclob -> org.hibernate.type.NClobType@1dcedc93
[2021-07-28 09:38:28] - Adding type registration java.sql.NClob -> org.hibernate.type.NClobType@1dcedc93
[2021-07-28 09:38:28] - Adding type registration materialized_clob -> org.hibernate.type.MaterializedClobType@2cca611f
[2021-07-28 09:38:28] - Adding type registration materialized_nclob -> org.hibernate.type.MaterializedNClobType@fd09e43
[2021-07-28 09:38:28] - Adding type registration serializable -> org.hibernate.type.SerializableType@72bd2871
[2021-07-28 09:38:28] - Adding type registration object -> org.hibernate.type.ObjectType@3a36cd5
[2021-07-28 09:38:28] - Adding type registration java.lang.Object -> org.hibernate.type.ObjectType@3a36cd5
[2021-07-28 09:38:28] - Adding type registration imm_date -> org.hibernate.type.AdaptedImmutableType@77d381e6
[2021-07-28 09:38:28] - Adding type registration imm_time -> org.hibernate.type.AdaptedImmutableType@2272cbb0
[2021-07-28 09:38:28] - Adding type registration imm_timestamp -> org.hibernate.type.AdaptedImmutableType@3f6f3cc
[2021-07-28 09:38:28] - Adding type registration imm_dbtimestamp -> org.hibernate.type.AdaptedImmutableType@180b3819
[2021-07-28 09:38:28] - Adding type registration imm_calendar -> org.hibernate.type.AdaptedImmutableType@733c464f
[2021-07-28 09:38:28] - Adding type registration imm_calendar_date -> org.hibernate.type.AdaptedImmutableType@47272cd3
[2021-07-28 09:38:28] - Adding type registration imm_binary -> org.hibernate.type.AdaptedImmutableType@73fbdf68
[2021-07-28 09:38:28] - Adding type registration imm_serializable -> org.hibernate.type.AdaptedImmutableType@32f1fafe
[2021-07-28 09:38:28] - Injecting JPA temp ClassLoader [org.springframework.instrument.classloading.SimpleThrowawayClassLoader@7e1ffe70] into BootstrapContext; was [null]
[2021-07-28 09:38:28] - ClassLoaderAccessImpl#injectTempClassLoader(org.springframework.instrument.classloading.SimpleThrowawayClassLoader@7e1ffe70) [was null]
[2021-07-28 09:38:28] - Injecting ScanEnvironment [org.hibernate.jpa.boot.internal.StandardJpaScanEnvironmentImpl@574059d5] into BootstrapContext; was [null]
[2021-07-28 09:38:28] - Injecting ScanOptions [org.hibernate.boot.archive.scan.internal.StandardScanOptions@6d672bd4] into BootstrapContext; was [org.hibernate.boot.archive.scan.internal.StandardScanOptions@67770b37]
[2021-07-28 09:38:28] - Injecting JPA temp ClassLoader [null] into BootstrapContext; was [org.springframework.instrument.classloading.SimpleThrowawayClassLoader@7e1ffe70]
[2021-07-28 09:38:28] - ClassLoaderAccessImpl#injectTempClassLoader(null) [was org.springframework.instrument.classloading.SimpleThrowawayClassLoader@7e1ffe70]
[2021-07-28 09:38:28] - Registering IdentifierGenerator strategy [uuid2] -> [org.hibernate.id.UUIDGenerator]
[2021-07-28 09:38:28] - Registering IdentifierGenerator strategy [guid] -> [org.hibernate.id.GUIDGenerator]
[2021-07-28 09:38:28] - Registering IdentifierGenerator strategy [uuid] -> [org.hibernate.id.UUIDHexGenerator]
[2021-07-28 09:38:28] - Registering IdentifierGenerator strategy [uuid.hex] -> [org.hibernate.id.UUIDHexGenerator]
[2021-07-28 09:38:28] - Registering IdentifierGenerator strategy [assigned] -> [org.hibernate.id.Assigned]
[2021-07-28 09:38:28] - Registering IdentifierGenerator strategy [identity] -> [org.hibernate.id.IdentityGenerator]
[2021-07-28 09:38:28] - Registering IdentifierGenerator strategy [select] -> [org.hibernate.id.SelectGenerator]
[2021-07-28 09:38:28] - Registering IdentifierGenerator strategy [sequence] -> [org.hibernate.id.enhanced.SequenceStyleGenerator]
[2021-07-28 09:38:28] - Registering IdentifierGenerator strategy [seqhilo] -> [org.hibernate.id.SequenceHiLoGenerator]
[2021-07-28 09:38:28] - Registering IdentifierGenerator strategy [increment] -> [org.hibernate.id.IncrementGenerator]
[2021-07-28 09:38:28] - Registering IdentifierGenerator strategy [foreign] -> [org.hibernate.id.ForeignGenerator]
[2021-07-28 09:38:28] - Registering IdentifierGenerator strategy [sequence-identity] -> [org.hibernate.id.SequenceIdentityGenerator]
[2021-07-28 09:38:28] - Registering IdentifierGenerator strategy [enhanced-sequence] -> [org.hibernate.id.enhanced.SequenceStyleGenerator]
[2021-07-28 09:38:28] - Registering IdentifierGenerator strategy [enhanced-table] -> [org.hibernate.id.enhanced.TableGenerator]
[2021-07-28 09:38:28] - HikariPool-1 - configuration:
[2021-07-28 09:38:28] - allowPoolSuspension................................false
[2021-07-28 09:38:28] - autoCommit................................true
[2021-07-28 09:38:28] - catalog................................none
[2021-07-28 09:38:28] - connectionInitSql................................none
[2021-07-28 09:38:28] - connectionTestQuery................................none
[2021-07-28 09:38:28] - connectionTimeout................................30000
[2021-07-28 09:38:28] - dataSource................................none
[2021-07-28 09:38:28] - dataSourceClassName................................none
[2021-07-28 09:38:28] - dataSourceJNDI................................none
[2021-07-28 09:38:28] - dataSourceProperties................................{password=<masked>}
[2021-07-28 09:38:28] - driverClassName................................"com.mysql.jdbc.Driver"
[2021-07-28 09:38:28] - exceptionOverrideClassName................................none
[2021-07-28 09:38:28] - healthCheckProperties................................{}
[2021-07-28 09:38:28] - healthCheckRegistry................................none
[2021-07-28 09:38:28] - idleTimeout................................600000
[2021-07-28 09:38:28] - initializationFailTimeout................................1
[2021-07-28 09:38:28] - isolateInternalQueries................................false
[2021-07-28 09:38:28] - jdbcUrl................................jdbc:mysql://localhost:3306/institute_test
[2021-07-28 09:38:28] - keepaliveTime................................0
[2021-07-28 09:38:28] - leakDetectionThreshold................................0
[2021-07-28 09:38:28] - maxLifetime................................1800000
[2021-07-28 09:38:28] - maximumPoolSize................................10
[2021-07-28 09:38:28] - metricRegistry................................none
[2021-07-28 09:38:28] - metricsTrackerFactory................................none
[2021-07-28 09:38:28] - minimumIdle................................10
[2021-07-28 09:38:28] - password................................<masked>
[2021-07-28 09:38:28] - poolName................................"HikariPool-1"
[2021-07-28 09:38:28] - readOnly................................false
[2021-07-28 09:38:28] - registerMbeans................................false
[2021-07-28 09:38:28] - scheduledExecutor................................none
[2021-07-28 09:38:28] - schema................................none
[2021-07-28 09:38:28] - threadFactory................................internal
[2021-07-28 09:38:28] - transactionIsolation................................default
[2021-07-28 09:38:28] - username................................"root"
[2021-07-28 09:38:28] - validationTimeout................................5000
[2021-07-28 09:38:28] - HikariPool-1 - Starting...
[2021-07-28 09:38:28] - Registered driver with driverClassName=com.mysql.jdbc.Driver was not found, trying direct instantiation.
[2021-07-28 09:38:28] - Driver class com.mysql.jdbc.Driver found in Thread context class loader jdk.internal.loader.ClassLoaders$AppClassLoader@251a69d7
