[2021-07-29 11:06:46] - Adding type registration imm_dbtimestamp -> org.hibernate.type.AdaptedImmutableType@740a0d5e
[2021-07-29 11:06:46] - Adding type registration imm_calendar -> org.hibernate.type.AdaptedImmutableType@265c1a7c
[2021-07-29 11:06:46] - Adding type registration imm_calendar_date -> org.hibernate.type.AdaptedImmutableType@5b2b8d86
[2021-07-29 11:06:46] - Adding type registration imm_binary -> org.hibernate.type.AdaptedImmutableType@7fef0b40
[2021-07-29 11:06:46] - Adding type registration imm_serializable -> org.hibernate.type.AdaptedImmutableType@5f395ce1
[2021-07-29 11:06:46] - Injecting JPA temp ClassLoader [org.springframework.instrument.classloading.SimpleThrowawayClassLoader@7c7e73c5] into BootstrapContext; was [null]
[2021-07-29 11:06:46] - ClassLoaderAccessImpl#injectTempClassLoader(org.springframework.instrument.classloading.SimpleThrowawayClassLoader@7c7e73c5) [was null]
[2021-07-29 11:06:46] - Injecting ScanEnvironment [org.hibernate.jpa.boot.internal.StandardJpaScanEnvironmentImpl@42fc4ac4] into BootstrapContext; was [null]
[2021-07-29 11:06:46] - Injecting ScanOptions [org.hibernate.boot.archive.scan.internal.StandardScanOptions@20a24edf] into BootstrapContext; was [org.hibernate.boot.archive.scan.internal.StandardScanOptions@29962b2f]
[2021-07-29 11:06:46] - Injecting JPA temp ClassLoader [null] into BootstrapContext; was [org.springframework.instrument.classloading.SimpleThrowawayClassLoader@7c7e73c5]
[2021-07-29 11:06:46] - ClassLoaderAccessImpl#injectTempClassLoader(null) [was org.springframework.instrument.classloading.SimpleThrowawayClassLoader@7c7e73c5]
[2021-07-29 11:06:46] - Registering IdentifierGenerator strategy [uuid2] -> [org.hibernate.id.UUIDGenerator]
[2021-07-29 11:06:46] - Registering IdentifierGenerator strategy [guid] -> [org.hibernate.id.GUIDGenerator]
[2021-07-29 11:06:46] - Registering IdentifierGenerator strategy [uuid] -> [org.hibernate.id.UUIDHexGenerator]
[2021-07-29 11:06:46] - Registering IdentifierGenerator strategy [uuid.hex] -> [org.hibernate.id.UUIDHexGenerator]
[2021-07-29 11:06:46] - Registering IdentifierGenerator strategy [assigned] -> [org.hibernate.id.Assigned]
[2021-07-29 11:06:46] - Registering IdentifierGenerator strategy [identity] -> [org.hibernate.id.IdentityGenerator]
[2021-07-29 11:06:46] - Registering IdentifierGenerator strategy [select] -> [org.hibernate.id.SelectGenerator]
[2021-07-29 11:06:46] - Registering IdentifierGenerator strategy [sequence] -> [org.hibernate.id.enhanced.SequenceStyleGenerator]
[2021-07-29 11:06:46] - Registering IdentifierGenerator strategy [seqhilo] -> [org.hibernate.id.SequenceHiLoGenerator]
[2021-07-29 11:06:46] - Registering IdentifierGenerator strategy [increment] -> [org.hibernate.id.IncrementGenerator]
[2021-07-29 11:06:46] - Registering IdentifierGenerator strategy [foreign] -> [org.hibernate.id.ForeignGenerator]
[2021-07-29 11:06:46] - Registering IdentifierGenerator strategy [sequence-identity] -> [org.hibernate.id.SequenceIdentityGenerator]
[2021-07-29 11:06:46] - Registering IdentifierGenerator strategy [enhanced-sequence] -> [org.hibernate.id.enhanced.SequenceStyleGenerator]
[2021-07-29 11:06:46] - Registering IdentifierGenerator strategy [enhanced-table] -> [org.hibernate.id.enhanced.TableGenerator]
[2021-07-29 11:06:46] - HikariPool-1 - configuration:
[2021-07-29 11:06:46] - allowPoolSuspension................................false
[2021-07-29 11:06:46] - autoCommit................................true
[2021-07-29 11:06:46] - catalog................................none
[2021-07-29 11:06:46] - connectionInitSql................................none
[2021-07-29 11:06:46] - connectionTestQuery................................none
[2021-07-29 11:06:46] - connectionTimeout................................30000
[2021-07-29 11:06:46] - dataSource................................none
[2021-07-29 11:06:46] - dataSourceClassName................................none
[2021-07-29 11:06:46] - dataSourceJNDI................................none
[2021-07-29 11:06:46] - dataSourceProperties................................{password=<masked>}
[2021-07-29 11:06:46] - driverClassName................................"com.mysql.jdbc.Driver"
[2021-07-29 11:06:46] - exceptionOverrideClassName................................none
[2021-07-29 11:06:46] - healthCheckProperties................................{}
[2021-07-29 11:06:46] - healthCheckRegistry................................none
[2021-07-29 11:06:46] - idleTimeout................................600000
[2021-07-29 11:06:46] - initializationFailTimeout................................1
[2021-07-29 11:06:46] - isolateInternalQueries................................false
[2021-07-29 11:06:46] - jdbcUrl................................jdbc:mysql://localhost:3306/institute_db
[2021-07-29 11:06:46] - keepaliveTime................................0
[2021-07-29 11:06:46] - leakDetectionThreshold................................0
[2021-07-29 11:06:46] - maxLifetime................................1800000
[2021-07-29 11:06:46] - maximumPoolSize................................10
[2021-07-29 11:06:46] - metricRegistry................................none
[2021-07-29 11:06:46] - metricsTrackerFactory................................none
[2021-07-29 11:06:46] - minimumIdle................................10
[2021-07-29 11:06:46] - password................................<masked>
[2021-07-29 11:06:46] - poolName................................"HikariPool-1"
[2021-07-29 11:06:46] - readOnly................................false
[2021-07-29 11:06:46] - registerMbeans................................false
[2021-07-29 11:06:46] - scheduledExecutor................................none
[2021-07-29 11:06:46] - schema................................none
[2021-07-29 11:06:46] - threadFactory................................internal
[2021-07-29 11:06:46] - transactionIsolation................................default
[2021-07-29 11:06:46] - username................................"root"
[2021-07-29 11:06:46] - validationTimeout................................5000
[2021-07-29 11:06:46] - HikariPool-1 - Starting...
[2021-07-29 11:06:46] - Registered driver with driverClassName=com.mysql.jdbc.Driver was not found, trying direct instantiation.
[2021-07-29 11:06:46] - Driver class com.mysql.jdbc.Driver found in Thread context class loader TomcatEmbeddedWebappClassLoader
  context: ROOT
  delegate: true
----------> Parent Classloader:
jdk.internal.loader.ClassLoaders$AppClassLoader@251a69d7

[2021-07-29 11:06:49] - HikariPool-1 - Added connection com.mysql.cj.jdbc.ConnectionImpl@16a6dc21
[2021-07-29 11:06:49] - HikariPool-1 - Start completed.
[2021-07-29 11:06:49] - Database ->
       name : MySQL
    version : 8.0.16
      major : 8
      minor : 0
[2021-07-29 11:06:49] - Driver ->
       name : MySQL Connector/J
    version : mysql-connector-java-8.0.25 (Revision: 08be9e9b4cba6aa115f9b27b215887af40b159e0)
      major : 8
      minor : 0
[2021-07-29 11:06:49] - JDBC version : 4.2
[2021-07-29 11:06:49] - HikariPool-1 - Pool stats (total=1, active=1, idle=0, waiting=0)
[2021-07-29 11:06:49] - HHH000400: Using dialect: org.hibernate.dialect.MySQL5Dialect
[2021-07-29 11:06:49] - JDBC driver metadata reported database stores quoted identifiers in more than one case
[2021-07-29 11:06:49] - HikariPool-1 - Added connection com.mysql.cj.jdbc.ConnectionImpl@6221d989
[2021-07-29 11:06:49] - HikariPool-1 - Added connection com.mysql.cj.jdbc.ConnectionImpl@43332cfd
[2021-07-29 11:06:49] - IdentifierCaseStrategy for both quoted and unquoted identifiers was set to the same strategy [MIXED]; that will likely lead to problems in schema update and validation if using quoted identifiers
[2021-07-29 11:06:49] - Created database namespace [logicalName=Name{catalog=null, schema=null}, physicalName=Name{catalog=null, schema=null}]
[2021-07-29 11:06:49] - Scoping TypeConfiguration [org.hibernate.type.spi.TypeConfiguration@37a67cf] to MetadataBuildingContext [org.hibernate.boot.internal.MetadataBuildingContextRootImpl@5822ecda]
[2021-07-29 11:06:49] - HikariPool-1 - Added connection com.mysql.cj.jdbc.ConnectionImpl@24cbeb4d
[2021-07-29 11:06:49] - HikariPool-1 - Added connection com.mysql.cj.jdbc.ConnectionImpl@477d937f
[2021-07-29 11:06:49] - HikariPool-1 - Added connection com.mysql.cj.jdbc.ConnectionImpl@7a65d0ef
[2021-07-29 11:06:49] - HikariPool-1 - Added connection com.mysql.cj.jdbc.ConnectionImpl@7f8fe184
[2021-07-29 11:06:49] - HikariPool-1 - Added connection com.mysql.cj.jdbc.ConnectionImpl@97d7bf1
[2021-07-29 11:06:49] - Binding entity from annotated class: com.anu.springunijpa.entity.Course
[2021-07-29 11:06:49] - HikariPool-1 - Added connection com.mysql.cj.jdbc.ConnectionImpl@13287ea9
[2021-07-29 11:06:49] - Binding column: Ejb3DiscriminatorColumn{logicalColumnName'DTYPE', discriminatorTypeName='string'}
[2021-07-29 11:06:49] - Import with entity name Course
[2021-07-29 11:06:49] - Bind entity com.anu.springunijpa.entity.Course on table course
[2021-07-29 11:06:49] - Binding column: Ejb3Column{table=org.hibernate.mapping.Table(course), mappingColumn=course_id, insertable=true, updatable=true, unique=false}
[2021-07-29 11:06:49] - Not known whether passed class name [com.anu.springunijpa.entity.Course] is safe
[2021-07-29 11:06:49] - No temp ClassLoader provided; using live ClassLoader for loading potentially unsafe class : com.anu.springunijpa.entity.Course
[2021-07-29 11:06:49] - MetadataSourceProcessor property courseId with lazy=false
[2021-07-29 11:06:49] - Attempting to locate auto-apply AttributeConverter for property [com.anu.springunijpa.entity.Course:courseId]
[2021-07-29 11:06:49] - building SimpleValue for courseId
[2021-07-29 11:06:49] - Building property courseId
[2021-07-29 11:06:49] - HikariPool-1 - Added connection com.mysql.cj.jdbc.ConnectionImpl@d4718df
[2021-07-29 11:06:49] - HikariPool-1 - After adding stats (total=10, active=0, idle=10, waiting=0)
[2021-07-29 11:06:50] - #makeIdGenerator(org.hibernate.mapping.SimpleValue([org.hibernate.mapping.Column(course_id)]), courseId, assigned, , ...)
[2021-07-29 11:06:50] - Binding column: Ejb3Column{table=org.hibernate.mapping.Table(course), mappingColumn=course_leader, insertable=true, updatable=true, unique=false}
[2021-07-29 11:06:50] - MetadataSourceProcessor property courseLeader with lazy=false
[2021-07-29 11:06:50] - Attempting to locate auto-apply AttributeConverter for property [com.anu.springunijpa.entity.Course:courseLeader]
[2021-07-29 11:06:50] - building SimpleValue for courseLeader
[2021-07-29 11:06:50] - Building property courseLeader
[2021-07-29 11:06:50] - Binding column: Ejb3Column{table=org.hibernate.mapping.Table(course), mappingColumn=course_name, insertable=true, updatable=true, unique=false}
[2021-07-29 11:06:50] - MetadataSourceProcessor property courseName with lazy=false
[2021-07-29 11:06:50] - Attempting to locate auto-apply AttributeConverter for property [com.anu.springunijpa.entity.Course:courseName]
[2021-07-29 11:06:50] - building SimpleValue for courseName
[2021-07-29 11:06:50] - Building property courseName
[2021-07-29 11:06:50] - Binding column: Ejb3JoinColumn{logicalColumnName='null', referencedColumn='null', mappedBy='course'}
[2021-07-29 11:06:50] - Binding column: Ejb3Column{table=org.hibernate.mapping.Table(course), mappingColumn=user_course_set, insertable=true, updatable=true, unique=false}
[2021-07-29 11:06:50] - Binding column: Ejb3Column{table=org.hibernate.mapping.Table(course), mappingColumn=null, insertable=true, updatable=true, unique=false}
[2021-07-29 11:06:50] - Binding column: Ejb3Column{table=org.hibernate.mapping.Table(course), mappingColumn=element, insertable=true, updatable=true, unique=false}
[2021-07-29 11:06:50] - Binding column: Ejb3Column{table=org.hibernate.mapping.Table(course), mappingColumn=user_course_set_key, insertable=true, updatable=true, unique=false}
[2021-07-29 11:06:50] - Binding column: Ejb3JoinColumn{logicalColumnName='userCourseSet_KEY', referencedColumn='null', mappedBy='null'}
[2021-07-29 11:06:50] - Binding column: Ejb3JoinColumn{logicalColumnName='null', referencedColumn='null', mappedBy='course'}
[2021-07-29 11:06:50] - Binding column: Ejb3JoinColumn{logicalColumnName='null', referencedColumn='null', mappedBy='course'}
[2021-07-29 11:06:50] - Collection role: com.anu.springunijpa.entity.Course.userCourseSet
[2021-07-29 11:06:50] - Building property userCourseSet
[2021-07-29 11:06:50] - Binding entity from annotated class: com.anu.springunijpa.entity.User
[2021-07-29 11:06:50] - Binding column: Ejb3DiscriminatorColumn{logicalColumnName'DTYPE', discriminatorTypeName='string'}
[2021-07-29 11:06:50] - Import with entity name User
[2021-07-29 11:06:50] - Bind entity com.anu.springunijpa.entity.User on table user
[2021-07-29 11:06:50] - Binding column: Ejb3Column{table=org.hibernate.mapping.Table(user), mappingColumn=user_id, insertable=true, updatable=true, unique=false}
[2021-07-29 11:06:50] - Not known whether passed class name [com.anu.springunijpa.entity.User] is safe
[2021-07-29 11:06:50] - No temp ClassLoader provided; using live ClassLoader for loading potentially unsafe class : com.anu.springunijpa.entity.User
[2021-07-29 11:06:50] - MetadataSourceProcessor property userId with lazy=false
[2021-07-29 11:06:50] - Attempting to locate auto-apply AttributeConverter for property [com.anu.springunijpa.entity.User:userId]
[2021-07-29 11:06:50] - building SimpleValue for userId
[2021-07-29 11:06:50] - Building property userId
