[2021-07-22 09:31:43] - Tomcat started on port(s): 8080 (http) with context path ''
[2021-07-22 09:31:44] - Started SpringUniJpaApplication in 4.485 seconds (JVM running for 6.099)
[2021-07-22 09:31:56] - Initializing Spring DispatcherServlet 'dispatcherServlet'
[2021-07-22 09:31:56] - Initializing Servlet 'dispatcherServlet'
[2021-07-22 09:31:56] - Completed initialization in 1 ms
[2021-07-22 09:31:56] - info: View user method
[2021-07-22 09:31:56] - error: View user method
[2021-07-22 09:31:56] - warn : View user method
[2021-07-22 09:32:21] - Closing JPA EntityManagerFactory for persistence unit 'default'
[2021-07-22 09:32:21] - HikariPool-1 - Shutdown initiated...
[2021-07-22 09:32:21] - HikariPool-1 - Shutdown completed.
[2021-07-22 09:32:24] - JSR-250 'javax.annotation.ManagedBean' found and supported for component scanning
[2021-07-22 09:32:24] - Starting SpringUniJpaApplication using Java 16.0.1 on anuththara-VivoBook-ASUSLaptop-X509JB-X509JB with PID 7221 (/home/anuththara/IdeaProjects/spring-uni-jpa/target/classes started by anuththara in /home/anuththara/IdeaProjects/spring-uni-jpa)
[2021-07-22 09:32:24] - Running with Spring Boot v2.5.2, Spring v5.3.8
[2021-07-22 09:32:24] - No active profile set, falling back to default profiles: default
[2021-07-22 09:32:24] - Loading source class com.anu.springunijpa.SpringUniJpaApplication
[2021-07-22 09:32:24] - JSR-250 'javax.annotation.ManagedBean' found and supported for component scanning
[2021-07-22 09:32:24] - RandomValuePropertySource add to Environment
[2021-07-22 09:32:24] - Post-processing environment to add config data
[2021-07-22 09:32:24] - Building config data environment contributors
[2021-07-22 09:32:24] - Creating wrapped config data contributor for 'configurationProperties'
[2021-07-22 09:32:24] - Creating wrapped config data contributor for 'servletConfigInitParams'
[2021-07-22 09:32:24] - Creating wrapped config data contributor for 'servletContextInitParams'
[2021-07-22 09:32:24] - Creating wrapped config data contributor for 'systemProperties'
[2021-07-22 09:32:24] - Creating wrapped config data contributor for 'systemEnvironment'
[2021-07-22 09:32:24] - Creating wrapped config data contributor for 'random'
[2021-07-22 09:32:24] - Adding initial config data import from location 'optional:file:./;optional:file:./config/;optional:file:./config/*/'
[2021-07-22 09:32:24] - Adding initial config data import from location 'optional:classpath:/;optional:classpath:/config/'
[2021-07-22 09:32:24] - Processing initial config data environment contributors without activation context
[2021-07-22 09:32:24] - Processing imports for phase BEFORE_PROFILE_ACTIVATION. no activation context
[2021-07-22 09:32:24] - Processing imports [optional:file:./;optional:file:./config/;optional:file:./config/*/]
[2021-07-22 09:32:24] - Skipping missing resource file:./application.yaml
[2021-07-22 09:32:24] - Skipping missing resource file:./application.yml
[2021-07-22 09:32:24] - Skipping missing resource file:./application.xml
[2021-07-22 09:32:24] - Skipping missing resource file:./application.properties
[2021-07-22 09:32:24] - Skipping missing resource file:./config/application.yaml
[2021-07-22 09:32:24] - Skipping missing resource file:./config/application.yml
[2021-07-22 09:32:24] - Skipping missing resource file:./config/application.xml
[2021-07-22 09:32:24] - Skipping missing resource file:./config/application.properties
[2021-07-22 09:32:24] - Skipping missing resource file:./config/*/application.yaml
[2021-07-22 09:32:24] - Skipping missing resource file:./config/*/application.yml
[2021-07-22 09:32:24] - Skipping missing resource file:./config/*/application.xml
[2021-07-22 09:32:24] - Skipping missing resource file:./config/*/application.properties
[2021-07-22 09:32:24] - Loading file [.] using loader org.springframework.boot.context.config.StandardConfigDataLoader
[2021-07-22 09:32:24] - Imported 1 resource [file [.]]
[2021-07-22 09:32:24] - Processing imports [optional:classpath:/;optional:classpath:/config/]
[2021-07-22 09:32:24] - Skipping missing resource classpath:/application.yaml
[2021-07-22 09:32:24] - Skipping missing resource classpath:/application.xml
[2021-07-22 09:32:24] - Skipping missing resource classpath:/config/application.yaml
[2021-07-22 09:32:24] - Skipping missing resource classpath:/config/application.yml
[2021-07-22 09:32:24] - Skipping missing resource classpath:/config/application.xml
[2021-07-22 09:32:24] - Skipping missing resource classpath:/config/application.properties
[2021-07-22 09:32:24] - Loading class path resource [application.properties] using loader org.springframework.boot.context.config.StandardConfigDataLoader
[2021-07-22 09:32:24] - Loading class path resource [application.yml] using loader org.springframework.boot.context.config.StandardConfigDataLoader
[2021-07-22 09:32:24] - Imported 2 resources [class path resource [application.properties], class path resource [application.yml]]
[2021-07-22 09:32:24] - Processed imports for of 2 contributors
[2021-07-22 09:32:24] - Creating config data activation context from initial contributions
[2021-07-22 09:32:24] - Processing config data environment contributors with initial activation context
[2021-07-22 09:32:24] - Processing imports for phase BEFORE_PROFILE_ACTIVATION. [ConfigDataActivationContext@328cf0e1 cloudPlatform = [null], profiles = [null]]
[2021-07-22 09:32:24] - Processed imports for of 0 contributors
[2021-07-22 09:32:24] - Deducing profiles from current config data environment contributors
[2021-07-22 09:32:24] - Processing config data environment contributors with profile activation context
[2021-07-22 09:32:24] - Processing imports for phase AFTER_PROFILE_ACTIVATION. [ConfigDataActivationContext@63b1d4fa cloudPlatform = [null], profiles = [Profiles@42e3ede4 active = '[]', default = '[default]', accepted = '[default]']]
[2021-07-22 09:32:24] - Processing imports [optional:file:./;optional:file:./config/;optional:file:./config/*/]
[2021-07-22 09:32:24] - Skipping missing resource file:./application.yaml
[2021-07-22 09:32:24] - Skipping missing resource file:./application.yml
[2021-07-22 09:32:24] - Skipping missing resource file:./application.xml
[2021-07-22 09:32:24] - Skipping missing resource file:./application.properties
[2021-07-22 09:32:24] - Skipping missing resource file:./config/application.yaml
[2021-07-22 09:32:24] - Skipping missing resource file:./config/application.yml
[2021-07-22 09:32:24] - Skipping missing resource file:./config/application.xml
[2021-07-22 09:32:24] - Skipping missing resource file:./config/application.properties
[2021-07-22 09:32:24] - Skipping missing resource file:./config/*/application.yaml
[2021-07-22 09:32:24] - Skipping missing resource file:./config/*/application.yml
[2021-07-22 09:32:24] - Skipping missing resource file:./config/*/application.xml
[2021-07-22 09:32:24] - Skipping missing resource file:./config/*/application.properties
[2021-07-22 09:32:24] - Skipping missing resource file:./application-default.yaml
[2021-07-22 09:32:24] - Skipping missing resource file:./application-default.yml
[2021-07-22 09:32:24] - Skipping missing resource file:./application-default.xml
[2021-07-22 09:32:24] - Skipping missing resource file:./application-default.properties
[2021-07-22 09:32:24] - Skipping missing resource file:./config/application-default.yaml
[2021-07-22 09:32:24] - Skipping missing resource file:./config/application-default.yml
[2021-07-22 09:32:24] - Skipping missing resource file:./config/application-default.xml
[2021-07-22 09:32:24] - Skipping missing resource file:./config/application-default.properties
[2021-07-22 09:32:24] - Skipping missing resource file:./config/*/application-default.yaml
[2021-07-22 09:32:24] - Skipping missing resource file:./config/*/application-default.yml
[2021-07-22 09:32:24] - Skipping missing resource file:./config/*/application-default.xml
[2021-07-22 09:32:24] - Skipping missing resource file:./config/*/application-default.properties
[2021-07-22 09:32:24] - Nothing imported
[2021-07-22 09:32:24] - Processing imports [optional:classpath:/;optional:classpath:/config/]
[2021-07-22 09:32:24] - Skipping missing resource classpath:/application.yaml
[2021-07-22 09:32:24] - Skipping missing resource classpath:/application.xml
[2021-07-22 09:32:24] - Skipping missing resource classpath:/config/application.yaml
[2021-07-22 09:32:24] - Skipping missing resource classpath:/config/application.yml
[2021-07-22 09:32:24] - Skipping missing resource classpath:/config/application.xml
[2021-07-22 09:32:24] - Skipping missing resource classpath:/config/application.properties
[2021-07-22 09:32:24] - Skipping missing resource classpath:/application-default.yaml
[2021-07-22 09:32:24] - Skipping missing resource classpath:/application-default.yml
[2021-07-22 09:32:24] - Skipping missing resource classpath:/application-default.xml
[2021-07-22 09:32:24] - Skipping missing resource classpath:/application-default.properties
[2021-07-22 09:32:24] - Skipping missing resource classpath:/config/application-default.yaml
[2021-07-22 09:32:24] - Skipping missing resource classpath:/config/application-default.yml
[2021-07-22 09:32:24] - Skipping missing resource classpath:/config/application-default.xml
[2021-07-22 09:32:24] - Skipping missing resource classpath:/config/application-default.properties
[2021-07-22 09:32:24] - Nothing imported
[2021-07-22 09:32:24] - Processed imports for of 2 contributors
[2021-07-22 09:32:24] - Applying config data environment contributions
[2021-07-22 09:32:24] - Adding imported property source 'Config resource 'class path resource [application.properties]' via location 'optional:classpath:/''
[2021-07-22 09:32:24] - Setting default profiles: [default]
[2021-07-22 09:32:24] - Setting active profiles: []
[2021-07-22 09:32:24] - Refreshing org.springframework.boot.web.servlet.context.AnnotationConfigServletWebServerApplicationContext@5d9b7a8a, started on Thu Jul 22 09:32:24 IST 2021
[2021-07-22 09:32:24] - Registering scope 'request' with implementation [org.springframework.web.context.request.RequestScope@75ed9710]
[2021-07-22 09:32:24] - Registering scope 'session' with implementation [org.springframework.web.context.request.SessionScope@79da1ec0]
[2021-07-22 09:32:24] - Creating shared instance of singleton bean 'org.springframework.context.annotation.internalConfigurationAnnotationProcessor'
[2021-07-22 09:32:24] - Creating instance of bean 'org.springframework.context.annotation.internalConfigurationAnnotationProcessor'
[2021-07-22 09:32:24] - Eagerly caching bean 'org.springframework.context.annotation.internalConfigurationAnnotationProcessor' to allow for resolving potential circular references
[2021-07-22 09:32:24] - Creating shared instance of singleton bean 'org.springframework.boot.autoconfigure.internalCachingMetadataReaderFactory'
[2021-07-22 09:32:24] - Creating instance of bean 'org.springframework.boot.autoconfigure.internalCachingMetadataReaderFactory'
[2021-07-22 09:32:24] - Eagerly caching bean 'org.springframework.boot.autoconfigure.internalCachingMetadataReaderFactory' to allow for resolving potential circular references
[2021-07-22 09:32:24] - Finished creating instance of bean 'org.springframework.boot.autoconfigure.internalCachingMetadataReaderFactory'
[2021-07-22 09:32:24] - Loaded [org.springframework.beans.BeanInfoFactory] names: [org.springframework.beans.ExtendedBeanInfoFactory]
[2021-07-22 09:32:24] - Getting BeanInfo for class [org.springframework.context.annotation.ConfigurationClassPostProcessor]
[2021-07-22 09:32:24] - Caching PropertyDescriptors for class [org.springframework.context.annotation.ConfigurationClassPostProcessor]
[2021-07-22 09:32:24] - Found bean property 'applicationStartup' of type [org.springframework.core.metrics.ApplicationStartup]
[2021-07-22 09:32:24] - Found bean property 'beanClassLoader' of type [java.lang.ClassLoader]
[2021-07-22 09:32:24] - Found bean property 'beanNameGenerator' of type [org.springframework.beans.factory.support.BeanNameGenerator]
[2021-07-22 09:32:24] - Found bean property 'class' of type [java.lang.Class]
[2021-07-22 09:32:24] - Found bean property 'environment' of type [org.springframework.core.env.Environment]
[2021-07-22 09:32:24] - Found bean property 'metadataReaderFactory' of type [org.springframework.core.type.classreading.MetadataReaderFactory]
[2021-07-22 09:32:24] - Found bean property 'order' of type [int]
[2021-07-22 09:32:24] - Found bean property 'problemReporter' of type [org.springframework.beans.factory.parsing.ProblemReporter]
[2021-07-22 09:32:24] - Found bean property 'resourceLoader' of type [org.springframework.core.io.ResourceLoader]
[2021-07-22 09:32:24] - Found bean property 'sourceExtractor' of type [org.springframework.beans.factory.parsing.SourceExtractor]
[2021-07-22 09:32:24] - Finished creating instance of bean 'org.springframework.context.annotation.internalConfigurationAnnotationProcessor'
[2021-07-22 09:32:24] - JSR-250 'javax.annotation.ManagedBean' found and supported for component scanning
[2021-07-22 09:32:24] - Resolved classpath location [com/anu/springunijpa/] to resources [URL [file:/home/anuththara/IdeaProjects/spring-uni-jpa/target/classes/com/anu/springunijpa/]]
[2021-07-22 09:32:24] - Looking for matching resources in directory tree [/home/anuththara/IdeaProjects/spring-uni-jpa/target/classes/com/anu/springunijpa]
[2021-07-22 09:32:24] - Searching directory [/home/anuththara/IdeaProjects/spring-uni-jpa/target/classes/com/anu/springunijpa] for files matching pattern [/home/anuththara/IdeaProjects/spring-uni-jpa/target/classes/com/anu/springunijpa/**/*.class]
