[2021-07-27 14:15:50] - Visiting attribute path : courseName
[2021-07-27 14:15:50] - Building LoadPlan...
[2021-07-27 14:15:50] - processing queryspace <gen:0>
[2021-07-27 14:15:50] - LoadPlan(entity=com.anu.springunijpa.entity.Course)
    - Returns
       - EntityReturnImpl(entity=com.anu.springunijpa.entity.Course, querySpaceUid=<gen:0>, path=com.anu.springunijpa.entity.Course)
    - QuerySpaces
       - EntityQuerySpaceImpl(uid=<gen:0>, entity=com.anu.springunijpa.entity.Course)
          - SQL table alias mapping - course0_
          - alias suffix - 0_
          - suffixed key columns - {course_i1_0_0_}

[2021-07-27 14:15:50] - Static select for entity com.anu.springunijpa.entity.Course [NONE]: select course0_.course_id as course_i1_0_0_, course0_.course_leader as course_l2_0_0_, course0_.course_name as course_n3_0_0_ from course course0_ where course0_.course_id=?
[2021-07-27 14:15:50] - HikariPool-1 - Added connection com.mysql.cj.jdbc.ConnectionImpl@10061852
[2021-07-27 14:15:50] - Static SQL for entity: com.anu.springunijpa.entity.User
[2021-07-27 14:15:50] -  Version select: select user_id from user where user_id =?
[2021-07-27 14:15:50] -  Snapshot select: select user_.user_id, user_.date_of_birth as date_of_2_1_, user_.user_name as user_nam3_1_, user_.user_tel as user_tel4_1_ from user user_ where user_.user_id=?
[2021-07-27 14:15:50] -  Insert 0: insert into user (date_of_birth, user_name, user_tel, user_id) values (?, ?, ?, ?)
[2021-07-27 14:15:50] -  Update 0: update user set date_of_birth=?, user_name=?, user_tel=? where user_id=?
[2021-07-27 14:15:50] -  Delete 0: delete from user where user_id=?
[2021-07-27 14:15:50] -  Identity insert: insert into user (date_of_birth, user_name, user_tel) values (?, ?, ?)
[2021-07-27 14:15:50] - Adding QuerySpace : uid = <gen:0> -> org.hibernate.loader.plan.build.internal.spaces.EntityQuerySpaceImpl@112530c3]
[2021-07-27 14:15:50] - Visiting attribute path : dOB
[2021-07-27 14:15:50] - Visiting attribute path : userName
[2021-07-27 14:15:50] - Visiting attribute path : userTel
[2021-07-27 14:15:50] - Building LoadPlan...
[2021-07-27 14:15:50] - processing queryspace <gen:0>
[2021-07-27 14:15:50] - LoadPlan(entity=com.anu.springunijpa.entity.User)
    - Returns
       - EntityReturnImpl(entity=com.anu.springunijpa.entity.User, querySpaceUid=<gen:0>, path=com.anu.springunijpa.entity.User)
    - QuerySpaces
       - EntityQuerySpaceImpl(uid=<gen:0>, entity=com.anu.springunijpa.entity.User)
          - SQL table alias mapping - user0_
          - alias suffix - 0_
          - suffixed key columns - {user_id1_1_0_}

[2021-07-27 14:15:50] - Static select for entity com.anu.springunijpa.entity.User [NONE]: select user0_.user_id as user_id1_1_0_, user0_.date_of_birth as date_of_2_1_0_, user0_.user_name as user_nam3_1_0_, user0_.user_tel as user_tel4_1_0_ from user user0_ where user0_.user_id=?
[2021-07-27 14:15:50] - HikariPool-1 - Added connection com.mysql.cj.jdbc.ConnectionImpl@153c2680
[2021-07-27 14:15:50] - No alter strings for table : course
[2021-07-27 14:15:50] - No alter strings for table : user
[2021-07-27 14:15:50] - No alter strings for table : user_course
[2021-07-27 14:15:50] - HHH000490: Using JtaPlatform implementation: [org.hibernate.engine.transaction.jta.platform.internal.NoJtaPlatform]
[2021-07-27 14:15:50] - Checking 0 named HQL queries
[2021-07-27 14:15:50] - Checking 0 named SQL queries
[2021-07-27 14:15:50] - HikariPool-1 - Added connection com.mysql.cj.jdbc.ConnectionImpl@e03714f
[2021-07-27 14:15:50] - Initializing SessionFactoryRegistry : org.hibernate.internal.SessionFactoryRegistry@4f82248f
[2021-07-27 14:15:50] - Registering SessionFactory: d06d6e59-48d5-4338-bf4c-fc3621266d52 (<unnamed>)
[2021-07-27 14:15:50] - Not binding SessionFactory to JNDI, no JNDI name configured
[2021-07-27 14:15:50] - Initialized JPA EntityManagerFactory for persistence unit 'default'
[2021-07-27 14:15:50] - HikariPool-1 - Added connection com.mysql.cj.jdbc.ConnectionImpl@26bfcee6
[2021-07-27 14:15:50] - Creating shared instance of singleton bean 'jpaMappingContext'
[2021-07-27 14:15:50] - Initializing JpaMetamodelMappingContext…
[2021-07-27 14:15:51] - Finished initializing JpaMetamodelMappingContext!
[2021-07-27 14:15:51] - HikariPool-1 - Added connection com.mysql.cj.jdbc.ConnectionImpl@c0d7c06
[2021-07-27 14:15:51] - HikariPool-1 - After adding stats (total=10, active=0, idle=10, waiting=0)
[2021-07-27 14:15:51] - Creating new EntityManager for shared EntityManager invocation
[2021-07-27 14:15:51] - Statistics initialized [enabled=false]
[2021-07-27 14:15:51] - Creating new EntityManager for shared EntityManager invocation
[2021-07-27 14:15:51] - Initializing repository instance for com.anu.springunijpa.repository.CourseRepository…
[2021-07-27 14:15:51] - Creating new EntityManager for shared EntityManager invocation
[2021-07-27 14:15:51] - Looking up query for method findByCourseLeader
[2021-07-27 14:15:51] - Looking up named query Course.findByCourseLeader
[2021-07-27 14:15:51] - On TransactionImpl creation, JpaCompliance#isJpaTransactionComplianceEnabled == false
[2021-07-27 14:15:51] - Did not find named query Course.findByCourseLeader
[2021-07-27 14:15:51] - Creating new EntityManager for shared EntityManager invocation
[2021-07-27 14:15:51] - Looking up query for method findByCourseName
[2021-07-27 14:15:51] - Looking up named query Course.findByCourseName
[2021-07-27 14:15:51] - On TransactionImpl creation, JpaCompliance#isJpaTransactionComplianceEnabled == false
[2021-07-27 14:15:51] - Did not find named query Course.findByCourseName
[2021-07-27 14:15:51] - Creating new EntityManager for shared EntityManager invocation
[2021-07-27 14:15:51] - Finished creation of repository instance for {}.
[2021-07-27 14:15:51] - Creating shared instance of singleton bean 'userResolver'
[2021-07-27 14:15:51] - Creating shared instance of singleton bean 'userRepository'
[2021-07-27 14:15:51] - Creating new EntityManager for shared EntityManager invocation
[2021-07-27 14:15:51] - Initializing repository instance for com.anu.springunijpa.repository.UserRepository…
[2021-07-27 14:15:51] - Creating new EntityManager for shared EntityManager invocation
[2021-07-27 14:15:51] - Looking up query for method findByUserName
[2021-07-27 14:15:51] - Looking up named query User.findByUserName
[2021-07-27 14:15:51] - On TransactionImpl creation, JpaCompliance#isJpaTransactionComplianceEnabled == false
[2021-07-27 14:15:51] - Did not find named query User.findByUserName
[2021-07-27 14:15:51] - Creating new EntityManager for shared EntityManager invocation
[2021-07-27 14:15:51] - Looking up query for method findByUserTel
[2021-07-27 14:15:51] - Looking up named query User.findByUserTel
[2021-07-27 14:15:51] - On TransactionImpl creation, JpaCompliance#isJpaTransactionComplianceEnabled == false
[2021-07-27 14:15:51] - Did not find named query User.findByUserTel
[2021-07-27 14:15:51] - Creating new EntityManager for shared EntityManager invocation
[2021-07-27 14:15:51] - Looking up query for method findByUserIdOrUserName
[2021-07-27 14:15:51] - Looking up named query User.findByUserIdOrUserName
[2021-07-27 14:15:51] - On TransactionImpl creation, JpaCompliance#isJpaTransactionComplianceEnabled == false
[2021-07-27 14:15:51] - Did not find named query User.findByUserIdOrUserName
[2021-07-27 14:15:51] - Creating new EntityManager for shared EntityManager invocation
[2021-07-27 14:15:51] - Looking up query for method findByUserIdOrUserNameOrUserTel
[2021-07-27 14:15:51] - Looking up named query User.findByUserIdOrUserNameOrUserTel
[2021-07-27 14:15:51] - On TransactionImpl creation, JpaCompliance#isJpaTransactionComplianceEnabled == false
[2021-07-27 14:15:51] - Did not find named query User.findByUserIdOrUserNameOrUserTel
[2021-07-27 14:15:51] - Creating new EntityManager for shared EntityManager invocation
[2021-07-27 14:15:51] - Finished creation of repository instance for {}.
[2021-07-27 14:15:51] - Creating shared instance of singleton bean 'schemaStringProvider'
[2021-07-27 14:15:51] - Autowiring by type from bean name 'schemaParser' via factory method to bean named 'courseResolver'
[2021-07-27 14:15:51] - Autowiring by type from bean name 'schemaParser' via factory method to bean named 'userResolver'
[2021-07-27 14:15:51] - Autowiring by type from bean name 'schemaParser' via factory method to bean named 'schemaStringProvider'
[2021-07-27 14:15:51] - Schema type was defined but can never be accessed, and can be safely deleted: UserCourse
[2021-07-27 14:15:51] - Autowiring by type from bean name 'graphQLSchema' via factory method to bean named 'schemaParser'
[2021-07-27 14:15:51] - Autowiring by type from bean name 'graphQLSchemaProvider' via factory method to bean named 'graphQLSchema'
[2021-07-27 14:15:51] - Autowiring by type from bean name 'invocationInputFactory' via factory method to bean named 'graphQLSchemaProvider'
[2021-07-27 14:15:51] - Creating shared instance of singleton bean 'queryInvoker'
[2021-07-27 14:15:51] - Creating shared instance of singleton bean 'executionStrategyProvider'
[2021-07-27 14:15:51] - Autowiring by type from bean name 'queryInvoker' via factory method to bean named 'executionStrategyProvider'
[2021-07-27 14:15:51] - Creating shared instance of singleton bean 'graphQLObjectMapper'
[2021-07-27 14:15:51] - Autowiring by type from bean name 'graphQLHttpServlet' via factory method to bean named 'invocationInputFactory'
[2021-07-27 14:15:51] - Autowiring by type from bean name 'graphQLHttpServlet' via factory method to bean named 'queryInvoker'
[2021-07-27 14:15:51] - Autowiring by type from bean name 'graphQLHttpServlet' via factory method to bean named 'graphQLObjectMapper'
[2021-07-27 14:15:51] - Autowiring by type from bean name 'graphQLServletRegistrationBean' via factory method to bean named 'graphQLHttpServlet'
[2021-07-27 14:15:51] - Creating shared instance of singleton bean 'requestContextFilter'
[2021-07-27 14:15:51] - Creating shared instance of singleton bean 'formContentFilter'
[2021-07-27 14:15:51] - Creating shared instance of singleton bean 'org.springframework.boot.autoconfigure.web.servlet.WebMvcAutoConfiguration'
[2021-07-27 14:15:51] - Creating shared instance of singleton bean 'corsConfigurer'
[2021-07-27 14:15:51] - Creating shared instance of singleton bean 'characterEncodingFilter'
[2021-07-27 14:15:51] - Mapping filters: characterEncodingFilter urls=[/*] order=-2147483648, formContentFilter urls=[/*] order=-9900, requestContextFilter urls=[/*] order=-105, corsConfigurer urls=[/*] order=2147483647
[2021-07-27 14:15:51] - Mapping servlets: dispatcherServlet urls=[/], simpleGraphQLHttpServlet urls=[/graphql/*]
[2021-07-27 14:15:51] - Filter 'requestContextFilter' configured for use
[2021-07-27 14:15:51] - Filter 'corsConfigurer' configured for use
[2021-07-27 14:15:51] - Filter 'characterEncodingFilter' configured for use
[2021-07-27 14:15:51] - Filter 'formContentFilter' configured for use
[2021-07-27 14:15:52] - Creating shared instance of singleton bean 'springUniJpaApplication'
[2021-07-27 14:15:52] - Creating shared instance of singleton bean 'courseController'
[2021-07-27 14:15:52] - Creating shared instance of singleton bean 'courseServiceImpl'
[2021-07-27 14:15:52] - Creating shared instance of singleton bean 'userController'
[2021-07-27 14:15:52] - Creating shared instance of singleton bean 'userServiceImpl'
[2021-07-27 14:15:52] - Creating shared instance of singleton bean 'globalExceptionHandler'
[2021-07-27 14:15:52] - Creating shared instance of singleton bean 'org.springframework.boot.autoconfigure.context.PropertyPlaceholderAutoConfiguration'
[2021-07-27 14:15:52] - Creating shared instance of singleton bean 'org.springframework.boot.autoconfigure.websocket.servlet.WebSocketServletAutoConfiguration'
[2021-07-27 14:15:52] - Creating shared instance of singleton bean 'org.springframework.boot.context.properties.EnableConfigurationPropertiesRegistrar.methodValidationExcludeFilter'
[2021-07-27 14:15:52] - Creating shared instance of singleton bean 'org.springframework.boot.autoconfigure.web.servlet.DispatcherServletAutoConfiguration'
[2021-07-27 14:15:52] - Creating shared instance of singleton bean 'org.springframework.boot.autoconfigure.task.TaskExecutionAutoConfiguration'
[2021-07-27 14:15:52] - Creating shared instance of singleton bean 'taskExecutorBuilder'
[2021-07-27 14:15:52] - Creating shared instance of singleton bean 'spring.task.execution-org.springframework.boot.autoconfigure.task.TaskExecutionProperties'
[2021-07-27 14:15:52] - Autowiring by type from bean name 'taskExecutorBuilder' via factory method to bean named 'spring.task.execution-org.springframework.boot.autoconfigure.task.TaskExecutionProperties'
[2021-07-27 14:15:52] - Creating shared instance of singleton bean 'org.springframework.boot.autoconfigure.web.servlet.error.ErrorMvcAutoConfiguration$WhitelabelErrorViewConfiguration'
[2021-07-27 14:15:52] - Creating shared instance of singleton bean 'error'
[2021-07-27 14:15:52] - Creating shared instance of singleton bean 'beanNameViewResolver'
[2021-07-27 14:15:52] - Creating shared instance of singleton bean 'org.springframework.boot.autoconfigure.web.servlet.error.ErrorMvcAutoConfiguration$DefaultErrorViewResolverConfiguration'
[2021-07-27 14:15:52] - Creating shared instance of singleton bean 'spring.resources-org.springframework.boot.autoconfigure.web.ResourceProperties'
[2021-07-27 14:15:52] - Creating shared instance of singleton bean 'spring.web-org.springframework.boot.autoconfigure.web.WebProperties'
