[2021-07-28 08:55:03] - Adding type registration short -> org.hibernate.type.ShortType@2b53840a
[2021-07-28 08:55:03] - Adding type registration short -> org.hibernate.type.ShortType@2b53840a
[2021-07-28 08:55:03] - Adding type registration java.lang.Short -> org.hibernate.type.ShortType@2b53840a
[2021-07-28 08:55:03] - Adding type registration integer -> org.hibernate.type.IntegerType@1c61eda5
[2021-07-28 08:55:03] - Adding type registration int -> org.hibernate.type.IntegerType@1c61eda5
[2021-07-28 08:55:03] - Adding type registration java.lang.Integer -> org.hibernate.type.IntegerType@1c61eda5
[2021-07-28 08:55:03] - Adding type registration long -> org.hibernate.type.LongType@52d3fafd
[2021-07-28 08:55:03] - Adding type registration long -> org.hibernate.type.LongType@52d3fafd
[2021-07-28 08:55:03] - Adding type registration java.lang.Long -> org.hibernate.type.LongType@52d3fafd
[2021-07-28 08:55:03] - Adding type registration float -> org.hibernate.type.FloatType@4f59a516
[2021-07-28 08:55:03] - Adding type registration float -> org.hibernate.type.FloatType@4f59a516
[2021-07-28 08:55:03] - Adding type registration java.lang.Float -> org.hibernate.type.FloatType@4f59a516
[2021-07-28 08:55:03] - Adding type registration double -> org.hibernate.type.DoubleType@4262fdeb
[2021-07-28 08:55:03] - Adding type registration double -> org.hibernate.type.DoubleType@4262fdeb
[2021-07-28 08:55:03] - Adding type registration java.lang.Double -> org.hibernate.type.DoubleType@4262fdeb
[2021-07-28 08:55:03] - Adding type registration big_decimal -> org.hibernate.type.BigDecimalType@42ea7565
[2021-07-28 08:55:03] - Adding type registration java.math.BigDecimal -> org.hibernate.type.BigDecimalType@42ea7565
[2021-07-28 08:55:03] - Adding type registration big_integer -> org.hibernate.type.BigIntegerType@37a0ec3c
[2021-07-28 08:55:03] - Adding type registration java.math.BigInteger -> org.hibernate.type.BigIntegerType@37a0ec3c
[2021-07-28 08:55:03] - Adding type registration string -> org.hibernate.type.StringType@2b736fee
[2021-07-28 08:55:03] - Adding type registration java.lang.String -> org.hibernate.type.StringType@2b736fee
[2021-07-28 08:55:03] - Adding type registration nstring -> org.hibernate.type.StringNVarcharType@75d366c2
[2021-07-28 08:55:03] - Adding type registration ncharacter -> org.hibernate.type.CharacterNCharType@2047981
[2021-07-28 08:55:03] - Adding type registration url -> org.hibernate.type.UrlType@235c997d
[2021-07-28 08:55:03] - Adding type registration java.net.URL -> org.hibernate.type.UrlType@235c997d
[2021-07-28 08:55:03] - Adding type registration Duration -> org.hibernate.type.DurationType@1b7f06c7
[2021-07-28 08:55:03] - Adding type registration java.time.Duration -> org.hibernate.type.DurationType@1b7f06c7
[2021-07-28 08:55:03] - Adding type registration Instant -> org.hibernate.type.InstantType@31e739bf
[2021-07-28 08:55:03] - Adding type registration java.time.Instant -> org.hibernate.type.InstantType@31e739bf
[2021-07-28 08:55:03] - Adding type registration LocalDateTime -> org.hibernate.type.LocalDateTimeType@59c500f7
[2021-07-28 08:55:03] - Adding type registration java.time.LocalDateTime -> org.hibernate.type.LocalDateTimeType@59c500f7
[2021-07-28 08:55:03] - Adding type registration LocalDate -> org.hibernate.type.LocalDateType@6b5ab2f2
[2021-07-28 08:55:03] - Adding type registration java.time.LocalDate -> org.hibernate.type.LocalDateType@6b5ab2f2
[2021-07-28 08:55:03] - Adding type registration LocalTime -> org.hibernate.type.LocalTimeType@2dafae61
[2021-07-28 08:55:03] - Adding type registration java.time.LocalTime -> org.hibernate.type.LocalTimeType@2dafae61
[2021-07-28 08:55:03] - Adding type registration OffsetDateTime -> org.hibernate.type.OffsetDateTimeType@3421debd
[2021-07-28 08:55:03] - Adding type registration java.time.OffsetDateTime -> org.hibernate.type.OffsetDateTimeType@3421debd
[2021-07-28 08:55:03] - Adding type registration OffsetTime -> org.hibernate.type.OffsetTimeType@1f782c05
[2021-07-28 08:55:03] - Adding type registration java.time.OffsetTime -> org.hibernate.type.OffsetTimeType@1f782c05
[2021-07-28 08:55:03] - Adding type registration ZonedDateTime -> org.hibernate.type.ZonedDateTimeType@22da2fe6
[2021-07-28 08:55:03] - Adding type registration java.time.ZonedDateTime -> org.hibernate.type.ZonedDateTimeType@22da2fe6
[2021-07-28 08:55:03] - Adding type registration date -> org.hibernate.type.DateType@6b321262
[2021-07-28 08:55:03] - Adding type registration java.sql.Date -> org.hibernate.type.DateType@6b321262
[2021-07-28 08:55:03] - Adding type registration time -> org.hibernate.type.TimeType@7573b9ee
[2021-07-28 08:55:03] - Adding type registration java.sql.Time -> org.hibernate.type.TimeType@7573b9ee
[2021-07-28 08:55:03] - Adding type registration timestamp -> org.hibernate.type.TimestampType@40c06358
[2021-07-28 08:55:03] - Adding type registration java.sql.Timestamp -> org.hibernate.type.TimestampType@40c06358
[2021-07-28 08:55:03] - Adding type registration java.util.Date -> org.hibernate.type.TimestampType@40c06358
[2021-07-28 08:55:03] - Adding type registration dbtimestamp -> org.hibernate.type.DbTimestampType@2282400e
[2021-07-28 08:55:03] - Adding type registration calendar -> org.hibernate.type.CalendarType@65c5bf0e
[2021-07-28 08:55:03] - Adding type registration java.util.Calendar -> org.hibernate.type.CalendarType@65c5bf0e
[2021-07-28 08:55:03] - Adding type registration java.util.GregorianCalendar -> org.hibernate.type.CalendarType@65c5bf0e
[2021-07-28 08:55:03] - Adding type registration calendar_date -> org.hibernate.type.CalendarDateType@149b4d20
[2021-07-28 08:55:03] - Adding type registration calendar_time -> org.hibernate.type.CalendarTimeType@2bb41f5c
[2021-07-28 08:55:03] - Adding type registration locale -> org.hibernate.type.LocaleType@182e7eda
[2021-07-28 08:55:03] - Adding type registration java.util.Locale -> org.hibernate.type.LocaleType@182e7eda
[2021-07-28 08:55:03] - Adding type registration currency -> org.hibernate.type.CurrencyType@3dce6dd8
[2021-07-28 08:55:03] - Adding type registration java.util.Currency -> org.hibernate.type.CurrencyType@3dce6dd8
[2021-07-28 08:55:03] - Adding type registration timezone -> org.hibernate.type.TimeZoneType@1ad9b8d3
[2021-07-28 08:55:03] - Adding type registration java.util.TimeZone -> org.hibernate.type.TimeZoneType@1ad9b8d3
[2021-07-28 08:55:03] - Adding type registration class -> org.hibernate.type.ClassType@55acec99
[2021-07-28 08:55:03] - Adding type registration java.lang.Class -> org.hibernate.type.ClassType@55acec99
[2021-07-28 08:55:03] - Adding type registration uuid-binary -> org.hibernate.type.UUIDBinaryType@3f8dfe74
[2021-07-28 08:55:03] - Adding type registration java.util.UUID -> org.hibernate.type.UUIDBinaryType@3f8dfe74
[2021-07-28 08:55:03] - Adding type registration uuid-char -> org.hibernate.type.UUIDCharType@27dc627a
[2021-07-28 08:55:03] - Adding type registration binary -> org.hibernate.type.BinaryType@733fb462
[2021-07-28 08:55:03] - Adding type registration byte[] -> org.hibernate.type.BinaryType@733fb462
[2021-07-28 08:55:03] - Adding type registration [B -> org.hibernate.type.BinaryType@733fb462
[2021-07-28 08:55:03] - Adding type registration wrapper-binary -> org.hibernate.type.WrapperBinaryType@459003a0
[2021-07-28 08:55:03] - Adding type registration Byte[] -> org.hibernate.type.WrapperBinaryType@459003a0
[2021-07-28 08:55:03] - Adding type registration [Ljava.lang.Byte; -> org.hibernate.type.WrapperBinaryType@459003a0
[2021-07-28 08:55:03] - Adding type registration row_version -> org.hibernate.type.RowVersionType@3fcbc766
[2021-07-28 08:55:03] - Adding type registration image -> org.hibernate.type.ImageType@79b18230
[2021-07-28 08:55:03] - Adding type registration characters -> org.hibernate.type.CharArrayType@5c059a68
[2021-07-28 08:55:03] - Adding type registration char[] -> org.hibernate.type.CharArrayType@5c059a68
[2021-07-28 08:55:03] - Adding type registration [C -> org.hibernate.type.CharArrayType@5c059a68
[2021-07-28 08:55:03] - Adding type registration wrapper-characters -> org.hibernate.type.CharacterArrayType@2e1eb85f
[2021-07-28 08:55:03] - Adding type registration [Ljava.lang.Character; -> org.hibernate.type.CharacterArrayType@2e1eb85f
[2021-07-28 08:55:03] - Adding type registration Character[] -> org.hibernate.type.CharacterArrayType@2e1eb85f
[2021-07-28 08:55:03] - Adding type registration text -> org.hibernate.type.TextType@31723307
[2021-07-28 08:55:03] - Adding type registration ntext -> org.hibernate.type.NTextType@a85644c
[2021-07-28 08:55:03] - Adding type registration blob -> org.hibernate.type.BlobType@2e71240b
[2021-07-28 08:55:03] - Adding type registration java.sql.Blob -> org.hibernate.type.BlobType@2e71240b
[2021-07-28 08:55:03] - Adding type registration materialized_blob -> org.hibernate.type.MaterializedBlobType@196624bf
[2021-07-28 08:55:03] - Adding type registration clob -> org.hibernate.type.ClobType@43471a7e
[2021-07-28 08:55:03] - Adding type registration java.sql.Clob -> org.hibernate.type.ClobType@43471a7e
[2021-07-28 08:55:03] - Adding type registration nclob -> org.hibernate.type.NClobType@2ce03e86
[2021-07-28 08:55:03] - Adding type registration java.sql.NClob -> org.hibernate.type.NClobType@2ce03e86
[2021-07-28 08:55:03] - Adding type registration materialized_clob -> org.hibernate.type.MaterializedClobType@594131f2
[2021-07-28 08:55:03] - Adding type registration materialized_nclob -> org.hibernate.type.MaterializedNClobType@1e12a5a6
[2021-07-28 08:55:03] - Adding type registration serializable -> org.hibernate.type.SerializableType@ea00de
[2021-07-28 08:55:03] - Adding type registration object -> org.hibernate.type.ObjectType@2c1f8dbd
[2021-07-28 08:55:03] - Adding type registration java.lang.Object -> org.hibernate.type.ObjectType@2c1f8dbd
[2021-07-28 08:55:03] - Adding type registration imm_date -> org.hibernate.type.AdaptedImmutableType@63fd4dda
[2021-07-28 08:55:03] - Adding type registration imm_time -> org.hibernate.type.AdaptedImmutableType@1d6751e3
[2021-07-28 08:55:03] - Adding type registration imm_timestamp -> org.hibernate.type.AdaptedImmutableType@2d258eff
[2021-07-28 08:55:03] - Adding type registration imm_dbtimestamp -> org.hibernate.type.AdaptedImmutableType@64502326
[2021-07-28 08:55:03] - Adding type registration imm_calendar -> org.hibernate.type.AdaptedImmutableType@6dca31eb
[2021-07-28 08:55:03] - Adding type registration imm_calendar_date -> org.hibernate.type.AdaptedImmutableType@4a058df8
[2021-07-28 08:55:03] - Adding type registration imm_binary -> org.hibernate.type.AdaptedImmutableType@4b56b031
[2021-07-28 08:55:03] - Adding type registration imm_serializable -> org.hibernate.type.AdaptedImmutableType@2e7af36e
[2021-07-28 08:55:03] - Injecting JPA temp ClassLoader [org.springframework.instrument.classloading.SimpleThrowawayClassLoader@7459a21e] into BootstrapContext; was [null]
[2021-07-28 08:55:03] - ClassLoaderAccessImpl#injectTempClassLoader(org.springframework.instrument.classloading.SimpleThrowawayClassLoader@7459a21e) [was null]
[2021-07-28 08:55:03] - Injecting ScanEnvironment [org.hibernate.jpa.boot.internal.StandardJpaScanEnvironmentImpl@739265f1] into BootstrapContext; was [null]
[2021-07-28 08:55:03] - Injecting ScanOptions [org.hibernate.boot.archive.scan.internal.StandardScanOptions@58eac00e] into BootstrapContext; was [org.hibernate.boot.archive.scan.internal.StandardScanOptions@6acffb2d]
[2021-07-28 08:55:03] - Injecting JPA temp ClassLoader [null] into BootstrapContext; was [org.springframework.instrument.classloading.SimpleThrowawayClassLoader@7459a21e]
[2021-07-28 08:55:03] - ClassLoaderAccessImpl#injectTempClassLoader(null) [was org.springframework.instrument.classloading.SimpleThrowawayClassLoader@7459a21e]
[2021-07-28 08:55:03] - Registering IdentifierGenerator strategy [uuid2] -> [org.hibernate.id.UUIDGenerator]
[2021-07-28 08:55:03] - Registering IdentifierGenerator strategy [guid] -> [org.hibernate.id.GUIDGenerator]
[2021-07-28 08:55:03] - Registering IdentifierGenerator strategy [uuid] -> [org.hibernate.id.UUIDHexGenerator]
[2021-07-28 08:55:03] - Registering IdentifierGenerator strategy [uuid.hex] -> [org.hibernate.id.UUIDHexGenerator]
[2021-07-28 08:55:03] - Registering IdentifierGenerator strategy [assigned] -> [org.hibernate.id.Assigned]
[2021-07-28 08:55:03] - Registering IdentifierGenerator strategy [identity] -> [org.hibernate.id.IdentityGenerator]
[2021-07-28 08:55:03] - Registering IdentifierGenerator strategy [select] -> [org.hibernate.id.SelectGenerator]
[2021-07-28 08:55:03] - Registering IdentifierGenerator strategy [sequence] -> [org.hibernate.id.enhanced.SequenceStyleGenerator]
[2021-07-28 08:55:03] - Registering IdentifierGenerator strategy [seqhilo] -> [org.hibernate.id.SequenceHiLoGenerator]
[2021-07-28 08:55:03] - Registering IdentifierGenerator strategy [increment] -> [org.hibernate.id.IncrementGenerator]
[2021-07-28 08:55:03] - Registering IdentifierGenerator strategy [foreign] -> [org.hibernate.id.ForeignGenerator]
[2021-07-28 08:55:03] - Registering IdentifierGenerator strategy [sequence-identity] -> [org.hibernate.id.SequenceIdentityGenerator]
[2021-07-28 08:55:03] - Registering IdentifierGenerator strategy [enhanced-sequence] -> [org.hibernate.id.enhanced.SequenceStyleGenerator]
[2021-07-28 08:55:03] - Registering IdentifierGenerator strategy [enhanced-table] -> [org.hibernate.id.enhanced.TableGenerator]
[2021-07-28 08:55:03] - Creating new JDBC Driver Connection to [jdbc:h2:mem:a5c5e44e-fc25-4bac-bf53-84a7f53dc38e;DB_CLOSE_DELAY=-1;DB_CLOSE_ON_EXIT=false]
[2021-07-28 08:55:03] - Database ->
       name : H2
    version : 1.4.200 (2019-10-14)
      major : 1
      minor : 4
[2021-07-28 08:55:03] - Driver ->
       name : H2 JDBC Driver
    version : 1.4.200 (2019-10-14)
      major : 1
      minor : 4
[2021-07-28 08:55:03] - JDBC version : 4.1
[2021-07-28 08:55:03] - HHH000400: Using dialect: org.hibernate.dialect.MySQL5Dialect
[2021-07-28 08:55:03] - JDBC driver metadata reported database stores quoted identifiers in neither upper, lower nor mixed case
[2021-07-28 08:55:03] - Created database namespace [logicalName=Name{catalog=null, schema=null}, physicalName=Name{catalog=null, schema=null}]
[2021-07-28 08:55:03] - Scoping TypeConfiguration [org.hibernate.type.spi.TypeConfiguration@34045582] to MetadataBuildingContext [org.hibernate.boot.internal.MetadataBuildingContextRootImpl@3db65c0d]
[2021-07-28 08:55:03] - Binding entity from annotated class: com.anu.springunijpa.entity.Course
[2021-07-28 08:55:03] - Binding column: Ejb3DiscriminatorColumn{logicalColumnName'DTYPE', discriminatorTypeName='string'}
[2021-07-28 08:55:03] - Import with entity name Course
[2021-07-28 08:55:03] - Bind entity com.anu.springunijpa.entity.Course on table course
[2021-07-28 08:55:03] - Binding column: Ejb3Column{table=org.hibernate.mapping.Table(course), mappingColumn=course_id, insertable=true, updatable=true, unique=false}
[2021-07-28 08:55:03] - Not known whether passed class name [com.anu.springunijpa.entity.Course] is safe
[2021-07-28 08:55:03] - No temp ClassLoader provided; using live ClassLoader for loading potentially unsafe class : com.anu.springunijpa.entity.Course
[2021-07-28 08:55:03] - MetadataSourceProcessor property courseId with lazy=false
[2021-07-28 08:55:03] - Attempting to locate auto-apply AttributeConverter for property [com.anu.springunijpa.entity.Course:courseId]
[2021-07-28 08:55:03] - building SimpleValue for courseId
[2021-07-28 08:55:03] - Building property courseId
[2021-07-28 08:55:03] - #makeIdGenerator(org.hibernate.mapping.SimpleValue([org.hibernate.mapping.Column(course_id)]), courseId, assigned, , ...)
[2021-07-28 08:55:03] - Binding column: Ejb3Column{table=org.hibernate.mapping.Table(course), mappingColumn=course_leader, insertable=true, updatable=true, unique=false}
[2021-07-28 08:55:03] - MetadataSourceProcessor property courseLeader with lazy=false
[2021-07-28 08:55:03] - Attempting to locate auto-apply AttributeConverter for property [com.anu.springunijpa.entity.Course:courseLeader]
[2021-07-28 08:55:03] - building SimpleValue for courseLeader
[2021-07-28 08:55:03] - Building property courseLeader
[2021-07-28 08:55:03] - Binding column: Ejb3Column{table=org.hibernate.mapping.Table(course), mappingColumn=course_name, insertable=true, updatable=true, unique=false}
[2021-07-28 08:55:03] - MetadataSourceProcessor property courseName with lazy=false
[2021-07-28 08:55:03] - Attempting to locate auto-apply AttributeConverter for property [com.anu.springunijpa.entity.Course:courseName]
[2021-07-28 08:55:03] - building SimpleValue for courseName
[2021-07-28 08:55:03] - Building property courseName
[2021-07-28 08:55:03] - Binding column: Ejb3JoinColumn{logicalColumnName='null', referencedColumn='null', mappedBy='course'}
[2021-07-28 08:55:03] - Binding column: Ejb3Column{table=org.hibernate.mapping.Table(course), mappingColumn=user_course_set, insertable=true, updatable=true, unique=false}
[2021-07-28 08:55:03] - Binding column: Ejb3Column{table=org.hibernate.mapping.Table(course), mappingColumn=null, insertable=true, updatable=true, unique=false}
[2021-07-28 08:55:03] - Binding column: Ejb3Column{table=org.hibernate.mapping.Table(course), mappingColumn=element, insertable=true, updatable=true, unique=false}
[2021-07-28 08:55:03] - Binding column: Ejb3Column{table=org.hibernate.mapping.Table(course), mappingColumn=user_course_set_key, insertable=true, updatable=true, unique=false}
[2021-07-28 08:55:03] - Binding column: Ejb3JoinColumn{logicalColumnName='userCourseSet_KEY', referencedColumn='null', mappedBy='null'}
[2021-07-28 08:55:03] - Binding column: Ejb3JoinColumn{logicalColumnName='null', referencedColumn='null', mappedBy='course'}
[2021-07-28 08:55:03] - Binding column: Ejb3JoinColumn{logicalColumnName='null', referencedColumn='null', mappedBy='course'}
[2021-07-28 08:55:03] - Collection role: com.anu.springunijpa.entity.Course.userCourseSet
