[2021-07-28 18:40:14] - GET "/users?pageNumber=1&pageSize=6&sort=userId", parameters={masked}
[2021-07-28 18:40:14] - Mapped to com.anu.springunijpa.controller.UserController#viewAllUser(Pageable)
[2021-07-28 18:40:14] - Opening JPA EntityManager in OpenEntityManagerInViewInterceptor
[2021-07-28 18:40:14] - Found thread-bound EntityManager [SessionImpl(1969928824<open>)] for JPA transaction
[2021-07-28 18:40:14] - Creating new transaction with name [org.springframework.data.jpa.repository.support.SimpleJpaRepository.findAll]: PROPAGATION_REQUIRED,ISOLATION_DEFAULT,readOnly
[2021-07-28 18:40:14] - Setting JDBC Connection [HikariProxyConnection@2074954405 wrapping com.mysql.cj.jdbc.ConnectionImpl@3c16528d] read-only
[2021-07-28 18:40:14] - On TransactionImpl creation, JpaCompliance#isJpaTransactionComplianceEnabled == false
[2021-07-28 18:40:14] - begin
[2021-07-28 18:40:14] - Exposing JPA transaction as JDBC [org.springframework.orm.jpa.vendor.HibernateJpaDialect$HibernateConnectionHandle@7f92d108]
[2021-07-28 18:40:14] - Rendered criteria query -> select generatedAlias0 from User as generatedAlias0 order by generatedAlias0.userId asc
[2021-07-28 18:40:14] - select user0_.user_id as user_id1_1_, user0_.date_of_birth as date_of_2_1_, user0_.user_name as user_nam3_1_, user0_.user_tel as user_tel4_1_ from user user0_ order by user0_.user_id asc limit ?, ?
[2021-07-28 18:40:14] - Result set row: 0
[2021-07-28 18:40:14] - Result row: EntityKey[com.anu.springunijpa.entity.User#7]
[2021-07-28 18:40:14] - Result set row: 1
[2021-07-28 18:40:14] - Result row: EntityKey[com.anu.springunijpa.entity.User#8]
[2021-07-28 18:40:14] - Result set row: 2
[2021-07-28 18:40:14] - Result row: EntityKey[com.anu.springunijpa.entity.User#9]
[2021-07-28 18:40:14] - Result set row: 3
[2021-07-28 18:40:14] - Result row: EntityKey[com.anu.springunijpa.entity.User#11]
[2021-07-28 18:40:14] - Result set row: 4
[2021-07-28 18:40:14] - Result row: EntityKey[com.anu.springunijpa.entity.User#12]
[2021-07-28 18:40:14] - Resolving attributes for [com.anu.springunijpa.entity.User#7]
[2021-07-28 18:40:14] - Processing attribute `dOB` : value = 2000-12-15
[2021-07-28 18:40:14] - Attribute (`dOB`)  - enhanced for lazy-loading? - false
[2021-07-28 18:40:14] - Processing attribute `userCourseSet` : value = NOT NULL COLLECTION
[2021-07-28 18:40:14] - Attribute (`userCourseSet`)  - enhanced for lazy-loading? - false
[2021-07-28 18:40:14] - Processing attribute `userName` : value = Tom
[2021-07-28 18:40:14] - Attribute (`userName`)  - enhanced for lazy-loading? - false
[2021-07-28 18:40:14] - Processing attribute `userTel` : value = 0717879325
[2021-07-28 18:40:14] - Attribute (`userTel`)  - enhanced for lazy-loading? - false
[2021-07-28 18:40:14] - Done materializing entity [com.anu.springunijpa.entity.User#7]
[2021-07-28 18:40:14] - Resolving attributes for [com.anu.springunijpa.entity.User#8]
[2021-07-28 18:40:14] - Processing attribute `dOB` : value = 2001-01-26
[2021-07-28 18:40:14] - Attribute (`dOB`)  - enhanced for lazy-loading? - false
[2021-07-28 18:40:14] - Processing attribute `userCourseSet` : value = NOT NULL COLLECTION
[2021-07-28 18:40:14] - Attribute (`userCourseSet`)  - enhanced for lazy-loading? - false
[2021-07-28 18:40:14] - Processing attribute `userName` : value = Loid
[2021-07-28 18:40:14] - Attribute (`userName`)  - enhanced for lazy-loading? - false
[2021-07-28 18:40:14] - Processing attribute `userTel` : value = 777893143
[2021-07-28 18:40:14] - Attribute (`userTel`)  - enhanced for lazy-loading? - false
[2021-07-28 18:40:14] - Done materializing entity [com.anu.springunijpa.entity.User#8]
[2021-07-28 18:40:14] - Resolving attributes for [com.anu.springunijpa.entity.User#9]
[2021-07-28 18:40:14] - Processing attribute `dOB` : value = 1999-05-23
[2021-07-28 18:40:14] - Attribute (`dOB`)  - enhanced for lazy-loading? - false
[2021-07-28 18:40:14] - Processing attribute `userCourseSet` : value = NOT NULL COLLECTION
[2021-07-28 18:40:14] - Attribute (`userCourseSet`)  - enhanced for lazy-loading? - false
[2021-07-28 18:40:14] - Processing attribute `userName` : value = Sana
[2021-07-28 18:40:14] - Attribute (`userName`)  - enhanced for lazy-loading? - false
[2021-07-28 18:40:14] - Processing attribute `userTel` : value = 786753452
[2021-07-28 18:40:14] - Attribute (`userTel`)  - enhanced for lazy-loading? - false
[2021-07-28 18:40:14] - Done materializing entity [com.anu.springunijpa.entity.User#9]
[2021-07-28 18:40:14] - Resolving attributes for [com.anu.springunijpa.entity.User#11]
[2021-07-28 18:40:14] - Processing attribute `dOB` : value = null
[2021-07-28 18:40:14] - Attribute (`dOB`)  - enhanced for lazy-loading? - false
[2021-07-28 18:40:14] - Processing attribute `userCourseSet` : value = NOT NULL COLLECTION
[2021-07-28 18:40:14] - Attribute (`userCourseSet`)  - enhanced for lazy-loading? - false
[2021-07-28 18:40:14] - Processing attribute `userName` : value = null
[2021-07-28 18:40:14] - Attribute (`userName`)  - enhanced for lazy-loading? - false
[2021-07-28 18:40:14] - Processing attribute `userTel` : value = null
[2021-07-28 18:40:14] - Attribute (`userTel`)  - enhanced for lazy-loading? - false
[2021-07-28 18:40:14] - Done materializing entity [com.anu.springunijpa.entity.User#11]
[2021-07-28 18:40:14] - Resolving attributes for [com.anu.springunijpa.entity.User#12]
[2021-07-28 18:40:14] - Processing attribute `dOB` : value = null
[2021-07-28 18:40:14] - Attribute (`dOB`)  - enhanced for lazy-loading? - false
[2021-07-28 18:40:14] - Processing attribute `userCourseSet` : value = NOT NULL COLLECTION
[2021-07-28 18:40:14] - Attribute (`userCourseSet`)  - enhanced for lazy-loading? - false
[2021-07-28 18:40:14] - Processing attribute `userName` : value = null
[2021-07-28 18:40:14] - Attribute (`userName`)  - enhanced for lazy-loading? - false
[2021-07-28 18:40:14] - Processing attribute `userTel` : value = null
[2021-07-28 18:40:14] - Attribute (`userTel`)  - enhanced for lazy-loading? - false
[2021-07-28 18:40:14] - Done materializing entity [com.anu.springunijpa.entity.User#12]
[2021-07-28 18:40:14] - Initiating transaction commit
[2021-07-28 18:40:14] - Committing JPA transaction on EntityManager [SessionImpl(1969928824<open>)]
[2021-07-28 18:40:14] - committing
[2021-07-28 18:40:14] - Resetting read-only flag of JDBC Connection [HikariProxyConnection@2074954405 wrapping com.mysql.cj.jdbc.ConnectionImpl@3c16528d]
[2021-07-28 18:40:14] - Not closing pre-bound JPA EntityManager after transaction
[2021-07-28 18:40:14] - Using 'application/json', given [*/*] and supported [application/json, application/*+json, application/json, application/*+json]
[2021-07-28 18:40:14] - Writing [Page 2 of 2 containing com.anu.springunijpa.entity.User instances]
[2021-07-28 18:40:14] - Loading collection: [com.anu.springunijpa.entity.User.userCourseSet#7]
[2021-07-28 18:40:14] - select usercourse0_.user_id as user_id2_2_0_, usercourse0_.course_id as course_i1_2_0_, usercourse0_.course_id as course_i1_2_1_, usercourse0_.user_id as user_id2_2_1_, usercourse0_.user_course_set as user_cou3_2_1_, course1_.course_id as course_i1_0_2_, course1_.course_leader as course_l2_0_2_, course1_.course_name as course_n3_0_2_ from user_course usercourse0_ inner join course course1_ on usercourse0_.course_id=course1_.course_id where usercourse0_.user_id=?
[2021-07-28 18:40:14] - Preparing collection initializer : [com.anu.springunijpa.entity.User.userCourseSet#7]
[2021-07-28 18:40:14] - Found row of collection: [com.anu.springunijpa.entity.User.userCourseSet#7]
[2021-07-28 18:40:14] - Found row of collection: [com.anu.springunijpa.entity.User.userCourseSet#7]
[2021-07-28 18:40:14] - Resolving attributes for [com.anu.springunijpa.entity.UserCourse#component[courseId,userId]{courseId=c1, userId=7}]
[2021-07-28 18:40:14] - Processing attribute `course` : value = c1
[2021-07-28 18:40:14] - Attribute (`course`)  - enhanced for lazy-loading? - false
[2021-07-28 18:40:14] - Processing attribute `user` : value = 7
[2021-07-28 18:40:14] - Attribute (`user`)  - enhanced for lazy-loading? - false
[2021-07-28 18:40:14] - Processing attribute `userCourseSet` : value = null
[2021-07-28 18:40:14] - Attribute (`userCourseSet`)  - enhanced for lazy-loading? - false
[2021-07-28 18:40:14] - Done materializing entity [com.anu.springunijpa.entity.UserCourse#component[courseId,userId]{courseId=c1, userId=7}]
[2021-07-28 18:40:14] - Resolving attributes for [com.anu.springunijpa.entity.Course#c1]
[2021-07-28 18:40:14] - Processing attribute `courseLeader` : value = Mr.Java
[2021-07-28 18:40:14] - Attribute (`courseLeader`)  - enhanced for lazy-loading? - false
[2021-07-28 18:40:14] - Processing attribute `courseName` : value = java
[2021-07-28 18:40:14] - Attribute (`courseName`)  - enhanced for lazy-loading? - false
[2021-07-28 18:40:14] - Processing attribute `userCourseSet` : value = NOT NULL COLLECTION
[2021-07-28 18:40:14] - Attribute (`userCourseSet`)  - enhanced for lazy-loading? - false
[2021-07-28 18:40:14] - Done materializing entity [com.anu.springunijpa.entity.Course#c1]
[2021-07-28 18:40:14] - Resolving attributes for [com.anu.springunijpa.entity.UserCourse#component[courseId,userId]{courseId=c3, userId=7}]
[2021-07-28 18:40:14] - Processing attribute `course` : value = c3
[2021-07-28 18:40:14] - Attribute (`course`)  - enhanced for lazy-loading? - false
[2021-07-28 18:40:14] - Processing attribute `user` : value = 7
[2021-07-28 18:40:14] - Attribute (`user`)  - enhanced for lazy-loading? - false
[2021-07-28 18:40:14] - Processing attribute `userCourseSet` : value = null
[2021-07-28 18:40:14] - Attribute (`userCourseSet`)  - enhanced for lazy-loading? - false
[2021-07-28 18:40:14] - Done materializing entity [com.anu.springunijpa.entity.UserCourse#component[courseId,userId]{courseId=c3, userId=7}]
[2021-07-28 18:40:14] - Resolving attributes for [com.anu.springunijpa.entity.Course#c3]
[2021-07-28 18:40:14] - Processing attribute `courseLeader` : value = Mr.React
[2021-07-28 18:40:14] - Attribute (`courseLeader`)  - enhanced for lazy-loading? - false
[2021-07-28 18:40:14] - Processing attribute `courseName` : value = react
[2021-07-28 18:40:14] - Attribute (`courseName`)  - enhanced for lazy-loading? - false
[2021-07-28 18:40:14] - Processing attribute `userCourseSet` : value = NOT NULL COLLECTION
[2021-07-28 18:40:14] - Attribute (`userCourseSet`)  - enhanced for lazy-loading? - false
[2021-07-28 18:40:14] - Done materializing entity [com.anu.springunijpa.entity.Course#c3]
[2021-07-28 18:40:14] - 1 collections were found in result set for role: com.anu.springunijpa.entity.User.userCourseSet
[2021-07-28 18:40:14] - Collection fully initialized: [com.anu.springunijpa.entity.User.userCourseSet#7]
[2021-07-28 18:40:14] - 1 collections initialized for role: com.anu.springunijpa.entity.User.userCourseSet
[2021-07-28 18:40:14] - Done loading collection
[2021-07-28 18:40:14] - Loading collection: [com.anu.springunijpa.entity.User.userCourseSet#8]
[2021-07-28 18:40:14] - select usercourse0_.user_id as user_id2_2_0_, usercourse0_.course_id as course_i1_2_0_, usercourse0_.course_id as course_i1_2_1_, usercourse0_.user_id as user_id2_2_1_, usercourse0_.user_course_set as user_cou3_2_1_, course1_.course_id as course_i1_0_2_, course1_.course_leader as course_l2_0_2_, course1_.course_name as course_n3_0_2_ from user_course usercourse0_ inner join course course1_ on usercourse0_.course_id=course1_.course_id where usercourse0_.user_id=?
[2021-07-28 18:40:14] - Preparing collection initializer : [com.anu.springunijpa.entity.User.userCourseSet#8]
[2021-07-28 18:40:14] - Found row of collection: [com.anu.springunijpa.entity.User.userCourseSet#8]
[2021-07-28 18:40:14] - Found row of collection: [com.anu.springunijpa.entity.User.userCourseSet#8]
[2021-07-28 18:40:14] - Resolving attributes for [com.anu.springunijpa.entity.UserCourse#component[courseId,userId]{courseId=c2, userId=8}]
[2021-07-28 18:40:14] - Processing attribute `course` : value = c2
[2021-07-28 18:40:14] - Attribute (`course`)  - enhanced for lazy-loading? - false
[2021-07-28 18:40:14] - Processing attribute `user` : value = 8
[2021-07-28 18:40:14] - Attribute (`user`)  - enhanced for lazy-loading? - false
[2021-07-28 18:40:14] - Processing attribute `userCourseSet` : value = null
[2021-07-28 18:40:14] - Attribute (`userCourseSet`)  - enhanced for lazy-loading? - false
[2021-07-28 18:40:14] - Done materializing entity [com.anu.springunijpa.entity.UserCourse#component[courseId,userId]{courseId=c2, userId=8}]
[2021-07-28 18:40:14] - Resolving attributes for [com.anu.springunijpa.entity.Course#c2]
[2021-07-28 18:40:14] - Processing attribute `courseLeader` : value = Mr.Python
[2021-07-28 18:40:14] - Attribute (`courseLeader`)  - enhanced for lazy-loading? - false
[2021-07-28 18:40:14] - Processing attribute `courseName` : value = python
[2021-07-28 18:40:14] - Attribute (`courseName`)  - enhanced for lazy-loading? - false
[2021-07-28 18:40:14] - Processing attribute `userCourseSet` : value = NOT NULL COLLECTION
[2021-07-28 18:40:14] - Attribute (`userCourseSet`)  - enhanced for lazy-loading? - false
[2021-07-28 18:40:14] - Done materializing entity [com.anu.springunijpa.entity.Course#c2]
[2021-07-28 18:40:14] - Resolving attributes for [com.anu.springunijpa.entity.UserCourse#component[courseId,userId]{courseId=c3, userId=8}]
[2021-07-28 18:40:14] - Processing attribute `course` : value = c3
[2021-07-28 18:40:14] - Attribute (`course`)  - enhanced for lazy-loading? - false
[2021-07-28 18:40:14] - Processing attribute `user` : value = 8
[2021-07-28 18:40:14] - Attribute (`user`)  - enhanced for lazy-loading? - false
[2021-07-28 18:40:14] - Processing attribute `userCourseSet` : value = null
[2021-07-28 18:40:14] - Attribute (`userCourseSet`)  - enhanced for lazy-loading? - false
[2021-07-28 18:40:14] - Done materializing entity [com.anu.springunijpa.entity.UserCourse#component[courseId,userId]{courseId=c3, userId=8}]
[2021-07-28 18:40:14] - 1 collections were found in result set for role: com.anu.springunijpa.entity.User.userCourseSet
[2021-07-28 18:40:14] - Collection fully initialized: [com.anu.springunijpa.entity.User.userCourseSet#8]
[2021-07-28 18:40:14] - 1 collections initialized for role: com.anu.springunijpa.entity.User.userCourseSet
[2021-07-28 18:40:14] - Done loading collection
[2021-07-28 18:40:14] - Loading collection: [com.anu.springunijpa.entity.User.userCourseSet#9]
